{
  "stats": {
    "suites": 12,
    "tests": 41,
    "passes": 23,
    "pending": 0,
    "failures": 18,
    "start": "2021-07-09T19:00:52.540Z",
    "end": "2021-07-09T19:02:39.459Z",
    "duration": 106919,
    "testsRegistered": 41,
    "passPercent": 56.09756097560976,
    "pendingPercent": 0,
    "other": 0,
    "hasOther": false,
    "skipped": 0,
    "hasSkipped": false
  },
  "results": [
    {
      "uuid": "ebad8bc0-d43e-491d-81db-0ed070cd5d4f",
      "title": "",
      "fullFile": "cypress/integration/project.spec.js",
      "file": "cypress/integration/project.spec.js",
      "beforeHooks": [],
      "afterHooks": [],
      "tests": [],
      "suites": [
        {
          "uuid": "c88b99b3-73b8-47b8-9c76-488d3778842e",
          "title": "1 - Adicione à página o título \"Paleta de Cores\".",
          "fullFile": "",
          "file": "",
          "beforeHooks": [],
          "afterHooks": [],
          "tests": [
            {
              "title": "Verifica se contém um elemento `h1` com o id `title` com o título correto",
              "fullTitle": "1 - Adicione à página o título \"Paleta de Cores\". Verifica se contém um elemento `h1` com o id `title` com o título correto",
              "timedOut": null,
              "duration": 337,
              "state": "passed",
              "speed": "slow",
              "pass": true,
              "fail": false,
              "pending": false,
              "context": null,
              "code": "cy.get('h1#title').should('contain.text', 'Paleta de Cores');",
              "err": {},
              "uuid": "8d760a49-685f-4d1e-8a5d-ae8750d0a347",
              "parentUUID": "c88b99b3-73b8-47b8-9c76-488d3778842e",
              "isHook": false,
              "skipped": false
            }
          ],
          "suites": [],
          "passes": [
            "8d760a49-685f-4d1e-8a5d-ae8750d0a347"
          ],
          "failures": [],
          "pending": [],
          "skipped": [],
          "duration": 337,
          "root": false,
          "rootEmpty": false,
          "_timeout": 2000
        },
        {
          "uuid": "f3f6a130-d814-48e9-bca3-1bde6cf200e1",
          "title": "2 - Adicione à página uma paleta de quatro cores distintas.",
          "fullFile": "",
          "file": "",
          "beforeHooks": [],
          "afterHooks": [],
          "tests": [
            {
              "title": "A paleta de cores deve ser um elemento com `id` denominado `color-palette`",
              "fullTitle": "2 - Adicione à página uma paleta de quatro cores distintas. A paleta de cores deve ser um elemento com `id` denominado `color-palette`",
              "timedOut": null,
              "duration": 250,
              "state": "passed",
              "speed": "slow",
              "pass": true,
              "fail": false,
              "pending": false,
              "context": null,
              "code": "cy.get('#color-palette').should('be.visible');",
              "err": {},
              "uuid": "cff35a49-fcce-4c8f-be79-f39cd1fc53f2",
              "parentUUID": "f3f6a130-d814-48e9-bca3-1bde6cf200e1",
              "isHook": false,
              "skipped": false
            },
            {
              "title": "Verifica se cada cor individual da paleta de cores possui a `classe` chamada `color`.",
              "fullTitle": "2 - Adicione à página uma paleta de quatro cores distintas. Verifica se cada cor individual da paleta de cores possui a `classe` chamada `color`.",
              "timedOut": null,
              "duration": 343,
              "state": "passed",
              "speed": "slow",
              "pass": true,
              "fail": false,
              "pending": false,
              "context": null,
              "code": "cy.get('.color').should('have.length', 4).then(function (colors) {\n  for (var i = 0; i < colors.length; i++) {\n    cy.wrap(colors[i]).should('be.visible');\n  }\n});",
              "err": {},
              "uuid": "9afeabca-42eb-45f1-8560-7fd5273f07c6",
              "parentUUID": "f3f6a130-d814-48e9-bca3-1bde6cf200e1",
              "isHook": false,
              "skipped": false
            },
            {
              "title": "Verifica se a cor de fundo de cada elemento da paleta é a cor que o elemento representa. **A única cor não permitida na paleta é a cor branca.**",
              "fullTitle": "2 - Adicione à página uma paleta de quatro cores distintas. Verifica se a cor de fundo de cada elemento da paleta é a cor que o elemento representa. **A única cor não permitida na paleta é a cor branca.**",
              "timedOut": null,
              "duration": 295,
              "state": "passed",
              "speed": "slow",
              "pass": true,
              "fail": false,
              "pending": false,
              "context": null,
              "code": "cy.get('.color').each(function (color) {\n  cy.wrap(color).should('have.class', 'color').and('not.have.css', 'background-color', WHITE);\n  cy.wrap(color).should('have.css', 'background-color');\n});",
              "err": {},
              "uuid": "ceae2618-a209-4c5d-a708-d078463bda74",
              "parentUUID": "f3f6a130-d814-48e9-bca3-1bde6cf200e1",
              "isHook": false,
              "skipped": false
            },
            {
              "title": "Verifica se cada elemento da paleta de cores tem uma borda preta, sólida e com 1 pixel de largura;",
              "fullTitle": "2 - Adicione à página uma paleta de quatro cores distintas. Verifica se cada elemento da paleta de cores tem uma borda preta, sólida e com 1 pixel de largura;",
              "timedOut": null,
              "duration": 196,
              "state": "passed",
              "speed": "slow",
              "pass": true,
              "fail": false,
              "pending": false,
              "context": null,
              "code": "cy.get('.color').each(function (color) {\n  cy.wrap(color).and('have.css', 'border', \"1px solid \".concat(BLACK)).and('have.class', 'color');\n});",
              "err": {},
              "uuid": "e2dff53e-e7bc-4241-aa4a-89ed1ac78b79",
              "parentUUID": "f3f6a130-d814-48e9-bca3-1bde6cf200e1",
              "isHook": false,
              "skipped": false
            },
            {
              "title": "Verifica se a paleta lista todas as cores disponíveis para utilização, lado a lado.",
              "fullTitle": "2 - Adicione à página uma paleta de quatro cores distintas. Verifica se a paleta lista todas as cores disponíveis para utilização, lado a lado.",
              "timedOut": null,
              "duration": 142,
              "state": "passed",
              "speed": "slow",
              "pass": true,
              "fail": false,
              "pending": false,
              "context": null,
              "code": "cy.get('.color').then(function (colors) {\n  for (var index = 1; index < colors.length; index += 1) {\n    var currentColor = colors[index];\n    var previousColor = colors[index - 1];\n    cy.wrap(currentColor).should('be.onTheRightOf', previousColor).and('be.horizontallyAlignedWith', previousColor);\n  }\n});",
              "err": {},
              "uuid": "aee71571-d63a-4b8a-9d46-581f26fe12c1",
              "parentUUID": "f3f6a130-d814-48e9-bca3-1bde6cf200e1",
              "isHook": false,
              "skipped": false
            },
            {
              "title": "Verifica se a paleta de cores está posicionada abaixo do título 'Paleta de Cores'",
              "fullTitle": "2 - Adicione à página uma paleta de quatro cores distintas. Verifica se a paleta de cores está posicionada abaixo do título 'Paleta de Cores'",
              "timedOut": null,
              "duration": 164,
              "state": "passed",
              "speed": "slow",
              "pass": true,
              "fail": false,
              "pending": false,
              "context": null,
              "code": "cy.get('h1#title').then(function (title) {\n  cy.get('#color-palette').should('be.belowOf', title);\n});",
              "err": {},
              "uuid": "f51ddfae-2c63-4ebe-af13-516b29bb2cac",
              "parentUUID": "f3f6a130-d814-48e9-bca3-1bde6cf200e1",
              "isHook": false,
              "skipped": false
            },
            {
              "title": "Verifica se a paleta de cores não contém cores repetidas.",
              "fullTitle": "2 - Adicione à página uma paleta de quatro cores distintas. Verifica se a paleta de cores não contém cores repetidas.",
              "timedOut": null,
              "duration": 118,
              "state": "passed",
              "speed": "slow",
              "pass": true,
              "fail": false,
              "pending": false,
              "context": null,
              "code": "cy.get('.color').then(function (colors) {\n  var allColors = Array.from(colors).map(function (color) {\n    return Cypress.$(color).css('background-color');\n  });\n  cy.log(allColors);\n  var uniqColors = (0, _toConsumableArray2[\"default\"])(new Set(allColors));\n  cy.log(uniqColors);\n  expect(allColors.length).to.eq(uniqColors.length);\n});",
              "err": {},
              "uuid": "ffae2088-f1d1-4a28-9645-7b2f05dc7d4c",
              "parentUUID": "f3f6a130-d814-48e9-bca3-1bde6cf200e1",
              "isHook": false,
              "skipped": false
            }
          ],
          "suites": [],
          "passes": [
            "cff35a49-fcce-4c8f-be79-f39cd1fc53f2",
            "9afeabca-42eb-45f1-8560-7fd5273f07c6",
            "ceae2618-a209-4c5d-a708-d078463bda74",
            "e2dff53e-e7bc-4241-aa4a-89ed1ac78b79",
            "aee71571-d63a-4b8a-9d46-581f26fe12c1",
            "f51ddfae-2c63-4ebe-af13-516b29bb2cac",
            "ffae2088-f1d1-4a28-9645-7b2f05dc7d4c"
          ],
          "failures": [],
          "pending": [],
          "skipped": [],
          "duration": 1508,
          "root": false,
          "rootEmpty": false,
          "_timeout": 2000
        },
        {
          "uuid": "b7bff43f-3ad3-4b05-9977-30e807ce5f50",
          "title": "3 - Adicione a cor **preta** como a primeira cor da paleta de cores.",
          "fullFile": "",
          "file": "",
          "beforeHooks": [],
          "afterHooks": [],
          "tests": [
            {
              "title": "Verifica se a primeira cor da paleta é preta",
              "fullTitle": "3 - Adicione a cor **preta** como a primeira cor da paleta de cores. Verifica se a primeira cor da paleta é preta",
              "timedOut": null,
              "duration": 190,
              "state": "passed",
              "speed": "slow",
              "pass": true,
              "fail": false,
              "pending": false,
              "context": null,
              "code": "cy.get('.color').first().should('have.css', 'background-color', BLACK);",
              "err": {},
              "uuid": "36968d85-e6d2-4cd3-9da4-dfa00d3b1f64",
              "parentUUID": "b7bff43f-3ad3-4b05-9977-30e807ce5f50",
              "isHook": false,
              "skipped": false
            },
            {
              "title": "Verifica se as demais cores podem ser escolhidas livremente.",
              "fullTitle": "3 - Adicione a cor **preta** como a primeira cor da paleta de cores. Verifica se as demais cores podem ser escolhidas livremente.",
              "timedOut": null,
              "duration": 283,
              "state": "passed",
              "speed": "slow",
              "pass": true,
              "fail": false,
              "pending": false,
              "context": null,
              "code": "cy.get('.color').eq(1).should('not.have.css', 'background-color', BLACK);\ncy.get('.color').eq(1).should('not.have.css', 'background-color', WHITE);\ncy.get('.color').eq(1).should('not.have.css', 'background-color', 'rgba(0, 0, 0, 0)');\ncy.get('.color').eq(1).should('have.css', 'background-color');\ncy.get('.color').eq(2).should('not.have.css', 'background-color', BLACK);\ncy.get('.color').eq(2).should('not.have.css', 'background-color', WHITE);\ncy.get('.color').eq(2).should('not.have.css', 'background-color', 'rgba(0, 0, 0, 0)');\ncy.get('.color').eq(2).should('have.css', 'background-color');\ncy.get('.color').eq(3).should('not.have.css', 'background-color', BLACK);\ncy.get('.color').eq(3).should('not.have.css', 'background-color', WHITE);\ncy.get('.color').eq(3).should('not.have.css', 'background-color', 'rgba(0, 0, 0, 0)');\ncy.get('.color').eq(3).should('have.css', 'background-color');",
              "err": {},
              "uuid": "6e47236c-3255-480f-847f-644ecfd43b6d",
              "parentUUID": "b7bff43f-3ad3-4b05-9977-30e807ce5f50",
              "isHook": false,
              "skipped": false
            }
          ],
          "suites": [],
          "passes": [
            "36968d85-e6d2-4cd3-9da4-dfa00d3b1f64",
            "6e47236c-3255-480f-847f-644ecfd43b6d"
          ],
          "failures": [],
          "pending": [],
          "skipped": [],
          "duration": 473,
          "root": false,
          "rootEmpty": false,
          "_timeout": 2000
        },
        {
          "uuid": "db92dd99-7349-408b-b086-d050a6651e85",
          "title": "4 - Adicione à página um quadro de pixels, com 25 pixels.",
          "fullFile": "",
          "file": "",
          "beforeHooks": [],
          "afterHooks": [],
          "tests": [
            {
              "title": "Verifica se o quadro de pixels possui o `id` denominado `pixel-board`",
              "fullTitle": "4 - Adicione à página um quadro de pixels, com 25 pixels. Verifica se o quadro de pixels possui o `id` denominado `pixel-board`",
              "timedOut": null,
              "duration": 124,
              "state": "passed",
              "speed": "slow",
              "pass": true,
              "fail": false,
              "pending": false,
              "context": null,
              "code": "cy.get('#pixel-board').should('be.visible');",
              "err": {},
              "uuid": "7b081b57-8427-4bb8-8674-b37645315eff",
              "parentUUID": "db92dd99-7349-408b-b086-d050a6651e85",
              "isHook": false,
              "skipped": false
            },
            {
              "title": "Verifica se cada pixel individual dentro do quadro possui a `classe` denominada `pixel`.",
              "fullTitle": "4 - Adicione à página um quadro de pixels, com 25 pixels. Verifica se cada pixel individual dentro do quadro possui a `classe` denominada `pixel`.",
              "timedOut": null,
              "duration": 211,
              "state": "passed",
              "speed": "slow",
              "pass": true,
              "fail": false,
              "pending": false,
              "context": null,
              "code": "cy.get('.pixel').should('have.length', 25);",
              "err": {},
              "uuid": "1125c2a0-592f-499c-85de-7a02086f5748",
              "parentUUID": "db92dd99-7349-408b-b086-d050a6651e85",
              "isHook": false,
              "skipped": false
            },
            {
              "title": "Verifica se a cor inicial dos pixels dentro do quadro, ao abrir a página, é branca.",
              "fullTitle": "4 - Adicione à página um quadro de pixels, com 25 pixels. Verifica se a cor inicial dos pixels dentro do quadro, ao abrir a página, é branca.",
              "timedOut": null,
              "duration": 309,
              "state": "passed",
              "speed": "slow",
              "pass": true,
              "fail": false,
              "pending": false,
              "context": null,
              "code": "cy.get('.pixel').should('have.length', 25).each(function (pixel) {\n  expect(pixel).to.have.css('background-color', WHITE);\n});",
              "err": {},
              "uuid": "55c2f616-4148-4d7e-a143-f7440343c219",
              "parentUUID": "db92dd99-7349-408b-b086-d050a6651e85",
              "isHook": false,
              "skipped": false
            },
            {
              "title": "Verifica se o quadro de pixels aparece abaixo da paleta de cores",
              "fullTitle": "4 - Adicione à página um quadro de pixels, com 25 pixels. Verifica se o quadro de pixels aparece abaixo da paleta de cores",
              "timedOut": null,
              "duration": 144,
              "state": "passed",
              "speed": "slow",
              "pass": true,
              "fail": false,
              "pending": false,
              "context": null,
              "code": "cy.get('#color-palette').then(function (palette) {\n  cy.get('#pixel-board').should('be.belowOf', palette);\n});",
              "err": {},
              "uuid": "b6ebdcae-4a06-421c-b10a-605c1f1f52a3",
              "parentUUID": "db92dd99-7349-408b-b086-d050a6651e85",
              "isHook": false,
              "skipped": false
            }
          ],
          "suites": [],
          "passes": [
            "7b081b57-8427-4bb8-8674-b37645315eff",
            "1125c2a0-592f-499c-85de-7a02086f5748",
            "55c2f616-4148-4d7e-a143-f7440343c219",
            "b6ebdcae-4a06-421c-b10a-605c1f1f52a3"
          ],
          "failures": [],
          "pending": [],
          "skipped": [],
          "duration": 788,
          "root": false,
          "rootEmpty": false,
          "_timeout": 2000
        },
        {
          "uuid": "e6721c62-26f0-4aba-903f-127fbf31f8cb",
          "title": "5 - Faça com que cada elemento do quadro de pixels possua 40 pixels de largura, 40 pixels de altura e seja delimitado por uma borda preta de 1 pixel.",
          "fullFile": "",
          "file": "",
          "beforeHooks": [],
          "afterHooks": [],
          "tests": [
            {
              "title": "Verifica se o quadro de pixels tem altura e comprimento de 5 elementos",
              "fullTitle": "5 - Faça com que cada elemento do quadro de pixels possua 40 pixels de largura, 40 pixels de altura e seja delimitado por uma borda preta de 1 pixel. Verifica se o quadro de pixels tem altura e comprimento de 5 elementos",
              "timedOut": null,
              "duration": 494,
              "state": "passed",
              "speed": "slow",
              "pass": true,
              "fail": false,
              "pending": false,
              "context": null,
              "code": "cy.get('.pixel').should('have.length', 25).each(function (pixel) {\n  expect(pixel).to.have.css('background-color', WHITE);\n}).and(function (pixels) {\n  var rows = chunk(pixels, 5);\n  rows.forEach(function (row) {\n    for (var index = 1; index < row.length; index += 1) {\n      var current = pixels[index];\n      var previous = pixels[index - 1];\n      cy.wrap(current).should('be.onTheRightOf', previous).and('be.horizontallyAlignedWith', previous);\n    }\n  });\n  for (var index = 1; index < 5; index += 1) {\n    expect(pixels[index * 5]).to.be.belowOf(pixels[(index - 1) * 5]);\n  }\n});",
              "err": {},
              "uuid": "c0d3cfad-bbb2-44e8-a748-035eaf619294",
              "parentUUID": "e6721c62-26f0-4aba-903f-127fbf31f8cb",
              "isHook": false,
              "skipped": false
            },
            {
              "title": "Verifica se 40 pixels é o tamanho total do elemento, incluindo seu conteúdo e excluindo a borda preta, que deve ser criada à parte.",
              "fullTitle": "5 - Faça com que cada elemento do quadro de pixels possua 40 pixels de largura, 40 pixels de altura e seja delimitado por uma borda preta de 1 pixel. Verifica se 40 pixels é o tamanho total do elemento, incluindo seu conteúdo e excluindo a borda preta, que deve ser criada à parte.",
              "timedOut": null,
              "duration": 481,
              "state": "passed",
              "speed": "slow",
              "pass": true,
              "fail": false,
              "pending": false,
              "context": null,
              "code": "cy.get('.pixel').each(function (pixel) {\n  cy.wrap(pixel).should('have.css', 'height', '40px').and('have.css', 'width', '40px').and('have.css', 'border', \"1px solid \".concat(BLACK));\n});",
              "err": {},
              "uuid": "2ebb4efd-3bef-41ad-abc1-4df529b9abf4",
              "parentUUID": "e6721c62-26f0-4aba-903f-127fbf31f8cb",
              "isHook": false,
              "skipped": false
            }
          ],
          "suites": [],
          "passes": [
            "c0d3cfad-bbb2-44e8-a748-035eaf619294",
            "2ebb4efd-3bef-41ad-abc1-4df529b9abf4"
          ],
          "failures": [],
          "pending": [],
          "skipped": [],
          "duration": 975,
          "root": false,
          "rootEmpty": false,
          "_timeout": 2000
        },
        {
          "uuid": "4daa9530-6170-4469-a2e6-a76969bfaa9c",
          "title": "6 - Defina a cor preta como cor inicial. Ao carregar a página a cor preta já deve estar selecionada para pintar os pixels",
          "fullFile": "",
          "file": "",
          "beforeHooks": [],
          "afterHooks": [],
          "tests": [
            {
              "title": "Verifica se o elemento da cor preta possui, inicialmente, a `classe` `selected`",
              "fullTitle": "6 - Defina a cor preta como cor inicial. Ao carregar a página a cor preta já deve estar selecionada para pintar os pixels Verifica se o elemento da cor preta possui, inicialmente, a `classe` `selected`",
              "timedOut": null,
              "duration": 196,
              "state": "passed",
              "speed": "slow",
              "pass": true,
              "fail": false,
              "pending": false,
              "context": null,
              "code": "cy.get('.selected').first().should('have.css', 'background-color', BLACK);",
              "err": {},
              "uuid": "3383184b-f2e9-4ec6-91f6-95f5a9c055bb",
              "parentUUID": "4daa9530-6170-4469-a2e6-a76969bfaa9c",
              "isHook": false,
              "skipped": false
            },
            {
              "title": "Verifica se nenhuma outra cor da paleta tem a `classe` `selected`",
              "fullTitle": "6 - Defina a cor preta como cor inicial. Ao carregar a página a cor preta já deve estar selecionada para pintar os pixels Verifica se nenhuma outra cor da paleta tem a `classe` `selected`",
              "timedOut": null,
              "duration": 142,
              "state": "passed",
              "speed": "slow",
              "pass": true,
              "fail": false,
              "pending": false,
              "context": null,
              "code": "cy.get('.color:not(:first-child)').each(function (color) {\n  cy.wrap(color).should('not.have.class', 'selected');\n});",
              "err": {},
              "uuid": "bb6250d2-8d6a-443d-9f23-4433b4df39af",
              "parentUUID": "4daa9530-6170-4469-a2e6-a76969bfaa9c",
              "isHook": false,
              "skipped": false
            }
          ],
          "suites": [],
          "passes": [
            "3383184b-f2e9-4ec6-91f6-95f5a9c055bb",
            "bb6250d2-8d6a-443d-9f23-4433b4df39af"
          ],
          "failures": [],
          "pending": [],
          "skipped": [],
          "duration": 338,
          "root": false,
          "rootEmpty": false,
          "_timeout": 2000
        },
        {
          "uuid": "4ac5ccea-e16a-44c6-aee6-2111141a2efb",
          "title": "7 - Clicar em uma das cores da paleta, faz com que ela seja selecionada e utilizada para preencher os pixels no quadro.",
          "fullFile": "",
          "file": "",
          "beforeHooks": [],
          "afterHooks": [],
          "tests": [
            {
              "title": "Verifica se somente uma cor da paleta de cores tem a classe `selected` de cada vez",
              "fullTitle": "7 - Clicar em uma das cores da paleta, faz com que ela seja selecionada e utilizada para preencher os pixels no quadro. Verifica se somente uma cor da paleta de cores tem a classe `selected` de cada vez",
              "timedOut": null,
              "duration": 553,
              "state": "passed",
              "speed": "slow",
              "pass": true,
              "fail": false,
              "pending": false,
              "context": null,
              "code": "cy.get('.color').each(function (selectedColor, selectedColorIndex) {\n  cy.wrap(selectedColor).click();\n  cy.get('.color').each(function (color, colorIndex) {\n    if (colorIndex === selectedColorIndex) {\n      expect(color).to.have[\"class\"]('selected');\n    } else {\n      expect(color).not.to.have[\"class\"]('selected');\n    }\n  });\n});",
              "err": {},
              "uuid": "7ac79d1c-0ab6-4798-8ce2-d18c02e586ed",
              "parentUUID": "4ac5ccea-e16a-44c6-aee6-2111141a2efb",
              "isHook": false,
              "skipped": false
            },
            {
              "title": "Verifica se os pixels dentro do quadro não têm a classe `selected` quando são clicados",
              "fullTitle": "7 - Clicar em uma das cores da paleta, faz com que ela seja selecionada e utilizada para preencher os pixels no quadro. Verifica se os pixels dentro do quadro não têm a classe `selected` quando são clicados",
              "timedOut": null,
              "duration": 9476,
              "state": "passed",
              "speed": "slow",
              "pass": true,
              "fail": false,
              "pending": false,
              "context": null,
              "code": "cy.get('.color').each(function (color) {\n  var backgroundColor = color.css('background-color');\n  cy.wrap(color).click();\n  cy.get('.pixel').each(function (pixel) {\n    cy.wrap(pixel).click().should('not.have.class', 'selected');\n  });\n});",
              "err": {},
              "uuid": "6d778d7c-d954-483f-8ba4-75ec61ca5b66",
              "parentUUID": "4ac5ccea-e16a-44c6-aee6-2111141a2efb",
              "isHook": false,
              "skipped": false
            }
          ],
          "suites": [],
          "passes": [
            "7ac79d1c-0ab6-4798-8ce2-d18c02e586ed",
            "6d778d7c-d954-483f-8ba4-75ec61ca5b66"
          ],
          "failures": [],
          "pending": [],
          "skipped": [],
          "duration": 10029,
          "root": false,
          "rootEmpty": false,
          "_timeout": 2000
        },
        {
          "uuid": "6fdafd1d-5005-4580-9d5b-b1910be3e747",
          "title": "8 - Clicar em um pixel dentro do quadro após selecionar uma cor na paleta, faz com que o pixel seja preenchido com a cor selecionada.",
          "fullFile": "",
          "file": "",
          "beforeHooks": [],
          "afterHooks": [],
          "tests": [
            {
              "title": "Verifica se ao carregar a página deve ser possível pintar os pixels de preto",
              "fullTitle": "8 - Clicar em um pixel dentro do quadro após selecionar uma cor na paleta, faz com que o pixel seja preenchido com a cor selecionada. Verifica se ao carregar a página deve ser possível pintar os pixels de preto",
              "timedOut": null,
              "duration": 2498,
              "state": "passed",
              "speed": "slow",
              "pass": true,
              "fail": false,
              "pending": false,
              "context": null,
              "code": "cy.get('.pixel').each(function (pixel) {\n  cy.wrap(pixel).click().should('have.css', 'background-color', BLACK);\n});",
              "err": {},
              "uuid": "0157388f-b8f2-4cf7-8829-c13e93b6551e",
              "parentUUID": "6fdafd1d-5005-4580-9d5b-b1910be3e747",
              "isHook": false,
              "skipped": false
            },
            {
              "title": "Verifica se após selecionar uma outra cor na paleta, é possível pintar os pixels com essa cor",
              "fullTitle": "8 - Clicar em um pixel dentro do quadro após selecionar uma cor na paleta, faz com que o pixel seja preenchido com a cor selecionada. Verifica se após selecionar uma outra cor na paleta, é possível pintar os pixels com essa cor",
              "timedOut": null,
              "duration": 9397,
              "state": "passed",
              "speed": "slow",
              "pass": true,
              "fail": false,
              "pending": false,
              "context": null,
              "code": "cy.get('.color').each(function (color) {\n  var backgroundColor = color.css('background-color');\n  cy.wrap(color).click();\n  cy.get('.pixel').each(function (pixel) {\n    cy.wrap(pixel).click().should('have.css', 'background-color', backgroundColor);\n  });\n});",
              "err": {},
              "uuid": "658fea9a-d5d8-488e-b14f-96fd1b492fbd",
              "parentUUID": "6fdafd1d-5005-4580-9d5b-b1910be3e747",
              "isHook": false,
              "skipped": false
            },
            {
              "title": "Verifica se somente o pixel que foi clicado foi preenchido com a cor selecionada, sem influenciar na cor dos demais pixels.",
              "fullTitle": "8 - Clicar em um pixel dentro do quadro após selecionar uma cor na paleta, faz com que o pixel seja preenchido com a cor selecionada. Verifica se somente o pixel que foi clicado foi preenchido com a cor selecionada, sem influenciar na cor dos demais pixels.",
              "timedOut": null,
              "duration": 2470,
              "state": "passed",
              "speed": "slow",
              "pass": true,
              "fail": false,
              "pending": false,
              "context": null,
              "code": "var colorToPixelIndexMap = {\n  0: 6,\n  1: 8,\n  2: 16,\n  3: 18\n};\ncy.get('.color').each(function (color, index) {\n  cy.wrap(color).click();\n  var backgroundColor = color.css('background-color');\n  var clickedPixelIndex = colorToPixelIndexMap[index];\n  cy.get('.pixel').eq(clickedPixelIndex).click();\n  cy.get('.pixel').eq(clickedPixelIndex - 1).should('not.have.css', 'background-color', backgroundColor);\n  cy.get('.pixel').eq(clickedPixelIndex + 1).should('not.have.css', 'background-color', backgroundColor);\n  cy.get('.pixel').eq(clickedPixelIndex - 5).should('not.have.css', 'background-color', backgroundColor);\n  cy.get('.pixel').eq(clickedPixelIndex + 5).should('not.have.css', 'background-color', backgroundColor);\n  cy.get('.pixel').eq(clickedPixelIndex - 6).should('not.have.css', 'background-color', backgroundColor);\n  cy.get('.pixel').eq(clickedPixelIndex - 4).should('not.have.css', 'background-color', backgroundColor);\n  cy.get('.pixel').eq(clickedPixelIndex + 4).should('not.have.css', 'background-color', backgroundColor);\n  cy.get('.pixel').eq(clickedPixelIndex + 6).should('not.have.css', 'background-color', backgroundColor);\n});",
              "err": {},
              "uuid": "e1ebec2f-b40c-4bc3-8dc5-dba07846558d",
              "parentUUID": "6fdafd1d-5005-4580-9d5b-b1910be3e747",
              "isHook": false,
              "skipped": false
            }
          ],
          "suites": [],
          "passes": [
            "0157388f-b8f2-4cf7-8829-c13e93b6551e",
            "658fea9a-d5d8-488e-b14f-96fd1b492fbd",
            "e1ebec2f-b40c-4bc3-8dc5-dba07846558d"
          ],
          "failures": [],
          "pending": [],
          "skipped": [],
          "duration": 14365,
          "root": false,
          "rootEmpty": false,
          "_timeout": 2000
        },
        {
          "uuid": "5f435aa5-a495-409e-8f52-7333d5d4dcb8",
          "title": "9 - Crie um botão que, ao ser clicado, limpa o quadro preenchendo a cor de todos seus pixels com branco.",
          "fullFile": "",
          "file": "",
          "beforeHooks": [],
          "afterHooks": [],
          "tests": [
            {
              "title": "Verifica se o botão tem o `id` denominado `clear-board`",
              "fullTitle": "9 - Crie um botão que, ao ser clicado, limpa o quadro preenchendo a cor de todos seus pixels com branco. Verifica se o botão tem o `id` denominado `clear-board`",
              "timedOut": null,
              "duration": 4482,
              "state": "failed",
              "speed": null,
              "pass": false,
              "fail": true,
              "pending": false,
              "context": null,
              "code": "cy.get('#clear-board').should('be.visible');",
              "err": {
                "message": "CypressError: Timed out retrying: Expected to find element: '#clear-board', but never found it.",
                "estack": "CypressError: Timed out retrying: Expected to find element: '#clear-board', but never found it.\n    at cypressErr (http://localhost:34241/__cypress/runner/cypress_runner.js:149934:9)\n    at throwErr (http://localhost:34241/__cypress/runner/cypress_runner.js:149867:11)\n    at Object.throwErrByPath (http://localhost:34241/__cypress/runner/cypress_runner.js:149915:3)\n    at retry (http://localhost:34241/__cypress/runner/cypress_runner.js:144197:19)\n    at onFailFn (http://localhost:34241/__cypress/runner/cypress_runner.js:132448:16)\n    at tryCatcher (http://localhost:34241/__cypress/runner/cypress_runner.js:167415:23)\n    at Promise._settlePromiseFromHandler (http://localhost:34241/__cypress/runner/cypress_runner.js:165351:31)\n    at Promise._settlePromise (http://localhost:34241/__cypress/runner/cypress_runner.js:165408:18)\n    at Promise._settlePromise0 (http://localhost:34241/__cypress/runner/cypress_runner.js:165453:10)\n    at Promise._settlePromises (http://localhost:34241/__cypress/runner/cypress_runner.js:165528:18)\n    at Async../node_modules/bluebird/js/release/async.js.Async._drainQueue (http://localhost:34241/__cypress/runner/cypress_runner.js:162140:16)\n    at Async../node_modules/bluebird/js/release/async.js.Async._drainQueues (http://localhost:34241/__cypress/runner/cypress_runner.js:162150:10)\n    at Async.drainQueues (http://localhost:34241/__cypress/runner/cypress_runner.js:162024:14)",
                "diff": null
              },
              "uuid": "58832fd8-0e0f-429e-a53f-53dc5bc9d6cd",
              "parentUUID": "5f435aa5-a495-409e-8f52-7333d5d4dcb8",
              "isHook": false,
              "skipped": false
            },
            {
              "title": "Verifica se o botão está posicionado entre a paleta de cores e o quadro de pixels",
              "fullTitle": "9 - Crie um botão que, ao ser clicado, limpa o quadro preenchendo a cor de todos seus pixels com branco. Verifica se o botão está posicionado entre a paleta de cores e o quadro de pixels",
              "timedOut": null,
              "duration": 4449,
              "state": "failed",
              "speed": null,
              "pass": false,
              "fail": true,
              "pending": false,
              "context": null,
              "code": "cy.get('#color-palette').then(function (palette) {\n  cy.get('#clear-board').should('be.belowOf', palette);\n});\ncy.get('#clear-board').then(function (clearBtn) {\n  cy.get('#pixel-board').should('be.belowOf', clearBtn);\n});",
              "err": {
                "message": "CypressError: Timed out retrying: Expected to find element: '#clear-board', but never found it.",
                "estack": "CypressError: Timed out retrying: Expected to find element: '#clear-board', but never found it.\n    at cypressErr (http://localhost:34241/__cypress/runner/cypress_runner.js:149934:9)\n    at throwErr (http://localhost:34241/__cypress/runner/cypress_runner.js:149867:11)\n    at Object.throwErrByPath (http://localhost:34241/__cypress/runner/cypress_runner.js:149915:3)\n    at retry (http://localhost:34241/__cypress/runner/cypress_runner.js:144197:19)\n    at onFailFn (http://localhost:34241/__cypress/runner/cypress_runner.js:132448:16)\n    at tryCatcher (http://localhost:34241/__cypress/runner/cypress_runner.js:167415:23)\n    at Promise._settlePromiseFromHandler (http://localhost:34241/__cypress/runner/cypress_runner.js:165351:31)\n    at Promise._settlePromise (http://localhost:34241/__cypress/runner/cypress_runner.js:165408:18)\n    at Promise._settlePromise0 (http://localhost:34241/__cypress/runner/cypress_runner.js:165453:10)\n    at Promise._settlePromises (http://localhost:34241/__cypress/runner/cypress_runner.js:165528:18)\n    at Async../node_modules/bluebird/js/release/async.js.Async._drainQueue (http://localhost:34241/__cypress/runner/cypress_runner.js:162140:16)\n    at Async../node_modules/bluebird/js/release/async.js.Async._drainQueues (http://localhost:34241/__cypress/runner/cypress_runner.js:162150:10)\n    at Async.drainQueues (http://localhost:34241/__cypress/runner/cypress_runner.js:162024:14)",
                "diff": null
              },
              "uuid": "b1de50d1-6d3d-49f0-8f42-a4621e175bdc",
              "parentUUID": "5f435aa5-a495-409e-8f52-7333d5d4dcb8",
              "isHook": false,
              "skipped": false
            },
            {
              "title": "Verifica se o texto do botão é 'Limpar'",
              "fullTitle": "9 - Crie um botão que, ao ser clicado, limpa o quadro preenchendo a cor de todos seus pixels com branco. Verifica se o texto do botão é 'Limpar'",
              "timedOut": null,
              "duration": 4459,
              "state": "failed",
              "speed": null,
              "pass": false,
              "fail": true,
              "pending": false,
              "context": null,
              "code": "cy.get('#clear-board').should('contain.text', 'Limpar');",
              "err": {
                "message": "CypressError: Timed out retrying: Expected to find element: '#clear-board', but never found it.",
                "estack": "CypressError: Timed out retrying: Expected to find element: '#clear-board', but never found it.\n    at cypressErr (http://localhost:34241/__cypress/runner/cypress_runner.js:149934:9)\n    at throwErr (http://localhost:34241/__cypress/runner/cypress_runner.js:149867:11)\n    at Object.throwErrByPath (http://localhost:34241/__cypress/runner/cypress_runner.js:149915:3)\n    at retry (http://localhost:34241/__cypress/runner/cypress_runner.js:144197:19)\n    at onFailFn (http://localhost:34241/__cypress/runner/cypress_runner.js:132448:16)\n    at tryCatcher (http://localhost:34241/__cypress/runner/cypress_runner.js:167415:23)\n    at Promise._settlePromiseFromHandler (http://localhost:34241/__cypress/runner/cypress_runner.js:165351:31)\n    at Promise._settlePromise (http://localhost:34241/__cypress/runner/cypress_runner.js:165408:18)\n    at Promise._settlePromise0 (http://localhost:34241/__cypress/runner/cypress_runner.js:165453:10)\n    at Promise._settlePromises (http://localhost:34241/__cypress/runner/cypress_runner.js:165528:18)\n    at Async../node_modules/bluebird/js/release/async.js.Async._drainQueue (http://localhost:34241/__cypress/runner/cypress_runner.js:162140:16)\n    at Async../node_modules/bluebird/js/release/async.js.Async._drainQueues (http://localhost:34241/__cypress/runner/cypress_runner.js:162150:10)\n    at Async.drainQueues (http://localhost:34241/__cypress/runner/cypress_runner.js:162024:14)",
                "diff": null
              },
              "uuid": "3d3527e7-55ab-4ac5-89c1-05f9a561836a",
              "parentUUID": "5f435aa5-a495-409e-8f52-7333d5d4dcb8",
              "isHook": false,
              "skipped": false
            },
            {
              "title": "Verifica se ao clicar no botão, o quadro de pixels é totalmente preenchido de branco",
              "fullTitle": "9 - Crie um botão que, ao ser clicado, limpa o quadro preenchendo a cor de todos seus pixels com branco. Verifica se ao clicar no botão, o quadro de pixels é totalmente preenchido de branco",
              "timedOut": null,
              "duration": 7032,
              "state": "failed",
              "speed": null,
              "pass": false,
              "fail": true,
              "pending": false,
              "context": null,
              "code": "cy.get('.color').eq(1).then(function (color) {\n  var backgroundColor = color.css('background-color');\n  cy.wrap(color).click();\n  cy.get('.pixel').each(function (pixel) {\n    cy.wrap(pixel).click().should('have.css', 'background-color', backgroundColor);\n  });\n});\ncy.get('#clear-board').click();\ncy.get('.pixel').each(function (pixel) {\n  cy.wrap(pixel).should('have.css', 'background-color', WHITE);\n});",
              "err": {
                "message": "CypressError: Timed out retrying: Expected to find element: '#clear-board', but never found it.",
                "estack": "CypressError: Timed out retrying: Expected to find element: '#clear-board', but never found it.\n    at cypressErr (http://localhost:34241/__cypress/runner/cypress_runner.js:149934:9)\n    at throwErr (http://localhost:34241/__cypress/runner/cypress_runner.js:149867:11)\n    at Object.throwErrByPath (http://localhost:34241/__cypress/runner/cypress_runner.js:149915:3)\n    at retry (http://localhost:34241/__cypress/runner/cypress_runner.js:144197:19)\n    at onFailFn (http://localhost:34241/__cypress/runner/cypress_runner.js:132448:16)\n    at tryCatcher (http://localhost:34241/__cypress/runner/cypress_runner.js:167415:23)\n    at Promise._settlePromiseFromHandler (http://localhost:34241/__cypress/runner/cypress_runner.js:165351:31)\n    at Promise._settlePromise (http://localhost:34241/__cypress/runner/cypress_runner.js:165408:18)\n    at Promise._settlePromise0 (http://localhost:34241/__cypress/runner/cypress_runner.js:165453:10)\n    at Promise._settlePromises (http://localhost:34241/__cypress/runner/cypress_runner.js:165528:18)\n    at Async../node_modules/bluebird/js/release/async.js.Async._drainQueue (http://localhost:34241/__cypress/runner/cypress_runner.js:162140:16)\n    at Async../node_modules/bluebird/js/release/async.js.Async._drainQueues (http://localhost:34241/__cypress/runner/cypress_runner.js:162150:10)\n    at Async.drainQueues (http://localhost:34241/__cypress/runner/cypress_runner.js:162024:14)",
                "diff": null
              },
              "uuid": "4976a533-5e0c-4090-b692-661c3bd431f0",
              "parentUUID": "5f435aa5-a495-409e-8f52-7333d5d4dcb8",
              "isHook": false,
              "skipped": false
            }
          ],
          "suites": [],
          "passes": [],
          "failures": [
            "58832fd8-0e0f-429e-a53f-53dc5bc9d6cd",
            "b1de50d1-6d3d-49f0-8f42-a4621e175bdc",
            "3d3527e7-55ab-4ac5-89c1-05f9a561836a",
            "4976a533-5e0c-4090-b692-661c3bd431f0"
          ],
          "pending": [],
          "skipped": [],
          "duration": 20422,
          "root": false,
          "rootEmpty": false,
          "_timeout": 2000
        },
        {
          "uuid": "45124a04-c909-4efd-8ea1-2c38d6543fe2",
          "title": "10 - Faça o quadro de pixels ter seu tamanho definido pelo usuário.",
          "fullFile": "",
          "file": "",
          "beforeHooks": [],
          "afterHooks": [],
          "tests": [
            {
              "title": "Verifica se existe um input com o id `board-size`",
              "fullTitle": "10 - Faça o quadro de pixels ter seu tamanho definido pelo usuário. Verifica se existe um input com o id `board-size`",
              "timedOut": null,
              "duration": 4550,
              "state": "failed",
              "speed": null,
              "pass": false,
              "fail": true,
              "pending": false,
              "context": null,
              "code": "cy.get('#board-size').should('be.visible');",
              "err": {
                "message": "CypressError: Timed out retrying: Expected to find element: '#board-size', but never found it.",
                "estack": "CypressError: Timed out retrying: Expected to find element: '#board-size', but never found it.\n    at cypressErr (http://localhost:34241/__cypress/runner/cypress_runner.js:149934:9)\n    at throwErr (http://localhost:34241/__cypress/runner/cypress_runner.js:149867:11)\n    at Object.throwErrByPath (http://localhost:34241/__cypress/runner/cypress_runner.js:149915:3)\n    at retry (http://localhost:34241/__cypress/runner/cypress_runner.js:144197:19)\n    at onFailFn (http://localhost:34241/__cypress/runner/cypress_runner.js:132448:16)\n    at tryCatcher (http://localhost:34241/__cypress/runner/cypress_runner.js:167415:23)\n    at Promise._settlePromiseFromHandler (http://localhost:34241/__cypress/runner/cypress_runner.js:165351:31)\n    at Promise._settlePromise (http://localhost:34241/__cypress/runner/cypress_runner.js:165408:18)\n    at Promise._settlePromise0 (http://localhost:34241/__cypress/runner/cypress_runner.js:165453:10)\n    at Promise._settlePromises (http://localhost:34241/__cypress/runner/cypress_runner.js:165528:18)\n    at Async../node_modules/bluebird/js/release/async.js.Async._drainQueue (http://localhost:34241/__cypress/runner/cypress_runner.js:162140:16)\n    at Async../node_modules/bluebird/js/release/async.js.Async._drainQueues (http://localhost:34241/__cypress/runner/cypress_runner.js:162150:10)\n    at Async.drainQueues (http://localhost:34241/__cypress/runner/cypress_runner.js:162024:14)",
                "diff": null
              },
              "uuid": "d3bc1bbd-8204-428a-8e16-58085a427a61",
              "parentUUID": "45124a04-c909-4efd-8ea1-2c38d6543fe2",
              "isHook": false,
              "skipped": false
            },
            {
              "title": "Verifica se existe um botão com o id `generate-board`",
              "fullTitle": "10 - Faça o quadro de pixels ter seu tamanho definido pelo usuário. Verifica se existe um botão com o id `generate-board`",
              "timedOut": null,
              "duration": 4561,
              "state": "failed",
              "speed": null,
              "pass": false,
              "fail": true,
              "pending": false,
              "context": null,
              "code": "cy.get('#generate-board').should('be.visible');",
              "err": {
                "message": "CypressError: Timed out retrying: Expected to find element: '#generate-board', but never found it.",
                "estack": "CypressError: Timed out retrying: Expected to find element: '#generate-board', but never found it.\n    at cypressErr (http://localhost:34241/__cypress/runner/cypress_runner.js:149934:9)\n    at throwErr (http://localhost:34241/__cypress/runner/cypress_runner.js:149867:11)\n    at Object.throwErrByPath (http://localhost:34241/__cypress/runner/cypress_runner.js:149915:3)\n    at retry (http://localhost:34241/__cypress/runner/cypress_runner.js:144197:19)\n    at onFailFn (http://localhost:34241/__cypress/runner/cypress_runner.js:132448:16)\n    at tryCatcher (http://localhost:34241/__cypress/runner/cypress_runner.js:167415:23)\n    at Promise._settlePromiseFromHandler (http://localhost:34241/__cypress/runner/cypress_runner.js:165351:31)\n    at Promise._settlePromise (http://localhost:34241/__cypress/runner/cypress_runner.js:165408:18)\n    at Promise._settlePromise0 (http://localhost:34241/__cypress/runner/cypress_runner.js:165453:10)\n    at Promise._settlePromises (http://localhost:34241/__cypress/runner/cypress_runner.js:165528:18)\n    at Async../node_modules/bluebird/js/release/async.js.Async._drainQueue (http://localhost:34241/__cypress/runner/cypress_runner.js:162140:16)\n    at Async../node_modules/bluebird/js/release/async.js.Async._drainQueues (http://localhost:34241/__cypress/runner/cypress_runner.js:162150:10)\n    at Async.drainQueues (http://localhost:34241/__cypress/runner/cypress_runner.js:162024:14)",
                "diff": null
              },
              "uuid": "350f9768-65af-4953-b4b0-b8b3f5fd0ec4",
              "parentUUID": "45124a04-c909-4efd-8ea1-2c38d6543fe2",
              "isHook": false,
              "skipped": false
            },
            {
              "title": "Verifica se o input só aceita número maiores que zero. Essa restrição deve ser feita usando os atributos do elemento `input`",
              "fullTitle": "10 - Faça o quadro de pixels ter seu tamanho definido pelo usuário. Verifica se o input só aceita número maiores que zero. Essa restrição deve ser feita usando os atributos do elemento `input`",
              "timedOut": null,
              "duration": 4490,
              "state": "failed",
              "speed": null,
              "pass": false,
              "fail": true,
              "pending": false,
              "context": null,
              "code": "cy.get('#board-size[type=\\'number\\'][min=\\'1\\']');",
              "err": {
                "message": "CypressError: Timed out retrying: Expected to find element: '#board-size[type='number'][min='1']', but never found it.",
                "estack": "CypressError: Timed out retrying: Expected to find element: '#board-size[type='number'][min='1']', but never found it.\n    at cypressErr (http://localhost:34241/__cypress/runner/cypress_runner.js:149934:9)\n    at throwErr (http://localhost:34241/__cypress/runner/cypress_runner.js:149867:11)\n    at Object.throwErrByPath (http://localhost:34241/__cypress/runner/cypress_runner.js:149915:3)\n    at retry (http://localhost:34241/__cypress/runner/cypress_runner.js:144197:19)\n    at onFailFn (http://localhost:34241/__cypress/runner/cypress_runner.js:132448:16)\n    at tryCatcher (http://localhost:34241/__cypress/runner/cypress_runner.js:167415:23)\n    at Promise._settlePromiseFromHandler (http://localhost:34241/__cypress/runner/cypress_runner.js:165351:31)\n    at Promise._settlePromise (http://localhost:34241/__cypress/runner/cypress_runner.js:165408:18)\n    at Promise._settlePromise0 (http://localhost:34241/__cypress/runner/cypress_runner.js:165453:10)\n    at Promise._settlePromises (http://localhost:34241/__cypress/runner/cypress_runner.js:165528:18)\n    at Async../node_modules/bluebird/js/release/async.js.Async._drainQueue (http://localhost:34241/__cypress/runner/cypress_runner.js:162140:16)\n    at Async../node_modules/bluebird/js/release/async.js.Async._drainQueues (http://localhost:34241/__cypress/runner/cypress_runner.js:162150:10)\n    at Async.drainQueues (http://localhost:34241/__cypress/runner/cypress_runner.js:162024:14)",
                "diff": null
              },
              "uuid": "c373201d-2cbc-4ce1-9f76-c8615c206420",
              "parentUUID": "45124a04-c909-4efd-8ea1-2c38d6543fe2",
              "isHook": false,
              "skipped": false
            },
            {
              "title": "Verifica se o botão contém o texto 'VQV'",
              "fullTitle": "10 - Faça o quadro de pixels ter seu tamanho definido pelo usuário. Verifica se o botão contém o texto 'VQV'",
              "timedOut": null,
              "duration": 4481,
              "state": "failed",
              "speed": null,
              "pass": false,
              "fail": true,
              "pending": false,
              "context": null,
              "code": "cy.get('#generate-board').contains(/vqv/i);",
              "err": {
                "message": "CypressError: Timed out retrying: Expected to find element: '#generate-board', but never found it.",
                "estack": "CypressError: Timed out retrying: Expected to find element: '#generate-board', but never found it.\n    at cypressErr (http://localhost:34241/__cypress/runner/cypress_runner.js:149934:9)\n    at throwErr (http://localhost:34241/__cypress/runner/cypress_runner.js:149867:11)\n    at Object.throwErrByPath (http://localhost:34241/__cypress/runner/cypress_runner.js:149915:3)\n    at retry (http://localhost:34241/__cypress/runner/cypress_runner.js:144197:19)\n    at onFailFn (http://localhost:34241/__cypress/runner/cypress_runner.js:132448:16)\n    at tryCatcher (http://localhost:34241/__cypress/runner/cypress_runner.js:167415:23)\n    at Promise._settlePromiseFromHandler (http://localhost:34241/__cypress/runner/cypress_runner.js:165351:31)\n    at Promise._settlePromise (http://localhost:34241/__cypress/runner/cypress_runner.js:165408:18)\n    at Promise._settlePromise0 (http://localhost:34241/__cypress/runner/cypress_runner.js:165453:10)\n    at Promise._settlePromises (http://localhost:34241/__cypress/runner/cypress_runner.js:165528:18)\n    at Async../node_modules/bluebird/js/release/async.js.Async._drainQueue (http://localhost:34241/__cypress/runner/cypress_runner.js:162140:16)\n    at Async../node_modules/bluebird/js/release/async.js.Async._drainQueues (http://localhost:34241/__cypress/runner/cypress_runner.js:162150:10)\n    at Async.drainQueues (http://localhost:34241/__cypress/runner/cypress_runner.js:162024:14)",
                "diff": null
              },
              "uuid": "d541560c-703a-4a55-8e07-2ede91d63cf7",
              "parentUUID": "45124a04-c909-4efd-8ea1-2c38d6543fe2",
              "isHook": false,
              "skipped": false
            },
            {
              "title": "Verifica se o input está posicionado entre a paleta de cores e o quadro de pixels",
              "fullTitle": "10 - Faça o quadro de pixels ter seu tamanho definido pelo usuário. Verifica se o input está posicionado entre a paleta de cores e o quadro de pixels",
              "timedOut": null,
              "duration": 4511,
              "state": "failed",
              "speed": null,
              "pass": false,
              "fail": true,
              "pending": false,
              "context": null,
              "code": "cy.get('#color-palette').then(function (palette) {\n  cy.get('#board-size').should('be.belowOf', palette);\n});\ncy.get('#board-size').then(function (palette) {\n  cy.get('#pixel-board').should('be.belowOf', palette);\n});",
              "err": {
                "message": "CypressError: Timed out retrying: Expected to find element: '#board-size', but never found it.",
                "estack": "CypressError: Timed out retrying: Expected to find element: '#board-size', but never found it.\n    at cypressErr (http://localhost:34241/__cypress/runner/cypress_runner.js:149934:9)\n    at throwErr (http://localhost:34241/__cypress/runner/cypress_runner.js:149867:11)\n    at Object.throwErrByPath (http://localhost:34241/__cypress/runner/cypress_runner.js:149915:3)\n    at retry (http://localhost:34241/__cypress/runner/cypress_runner.js:144197:19)\n    at onFailFn (http://localhost:34241/__cypress/runner/cypress_runner.js:132448:16)\n    at tryCatcher (http://localhost:34241/__cypress/runner/cypress_runner.js:167415:23)\n    at Promise._settlePromiseFromHandler (http://localhost:34241/__cypress/runner/cypress_runner.js:165351:31)\n    at Promise._settlePromise (http://localhost:34241/__cypress/runner/cypress_runner.js:165408:18)\n    at Promise._settlePromise0 (http://localhost:34241/__cypress/runner/cypress_runner.js:165453:10)\n    at Promise._settlePromises (http://localhost:34241/__cypress/runner/cypress_runner.js:165528:18)\n    at Async../node_modules/bluebird/js/release/async.js.Async._drainQueue (http://localhost:34241/__cypress/runner/cypress_runner.js:162140:16)\n    at Async../node_modules/bluebird/js/release/async.js.Async._drainQueues (http://localhost:34241/__cypress/runner/cypress_runner.js:162150:10)\n    at Async.drainQueues (http://localhost:34241/__cypress/runner/cypress_runner.js:162024:14)",
                "diff": null
              },
              "uuid": "ee5cde80-2139-41e8-ba1d-97b2712772fc",
              "parentUUID": "45124a04-c909-4efd-8ea1-2c38d6543fe2",
              "isHook": false,
              "skipped": false
            },
            {
              "title": "Verifica se o botão está posicionado ao lado do input",
              "fullTitle": "10 - Faça o quadro de pixels ter seu tamanho definido pelo usuário. Verifica se o botão está posicionado ao lado do input",
              "timedOut": null,
              "duration": 4619,
              "state": "failed",
              "speed": null,
              "pass": false,
              "fail": true,
              "pending": false,
              "context": null,
              "code": "cy.get('#board-size').then(function (board) {\n  cy.get('#generate-board').should('be.onTheRightOf', board);\n});",
              "err": {
                "message": "CypressError: Timed out retrying: Expected to find element: '#board-size', but never found it.",
                "estack": "CypressError: Timed out retrying: Expected to find element: '#board-size', but never found it.\n    at cypressErr (http://localhost:34241/__cypress/runner/cypress_runner.js:149934:9)\n    at throwErr (http://localhost:34241/__cypress/runner/cypress_runner.js:149867:11)\n    at Object.throwErrByPath (http://localhost:34241/__cypress/runner/cypress_runner.js:149915:3)\n    at retry (http://localhost:34241/__cypress/runner/cypress_runner.js:144197:19)\n    at onFailFn (http://localhost:34241/__cypress/runner/cypress_runner.js:132448:16)\n    at tryCatcher (http://localhost:34241/__cypress/runner/cypress_runner.js:167415:23)\n    at Promise._settlePromiseFromHandler (http://localhost:34241/__cypress/runner/cypress_runner.js:165351:31)\n    at Promise._settlePromise (http://localhost:34241/__cypress/runner/cypress_runner.js:165408:18)\n    at Promise._settlePromise0 (http://localhost:34241/__cypress/runner/cypress_runner.js:165453:10)\n    at Promise._settlePromises (http://localhost:34241/__cypress/runner/cypress_runner.js:165528:18)\n    at Async../node_modules/bluebird/js/release/async.js.Async._drainQueue (http://localhost:34241/__cypress/runner/cypress_runner.js:162140:16)\n    at Async../node_modules/bluebird/js/release/async.js.Async._drainQueues (http://localhost:34241/__cypress/runner/cypress_runner.js:162150:10)\n    at Async.drainQueues (http://localhost:34241/__cypress/runner/cypress_runner.js:162024:14)",
                "diff": null
              },
              "uuid": "d59770aa-2a55-494e-8dc6-899c10f914a4",
              "parentUUID": "45124a04-c909-4efd-8ea1-2c38d6543fe2",
              "isHook": false,
              "skipped": false
            },
            {
              "title": "Verifica se nenhum valor for colocado no input ao clicar no botão, um `alert` é exibido com o texto: 'Board inválido!'",
              "fullTitle": "10 - Faça o quadro de pixels ter seu tamanho definido pelo usuário. Verifica se nenhum valor for colocado no input ao clicar no botão, um `alert` é exibido com o texto: 'Board inválido!'",
              "timedOut": null,
              "duration": 4536,
              "state": "failed",
              "speed": null,
              "pass": false,
              "fail": true,
              "pending": false,
              "context": null,
              "code": "var alerted = false;\ncy.on('window:alert', function (msg) {\n  return alerted = msg;\n});\ncy.get('#generate-board').click().then(function () {\n  return expect(alerted).to.match(/Board inválido!/i);\n});",
              "err": {
                "message": "CypressError: Timed out retrying: Expected to find element: '#generate-board', but never found it.",
                "estack": "CypressError: Timed out retrying: Expected to find element: '#generate-board', but never found it.\n    at cypressErr (http://localhost:34241/__cypress/runner/cypress_runner.js:149934:9)\n    at throwErr (http://localhost:34241/__cypress/runner/cypress_runner.js:149867:11)\n    at Object.throwErrByPath (http://localhost:34241/__cypress/runner/cypress_runner.js:149915:3)\n    at retry (http://localhost:34241/__cypress/runner/cypress_runner.js:144197:19)\n    at onFailFn (http://localhost:34241/__cypress/runner/cypress_runner.js:132448:16)\n    at tryCatcher (http://localhost:34241/__cypress/runner/cypress_runner.js:167415:23)\n    at Promise._settlePromiseFromHandler (http://localhost:34241/__cypress/runner/cypress_runner.js:165351:31)\n    at Promise._settlePromise (http://localhost:34241/__cypress/runner/cypress_runner.js:165408:18)\n    at Promise._settlePromise0 (http://localhost:34241/__cypress/runner/cypress_runner.js:165453:10)\n    at Promise._settlePromises (http://localhost:34241/__cypress/runner/cypress_runner.js:165528:18)\n    at Async../node_modules/bluebird/js/release/async.js.Async._drainQueue (http://localhost:34241/__cypress/runner/cypress_runner.js:162140:16)\n    at Async../node_modules/bluebird/js/release/async.js.Async._drainQueues (http://localhost:34241/__cypress/runner/cypress_runner.js:162150:10)\n    at Async.drainQueues (http://localhost:34241/__cypress/runner/cypress_runner.js:162024:14)",
                "diff": null
              },
              "uuid": "31137e45-928d-4b29-96ac-71dcc932a82b",
              "parentUUID": "45124a04-c909-4efd-8ea1-2c38d6543fe2",
              "isHook": false,
              "skipped": false
            },
            {
              "title": "Verifica se ao clicar no botão com um valor preenchido, o tamanho do board muda.",
              "fullTitle": "10 - Faça o quadro de pixels ter seu tamanho definido pelo usuário. Verifica se ao clicar no botão com um valor preenchido, o tamanho do board muda.",
              "timedOut": null,
              "duration": 4528,
              "state": "failed",
              "speed": null,
              "pass": false,
              "fail": true,
              "pending": false,
              "context": null,
              "code": "cy.get('#board-size').clear().type(10);\ncy.get('#generate-board').click();\ncy.get('.pixel').should('have.length', 100);",
              "err": {
                "message": "CypressError: Timed out retrying: Expected to find element: '#board-size', but never found it.",
                "estack": "CypressError: Timed out retrying: Expected to find element: '#board-size', but never found it.\n    at cypressErr (http://localhost:34241/__cypress/runner/cypress_runner.js:149934:9)\n    at throwErr (http://localhost:34241/__cypress/runner/cypress_runner.js:149867:11)\n    at Object.throwErrByPath (http://localhost:34241/__cypress/runner/cypress_runner.js:149915:3)\n    at retry (http://localhost:34241/__cypress/runner/cypress_runner.js:144197:19)\n    at onFailFn (http://localhost:34241/__cypress/runner/cypress_runner.js:132448:16)\n    at tryCatcher (http://localhost:34241/__cypress/runner/cypress_runner.js:167415:23)\n    at Promise._settlePromiseFromHandler (http://localhost:34241/__cypress/runner/cypress_runner.js:165351:31)\n    at Promise._settlePromise (http://localhost:34241/__cypress/runner/cypress_runner.js:165408:18)\n    at Promise._settlePromise0 (http://localhost:34241/__cypress/runner/cypress_runner.js:165453:10)\n    at Promise._settlePromises (http://localhost:34241/__cypress/runner/cypress_runner.js:165528:18)\n    at Async../node_modules/bluebird/js/release/async.js.Async._drainQueue (http://localhost:34241/__cypress/runner/cypress_runner.js:162140:16)\n    at Async../node_modules/bluebird/js/release/async.js.Async._drainQueues (http://localhost:34241/__cypress/runner/cypress_runner.js:162150:10)\n    at Async.drainQueues (http://localhost:34241/__cypress/runner/cypress_runner.js:162024:14)",
                "diff": null
              },
              "uuid": "9031bbb5-a10c-450f-a78d-22634f43176d",
              "parentUUID": "45124a04-c909-4efd-8ea1-2c38d6543fe2",
              "isHook": false,
              "skipped": false
            },
            {
              "title": "Verifica se o novo quadro tem todos os pixels preenchidos com a cor branca",
              "fullTitle": "10 - Faça o quadro de pixels ter seu tamanho definido pelo usuário. Verifica se o novo quadro tem todos os pixels preenchidos com a cor branca",
              "timedOut": null,
              "duration": 4502,
              "state": "failed",
              "speed": null,
              "pass": false,
              "fail": true,
              "pending": false,
              "context": null,
              "code": "cy.get('#board-size').clear().type(6);\ncy.get('#generate-board').click();\ncy.get('.pixel').should('have.length', 36).each(function (pixel) {\n  expect(pixel).to.have.css('background-color', WHITE);\n});",
              "err": {
                "message": "CypressError: Timed out retrying: Expected to find element: '#board-size', but never found it.",
                "estack": "CypressError: Timed out retrying: Expected to find element: '#board-size', but never found it.\n    at cypressErr (http://localhost:34241/__cypress/runner/cypress_runner.js:149934:9)\n    at throwErr (http://localhost:34241/__cypress/runner/cypress_runner.js:149867:11)\n    at Object.throwErrByPath (http://localhost:34241/__cypress/runner/cypress_runner.js:149915:3)\n    at retry (http://localhost:34241/__cypress/runner/cypress_runner.js:144197:19)\n    at onFailFn (http://localhost:34241/__cypress/runner/cypress_runner.js:132448:16)\n    at tryCatcher (http://localhost:34241/__cypress/runner/cypress_runner.js:167415:23)\n    at Promise._settlePromiseFromHandler (http://localhost:34241/__cypress/runner/cypress_runner.js:165351:31)\n    at Promise._settlePromise (http://localhost:34241/__cypress/runner/cypress_runner.js:165408:18)\n    at Promise._settlePromise0 (http://localhost:34241/__cypress/runner/cypress_runner.js:165453:10)\n    at Promise._settlePromises (http://localhost:34241/__cypress/runner/cypress_runner.js:165528:18)\n    at Async../node_modules/bluebird/js/release/async.js.Async._drainQueue (http://localhost:34241/__cypress/runner/cypress_runner.js:162140:16)\n    at Async../node_modules/bluebird/js/release/async.js.Async._drainQueues (http://localhost:34241/__cypress/runner/cypress_runner.js:162150:10)\n    at Async.drainQueues (http://localhost:34241/__cypress/runner/cypress_runner.js:162024:14)",
                "diff": null
              },
              "uuid": "ea6865b4-f388-4ebb-a135-fa356d2f8690",
              "parentUUID": "45124a04-c909-4efd-8ea1-2c38d6543fe2",
              "isHook": false,
              "skipped": false
            }
          ],
          "suites": [],
          "passes": [],
          "failures": [
            "d3bc1bbd-8204-428a-8e16-58085a427a61",
            "350f9768-65af-4953-b4b0-b8b3f5fd0ec4",
            "c373201d-2cbc-4ce1-9f76-c8615c206420",
            "d541560c-703a-4a55-8e07-2ede91d63cf7",
            "ee5cde80-2139-41e8-ba1d-97b2712772fc",
            "d59770aa-2a55-494e-8dc6-899c10f914a4",
            "31137e45-928d-4b29-96ac-71dcc932a82b",
            "9031bbb5-a10c-450f-a78d-22634f43176d",
            "ea6865b4-f388-4ebb-a135-fa356d2f8690"
          ],
          "pending": [],
          "skipped": [],
          "duration": 40778,
          "root": false,
          "rootEmpty": false,
          "_timeout": 2000
        },
        {
          "uuid": "123b6be3-ae41-474a-93cb-56e1060189b0",
          "title": "11 - Limite o tamanho mínimo e máximo do board.",
          "fullFile": "",
          "file": "",
          "beforeHooks": [],
          "afterHooks": [],
          "tests": [
            {
              "title": "Verifica se a altura máxima do board é 50",
              "fullTitle": "11 - Limite o tamanho mínimo e máximo do board. Verifica se a altura máxima do board é 50",
              "timedOut": null,
              "duration": 4535,
              "state": "failed",
              "speed": null,
              "pass": false,
              "fail": true,
              "pending": false,
              "context": null,
              "code": "cy.get('#board-size').clear().type(50);\ncy.get('#generate-board').click();\ncy.get('.pixel').should('have.length', 2500);",
              "err": {
                "message": "CypressError: Timed out retrying: Expected to find element: '#board-size', but never found it.",
                "estack": "CypressError: Timed out retrying: Expected to find element: '#board-size', but never found it.\n    at cypressErr (http://localhost:34241/__cypress/runner/cypress_runner.js:149934:9)\n    at throwErr (http://localhost:34241/__cypress/runner/cypress_runner.js:149867:11)\n    at Object.throwErrByPath (http://localhost:34241/__cypress/runner/cypress_runner.js:149915:3)\n    at retry (http://localhost:34241/__cypress/runner/cypress_runner.js:144197:19)\n    at onFailFn (http://localhost:34241/__cypress/runner/cypress_runner.js:132448:16)\n    at tryCatcher (http://localhost:34241/__cypress/runner/cypress_runner.js:167415:23)\n    at Promise._settlePromiseFromHandler (http://localhost:34241/__cypress/runner/cypress_runner.js:165351:31)\n    at Promise._settlePromise (http://localhost:34241/__cypress/runner/cypress_runner.js:165408:18)\n    at Promise._settlePromise0 (http://localhost:34241/__cypress/runner/cypress_runner.js:165453:10)\n    at Promise._settlePromises (http://localhost:34241/__cypress/runner/cypress_runner.js:165528:18)\n    at Async../node_modules/bluebird/js/release/async.js.Async._drainQueue (http://localhost:34241/__cypress/runner/cypress_runner.js:162140:16)\n    at Async../node_modules/bluebird/js/release/async.js.Async._drainQueues (http://localhost:34241/__cypress/runner/cypress_runner.js:162150:10)\n    at Async.drainQueues (http://localhost:34241/__cypress/runner/cypress_runner.js:162024:14)",
                "diff": null
              },
              "uuid": "a3af9673-6c09-4fc4-afa4-a4ad63663e4f",
              "parentUUID": "123b6be3-ae41-474a-93cb-56e1060189b0",
              "isHook": false,
              "skipped": false
            },
            {
              "title": "Verifica se a altura do board é 5 quando um valor menor é colocado no input",
              "fullTitle": "11 - Limite o tamanho mínimo e máximo do board. Verifica se a altura do board é 5 quando um valor menor é colocado no input",
              "timedOut": null,
              "duration": 4530,
              "state": "failed",
              "speed": null,
              "pass": false,
              "fail": true,
              "pending": false,
              "context": null,
              "code": "cy.get('#board-size').clear().type(4);\ncy.get('#generate-board').click();\ncy.get('.pixel').should('have.length', 25);",
              "err": {
                "message": "CypressError: Timed out retrying: Expected to find element: '#board-size', but never found it.",
                "estack": "CypressError: Timed out retrying: Expected to find element: '#board-size', but never found it.\n    at cypressErr (http://localhost:34241/__cypress/runner/cypress_runner.js:149934:9)\n    at throwErr (http://localhost:34241/__cypress/runner/cypress_runner.js:149867:11)\n    at Object.throwErrByPath (http://localhost:34241/__cypress/runner/cypress_runner.js:149915:3)\n    at retry (http://localhost:34241/__cypress/runner/cypress_runner.js:144197:19)\n    at onFailFn (http://localhost:34241/__cypress/runner/cypress_runner.js:132448:16)\n    at tryCatcher (http://localhost:34241/__cypress/runner/cypress_runner.js:167415:23)\n    at Promise._settlePromiseFromHandler (http://localhost:34241/__cypress/runner/cypress_runner.js:165351:31)\n    at Promise._settlePromise (http://localhost:34241/__cypress/runner/cypress_runner.js:165408:18)\n    at Promise._settlePromise0 (http://localhost:34241/__cypress/runner/cypress_runner.js:165453:10)\n    at Promise._settlePromises (http://localhost:34241/__cypress/runner/cypress_runner.js:165528:18)\n    at Async../node_modules/bluebird/js/release/async.js.Async._drainQueue (http://localhost:34241/__cypress/runner/cypress_runner.js:162140:16)\n    at Async../node_modules/bluebird/js/release/async.js.Async._drainQueues (http://localhost:34241/__cypress/runner/cypress_runner.js:162150:10)\n    at Async.drainQueues (http://localhost:34241/__cypress/runner/cypress_runner.js:162024:14)",
                "diff": null
              },
              "uuid": "106bc906-1ef3-4cf5-83fa-9610ed5613c1",
              "parentUUID": "123b6be3-ae41-474a-93cb-56e1060189b0",
              "isHook": false,
              "skipped": false
            },
            {
              "title": "Verifica se a altura do board é 50 quando um valor maior é colocado no input",
              "fullTitle": "11 - Limite o tamanho mínimo e máximo do board. Verifica se a altura do board é 50 quando um valor maior é colocado no input",
              "timedOut": null,
              "duration": 4582,
              "state": "failed",
              "speed": null,
              "pass": false,
              "fail": true,
              "pending": false,
              "context": null,
              "code": "cy.get('#board-size').clear().type(51);\ncy.get('#generate-board').click();\ncy.get('.pixel').should('have.length', 2500);",
              "err": {
                "message": "CypressError: Timed out retrying: Expected to find element: '#board-size', but never found it.",
                "estack": "CypressError: Timed out retrying: Expected to find element: '#board-size', but never found it.\n    at cypressErr (http://localhost:34241/__cypress/runner/cypress_runner.js:149934:9)\n    at throwErr (http://localhost:34241/__cypress/runner/cypress_runner.js:149867:11)\n    at Object.throwErrByPath (http://localhost:34241/__cypress/runner/cypress_runner.js:149915:3)\n    at retry (http://localhost:34241/__cypress/runner/cypress_runner.js:144197:19)\n    at onFailFn (http://localhost:34241/__cypress/runner/cypress_runner.js:132448:16)\n    at tryCatcher (http://localhost:34241/__cypress/runner/cypress_runner.js:167415:23)\n    at Promise._settlePromiseFromHandler (http://localhost:34241/__cypress/runner/cypress_runner.js:165351:31)\n    at Promise._settlePromise (http://localhost:34241/__cypress/runner/cypress_runner.js:165408:18)\n    at Promise._settlePromise0 (http://localhost:34241/__cypress/runner/cypress_runner.js:165453:10)\n    at Promise._settlePromises (http://localhost:34241/__cypress/runner/cypress_runner.js:165528:18)\n    at Async../node_modules/bluebird/js/release/async.js.Async._drainQueue (http://localhost:34241/__cypress/runner/cypress_runner.js:162140:16)\n    at Async../node_modules/bluebird/js/release/async.js.Async._drainQueues (http://localhost:34241/__cypress/runner/cypress_runner.js:162150:10)\n    at Async.drainQueues (http://localhost:34241/__cypress/runner/cypress_runner.js:162024:14)",
                "diff": null
              },
              "uuid": "753b985f-ca14-4ac8-bfb0-c9a2e6195f40",
              "parentUUID": "123b6be3-ae41-474a-93cb-56e1060189b0",
              "isHook": false,
              "skipped": false
            }
          ],
          "suites": [],
          "passes": [],
          "failures": [
            "a3af9673-6c09-4fc4-afa4-a4ad63663e4f",
            "106bc906-1ef3-4cf5-83fa-9610ed5613c1",
            "753b985f-ca14-4ac8-bfb0-c9a2e6195f40"
          ],
          "pending": [],
          "skipped": [],
          "duration": 13647,
          "root": false,
          "rootEmpty": false,
          "_timeout": 2000
        },
        {
          "uuid": "d7d55d6c-7f8f-4d29-91f0-b089c98ef550",
          "title": "12 - Faça com que as cores da paleta sejam geradas aleatoriamente ao carregar a página.",
          "fullFile": "",
          "file": "",
          "beforeHooks": [],
          "afterHooks": [],
          "tests": [
            {
              "title": "Verifica se as cores geradas na paleta são diferentes a cada carregamento da página",
              "fullTitle": "12 - Faça com que as cores da paleta sejam geradas aleatoriamente ao carregar a página. Verifica se as cores geradas na paleta são diferentes a cada carregamento da página",
              "timedOut": null,
              "duration": 663,
              "state": "failed",
              "speed": null,
              "pass": false,
              "fail": true,
              "pending": false,
              "context": null,
              "code": "cy.get('.color').then(function (colors) {\n  var currentColors;\n  var previousColors;\n  previousColors = Array.from(colors).map(function (color) {\n    return Cypress.$(color).css('background-color');\n  });\n  for (var i = 0; i < 5; i += 1) {\n    cy.reload();\n    cy.get('.color').then(function (colors) {\n      currentColors = Array.from(colors).map(function (color) {\n        return Cypress.$(color).css('background-color');\n      });\n      expect(currentColors).not.to.deep.equal(previousColors);\n      previousColors = currentColors;\n    });\n  }\n});",
              "err": {
                "message": "AssertionError: expected [ Array(4) ] to not deeply equal [ Array(4) ]",
                "estack": "AssertionError: expected [ Array(4) ] to not deeply equal [ Array(4) ]\n    at getRet (http://localhost:34241/__cypress/runner/cypress_runner.js:136585:16)\n    at tryCatcher (http://localhost:34241/__cypress/runner/cypress_runner.js:167415:23)\n    at Function.Promise.attempt.Promise.try (http://localhost:34241/__cypress/runner/cypress_runner.js:164690:29)\n    at Context.thenFn (http://localhost:34241/__cypress/runner/cypress_runner.js:136599:23)\n    at Context.then (http://localhost:34241/__cypress/runner/cypress_runner.js:136971:21)\n    at Context.<anonymous> (http://localhost:34241/__cypress/runner/cypress_runner.js:148875:21)\n    at http://localhost:34241/__cypress/runner/cypress_runner.js:148351:33\n    at tryCatcher (http://localhost:34241/__cypress/runner/cypress_runner.js:167415:23)\n    at Promise._settlePromiseFromHandler (http://localhost:34241/__cypress/runner/cypress_runner.js:165351:31)\n    at Promise._settlePromise (http://localhost:34241/__cypress/runner/cypress_runner.js:165408:18)\n    at Promise._settlePromiseCtx (http://localhost:34241/__cypress/runner/cypress_runner.js:165445:10)\n    at Async../node_modules/bluebird/js/release/async.js.Async._drainQueue (http://localhost:34241/__cypress/runner/cypress_runner.js:162145:12)\n    at Async../node_modules/bluebird/js/release/async.js.Async._drainQueues (http://localhost:34241/__cypress/runner/cypress_runner.js:162150:10)\n    at Async.drainQueues (http://localhost:34241/__cypress/runner/cypress_runner.js:162024:14)",
                "diff": ""
              },
              "uuid": "5f46a4ed-ef00-4046-829f-d936a0db179b",
              "parentUUID": "d7d55d6c-7f8f-4d29-91f0-b089c98ef550",
              "isHook": false,
              "skipped": false
            },
            {
              "title": "Verifica se a cor preta ainda está presente e é a primeira na sua paleta de cores",
              "fullTitle": "12 - Faça com que as cores da paleta sejam geradas aleatoriamente ao carregar a página. Verifica se a cor preta ainda está presente e é a primeira na sua paleta de cores",
              "timedOut": null,
              "duration": 545,
              "state": "failed",
              "speed": null,
              "pass": false,
              "fail": true,
              "pending": false,
              "context": null,
              "code": "cy.get('.color').then(function (colors) {\n  var currentColors;\n  var previousColors;\n  previousColors = Array.from(colors).map(function (color) {\n    return Cypress.$(color).css('background-color');\n  });\n  expect(previousColors[0]).to.eq(BLACK);\n  for (var i = 0; i < 5; i += 1) {\n    cy.reload();\n    cy.get('.color').then(function (colors) {\n      currentColors = Array.from(colors).map(function (color) {\n        return Cypress.$(color).css('background-color');\n      });\n      expect(currentColors[0]).to.eq(BLACK);\n      expect(currentColors).not.to.deep.equal(previousColors);\n      previousColors = currentColors;\n    });\n  }\n});",
              "err": {
                "message": "AssertionError: expected [ Array(4) ] to not deeply equal [ Array(4) ]",
                "estack": "AssertionError: expected [ Array(4) ] to not deeply equal [ Array(4) ]\n    at getRet (http://localhost:34241/__cypress/runner/cypress_runner.js:136585:16)\n    at tryCatcher (http://localhost:34241/__cypress/runner/cypress_runner.js:167415:23)\n    at Function.Promise.attempt.Promise.try (http://localhost:34241/__cypress/runner/cypress_runner.js:164690:29)\n    at Context.thenFn (http://localhost:34241/__cypress/runner/cypress_runner.js:136599:23)\n    at Context.then (http://localhost:34241/__cypress/runner/cypress_runner.js:136971:21)\n    at Context.<anonymous> (http://localhost:34241/__cypress/runner/cypress_runner.js:148875:21)\n    at http://localhost:34241/__cypress/runner/cypress_runner.js:148351:33\n    at tryCatcher (http://localhost:34241/__cypress/runner/cypress_runner.js:167415:23)\n    at Promise._settlePromiseFromHandler (http://localhost:34241/__cypress/runner/cypress_runner.js:165351:31)\n    at Promise._settlePromise (http://localhost:34241/__cypress/runner/cypress_runner.js:165408:18)\n    at Promise._settlePromiseCtx (http://localhost:34241/__cypress/runner/cypress_runner.js:165445:10)\n    at Async../node_modules/bluebird/js/release/async.js.Async._drainQueue (http://localhost:34241/__cypress/runner/cypress_runner.js:162145:12)\n    at Async../node_modules/bluebird/js/release/async.js.Async._drainQueues (http://localhost:34241/__cypress/runner/cypress_runner.js:162150:10)\n    at Async.drainQueues (http://localhost:34241/__cypress/runner/cypress_runner.js:162024:14)",
                "diff": ""
              },
              "uuid": "e02e337c-35ad-4dfd-a64f-e04599bd1327",
              "parentUUID": "d7d55d6c-7f8f-4d29-91f0-b089c98ef550",
              "isHook": false,
              "skipped": false
            }
          ],
          "suites": [],
          "passes": [],
          "failures": [
            "5f46a4ed-ef00-4046-829f-d936a0db179b",
            "e02e337c-35ad-4dfd-a64f-e04599bd1327"
          ],
          "pending": [],
          "skipped": [],
          "duration": 1208,
          "root": false,
          "rootEmpty": false,
          "_timeout": 2000
        }
      ],
      "passes": [],
      "failures": [],
      "pending": [],
      "skipped": [],
      "duration": 0,
      "root": true,
      "rootEmpty": true,
      "_timeout": 2000
    }
  ],
  "meta": {
    "mocha": {
      "version": "7.0.1"
    },
    "mochawesome": {
      "options": {
        "quiet": false,
        "reportFilename": "mochawesome",
        "saveHtml": false,
        "saveJson": true,
        "consoleReporter": "spec",
        "useInlineDiffs": false
      },
      "version": "4.1.0"
    },
    "marge": {
      "options": {
        "id": "default",
        "reportDir": "cypress/reports",
        "overwrite": true,
        "html": false,
        "json": true
      },
      "version": "4.1.0"
    }
  }
}