{
  "stats": {
    "suites": 12,
    "tests": 41,
    "passes": 24,
    "pending": 0,
    "failures": 17,
    "start": "2021-07-15T06:16:59.389Z",
    "end": "2021-07-15T06:18:32.007Z",
    "duration": 92618,
    "testsRegistered": 41,
    "passPercent": 58.536585365853654,
    "pendingPercent": 0,
    "other": 0,
    "hasOther": false,
    "skipped": 0,
    "hasSkipped": false
  },
  "results": [
    {
      "uuid": "8371e77c-9b83-4b1c-bf14-f119f0414e64",
      "title": "",
      "fullFile": "cypress/integration/project.spec.js",
      "file": "cypress/integration/project.spec.js",
      "beforeHooks": [],
      "afterHooks": [],
      "tests": [],
      "suites": [
        {
          "uuid": "e6c41725-4ffc-44a0-81d3-93e7653d1faa",
          "title": "1 - Adicione à página o título \"Paleta de Cores\".",
          "fullFile": "",
          "file": "",
          "beforeHooks": [],
          "afterHooks": [],
          "tests": [
            {
              "title": "Verifica se contém um elemento `h1` com o id `title` com o título correto",
              "fullTitle": "1 - Adicione à página o título \"Paleta de Cores\". Verifica se contém um elemento `h1` com o id `title` com o título correto",
              "timedOut": null,
              "duration": 571,
              "state": "passed",
              "speed": "slow",
              "pass": true,
              "fail": false,
              "pending": false,
              "context": null,
              "code": "cy.get('h1#title').should('contain.text', 'Paleta de Cores');",
              "err": {},
              "uuid": "19917e92-39f3-44a8-b486-9ca5b8852d24",
              "parentUUID": "e6c41725-4ffc-44a0-81d3-93e7653d1faa",
              "isHook": false,
              "skipped": false
            }
          ],
          "suites": [],
          "passes": [
            "19917e92-39f3-44a8-b486-9ca5b8852d24"
          ],
          "failures": [],
          "pending": [],
          "skipped": [],
          "duration": 571,
          "root": false,
          "rootEmpty": false,
          "_timeout": 2000
        },
        {
          "uuid": "58b37ee8-5d7b-45fe-af8c-692147e2ed6b",
          "title": "2 - Adicione à página uma paleta de quatro cores distintas.",
          "fullFile": "",
          "file": "",
          "beforeHooks": [],
          "afterHooks": [],
          "tests": [
            {
              "title": "A paleta de cores deve ser um elemento com `id` denominado `color-palette`",
              "fullTitle": "2 - Adicione à página uma paleta de quatro cores distintas. A paleta de cores deve ser um elemento com `id` denominado `color-palette`",
              "timedOut": null,
              "duration": 429,
              "state": "passed",
              "speed": "slow",
              "pass": true,
              "fail": false,
              "pending": false,
              "context": null,
              "code": "cy.get('#color-palette').should('be.visible');",
              "err": {},
              "uuid": "41c3682f-49c8-47e8-bce1-48c6ad9ab77c",
              "parentUUID": "58b37ee8-5d7b-45fe-af8c-692147e2ed6b",
              "isHook": false,
              "skipped": false
            },
            {
              "title": "Verifica se cada cor individual da paleta de cores possui a `classe` chamada `color`.",
              "fullTitle": "2 - Adicione à página uma paleta de quatro cores distintas. Verifica se cada cor individual da paleta de cores possui a `classe` chamada `color`.",
              "timedOut": null,
              "duration": 362,
              "state": "passed",
              "speed": "slow",
              "pass": true,
              "fail": false,
              "pending": false,
              "context": null,
              "code": "cy.get('.color').should('have.length', 4).then(function (colors) {\n  for (var i = 0; i < colors.length; i++) {\n    cy.wrap(colors[i]).should('be.visible');\n  }\n});",
              "err": {},
              "uuid": "dd353566-1875-40a0-9cce-156bf8e3880a",
              "parentUUID": "58b37ee8-5d7b-45fe-af8c-692147e2ed6b",
              "isHook": false,
              "skipped": false
            },
            {
              "title": "Verifica se a cor de fundo de cada elemento da paleta é a cor que o elemento representa. **A única cor não permitida na paleta é a cor branca.**",
              "fullTitle": "2 - Adicione à página uma paleta de quatro cores distintas. Verifica se a cor de fundo de cada elemento da paleta é a cor que o elemento representa. **A única cor não permitida na paleta é a cor branca.**",
              "timedOut": null,
              "duration": 314,
              "state": "passed",
              "speed": "slow",
              "pass": true,
              "fail": false,
              "pending": false,
              "context": null,
              "code": "cy.get('.color').each(function (color) {\n  cy.wrap(color).should('have.class', 'color').and('not.have.css', 'background-color', WHITE);\n  cy.wrap(color).should('have.css', 'background-color');\n});",
              "err": {},
              "uuid": "27f58bd6-82ef-442d-bdb5-2db7888e7914",
              "parentUUID": "58b37ee8-5d7b-45fe-af8c-692147e2ed6b",
              "isHook": false,
              "skipped": false
            },
            {
              "title": "Verifica se cada elemento da paleta de cores tem uma borda preta, sólida e com 1 pixel de largura;",
              "fullTitle": "2 - Adicione à página uma paleta de quatro cores distintas. Verifica se cada elemento da paleta de cores tem uma borda preta, sólida e com 1 pixel de largura;",
              "timedOut": null,
              "duration": 313,
              "state": "passed",
              "speed": "slow",
              "pass": true,
              "fail": false,
              "pending": false,
              "context": null,
              "code": "cy.get('.color').each(function (color) {\n  cy.wrap(color).and('have.css', 'border', \"1px solid \".concat(BLACK)).and('have.class', 'color');\n});",
              "err": {},
              "uuid": "08e3e1e6-4542-4810-874a-5b9672024499",
              "parentUUID": "58b37ee8-5d7b-45fe-af8c-692147e2ed6b",
              "isHook": false,
              "skipped": false
            },
            {
              "title": "Verifica se a paleta lista todas as cores disponíveis para utilização, lado a lado.",
              "fullTitle": "2 - Adicione à página uma paleta de quatro cores distintas. Verifica se a paleta lista todas as cores disponíveis para utilização, lado a lado.",
              "timedOut": null,
              "duration": 267,
              "state": "passed",
              "speed": "slow",
              "pass": true,
              "fail": false,
              "pending": false,
              "context": null,
              "code": "cy.get('.color').then(function (colors) {\n  for (var index = 1; index < colors.length; index += 1) {\n    var currentColor = colors[index];\n    var previousColor = colors[index - 1];\n    cy.wrap(currentColor).should('be.onTheRightOf', previousColor).and('be.horizontallyAlignedWith', previousColor);\n  }\n});",
              "err": {},
              "uuid": "6cee90f6-bfb0-4b31-80f5-08c8d36ce590",
              "parentUUID": "58b37ee8-5d7b-45fe-af8c-692147e2ed6b",
              "isHook": false,
              "skipped": false
            },
            {
              "title": "Verifica se a paleta de cores está posicionada abaixo do título 'Paleta de Cores'",
              "fullTitle": "2 - Adicione à página uma paleta de quatro cores distintas. Verifica se a paleta de cores está posicionada abaixo do título 'Paleta de Cores'",
              "timedOut": null,
              "duration": 213,
              "state": "passed",
              "speed": "slow",
              "pass": true,
              "fail": false,
              "pending": false,
              "context": null,
              "code": "cy.get('h1#title').then(function (title) {\n  cy.get('#color-palette').should('be.belowOf', title);\n});",
              "err": {},
              "uuid": "0391c850-b9c0-4bcc-acf9-7aad1f8fed4b",
              "parentUUID": "58b37ee8-5d7b-45fe-af8c-692147e2ed6b",
              "isHook": false,
              "skipped": false
            },
            {
              "title": "Verifica se a paleta de cores não contém cores repetidas.",
              "fullTitle": "2 - Adicione à página uma paleta de quatro cores distintas. Verifica se a paleta de cores não contém cores repetidas.",
              "timedOut": null,
              "duration": 158,
              "state": "passed",
              "speed": "slow",
              "pass": true,
              "fail": false,
              "pending": false,
              "context": null,
              "code": "cy.get('.color').then(function (colors) {\n  var allColors = Array.from(colors).map(function (color) {\n    return Cypress.$(color).css('background-color');\n  });\n  cy.log(allColors);\n  var uniqColors = (0, _toConsumableArray2[\"default\"])(new Set(allColors));\n  cy.log(uniqColors);\n  expect(allColors.length).to.eq(uniqColors.length);\n});",
              "err": {},
              "uuid": "11e2101f-9a26-4a5f-b5ba-fd95ee3eec2f",
              "parentUUID": "58b37ee8-5d7b-45fe-af8c-692147e2ed6b",
              "isHook": false,
              "skipped": false
            }
          ],
          "suites": [],
          "passes": [
            "41c3682f-49c8-47e8-bce1-48c6ad9ab77c",
            "dd353566-1875-40a0-9cce-156bf8e3880a",
            "27f58bd6-82ef-442d-bdb5-2db7888e7914",
            "08e3e1e6-4542-4810-874a-5b9672024499",
            "6cee90f6-bfb0-4b31-80f5-08c8d36ce590",
            "0391c850-b9c0-4bcc-acf9-7aad1f8fed4b",
            "11e2101f-9a26-4a5f-b5ba-fd95ee3eec2f"
          ],
          "failures": [],
          "pending": [],
          "skipped": [],
          "duration": 2056,
          "root": false,
          "rootEmpty": false,
          "_timeout": 2000
        },
        {
          "uuid": "36554382-4326-4351-923d-5b611ab26c60",
          "title": "3 - Adicione a cor **preta** como a primeira cor da paleta de cores.",
          "fullFile": "",
          "file": "",
          "beforeHooks": [],
          "afterHooks": [],
          "tests": [
            {
              "title": "Verifica se a primeira cor da paleta é preta",
              "fullTitle": "3 - Adicione a cor **preta** como a primeira cor da paleta de cores. Verifica se a primeira cor da paleta é preta",
              "timedOut": null,
              "duration": 413,
              "state": "passed",
              "speed": "slow",
              "pass": true,
              "fail": false,
              "pending": false,
              "context": null,
              "code": "cy.get('.color').first().should('have.css', 'background-color', BLACK);",
              "err": {},
              "uuid": "d1f2d4fc-ef3e-4665-b89c-a0775d76c01a",
              "parentUUID": "36554382-4326-4351-923d-5b611ab26c60",
              "isHook": false,
              "skipped": false
            },
            {
              "title": "Verifica se as demais cores podem ser escolhidas livremente.",
              "fullTitle": "3 - Adicione a cor **preta** como a primeira cor da paleta de cores. Verifica se as demais cores podem ser escolhidas livremente.",
              "timedOut": null,
              "duration": 361,
              "state": "passed",
              "speed": "slow",
              "pass": true,
              "fail": false,
              "pending": false,
              "context": null,
              "code": "cy.get('.color').eq(1).should('not.have.css', 'background-color', BLACK);\ncy.get('.color').eq(1).should('not.have.css', 'background-color', WHITE);\ncy.get('.color').eq(1).should('not.have.css', 'background-color', 'rgba(0, 0, 0, 0)');\ncy.get('.color').eq(1).should('have.css', 'background-color');\ncy.get('.color').eq(2).should('not.have.css', 'background-color', BLACK);\ncy.get('.color').eq(2).should('not.have.css', 'background-color', WHITE);\ncy.get('.color').eq(2).should('not.have.css', 'background-color', 'rgba(0, 0, 0, 0)');\ncy.get('.color').eq(2).should('have.css', 'background-color');\ncy.get('.color').eq(3).should('not.have.css', 'background-color', BLACK);\ncy.get('.color').eq(3).should('not.have.css', 'background-color', WHITE);\ncy.get('.color').eq(3).should('not.have.css', 'background-color', 'rgba(0, 0, 0, 0)');\ncy.get('.color').eq(3).should('have.css', 'background-color');",
              "err": {},
              "uuid": "315933b7-2236-4e72-af47-b2a9f93fb6a9",
              "parentUUID": "36554382-4326-4351-923d-5b611ab26c60",
              "isHook": false,
              "skipped": false
            }
          ],
          "suites": [],
          "passes": [
            "d1f2d4fc-ef3e-4665-b89c-a0775d76c01a",
            "315933b7-2236-4e72-af47-b2a9f93fb6a9"
          ],
          "failures": [],
          "pending": [],
          "skipped": [],
          "duration": 774,
          "root": false,
          "rootEmpty": false,
          "_timeout": 2000
        },
        {
          "uuid": "a21ce765-45d9-4c53-a004-61d00917dace",
          "title": "4 - Adicione à página um quadro de pixels, com 25 pixels.",
          "fullFile": "",
          "file": "",
          "beforeHooks": [],
          "afterHooks": [],
          "tests": [
            {
              "title": "Verifica se o quadro de pixels possui o `id` denominado `pixel-board`",
              "fullTitle": "4 - Adicione à página um quadro de pixels, com 25 pixels. Verifica se o quadro de pixels possui o `id` denominado `pixel-board`",
              "timedOut": null,
              "duration": 190,
              "state": "passed",
              "speed": "slow",
              "pass": true,
              "fail": false,
              "pending": false,
              "context": null,
              "code": "cy.get('#pixel-board').should('be.visible');",
              "err": {},
              "uuid": "52542f81-a13f-4f41-8511-cca43d1cbd6a",
              "parentUUID": "a21ce765-45d9-4c53-a004-61d00917dace",
              "isHook": false,
              "skipped": false
            },
            {
              "title": "Verifica se cada pixel individual dentro do quadro possui a `classe` denominada `pixel`.",
              "fullTitle": "4 - Adicione à página um quadro de pixels, com 25 pixels. Verifica se cada pixel individual dentro do quadro possui a `classe` denominada `pixel`.",
              "timedOut": null,
              "duration": 248,
              "state": "passed",
              "speed": "slow",
              "pass": true,
              "fail": false,
              "pending": false,
              "context": null,
              "code": "cy.get('.pixel').should('have.length', 25);",
              "err": {},
              "uuid": "08d82de6-7ba8-4c69-9cba-27b2c7b611ad",
              "parentUUID": "a21ce765-45d9-4c53-a004-61d00917dace",
              "isHook": false,
              "skipped": false
            },
            {
              "title": "Verifica se a cor inicial dos pixels dentro do quadro, ao abrir a página, é branca.",
              "fullTitle": "4 - Adicione à página um quadro de pixels, com 25 pixels. Verifica se a cor inicial dos pixels dentro do quadro, ao abrir a página, é branca.",
              "timedOut": null,
              "duration": 339,
              "state": "passed",
              "speed": "slow",
              "pass": true,
              "fail": false,
              "pending": false,
              "context": null,
              "code": "cy.get('.pixel').should('have.length', 25).each(function (pixel) {\n  expect(pixel).to.have.css('background-color', WHITE);\n});",
              "err": {},
              "uuid": "9de64c0e-c4ee-4cbe-9e35-b497221c7d33",
              "parentUUID": "a21ce765-45d9-4c53-a004-61d00917dace",
              "isHook": false,
              "skipped": false
            },
            {
              "title": "Verifica se o quadro de pixels aparece abaixo da paleta de cores",
              "fullTitle": "4 - Adicione à página um quadro de pixels, com 25 pixels. Verifica se o quadro de pixels aparece abaixo da paleta de cores",
              "timedOut": null,
              "duration": 422,
              "state": "passed",
              "speed": "slow",
              "pass": true,
              "fail": false,
              "pending": false,
              "context": null,
              "code": "cy.get('#color-palette').then(function (palette) {\n  cy.get('#pixel-board').should('be.belowOf', palette);\n});",
              "err": {},
              "uuid": "f3d72fe0-8511-4e8f-a15c-09a238de17e7",
              "parentUUID": "a21ce765-45d9-4c53-a004-61d00917dace",
              "isHook": false,
              "skipped": false
            }
          ],
          "suites": [],
          "passes": [
            "52542f81-a13f-4f41-8511-cca43d1cbd6a",
            "08d82de6-7ba8-4c69-9cba-27b2c7b611ad",
            "9de64c0e-c4ee-4cbe-9e35-b497221c7d33",
            "f3d72fe0-8511-4e8f-a15c-09a238de17e7"
          ],
          "failures": [],
          "pending": [],
          "skipped": [],
          "duration": 1199,
          "root": false,
          "rootEmpty": false,
          "_timeout": 2000
        },
        {
          "uuid": "c975646b-e8e5-499a-a412-ff21accd52dc",
          "title": "5 - Faça com que cada elemento do quadro de pixels possua 40 pixels de largura, 40 pixels de altura e seja delimitado por uma borda preta de 1 pixel.",
          "fullFile": "",
          "file": "",
          "beforeHooks": [],
          "afterHooks": [],
          "tests": [
            {
              "title": "Verifica se o quadro de pixels tem altura e comprimento de 5 elementos",
              "fullTitle": "5 - Faça com que cada elemento do quadro de pixels possua 40 pixels de largura, 40 pixels de altura e seja delimitado por uma borda preta de 1 pixel. Verifica se o quadro de pixels tem altura e comprimento de 5 elementos",
              "timedOut": null,
              "duration": 553,
              "state": "passed",
              "speed": "slow",
              "pass": true,
              "fail": false,
              "pending": false,
              "context": null,
              "code": "cy.get('.pixel').should('have.length', 25).each(function (pixel) {\n  expect(pixel).to.have.css('background-color', WHITE);\n}).and(function (pixels) {\n  var rows = chunk(pixels, 5);\n  rows.forEach(function (row) {\n    for (var index = 1; index < row.length; index += 1) {\n      var current = pixels[index];\n      var previous = pixels[index - 1];\n      cy.wrap(current).should('be.onTheRightOf', previous).and('be.horizontallyAlignedWith', previous);\n    }\n  });\n  for (var index = 1; index < 5; index += 1) {\n    expect(pixels[index * 5]).to.be.belowOf(pixels[(index - 1) * 5]);\n  }\n});",
              "err": {},
              "uuid": "d8d7593d-73cf-4875-8d94-dcdc8e91ade6",
              "parentUUID": "c975646b-e8e5-499a-a412-ff21accd52dc",
              "isHook": false,
              "skipped": false
            },
            {
              "title": "Verifica se 40 pixels é o tamanho total do elemento, incluindo seu conteúdo e excluindo a borda preta, que deve ser criada à parte.",
              "fullTitle": "5 - Faça com que cada elemento do quadro de pixels possua 40 pixels de largura, 40 pixels de altura e seja delimitado por uma borda preta de 1 pixel. Verifica se 40 pixels é o tamanho total do elemento, incluindo seu conteúdo e excluindo a borda preta, que deve ser criada à parte.",
              "timedOut": null,
              "duration": 556,
              "state": "passed",
              "speed": "slow",
              "pass": true,
              "fail": false,
              "pending": false,
              "context": null,
              "code": "cy.get('.pixel').each(function (pixel) {\n  cy.wrap(pixel).should('have.css', 'height', '40px').and('have.css', 'width', '40px').and('have.css', 'border', \"1px solid \".concat(BLACK));\n});",
              "err": {},
              "uuid": "57e83ce3-6ec4-42bf-a40d-d12f1268e263",
              "parentUUID": "c975646b-e8e5-499a-a412-ff21accd52dc",
              "isHook": false,
              "skipped": false
            }
          ],
          "suites": [],
          "passes": [
            "d8d7593d-73cf-4875-8d94-dcdc8e91ade6",
            "57e83ce3-6ec4-42bf-a40d-d12f1268e263"
          ],
          "failures": [],
          "pending": [],
          "skipped": [],
          "duration": 1109,
          "root": false,
          "rootEmpty": false,
          "_timeout": 2000
        },
        {
          "uuid": "48c4f26d-5310-4548-988f-b51ec2ab9c44",
          "title": "6 - Defina a cor preta como cor inicial. Ao carregar a página a cor preta já deve estar selecionada para pintar os pixels",
          "fullFile": "",
          "file": "",
          "beforeHooks": [],
          "afterHooks": [],
          "tests": [
            {
              "title": "Verifica se o elemento da cor preta possui, inicialmente, a `classe` `selected`",
              "fullTitle": "6 - Defina a cor preta como cor inicial. Ao carregar a página a cor preta já deve estar selecionada para pintar os pixels Verifica se o elemento da cor preta possui, inicialmente, a `classe` `selected`",
              "timedOut": null,
              "duration": 322,
              "state": "passed",
              "speed": "slow",
              "pass": true,
              "fail": false,
              "pending": false,
              "context": null,
              "code": "cy.get('.selected').first().should('have.css', 'background-color', BLACK);",
              "err": {},
              "uuid": "efac9ead-4b9d-4989-a255-d5b464a180cd",
              "parentUUID": "48c4f26d-5310-4548-988f-b51ec2ab9c44",
              "isHook": false,
              "skipped": false
            },
            {
              "title": "Verifica se nenhuma outra cor da paleta tem a `classe` `selected`",
              "fullTitle": "6 - Defina a cor preta como cor inicial. Ao carregar a página a cor preta já deve estar selecionada para pintar os pixels Verifica se nenhuma outra cor da paleta tem a `classe` `selected`",
              "timedOut": null,
              "duration": 242,
              "state": "passed",
              "speed": "slow",
              "pass": true,
              "fail": false,
              "pending": false,
              "context": null,
              "code": "cy.get('.color:not(:first-child)').each(function (color) {\n  cy.wrap(color).should('not.have.class', 'selected');\n});",
              "err": {},
              "uuid": "1246c03c-0066-4763-a92c-c7c86bc96463",
              "parentUUID": "48c4f26d-5310-4548-988f-b51ec2ab9c44",
              "isHook": false,
              "skipped": false
            }
          ],
          "suites": [],
          "passes": [
            "efac9ead-4b9d-4989-a255-d5b464a180cd",
            "1246c03c-0066-4763-a92c-c7c86bc96463"
          ],
          "failures": [],
          "pending": [],
          "skipped": [],
          "duration": 564,
          "root": false,
          "rootEmpty": false,
          "_timeout": 2000
        },
        {
          "uuid": "142b25c0-b5ac-4224-a5c6-50ea44e20808",
          "title": "7 - Clicar em uma das cores da paleta, faz com que ela seja selecionada e utilizada para preencher os pixels no quadro.",
          "fullFile": "",
          "file": "",
          "beforeHooks": [],
          "afterHooks": [],
          "tests": [
            {
              "title": "Verifica se somente uma cor da paleta de cores tem a classe `selected` de cada vez",
              "fullTitle": "7 - Clicar em uma das cores da paleta, faz com que ela seja selecionada e utilizada para preencher os pixels no quadro. Verifica se somente uma cor da paleta de cores tem a classe `selected` de cada vez",
              "timedOut": null,
              "duration": 631,
              "state": "passed",
              "speed": "slow",
              "pass": true,
              "fail": false,
              "pending": false,
              "context": null,
              "code": "cy.get('.color').each(function (selectedColor, selectedColorIndex) {\n  cy.wrap(selectedColor).click();\n  cy.get('.color').each(function (color, colorIndex) {\n    if (colorIndex === selectedColorIndex) {\n      expect(color).to.have[\"class\"]('selected');\n    } else {\n      expect(color).not.to.have[\"class\"]('selected');\n    }\n  });\n});",
              "err": {},
              "uuid": "baf6d07d-0223-4535-beed-b14ddad2fd47",
              "parentUUID": "142b25c0-b5ac-4224-a5c6-50ea44e20808",
              "isHook": false,
              "skipped": false
            },
            {
              "title": "Verifica se os pixels dentro do quadro não têm a classe `selected` quando são clicados",
              "fullTitle": "7 - Clicar em uma das cores da paleta, faz com que ela seja selecionada e utilizada para preencher os pixels no quadro. Verifica se os pixels dentro do quadro não têm a classe `selected` quando são clicados",
              "timedOut": null,
              "duration": 9665,
              "state": "passed",
              "speed": "slow",
              "pass": true,
              "fail": false,
              "pending": false,
              "context": null,
              "code": "cy.get('.color').each(function (color) {\n  var backgroundColor = color.css('background-color');\n  cy.wrap(color).click();\n  cy.get('.pixel').each(function (pixel) {\n    cy.wrap(pixel).click().should('not.have.class', 'selected');\n  });\n});",
              "err": {},
              "uuid": "05005c48-7eb3-47a7-b9b4-dba8f36717ab",
              "parentUUID": "142b25c0-b5ac-4224-a5c6-50ea44e20808",
              "isHook": false,
              "skipped": false
            }
          ],
          "suites": [],
          "passes": [
            "baf6d07d-0223-4535-beed-b14ddad2fd47",
            "05005c48-7eb3-47a7-b9b4-dba8f36717ab"
          ],
          "failures": [],
          "pending": [],
          "skipped": [],
          "duration": 10296,
          "root": false,
          "rootEmpty": false,
          "_timeout": 2000
        },
        {
          "uuid": "0ce3a8aa-4282-4a4f-a217-0784ca559fdd",
          "title": "8 - Clicar em um pixel dentro do quadro após selecionar uma cor na paleta, faz com que o pixel seja preenchido com a cor selecionada.",
          "fullFile": "",
          "file": "",
          "beforeHooks": [],
          "afterHooks": [],
          "tests": [
            {
              "title": "Verifica se ao carregar a página deve ser possível pintar os pixels de preto",
              "fullTitle": "8 - Clicar em um pixel dentro do quadro após selecionar uma cor na paleta, faz com que o pixel seja preenchido com a cor selecionada. Verifica se ao carregar a página deve ser possível pintar os pixels de preto",
              "timedOut": null,
              "duration": 4692,
              "state": "failed",
              "speed": null,
              "pass": false,
              "fail": true,
              "pending": false,
              "context": null,
              "code": "cy.get('.pixel').each(function (pixel) {\n  cy.wrap(pixel).click().should('have.css', 'background-color', BLACK);\n});",
              "err": {
                "message": "CypressError: Timed out retrying: expected '<td.pixel>' to have CSS property 'background-color' with the value 'rgb(0, 0, 0)', but the value was 'rgb(255, 255, 255)'",
                "estack": "CypressError: Timed out retrying: expected '<td.pixel>' to have CSS property 'background-color' with the value 'rgb(0, 0, 0)', but the value was 'rgb(255, 255, 255)'\n    at cypressErr (http://localhost:44645/__cypress/runner/cypress_runner.js:149934:9)\n    at throwErr (http://localhost:44645/__cypress/runner/cypress_runner.js:149867:11)\n    at Object.throwErrByPath (http://localhost:44645/__cypress/runner/cypress_runner.js:149915:3)\n    at retry (http://localhost:44645/__cypress/runner/cypress_runner.js:144197:19)\n    at onFailFn (http://localhost:44645/__cypress/runner/cypress_runner.js:132448:16)\n    at tryCatcher (http://localhost:44645/__cypress/runner/cypress_runner.js:167415:23)\n    at Promise._settlePromiseFromHandler (http://localhost:44645/__cypress/runner/cypress_runner.js:165351:31)\n    at Promise._settlePromise (http://localhost:44645/__cypress/runner/cypress_runner.js:165408:18)\n    at Promise._settlePromise0 (http://localhost:44645/__cypress/runner/cypress_runner.js:165453:10)\n    at Promise._settlePromises (http://localhost:44645/__cypress/runner/cypress_runner.js:165528:18)\n    at Async../node_modules/bluebird/js/release/async.js.Async._drainQueue (http://localhost:44645/__cypress/runner/cypress_runner.js:162140:16)\n    at Async../node_modules/bluebird/js/release/async.js.Async._drainQueues (http://localhost:44645/__cypress/runner/cypress_runner.js:162150:10)\n    at Async.drainQueues (http://localhost:44645/__cypress/runner/cypress_runner.js:162024:14)",
                "diff": null
              },
              "uuid": "e5246f98-1ab5-4e8c-a22c-0739e444e725",
              "parentUUID": "0ce3a8aa-4282-4a4f-a217-0784ca559fdd",
              "isHook": false,
              "skipped": false
            },
            {
              "title": "Verifica se após selecionar uma outra cor na paleta, é possível pintar os pixels com essa cor",
              "fullTitle": "8 - Clicar em um pixel dentro do quadro após selecionar uma cor na paleta, faz com que o pixel seja preenchido com a cor selecionada. Verifica se após selecionar uma outra cor na paleta, é possível pintar os pixels com essa cor",
              "timedOut": null,
              "duration": 4878,
              "state": "failed",
              "speed": null,
              "pass": false,
              "fail": true,
              "pending": false,
              "context": null,
              "code": "cy.get('.color').each(function (color) {\n  var backgroundColor = color.css('background-color');\n  cy.wrap(color).click();\n  cy.get('.pixel').each(function (pixel) {\n    cy.wrap(pixel).click().should('have.css', 'background-color', backgroundColor);\n  });\n});",
              "err": {
                "message": "CypressError: Timed out retrying: expected '<td.pixel>' to have CSS property 'background-color' with the value 'rgb(0, 0, 0)', but the value was 'rgb(255, 255, 255)'",
                "estack": "CypressError: Timed out retrying: expected '<td.pixel>' to have CSS property 'background-color' with the value 'rgb(0, 0, 0)', but the value was 'rgb(255, 255, 255)'\n    at cypressErr (http://localhost:44645/__cypress/runner/cypress_runner.js:149934:9)\n    at throwErr (http://localhost:44645/__cypress/runner/cypress_runner.js:149867:11)\n    at Object.throwErrByPath (http://localhost:44645/__cypress/runner/cypress_runner.js:149915:3)\n    at retry (http://localhost:44645/__cypress/runner/cypress_runner.js:144197:19)\n    at onFailFn (http://localhost:44645/__cypress/runner/cypress_runner.js:132448:16)\n    at tryCatcher (http://localhost:44645/__cypress/runner/cypress_runner.js:167415:23)\n    at Promise._settlePromiseFromHandler (http://localhost:44645/__cypress/runner/cypress_runner.js:165351:31)\n    at Promise._settlePromise (http://localhost:44645/__cypress/runner/cypress_runner.js:165408:18)\n    at Promise._settlePromise0 (http://localhost:44645/__cypress/runner/cypress_runner.js:165453:10)\n    at Promise._settlePromises (http://localhost:44645/__cypress/runner/cypress_runner.js:165528:18)\n    at Async../node_modules/bluebird/js/release/async.js.Async._drainQueue (http://localhost:44645/__cypress/runner/cypress_runner.js:162140:16)\n    at Async../node_modules/bluebird/js/release/async.js.Async._drainQueues (http://localhost:44645/__cypress/runner/cypress_runner.js:162150:10)\n    at Async.drainQueues (http://localhost:44645/__cypress/runner/cypress_runner.js:162024:14)",
                "diff": null
              },
              "uuid": "75d34ac6-8620-450c-8a98-187993ff3fb5",
              "parentUUID": "0ce3a8aa-4282-4a4f-a217-0784ca559fdd",
              "isHook": false,
              "skipped": false
            },
            {
              "title": "Verifica se somente o pixel que foi clicado foi preenchido com a cor selecionada, sem influenciar na cor dos demais pixels.",
              "fullTitle": "8 - Clicar em um pixel dentro do quadro após selecionar uma cor na paleta, faz com que o pixel seja preenchido com a cor selecionada. Verifica se somente o pixel que foi clicado foi preenchido com a cor selecionada, sem influenciar na cor dos demais pixels.",
              "timedOut": null,
              "duration": 2442,
              "state": "passed",
              "speed": "slow",
              "pass": true,
              "fail": false,
              "pending": false,
              "context": null,
              "code": "var colorToPixelIndexMap = {\n  0: 6,\n  1: 8,\n  2: 16,\n  3: 18\n};\ncy.get('.color').each(function (color, index) {\n  cy.wrap(color).click();\n  var backgroundColor = color.css('background-color');\n  var clickedPixelIndex = colorToPixelIndexMap[index];\n  cy.get('.pixel').eq(clickedPixelIndex).click();\n  cy.get('.pixel').eq(clickedPixelIndex - 1).should('not.have.css', 'background-color', backgroundColor);\n  cy.get('.pixel').eq(clickedPixelIndex + 1).should('not.have.css', 'background-color', backgroundColor);\n  cy.get('.pixel').eq(clickedPixelIndex - 5).should('not.have.css', 'background-color', backgroundColor);\n  cy.get('.pixel').eq(clickedPixelIndex + 5).should('not.have.css', 'background-color', backgroundColor);\n  cy.get('.pixel').eq(clickedPixelIndex - 6).should('not.have.css', 'background-color', backgroundColor);\n  cy.get('.pixel').eq(clickedPixelIndex - 4).should('not.have.css', 'background-color', backgroundColor);\n  cy.get('.pixel').eq(clickedPixelIndex + 4).should('not.have.css', 'background-color', backgroundColor);\n  cy.get('.pixel').eq(clickedPixelIndex + 6).should('not.have.css', 'background-color', backgroundColor);\n});",
              "err": {},
              "uuid": "8a7a9c28-2f42-493f-9cf7-f5868f994c21",
              "parentUUID": "0ce3a8aa-4282-4a4f-a217-0784ca559fdd",
              "isHook": false,
              "skipped": false
            }
          ],
          "suites": [],
          "passes": [
            "8a7a9c28-2f42-493f-9cf7-f5868f994c21"
          ],
          "failures": [
            "e5246f98-1ab5-4e8c-a22c-0739e444e725",
            "75d34ac6-8620-450c-8a98-187993ff3fb5"
          ],
          "pending": [],
          "skipped": [],
          "duration": 12012,
          "root": false,
          "rootEmpty": false,
          "_timeout": 2000
        },
        {
          "uuid": "d6bb4240-1b9e-4fd5-9394-e35bdab05035",
          "title": "9 - Crie um botão que, ao ser clicado, limpa o quadro preenchendo a cor de todos seus pixels com branco.",
          "fullFile": "",
          "file": "",
          "beforeHooks": [],
          "afterHooks": [],
          "tests": [
            {
              "title": "Verifica se o botão tem o `id` denominado `clear-board`",
              "fullTitle": "9 - Crie um botão que, ao ser clicado, limpa o quadro preenchendo a cor de todos seus pixels com branco. Verifica se o botão tem o `id` denominado `clear-board`",
              "timedOut": null,
              "duration": 292,
              "state": "passed",
              "speed": "slow",
              "pass": true,
              "fail": false,
              "pending": false,
              "context": null,
              "code": "cy.get('#clear-board').should('be.visible');",
              "err": {},
              "uuid": "80e5ce56-14e3-4f77-a0ef-69df792a34de",
              "parentUUID": "d6bb4240-1b9e-4fd5-9394-e35bdab05035",
              "isHook": false,
              "skipped": false
            },
            {
              "title": "Verifica se o botão está posicionado entre a paleta de cores e o quadro de pixels",
              "fullTitle": "9 - Crie um botão que, ao ser clicado, limpa o quadro preenchendo a cor de todos seus pixels com branco. Verifica se o botão está posicionado entre a paleta de cores e o quadro de pixels",
              "timedOut": null,
              "duration": 242,
              "state": "passed",
              "speed": "slow",
              "pass": true,
              "fail": false,
              "pending": false,
              "context": null,
              "code": "cy.get('#color-palette').then(function (palette) {\n  cy.get('#clear-board').should('be.belowOf', palette);\n});\ncy.get('#clear-board').then(function (clearBtn) {\n  cy.get('#pixel-board').should('be.belowOf', clearBtn);\n});",
              "err": {},
              "uuid": "b6433ca1-ae09-498d-a5bb-a74d600e0897",
              "parentUUID": "d6bb4240-1b9e-4fd5-9394-e35bdab05035",
              "isHook": false,
              "skipped": false
            },
            {
              "title": "Verifica se o texto do botão é 'Limpar'",
              "fullTitle": "9 - Crie um botão que, ao ser clicado, limpa o quadro preenchendo a cor de todos seus pixels com branco. Verifica se o texto do botão é 'Limpar'",
              "timedOut": null,
              "duration": 131,
              "state": "passed",
              "speed": "slow",
              "pass": true,
              "fail": false,
              "pending": false,
              "context": null,
              "code": "cy.get('#clear-board').should('contain.text', 'Limpar');",
              "err": {},
              "uuid": "c8713e00-6f4c-49bc-ba39-dc094070dbb6",
              "parentUUID": "d6bb4240-1b9e-4fd5-9394-e35bdab05035",
              "isHook": false,
              "skipped": false
            },
            {
              "title": "Verifica se ao clicar no botão, o quadro de pixels é totalmente preenchido de branco",
              "fullTitle": "9 - Crie um botão que, ao ser clicado, limpa o quadro preenchendo a cor de todos seus pixels com branco. Verifica se ao clicar no botão, o quadro de pixels é totalmente preenchido de branco",
              "timedOut": null,
              "duration": 4593,
              "state": "failed",
              "speed": null,
              "pass": false,
              "fail": true,
              "pending": false,
              "context": null,
              "code": "cy.get('.color').eq(1).then(function (color) {\n  var backgroundColor = color.css('background-color');\n  cy.wrap(color).click();\n  cy.get('.pixel').each(function (pixel) {\n    cy.wrap(pixel).click().should('have.css', 'background-color', backgroundColor);\n  });\n});\ncy.get('#clear-board').click();\ncy.get('.pixel').each(function (pixel) {\n  cy.wrap(pixel).should('have.css', 'background-color', WHITE);\n});",
              "err": {
                "message": "CypressError: Timed out retrying: expected '<td.pixel>' to have CSS property 'background-color' with the value 'rgb(255, 165, 0)', but the value was 'rgb(255, 255, 255)'",
                "estack": "CypressError: Timed out retrying: expected '<td.pixel>' to have CSS property 'background-color' with the value 'rgb(255, 165, 0)', but the value was 'rgb(255, 255, 255)'\n    at cypressErr (http://localhost:44645/__cypress/runner/cypress_runner.js:149934:9)\n    at throwErr (http://localhost:44645/__cypress/runner/cypress_runner.js:149867:11)\n    at Object.throwErrByPath (http://localhost:44645/__cypress/runner/cypress_runner.js:149915:3)\n    at retry (http://localhost:44645/__cypress/runner/cypress_runner.js:144197:19)\n    at onFailFn (http://localhost:44645/__cypress/runner/cypress_runner.js:132448:16)\n    at tryCatcher (http://localhost:44645/__cypress/runner/cypress_runner.js:167415:23)\n    at Promise._settlePromiseFromHandler (http://localhost:44645/__cypress/runner/cypress_runner.js:165351:31)\n    at Promise._settlePromise (http://localhost:44645/__cypress/runner/cypress_runner.js:165408:18)\n    at Promise._settlePromise0 (http://localhost:44645/__cypress/runner/cypress_runner.js:165453:10)\n    at Promise._settlePromises (http://localhost:44645/__cypress/runner/cypress_runner.js:165528:18)\n    at Async../node_modules/bluebird/js/release/async.js.Async._drainQueue (http://localhost:44645/__cypress/runner/cypress_runner.js:162140:16)\n    at Async../node_modules/bluebird/js/release/async.js.Async._drainQueues (http://localhost:44645/__cypress/runner/cypress_runner.js:162150:10)\n    at Async.drainQueues (http://localhost:44645/__cypress/runner/cypress_runner.js:162024:14)",
                "diff": null
              },
              "uuid": "7cc80cb2-53d5-42f8-a754-00662aa0a919",
              "parentUUID": "d6bb4240-1b9e-4fd5-9394-e35bdab05035",
              "isHook": false,
              "skipped": false
            }
          ],
          "suites": [],
          "passes": [
            "80e5ce56-14e3-4f77-a0ef-69df792a34de",
            "b6433ca1-ae09-498d-a5bb-a74d600e0897",
            "c8713e00-6f4c-49bc-ba39-dc094070dbb6"
          ],
          "failures": [
            "7cc80cb2-53d5-42f8-a754-00662aa0a919"
          ],
          "pending": [],
          "skipped": [],
          "duration": 5258,
          "root": false,
          "rootEmpty": false,
          "_timeout": 2000
        },
        {
          "uuid": "965584fb-c8c7-4e86-9f27-328c2b13c11b",
          "title": "10 - Faça o quadro de pixels ter seu tamanho definido pelo usuário.",
          "fullFile": "",
          "file": "",
          "beforeHooks": [],
          "afterHooks": [],
          "tests": [
            {
              "title": "Verifica se existe um input com o id `board-size`",
              "fullTitle": "10 - Faça o quadro de pixels ter seu tamanho definido pelo usuário. Verifica se existe um input com o id `board-size`",
              "timedOut": null,
              "duration": 4761,
              "state": "failed",
              "speed": null,
              "pass": false,
              "fail": true,
              "pending": false,
              "context": null,
              "code": "cy.get('#board-size').should('be.visible');",
              "err": {
                "message": "CypressError: Timed out retrying: Expected to find element: '#board-size', but never found it.",
                "estack": "CypressError: Timed out retrying: Expected to find element: '#board-size', but never found it.\n    at cypressErr (http://localhost:44645/__cypress/runner/cypress_runner.js:149934:9)\n    at throwErr (http://localhost:44645/__cypress/runner/cypress_runner.js:149867:11)\n    at Object.throwErrByPath (http://localhost:44645/__cypress/runner/cypress_runner.js:149915:3)\n    at retry (http://localhost:44645/__cypress/runner/cypress_runner.js:144197:19)\n    at onFailFn (http://localhost:44645/__cypress/runner/cypress_runner.js:132448:16)\n    at tryCatcher (http://localhost:44645/__cypress/runner/cypress_runner.js:167415:23)\n    at Promise._settlePromiseFromHandler (http://localhost:44645/__cypress/runner/cypress_runner.js:165351:31)\n    at Promise._settlePromise (http://localhost:44645/__cypress/runner/cypress_runner.js:165408:18)\n    at Promise._settlePromise0 (http://localhost:44645/__cypress/runner/cypress_runner.js:165453:10)\n    at Promise._settlePromises (http://localhost:44645/__cypress/runner/cypress_runner.js:165528:18)\n    at Async../node_modules/bluebird/js/release/async.js.Async._drainQueue (http://localhost:44645/__cypress/runner/cypress_runner.js:162140:16)\n    at Async../node_modules/bluebird/js/release/async.js.Async._drainQueues (http://localhost:44645/__cypress/runner/cypress_runner.js:162150:10)\n    at Async.drainQueues (http://localhost:44645/__cypress/runner/cypress_runner.js:162024:14)",
                "diff": null
              },
              "uuid": "ed3a8da9-c1d6-4080-8b82-3eaa42bf4dc2",
              "parentUUID": "965584fb-c8c7-4e86-9f27-328c2b13c11b",
              "isHook": false,
              "skipped": false
            },
            {
              "title": "Verifica se existe um botão com o id `generate-board`",
              "fullTitle": "10 - Faça o quadro de pixels ter seu tamanho definido pelo usuário. Verifica se existe um botão com o id `generate-board`",
              "timedOut": null,
              "duration": 4608,
              "state": "failed",
              "speed": null,
              "pass": false,
              "fail": true,
              "pending": false,
              "context": null,
              "code": "cy.get('#generate-board').should('be.visible');",
              "err": {
                "message": "CypressError: Timed out retrying: Expected to find element: '#generate-board', but never found it.",
                "estack": "CypressError: Timed out retrying: Expected to find element: '#generate-board', but never found it.\n    at cypressErr (http://localhost:44645/__cypress/runner/cypress_runner.js:149934:9)\n    at throwErr (http://localhost:44645/__cypress/runner/cypress_runner.js:149867:11)\n    at Object.throwErrByPath (http://localhost:44645/__cypress/runner/cypress_runner.js:149915:3)\n    at retry (http://localhost:44645/__cypress/runner/cypress_runner.js:144197:19)\n    at onFailFn (http://localhost:44645/__cypress/runner/cypress_runner.js:132448:16)\n    at tryCatcher (http://localhost:44645/__cypress/runner/cypress_runner.js:167415:23)\n    at Promise._settlePromiseFromHandler (http://localhost:44645/__cypress/runner/cypress_runner.js:165351:31)\n    at Promise._settlePromise (http://localhost:44645/__cypress/runner/cypress_runner.js:165408:18)\n    at Promise._settlePromise0 (http://localhost:44645/__cypress/runner/cypress_runner.js:165453:10)\n    at Promise._settlePromises (http://localhost:44645/__cypress/runner/cypress_runner.js:165528:18)\n    at Async../node_modules/bluebird/js/release/async.js.Async._drainQueue (http://localhost:44645/__cypress/runner/cypress_runner.js:162140:16)\n    at Async../node_modules/bluebird/js/release/async.js.Async._drainQueues (http://localhost:44645/__cypress/runner/cypress_runner.js:162150:10)\n    at Async.drainQueues (http://localhost:44645/__cypress/runner/cypress_runner.js:162024:14)",
                "diff": null
              },
              "uuid": "7787bc7e-bbce-4ba9-9020-654e752e1260",
              "parentUUID": "965584fb-c8c7-4e86-9f27-328c2b13c11b",
              "isHook": false,
              "skipped": false
            },
            {
              "title": "Verifica se o input só aceita número maiores que zero. Essa restrição deve ser feita usando os atributos do elemento `input`",
              "fullTitle": "10 - Faça o quadro de pixels ter seu tamanho definido pelo usuário. Verifica se o input só aceita número maiores que zero. Essa restrição deve ser feita usando os atributos do elemento `input`",
              "timedOut": null,
              "duration": 4575,
              "state": "failed",
              "speed": null,
              "pass": false,
              "fail": true,
              "pending": false,
              "context": null,
              "code": "cy.get('#board-size[type=\\'number\\'][min=\\'1\\']');",
              "err": {
                "message": "CypressError: Timed out retrying: Expected to find element: '#board-size[type='number'][min='1']', but never found it.",
                "estack": "CypressError: Timed out retrying: Expected to find element: '#board-size[type='number'][min='1']', but never found it.\n    at cypressErr (http://localhost:44645/__cypress/runner/cypress_runner.js:149934:9)\n    at throwErr (http://localhost:44645/__cypress/runner/cypress_runner.js:149867:11)\n    at Object.throwErrByPath (http://localhost:44645/__cypress/runner/cypress_runner.js:149915:3)\n    at retry (http://localhost:44645/__cypress/runner/cypress_runner.js:144197:19)\n    at onFailFn (http://localhost:44645/__cypress/runner/cypress_runner.js:132448:16)\n    at tryCatcher (http://localhost:44645/__cypress/runner/cypress_runner.js:167415:23)\n    at Promise._settlePromiseFromHandler (http://localhost:44645/__cypress/runner/cypress_runner.js:165351:31)\n    at Promise._settlePromise (http://localhost:44645/__cypress/runner/cypress_runner.js:165408:18)\n    at Promise._settlePromise0 (http://localhost:44645/__cypress/runner/cypress_runner.js:165453:10)\n    at Promise._settlePromises (http://localhost:44645/__cypress/runner/cypress_runner.js:165528:18)\n    at Async../node_modules/bluebird/js/release/async.js.Async._drainQueue (http://localhost:44645/__cypress/runner/cypress_runner.js:162140:16)\n    at Async../node_modules/bluebird/js/release/async.js.Async._drainQueues (http://localhost:44645/__cypress/runner/cypress_runner.js:162150:10)\n    at Async.drainQueues (http://localhost:44645/__cypress/runner/cypress_runner.js:162024:14)",
                "diff": null
              },
              "uuid": "58d8b8d9-23c7-4cfa-93d6-bd51c6b96164",
              "parentUUID": "965584fb-c8c7-4e86-9f27-328c2b13c11b",
              "isHook": false,
              "skipped": false
            },
            {
              "title": "Verifica se o botão contém o texto 'VQV'",
              "fullTitle": "10 - Faça o quadro de pixels ter seu tamanho definido pelo usuário. Verifica se o botão contém o texto 'VQV'",
              "timedOut": null,
              "duration": 4545,
              "state": "failed",
              "speed": null,
              "pass": false,
              "fail": true,
              "pending": false,
              "context": null,
              "code": "cy.get('#generate-board').contains(/vqv/i);",
              "err": {
                "message": "CypressError: Timed out retrying: Expected to find element: '#generate-board', but never found it.",
                "estack": "CypressError: Timed out retrying: Expected to find element: '#generate-board', but never found it.\n    at cypressErr (http://localhost:44645/__cypress/runner/cypress_runner.js:149934:9)\n    at throwErr (http://localhost:44645/__cypress/runner/cypress_runner.js:149867:11)\n    at Object.throwErrByPath (http://localhost:44645/__cypress/runner/cypress_runner.js:149915:3)\n    at retry (http://localhost:44645/__cypress/runner/cypress_runner.js:144197:19)\n    at onFailFn (http://localhost:44645/__cypress/runner/cypress_runner.js:132448:16)\n    at tryCatcher (http://localhost:44645/__cypress/runner/cypress_runner.js:167415:23)\n    at Promise._settlePromiseFromHandler (http://localhost:44645/__cypress/runner/cypress_runner.js:165351:31)\n    at Promise._settlePromise (http://localhost:44645/__cypress/runner/cypress_runner.js:165408:18)\n    at Promise._settlePromise0 (http://localhost:44645/__cypress/runner/cypress_runner.js:165453:10)\n    at Promise._settlePromises (http://localhost:44645/__cypress/runner/cypress_runner.js:165528:18)\n    at Async../node_modules/bluebird/js/release/async.js.Async._drainQueue (http://localhost:44645/__cypress/runner/cypress_runner.js:162140:16)\n    at Async../node_modules/bluebird/js/release/async.js.Async._drainQueues (http://localhost:44645/__cypress/runner/cypress_runner.js:162150:10)\n    at Async.drainQueues (http://localhost:44645/__cypress/runner/cypress_runner.js:162024:14)",
                "diff": null
              },
              "uuid": "8e7ed5aa-ecbf-4f07-a4f6-9587efa1d4f7",
              "parentUUID": "965584fb-c8c7-4e86-9f27-328c2b13c11b",
              "isHook": false,
              "skipped": false
            },
            {
              "title": "Verifica se o input está posicionado entre a paleta de cores e o quadro de pixels",
              "fullTitle": "10 - Faça o quadro de pixels ter seu tamanho definido pelo usuário. Verifica se o input está posicionado entre a paleta de cores e o quadro de pixels",
              "timedOut": null,
              "duration": 4614,
              "state": "failed",
              "speed": null,
              "pass": false,
              "fail": true,
              "pending": false,
              "context": null,
              "code": "cy.get('#color-palette').then(function (palette) {\n  cy.get('#board-size').should('be.belowOf', palette);\n});\ncy.get('#board-size').then(function (palette) {\n  cy.get('#pixel-board').should('be.belowOf', palette);\n});",
              "err": {
                "message": "CypressError: Timed out retrying: Expected to find element: '#board-size', but never found it.",
                "estack": "CypressError: Timed out retrying: Expected to find element: '#board-size', but never found it.\n    at cypressErr (http://localhost:44645/__cypress/runner/cypress_runner.js:149934:9)\n    at throwErr (http://localhost:44645/__cypress/runner/cypress_runner.js:149867:11)\n    at Object.throwErrByPath (http://localhost:44645/__cypress/runner/cypress_runner.js:149915:3)\n    at retry (http://localhost:44645/__cypress/runner/cypress_runner.js:144197:19)\n    at onFailFn (http://localhost:44645/__cypress/runner/cypress_runner.js:132448:16)\n    at tryCatcher (http://localhost:44645/__cypress/runner/cypress_runner.js:167415:23)\n    at Promise._settlePromiseFromHandler (http://localhost:44645/__cypress/runner/cypress_runner.js:165351:31)\n    at Promise._settlePromise (http://localhost:44645/__cypress/runner/cypress_runner.js:165408:18)\n    at Promise._settlePromise0 (http://localhost:44645/__cypress/runner/cypress_runner.js:165453:10)\n    at Promise._settlePromises (http://localhost:44645/__cypress/runner/cypress_runner.js:165528:18)\n    at Async../node_modules/bluebird/js/release/async.js.Async._drainQueue (http://localhost:44645/__cypress/runner/cypress_runner.js:162140:16)\n    at Async../node_modules/bluebird/js/release/async.js.Async._drainQueues (http://localhost:44645/__cypress/runner/cypress_runner.js:162150:10)\n    at Async.drainQueues (http://localhost:44645/__cypress/runner/cypress_runner.js:162024:14)",
                "diff": null
              },
              "uuid": "8ac448f9-77c0-4961-b3a8-dab5a3b4e2fb",
              "parentUUID": "965584fb-c8c7-4e86-9f27-328c2b13c11b",
              "isHook": false,
              "skipped": false
            },
            {
              "title": "Verifica se o botão está posicionado ao lado do input",
              "fullTitle": "10 - Faça o quadro de pixels ter seu tamanho definido pelo usuário. Verifica se o botão está posicionado ao lado do input",
              "timedOut": null,
              "duration": 4622,
              "state": "failed",
              "speed": null,
              "pass": false,
              "fail": true,
              "pending": false,
              "context": null,
              "code": "cy.get('#board-size').then(function (board) {\n  cy.get('#generate-board').should('be.onTheRightOf', board);\n});",
              "err": {
                "message": "CypressError: Timed out retrying: Expected to find element: '#board-size', but never found it.",
                "estack": "CypressError: Timed out retrying: Expected to find element: '#board-size', but never found it.\n    at cypressErr (http://localhost:44645/__cypress/runner/cypress_runner.js:149934:9)\n    at throwErr (http://localhost:44645/__cypress/runner/cypress_runner.js:149867:11)\n    at Object.throwErrByPath (http://localhost:44645/__cypress/runner/cypress_runner.js:149915:3)\n    at retry (http://localhost:44645/__cypress/runner/cypress_runner.js:144197:19)\n    at onFailFn (http://localhost:44645/__cypress/runner/cypress_runner.js:132448:16)\n    at tryCatcher (http://localhost:44645/__cypress/runner/cypress_runner.js:167415:23)\n    at Promise._settlePromiseFromHandler (http://localhost:44645/__cypress/runner/cypress_runner.js:165351:31)\n    at Promise._settlePromise (http://localhost:44645/__cypress/runner/cypress_runner.js:165408:18)\n    at Promise._settlePromise0 (http://localhost:44645/__cypress/runner/cypress_runner.js:165453:10)\n    at Promise._settlePromises (http://localhost:44645/__cypress/runner/cypress_runner.js:165528:18)\n    at Async../node_modules/bluebird/js/release/async.js.Async._drainQueue (http://localhost:44645/__cypress/runner/cypress_runner.js:162140:16)\n    at Async../node_modules/bluebird/js/release/async.js.Async._drainQueues (http://localhost:44645/__cypress/runner/cypress_runner.js:162150:10)\n    at Async.drainQueues (http://localhost:44645/__cypress/runner/cypress_runner.js:162024:14)",
                "diff": null
              },
              "uuid": "01720bee-7b7a-4230-b861-f44140fdfb3c",
              "parentUUID": "965584fb-c8c7-4e86-9f27-328c2b13c11b",
              "isHook": false,
              "skipped": false
            },
            {
              "title": "Verifica se nenhum valor for colocado no input ao clicar no botão, um `alert` é exibido com o texto: 'Board inválido!'",
              "fullTitle": "10 - Faça o quadro de pixels ter seu tamanho definido pelo usuário. Verifica se nenhum valor for colocado no input ao clicar no botão, um `alert` é exibido com o texto: 'Board inválido!'",
              "timedOut": null,
              "duration": 4592,
              "state": "failed",
              "speed": null,
              "pass": false,
              "fail": true,
              "pending": false,
              "context": null,
              "code": "var alerted = false;\ncy.on('window:alert', function (msg) {\n  return alerted = msg;\n});\ncy.get('#generate-board').click().then(function () {\n  return expect(alerted).to.match(/Board inválido!/i);\n});",
              "err": {
                "message": "CypressError: Timed out retrying: Expected to find element: '#generate-board', but never found it.",
                "estack": "CypressError: Timed out retrying: Expected to find element: '#generate-board', but never found it.\n    at cypressErr (http://localhost:44645/__cypress/runner/cypress_runner.js:149934:9)\n    at throwErr (http://localhost:44645/__cypress/runner/cypress_runner.js:149867:11)\n    at Object.throwErrByPath (http://localhost:44645/__cypress/runner/cypress_runner.js:149915:3)\n    at retry (http://localhost:44645/__cypress/runner/cypress_runner.js:144197:19)\n    at onFailFn (http://localhost:44645/__cypress/runner/cypress_runner.js:132448:16)\n    at tryCatcher (http://localhost:44645/__cypress/runner/cypress_runner.js:167415:23)\n    at Promise._settlePromiseFromHandler (http://localhost:44645/__cypress/runner/cypress_runner.js:165351:31)\n    at Promise._settlePromise (http://localhost:44645/__cypress/runner/cypress_runner.js:165408:18)\n    at Promise._settlePromise0 (http://localhost:44645/__cypress/runner/cypress_runner.js:165453:10)\n    at Promise._settlePromises (http://localhost:44645/__cypress/runner/cypress_runner.js:165528:18)\n    at Async../node_modules/bluebird/js/release/async.js.Async._drainQueue (http://localhost:44645/__cypress/runner/cypress_runner.js:162140:16)\n    at Async../node_modules/bluebird/js/release/async.js.Async._drainQueues (http://localhost:44645/__cypress/runner/cypress_runner.js:162150:10)\n    at Async.drainQueues (http://localhost:44645/__cypress/runner/cypress_runner.js:162024:14)",
                "diff": null
              },
              "uuid": "bc326584-e114-4b46-9aad-4f92a55e1b48",
              "parentUUID": "965584fb-c8c7-4e86-9f27-328c2b13c11b",
              "isHook": false,
              "skipped": false
            },
            {
              "title": "Verifica se ao clicar no botão com um valor preenchido, o tamanho do board muda.",
              "fullTitle": "10 - Faça o quadro de pixels ter seu tamanho definido pelo usuário. Verifica se ao clicar no botão com um valor preenchido, o tamanho do board muda.",
              "timedOut": null,
              "duration": 4524,
              "state": "failed",
              "speed": null,
              "pass": false,
              "fail": true,
              "pending": false,
              "context": null,
              "code": "cy.get('#board-size').clear().type(10);\ncy.get('#generate-board').click();\ncy.get('.pixel').should('have.length', 100);",
              "err": {
                "message": "CypressError: Timed out retrying: Expected to find element: '#board-size', but never found it.",
                "estack": "CypressError: Timed out retrying: Expected to find element: '#board-size', but never found it.\n    at cypressErr (http://localhost:44645/__cypress/runner/cypress_runner.js:149934:9)\n    at throwErr (http://localhost:44645/__cypress/runner/cypress_runner.js:149867:11)\n    at Object.throwErrByPath (http://localhost:44645/__cypress/runner/cypress_runner.js:149915:3)\n    at retry (http://localhost:44645/__cypress/runner/cypress_runner.js:144197:19)\n    at onFailFn (http://localhost:44645/__cypress/runner/cypress_runner.js:132448:16)\n    at tryCatcher (http://localhost:44645/__cypress/runner/cypress_runner.js:167415:23)\n    at Promise._settlePromiseFromHandler (http://localhost:44645/__cypress/runner/cypress_runner.js:165351:31)\n    at Promise._settlePromise (http://localhost:44645/__cypress/runner/cypress_runner.js:165408:18)\n    at Promise._settlePromise0 (http://localhost:44645/__cypress/runner/cypress_runner.js:165453:10)\n    at Promise._settlePromises (http://localhost:44645/__cypress/runner/cypress_runner.js:165528:18)\n    at Async../node_modules/bluebird/js/release/async.js.Async._drainQueue (http://localhost:44645/__cypress/runner/cypress_runner.js:162140:16)\n    at Async../node_modules/bluebird/js/release/async.js.Async._drainQueues (http://localhost:44645/__cypress/runner/cypress_runner.js:162150:10)\n    at Async.drainQueues (http://localhost:44645/__cypress/runner/cypress_runner.js:162024:14)",
                "diff": null
              },
              "uuid": "1b6ab6fc-4adc-424d-8a9a-357b0c2d89bf",
              "parentUUID": "965584fb-c8c7-4e86-9f27-328c2b13c11b",
              "isHook": false,
              "skipped": false
            },
            {
              "title": "Verifica se o novo quadro tem todos os pixels preenchidos com a cor branca",
              "fullTitle": "10 - Faça o quadro de pixels ter seu tamanho definido pelo usuário. Verifica se o novo quadro tem todos os pixels preenchidos com a cor branca",
              "timedOut": null,
              "duration": 4727,
              "state": "failed",
              "speed": null,
              "pass": false,
              "fail": true,
              "pending": false,
              "context": null,
              "code": "cy.get('#board-size').clear().type(6);\ncy.get('#generate-board').click();\ncy.get('.pixel').should('have.length', 36).each(function (pixel) {\n  expect(pixel).to.have.css('background-color', WHITE);\n});",
              "err": {
                "message": "CypressError: Timed out retrying: Expected to find element: '#board-size', but never found it.",
                "estack": "CypressError: Timed out retrying: Expected to find element: '#board-size', but never found it.\n    at cypressErr (http://localhost:44645/__cypress/runner/cypress_runner.js:149934:9)\n    at throwErr (http://localhost:44645/__cypress/runner/cypress_runner.js:149867:11)\n    at Object.throwErrByPath (http://localhost:44645/__cypress/runner/cypress_runner.js:149915:3)\n    at retry (http://localhost:44645/__cypress/runner/cypress_runner.js:144197:19)\n    at onFailFn (http://localhost:44645/__cypress/runner/cypress_runner.js:132448:16)\n    at tryCatcher (http://localhost:44645/__cypress/runner/cypress_runner.js:167415:23)\n    at Promise._settlePromiseFromHandler (http://localhost:44645/__cypress/runner/cypress_runner.js:165351:31)\n    at Promise._settlePromise (http://localhost:44645/__cypress/runner/cypress_runner.js:165408:18)\n    at Promise._settlePromise0 (http://localhost:44645/__cypress/runner/cypress_runner.js:165453:10)\n    at Promise._settlePromises (http://localhost:44645/__cypress/runner/cypress_runner.js:165528:18)\n    at Async../node_modules/bluebird/js/release/async.js.Async._drainQueue (http://localhost:44645/__cypress/runner/cypress_runner.js:162140:16)\n    at Async../node_modules/bluebird/js/release/async.js.Async._drainQueues (http://localhost:44645/__cypress/runner/cypress_runner.js:162150:10)\n    at Async.drainQueues (http://localhost:44645/__cypress/runner/cypress_runner.js:162024:14)",
                "diff": null
              },
              "uuid": "f163c96d-fa90-4fde-93b6-22fe33c6daa1",
              "parentUUID": "965584fb-c8c7-4e86-9f27-328c2b13c11b",
              "isHook": false,
              "skipped": false
            }
          ],
          "suites": [],
          "passes": [],
          "failures": [
            "ed3a8da9-c1d6-4080-8b82-3eaa42bf4dc2",
            "7787bc7e-bbce-4ba9-9020-654e752e1260",
            "58d8b8d9-23c7-4cfa-93d6-bd51c6b96164",
            "8e7ed5aa-ecbf-4f07-a4f6-9587efa1d4f7",
            "8ac448f9-77c0-4961-b3a8-dab5a3b4e2fb",
            "01720bee-7b7a-4230-b861-f44140fdfb3c",
            "bc326584-e114-4b46-9aad-4f92a55e1b48",
            "1b6ab6fc-4adc-424d-8a9a-357b0c2d89bf",
            "f163c96d-fa90-4fde-93b6-22fe33c6daa1"
          ],
          "pending": [],
          "skipped": [],
          "duration": 41568,
          "root": false,
          "rootEmpty": false,
          "_timeout": 2000
        },
        {
          "uuid": "bea45cae-9f89-4117-b4de-eeeccba8fbd6",
          "title": "11 - Limite o tamanho mínimo e máximo do board.",
          "fullFile": "",
          "file": "",
          "beforeHooks": [],
          "afterHooks": [],
          "tests": [
            {
              "title": "Verifica se a altura máxima do board é 50",
              "fullTitle": "11 - Limite o tamanho mínimo e máximo do board. Verifica se a altura máxima do board é 50",
              "timedOut": null,
              "duration": 4856,
              "state": "failed",
              "speed": null,
              "pass": false,
              "fail": true,
              "pending": false,
              "context": null,
              "code": "cy.get('#board-size').clear().type(50);\ncy.get('#generate-board').click();\ncy.get('.pixel').should('have.length', 2500);",
              "err": {
                "message": "CypressError: Timed out retrying: Expected to find element: '#board-size', but never found it.",
                "estack": "CypressError: Timed out retrying: Expected to find element: '#board-size', but never found it.\n    at cypressErr (http://localhost:44645/__cypress/runner/cypress_runner.js:149934:9)\n    at throwErr (http://localhost:44645/__cypress/runner/cypress_runner.js:149867:11)\n    at Object.throwErrByPath (http://localhost:44645/__cypress/runner/cypress_runner.js:149915:3)\n    at retry (http://localhost:44645/__cypress/runner/cypress_runner.js:144197:19)\n    at onFailFn (http://localhost:44645/__cypress/runner/cypress_runner.js:132448:16)\n    at tryCatcher (http://localhost:44645/__cypress/runner/cypress_runner.js:167415:23)\n    at Promise._settlePromiseFromHandler (http://localhost:44645/__cypress/runner/cypress_runner.js:165351:31)\n    at Promise._settlePromise (http://localhost:44645/__cypress/runner/cypress_runner.js:165408:18)\n    at Promise._settlePromise0 (http://localhost:44645/__cypress/runner/cypress_runner.js:165453:10)\n    at Promise._settlePromises (http://localhost:44645/__cypress/runner/cypress_runner.js:165528:18)\n    at Async../node_modules/bluebird/js/release/async.js.Async._drainQueue (http://localhost:44645/__cypress/runner/cypress_runner.js:162140:16)\n    at Async../node_modules/bluebird/js/release/async.js.Async._drainQueues (http://localhost:44645/__cypress/runner/cypress_runner.js:162150:10)\n    at Async.drainQueues (http://localhost:44645/__cypress/runner/cypress_runner.js:162024:14)",
                "diff": null
              },
              "uuid": "1610909e-4b61-47e9-9b3b-8b5cfd1713b6",
              "parentUUID": "bea45cae-9f89-4117-b4de-eeeccba8fbd6",
              "isHook": false,
              "skipped": false
            },
            {
              "title": "Verifica se a altura do board é 5 quando um valor menor é colocado no input",
              "fullTitle": "11 - Limite o tamanho mínimo e máximo do board. Verifica se a altura do board é 5 quando um valor menor é colocado no input",
              "timedOut": null,
              "duration": 4619,
              "state": "failed",
              "speed": null,
              "pass": false,
              "fail": true,
              "pending": false,
              "context": null,
              "code": "cy.get('#board-size').clear().type(4);\ncy.get('#generate-board').click();\ncy.get('.pixel').should('have.length', 25);",
              "err": {
                "message": "CypressError: Timed out retrying: Expected to find element: '#board-size', but never found it.",
                "estack": "CypressError: Timed out retrying: Expected to find element: '#board-size', but never found it.\n    at cypressErr (http://localhost:44645/__cypress/runner/cypress_runner.js:149934:9)\n    at throwErr (http://localhost:44645/__cypress/runner/cypress_runner.js:149867:11)\n    at Object.throwErrByPath (http://localhost:44645/__cypress/runner/cypress_runner.js:149915:3)\n    at retry (http://localhost:44645/__cypress/runner/cypress_runner.js:144197:19)\n    at onFailFn (http://localhost:44645/__cypress/runner/cypress_runner.js:132448:16)\n    at tryCatcher (http://localhost:44645/__cypress/runner/cypress_runner.js:167415:23)\n    at Promise._settlePromiseFromHandler (http://localhost:44645/__cypress/runner/cypress_runner.js:165351:31)\n    at Promise._settlePromise (http://localhost:44645/__cypress/runner/cypress_runner.js:165408:18)\n    at Promise._settlePromise0 (http://localhost:44645/__cypress/runner/cypress_runner.js:165453:10)\n    at Promise._settlePromises (http://localhost:44645/__cypress/runner/cypress_runner.js:165528:18)\n    at Async../node_modules/bluebird/js/release/async.js.Async._drainQueue (http://localhost:44645/__cypress/runner/cypress_runner.js:162140:16)\n    at Async../node_modules/bluebird/js/release/async.js.Async._drainQueues (http://localhost:44645/__cypress/runner/cypress_runner.js:162150:10)\n    at Async.drainQueues (http://localhost:44645/__cypress/runner/cypress_runner.js:162024:14)",
                "diff": null
              },
              "uuid": "db8e4526-0c05-448f-8ae4-7a62649e02f9",
              "parentUUID": "bea45cae-9f89-4117-b4de-eeeccba8fbd6",
              "isHook": false,
              "skipped": false
            },
            {
              "title": "Verifica se a altura do board é 50 quando um valor maior é colocado no input",
              "fullTitle": "11 - Limite o tamanho mínimo e máximo do board. Verifica se a altura do board é 50 quando um valor maior é colocado no input",
              "timedOut": null,
              "duration": 4654,
              "state": "failed",
              "speed": null,
              "pass": false,
              "fail": true,
              "pending": false,
              "context": null,
              "code": "cy.get('#board-size').clear().type(51);\ncy.get('#generate-board').click();\ncy.get('.pixel').should('have.length', 2500);",
              "err": {
                "message": "CypressError: Timed out retrying: Expected to find element: '#board-size', but never found it.",
                "estack": "CypressError: Timed out retrying: Expected to find element: '#board-size', but never found it.\n    at cypressErr (http://localhost:44645/__cypress/runner/cypress_runner.js:149934:9)\n    at throwErr (http://localhost:44645/__cypress/runner/cypress_runner.js:149867:11)\n    at Object.throwErrByPath (http://localhost:44645/__cypress/runner/cypress_runner.js:149915:3)\n    at retry (http://localhost:44645/__cypress/runner/cypress_runner.js:144197:19)\n    at onFailFn (http://localhost:44645/__cypress/runner/cypress_runner.js:132448:16)\n    at tryCatcher (http://localhost:44645/__cypress/runner/cypress_runner.js:167415:23)\n    at Promise._settlePromiseFromHandler (http://localhost:44645/__cypress/runner/cypress_runner.js:165351:31)\n    at Promise._settlePromise (http://localhost:44645/__cypress/runner/cypress_runner.js:165408:18)\n    at Promise._settlePromise0 (http://localhost:44645/__cypress/runner/cypress_runner.js:165453:10)\n    at Promise._settlePromises (http://localhost:44645/__cypress/runner/cypress_runner.js:165528:18)\n    at Async../node_modules/bluebird/js/release/async.js.Async._drainQueue (http://localhost:44645/__cypress/runner/cypress_runner.js:162140:16)\n    at Async../node_modules/bluebird/js/release/async.js.Async._drainQueues (http://localhost:44645/__cypress/runner/cypress_runner.js:162150:10)\n    at Async.drainQueues (http://localhost:44645/__cypress/runner/cypress_runner.js:162024:14)",
                "diff": null
              },
              "uuid": "28e127bb-f53e-4a83-971c-8e6457c64bd5",
              "parentUUID": "bea45cae-9f89-4117-b4de-eeeccba8fbd6",
              "isHook": false,
              "skipped": false
            }
          ],
          "suites": [],
          "passes": [],
          "failures": [
            "1610909e-4b61-47e9-9b3b-8b5cfd1713b6",
            "db8e4526-0c05-448f-8ae4-7a62649e02f9",
            "28e127bb-f53e-4a83-971c-8e6457c64bd5"
          ],
          "pending": [],
          "skipped": [],
          "duration": 14129,
          "root": false,
          "rootEmpty": false,
          "_timeout": 2000
        },
        {
          "uuid": "781e2dcc-7f97-402f-a827-2d00f9a85351",
          "title": "12 - Faça com que as cores da paleta sejam geradas aleatoriamente ao carregar a página.",
          "fullFile": "",
          "file": "",
          "beforeHooks": [],
          "afterHooks": [],
          "tests": [
            {
              "title": "Verifica se as cores geradas na paleta são diferentes a cada carregamento da página",
              "fullTitle": "12 - Faça com que as cores da paleta sejam geradas aleatoriamente ao carregar a página. Verifica se as cores geradas na paleta são diferentes a cada carregamento da página",
              "timedOut": null,
              "duration": 637,
              "state": "failed",
              "speed": null,
              "pass": false,
              "fail": true,
              "pending": false,
              "context": null,
              "code": "cy.get('.color').then(function (colors) {\n  var currentColors;\n  var previousColors;\n  previousColors = Array.from(colors).map(function (color) {\n    return Cypress.$(color).css('background-color');\n  });\n  for (var i = 0; i < 5; i += 1) {\n    cy.reload();\n    cy.get('.color').then(function (colors) {\n      currentColors = Array.from(colors).map(function (color) {\n        return Cypress.$(color).css('background-color');\n      });\n      expect(currentColors).not.to.deep.equal(previousColors);\n      previousColors = currentColors;\n    });\n  }\n});",
              "err": {
                "message": "AssertionError: expected [ Array(4) ] to not deeply equal [ Array(4) ]",
                "estack": "AssertionError: expected [ Array(4) ] to not deeply equal [ Array(4) ]\n    at getRet (http://localhost:44645/__cypress/runner/cypress_runner.js:136585:16)\n    at tryCatcher (http://localhost:44645/__cypress/runner/cypress_runner.js:167415:23)\n    at Function.Promise.attempt.Promise.try (http://localhost:44645/__cypress/runner/cypress_runner.js:164690:29)\n    at Context.thenFn (http://localhost:44645/__cypress/runner/cypress_runner.js:136599:23)\n    at Context.then (http://localhost:44645/__cypress/runner/cypress_runner.js:136971:21)\n    at Context.<anonymous> (http://localhost:44645/__cypress/runner/cypress_runner.js:148875:21)\n    at http://localhost:44645/__cypress/runner/cypress_runner.js:148351:33\n    at tryCatcher (http://localhost:44645/__cypress/runner/cypress_runner.js:167415:23)\n    at Promise._settlePromiseFromHandler (http://localhost:44645/__cypress/runner/cypress_runner.js:165351:31)\n    at Promise._settlePromise (http://localhost:44645/__cypress/runner/cypress_runner.js:165408:18)\n    at Promise._settlePromiseCtx (http://localhost:44645/__cypress/runner/cypress_runner.js:165445:10)\n    at Async../node_modules/bluebird/js/release/async.js.Async._drainQueue (http://localhost:44645/__cypress/runner/cypress_runner.js:162145:12)\n    at Async../node_modules/bluebird/js/release/async.js.Async._drainQueues (http://localhost:44645/__cypress/runner/cypress_runner.js:162150:10)\n    at Async.drainQueues (http://localhost:44645/__cypress/runner/cypress_runner.js:162024:14)",
                "diff": ""
              },
              "uuid": "65cce837-94eb-41d7-ab30-7b489ffa9da7",
              "parentUUID": "781e2dcc-7f97-402f-a827-2d00f9a85351",
              "isHook": false,
              "skipped": false
            },
            {
              "title": "Verifica se a cor preta ainda está presente e é a primeira na sua paleta de cores",
              "fullTitle": "12 - Faça com que as cores da paleta sejam geradas aleatoriamente ao carregar a página. Verifica se a cor preta ainda está presente e é a primeira na sua paleta de cores",
              "timedOut": null,
              "duration": 671,
              "state": "failed",
              "speed": null,
              "pass": false,
              "fail": true,
              "pending": false,
              "context": null,
              "code": "cy.get('.color').then(function (colors) {\n  var currentColors;\n  var previousColors;\n  previousColors = Array.from(colors).map(function (color) {\n    return Cypress.$(color).css('background-color');\n  });\n  expect(previousColors[0]).to.eq(BLACK);\n  for (var i = 0; i < 5; i += 1) {\n    cy.reload();\n    cy.get('.color').then(function (colors) {\n      currentColors = Array.from(colors).map(function (color) {\n        return Cypress.$(color).css('background-color');\n      });\n      expect(currentColors[0]).to.eq(BLACK);\n      expect(currentColors).not.to.deep.equal(previousColors);\n      previousColors = currentColors;\n    });\n  }\n});",
              "err": {
                "message": "AssertionError: expected [ Array(4) ] to not deeply equal [ Array(4) ]",
                "estack": "AssertionError: expected [ Array(4) ] to not deeply equal [ Array(4) ]\n    at getRet (http://localhost:44645/__cypress/runner/cypress_runner.js:136585:16)\n    at tryCatcher (http://localhost:44645/__cypress/runner/cypress_runner.js:167415:23)\n    at Function.Promise.attempt.Promise.try (http://localhost:44645/__cypress/runner/cypress_runner.js:164690:29)\n    at Context.thenFn (http://localhost:44645/__cypress/runner/cypress_runner.js:136599:23)\n    at Context.then (http://localhost:44645/__cypress/runner/cypress_runner.js:136971:21)\n    at Context.<anonymous> (http://localhost:44645/__cypress/runner/cypress_runner.js:148875:21)\n    at http://localhost:44645/__cypress/runner/cypress_runner.js:148351:33\n    at tryCatcher (http://localhost:44645/__cypress/runner/cypress_runner.js:167415:23)\n    at Promise._settlePromiseFromHandler (http://localhost:44645/__cypress/runner/cypress_runner.js:165351:31)\n    at Promise._settlePromise (http://localhost:44645/__cypress/runner/cypress_runner.js:165408:18)\n    at Promise._settlePromiseCtx (http://localhost:44645/__cypress/runner/cypress_runner.js:165445:10)\n    at Async../node_modules/bluebird/js/release/async.js.Async._drainQueue (http://localhost:44645/__cypress/runner/cypress_runner.js:162145:12)\n    at Async../node_modules/bluebird/js/release/async.js.Async._drainQueues (http://localhost:44645/__cypress/runner/cypress_runner.js:162150:10)\n    at Async.drainQueues (http://localhost:44645/__cypress/runner/cypress_runner.js:162024:14)",
                "diff": ""
              },
              "uuid": "789ede89-58d2-40df-b866-3c1a8b6903c1",
              "parentUUID": "781e2dcc-7f97-402f-a827-2d00f9a85351",
              "isHook": false,
              "skipped": false
            }
          ],
          "suites": [],
          "passes": [],
          "failures": [
            "65cce837-94eb-41d7-ab30-7b489ffa9da7",
            "789ede89-58d2-40df-b866-3c1a8b6903c1"
          ],
          "pending": [],
          "skipped": [],
          "duration": 1308,
          "root": false,
          "rootEmpty": false,
          "_timeout": 2000
        }
      ],
      "passes": [],
      "failures": [],
      "pending": [],
      "skipped": [],
      "duration": 0,
      "root": true,
      "rootEmpty": true,
      "_timeout": 2000
    }
  ],
  "meta": {
    "mocha": {
      "version": "7.0.1"
    },
    "mochawesome": {
      "options": {
        "quiet": false,
        "reportFilename": "mochawesome",
        "saveHtml": false,
        "saveJson": true,
        "consoleReporter": "spec",
        "useInlineDiffs": false
      },
      "version": "4.1.0"
    },
    "marge": {
      "options": {
        "id": "default",
        "reportDir": "cypress/reports",
        "overwrite": true,
        "html": false,
        "json": true
      },
      "version": "4.1.0"
    }
  }
}