{
  "stats": {
    "suites": 12,
    "tests": 41,
    "passes": 11,
    "pending": 0,
    "failures": 30,
    "start": "2021-07-08T20:29:02.903Z",
    "end": "2021-07-08T20:31:09.149Z",
    "duration": 126246,
    "testsRegistered": 41,
    "passPercent": 26.82926829268293,
    "pendingPercent": 0,
    "other": 0,
    "hasOther": false,
    "skipped": 0,
    "hasSkipped": false
  },
  "results": [
    {
      "uuid": "9244c26a-a4da-47a8-a281-125b87b422ad",
      "title": "",
      "fullFile": "cypress/integration/project.spec.js",
      "file": "cypress/integration/project.spec.js",
      "beforeHooks": [],
      "afterHooks": [],
      "tests": [],
      "suites": [
        {
          "uuid": "9cb73341-367b-43c2-98fc-dc912450b49b",
          "title": "1 - Adicione à página o título \"Paleta de Cores\".",
          "fullFile": "",
          "file": "",
          "beforeHooks": [],
          "afterHooks": [],
          "tests": [
            {
              "title": "Verifica se contém um elemento `h1` com o id `title` com o título correto",
              "fullTitle": "1 - Adicione à página o título \"Paleta de Cores\". Verifica se contém um elemento `h1` com o id `title` com o título correto",
              "timedOut": null,
              "duration": 173,
              "state": "passed",
              "speed": "slow",
              "pass": true,
              "fail": false,
              "pending": false,
              "context": null,
              "code": "cy.get('h1#title').should('contain.text', 'Paleta de Cores');",
              "err": {},
              "uuid": "ce0138c2-761a-4dd4-9dc4-7d5b856ee1b5",
              "parentUUID": "9cb73341-367b-43c2-98fc-dc912450b49b",
              "isHook": false,
              "skipped": false
            }
          ],
          "suites": [],
          "passes": [
            "ce0138c2-761a-4dd4-9dc4-7d5b856ee1b5"
          ],
          "failures": [],
          "pending": [],
          "skipped": [],
          "duration": 173,
          "root": false,
          "rootEmpty": false,
          "_timeout": 2000
        },
        {
          "uuid": "b7589efd-7b75-45f4-b1c4-1128cc74ec1d",
          "title": "2 - Adicione à página uma paleta de quatro cores distintas.",
          "fullFile": "",
          "file": "",
          "beforeHooks": [],
          "afterHooks": [],
          "tests": [
            {
              "title": "A paleta de cores deve ser um elemento com `id` denominado `color-palette`",
              "fullTitle": "2 - Adicione à página uma paleta de quatro cores distintas. A paleta de cores deve ser um elemento com `id` denominado `color-palette`",
              "timedOut": null,
              "duration": 76,
              "state": "passed",
              "speed": "slow",
              "pass": true,
              "fail": false,
              "pending": false,
              "context": null,
              "code": "cy.get('#color-palette').should('be.visible');",
              "err": {},
              "uuid": "29f21858-d0fe-4f14-ba8e-337cbf75ea9c",
              "parentUUID": "b7589efd-7b75-45f4-b1c4-1128cc74ec1d",
              "isHook": false,
              "skipped": false
            },
            {
              "title": "Verifica se cada cor individual da paleta de cores possui a `classe` chamada `color`.",
              "fullTitle": "2 - Adicione à página uma paleta de quatro cores distintas. Verifica se cada cor individual da paleta de cores possui a `classe` chamada `color`.",
              "timedOut": null,
              "duration": 92,
              "state": "passed",
              "speed": "slow",
              "pass": true,
              "fail": false,
              "pending": false,
              "context": null,
              "code": "cy.get('.color').should('have.length', 4).then(function (colors) {\n  for (var i = 0; i < colors.length; i++) {\n    cy.wrap(colors[i]).should('be.visible');\n  }\n});",
              "err": {},
              "uuid": "c8163088-3640-40c0-be6e-6b9453f3c374",
              "parentUUID": "b7589efd-7b75-45f4-b1c4-1128cc74ec1d",
              "isHook": false,
              "skipped": false
            },
            {
              "title": "Verifica se a cor de fundo de cada elemento da paleta é a cor que o elemento representa. **A única cor não permitida na paleta é a cor branca.**",
              "fullTitle": "2 - Adicione à página uma paleta de quatro cores distintas. Verifica se a cor de fundo de cada elemento da paleta é a cor que o elemento representa. **A única cor não permitida na paleta é a cor branca.**",
              "timedOut": null,
              "duration": 106,
              "state": "passed",
              "speed": "slow",
              "pass": true,
              "fail": false,
              "pending": false,
              "context": null,
              "code": "cy.get('.color').each(function (color) {\n  cy.wrap(color).should('have.class', 'color').and('not.have.css', 'background-color', WHITE);\n  cy.wrap(color).should('have.css', 'background-color');\n});",
              "err": {},
              "uuid": "d13fc9a8-0e58-4c1d-89df-46be4dd132e7",
              "parentUUID": "b7589efd-7b75-45f4-b1c4-1128cc74ec1d",
              "isHook": false,
              "skipped": false
            },
            {
              "title": "Verifica se cada elemento da paleta de cores tem uma borda preta, sólida e com 1 pixel de largura;",
              "fullTitle": "2 - Adicione à página uma paleta de quatro cores distintas. Verifica se cada elemento da paleta de cores tem uma borda preta, sólida e com 1 pixel de largura;",
              "timedOut": null,
              "duration": 78,
              "state": "passed",
              "speed": "slow",
              "pass": true,
              "fail": false,
              "pending": false,
              "context": null,
              "code": "cy.get('.color').each(function (color) {\n  cy.wrap(color).and('have.css', 'border', \"1px solid \".concat(BLACK)).and('have.class', 'color');\n});",
              "err": {},
              "uuid": "7d9ebb5c-b981-4976-a755-6e39c9762986",
              "parentUUID": "b7589efd-7b75-45f4-b1c4-1128cc74ec1d",
              "isHook": false,
              "skipped": false
            },
            {
              "title": "Verifica se a paleta lista todas as cores disponíveis para utilização, lado a lado.",
              "fullTitle": "2 - Adicione à página uma paleta de quatro cores distintas. Verifica se a paleta lista todas as cores disponíveis para utilização, lado a lado.",
              "timedOut": null,
              "duration": 108,
              "state": "passed",
              "speed": "slow",
              "pass": true,
              "fail": false,
              "pending": false,
              "context": null,
              "code": "cy.get('.color').then(function (colors) {\n  for (var index = 1; index < colors.length; index += 1) {\n    var currentColor = colors[index];\n    var previousColor = colors[index - 1];\n    cy.wrap(currentColor).should('be.onTheRightOf', previousColor).and('be.horizontallyAlignedWith', previousColor);\n  }\n});",
              "err": {},
              "uuid": "6dc5913e-15f6-4635-b6d8-8c4062e2554f",
              "parentUUID": "b7589efd-7b75-45f4-b1c4-1128cc74ec1d",
              "isHook": false,
              "skipped": false
            },
            {
              "title": "Verifica se a paleta de cores está posicionada abaixo do título 'Paleta de Cores'",
              "fullTitle": "2 - Adicione à página uma paleta de quatro cores distintas. Verifica se a paleta de cores está posicionada abaixo do título 'Paleta de Cores'",
              "timedOut": null,
              "duration": 90,
              "state": "passed",
              "speed": "slow",
              "pass": true,
              "fail": false,
              "pending": false,
              "context": null,
              "code": "cy.get('h1#title').then(function (title) {\n  cy.get('#color-palette').should('be.belowOf', title);\n});",
              "err": {},
              "uuid": "f46cd3a6-fbca-4ef8-b169-e79d642e1d5f",
              "parentUUID": "b7589efd-7b75-45f4-b1c4-1128cc74ec1d",
              "isHook": false,
              "skipped": false
            },
            {
              "title": "Verifica se a paleta de cores não contém cores repetidas.",
              "fullTitle": "2 - Adicione à página uma paleta de quatro cores distintas. Verifica se a paleta de cores não contém cores repetidas.",
              "timedOut": null,
              "duration": 95,
              "state": "passed",
              "speed": "slow",
              "pass": true,
              "fail": false,
              "pending": false,
              "context": null,
              "code": "cy.get('.color').then(function (colors) {\n  var allColors = Array.from(colors).map(function (color) {\n    return Cypress.$(color).css('background-color');\n  });\n  cy.log(allColors);\n  var uniqColors = (0, _toConsumableArray2[\"default\"])(new Set(allColors));\n  cy.log(uniqColors);\n  expect(allColors.length).to.eq(uniqColors.length);\n});",
              "err": {},
              "uuid": "fcc04291-fd68-4927-b4ed-9ddb7a57207c",
              "parentUUID": "b7589efd-7b75-45f4-b1c4-1128cc74ec1d",
              "isHook": false,
              "skipped": false
            }
          ],
          "suites": [],
          "passes": [
            "29f21858-d0fe-4f14-ba8e-337cbf75ea9c",
            "c8163088-3640-40c0-be6e-6b9453f3c374",
            "d13fc9a8-0e58-4c1d-89df-46be4dd132e7",
            "7d9ebb5c-b981-4976-a755-6e39c9762986",
            "6dc5913e-15f6-4635-b6d8-8c4062e2554f",
            "f46cd3a6-fbca-4ef8-b169-e79d642e1d5f",
            "fcc04291-fd68-4927-b4ed-9ddb7a57207c"
          ],
          "failures": [],
          "pending": [],
          "skipped": [],
          "duration": 645,
          "root": false,
          "rootEmpty": false,
          "_timeout": 2000
        },
        {
          "uuid": "02ece434-4f68-4170-9efa-3ad6bd77b22d",
          "title": "3 - Adicione a cor **preta** como a primeira cor da paleta de cores.",
          "fullFile": "",
          "file": "",
          "beforeHooks": [],
          "afterHooks": [],
          "tests": [
            {
              "title": "Verifica se a primeira cor da paleta é preta",
              "fullTitle": "3 - Adicione a cor **preta** como a primeira cor da paleta de cores. Verifica se a primeira cor da paleta é preta",
              "timedOut": null,
              "duration": 4399,
              "state": "failed",
              "speed": null,
              "pass": false,
              "fail": true,
              "pending": false,
              "context": null,
              "code": "cy.get('.color').first().should('have.css', 'background-color', BLACK);",
              "err": {
                "message": "CypressError: Timed out retrying: expected '<div.color>' to have CSS property 'background-color' with the value 'rgb(0, 0, 0)', but the value was 'rgb(228, 112, 234)'",
                "estack": "CypressError: Timed out retrying: expected '<div.color>' to have CSS property 'background-color' with the value 'rgb(0, 0, 0)', but the value was 'rgb(228, 112, 234)'\n    at cypressErr (http://localhost:53196/__cypress/runner/cypress_runner.js:149934:9)\n    at throwErr (http://localhost:53196/__cypress/runner/cypress_runner.js:149867:11)\n    at Object.throwErrByPath (http://localhost:53196/__cypress/runner/cypress_runner.js:149915:3)\n    at retry (http://localhost:53196/__cypress/runner/cypress_runner.js:144197:19)\n    at onFailFn (http://localhost:53196/__cypress/runner/cypress_runner.js:132448:16)\n    at tryCatcher (http://localhost:53196/__cypress/runner/cypress_runner.js:167415:23)\n    at Promise._settlePromiseFromHandler (http://localhost:53196/__cypress/runner/cypress_runner.js:165351:31)\n    at Promise._settlePromise (http://localhost:53196/__cypress/runner/cypress_runner.js:165408:18)\n    at Promise._settlePromise0 (http://localhost:53196/__cypress/runner/cypress_runner.js:165453:10)\n    at Promise._settlePromises (http://localhost:53196/__cypress/runner/cypress_runner.js:165528:18)\n    at Async../node_modules/bluebird/js/release/async.js.Async._drainQueue (http://localhost:53196/__cypress/runner/cypress_runner.js:162140:16)\n    at Async../node_modules/bluebird/js/release/async.js.Async._drainQueues (http://localhost:53196/__cypress/runner/cypress_runner.js:162150:10)\n    at Async.drainQueues (http://localhost:53196/__cypress/runner/cypress_runner.js:162024:14)",
                "diff": null
              },
              "uuid": "087c1191-5c57-465d-a0ae-b01e227b492a",
              "parentUUID": "02ece434-4f68-4170-9efa-3ad6bd77b22d",
              "isHook": false,
              "skipped": false
            },
            {
              "title": "Verifica se as demais cores podem ser escolhidas livremente.",
              "fullTitle": "3 - Adicione a cor **preta** como a primeira cor da paleta de cores. Verifica se as demais cores podem ser escolhidas livremente.",
              "timedOut": null,
              "duration": 204,
              "state": "passed",
              "speed": "slow",
              "pass": true,
              "fail": false,
              "pending": false,
              "context": null,
              "code": "cy.get('.color').eq(1).should('not.have.css', 'background-color', BLACK);\ncy.get('.color').eq(1).should('not.have.css', 'background-color', WHITE);\ncy.get('.color').eq(1).should('not.have.css', 'background-color', 'rgba(0, 0, 0, 0)');\ncy.get('.color').eq(1).should('have.css', 'background-color');\ncy.get('.color').eq(2).should('not.have.css', 'background-color', BLACK);\ncy.get('.color').eq(2).should('not.have.css', 'background-color', WHITE);\ncy.get('.color').eq(2).should('not.have.css', 'background-color', 'rgba(0, 0, 0, 0)');\ncy.get('.color').eq(2).should('have.css', 'background-color');\ncy.get('.color').eq(3).should('not.have.css', 'background-color', BLACK);\ncy.get('.color').eq(3).should('not.have.css', 'background-color', WHITE);\ncy.get('.color').eq(3).should('not.have.css', 'background-color', 'rgba(0, 0, 0, 0)');\ncy.get('.color').eq(3).should('have.css', 'background-color');",
              "err": {},
              "uuid": "4a59a94e-8b70-4383-bfc5-2ffbc774a93b",
              "parentUUID": "02ece434-4f68-4170-9efa-3ad6bd77b22d",
              "isHook": false,
              "skipped": false
            }
          ],
          "suites": [],
          "passes": [
            "4a59a94e-8b70-4383-bfc5-2ffbc774a93b"
          ],
          "failures": [
            "087c1191-5c57-465d-a0ae-b01e227b492a"
          ],
          "pending": [],
          "skipped": [],
          "duration": 4603,
          "root": false,
          "rootEmpty": false,
          "_timeout": 2000
        },
        {
          "uuid": "be17ecc8-e1bd-49d7-ab1b-03c7cfb7e1cc",
          "title": "4 - Adicione à página um quadro de pixels, com 25 pixels.",
          "fullFile": "",
          "file": "",
          "beforeHooks": [],
          "afterHooks": [],
          "tests": [
            {
              "title": "Verifica se o quadro de pixels possui o `id` denominado `pixel-board`",
              "fullTitle": "4 - Adicione à página um quadro de pixels, com 25 pixels. Verifica se o quadro de pixels possui o `id` denominado `pixel-board`",
              "timedOut": null,
              "duration": 4401,
              "state": "failed",
              "speed": null,
              "pass": false,
              "fail": true,
              "pending": false,
              "context": null,
              "code": "cy.get('#pixel-board').should('be.visible');",
              "err": {
                "message": "CypressError: Timed out retrying: Expected to find element: '#pixel-board', but never found it.",
                "estack": "CypressError: Timed out retrying: Expected to find element: '#pixel-board', but never found it.\n    at cypressErr (http://localhost:53196/__cypress/runner/cypress_runner.js:149934:9)\n    at throwErr (http://localhost:53196/__cypress/runner/cypress_runner.js:149867:11)\n    at Object.throwErrByPath (http://localhost:53196/__cypress/runner/cypress_runner.js:149915:3)\n    at retry (http://localhost:53196/__cypress/runner/cypress_runner.js:144197:19)\n    at onFailFn (http://localhost:53196/__cypress/runner/cypress_runner.js:132448:16)\n    at tryCatcher (http://localhost:53196/__cypress/runner/cypress_runner.js:167415:23)\n    at Promise._settlePromiseFromHandler (http://localhost:53196/__cypress/runner/cypress_runner.js:165351:31)\n    at Promise._settlePromise (http://localhost:53196/__cypress/runner/cypress_runner.js:165408:18)\n    at Promise._settlePromise0 (http://localhost:53196/__cypress/runner/cypress_runner.js:165453:10)\n    at Promise._settlePromises (http://localhost:53196/__cypress/runner/cypress_runner.js:165528:18)\n    at Async../node_modules/bluebird/js/release/async.js.Async._drainQueue (http://localhost:53196/__cypress/runner/cypress_runner.js:162140:16)\n    at Async../node_modules/bluebird/js/release/async.js.Async._drainQueues (http://localhost:53196/__cypress/runner/cypress_runner.js:162150:10)\n    at Async.drainQueues (http://localhost:53196/__cypress/runner/cypress_runner.js:162024:14)",
                "diff": null
              },
              "uuid": "9c86e1cf-133f-4c81-bb5d-821d0cd1e1e1",
              "parentUUID": "be17ecc8-e1bd-49d7-ab1b-03c7cfb7e1cc",
              "isHook": false,
              "skipped": false
            },
            {
              "title": "Verifica se cada pixel individual dentro do quadro possui a `classe` denominada `pixel`.",
              "fullTitle": "4 - Adicione à página um quadro de pixels, com 25 pixels. Verifica se cada pixel individual dentro do quadro possui a `classe` denominada `pixel`.",
              "timedOut": null,
              "duration": 4390,
              "state": "failed",
              "speed": null,
              "pass": false,
              "fail": true,
              "pending": false,
              "context": null,
              "code": "cy.get('.pixel').should('have.length', 25);",
              "err": {
                "message": "CypressError: Timed out retrying: Expected to find element: '.pixel', but never found it.",
                "estack": "CypressError: Timed out retrying: Expected to find element: '.pixel', but never found it.\n    at cypressErr (http://localhost:53196/__cypress/runner/cypress_runner.js:149934:9)\n    at throwErr (http://localhost:53196/__cypress/runner/cypress_runner.js:149867:11)\n    at Object.throwErrByPath (http://localhost:53196/__cypress/runner/cypress_runner.js:149915:3)\n    at retry (http://localhost:53196/__cypress/runner/cypress_runner.js:144197:19)\n    at onFailFn (http://localhost:53196/__cypress/runner/cypress_runner.js:132448:16)\n    at tryCatcher (http://localhost:53196/__cypress/runner/cypress_runner.js:167415:23)\n    at Promise._settlePromiseFromHandler (http://localhost:53196/__cypress/runner/cypress_runner.js:165351:31)\n    at Promise._settlePromise (http://localhost:53196/__cypress/runner/cypress_runner.js:165408:18)\n    at Promise._settlePromise0 (http://localhost:53196/__cypress/runner/cypress_runner.js:165453:10)\n    at Promise._settlePromises (http://localhost:53196/__cypress/runner/cypress_runner.js:165528:18)\n    at Async../node_modules/bluebird/js/release/async.js.Async._drainQueue (http://localhost:53196/__cypress/runner/cypress_runner.js:162140:16)\n    at Async../node_modules/bluebird/js/release/async.js.Async._drainQueues (http://localhost:53196/__cypress/runner/cypress_runner.js:162150:10)\n    at Async.drainQueues (http://localhost:53196/__cypress/runner/cypress_runner.js:162024:14)",
                "diff": null
              },
              "uuid": "036d6c98-42c0-4126-88c3-1d99f0998f16",
              "parentUUID": "be17ecc8-e1bd-49d7-ab1b-03c7cfb7e1cc",
              "isHook": false,
              "skipped": false
            },
            {
              "title": "Verifica se a cor inicial dos pixels dentro do quadro, ao abrir a página, é branca.",
              "fullTitle": "4 - Adicione à página um quadro de pixels, com 25 pixels. Verifica se a cor inicial dos pixels dentro do quadro, ao abrir a página, é branca.",
              "timedOut": null,
              "duration": 4358,
              "state": "failed",
              "speed": null,
              "pass": false,
              "fail": true,
              "pending": false,
              "context": null,
              "code": "cy.get('.pixel').should('have.length', 25).each(function (pixel) {\n  expect(pixel).to.have.css('background-color', WHITE);\n});",
              "err": {
                "message": "CypressError: Timed out retrying: Expected to find element: '.pixel', but never found it.",
                "estack": "CypressError: Timed out retrying: Expected to find element: '.pixel', but never found it.\n    at cypressErr (http://localhost:53196/__cypress/runner/cypress_runner.js:149934:9)\n    at throwErr (http://localhost:53196/__cypress/runner/cypress_runner.js:149867:11)\n    at Object.throwErrByPath (http://localhost:53196/__cypress/runner/cypress_runner.js:149915:3)\n    at retry (http://localhost:53196/__cypress/runner/cypress_runner.js:144197:19)\n    at onFailFn (http://localhost:53196/__cypress/runner/cypress_runner.js:132448:16)\n    at tryCatcher (http://localhost:53196/__cypress/runner/cypress_runner.js:167415:23)\n    at Promise._settlePromiseFromHandler (http://localhost:53196/__cypress/runner/cypress_runner.js:165351:31)\n    at Promise._settlePromise (http://localhost:53196/__cypress/runner/cypress_runner.js:165408:18)\n    at Promise._settlePromise0 (http://localhost:53196/__cypress/runner/cypress_runner.js:165453:10)\n    at Promise._settlePromises (http://localhost:53196/__cypress/runner/cypress_runner.js:165528:18)\n    at Async../node_modules/bluebird/js/release/async.js.Async._drainQueue (http://localhost:53196/__cypress/runner/cypress_runner.js:162140:16)\n    at Async../node_modules/bluebird/js/release/async.js.Async._drainQueues (http://localhost:53196/__cypress/runner/cypress_runner.js:162150:10)\n    at Async.drainQueues (http://localhost:53196/__cypress/runner/cypress_runner.js:162024:14)",
                "diff": null
              },
              "uuid": "30360497-8e5f-4cc6-9515-68d65f10d20e",
              "parentUUID": "be17ecc8-e1bd-49d7-ab1b-03c7cfb7e1cc",
              "isHook": false,
              "skipped": false
            },
            {
              "title": "Verifica se o quadro de pixels aparece abaixo da paleta de cores",
              "fullTitle": "4 - Adicione à página um quadro de pixels, com 25 pixels. Verifica se o quadro de pixels aparece abaixo da paleta de cores",
              "timedOut": null,
              "duration": 4418,
              "state": "failed",
              "speed": null,
              "pass": false,
              "fail": true,
              "pending": false,
              "context": null,
              "code": "cy.get('#color-palette').then(function (palette) {\n  cy.get('#pixel-board').should('be.belowOf', palette);\n});",
              "err": {
                "message": "CypressError: Timed out retrying: Expected to find element: '#pixel-board', but never found it.",
                "estack": "CypressError: Timed out retrying: Expected to find element: '#pixel-board', but never found it.\n    at cypressErr (http://localhost:53196/__cypress/runner/cypress_runner.js:149934:9)\n    at throwErr (http://localhost:53196/__cypress/runner/cypress_runner.js:149867:11)\n    at Object.throwErrByPath (http://localhost:53196/__cypress/runner/cypress_runner.js:149915:3)\n    at retry (http://localhost:53196/__cypress/runner/cypress_runner.js:144197:19)\n    at onFailFn (http://localhost:53196/__cypress/runner/cypress_runner.js:132448:16)\n    at tryCatcher (http://localhost:53196/__cypress/runner/cypress_runner.js:167415:23)\n    at Promise._settlePromiseFromHandler (http://localhost:53196/__cypress/runner/cypress_runner.js:165351:31)\n    at Promise._settlePromise (http://localhost:53196/__cypress/runner/cypress_runner.js:165408:18)\n    at Promise._settlePromise0 (http://localhost:53196/__cypress/runner/cypress_runner.js:165453:10)\n    at Promise._settlePromises (http://localhost:53196/__cypress/runner/cypress_runner.js:165528:18)\n    at Async../node_modules/bluebird/js/release/async.js.Async._drainQueue (http://localhost:53196/__cypress/runner/cypress_runner.js:162140:16)\n    at Async../node_modules/bluebird/js/release/async.js.Async._drainQueues (http://localhost:53196/__cypress/runner/cypress_runner.js:162150:10)\n    at Async.drainQueues (http://localhost:53196/__cypress/runner/cypress_runner.js:162024:14)",
                "diff": null
              },
              "uuid": "6c25ca39-fe57-43c6-955f-3bd04d7715fd",
              "parentUUID": "be17ecc8-e1bd-49d7-ab1b-03c7cfb7e1cc",
              "isHook": false,
              "skipped": false
            }
          ],
          "suites": [],
          "passes": [],
          "failures": [
            "9c86e1cf-133f-4c81-bb5d-821d0cd1e1e1",
            "036d6c98-42c0-4126-88c3-1d99f0998f16",
            "30360497-8e5f-4cc6-9515-68d65f10d20e",
            "6c25ca39-fe57-43c6-955f-3bd04d7715fd"
          ],
          "pending": [],
          "skipped": [],
          "duration": 17567,
          "root": false,
          "rootEmpty": false,
          "_timeout": 2000
        },
        {
          "uuid": "e3c0c376-0492-483c-a86c-711639fe9444",
          "title": "5 - Faça com que cada elemento do quadro de pixels possua 40 pixels de largura, 40 pixels de altura e seja delimitado por uma borda preta de 1 pixel.",
          "fullFile": "",
          "file": "",
          "beforeHooks": [],
          "afterHooks": [],
          "tests": [
            {
              "title": "Verifica se o quadro de pixels tem altura e comprimento de 5 elementos",
              "fullTitle": "5 - Faça com que cada elemento do quadro de pixels possua 40 pixels de largura, 40 pixels de altura e seja delimitado por uma borda preta de 1 pixel. Verifica se o quadro de pixels tem altura e comprimento de 5 elementos",
              "timedOut": null,
              "duration": 4362,
              "state": "failed",
              "speed": null,
              "pass": false,
              "fail": true,
              "pending": false,
              "context": null,
              "code": "cy.get('.pixel').should('have.length', 25).each(function (pixel) {\n  expect(pixel).to.have.css('background-color', WHITE);\n}).and(function (pixels) {\n  var rows = chunk(pixels, 5);\n  rows.forEach(function (row) {\n    for (var index = 1; index < row.length; index += 1) {\n      var current = pixels[index];\n      var previous = pixels[index - 1];\n      cy.wrap(current).should('be.onTheRightOf', previous).and('be.horizontallyAlignedWith', previous);\n    }\n  });\n  for (var index = 1; index < 5; index += 1) {\n    expect(pixels[index * 5]).to.be.belowOf(pixels[(index - 1) * 5]);\n  }\n});",
              "err": {
                "message": "CypressError: Timed out retrying: Expected to find element: '.pixel', but never found it.",
                "estack": "CypressError: Timed out retrying: Expected to find element: '.pixel', but never found it.\n    at cypressErr (http://localhost:53196/__cypress/runner/cypress_runner.js:149934:9)\n    at throwErr (http://localhost:53196/__cypress/runner/cypress_runner.js:149867:11)\n    at Object.throwErrByPath (http://localhost:53196/__cypress/runner/cypress_runner.js:149915:3)\n    at retry (http://localhost:53196/__cypress/runner/cypress_runner.js:144197:19)\n    at onFailFn (http://localhost:53196/__cypress/runner/cypress_runner.js:132448:16)\n    at tryCatcher (http://localhost:53196/__cypress/runner/cypress_runner.js:167415:23)\n    at Promise._settlePromiseFromHandler (http://localhost:53196/__cypress/runner/cypress_runner.js:165351:31)\n    at Promise._settlePromise (http://localhost:53196/__cypress/runner/cypress_runner.js:165408:18)\n    at Promise._settlePromise0 (http://localhost:53196/__cypress/runner/cypress_runner.js:165453:10)\n    at Promise._settlePromises (http://localhost:53196/__cypress/runner/cypress_runner.js:165528:18)\n    at Async../node_modules/bluebird/js/release/async.js.Async._drainQueue (http://localhost:53196/__cypress/runner/cypress_runner.js:162140:16)\n    at Async../node_modules/bluebird/js/release/async.js.Async._drainQueues (http://localhost:53196/__cypress/runner/cypress_runner.js:162150:10)\n    at Async.drainQueues (http://localhost:53196/__cypress/runner/cypress_runner.js:162024:14)",
                "diff": null
              },
              "uuid": "96b1222a-766b-4d9d-860b-9f0f77eb9aa2",
              "parentUUID": "e3c0c376-0492-483c-a86c-711639fe9444",
              "isHook": false,
              "skipped": false
            },
            {
              "title": "Verifica se 40 pixels é o tamanho total do elemento, incluindo seu conteúdo e excluindo a borda preta, que deve ser criada à parte.",
              "fullTitle": "5 - Faça com que cada elemento do quadro de pixels possua 40 pixels de largura, 40 pixels de altura e seja delimitado por uma borda preta de 1 pixel. Verifica se 40 pixels é o tamanho total do elemento, incluindo seu conteúdo e excluindo a borda preta, que deve ser criada à parte.",
              "timedOut": null,
              "duration": 4353,
              "state": "failed",
              "speed": null,
              "pass": false,
              "fail": true,
              "pending": false,
              "context": null,
              "code": "cy.get('.pixel').each(function (pixel) {\n  cy.wrap(pixel).should('have.css', 'height', '40px').and('have.css', 'width', '40px').and('have.css', 'border', \"1px solid \".concat(BLACK));\n});",
              "err": {
                "message": "CypressError: Timed out retrying: Expected to find element: '.pixel', but never found it.",
                "estack": "CypressError: Timed out retrying: Expected to find element: '.pixel', but never found it.\n    at cypressErr (http://localhost:53196/__cypress/runner/cypress_runner.js:149934:9)\n    at throwErr (http://localhost:53196/__cypress/runner/cypress_runner.js:149867:11)\n    at Object.throwErrByPath (http://localhost:53196/__cypress/runner/cypress_runner.js:149915:3)\n    at retry (http://localhost:53196/__cypress/runner/cypress_runner.js:144197:19)\n    at onFailFn (http://localhost:53196/__cypress/runner/cypress_runner.js:132448:16)\n    at tryCatcher (http://localhost:53196/__cypress/runner/cypress_runner.js:167415:23)\n    at Promise._settlePromiseFromHandler (http://localhost:53196/__cypress/runner/cypress_runner.js:165351:31)\n    at Promise._settlePromise (http://localhost:53196/__cypress/runner/cypress_runner.js:165408:18)\n    at Promise._settlePromise0 (http://localhost:53196/__cypress/runner/cypress_runner.js:165453:10)\n    at Promise._settlePromises (http://localhost:53196/__cypress/runner/cypress_runner.js:165528:18)\n    at Async../node_modules/bluebird/js/release/async.js.Async._drainQueue (http://localhost:53196/__cypress/runner/cypress_runner.js:162140:16)\n    at Async../node_modules/bluebird/js/release/async.js.Async._drainQueues (http://localhost:53196/__cypress/runner/cypress_runner.js:162150:10)\n    at Async.drainQueues (http://localhost:53196/__cypress/runner/cypress_runner.js:162024:14)",
                "diff": null
              },
              "uuid": "9b036b08-a4af-4dba-9a2f-0e692b5683bb",
              "parentUUID": "e3c0c376-0492-483c-a86c-711639fe9444",
              "isHook": false,
              "skipped": false
            }
          ],
          "suites": [],
          "passes": [],
          "failures": [
            "96b1222a-766b-4d9d-860b-9f0f77eb9aa2",
            "9b036b08-a4af-4dba-9a2f-0e692b5683bb"
          ],
          "pending": [],
          "skipped": [],
          "duration": 8715,
          "root": false,
          "rootEmpty": false,
          "_timeout": 2000
        },
        {
          "uuid": "1b2277b7-05fc-4130-9f11-10c2ed9a62f4",
          "title": "6 - Defina a cor preta como cor inicial. Ao carregar a página a cor preta já deve estar selecionada para pintar os pixels",
          "fullFile": "",
          "file": "",
          "beforeHooks": [],
          "afterHooks": [],
          "tests": [
            {
              "title": "Verifica se o elemento da cor preta possui, inicialmente, a `classe` `selected`",
              "fullTitle": "6 - Defina a cor preta como cor inicial. Ao carregar a página a cor preta já deve estar selecionada para pintar os pixels Verifica se o elemento da cor preta possui, inicialmente, a `classe` `selected`",
              "timedOut": null,
              "duration": 4430,
              "state": "failed",
              "speed": null,
              "pass": false,
              "fail": true,
              "pending": false,
              "context": null,
              "code": "cy.get('.selected').first().should('have.css', 'background-color', BLACK);",
              "err": {
                "message": "CypressError: Timed out retrying: Expected to find element: '.selected', but never found it.",
                "estack": "CypressError: Timed out retrying: Expected to find element: '.selected', but never found it.\n    at cypressErr (http://localhost:53196/__cypress/runner/cypress_runner.js:149934:9)\n    at throwErr (http://localhost:53196/__cypress/runner/cypress_runner.js:149867:11)\n    at Object.throwErrByPath (http://localhost:53196/__cypress/runner/cypress_runner.js:149915:3)\n    at retry (http://localhost:53196/__cypress/runner/cypress_runner.js:144197:19)\n    at onFailFn (http://localhost:53196/__cypress/runner/cypress_runner.js:132448:16)\n    at tryCatcher (http://localhost:53196/__cypress/runner/cypress_runner.js:167415:23)\n    at Promise._settlePromiseFromHandler (http://localhost:53196/__cypress/runner/cypress_runner.js:165351:31)\n    at Promise._settlePromise (http://localhost:53196/__cypress/runner/cypress_runner.js:165408:18)\n    at Promise._settlePromise0 (http://localhost:53196/__cypress/runner/cypress_runner.js:165453:10)\n    at Promise._settlePromises (http://localhost:53196/__cypress/runner/cypress_runner.js:165528:18)\n    at Async../node_modules/bluebird/js/release/async.js.Async._drainQueue (http://localhost:53196/__cypress/runner/cypress_runner.js:162140:16)\n    at Async../node_modules/bluebird/js/release/async.js.Async._drainQueues (http://localhost:53196/__cypress/runner/cypress_runner.js:162150:10)\n    at Async.drainQueues (http://localhost:53196/__cypress/runner/cypress_runner.js:162024:14)",
                "diff": null
              },
              "uuid": "0c25fb4e-b3f0-419b-baf4-a69769e74c6b",
              "parentUUID": "1b2277b7-05fc-4130-9f11-10c2ed9a62f4",
              "isHook": false,
              "skipped": false
            },
            {
              "title": "Verifica se nenhuma outra cor da paleta tem a `classe` `selected`",
              "fullTitle": "6 - Defina a cor preta como cor inicial. Ao carregar a página a cor preta já deve estar selecionada para pintar os pixels Verifica se nenhuma outra cor da paleta tem a `classe` `selected`",
              "timedOut": null,
              "duration": 167,
              "state": "passed",
              "speed": "slow",
              "pass": true,
              "fail": false,
              "pending": false,
              "context": null,
              "code": "cy.get('.color:not(:first-child)').each(function (color) {\n  cy.wrap(color).should('not.have.class', 'selected');\n});",
              "err": {},
              "uuid": "8eb3ed99-11a4-4a18-a07b-3a74a25d6b0a",
              "parentUUID": "1b2277b7-05fc-4130-9f11-10c2ed9a62f4",
              "isHook": false,
              "skipped": false
            }
          ],
          "suites": [],
          "passes": [
            "8eb3ed99-11a4-4a18-a07b-3a74a25d6b0a"
          ],
          "failures": [
            "0c25fb4e-b3f0-419b-baf4-a69769e74c6b"
          ],
          "pending": [],
          "skipped": [],
          "duration": 4597,
          "root": false,
          "rootEmpty": false,
          "_timeout": 2000
        },
        {
          "uuid": "8bbfba5d-5638-49f7-b415-d6c56019ee44",
          "title": "7 - Clicar em uma das cores da paleta, faz com que ela seja selecionada e utilizada para preencher os pixels no quadro.",
          "fullFile": "",
          "file": "",
          "beforeHooks": [],
          "afterHooks": [],
          "tests": [
            {
              "title": "Verifica se somente uma cor da paleta de cores tem a classe `selected` de cada vez",
              "fullTitle": "7 - Clicar em uma das cores da paleta, faz com que ela seja selecionada e utilizada para preencher os pixels no quadro. Verifica se somente uma cor da paleta de cores tem a classe `selected` de cada vez",
              "timedOut": null,
              "duration": 474,
              "state": "failed",
              "speed": null,
              "pass": false,
              "fail": true,
              "pending": false,
              "context": null,
              "code": "cy.get('.color').each(function (selectedColor, selectedColorIndex) {\n  cy.wrap(selectedColor).click();\n  cy.get('.color').each(function (color, colorIndex) {\n    if (colorIndex === selectedColorIndex) {\n      expect(color).to.have[\"class\"]('selected');\n    } else {\n      expect(color).not.to.have[\"class\"]('selected');\n    }\n  });\n});",
              "err": {
                "message": "AssertionError: expected '<div.color>' to have class 'selected'",
                "estack": "AssertionError: expected '<div.color>' to have class 'selected'\n    at callback (http://localhost:53196/__cypress/runner/cypress_runner.js:136947:20)\n    at getRet (http://localhost:53196/__cypress/runner/cypress_runner.js:136585:16)\n    at tryCatcher (http://localhost:53196/__cypress/runner/cypress_runner.js:167415:23)\n    at Function.Promise.attempt.Promise.try (http://localhost:53196/__cypress/runner/cypress_runner.js:164690:29)\n    at thenFn (http://localhost:53196/__cypress/runner/cypress_runner.js:136599:23)\n    at yieldItem (http://localhost:53196/__cypress/runner/cypress_runner.js:136954:16)\n    at tryCatcher (http://localhost:53196/__cypress/runner/cypress_runner.js:167415:23)\n    at Object.gotValue (http://localhost:53196/__cypress/runner/cypress_runner.js:166557:18)\n    at Object.gotAccum (http://localhost:53196/__cypress/runner/cypress_runner.js:166546:25)\n    at Object.tryCatcher (http://localhost:53196/__cypress/runner/cypress_runner.js:167415:23)\n    at Promise._settlePromiseFromHandler (http://localhost:53196/__cypress/runner/cypress_runner.js:165351:31)\n    at Promise._settlePromise (http://localhost:53196/__cypress/runner/cypress_runner.js:165408:18)\n    at Promise._settlePromiseCtx (http://localhost:53196/__cypress/runner/cypress_runner.js:165445:10)\n    at Async../node_modules/bluebird/js/release/async.js.Async._drainQueue (http://localhost:53196/__cypress/runner/cypress_runner.js:162145:12)\n    at Async../node_modules/bluebird/js/release/async.js.Async._drainQueues (http://localhost:53196/__cypress/runner/cypress_runner.js:162150:10)\n    at Async.drainQueues (http://localhost:53196/__cypress/runner/cypress_runner.js:162024:14)",
                "diff": "- { '0': <div class=\"color\" style=\"background: rgb(192, 105, 26);\"></div>,\n-   length: 1,\n-   jquery: '3.1.1',\n-   constructor: \n-    { [Function: jQuery]\n-      fn: \n-       { jquery: '3.1.1',\n-         constructor: [Circular],\n-         length: 0,\n-         toArray: [Function: toArray],\n-         get: [Function: get],\n-         pushStack: [Function: pushStack],\n-         each: [Function: each],\n-         map: [Function: map],\n-         slice: [Function: slice],\n-         first: [Function: first],\n-         last: [Function: last],\n-         eq: [Function: eq],\n-         end: [Function: end],\n-         push: [Function: push],\n-         sort: [Function: sort],\n-         splice: [Function: splice],\n-         extend: [Function],\n-         find: [Function: find],\n-         filter: [Function: filter],\n-         not: [Function: not],\n-         is: [Function: is],\n-         init: [Function],\n-         has: [Function: has],\n-         closest: [Function: closest],\n-         index: [Function: index],\n-         add: [Function: add],\n-         addBack: [Function: addBack],\n-         parent: [Function],\n-         parents: [Function],\n-         parentsUntil: [Function],\n-         next: [Function],\n-         prev: [Function],\n-         nextAll: [Function],\n-         prevAll: [Function],\n-         nextUntil: [Function],\n-         prevUntil: [Function],\n-         siblings: [Function],\n-         children: [Function],\n-         contents: [Function],\n-         ready: [Function],\n-         data: [Function: data],\n-         removeData: [Function: removeData],\n-         queue: [Function: queue],\n-         dequeue: [Function: dequeue],\n-         clearQueue: [Function: clearQueue],\n-         promise: [Function: promise],\n-         show: [Function],\n-         hide: [Function],\n-         toggle: [Function],\n-         on: [Function: on],\n-         one: [Function: one],\n-         off: [Function: off],\n-         detach: [Function: detach],\n-         remove: [Function: remove],\n-         text: [Function: text],\n-         append: [Function: append],\n-         prepend: [Function: prepend],\n-         before: [Function: before],\n-         after: [Function: after],\n-         empty: [Function: empty],\n-         clone: [Function: clone],\n-         html: [Function: html],\n-         replaceWith: [Function: replaceWith],\n-         appendTo: [Function],\n-         prependTo: [Function],\n-         insertBefore: [Function],\n-         insertAfter: [Function],\n-         replaceAll: [Function],\n-         css: [Function: css],\n-         fadeTo: [Function: fadeTo],\n-         animate: [Function: animate],\n-         stop: [Function: stop],\n-         finish: [Function: finish],\n-         slideDown: [Function],\n-         slideUp: [Function],\n-         slideToggle: [Function],\n-         fadeIn: [Function],\n-         fadeOut: [Function],\n-         fadeToggle: [Function],\n-         delay: [Function],\n-         attr: [Function: attr],\n-         removeAttr: [Function: removeAttr],\n-         prop: [Function: prop],\n-         removeProp: [Function: removeProp],\n-         addClass: [Function: addClass],\n-         removeClass: [Function: removeClass],\n-         toggleClass: [Function: toggleClass],\n-         hasClass: [Function: hasClass],\n-         val: [Function: val],\n-         trigger: [Function: trigger],\n-         triggerHandler: [Function: triggerHandler],\n-         blur: [Function],\n-         focus: [Function],\n-         focusin: [Function],\n-         focusout: [Function],\n-         resize: [Function],\n-         scroll: [Function],\n-         click: [Function],\n-         dblclick: [Function],\n-         mousedown: [Function],\n-         mouseup: [Function],\n-         mousemove: [Function],\n-         mouseover: [Function],\n-         mouseout: [Function],\n-         mouseenter: [Function],\n-         mouseleave: [Function],\n-         change: [Function],\n-         select: [Function],\n-         submit: [Function],\n-         keydown: [Function],\n-         keypress: [Function],\n-         keyup: [Function],\n-         contextmenu: [Function],\n-         hover: [Function: hover],\n-         serialize: [Function: serialize],\n-         serializeArray: [Function: serializeArray],\n-         wrapAll: [Function: wrapAll],\n-         wrapInner: [Function: wrapInner],\n-         wrap: [Function: wrap],\n-         unwrap: [Function: unwrap],\n-         load: [Function],\n-         ajaxStart: [Function],\n-         ajaxStop: [Function],\n-         ajaxComplete: [Function],\n-         ajaxError: [Function],\n-         ajaxSuccess: [Function],\n-         ajaxSend: [Function],\n-         offset: [Function: offset],\n-         position: [Function: position],\n-         offsetParent: [Function: offsetParent],\n-         scrollLeft: [Function],\n-         scrollTop: [Function],\n-         innerHeight: [Function],\n-         height: [Function],\n-         outerHeight: [Function],\n-         innerWidth: [Function],\n-         width: [Function],\n-         outerWidth: [Function],\n-         bind: [Function: bind],\n-         unbind: [Function: unbind],\n-         delegate: [Function: delegate],\n-         undelegate: [Function: undelegate],\n-         scrollTo: [Function] },\n-      extend: [Function],\n-      expando: 'jQuery31109109542200249501',\n-      isReady: true,\n-      error: [Function: error],\n-      noop: [Function: noop],\n-      isFunction: [Function: isFunction],\n-      isArray: [Function: isArray],\n-      isWindow: [Function: isWindow],\n-      isNumeric: [Function: isNumeric],\n-      isPlainObject: [Function: isPlainObject],\n-      isEmptyObject: [Function: isEmptyObject],\n-      type: [Function: type],\n-      globalEval: [Function: globalEval],\n-      camelCase: [Function: camelCase],\n-      nodeName: [Function: nodeName],\n-      each: [Function: each],\n-      trim: [Function: trim],\n-      makeArray: [Function: makeArray],\n-      inArray: [Function: inArray],\n-      merge: [Function: merge],\n-      grep: [Function: grep],\n-      map: [Function: map],\n-      guid: 7,\n-      proxy: [Function: proxy],\n-      now: [Function: now],\n-      support: \n-       { checkClone: true,\n-         noCloneChecked: true,\n-         clearCloneStyle: true,\n-         pixelPosition: [Function: pixelPosition],\n-         boxSizingReliable: [Function: boxSizingReliable],\n-         pixelMarginRight: [Function: pixelMarginRight],\n-         reliableMarginLeft: [Function: reliableMarginLeft],\n-         checkOn: true,\n-         optSelected: true,\n-         radioValue: true,\n-         focusin: false,\n-         cors: true,\n-         ajax: true,\n-         createHTMLDocument: true },\n-      find: \n-       { [Function: Sizzle]\n-         support: [Object],\n-         isXML: [Function],\n-         setDocument: [Function],\n-         matches: [Function],\n-         matchesSelector: [Function],\n-         contains: [Function],\n-         attr: [Function],\n-         escape: [Function],\n-         error: [Function],\n-         uniqueSort: [Function],\n-         getText: [Function],\n-         selectors: [Object],\n-         tokenize: [Function],\n-         compile: [Function],\n-         select: [Function] },\n-      expr: \n-       { cacheLength: 1,\n-         createPseudo: [Function: markFunction],\n-         match: [Object],\n-         attrHandle: [Object],\n-         find: [Object],\n-         relative: [Object],\n-         preFilter: [Object],\n-         filter: [Object],\n-         pseudos: [Object],\n-         filters: [Object],\n-         setFilters: [Object],\n-         ':': [Object] },\n-      unique: [Function],\n-      uniqueSort: [Function],\n-      text: [Function],\n-      isXMLDoc: [Function],\n-      contains: [Function],\n-      escapeSelector: [Function],\n-      filter: [Function],\n-      Callbacks: [Function],\n-      Deferred: { [Function: Deferred] exceptionHook: [Function] },\n-      when: [Function: when],\n-      readyException: [Function],\n-      readyWait: 0,\n-      holdReady: [Function: holdReady],\n-      ready: { [Function: ready] then: [Function: then] },\n-      hasData: [Function: hasData],\n-      data: [Function: data],\n-      removeData: [Function: removeData],\n-      _data: [Function: _data],\n-      _removeData: [Function: _removeData],\n-      queue: [Function: queue],\n-      dequeue: [Function: dequeue],\n-      _queueHooks: [Function: _queueHooks],\n-      event: \n-       { global: [Object],\n-         add: [Function: add],\n-         remove: [Function: remove],\n-         dispatch: [Function: dispatch],\n-         handlers: [Function: handlers],\n-         addProp: [Function: addProp],\n-         fix: [Function: fix],\n-         special: [Object],\n-         trigger: [Function: trigger],\n-         simulate: [Function: simulate] },\n-      removeEvent: [Function],\n-      Event: [Function],\n-      htmlPrefilter: [Function: htmlPrefilter],\n-      clone: [Function: clone],\n-      cleanData: [Function: cleanData],\n-      cssHooks: \n-       { opacity: [Object],\n-         height: [Object],\n-         width: [Object],\n-         marginLeft: [Object],\n-         margin: [Object],\n-         padding: [Object],\n-         borderWidth: [Object],\n-         top: [Object],\n-         left: [Object] },\n-      cssNumber: \n-       { animationIterationCount: true,\n-         columnCount: true,\n-         fillOpacity: true,\n-         flexGrow: true,\n-         flexShrink: true,\n-         fontWeight: true,\n-         lineHeight: true,\n-         opacity: true,\n-         order: true,\n-         orphans: true,\n-         widows: true,\n-         zIndex: true,\n-         zoom: true },\n-      cssProps: \n-       { float: 'cssFloat',\n-         width: 'width',\n-         display: 'display',\n-         boxSizing: 'boxSizing',\n-         height: 'height',\n-         overflow: 'overflow',\n-         overflowY: 'overflowY',\n-         overflowX: 'overflowX',\n-         visibility: 'visibility',\n-         position: 'position',\n-         backgroundColor: 'backgroundColor',\n-         border: 'border',\n-         paddingRight: 'paddingRight',\n-         borderRightWidth: 'borderRightWidth',\n-         paddingLeft: 'paddingLeft',\n-         borderLeftWidth: 'borderLeftWidth',\n-         paddingTop: 'paddingTop',\n-         borderTopWidth: 'borderTopWidth',\n-         paddingBottom: 'paddingBottom',\n-         borderBottomWidth: 'borderBottomWidth' },\n-      style: [Function: style],\n-      css: [Function: css],\n-      Tween: { [Function: Tween] propHooks: [Object] },\n-      easing: \n-       { linear: [Function: linear],\n-         swing: [Function: swing],\n-         _default: 'swing' },\n-      fx: \n-       { [Function: init]\n-         step: {},\n-         tick: [Function],\n-         timer: [Function],\n-         interval: 13,\n-         start: [Function],\n-         stop: [Function],\n-         speeds: [Object] },\n-      Animation: \n-       { [Function: Animation]\n-         tweeners: [Object],\n-         tweener: [Function: tweener],\n-         prefilters: [Object],\n-         prefilter: [Function: prefilter] },\n-      speed: [Function],\n-      timers: [],\n-      attr: [Function: attr],\n-      attrHooks: { type: [Object] },\n-      removeAttr: [Function: removeAttr],\n-      prop: [Function: prop],\n-      propHooks: { tabIndex: [Object] },\n-      propFix: \n-       { for: 'htmlFor',\n-         class: 'className',\n-         tabindex: 'tabIndex',\n-         readonly: 'readOnly',\n-         maxlength: 'maxLength',\n-         cellspacing: 'cellSpacing',\n-         cellpadding: 'cellPadding',\n-         rowspan: 'rowSpan',\n-         colspan: 'colSpan',\n-         usemap: 'useMap',\n-         frameborder: 'frameBorder',\n-         contenteditable: 'contentEditable' },\n-      valHooks: \n-       { option: [Object],\n-         select: [Object],\n-         radio: [Object],\n-         checkbox: [Object] },\n-      parseXML: [Function],\n-      param: [Function],\n-      active: 0,\n-      lastModified: {},\n-      etag: {},\n-      ajaxSettings: \n-       { url: 'http://localhost:53196/__/#/tests/integration/project.spec.js',\n-         type: 'GET',\n-         isLocal: false,\n-         global: true,\n-         processData: true,\n-         async: true,\n-         contentType: 'application/x-www-form-urlencoded; charset=UTF-8',\n-         accepts: [Object],\n-         contents: [Object],\n-         responseFields: [Object],\n-         converters: [Object],\n-         flatOptions: [Object],\n-         xhr: [Function],\n-         jsonp: 'callback',\n-         jsonpCallback: [Function: jsonpCallback],\n-         cache: false },\n-      ajaxSetup: [Function: ajaxSetup],\n-      ajaxPrefilter: [Function],\n-      ajaxTransport: [Function],\n-      ajax: [Function: ajax],\n-      getJSON: [Function: getJSON],\n-      getScript: [Function: getScript],\n-      get: [Function],\n-      post: [Function],\n-      _evalUrl: [Function],\n-      parseHTML: [Function],\n-      offset: { setOffset: [Function: setOffset] },\n-      parseJSON: [Function: parse],\n-      noConflict: [Function],\n-      scrollTo: { [Function] defaults: [Object], max: [Function] } },\n-   toArray: [Function: toArray],\n-   get: [Function: get],\n-   pushStack: [Function: pushStack],\n-   each: [Function: each],\n-   map: [Function: map],\n-   slice: [Function: slice],\n-   first: [Function: first],\n-   last: [Function: last],\n-   eq: [Function: eq],\n-   end: [Function: end],\n-   push: [Function: push],\n-   sort: [Function: sort],\n-   splice: [Function: splice],\n-   extend: [Function],\n-   find: [Function: find],\n-   filter: [Function: filter],\n-   not: [Function: not],\n-   is: [Function: is],\n-   init: [Function],\n-   has: [Function: has],\n-   closest: [Function: closest],\n-   index: [Function: index],\n-   add: [Function: add],\n-   addBack: [Function: addBack],\n-   parent: [Function],\n-   parents: [Function],\n-   parentsUntil: [Function],\n-   next: [Function],\n-   prev: [Function],\n-   nextAll: [Function],\n-   prevAll: [Function],\n-   nextUntil: [Function],\n-   prevUntil: [Function],\n-   siblings: [Function],\n-   children: [Function],\n-   contents: [Function],\n-   ready: [Function],\n-   data: [Function: data],\n-   removeData: [Function: removeData],\n-   queue: [Function: queue],\n-   dequeue: [Function: dequeue],\n-   clearQueue: [Function: clearQueue],\n-   promise: [Function: promise],\n-   show: [Function],\n-   hide: [Function],\n-   toggle: [Function],\n-   on: [Function: on],\n-   one: [Function: one],\n-   off: [Function: off],\n-   detach: [Function: detach],\n-   remove: [Function: remove],\n-   text: [Function: text],\n-   append: [Function: append],\n-   prepend: [Function: prepend],\n-   before: [Function: before],\n-   after: [Function: after],\n-   empty: [Function: empty],\n-   clone: [Function: clone],\n-   html: [Function: html],\n-   replaceWith: [Function: replaceWith],\n-   appendTo: [Function],\n-   prependTo: [Function],\n-   insertBefore: [Function],\n-   insertAfter: [Function],\n-   replaceAll: [Function],\n-   css: [Function: css],\n-   fadeTo: [Function: fadeTo],\n-   animate: [Function: animate],\n-   stop: [Function: stop],\n-   finish: [Function: finish],\n-   slideDown: [Function],\n-   slideUp: [Function],\n-   slideToggle: [Function],\n-   fadeIn: [Function],\n-   fadeOut: [Function],\n-   fadeToggle: [Function],\n-   delay: [Function],\n-   attr: [Function: attr],\n-   removeAttr: [Function: removeAttr],\n-   prop: [Function: prop],\n-   removeProp: [Function: removeProp],\n-   addClass: [Function: addClass],\n-   removeClass: [Function: removeClass],\n-   toggleClass: [Function: toggleClass],\n-   hasClass: [Function: hasClass],\n-   val: [Function: val],\n-   trigger: [Function: trigger],\n-   triggerHandler: [Function: triggerHandler],\n-   blur: [Function],\n-   focus: [Function],\n-   focusin: [Function],\n-   focusout: [Function],\n-   resize: [Function],\n-   scroll: [Function],\n-   click: [Function],\n-   dblclick: [Function],\n-   mousedown: [Function],\n-   mouseup: [Function],\n-   mousemove: [Function],\n-   mouseover: [Function],\n-   mouseout: [Function],\n-   mouseenter: [Function],\n-   mouseleave: [Function],\n-   change: [Function],\n-   select: [Function],\n-   submit: [Function],\n-   keydown: [Function],\n-   keypress: [Function],\n-   keyup: [Function],\n-   contextmenu: [Function],\n-   hover: [Function: hover],\n-   serialize: [Function: serialize],\n-   serializeArray: [Function: serializeArray],\n-   wrapAll: [Function: wrapAll],\n-   wrapInner: [Function: wrapInner],\n-   wrap: [Function: wrap],\n-   unwrap: [Function: unwrap],\n-   load: [Function],\n-   ajaxStart: [Function],\n-   ajaxStop: [Function],\n-   ajaxComplete: [Function],\n-   ajaxError: [Function],\n-   ajaxSuccess: [Function],\n-   ajaxSend: [Function],\n-   offset: [Function: offset],\n-   position: [Function: position],\n-   offsetParent: [Function: offsetParent],\n-   scrollLeft: [Function],\n-   scrollTop: [Function],\n-   innerHeight: [Function],\n-   height: [Function],\n-   outerHeight: [Function],\n-   innerWidth: [Function],\n-   width: [Function],\n-   outerWidth: [Function],\n-   bind: [Function: bind],\n-   unbind: [Function: unbind],\n-   delegate: [Function: delegate],\n-   undelegate: [Function: undelegate],\n-   scrollTo: [Function] }\n+ 'selected'\n"
              },
              "uuid": "d73a84d3-e864-4482-8db5-1b66bd2e9c3f",
              "parentUUID": "8bbfba5d-5638-49f7-b415-d6c56019ee44",
              "isHook": false,
              "skipped": false
            },
            {
              "title": "Verifica se os pixels dentro do quadro não têm a classe `selected` quando são clicados",
              "fullTitle": "7 - Clicar em uma das cores da paleta, faz com que ela seja selecionada e utilizada para preencher os pixels no quadro. Verifica se os pixels dentro do quadro não têm a classe `selected` quando são clicados",
              "timedOut": null,
              "duration": 4453,
              "state": "failed",
              "speed": null,
              "pass": false,
              "fail": true,
              "pending": false,
              "context": null,
              "code": "cy.get('.color').each(function (color) {\n  var backgroundColor = color.css('background-color');\n  cy.wrap(color).click();\n  cy.get('.pixel').each(function (pixel) {\n    cy.wrap(pixel).click().should('not.have.class', 'selected');\n  });\n});",
              "err": {
                "message": "CypressError: Timed out retrying: Expected to find element: '.pixel', but never found it.",
                "estack": "CypressError: Timed out retrying: Expected to find element: '.pixel', but never found it.\n    at cypressErr (http://localhost:53196/__cypress/runner/cypress_runner.js:149934:9)\n    at throwErr (http://localhost:53196/__cypress/runner/cypress_runner.js:149867:11)\n    at Object.throwErrByPath (http://localhost:53196/__cypress/runner/cypress_runner.js:149915:3)\n    at retry (http://localhost:53196/__cypress/runner/cypress_runner.js:144197:19)\n    at onFailFn (http://localhost:53196/__cypress/runner/cypress_runner.js:132448:16)\n    at tryCatcher (http://localhost:53196/__cypress/runner/cypress_runner.js:167415:23)\n    at Promise._settlePromiseFromHandler (http://localhost:53196/__cypress/runner/cypress_runner.js:165351:31)\n    at Promise._settlePromise (http://localhost:53196/__cypress/runner/cypress_runner.js:165408:18)\n    at Promise._settlePromise0 (http://localhost:53196/__cypress/runner/cypress_runner.js:165453:10)\n    at Promise._settlePromises (http://localhost:53196/__cypress/runner/cypress_runner.js:165528:18)\n    at Async../node_modules/bluebird/js/release/async.js.Async._drainQueue (http://localhost:53196/__cypress/runner/cypress_runner.js:162140:16)\n    at Async../node_modules/bluebird/js/release/async.js.Async._drainQueues (http://localhost:53196/__cypress/runner/cypress_runner.js:162150:10)\n    at Async.drainQueues (http://localhost:53196/__cypress/runner/cypress_runner.js:162024:14)",
                "diff": null
              },
              "uuid": "d572d767-266b-4a04-a06e-6b5391ac418b",
              "parentUUID": "8bbfba5d-5638-49f7-b415-d6c56019ee44",
              "isHook": false,
              "skipped": false
            }
          ],
          "suites": [],
          "passes": [],
          "failures": [
            "d73a84d3-e864-4482-8db5-1b66bd2e9c3f",
            "d572d767-266b-4a04-a06e-6b5391ac418b"
          ],
          "pending": [],
          "skipped": [],
          "duration": 4927,
          "root": false,
          "rootEmpty": false,
          "_timeout": 2000
        },
        {
          "uuid": "81f49d43-c124-4e3d-b6d1-a847ee4be760",
          "title": "8 - Clicar em um pixel dentro do quadro após selecionar uma cor na paleta, faz com que o pixel seja preenchido com a cor selecionada.",
          "fullFile": "",
          "file": "",
          "beforeHooks": [],
          "afterHooks": [],
          "tests": [
            {
              "title": "Verifica se ao carregar a página deve ser possível pintar os pixels de preto",
              "fullTitle": "8 - Clicar em um pixel dentro do quadro após selecionar uma cor na paleta, faz com que o pixel seja preenchido com a cor selecionada. Verifica se ao carregar a página deve ser possível pintar os pixels de preto",
              "timedOut": null,
              "duration": 4406,
              "state": "failed",
              "speed": null,
              "pass": false,
              "fail": true,
              "pending": false,
              "context": null,
              "code": "cy.get('.pixel').each(function (pixel) {\n  cy.wrap(pixel).click().should('have.css', 'background-color', BLACK);\n});",
              "err": {
                "message": "CypressError: Timed out retrying: Expected to find element: '.pixel', but never found it.",
                "estack": "CypressError: Timed out retrying: Expected to find element: '.pixel', but never found it.\n    at cypressErr (http://localhost:53196/__cypress/runner/cypress_runner.js:149934:9)\n    at throwErr (http://localhost:53196/__cypress/runner/cypress_runner.js:149867:11)\n    at Object.throwErrByPath (http://localhost:53196/__cypress/runner/cypress_runner.js:149915:3)\n    at retry (http://localhost:53196/__cypress/runner/cypress_runner.js:144197:19)\n    at onFailFn (http://localhost:53196/__cypress/runner/cypress_runner.js:132448:16)\n    at tryCatcher (http://localhost:53196/__cypress/runner/cypress_runner.js:167415:23)\n    at Promise._settlePromiseFromHandler (http://localhost:53196/__cypress/runner/cypress_runner.js:165351:31)\n    at Promise._settlePromise (http://localhost:53196/__cypress/runner/cypress_runner.js:165408:18)\n    at Promise._settlePromise0 (http://localhost:53196/__cypress/runner/cypress_runner.js:165453:10)\n    at Promise._settlePromises (http://localhost:53196/__cypress/runner/cypress_runner.js:165528:18)\n    at Async../node_modules/bluebird/js/release/async.js.Async._drainQueue (http://localhost:53196/__cypress/runner/cypress_runner.js:162140:16)\n    at Async../node_modules/bluebird/js/release/async.js.Async._drainQueues (http://localhost:53196/__cypress/runner/cypress_runner.js:162150:10)\n    at Async.drainQueues (http://localhost:53196/__cypress/runner/cypress_runner.js:162024:14)",
                "diff": null
              },
              "uuid": "f31594ee-5016-45ad-b13e-28ff7795a8d0",
              "parentUUID": "81f49d43-c124-4e3d-b6d1-a847ee4be760",
              "isHook": false,
              "skipped": false
            },
            {
              "title": "Verifica se após selecionar uma outra cor na paleta, é possível pintar os pixels com essa cor",
              "fullTitle": "8 - Clicar em um pixel dentro do quadro após selecionar uma cor na paleta, faz com que o pixel seja preenchido com a cor selecionada. Verifica se após selecionar uma outra cor na paleta, é possível pintar os pixels com essa cor",
              "timedOut": null,
              "duration": 4472,
              "state": "failed",
              "speed": null,
              "pass": false,
              "fail": true,
              "pending": false,
              "context": null,
              "code": "cy.get('.color').each(function (color) {\n  var backgroundColor = color.css('background-color');\n  cy.wrap(color).click();\n  cy.get('.pixel').each(function (pixel) {\n    cy.wrap(pixel).click().should('have.css', 'background-color', backgroundColor);\n  });\n});",
              "err": {
                "message": "CypressError: Timed out retrying: Expected to find element: '.pixel', but never found it.",
                "estack": "CypressError: Timed out retrying: Expected to find element: '.pixel', but never found it.\n    at cypressErr (http://localhost:53196/__cypress/runner/cypress_runner.js:149934:9)\n    at throwErr (http://localhost:53196/__cypress/runner/cypress_runner.js:149867:11)\n    at Object.throwErrByPath (http://localhost:53196/__cypress/runner/cypress_runner.js:149915:3)\n    at retry (http://localhost:53196/__cypress/runner/cypress_runner.js:144197:19)\n    at onFailFn (http://localhost:53196/__cypress/runner/cypress_runner.js:132448:16)\n    at tryCatcher (http://localhost:53196/__cypress/runner/cypress_runner.js:167415:23)\n    at Promise._settlePromiseFromHandler (http://localhost:53196/__cypress/runner/cypress_runner.js:165351:31)\n    at Promise._settlePromise (http://localhost:53196/__cypress/runner/cypress_runner.js:165408:18)\n    at Promise._settlePromise0 (http://localhost:53196/__cypress/runner/cypress_runner.js:165453:10)\n    at Promise._settlePromises (http://localhost:53196/__cypress/runner/cypress_runner.js:165528:18)\n    at Async../node_modules/bluebird/js/release/async.js.Async._drainQueue (http://localhost:53196/__cypress/runner/cypress_runner.js:162140:16)\n    at Async../node_modules/bluebird/js/release/async.js.Async._drainQueues (http://localhost:53196/__cypress/runner/cypress_runner.js:162150:10)\n    at Async.drainQueues (http://localhost:53196/__cypress/runner/cypress_runner.js:162024:14)",
                "diff": null
              },
              "uuid": "09a890ab-a832-415c-9098-80af8498bbd3",
              "parentUUID": "81f49d43-c124-4e3d-b6d1-a847ee4be760",
              "isHook": false,
              "skipped": false
            },
            {
              "title": "Verifica se somente o pixel que foi clicado foi preenchido com a cor selecionada, sem influenciar na cor dos demais pixels.",
              "fullTitle": "8 - Clicar em um pixel dentro do quadro após selecionar uma cor na paleta, faz com que o pixel seja preenchido com a cor selecionada. Verifica se somente o pixel que foi clicado foi preenchido com a cor selecionada, sem influenciar na cor dos demais pixels.",
              "timedOut": null,
              "duration": 4453,
              "state": "failed",
              "speed": null,
              "pass": false,
              "fail": true,
              "pending": false,
              "context": null,
              "code": "var colorToPixelIndexMap = {\n  0: 6,\n  1: 8,\n  2: 16,\n  3: 18\n};\ncy.get('.color').each(function (color, index) {\n  cy.wrap(color).click();\n  var backgroundColor = color.css('background-color');\n  var clickedPixelIndex = colorToPixelIndexMap[index];\n  cy.get('.pixel').eq(clickedPixelIndex).click();\n  cy.get('.pixel').eq(clickedPixelIndex - 1).should('not.have.css', 'background-color', backgroundColor);\n  cy.get('.pixel').eq(clickedPixelIndex + 1).should('not.have.css', 'background-color', backgroundColor);\n  cy.get('.pixel').eq(clickedPixelIndex - 5).should('not.have.css', 'background-color', backgroundColor);\n  cy.get('.pixel').eq(clickedPixelIndex + 5).should('not.have.css', 'background-color', backgroundColor);\n  cy.get('.pixel').eq(clickedPixelIndex - 6).should('not.have.css', 'background-color', backgroundColor);\n  cy.get('.pixel').eq(clickedPixelIndex - 4).should('not.have.css', 'background-color', backgroundColor);\n  cy.get('.pixel').eq(clickedPixelIndex + 4).should('not.have.css', 'background-color', backgroundColor);\n  cy.get('.pixel').eq(clickedPixelIndex + 6).should('not.have.css', 'background-color', backgroundColor);\n});",
              "err": {
                "message": "CypressError: Timed out retrying: Expected to find element: '.pixel', but never found it.",
                "estack": "CypressError: Timed out retrying: Expected to find element: '.pixel', but never found it.\n    at cypressErr (http://localhost:53196/__cypress/runner/cypress_runner.js:149934:9)\n    at throwErr (http://localhost:53196/__cypress/runner/cypress_runner.js:149867:11)\n    at Object.throwErrByPath (http://localhost:53196/__cypress/runner/cypress_runner.js:149915:3)\n    at retry (http://localhost:53196/__cypress/runner/cypress_runner.js:144197:19)\n    at onFailFn (http://localhost:53196/__cypress/runner/cypress_runner.js:132448:16)\n    at tryCatcher (http://localhost:53196/__cypress/runner/cypress_runner.js:167415:23)\n    at Promise._settlePromiseFromHandler (http://localhost:53196/__cypress/runner/cypress_runner.js:165351:31)\n    at Promise._settlePromise (http://localhost:53196/__cypress/runner/cypress_runner.js:165408:18)\n    at Promise._settlePromise0 (http://localhost:53196/__cypress/runner/cypress_runner.js:165453:10)\n    at Promise._settlePromises (http://localhost:53196/__cypress/runner/cypress_runner.js:165528:18)\n    at Async../node_modules/bluebird/js/release/async.js.Async._drainQueue (http://localhost:53196/__cypress/runner/cypress_runner.js:162140:16)\n    at Async../node_modules/bluebird/js/release/async.js.Async._drainQueues (http://localhost:53196/__cypress/runner/cypress_runner.js:162150:10)\n    at Async.drainQueues (http://localhost:53196/__cypress/runner/cypress_runner.js:162024:14)",
                "diff": null
              },
              "uuid": "8b5624b7-9b0d-47d3-beea-393d19edcc89",
              "parentUUID": "81f49d43-c124-4e3d-b6d1-a847ee4be760",
              "isHook": false,
              "skipped": false
            }
          ],
          "suites": [],
          "passes": [],
          "failures": [
            "f31594ee-5016-45ad-b13e-28ff7795a8d0",
            "09a890ab-a832-415c-9098-80af8498bbd3",
            "8b5624b7-9b0d-47d3-beea-393d19edcc89"
          ],
          "pending": [],
          "skipped": [],
          "duration": 13331,
          "root": false,
          "rootEmpty": false,
          "_timeout": 2000
        },
        {
          "uuid": "2f477976-24bb-4d9d-90b5-37fae187cf4b",
          "title": "9 - Crie um botão que, ao ser clicado, limpa o quadro preenchendo a cor de todos seus pixels com branco.",
          "fullFile": "",
          "file": "",
          "beforeHooks": [],
          "afterHooks": [],
          "tests": [
            {
              "title": "Verifica se o botão tem o `id` denominado `clear-board`",
              "fullTitle": "9 - Crie um botão que, ao ser clicado, limpa o quadro preenchendo a cor de todos seus pixels com branco. Verifica se o botão tem o `id` denominado `clear-board`",
              "timedOut": null,
              "duration": 4436,
              "state": "failed",
              "speed": null,
              "pass": false,
              "fail": true,
              "pending": false,
              "context": null,
              "code": "cy.get('#clear-board').should('be.visible');",
              "err": {
                "message": "CypressError: Timed out retrying: Expected to find element: '#clear-board', but never found it.",
                "estack": "CypressError: Timed out retrying: Expected to find element: '#clear-board', but never found it.\n    at cypressErr (http://localhost:53196/__cypress/runner/cypress_runner.js:149934:9)\n    at throwErr (http://localhost:53196/__cypress/runner/cypress_runner.js:149867:11)\n    at Object.throwErrByPath (http://localhost:53196/__cypress/runner/cypress_runner.js:149915:3)\n    at retry (http://localhost:53196/__cypress/runner/cypress_runner.js:144197:19)\n    at onFailFn (http://localhost:53196/__cypress/runner/cypress_runner.js:132448:16)\n    at tryCatcher (http://localhost:53196/__cypress/runner/cypress_runner.js:167415:23)\n    at Promise._settlePromiseFromHandler (http://localhost:53196/__cypress/runner/cypress_runner.js:165351:31)\n    at Promise._settlePromise (http://localhost:53196/__cypress/runner/cypress_runner.js:165408:18)\n    at Promise._settlePromise0 (http://localhost:53196/__cypress/runner/cypress_runner.js:165453:10)\n    at Promise._settlePromises (http://localhost:53196/__cypress/runner/cypress_runner.js:165528:18)\n    at Async../node_modules/bluebird/js/release/async.js.Async._drainQueue (http://localhost:53196/__cypress/runner/cypress_runner.js:162140:16)\n    at Async../node_modules/bluebird/js/release/async.js.Async._drainQueues (http://localhost:53196/__cypress/runner/cypress_runner.js:162150:10)\n    at Async.drainQueues (http://localhost:53196/__cypress/runner/cypress_runner.js:162024:14)",
                "diff": null
              },
              "uuid": "e5a34e55-9813-4f84-bcb7-db341394ca63",
              "parentUUID": "2f477976-24bb-4d9d-90b5-37fae187cf4b",
              "isHook": false,
              "skipped": false
            },
            {
              "title": "Verifica se o botão está posicionado entre a paleta de cores e o quadro de pixels",
              "fullTitle": "9 - Crie um botão que, ao ser clicado, limpa o quadro preenchendo a cor de todos seus pixels com branco. Verifica se o botão está posicionado entre a paleta de cores e o quadro de pixels",
              "timedOut": null,
              "duration": 4406,
              "state": "failed",
              "speed": null,
              "pass": false,
              "fail": true,
              "pending": false,
              "context": null,
              "code": "cy.get('#color-palette').then(function (palette) {\n  cy.get('#clear-board').should('be.belowOf', palette);\n});\ncy.get('#clear-board').then(function (clearBtn) {\n  cy.get('#pixel-board').should('be.belowOf', clearBtn);\n});",
              "err": {
                "message": "CypressError: Timed out retrying: Expected to find element: '#clear-board', but never found it.",
                "estack": "CypressError: Timed out retrying: Expected to find element: '#clear-board', but never found it.\n    at cypressErr (http://localhost:53196/__cypress/runner/cypress_runner.js:149934:9)\n    at throwErr (http://localhost:53196/__cypress/runner/cypress_runner.js:149867:11)\n    at Object.throwErrByPath (http://localhost:53196/__cypress/runner/cypress_runner.js:149915:3)\n    at retry (http://localhost:53196/__cypress/runner/cypress_runner.js:144197:19)\n    at onFailFn (http://localhost:53196/__cypress/runner/cypress_runner.js:132448:16)\n    at tryCatcher (http://localhost:53196/__cypress/runner/cypress_runner.js:167415:23)\n    at Promise._settlePromiseFromHandler (http://localhost:53196/__cypress/runner/cypress_runner.js:165351:31)\n    at Promise._settlePromise (http://localhost:53196/__cypress/runner/cypress_runner.js:165408:18)\n    at Promise._settlePromise0 (http://localhost:53196/__cypress/runner/cypress_runner.js:165453:10)\n    at Promise._settlePromises (http://localhost:53196/__cypress/runner/cypress_runner.js:165528:18)\n    at Async../node_modules/bluebird/js/release/async.js.Async._drainQueue (http://localhost:53196/__cypress/runner/cypress_runner.js:162140:16)\n    at Async../node_modules/bluebird/js/release/async.js.Async._drainQueues (http://localhost:53196/__cypress/runner/cypress_runner.js:162150:10)\n    at Async.drainQueues (http://localhost:53196/__cypress/runner/cypress_runner.js:162024:14)",
                "diff": null
              },
              "uuid": "7e1c6fec-98a2-48e1-b676-e8dc689493e2",
              "parentUUID": "2f477976-24bb-4d9d-90b5-37fae187cf4b",
              "isHook": false,
              "skipped": false
            },
            {
              "title": "Verifica se o texto do botão é 'Limpar'",
              "fullTitle": "9 - Crie um botão que, ao ser clicado, limpa o quadro preenchendo a cor de todos seus pixels com branco. Verifica se o texto do botão é 'Limpar'",
              "timedOut": null,
              "duration": 4387,
              "state": "failed",
              "speed": null,
              "pass": false,
              "fail": true,
              "pending": false,
              "context": null,
              "code": "cy.get('#clear-board').should('contain.text', 'Limpar');",
              "err": {
                "message": "CypressError: Timed out retrying: Expected to find element: '#clear-board', but never found it.",
                "estack": "CypressError: Timed out retrying: Expected to find element: '#clear-board', but never found it.\n    at cypressErr (http://localhost:53196/__cypress/runner/cypress_runner.js:149934:9)\n    at throwErr (http://localhost:53196/__cypress/runner/cypress_runner.js:149867:11)\n    at Object.throwErrByPath (http://localhost:53196/__cypress/runner/cypress_runner.js:149915:3)\n    at retry (http://localhost:53196/__cypress/runner/cypress_runner.js:144197:19)\n    at onFailFn (http://localhost:53196/__cypress/runner/cypress_runner.js:132448:16)\n    at tryCatcher (http://localhost:53196/__cypress/runner/cypress_runner.js:167415:23)\n    at Promise._settlePromiseFromHandler (http://localhost:53196/__cypress/runner/cypress_runner.js:165351:31)\n    at Promise._settlePromise (http://localhost:53196/__cypress/runner/cypress_runner.js:165408:18)\n    at Promise._settlePromise0 (http://localhost:53196/__cypress/runner/cypress_runner.js:165453:10)\n    at Promise._settlePromises (http://localhost:53196/__cypress/runner/cypress_runner.js:165528:18)\n    at Async../node_modules/bluebird/js/release/async.js.Async._drainQueue (http://localhost:53196/__cypress/runner/cypress_runner.js:162140:16)\n    at Async../node_modules/bluebird/js/release/async.js.Async._drainQueues (http://localhost:53196/__cypress/runner/cypress_runner.js:162150:10)\n    at Async.drainQueues (http://localhost:53196/__cypress/runner/cypress_runner.js:162024:14)",
                "diff": null
              },
              "uuid": "5a8515d2-1ac7-4a6b-8b61-0ca5213e24f0",
              "parentUUID": "2f477976-24bb-4d9d-90b5-37fae187cf4b",
              "isHook": false,
              "skipped": false
            },
            {
              "title": "Verifica se ao clicar no botão, o quadro de pixels é totalmente preenchido de branco",
              "fullTitle": "9 - Crie um botão que, ao ser clicado, limpa o quadro preenchendo a cor de todos seus pixels com branco. Verifica se ao clicar no botão, o quadro de pixels é totalmente preenchido de branco",
              "timedOut": null,
              "duration": 4485,
              "state": "failed",
              "speed": null,
              "pass": false,
              "fail": true,
              "pending": false,
              "context": null,
              "code": "cy.get('.color').eq(1).then(function (color) {\n  var backgroundColor = color.css('background-color');\n  cy.wrap(color).click();\n  cy.get('.pixel').each(function (pixel) {\n    cy.wrap(pixel).click().should('have.css', 'background-color', backgroundColor);\n  });\n});\ncy.get('#clear-board').click();\ncy.get('.pixel').each(function (pixel) {\n  cy.wrap(pixel).should('have.css', 'background-color', WHITE);\n});",
              "err": {
                "message": "CypressError: Timed out retrying: Expected to find element: '.pixel', but never found it.",
[...]
              "timedOut": null,
              "duration": 4420,
              "state": "failed",
              "speed": null,
              "pass": false,
              "fail": true,
              "pending": false,
              "context": null,
              "code": "cy.get('#board-size').clear().type(10);\ncy.get('#generate-board').click();\ncy.get('.pixel').should('have.length', 100);",
              "err": {
                "message": "CypressError: Timed out retrying: Expected to find element: '#board-size', but never found it.",
                "estack": "CypressError: Timed out retrying: Expected to find element: '#board-size', but never found it.\n    at cypressErr (http://localhost:53196/__cypress/runner/cypress_runner.js:149934:9)\n    at throwErr (http://localhost:53196/__cypress/runner/cypress_runner.js:149867:11)\n    at Object.throwErrByPath (http://localhost:53196/__cypress/runner/cypress_runner.js:149915:3)\n    at retry (http://localhost:53196/__cypress/runner/cypress_runner.js:144197:19)\n    at onFailFn (http://localhost:53196/__cypress/runner/cypress_runner.js:132448:16)\n    at tryCatcher (http://localhost:53196/__cypress/runner/cypress_runner.js:167415:23)\n    at Promise._settlePromiseFromHandler (http://localhost:53196/__cypress/runner/cypress_runner.js:165351:31)\n    at Promise._settlePromise (http://localhost:53196/__cypress/runner/cypress_runner.js:165408:18)\n    at Promise._settlePromise0 (http://localhost:53196/__cypress/runner/cypress_runner.js:165453:10)\n    at Promise._settlePromises (http://localhost:53196/__cypress/runner/cypress_runner.js:165528:18)\n    at Async../node_modules/bluebird/js/release/async.js.Async._drainQueue (http://localhost:53196/__cypress/runner/cypress_runner.js:162140:16)\n    at Async../node_modules/bluebird/js/release/async.js.Async._drainQueues (http://localhost:53196/__cypress/runner/cypress_runner.js:162150:10)\n    at Async.drainQueues (http://localhost:53196/__cypress/runner/cypress_runner.js:162024:14)",
                "diff": null
              },
              "uuid": "8ef9be8a-076a-4405-a039-20874ff608ce",
              "parentUUID": "5194ea01-4602-49d8-8a55-da7718e377b8",
              "isHook": false,
              "skipped": false
            },
            {
              "title": "Verifica se o novo quadro tem todos os pixels preenchidos com a cor branca",
              "fullTitle": "10 - Faça o quadro de pixels ter seu tamanho definido pelo usuário. Verifica se o novo quadro tem todos os pixels preenchidos com a cor branca",
              "timedOut": null,
              "duration": 4380,
              "state": "failed",
              "speed": null,
              "pass": false,
              "fail": true,
              "pending": false,
              "context": null,
              "code": "cy.get('#board-size').clear().type(6);\ncy.get('#generate-board').click();\ncy.get('.pixel').should('have.length', 36).each(function (pixel) {\n  expect(pixel).to.have.css('background-color', WHITE);\n});",
              "err": {
                "message": "CypressError: Timed out retrying: Expected to find element: '#board-size', but never found it.",
                "estack": "CypressError: Timed out retrying: Expected to find element: '#board-size', but never found it.\n    at cypressErr (http://localhost:53196/__cypress/runner/cypress_runner.js:149934:9)\n    at throwErr (http://localhost:53196/__cypress/runner/cypress_runner.js:149867:11)\n    at Object.throwErrByPath (http://localhost:53196/__cypress/runner/cypress_runner.js:149915:3)\n    at retry (http://localhost:53196/__cypress/runner/cypress_runner.js:144197:19)\n    at onFailFn (http://localhost:53196/__cypress/runner/cypress_runner.js:132448:16)\n    at tryCatcher (http://localhost:53196/__cypress/runner/cypress_runner.js:167415:23)\n    at Promise._settlePromiseFromHandler (http://localhost:53196/__cypress/runner/cypress_runner.js:165351:31)\n    at Promise._settlePromise (http://localhost:53196/__cypress/runner/cypress_runner.js:165408:18)\n    at Promise._settlePromise0 (http://localhost:53196/__cypress/runner/cypress_runner.js:165453:10)\n    at Promise._settlePromises (http://localhost:53196/__cypress/runner/cypress_runner.js:165528:18)\n    at Async../node_modules/bluebird/js/release/async.js.Async._drainQueue (http://localhost:53196/__cypress/runner/cypress_runner.js:162140:16)\n    at Async../node_modules/bluebird/js/release/async.js.Async._drainQueues (http://localhost:53196/__cypress/runner/cypress_runner.js:162150:10)\n    at Async.drainQueues (http://localhost:53196/__cypress/runner/cypress_runner.js:162024:14)",
                "diff": null
              },
              "uuid": "ebe6db8a-41e4-4183-83fd-396f4fb50568",
              "parentUUID": "5194ea01-4602-49d8-8a55-da7718e377b8",
              "isHook": false,
              "skipped": false
            }
          ],
          "suites": [],
          "passes": [],
          "failures": [
            "5af11bb1-fdf9-4c2a-9ba0-f69e383b9c09",
            "bb4e6d25-caa1-4a99-adf9-edb10837465e",
            "2f0aee44-97d1-4b49-baf2-9d595f5ce1d5",
            "af00b384-7e16-4f65-bdd9-f5119b733c1a",
            "0edf61f0-a3aa-4c0e-84e7-f2eb5c5c5c16",
            "f12ea903-d7d2-462d-adf4-2786a4281ea3",
            "a10c1123-3be8-4210-9f22-4cc7a47558b4",
            "8ef9be8a-076a-4405-a039-20874ff608ce",
            "ebe6db8a-41e4-4183-83fd-396f4fb50568"
          ],
          "pending": [],
          "skipped": [],
          "duration": 39490,
          "root": false,
          "rootEmpty": false,
          "_timeout": 2000
        },
        {
          "uuid": "be11d817-2af9-42bd-a0f7-40312845c586",
          "title": "11 - Limite o tamanho mínimo e máximo do board.",
          "fullFile": "",
          "file": "",
          "beforeHooks": [],
          "afterHooks": [],
          "tests": [
            {
              "title": "Verifica se a altura máxima do board é 50",
              "fullTitle": "11 - Limite o tamanho mínimo e máximo do board. Verifica se a altura máxima do board é 50",
              "timedOut": null,
              "duration": 4379,
              "state": "failed",
              "speed": null,
              "pass": false,
              "fail": true,
              "pending": false,
              "context": null,
              "code": "cy.get('#board-size').clear().type(50);\ncy.get('#generate-board').click();\ncy.get('.pixel').should('have.length', 2500);",
              "err": {
                "message": "CypressError: Timed out retrying: Expected to find element: '#board-size', but never found it.",
                "estack": "CypressError: Timed out retrying: Expected to find element: '#board-size', but never found it.\n    at cypressErr (http://localhost:53196/__cypress/runner/cypress_runner.js:149934:9)\n    at throwErr (http://localhost:53196/__cypress/runner/cypress_runner.js:149867:11)\n    at Object.throwErrByPath (http://localhost:53196/__cypress/runner/cypress_runner.js:149915:3)\n    at retry (http://localhost:53196/__cypress/runner/cypress_runner.js:144197:19)\n    at onFailFn (http://localhost:53196/__cypress/runner/cypress_runner.js:132448:16)\n    at tryCatcher (http://localhost:53196/__cypress/runner/cypress_runner.js:167415:23)\n    at Promise._settlePromiseFromHandler (http://localhost:53196/__cypress/runner/cypress_runner.js:165351:31)\n    at Promise._settlePromise (http://localhost:53196/__cypress/runner/cypress_runner.js:165408:18)\n    at Promise._settlePromise0 (http://localhost:53196/__cypress/runner/cypress_runner.js:165453:10)\n    at Promise._settlePromises (http://localhost:53196/__cypress/runner/cypress_runner.js:165528:18)\n    at Async../node_modules/bluebird/js/release/async.js.Async._drainQueue (http://localhost:53196/__cypress/runner/cypress_runner.js:162140:16)\n    at Async../node_modules/bluebird/js/release/async.js.Async._drainQueues (http://localhost:53196/__cypress/runner/cypress_runner.js:162150:10)\n    at Async.drainQueues (http://localhost:53196/__cypress/runner/cypress_runner.js:162024:14)",
                "diff": null
              },
              "uuid": "8ae077bd-4b02-4acb-ac05-6fb47d6b4be0",
              "parentUUID": "be11d817-2af9-42bd-a0f7-40312845c586",
              "isHook": false,
              "skipped": false
            },
            {
              "title": "Verifica se a altura do board é 5 quando um valor menor é colocado no input",
              "fullTitle": "11 - Limite o tamanho mínimo e máximo do board. Verifica se a altura do board é 5 quando um valor menor é colocado no input",
              "timedOut": null,
              "duration": 4407,
              "state": "failed",
              "speed": null,
              "pass": false,
              "fail": true,
              "pending": false,
              "context": null,
              "code": "cy.get('#board-size').clear().type(4);\ncy.get('#generate-board').click();\ncy.get('.pixel').should('have.length', 25);",
              "err": {
                "message": "CypressError: Timed out retrying: Expected to find element: '#board-size', but never found it.",
                "estack": "CypressError: Timed out retrying: Expected to find element: '#board-size', but never found it.\n    at cypressErr (http://localhost:53196/__cypress/runner/cypress_runner.js:149934:9)\n    at throwErr (http://localhost:53196/__cypress/runner/cypress_runner.js:149867:11)\n    at Object.throwErrByPath (http://localhost:53196/__cypress/runner/cypress_runner.js:149915:3)\n    at retry (http://localhost:53196/__cypress/runner/cypress_runner.js:144197:19)\n    at onFailFn (http://localhost:53196/__cypress/runner/cypress_runner.js:132448:16)\n    at tryCatcher (http://localhost:53196/__cypress/runner/cypress_runner.js:167415:23)\n    at Promise._settlePromiseFromHandler (http://localhost:53196/__cypress/runner/cypress_runner.js:165351:31)\n    at Promise._settlePromise (http://localhost:53196/__cypress/runner/cypress_runner.js:165408:18)\n    at Promise._settlePromise0 (http://localhost:53196/__cypress/runner/cypress_runner.js:165453:10)\n    at Promise._settlePromises (http://localhost:53196/__cypress/runner/cypress_runner.js:165528:18)\n    at Async../node_modules/bluebird/js/release/async.js.Async._drainQueue (http://localhost:53196/__cypress/runner/cypress_runner.js:162140:16)\n    at Async../node_modules/bluebird/js/release/async.js.Async._drainQueues (http://localhost:53196/__cypress/runner/cypress_runner.js:162150:10)\n    at Async.drainQueues (http://localhost:53196/__cypress/runner/cypress_runner.js:162024:14)",
                "diff": null
              },
              "uuid": "0d3f2a7d-d8a1-46a1-8216-86008ebee89e",
              "parentUUID": "be11d817-2af9-42bd-a0f7-40312845c586",
              "isHook": false,
              "skipped": false
            },
            {
              "title": "Verifica se a altura do board é 50 quando um valor maior é colocado no input",
              "fullTitle": "11 - Limite o tamanho mínimo e máximo do board. Verifica se a altura do board é 50 quando um valor maior é colocado no input",
              "timedOut": null,
              "duration": 4378,
              "state": "failed",
              "speed": null,
              "pass": false,
              "fail": true,
              "pending": false,
              "context": null,
              "code": "cy.get('#board-size').clear().type(51);\ncy.get('#generate-board').click();\ncy.get('.pixel').should('have.length', 2500);",
              "err": {
                "message": "CypressError: Timed out retrying: Expected to find element: '#board-size', but never found it.",
                "estack": "CypressError: Timed out retrying: Expected to find element: '#board-size', but never found it.\n    at cypressErr (http://localhost:53196/__cypress/runner/cypress_runner.js:149934:9)\n    at throwErr (http://localhost:53196/__cypress/runner/cypress_runner.js:149867:11)\n    at Object.throwErrByPath (http://localhost:53196/__cypress/runner/cypress_runner.js:149915:3)\n    at retry (http://localhost:53196/__cypress/runner/cypress_runner.js:144197:19)\n    at onFailFn (http://localhost:53196/__cypress/runner/cypress_runner.js:132448:16)\n    at tryCatcher (http://localhost:53196/__cypress/runner/cypress_runner.js:167415:23)\n    at Promise._settlePromiseFromHandler (http://localhost:53196/__cypress/runner/cypress_runner.js:165351:31)\n    at Promise._settlePromise (http://localhost:53196/__cypress/runner/cypress_runner.js:165408:18)\n    at Promise._settlePromise0 (http://localhost:53196/__cypress/runner/cypress_runner.js:165453:10)\n    at Promise._settlePromises (http://localhost:53196/__cypress/runner/cypress_runner.js:165528:18)\n    at Async../node_modules/bluebird/js/release/async.js.Async._drainQueue (http://localhost:53196/__cypress/runner/cypress_runner.js:162140:16)\n    at Async../node_modules/bluebird/js/release/async.js.Async._drainQueues (http://localhost:53196/__cypress/runner/cypress_runner.js:162150:10)\n    at Async.drainQueues (http://localhost:53196/__cypress/runner/cypress_runner.js:162024:14)",
                "diff": null
              },
              "uuid": "c563586e-6fa8-439c-8e00-a42e7c94c439",
              "parentUUID": "be11d817-2af9-42bd-a0f7-40312845c586",
              "isHook": false,
              "skipped": false
            }
          ],
          "suites": [],
          "passes": [],
          "failures": [
            "8ae077bd-4b02-4acb-ac05-6fb47d6b4be0",
            "0d3f2a7d-d8a1-46a1-8216-86008ebee89e",
            "c563586e-6fa8-439c-8e00-a42e7c94c439"
          ],
          "pending": [],
          "skipped": [],
          "duration": 13164,
          "root": false,
          "rootEmpty": false,
          "_timeout": 2000
        },
        {
          "uuid": "08afc62d-2719-44bd-be3a-1320f3cf8085",
          "title": "12 - Faça com que as cores da paleta sejam geradas aleatoriamente ao carregar a página.",
          "fullFile": "",
          "file": "",
          "beforeHooks": [],
          "afterHooks": [],
          "tests": [
            {
              "title": "Verifica se as cores geradas na paleta são diferentes a cada carregamento da página",
              "fullTitle": "12 - Faça com que as cores da paleta sejam geradas aleatoriamente ao carregar a página. Verifica se as cores geradas na paleta são diferentes a cada carregamento da página",
              "timedOut": null,
              "duration": 311,
              "state": "passed",
              "speed": "slow",
              "pass": true,
              "fail": false,
              "pending": false,
              "context": null,
              "code": "cy.get('.color').then(function (colors) {\n  var currentColors;\n  var previousColors;\n  previousColors = Array.from(colors).map(function (color) {\n    return Cypress.$(color).css('background-color');\n  });\n  for (var i = 0; i < 5; i += 1) {\n    cy.reload();\n    cy.get('.color').then(function (colors) {\n      currentColors = Array.from(colors).map(function (color) {\n        return Cypress.$(color).css('background-color');\n      });\n      expect(currentColors).not.to.deep.equal(previousColors);\n      previousColors = currentColors;\n    });\n  }\n});",
              "err": {},
              "uuid": "3dbf6fab-36b5-4ee7-ae43-83b8359eb151",
              "parentUUID": "08afc62d-2719-44bd-be3a-1320f3cf8085",
              "isHook": false,
              "skipped": false
            },
            {
              "title": "Verifica se a cor preta ainda está presente e é a primeira na sua paleta de cores",
              "fullTitle": "12 - Faça com que as cores da paleta sejam geradas aleatoriamente ao carregar a página. Verifica se a cor preta ainda está presente e é a primeira na sua paleta de cores",
              "timedOut": null,
              "duration": 360,
              "state": "failed",
              "speed": null,
              "pass": false,
              "fail": true,
              "pending": false,
              "context": null,
              "code": "cy.get('.color').then(function (colors) {\n  var currentColors;\n  var previousColors;\n  previousColors = Array.from(colors).map(function (color) {\n    return Cypress.$(color).css('background-color');\n  });\n  expect(previousColors[0]).to.eq(BLACK);\n  for (var i = 0; i < 5; i += 1) {\n    cy.reload();\n    cy.get('.color').then(function (colors) {\n      currentColors = Array.from(colors).map(function (color) {\n        return Cypress.$(color).css('background-color');\n      });\n      expect(currentColors[0]).to.eq(BLACK);\n      expect(currentColors).not.to.deep.equal(previousColors);\n      previousColors = currentColors;\n    });\n  }\n});",
              "err": {
                "message": "AssertionError: expected 'rgb(227, 201, 35)' to equal 'rgb(0, 0, 0)'",
                "estack": "AssertionError: expected 'rgb(227, 201, 35)' to equal 'rgb(0, 0, 0)'\n    at getRet (http://localhost:53196/__cypress/runner/cypress_runner.js:136585:16)\n    at tryCatcher (http://localhost:53196/__cypress/runner/cypress_runner.js:167415:23)\n    at Function.Promise.attempt.Promise.try (http://localhost:53196/__cypress/runner/cypress_runner.js:164690:29)\n    at Context.thenFn (http://localhost:53196/__cypress/runner/cypress_runner.js:136599:23)\n    at Context.then (http://localhost:53196/__cypress/runner/cypress_runner.js:136971:21)\n    at Context.<anonymous> (http://localhost:53196/__cypress/runner/cypress_runner.js:148875:21)\n    at http://localhost:53196/__cypress/runner/cypress_runner.js:148351:33\n    at tryCatcher (http://localhost:53196/__cypress/runner/cypress_runner.js:167415:23)\n    at Promise._settlePromiseFromHandler (http://localhost:53196/__cypress/runner/cypress_runner.js:165351:31)\n    at Promise._settlePromise (http://localhost:53196/__cypress/runner/cypress_runner.js:165408:18)\n    at Promise._settlePromiseCtx (http://localhost:53196/__cypress/runner/cypress_runner.js:165445:10)\n    at Async../node_modules/bluebird/js/release/async.js.Async._drainQueue (http://localhost:53196/__cypress/runner/cypress_runner.js:162145:12)\n    at Async../node_modules/bluebird/js/release/async.js.Async._drainQueues (http://localhost:53196/__cypress/runner/cypress_runner.js:162150:10)\n    at Async.drainQueues (http://localhost:53196/__cypress/runner/cypress_runner.js:162024:14)",
                "diff": "- 'rgb(227, 201, 35)'\n+ 'rgb(0, 0, 0)'\n"
              },
              "uuid": "a867ec3f-03ba-4f8c-bcf3-a022463f7403",
              "parentUUID": "08afc62d-2719-44bd-be3a-1320f3cf8085",
              "isHook": false,
              "skipped": false
            }
          ],
          "suites": [],
          "passes": [
            "3dbf6fab-36b5-4ee7-ae43-83b8359eb151"
          ],
          "failures": [
            "a867ec3f-03ba-4f8c-bcf3-a022463f7403"
          ],
          "pending": [],
          "skipped": [],
          "duration": 671,
          "root": false,
          "rootEmpty": false,
          "_timeout": 2000
        }
      ],
      "passes": [],
      "failures": [],
      "pending": [],
      "skipped": [],
      "duration": 0,
      "root": true,
      "rootEmpty": true,
      "_timeout": 2000
    }
  ],
  "meta": {
    "mocha": {
      "version": "7.0.1"
    },
    "mochawesome": {
      "options": {
        "quiet": false,
        "reportFilename": "mochawesome",
        "saveHtml": false,
        "saveJson": true,
        "consoleReporter": "spec",
        "useInlineDiffs": false
      },
      "version": "4.1.0"
    },
    "marge": {
      "options": {
        "id": "default",
        "reportDir": "cypress/reports",
        "overwrite": true,
        "html": false,
        "json": true
      },
      "version": "4.1.0"
    }
  }
}