{
  "stats": {
    "suites": 12,
    "tests": 41,
    "passes": 23,
    "pending": 0,
    "failures": 18,
    "start": "2021-07-08T20:10:05.655Z",
    "end": "2021-07-08T20:12:57.757Z",
    "duration": 172102,
    "testsRegistered": 41,
    "passPercent": 56.09756097560976,
    "pendingPercent": 0,
    "other": 0,
    "hasOther": false,
    "skipped": 0,
    "hasSkipped": false
  },
  "results": [
    {
      "uuid": "b26ca0e2-5a18-44ea-8c3c-e69cc8e6c9dd",
      "title": "",
      "fullFile": "cypress/integration/project.spec.js",
      "file": "cypress/integration/project.spec.js",
      "beforeHooks": [],
      "afterHooks": [],
      "tests": [],
      "suites": [
        {
          "uuid": "83ba6edc-5b79-4c30-bcb4-c084be312b74",
          "title": "1 - Adicione à página o título \"Paleta de Cores\".",
          "fullFile": "",
          "file": "",
          "beforeHooks": [],
          "afterHooks": [],
          "tests": [
            {
              "title": "Verifica se contém um elemento `h1` com o id `title` com o título correto",
              "fullTitle": "1 - Adicione à página o título \"Paleta de Cores\". Verifica se contém um elemento `h1` com o id `title` com o título correto",
              "timedOut": null,
              "duration": 1127,
              "state": "passed",
              "speed": "slow",
              "pass": true,
              "fail": false,
              "pending": false,
              "context": null,
              "code": "cy.get('h1#title').should('contain.text', 'Paleta de Cores');",
              "err": {},
              "uuid": "da5aa417-ba11-43e9-b980-80bb86d389bc",
              "parentUUID": "83ba6edc-5b79-4c30-bcb4-c084be312b74",
              "isHook": false,
              "skipped": false
            }
          ],
          "suites": [],
          "passes": [
            "da5aa417-ba11-43e9-b980-80bb86d389bc"
          ],
          "failures": [],
          "pending": [],
          "skipped": [],
          "duration": 1127,
          "root": false,
          "rootEmpty": false,
          "_timeout": 2000
        },
        {
          "uuid": "246e2af5-5abb-4b8f-afd8-20cb5371ddb9",
          "title": "2 - Adicione à página uma paleta de quatro cores distintas.",
          "fullFile": "",
          "file": "",
          "beforeHooks": [],
          "afterHooks": [],
          "tests": [
            {
              "title": "A paleta de cores deve ser um elemento com `id` denominado `color-palette`",
              "fullTitle": "2 - Adicione à página uma paleta de quatro cores distintas. A paleta de cores deve ser um elemento com `id` denominado `color-palette`",
              "timedOut": null,
              "duration": 1078,
              "state": "passed",
              "speed": "slow",
              "pass": true,
              "fail": false,
              "pending": false,
              "context": null,
              "code": "cy.get('#color-palette').should('be.visible');",
              "err": {},
              "uuid": "781bdec8-b288-4a59-b472-16a5bac9f40c",
              "parentUUID": "246e2af5-5abb-4b8f-afd8-20cb5371ddb9",
              "isHook": false,
              "skipped": false
            },
            {
              "title": "Verifica se cada cor individual da paleta de cores possui a `classe` chamada `color`.",
              "fullTitle": "2 - Adicione à página uma paleta de quatro cores distintas. Verifica se cada cor individual da paleta de cores possui a `classe` chamada `color`.",
              "timedOut": null,
              "duration": 952,
              "state": "passed",
              "speed": "slow",
              "pass": true,
              "fail": false,
              "pending": false,
              "context": null,
              "code": "cy.get('.color').should('have.length', 4).then(function (colors) {\n  for (var i = 0; i < colors.length; i++) {\n    cy.wrap(colors[i]).should('be.visible');\n  }\n});",
              "err": {},
              "uuid": "b23a41f8-824b-4756-802d-8471e5632759",
              "parentUUID": "246e2af5-5abb-4b8f-afd8-20cb5371ddb9",
              "isHook": false,
              "skipped": false
            },
            {
              "title": "Verifica se a cor de fundo de cada elemento da paleta é a cor que o elemento representa. **A única cor não permitida na paleta é a cor branca.**",
              "fullTitle": "2 - Adicione à página uma paleta de quatro cores distintas. Verifica se a cor de fundo de cada elemento da paleta é a cor que o elemento representa. **A única cor não permitida na paleta é a cor branca.**",
              "timedOut": null,
              "duration": 719,
              "state": "passed",
              "speed": "slow",
              "pass": true,
              "fail": false,
              "pending": false,
              "context": null,
              "code": "cy.get('.color').each(function (color) {\n  cy.wrap(color).should('have.class', 'color').and('not.have.css', 'background-color', WHITE);\n  cy.wrap(color).should('have.css', 'background-color');\n});",
              "err": {},
              "uuid": "2134aa76-105f-4fe4-bd3c-10fd8f348d71",
              "parentUUID": "246e2af5-5abb-4b8f-afd8-20cb5371ddb9",
              "isHook": false,
              "skipped": false
            },
            {
              "title": "Verifica se cada elemento da paleta de cores tem uma borda preta, sólida e com 1 pixel de largura;",
              "fullTitle": "2 - Adicione à página uma paleta de quatro cores distintas. Verifica se cada elemento da paleta de cores tem uma borda preta, sólida e com 1 pixel de largura;",
              "timedOut": null,
              "duration": 577,
              "state": "passed",
              "speed": "slow",
              "pass": true,
              "fail": false,
              "pending": false,
              "context": null,
              "code": "cy.get('.color').each(function (color) {\n  cy.wrap(color).and('have.css', 'border', \"1px solid \".concat(BLACK)).and('have.class', 'color');\n});",
              "err": {},
              "uuid": "a5c1f2f9-cb47-4fe4-8303-40f183ca9dcd",
              "parentUUID": "246e2af5-5abb-4b8f-afd8-20cb5371ddb9",
              "isHook": false,
              "skipped": false
            },
            {
              "title": "Verifica se a paleta lista todas as cores disponíveis para utilização, lado a lado.",
              "fullTitle": "2 - Adicione à página uma paleta de quatro cores distintas. Verifica se a paleta lista todas as cores disponíveis para utilização, lado a lado.",
              "timedOut": null,
              "duration": 575,
              "state": "passed",
              "speed": "slow",
              "pass": true,
              "fail": false,
              "pending": false,
              "context": null,
              "code": "cy.get('.color').then(function (colors) {\n  for (var index = 1; index < colors.length; index += 1) {\n    var currentColor = colors[index];\n    var previousColor = colors[index - 1];\n    cy.wrap(currentColor).should('be.onTheRightOf', previousColor).and('be.horizontallyAlignedWith', previousColor);\n  }\n});",
              "err": {},
              "uuid": "4c38e411-b374-4a7d-a6a4-3f5bac98b711",
              "parentUUID": "246e2af5-5abb-4b8f-afd8-20cb5371ddb9",
              "isHook": false,
              "skipped": false
            },
            {
              "title": "Verifica se a paleta de cores está posicionada abaixo do título 'Paleta de Cores'",
              "fullTitle": "2 - Adicione à página uma paleta de quatro cores distintas. Verifica se a paleta de cores está posicionada abaixo do título 'Paleta de Cores'",
              "timedOut": null,
              "duration": 520,
              "state": "passed",
              "speed": "slow",
              "pass": true,
              "fail": false,
              "pending": false,
              "context": null,
              "code": "cy.get('h1#title').then(function (title) {\n  cy.get('#color-palette').should('be.belowOf', title);\n});",
              "err": {},
              "uuid": "8bdd7388-4338-4d2f-bec4-29329a2fd129",
              "parentUUID": "246e2af5-5abb-4b8f-afd8-20cb5371ddb9",
              "isHook": false,
              "skipped": false
            },
            {
              "title": "Verifica se a paleta de cores não contém cores repetidas.",
              "fullTitle": "2 - Adicione à página uma paleta de quatro cores distintas. Verifica se a paleta de cores não contém cores repetidas.",
              "timedOut": null,
              "duration": 579,
              "state": "passed",
              "speed": "slow",
              "pass": true,
              "fail": false,
              "pending": false,
              "context": null,
              "code": "cy.get('.color').then(function (colors) {\n  var allColors = Array.from(colors).map(function (color) {\n    return Cypress.$(color).css('background-color');\n  });\n  cy.log(allColors);\n  var uniqColors = (0, _toConsumableArray2[\"default\"])(new Set(allColors));\n  cy.log(uniqColors);\n  expect(allColors.length).to.eq(uniqColors.length);\n});",
              "err": {},
              "uuid": "b2f76aaa-7bda-4baa-b63a-a44fcf2602de",
              "parentUUID": "246e2af5-5abb-4b8f-afd8-20cb5371ddb9",
              "isHook": false,
              "skipped": false
            }
          ],
          "suites": [],
          "passes": [
            "781bdec8-b288-4a59-b472-16a5bac9f40c",
            "b23a41f8-824b-4756-802d-8471e5632759",
            "2134aa76-105f-4fe4-bd3c-10fd8f348d71",
            "a5c1f2f9-cb47-4fe4-8303-40f183ca9dcd",
            "4c38e411-b374-4a7d-a6a4-3f5bac98b711",
            "8bdd7388-4338-4d2f-bec4-29329a2fd129",
            "b2f76aaa-7bda-4baa-b63a-a44fcf2602de"
          ],
          "failures": [],
          "pending": [],
          "skipped": [],
          "duration": 5000,
          "root": false,
          "rootEmpty": false,
          "_timeout": 2000
        },
        {
          "uuid": "5bb1e28d-e680-4b34-aded-a9cd3eb137df",
          "title": "3 - Adicione a cor **preta** como a primeira cor da paleta de cores.",
          "fullFile": "",
          "file": "",
          "beforeHooks": [],
          "afterHooks": [],
          "tests": [
            {
              "title": "Verifica se a primeira cor da paleta é preta",
              "fullTitle": "3 - Adicione a cor **preta** como a primeira cor da paleta de cores. Verifica se a primeira cor da paleta é preta",
              "timedOut": null,
              "duration": 642,
              "state": "passed",
              "speed": "slow",
              "pass": true,
              "fail": false,
              "pending": false,
              "context": null,
              "code": "cy.get('.color').first().should('have.css', 'background-color', BLACK);",
              "err": {},
              "uuid": "ac37eaae-69f4-494a-a9de-289c2299f8a0",
              "parentUUID": "5bb1e28d-e680-4b34-aded-a9cd3eb137df",
              "isHook": false,
              "skipped": false
            },
            {
              "title": "Verifica se as demais cores podem ser escolhidas livremente.",
              "fullTitle": "3 - Adicione a cor **preta** como a primeira cor da paleta de cores. Verifica se as demais cores podem ser escolhidas livremente.",
              "timedOut": null,
              "duration": 1041,
              "state": "passed",
              "speed": "slow",
              "pass": true,
              "fail": false,
              "pending": false,
              "context": null,
              "code": "cy.get('.color').eq(1).should('not.have.css', 'background-color', BLACK);\ncy.get('.color').eq(1).should('not.have.css', 'background-color', WHITE);\ncy.get('.color').eq(1).should('not.have.css', 'background-color', 'rgba(0, 0, 0, 0)');\ncy.get('.color').eq(1).should('have.css', 'background-color');\ncy.get('.color').eq(2).should('not.have.css', 'background-color', BLACK);\ncy.get('.color').eq(2).should('not.have.css', 'background-color', WHITE);\ncy.get('.color').eq(2).should('not.have.css', 'background-color', 'rgba(0, 0, 0, 0)');\ncy.get('.color').eq(2).should('have.css', 'background-color');\ncy.get('.color').eq(3).should('not.have.css', 'background-color', BLACK);\ncy.get('.color').eq(3).should('not.have.css', 'background-color', WHITE);\ncy.get('.color').eq(3).should('not.have.css', 'background-color', 'rgba(0, 0, 0, 0)');\ncy.get('.color').eq(3).should('have.css', 'background-color');",
              "err": {},
              "uuid": "ae2a29d7-592c-4899-bc1e-09b8e5fa23a5",
              "parentUUID": "5bb1e28d-e680-4b34-aded-a9cd3eb137df",
              "isHook": false,
              "skipped": false
            }
          ],
          "suites": [],
          "passes": [
            "ac37eaae-69f4-494a-a9de-289c2299f8a0",
            "ae2a29d7-592c-4899-bc1e-09b8e5fa23a5"
          ],
          "failures": [],
          "pending": [],
          "skipped": [],
          "duration": 1683,
          "root": false,
          "rootEmpty": false,
          "_timeout": 2000
        },
        {
          "uuid": "d50e2e63-5eaa-4bed-981f-f65d0d20fb33",
          "title": "4 - Adicione à página um quadro de pixels, com 25 pixels.",
          "fullFile": "",
          "file": "",
          "beforeHooks": [],
          "afterHooks": [],
          "tests": [
            {
              "title": "Verifica se o quadro de pixels possui o `id` denominado `pixel-board`",
              "fullTitle": "4 - Adicione à página um quadro de pixels, com 25 pixels. Verifica se o quadro de pixels possui o `id` denominado `pixel-board`",
              "timedOut": null,
              "duration": 595,
              "state": "passed",
              "speed": "slow",
              "pass": true,
              "fail": false,
              "pending": false,
              "context": null,
              "code": "cy.get('#pixel-board').should('be.visible');",
              "err": {},
              "uuid": "589ef63e-1d4e-4318-ba30-00865b0e41c3",
              "parentUUID": "d50e2e63-5eaa-4bed-981f-f65d0d20fb33",
              "isHook": false,
              "skipped": false
            },
            {
              "title": "Verifica se cada pixel individual dentro do quadro possui a `classe` denominada `pixel`.",
              "fullTitle": "4 - Adicione à página um quadro de pixels, com 25 pixels. Verifica se cada pixel individual dentro do quadro possui a `classe` denominada `pixel`.",
              "timedOut": null,
              "duration": 688,
              "state": "passed",
              "speed": "slow",
              "pass": true,
              "fail": false,
              "pending": false,
              "context": null,
              "code": "cy.get('.pixel').should('have.length', 25);",
              "err": {},
              "uuid": "03dc2f23-33bb-4675-956b-bd3a958e2dda",
              "parentUUID": "d50e2e63-5eaa-4bed-981f-f65d0d20fb33",
              "isHook": false,
              "skipped": false
            },
            {
              "title": "Verifica se a cor inicial dos pixels dentro do quadro, ao abrir a página, é branca.",
              "fullTitle": "4 - Adicione à página um quadro de pixels, com 25 pixels. Verifica se a cor inicial dos pixels dentro do quadro, ao abrir a página, é branca.",
              "timedOut": null,
              "duration": 830,
              "state": "passed",
              "speed": "slow",
              "pass": true,
              "fail": false,
              "pending": false,
              "context": null,
              "code": "cy.get('.pixel').should('have.length', 25).each(function (pixel) {\n  expect(pixel).to.have.css('background-color', WHITE);\n});",
              "err": {},
              "uuid": "05c47284-f77b-43de-a76b-a05afc75dcb6",
              "parentUUID": "d50e2e63-5eaa-4bed-981f-f65d0d20fb33",
              "isHook": false,
              "skipped": false
            },
            {
              "title": "Verifica se o quadro de pixels aparece abaixo da paleta de cores",
              "fullTitle": "4 - Adicione à página um quadro de pixels, com 25 pixels. Verifica se o quadro de pixels aparece abaixo da paleta de cores",
              "timedOut": null,
              "duration": 696,
              "state": "passed",
              "speed": "slow",
              "pass": true,
              "fail": false,
              "pending": false,
              "context": null,
              "code": "cy.get('#color-palette').then(function (palette) {\n  cy.get('#pixel-board').should('be.belowOf', palette);\n});",
              "err": {},
              "uuid": "d6b2cadc-3720-46bb-ae50-ebb5533da00e",
              "parentUUID": "d50e2e63-5eaa-4bed-981f-f65d0d20fb33",
              "isHook": false,
              "skipped": false
            }
          ],
          "suites": [],
          "passes": [
            "589ef63e-1d4e-4318-ba30-00865b0e41c3",
            "03dc2f23-33bb-4675-956b-bd3a958e2dda",
            "05c47284-f77b-43de-a76b-a05afc75dcb6",
            "d6b2cadc-3720-46bb-ae50-ebb5533da00e"
          ],
          "failures": [],
          "pending": [],
          "skipped": [],
          "duration": 2809,
          "root": false,
          "rootEmpty": false,
          "_timeout": 2000
        },
        {
          "uuid": "84e490e9-282c-4bd1-9a1d-ea7ec06f46ad",
          "title": "5 - Faça com que cada elemento do quadro de pixels possua 40 pixels de largura, 40 pixels de altura e seja delimitado por uma borda preta de 1 pixel.",
          "fullFile": "",
          "file": "",
          "beforeHooks": [],
          "afterHooks": [],
          "tests": [
            {
              "title": "Verifica se o quadro de pixels tem altura e comprimento de 5 elementos",
              "fullTitle": "5 - Faça com que cada elemento do quadro de pixels possua 40 pixels de largura, 40 pixels de altura e seja delimitado por uma borda preta de 1 pixel. Verifica se o quadro de pixels tem altura e comprimento de 5 elementos",
              "timedOut": null,
              "duration": 1573,
              "state": "passed",
              "speed": "slow",
              "pass": true,
              "fail": false,
              "pending": false,
              "context": null,
              "code": "cy.get('.pixel').should('have.length', 25).each(function (pixel) {\n  expect(pixel).to.have.css('background-color', WHITE);\n}).and(function (pixels) {\n  var rows = chunk(pixels, 5);\n  rows.forEach(function (row) {\n    for (var index = 1; index < row.length; index += 1) {\n      var current = pixels[index];\n      var previous = pixels[index - 1];\n      cy.wrap(current).should('be.onTheRightOf', previous).and('be.horizontallyAlignedWith', previous);\n    }\n  });\n  for (var index = 1; index < 5; index += 1) {\n    expect(pixels[index * 5]).to.be.belowOf(pixels[(index - 1) * 5]);\n  }\n});",
              "err": {},
              "uuid": "56e29606-4390-4d0f-98b7-e3d1f4facc8d",
              "parentUUID": "84e490e9-282c-4bd1-9a1d-ea7ec06f46ad",
              "isHook": false,
              "skipped": false
            },
            {
              "title": "Verifica se 40 pixels é o tamanho total do elemento, incluindo seu conteúdo e excluindo a borda preta, que deve ser criada à parte.",
              "fullTitle": "5 - Faça com que cada elemento do quadro de pixels possua 40 pixels de largura, 40 pixels de altura e seja delimitado por uma borda preta de 1 pixel. Verifica se 40 pixels é o tamanho total do elemento, incluindo seu conteúdo e excluindo a borda preta, que deve ser criada à parte.",
              "timedOut": null,
              "duration": 1491,
              "state": "passed",
              "speed": "slow",
              "pass": true,
              "fail": false,
              "pending": false,
              "context": null,
              "code": "cy.get('.pixel').each(function (pixel) {\n  cy.wrap(pixel).should('have.css', 'height', '40px').and('have.css', 'width', '40px').and('have.css', 'border', \"1px solid \".concat(BLACK));\n});",
              "err": {},
              "uuid": "a2ba37ec-09bc-4803-843c-1068e7db4594",
              "parentUUID": "84e490e9-282c-4bd1-9a1d-ea7ec06f46ad",
              "isHook": false,
              "skipped": false
            }
          ],
          "suites": [],
          "passes": [
            "56e29606-4390-4d0f-98b7-e3d1f4facc8d",
            "a2ba37ec-09bc-4803-843c-1068e7db4594"
          ],
          "failures": [],
          "pending": [],
          "skipped": [],
          "duration": 3064,
          "root": false,
          "rootEmpty": false,
          "_timeout": 2000
        },
        {
          "uuid": "979e4829-167e-40bd-b950-d63bd4060499",
          "title": "6 - Defina a cor preta como cor inicial. Ao carregar a página a cor preta já deve estar selecionada para pintar os pixels",
          "fullFile": "",
          "file": "",
          "beforeHooks": [],
          "afterHooks": [],
          "tests": [
            {
              "title": "Verifica se o elemento da cor preta possui, inicialmente, a `classe` `selected`",
              "fullTitle": "6 - Defina a cor preta como cor inicial. Ao carregar a página a cor preta já deve estar selecionada para pintar os pixels Verifica se o elemento da cor preta possui, inicialmente, a `classe` `selected`",
              "timedOut": null,
              "duration": 692,
              "state": "passed",
              "speed": "slow",
              "pass": true,
              "fail": false,
              "pending": false,
              "context": null,
              "code": "cy.get('.selected').first().should('have.css', 'background-color', BLACK);",
              "err": {},
              "uuid": "73f5bfd2-77a6-4483-a76c-77a05322e263",
              "parentUUID": "979e4829-167e-40bd-b950-d63bd4060499",
              "isHook": false,
              "skipped": false
            },
            {
              "title": "Verifica se nenhuma outra cor da paleta tem a `classe` `selected`",
              "fullTitle": "6 - Defina a cor preta como cor inicial. Ao carregar a página a cor preta já deve estar selecionada para pintar os pixels Verifica se nenhuma outra cor da paleta tem a `classe` `selected`",
              "timedOut": null,
              "duration": 502,
              "state": "passed",
              "speed": "slow",
              "pass": true,
              "fail": false,
              "pending": false,
              "context": null,
              "code": "cy.get('.color:not(:first-child)').each(function (color) {\n  cy.wrap(color).should('not.have.class', 'selected');\n});",
              "err": {},
              "uuid": "155385da-870a-485d-a74d-fa36eaa257d0",
              "parentUUID": "979e4829-167e-40bd-b950-d63bd4060499",
              "isHook": false,
              "skipped": false
            }
          ],
          "suites": [],
          "passes": [
            "73f5bfd2-77a6-4483-a76c-77a05322e263",
            "155385da-870a-485d-a74d-fa36eaa257d0"
          ],
          "failures": [],
          "pending": [],
          "skipped": [],
          "duration": 1194,
          "root": false,
          "rootEmpty": false,
          "_timeout": 2000
        },
        {
          "uuid": "dbde3f2a-9784-4e69-87b0-3f7b45b4f78d",
          "title": "7 - Clicar em uma das cores da paleta, faz com que ela seja selecionada e utilizada para preencher os pixels no quadro.",
          "fullFile": "",
          "file": "",
          "beforeHooks": [],
          "afterHooks": [],
          "tests": [
            {
              "title": "Verifica se somente uma cor da paleta de cores tem a classe `selected` de cada vez",
              "fullTitle": "7 - Clicar em uma das cores da paleta, faz com que ela seja selecionada e utilizada para preencher os pixels no quadro. Verifica se somente uma cor da paleta de cores tem a classe `selected` de cada vez",
              "timedOut": null,
              "duration": 1534,
              "state": "passed",
              "speed": "slow",
              "pass": true,
              "fail": false,
              "pending": false,
              "context": null,
              "code": "cy.get('.color').each(function (selectedColor, selectedColorIndex) {\n  cy.wrap(selectedColor).click();\n  cy.get('.color').each(function (color, colorIndex) {\n    if (colorIndex === selectedColorIndex) {\n      expect(color).to.have[\"class\"]('selected');\n    } else {\n      expect(color).not.to.have[\"class\"]('selected');\n    }\n  });\n});",
              "err": {},
              "uuid": "83aecf52-0fa9-44ee-b77c-10c6f321685e",
              "parentUUID": "dbde3f2a-9784-4e69-87b0-3f7b45b4f78d",
              "isHook": false,
              "skipped": false
            },
            {
              "title": "Verifica se os pixels dentro do quadro não têm a classe `selected` quando são clicados",
              "fullTitle": "7 - Clicar em uma das cores da paleta, faz com que ela seja selecionada e utilizada para preencher os pixels no quadro. Verifica se os pixels dentro do quadro não têm a classe `selected` quando são clicados",
              "timedOut": null,
              "duration": 12542,
              "state": "passed",
              "speed": "slow",
              "pass": true,
              "fail": false,
              "pending": false,
              "context": null,
              "code": "cy.get('.color').each(function (color) {\n  var backgroundColor = color.css('background-color');\n  cy.wrap(color).click();\n  cy.get('.pixel').each(function (pixel) {\n    cy.wrap(pixel).click().should('not.have.class', 'selected');\n  });\n});",
              "err": {},
              "uuid": "7549a6c4-d8ec-462e-ac3e-1597b4e2b8a4",
              "parentUUID": "dbde3f2a-9784-4e69-87b0-3f7b45b4f78d",
              "isHook": false,
              "skipped": false
            }
          ],
          "suites": [],
          "passes": [
            "83aecf52-0fa9-44ee-b77c-10c6f321685e",
            "7549a6c4-d8ec-462e-ac3e-1597b4e2b8a4"
          ],
          "failures": [],
          "pending": [],
          "skipped": [],
          "duration": 14076,
          "root": false,
          "rootEmpty": false,
          "_timeout": 2000
        },
        {
          "uuid": "6200d176-0ebc-4db3-bd7c-a54133388883",
          "title": "8 - Clicar em um pixel dentro do quadro após selecionar uma cor na paleta, faz com que o pixel seja preenchido com a cor selecionada.",
          "fullFile": "",
          "file": "",
          "beforeHooks": [],
          "afterHooks": [],
          "tests": [
            {
              "title": "Verifica se ao carregar a página deve ser possível pintar os pixels de preto",
              "fullTitle": "8 - Clicar em um pixel dentro do quadro após selecionar uma cor na paleta, faz com que o pixel seja preenchido com a cor selecionada. Verifica se ao carregar a página deve ser possível pintar os pixels de preto",
              "timedOut": null,
              "duration": 3631,
              "state": "passed",
              "speed": "slow",
              "pass": true,
              "fail": false,
              "pending": false,
              "context": null,
              "code": "cy.get('.pixel').each(function (pixel) {\n  cy.wrap(pixel).click().should('have.css', 'background-color', BLACK);\n});",
              "err": {},
              "uuid": "58d76c95-4d9b-4cbc-a011-75ba53fad949",
              "parentUUID": "6200d176-0ebc-4db3-bd7c-a54133388883",
              "isHook": false,
              "skipped": false
            },
            {
              "title": "Verifica se após selecionar uma outra cor na paleta, é possível pintar os pixels com essa cor",
              "fullTitle": "8 - Clicar em um pixel dentro do quadro após selecionar uma cor na paleta, faz com que o pixel seja preenchido com a cor selecionada. Verifica se após selecionar uma outra cor na paleta, é possível pintar os pixels com essa cor",
              "timedOut": null,
              "duration": 12510,
              "state": "passed",
              "speed": "slow",
              "pass": true,
              "fail": false,
              "pending": false,
              "context": null,
              "code": "cy.get('.color').each(function (color) {\n  var backgroundColor = color.css('background-color');\n  cy.wrap(color).click();\n  cy.get('.pixel').each(function (pixel) {\n    cy.wrap(pixel).click().should('have.css', 'background-color', backgroundColor);\n  });\n});",
              "err": {},
              "uuid": "11e15ad1-1789-4119-832e-33471678eea2",
              "parentUUID": "6200d176-0ebc-4db3-bd7c-a54133388883",
              "isHook": false,
              "skipped": false
            },
            {
              "title": "Verifica se somente o pixel que foi clicado foi preenchido com a cor selecionada, sem influenciar na cor dos demais pixels.",
              "fullTitle": "8 - Clicar em um pixel dentro do quadro após selecionar uma cor na paleta, faz com que o pixel seja preenchido com a cor selecionada. Verifica se somente o pixel que foi clicado foi preenchido com a cor selecionada, sem influenciar na cor dos demais pixels.",
              "timedOut": null,
              "duration": 5408,
              "state": "passed",
              "speed": "slow",
              "pass": true,
              "fail": false,
              "pending": false,
              "context": null,
              "code": "var colorToPixelIndexMap = {\n  0: 6,\n  1: 8,\n  2: 16,\n  3: 18\n};\ncy.get('.color').each(function (color, index) {\n  cy.wrap(color).click();\n  var backgroundColor = color.css('background-color');\n  var clickedPixelIndex = colorToPixelIndexMap[index];\n  cy.get('.pixel').eq(clickedPixelIndex).click();\n  cy.get('.pixel').eq(clickedPixelIndex - 1).should('not.have.css', 'background-color', backgroundColor);\n  cy.get('.pixel').eq(clickedPixelIndex + 1).should('not.have.css', 'background-color', backgroundColor);\n  cy.get('.pixel').eq(clickedPixelIndex - 5).should('not.have.css', 'background-color', backgroundColor);\n  cy.get('.pixel').eq(clickedPixelIndex + 5).should('not.have.css', 'background-color', backgroundColor);\n  cy.get('.pixel').eq(clickedPixelIndex - 6).should('not.have.css', 'background-color', backgroundColor);\n  cy.get('.pixel').eq(clickedPixelIndex - 4).should('not.have.css', 'background-color', backgroundColor);\n  cy.get('.pixel').eq(clickedPixelIndex + 4).should('not.have.css', 'background-color', backgroundColor);\n  cy.get('.pixel').eq(clickedPixelIndex + 6).should('not.have.css', 'background-color', backgroundColor);\n});",
              "err": {},
              "uuid": "ac34bf96-8766-4d70-8558-9a2168f1d57b",
              "parentUUID": "6200d176-0ebc-4db3-bd7c-a54133388883",
              "isHook": false,
              "skipped": false
            }
          ],
          "suites": [],
          "passes": [
            "58d76c95-4d9b-4cbc-a011-75ba53fad949",
            "11e15ad1-1789-4119-832e-33471678eea2",
            "ac34bf96-8766-4d70-8558-9a2168f1d57b"
          ],
          "failures": [],
          "pending": [],
          "skipped": [],
          "duration": 21549,
          "root": false,
          "rootEmpty": false,
          "_timeout": 2000
        },
        {
          "uuid": "95985d22-0af5-4dae-b402-2fb4d8397a0a",
          "title": "9 - Crie um botão que, ao ser clicado, limpa o quadro preenchendo a cor de todos seus pixels com branco.",
          "fullFile": "",
          "file": "",
          "beforeHooks": [],
          "afterHooks": [],
          "tests": [
            {
              "title": "Verifica se o botão tem o `id` denominado `clear-board`",
              "fullTitle": "9 - Crie um botão que, ao ser clicado, limpa o quadro preenchendo a cor de todos seus pixels com branco. Verifica se o botão tem o `id` denominado `clear-board`",
              "timedOut": null,
              "duration": 5539,
              "state": "failed",
              "speed": null,
              "pass": false,
              "fail": true,
              "pending": false,
              "context": null,
              "code": "cy.get('#clear-board').should('be.visible');",
              "err": {
                "message": "CypressError: Timed out retrying: Expected to find element: '#clear-board', but never found it.",
                "estack": "CypressError: Timed out retrying: Expected to find element: '#clear-board', but never found it.\n    at cypressErr (http://localhost:37711/__cypress/runner/cypress_runner.js:149934:9)\n    at throwErr (http://localhost:37711/__cypress/runner/cypress_runner.js:149867:11)\n    at Object.throwErrByPath (http://localhost:37711/__cypress/runner/cypress_runner.js:149915:3)\n    at retry (http://localhost:37711/__cypress/runner/cypress_runner.js:144197:19)\n    at onFailFn (http://localhost:37711/__cypress/runner/cypress_runner.js:132448:16)\n    at tryCatcher (http://localhost:37711/__cypress/runner/cypress_runner.js:167415:23)\n    at Promise._settlePromiseFromHandler (http://localhost:37711/__cypress/runner/cypress_runner.js:165351:31)\n    at Promise._settlePromise (http://localhost:37711/__cypress/runner/cypress_runner.js:165408:18)\n    at Promise._settlePromise0 (http://localhost:37711/__cypress/runner/cypress_runner.js:165453:10)\n    at Promise._settlePromises (http://localhost:37711/__cypress/runner/cypress_runner.js:165528:18)\n    at Async../node_modules/bluebird/js/release/async.js.Async._drainQueue (http://localhost:37711/__cypress/runner/cypress_runner.js:162140:16)\n    at Async../node_modules/bluebird/js/release/async.js.Async._drainQueues (http://localhost:37711/__cypress/runner/cypress_runner.js:162150:10)\n    at Async.drainQueues (http://localhost:37711/__cypress/runner/cypress_runner.js:162024:14)",
                "diff": null
              },
              "uuid": "2ff06ce8-ce74-401a-bc67-1f4cf6c168f1",
              "parentUUID": "95985d22-0af5-4dae-b402-2fb4d8397a0a",
              "isHook": false,
              "skipped": false
            },
            {
              "title": "Verifica se o botão está posicionado entre a paleta de cores e o quadro de pixels",
              "fullTitle": "9 - Crie um botão que, ao ser clicado, limpa o quadro preenchendo a cor de todos seus pixels com branco. Verifica se o botão está posicionado entre a paleta de cores e o quadro de pixels",
              "timedOut": null,
              "duration": 5800,
              "state": "failed",
              "speed": null,
              "pass": false,
              "fail": true,
              "pending": false,
              "context": null,
              "code": "cy.get('#color-palette').then(function (palette) {\n  cy.get('#clear-board').should('be.belowOf', palette);\n});\ncy.get('#clear-board').then(function (clearBtn) {\n  cy.get('#pixel-board').should('be.belowOf', clearBtn);\n});",
              "err": {
                "message": "CypressError: Timed out retrying: Expected to find element: '#clear-board', but never found it.",
                "estack": "CypressError: Timed out retrying: Expected to find element: '#clear-board', but never found it.\n    at cypressErr (http://localhost:37711/__cypress/runner/cypress_runner.js:149934:9)\n    at throwErr (http://localhost:37711/__cypress/runner/cypress_runner.js:149867:11)\n    at Object.throwErrByPath (http://localhost:37711/__cypress/runner/cypress_runner.js:149915:3)\n    at retry (http://localhost:37711/__cypress/runner/cypress_runner.js:144197:19)\n    at onFailFn (http://localhost:37711/__cypress/runner/cypress_runner.js:132448:16)\n    at tryCatcher (http://localhost:37711/__cypress/runner/cypress_runner.js:167415:23)\n    at Promise._settlePromiseFromHandler (http://localhost:37711/__cypress/runner/cypress_runner.js:165351:31)\n    at Promise._settlePromise (http://localhost:37711/__cypress/runner/cypress_runner.js:165408:18)\n    at Promise._settlePromise0 (http://localhost:37711/__cypress/runner/cypress_runner.js:165453:10)\n    at Promise._settlePromises (http://localhost:37711/__cypress/runner/cypress_runner.js:165528:18)\n    at Async../node_modules/bluebird/js/release/async.js.Async._drainQueue (http://localhost:37711/__cypress/runner/cypress_runner.js:162140:16)\n    at Async../node_modules/bluebird/js/release/async.js.Async._drainQueues (http://localhost:37711/__cypress/runner/cypress_runner.js:162150:10)\n    at Async.drainQueues (http://localhost:37711/__cypress/runner/cypress_runner.js:162024:14)",
                "diff": null
              },
              "uuid": "24bb9ac1-cc35-4cd5-bc92-324b1e5aaa5e",
              "parentUUID": "95985d22-0af5-4dae-b402-2fb4d8397a0a",
              "isHook": false,
              "skipped": false
            },
            {
              "title": "Verifica se o texto do botão é 'Limpar'",
              "fullTitle": "9 - Crie um botão que, ao ser clicado, limpa o quadro preenchendo a cor de todos seus pixels com branco. Verifica se o texto do botão é 'Limpar'",
              "timedOut": null,
              "duration": 5573,
              "state": "failed",
              "speed": null,
              "pass": false,
              "fail": true,
              "pending": false,
              "context": null,
              "code": "cy.get('#clear-board').should('contain.text', 'Limpar');",
              "err": {
                "message": "CypressError: Timed out retrying: Expected to find element: '#clear-board', but never found it.",
                "estack": "CypressError: Timed out retrying: Expected to find element: '#clear-board', but never found it.\n    at cypressErr (http://localhost:37711/__cypress/runner/cypress_runner.js:149934:9)\n    at throwErr (http://localhost:37711/__cypress/runner/cypress_runner.js:149867:11)\n    at Object.throwErrByPath (http://localhost:37711/__cypress/runner/cypress_runner.js:149915:3)\n    at retry (http://localhost:37711/__cypress/runner/cypress_runner.js:144197:19)\n    at onFailFn (http://localhost:37711/__cypress/runner/cypress_runner.js:132448:16)\n    at tryCatcher (http://localhost:37711/__cypress/runner/cypress_runner.js:167415:23)\n    at Promise._settlePromiseFromHandler (http://localhost:37711/__cypress/runner/cypress_runner.js:165351:31)\n    at Promise._settlePromise (http://localhost:37711/__cypress/runner/cypress_runner.js:165408:18)\n    at Promise._settlePromise0 (http://localhost:37711/__cypress/runner/cypress_runner.js:165453:10)\n    at Promise._settlePromises (http://localhost:37711/__cypress/runner/cypress_runner.js:165528:18)\n    at Async../node_modules/bluebird/js/release/async.js.Async._drainQueue (http://localhost:37711/__cypress/runner/cypress_runner.js:162140:16)\n    at Async../node_modules/bluebird/js/release/async.js.Async._drainQueues (http://localhost:37711/__cypress/runner/cypress_runner.js:162150:10)\n    at Async.drainQueues (http://localhost:37711/__cypress/runner/cypress_runner.js:162024:14)",
                "diff": null
              },
              "uuid": "4612d180-7abb-49e1-808d-7d586481e52e",
              "parentUUID": "95985d22-0af5-4dae-b402-2fb4d8397a0a",
              "isHook": false,
              "skipped": false
            },
            {
              "title": "Verifica se ao clicar no botão, o quadro de pixels é totalmente preenchido de branco",
              "fullTitle": "9 - Crie um botão que, ao ser clicado, limpa o quadro preenchendo a cor de todos seus pixels com branco. Verifica se ao clicar no botão, o quadro de pixels é totalmente preenchido de branco",
              "timedOut": null,
              "duration": 17937,
              "state": "failed",
              "speed": null,
              "pass": false,
              "fail": true,
              "pending": false,
              "context": null,
              "code": "cy.get('.color').eq(1).then(function (color) {\n  var backgroundColor = color.css('background-color');\n  cy.wrap(color).click();\n  cy.get('.pixel').each(function (pixel) {\n    cy.wrap(pixel).click().should('have.css', 'background-color', backgroundColor);\n  });\n});\ncy.get('#clear-board').click();\ncy.get('.pixel').each(function (pixel) {\n  cy.wrap(pixel).should('have.css', 'background-color', WHITE);\n});",
              "err": {
                "message": "CypressError: Timed out retrying: Expected to find element: '#clear-board', but never found it.",
                "estack": "CypressError: Timed out retrying: Expected to find element: '#clear-board', but never found it.\n    at cypressErr (http://localhost:37711/__cypress/runner/cypress_runner.js:149934:9)\n    at throwErr (http://localhost:37711/__cypress/runner/cypress_runner.js:149867:11)\n    at Object.throwErrByPath (http://localhost:37711/__cypress/runner/cypress_runner.js:149915:3)\n    at retry (http://localhost:37711/__cypress/runner/cypress_runner.js:144197:19)\n    at onFailFn (http://localhost:37711/__cypress/runner/cypress_runner.js:132448:16)\n    at tryCatcher (http://localhost:37711/__cypress/runner/cypress_runner.js:167415:23)\n    at Promise._settlePromiseFromHandler (http://localhost:37711/__cypress/runner/cypress_runner.js:165351:31)\n    at Promise._settlePromise (http://localhost:37711/__cypress/runner/cypress_runner.js:165408:18)\n    at Promise._settlePromise0 (http://localhost:37711/__cypress/runner/cypress_runner.js:165453:10)\n    at Promise._settlePromises (http://localhost:37711/__cypress/runner/cypress_runner.js:165528:18)\n    at Async../node_modules/bluebird/js/release/async.js.Async._drainQueue (http://localhost:37711/__cypress/runner/cypress_runner.js:162140:16)\n    at Async../node_modules/bluebird/js/release/async.js.Async._drainQueues (http://localhost:37711/__cypress/runner/cypress_runner.js:162150:10)\n    at Async.drainQueues (http://localhost:37711/__cypress/runner/cypress_runner.js:162024:14)",
                "diff": null
              },
              "uuid": "0a391bd7-b2e9-4299-b8a1-09dbd242c0d8",
              "parentUUID": "95985d22-0af5-4dae-b402-2fb4d8397a0a",
              "isHook": false,
              "skipped": false
            }
          ],
          "suites": [],
          "passes": [],
          "failures": [
            "2ff06ce8-ce74-401a-bc67-1f4cf6c168f1",
            "24bb9ac1-cc35-4cd5-bc92-324b1e5aaa5e",
            "4612d180-7abb-49e1-808d-7d586481e52e",
            "0a391bd7-b2e9-4299-b8a1-09dbd242c0d8"
          ],
          "pending": [],
          "skipped": [],
          "duration": 34849,
          "root": false,
          "rootEmpty": false,
          "_timeout": 2000
        },
        {
          "uuid": "d9309370-3032-4741-bbe1-0a52c350df2b",
          "title": "10 - Faça o quadro de pixels ter seu tamanho definido pelo usuário.",
          "fullFile": "",
          "file": "",
          "beforeHooks": [],
          "afterHooks": [],
          "tests": [
            {
              "title": "Verifica se existe um input com o id `board-size`",
              "fullTitle": "10 - Faça o quadro de pixels ter seu tamanho definido pelo usuário. Verifica se existe um input com o id `board-size`",
              "timedOut": null,
              "duration": 6394,
              "state": "failed",
              "speed": null,
              "pass": false,
              "fail": true,
              "pending": false,
              "context": null,
              "code": "cy.get('#board-size').should('be.visible');",
              "err": {
                "message": "CypressError: Timed out retrying: Expected to find element: '#board-size', but never found it.",
                "estack": "CypressError: Timed out retrying: Expected to find element: '#board-size', but never found it.\n    at cypressErr (http://localhost:37711/__cypress/runner/cypress_runner.js:149934:9)\n    at throwErr (http://localhost:37711/__cypress/runner/cypress_runner.js:149867:11)\n    at Object.throwErrByPath (http://localhost:37711/__cypress/runner/cypress_runner.js:149915:3)\n    at retry (http://localhost:37711/__cypress/runner/cypress_runner.js:144197:19)\n    at onFailFn (http://localhost:37711/__cypress/runner/cypress_runner.js:132448:16)\n    at tryCatcher (http://localhost:37711/__cypress/runner/cypress_runner.js:167415:23)\n    at Promise._settlePromiseFromHandler (http://localhost:37711/__cypress/runner/cypress_runner.js:165351:31)\n    at Promise._settlePromise (http://localhost:37711/__cypress/runner/cypress_runner.js:165408:18)\n    at Promise._settlePromise0 (http://localhost:37711/__cypress/runner/cypress_runner.js:165453:10)\n    at Promise._settlePromises (http://localhost:37711/__cypress/runner/cypress_runner.js:165528:18)\n    at Async../node_modules/bluebird/js/release/async.js.Async._drainQueue (http://localhost:37711/__cypress/runner/cypress_runner.js:162140:16)\n    at Async../node_modules/bluebird/js/release/async.js.Async._drainQueues (http://localhost:37711/__cypress/runner/cypress_runner.js:162150:10)\n    at Async.drainQueues (http://localhost:37711/__cypress/runner/cypress_runner.js:162024:14)",
                "diff": null
              },
              "uuid": "5e1cc5d4-17b6-4a8f-88a1-ec65d10c8a91",
              "parentUUID": "d9309370-3032-4741-bbe1-0a52c350df2b",
              "isHook": false,
              "skipped": false
            },
            {
              "title": "Verifica se existe um botão com o id `generate-board`",
              "fullTitle": "10 - Faça o quadro de pixels ter seu tamanho definido pelo usuário. Verifica se existe um botão com o id `generate-board`",
              "timedOut": null,
              "duration": 5927,
              "state": "failed",
              "speed": null,
              "pass": false,
              "fail": true,
              "pending": false,
              "context": null,
              "code": "cy.get('#generate-board').should('be.visible');",
              "err": {
                "message": "CypressError: Timed out retrying: Expected to find element: '#generate-board', but never found it.",
                "estack": "CypressError: Timed out retrying: Expected to find element: '#generate-board', but never found it.\n    at cypressErr (http://localhost:37711/__cypress/runner/cypress_runner.js:149934:9)\n    at throwErr (http://localhost:37711/__cypress/runner/cypress_runner.js:149867:11)\n    at Object.throwErrByPath (http://localhost:37711/__cypress/runner/cypress_runner.js:149915:3)\n    at retry (http://localhost:37711/__cypress/runner/cypress_runner.js:144197:19)\n    at onFailFn (http://localhost:37711/__cypress/runner/cypress_runner.js:132448:16)\n    at tryCatcher (http://localhost:37711/__cypress/runner/cypress_runner.js:167415:23)\n    at Promise._settlePromiseFromHandler (http://localhost:37711/__cypress/runner/cypress_runner.js:165351:31)\n    at Promise._settlePromise (http://localhost:37711/__cypress/runner/cypress_runner.js:165408:18)\n    at Promise._settlePromise0 (http://localhost:37711/__cypress/runner/cypress_runner.js:165453:10)\n    at Promise._settlePromises (http://localhost:37711/__cypress/runner/cypress_runner.js:165528:18)\n    at Async../node_modules/bluebird/js/release/async.js.Async._drainQueue (http://localhost:37711/__cypress/runner/cypress_runner.js:162140:16)\n    at Async../node_modules/bluebird/js/release/async.js.Async._drainQueues (http://localhost:37711/__cypress/runner/cypress_runner.js:162150:10)\n    at Async.drainQueues (http://localhost:37711/__cypress/runner/cypress_runner.js:162024:14)",
                "diff": null
              },
              "uuid": "be642f11-bc0e-445a-aedf-cdab24176f9d",
              "parentUUID": "d9309370-3032-4741-bbe1-0a52c350df2b",
              "isHook": false,
              "skipped": false
            },
            {
              "title": "Verifica se o input só aceita número maiores que zero. Essa restrição deve ser feita usando os atributos do elemento `input`",
              "fullTitle": "10 - Faça o quadro de pixels ter seu tamanho definido pelo usuário. Verifica se o input só aceita número maiores que zero. Essa restrição deve ser feita usando os atributos do elemento `input`",
              "timedOut": null,
              "duration": 5533,
              "state": "failed",
              "speed": null,
              "pass": false,
              "fail": true,
              "pending": false,
              "context": null,
              "code": "cy.get('#board-size[type=\\'number\\'][min=\\'1\\']');",
              "err": {
                "message": "CypressError: Timed out retrying: Expected to find element: '#board-size[type='number'][min='1']', but never found it.",
                "estack": "CypressError: Timed out retrying: Expected to find element: '#board-size[type='number'][min='1']', but never found it.\n    at cypressErr (http://localhost:37711/__cypress/runner/cypress_runner.js:149934:9)\n    at throwErr (http://localhost:37711/__cypress/runner/cypress_runner.js:149867:11)\n    at Object.throwErrByPath (http://localhost:37711/__cypress/runner/cypress_runner.js:149915:3)\n    at retry (http://localhost:37711/__cypress/runner/cypress_runner.js:144197:19)\n    at onFailFn (http://localhost:37711/__cypress/runner/cypress_runner.js:132448:16)\n    at tryCatcher (http://localhost:37711/__cypress/runner/cypress_runner.js:167415:23)\n    at Promise._settlePromiseFromHandler (http://localhost:37711/__cypress/runner/cypress_runner.js:165351:31)\n    at Promise._settlePromise (http://localhost:37711/__cypress/runner/cypress_runner.js:165408:18)\n    at Promise._settlePromise0 (http://localhost:37711/__cypress/runner/cypress_runner.js:165453:10)\n    at Promise._settlePromises (http://localhost:37711/__cypress/runner/cypress_runner.js:165528:18)\n    at Async../node_modules/bluebird/js/release/async.js.Async._drainQueue (http://localhost:37711/__cypress/runner/cypress_runner.js:162140:16)\n    at Async../node_modules/bluebird/js/release/async.js.Async._drainQueues (http://localhost:37711/__cypress/runner/cypress_runner.js:162150:10)\n    at Async.drainQueues (http://localhost:37711/__cypress/runner/cypress_runner.js:162024:14)",
                "diff": null
              },
              "uuid": "ef86ad9d-348d-4b07-8eaa-d4cbac0c5aa3",
              "parentUUID": "d9309370-3032-4741-bbe1-0a52c350df2b",
              "isHook": false,
              "skipped": false
            },
            {
              "title": "Verifica se o botão contém o texto 'VQV'",
              "fullTitle": "10 - Faça o quadro de pixels ter seu tamanho definido pelo usuário. Verifica se o botão contém o texto 'VQV'",
              "timedOut": null,
              "duration": 6113,
              "state": "failed",
              "speed": null,
              "pass": false,
              "fail": true,
              "pending": false,
              "context": null,
              "code": "cy.get('#generate-board').contains(/vqv/i);",
              "err": {
                "message": "CypressError: Timed out retrying: Expected to find element: '#generate-board', but never found it.",
                "estack": "CypressError: Timed out retrying: Expected to find element: '#generate-board', but never found it.\n    at cypressErr (http://localhost:37711/__cypress/runner/cypress_runner.js:149934:9)\n    at throwErr (http://localhost:37711/__cypress/runner/cypress_runner.js:149867:11)\n    at Object.throwErrByPath (http://localhost:37711/__cypress/runner/cypress_runner.js:149915:3)\n    at retry (http://localhost:37711/__cypress/runner/cypress_runner.js:144197:19)\n    at onFailFn (http://localhost:37711/__cypress/runner/cypress_runner.js:132448:16)\n    at tryCatcher (http://localhost:37711/__cypress/runner/cypress_runner.js:167415:23)\n    at Promise._settlePromiseFromHandler (http://localhost:37711/__cypress/runner/cypress_runner.js:165351:31)\n    at Promise._settlePromise (http://localhost:37711/__cypress/runner/cypress_runner.js:165408:18)\n    at Promise._settlePromise0 (http://localhost:37711/__cypress/runner/cypress_runner.js:165453:10)\n    at Promise._settlePromises (http://localhost:37711/__cypress/runner/cypress_runner.js:165528:18)\n    at Async../node_modules/bluebird/js/release/async.js.Async._drainQueue (http://localhost:37711/__cypress/runner/cypress_runner.js:162140:16)\n    at Async../node_modules/bluebird/js/release/async.js.Async._drainQueues (http://localhost:37711/__cypress/runner/cypress_runner.js:162150:10)\n    at Async.drainQueues (http://localhost:37711/__cypress/runner/cypress_runner.js:162024:14)",
                "diff": null
              },
              "uuid": "1866619a-b397-407c-9d0c-1eacc531d528",
              "parentUUID": "d9309370-3032-4741-bbe1-0a52c350df2b",
              "isHook": false,
              "skipped": false
            },
            {
              "title": "Verifica se o input está posicionado entre a paleta de cores e o quadro de pixels",
              "fullTitle": "10 - Faça o quadro de pixels ter seu tamanho definido pelo usuário. Verifica se o input está posicionado entre a paleta de cores e o quadro de pixels",
              "timedOut": null,
              "duration": 7002,
              "state": "failed",
              "speed": null,
              "pass": false,
              "fail": true,
              "pending": false,
              "context": null,
              "code": "cy.get('#color-palette').then(function (palette) {\n  cy.get('#board-size').should('be.belowOf', palette);\n});\ncy.get('#board-size').then(function (palette) {\n  cy.get('#pixel-board').should('be.belowOf', palette);\n});",
              "err": {
                "message": "CypressError: Timed out retrying: Expected to find element: '#board-size', but never found it.",
                "estack": "CypressError: Timed out retrying: Expected to find element: '#board-size', but never found it.\n    at cypressErr (http://localhost:37711/__cypress/runner/cypress_runner.js:149934:9)\n    at throwErr (http://localhost:37711/__cypress/runner/cypress_runner.js:149867:11)\n    at Object.throwErrByPath (http://localhost:37711/__cypress/runner/cypress_runner.js:149915:3)\n    at retry (http://localhost:37711/__cypress/runner/cypress_runner.js:144197:19)\n    at onFailFn (http://localhost:37711/__cypress/runner/cypress_runner.js:132448:16)\n    at tryCatcher (http://localhost:37711/__cypress/runner/cypress_runner.js:167415:23)\n    at Promise._settlePromiseFromHandler (http://localhost:37711/__cypress/runner/cypress_runner.js:165351:31)\n    at Promise._settlePromise (http://localhost:37711/__cypress/runner/cypress_runner.js:165408:18)\n    at Promise._settlePromise0 (http://localhost:37711/__cypress/runner/cypress_runner.js:165453:10)\n    at Promise._settlePromises (http://localhost:37711/__cypress/runner/cypress_runner.js:165528:18)\n    at Async../node_modules/bluebird/js/release/async.js.Async._drainQueue (http://localhost:37711/__cypress/runner/cypress_runner.js:162140:16)\n    at Async../node_modules/bluebird/js/release/async.js.Async._drainQueues (http://localhost:37711/__cypress/runner/cypress_runner.js:162150:10)\n    at Async.drainQueues (http://localhost:37711/__cypress/runner/cypress_runner.js:162024:14)",
                "diff": null
              },
              "uuid": "6509dfd0-af7b-47af-91f5-9ace72a16446",
              "parentUUID": "d9309370-3032-4741-bbe1-0a52c350df2b",
              "isHook": false,
              "skipped": false
            },
            {
              "title": "Verifica se o botão está posicionado ao lado do input",
              "fullTitle": "10 - Faça o quadro de pixels ter seu tamanho definido pelo usuário. Verifica se o botão está posicionado ao lado do input",
              "timedOut": null,
              "duration": 6118,
              "state": "failed",
              "speed": null,
              "pass": false,
              "fail": true,
              "pending": false,
              "context": null,
              "code": "cy.get('#board-size').then(function (board) {\n  cy.get('#generate-board').should('be.onTheRightOf', board);\n});",
              "err": {
                "message": "CypressError: Timed out retrying: Expected to find element: '#board-size', but never found it.",
                "estack": "CypressError: Timed out retrying: Expected to find element: '#board-size', but never found it.\n    at cypressErr (http://localhost:37711/__cypress/runner/cypress_runner.js:149934:9)\n    at throwErr (http://localhost:37711/__cypress/runner/cypress_runner.js:149867:11)\n    at Object.throwErrByPath (http://localhost:37711/__cypress/runner/cypress_runner.js:149915:3)\n    at retry (http://localhost:37711/__cypress/runner/cypress_runner.js:144197:19)\n    at onFailFn (http://localhost:37711/__cypress/runner/cypress_runner.js:132448:16)\n    at tryCatcher (http://localhost:37711/__cypress/runner/cypress_runner.js:167415:23)\n    at Promise._settlePromiseFromHandler (http://localhost:37711/__cypress/runner/cypress_runner.js:165351:31)\n    at Promise._settlePromise (http://localhost:37711/__cypress/runner/cypress_runner.js:165408:18)\n    at Promise._settlePromise0 (http://localhost:37711/__cypress/runner/cypress_runner.js:165453:10)\n    at Promise._settlePromises (http://localhost:37711/__cypress/runner/cypress_runner.js:165528:18)\n    at Async../node_modules/bluebird/js/release/async.js.Async._drainQueue (http://localhost:37711/__cypress/runner/cypress_runner.js:162140:16)\n    at Async../node_modules/bluebird/js/release/async.js.Async._drainQueues (http://localhost:37711/__cypress/runner/cypress_runner.js:162150:10)\n    at Async.drainQueues (http://localhost:37711/__cypress/runner/cypress_runner.js:162024:14)",
                "diff": null
              },
              "uuid": "86c2a5fc-58a8-49cb-a612-91928966221b",
              "parentUUID": "d9309370-3032-4741-bbe1-0a52c350df2b",
              "isHook": false,
              "skipped": false
            },
            {
              "title": "Verifica se nenhum valor for colocado no input ao clicar no botão, um `alert` é exibido com o texto: 'Board inválido!'",
              "fullTitle": "10 - Faça o quadro de pixels ter seu tamanho definido pelo usuário. Verifica se nenhum valor for colocado no input ao clicar no botão, um `alert` é exibido com o texto: 'Board inválido!'",
              "timedOut": null,
              "duration": 5779,
              "state": "failed",
              "speed": null,
              "pass": false,
              "fail": true,
              "pending": false,
              "context": null,
              "code": "var alerted = false;\ncy.on('window:alert', function (msg) {\n  return alerted = msg;\n});\ncy.get('#generate-board').click().then(function () {\n  return expect(alerted).to.match(/Board inválido!/i);\n});",
              "err": {
                "message": "CypressError: Timed out retrying: Expected to find element: '#generate-board', but never found it.",
                "estack": "CypressError: Timed out retrying: Expected to find element: '#generate-board', but never found it.\n    at cypressErr (http://localhost:37711/__cypress/runner/cypress_runner.js:149934:9)\n    at throwErr (http://localhost:37711/__cypress/runner/cypress_runner.js:149867:11)\n    at Object.throwErrByPath (http://localhost:37711/__cypress/runner/cypress_runner.js:149915:3)\n    at retry (http://localhost:37711/__cypress/runner/cypress_runner.js:144197:19)\n    at onFailFn (http://localhost:37711/__cypress/runner/cypress_runner.js:132448:16)\n    at tryCatcher (http://localhost:37711/__cypress/runner/cypress_runner.js:167415:23)\n    at Promise._settlePromiseFromHandler (http://localhost:37711/__cypress/runner/cypress_runner.js:165351:31)\n    at Promise._settlePromise (http://localhost:37711/__cypress/runner/cypress_runner.js:165408:18)\n    at Promise._settlePromise0 (http://localhost:37711/__cypress/runner/cypress_runner.js:165453:10)\n    at Promise._settlePromises (http://localhost:37711/__cypress/runner/cypress_runner.js:165528:18)\n    at Async../node_modules/bluebird/js/release/async.js.Async._drainQueue (http://localhost:37711/__cypress/runner/cypress_runner.js:162140:16)\n    at Async../node_modules/bluebird/js/release/async.js.Async._drainQueues (http://localhost:37711/__cypress/runner/cypress_runner.js:162150:10)\n    at Async.drainQueues (http://localhost:37711/__cypress/runner/cypress_runner.js:162024:14)",
                "diff": null
              },
              "uuid": "47fa3635-ed14-4805-9f19-c9a11891eb3b",
              "parentUUID": "d9309370-3032-4741-bbe1-0a52c350df2b",
              "isHook": false,
              "skipped": false
            },
            {
              "title": "Verifica se ao clicar no botão com um valor preenchido, o tamanho do board muda.",
              "fullTitle": "10 - Faça o quadro de pixels ter seu tamanho definido pelo usuário. Verifica se ao clicar no botão com um valor preenchido, o tamanho do board muda.",
              "timedOut": null,
              "duration": 5711,
              "state": "failed",
              "speed": null,
              "pass": false,
              "fail": true,
              "pending": false,
              "context": null,
              "code": "cy.get('#board-size').clear().type(10);\ncy.get('#generate-board').click();\ncy.get('.pixel').should('have.length', 100);",
              "err": {
                "message": "CypressError: Timed out retrying: Expected to find element: '#board-size', but never found it.",
                "estack": "CypressError: Timed out retrying: Expected to find element: '#board-size', but never found it.\n    at cypressErr (http://localhost:37711/__cypress/runner/cypress_runner.js:149934:9)\n    at throwErr (http://localhost:37711/__cypress/runner/cypress_runner.js:149867:11)\n    at Object.throwErrByPath (http://localhost:37711/__cypress/runner/cypress_runner.js:149915:3)\n    at retry (http://localhost:37711/__cypress/runner/cypress_runner.js:144197:19)\n    at onFailFn (http://localhost:37711/__cypress/runner/cypress_runner.js:132448:16)\n    at tryCatcher (http://localhost:37711/__cypress/runner/cypress_runner.js:167415:23)\n    at Promise._settlePromiseFromHandler (http://localhost:37711/__cypress/runner/cypress_runner.js:165351:31)\n    at Promise._settlePromise (http://localhost:37711/__cypress/runner/cypress_runner.js:165408:18)\n    at Promise._settlePromise0 (http://localhost:37711/__cypress/runner/cypress_runner.js:165453:10)\n    at Promise._settlePromises (http://localhost:37711/__cypress/runner/cypress_runner.js:165528:18)\n    at Async../node_modules/bluebird/js/release/async.js.Async._drainQueue (http://localhost:37711/__cypress/runner/cypress_runner.js:162140:16)\n    at Async../node_modules/bluebird/js/release/async.js.Async._drainQueues (http://localhost:37711/__cypress/runner/cypress_runner.js:162150:10)\n    at Async.drainQueues (http://localhost:37711/__cypress/runner/cypress_runner.js:162024:14)",
                "diff": null
              },
              "uuid": "2a88f105-d1eb-4962-9ae0-1ee0ee64f8c7",
              "parentUUID": "d9309370-3032-4741-bbe1-0a52c350df2b",
              "isHook": false,
              "skipped": false
            },
            {
              "title": "Verifica se o novo quadro tem todos os pixels preenchidos com a cor branca",
              "fullTitle": "10 - Faça o quadro de pixels ter seu tamanho definido pelo usuário. Verifica se o novo quadro tem todos os pixels preenchidos com a cor branca",
              "timedOut": null,
              "duration": 5852,
              "state": "failed",
              "speed": null,
              "pass": false,
              "fail": true,
              "pending": false,
              "context": null,
              "code": "cy.get('#board-size').clear().type(6);\ncy.get('#generate-board').click();\ncy.get('.pixel').should('have.length', 36).each(function (pixel) {\n  expect(pixel).to.have.css('background-color', WHITE);\n});",
              "err": {
                "message": "CypressError: Timed out retrying: Expected to find element: '#board-size', but never found it.",
                "estack": "CypressError: Timed out retrying: Expected to find element: '#board-size', but never found it.\n    at cypressErr (http://localhost:37711/__cypress/runner/cypress_runner.js:149934:9)\n    at throwErr (http://localhost:37711/__cypress/runner/cypress_runner.js:149867:11)\n    at Object.throwErrByPath (http://localhost:37711/__cypress/runner/cypress_runner.js:149915:3)\n    at retry (http://localhost:37711/__cypress/runner/cypress_runner.js:144197:19)\n    at onFailFn (http://localhost:37711/__cypress/runner/cypress_runner.js:132448:16)\n    at tryCatcher (http://localhost:37711/__cypress/runner/cypress_runner.js:167415:23)\n    at Promise._settlePromiseFromHandler (http://localhost:37711/__cypress/runner/cypress_runner.js:165351:31)\n    at Promise._settlePromise (http://localhost:37711/__cypress/runner/cypress_runner.js:165408:18)\n    at Promise._settlePromise0 (http://localhost:37711/__cypress/runner/cypress_runner.js:165453:10)\n    at Promise._settlePromises (http://localhost:37711/__cypress/runner/cypress_runner.js:165528:18)\n    at Async../node_modules/bluebird/js/release/async.js.Async._drainQueue (http://localhost:37711/__cypress/runner/cypress_runner.js:162140:16)\n    at Async../node_modules/bluebird/js/release/async.js.Async._drainQueues (http://localhost:37711/__cypress/runner/cypress_runner.js:162150:10)\n    at Async.drainQueues (http://localhost:37711/__cypress/runner/cypress_runner.js:162024:14)",
                "diff": null
              },
              "uuid": "41ca9967-a4b1-421d-bae5-7b4d541365c9",
              "parentUUID": "d9309370-3032-4741-bbe1-0a52c350df2b",
              "isHook": false,
              "skipped": false
            }
          ],
          "suites": [],
          "passes": [],
          "failures": [
            "5e1cc5d4-17b6-4a8f-88a1-ec65d10c8a91",
            "be642f11-bc0e-445a-aedf-cdab24176f9d",
            "ef86ad9d-348d-4b07-8eaa-d4cbac0c5aa3",
            "1866619a-b397-407c-9d0c-1eacc531d528",
            "6509dfd0-af7b-47af-91f5-9ace72a16446",
            "86c2a5fc-58a8-49cb-a612-91928966221b",
            "47fa3635-ed14-4805-9f19-c9a11891eb3b",
            "2a88f105-d1eb-4962-9ae0-1ee0ee64f8c7",
            "41ca9967-a4b1-421d-bae5-7b4d541365c9"
          ],
          "pending": [],
          "skipped": [],
          "duration": 54429,
          "root": false,
          "rootEmpty": false,
          "_timeout": 2000
        },
        {
          "uuid": "90a203f9-7860-41dc-ac8e-8603f284b865",
          "title": "11 - Limite o tamanho mínimo e máximo do board.",
          "fullFile": "",
          "file": "",
          "beforeHooks": [],
          "afterHooks": [],
          "tests": [
            {
              "title": "Verifica se a altura máxima do board é 50",
              "fullTitle": "11 - Limite o tamanho mínimo e máximo do board. Verifica se a altura máxima do board é 50",
              "timedOut": null,
              "duration": 6397,
              "state": "failed",
              "speed": null,
              "pass": false,
              "fail": true,
              "pending": false,
              "context": null,
              "code": "cy.get('#board-size').clear().type(50);\ncy.get('#generate-board').click();\ncy.get('.pixel').should('have.length', 2500);",
              "err": {
                "message": "CypressError: Timed out retrying: Expected to find element: '#board-size', but never found it.",
                "estack": "CypressError: Timed out retrying: Expected to find element: '#board-size', but never found it.\n    at cypressErr (http://localhost:37711/__cypress/runner/cypress_runner.js:149934:9)\n    at throwErr (http://localhost:37711/__cypress/runner/cypress_runner.js:149867:11)\n    at Object.throwErrByPath (http://localhost:37711/__cypress/runner/cypress_runner.js:149915:3)\n    at retry (http://localhost:37711/__cypress/runner/cypress_runner.js:144197:19)\n    at onFailFn (http://localhost:37711/__cypress/runner/cypress_runner.js:132448:16)\n    at tryCatcher (http://localhost:37711/__cypress/runner/cypress_runner.js:167415:23)\n    at Promise._settlePromiseFromHandler (http://localhost:37711/__cypress/runner/cypress_runner.js:165351:31)\n    at Promise._settlePromise (http://localhost:37711/__cypress/runner/cypress_runner.js:165408:18)\n    at Promise._settlePromise0 (http://localhost:37711/__cypress/runner/cypress_runner.js:165453:10)\n    at Promise._settlePromises (http://localhost:37711/__cypress/runner/cypress_runner.js:165528:18)\n    at Async../node_modules/bluebird/js/release/async.js.Async._drainQueue (http://localhost:37711/__cypress/runner/cypress_runner.js:162140:16)\n    at Async../node_modules/bluebird/js/release/async.js.Async._drainQueues (http://localhost:37711/__cypress/runner/cypress_runner.js:162150:10)\n    at Async.drainQueues (http://localhost:37711/__cypress/runner/cypress_runner.js:162024:14)",
                "diff": null
              },
              "uuid": "7ed07b40-c2c1-409e-bd71-b64e5d141d37",
              "parentUUID": "90a203f9-7860-41dc-ac8e-8603f284b865",
              "isHook": false,
              "skipped": false
            },
            {
              "title": "Verifica se a altura do board é 5 quando um valor menor é colocado no input",
              "fullTitle": "11 - Limite o tamanho mínimo e máximo do board. Verifica se a altura do board é 5 quando um valor menor é colocado no input",
              "timedOut": null,
              "duration": 7234,
              "state": "failed",
              "speed": null,
              "pass": false,
              "fail": true,
              "pending": false,
              "context": null,
              "code": "cy.get('#board-size').clear().type(4);\ncy.get('#generate-board').click();\ncy.get('.pixel').should('have.length', 25);",
              "err": {
                "message": "CypressError: Timed out retrying: Expected to find element: '#board-size', but never found it.",
                "estack": "CypressError: Timed out retrying: Expected to find element: '#board-size', but never found it.\n    at cypressErr (http://localhost:37711/__cypress/runner/cypress_runner.js:149934:9)\n    at throwErr (http://localhost:37711/__cypress/runner/cypress_runner.js:149867:11)\n    at Object.throwErrByPath (http://localhost:37711/__cypress/runner/cypress_runner.js:149915:3)\n    at retry (http://localhost:37711/__cypress/runner/cypress_runner.js:144197:19)\n    at onFailFn (http://localhost:37711/__cypress/runner/cypress_runner.js:132448:16)\n    at tryCatcher (http://localhost:37711/__cypress/runner/cypress_runner.js:167415:23)\n    at Promise._settlePromiseFromHandler (http://localhost:37711/__cypress/runner/cypress_runner.js:165351:31)\n    at Promise._settlePromise (http://localhost:37711/__cypress/runner/cypress_runner.js:165408:18)\n    at Promise._settlePromise0 (http://localhost:37711/__cypress/runner/cypress_runner.js:165453:10)\n    at Promise._settlePromises (http://localhost:37711/__cypress/runner/cypress_runner.js:165528:18)\n    at Async../node_modules/bluebird/js/release/async.js.Async._drainQueue (http://localhost:37711/__cypress/runner/cypress_runner.js:162140:16)\n    at Async../node_modules/bluebird/js/release/async.js.Async._drainQueues (http://localhost:37711/__cypress/runner/cypress_runner.js:162150:10)\n    at Async.drainQueues (http://localhost:37711/__cypress/runner/cypress_runner.js:162024:14)",
                "diff": null
              },
              "uuid": "58180216-be92-47b0-bb86-5bc8235ffb00",
              "parentUUID": "90a203f9-7860-41dc-ac8e-8603f284b865",
              "isHook": false,
              "skipped": false
            },
            {
              "title": "Verifica se a altura do board é 50 quando um valor maior é colocado no input",
              "fullTitle": "11 - Limite o tamanho mínimo e máximo do board. Verifica se a altura do board é 50 quando um valor maior é colocado no input",
              "timedOut": null,
              "duration": 6002,
              "state": "failed",
              "speed": null,
              "pass": false,
              "fail": true,
              "pending": false,
              "context": null,
              "code": "cy.get('#board-size').clear().type(51);\ncy.get('#generate-board').click();\ncy.get('.pixel').should('have.length', 2500);",
              "err": {
                "message": "CypressError: Timed out retrying: Expected to find element: '#board-size', but never found it.",
                "estack": "CypressError: Timed out retrying: Expected to find element: '#board-size', but never found it.\n    at cypressErr (http://localhost:37711/__cypress/runner/cypress_runner.js:149934:9)\n    at throwErr (http://localhost:37711/__cypress/runner/cypress_runner.js:149867:11)\n    at Object.throwErrByPath (http://localhost:37711/__cypress/runner/cypress_runner.js:149915:3)\n    at retry (http://localhost:37711/__cypress/runner/cypress_runner.js:144197:19)\n    at onFailFn (http://localhost:37711/__cypress/runner/cypress_runner.js:132448:16)\n    at tryCatcher (http://localhost:37711/__cypress/runner/cypress_runner.js:167415:23)\n    at Promise._settlePromiseFromHandler (http://localhost:37711/__cypress/runner/cypress_runner.js:165351:31)\n    at Promise._settlePromise (http://localhost:37711/__cypress/runner/cypress_runner.js:165408:18)\n    at Promise._settlePromise0 (http://localhost:37711/__cypress/runner/cypress_runner.js:165453:10)\n    at Promise._settlePromises (http://localhost:37711/__cypress/runner/cypress_runner.js:165528:18)\n    at Async../node_modules/bluebird/js/release/async.js.Async._drainQueue (http://localhost:37711/__cypress/runner/cypress_runner.js:162140:16)\n    at Async../node_modules/bluebird/js/release/async.js.Async._drainQueues (http://localhost:37711/__cypress/runner/cypress_runner.js:162150:10)\n    at Async.drainQueues (http://localhost:37711/__cypress/runner/cypress_runner.js:162024:14)",
                "diff": null
              },
              "uuid": "e95bc9e5-0f56-4e81-a332-a3573db9e142",
              "parentUUID": "90a203f9-7860-41dc-ac8e-8603f284b865",
              "isHook": false,
              "skipped": false
            }
          ],
          "suites": [],
          "passes": [],
          "failures": [
            "7ed07b40-c2c1-409e-bd71-b64e5d141d37",
            "58180216-be92-47b0-bb86-5bc8235ffb00",
            "e95bc9e5-0f56-4e81-a332-a3573db9e142"
          ],
          "pending": [],
          "skipped": [],
          "duration": 19633,
          "root": false,
          "rootEmpty": false,
          "_timeout": 2000
        },
        {
          "uuid": "5df77d21-4a45-42de-a249-be170025b141",
          "title": "12 - Faça com que as cores da paleta sejam geradas aleatoriamente ao carregar a página.",
          "fullFile": "",
          "file": "",
          "beforeHooks": [],
          "afterHooks": [],
          "tests": [
            {
              "title": "Verifica se as cores geradas na paleta são diferentes a cada carregamento da página",
              "fullTitle": "12 - Faça com que as cores da paleta sejam geradas aleatoriamente ao carregar a página. Verifica se as cores geradas na paleta são diferentes a cada carregamento da página",
              "timedOut": null,
              "duration": 2611,
              "state": "failed",
              "speed": null,
              "pass": false,
              "fail": true,
              "pending": false,
              "context": null,
              "code": "cy.get('.color').then(function (colors) {\n  var currentColors;\n  var previousColors;\n  previousColors = Array.from(colors).map(function (color) {\n    return Cypress.$(color).css('background-color');\n  });\n  for (var i = 0; i < 5; i += 1) {\n    cy.reload();\n    cy.get('.color').then(function (colors) {\n      currentColors = Array.from(colors).map(function (color) {\n        return Cypress.$(color).css('background-color');\n      });\n      expect(currentColors).not.to.deep.equal(previousColors);\n      previousColors = currentColors;\n    });\n  }\n});",
              "err": {
                "message": "AssertionError: expected [ Array(4) ] to not deeply equal [ Array(4) ]",
                "estack": "AssertionError: expected [ Array(4) ] to not deeply equal [ Array(4) ]\n    at getRet (http://localhost:37711/__cypress/runner/cypress_runner.js:136585:16)\n    at tryCatcher (http://localhost:37711/__cypress/runner/cypress_runner.js:167415:23)\n    at Function.Promise.attempt.Promise.try (http://localhost:37711/__cypress/runner/cypress_runner.js:164690:29)\n    at Context.thenFn (http://localhost:37711/__cypress/runner/cypress_runner.js:136599:23)\n    at Context.then (http://localhost:37711/__cypress/runner/cypress_runner.js:136971:21)\n    at Context.<anonymous> (http://localhost:37711/__cypress/runner/cypress_runner.js:148875:21)\n    at http://localhost:37711/__cypress/runner/cypress_runner.js:148351:33\n    at tryCatcher (http://localhost:37711/__cypress/runner/cypress_runner.js:167415:23)\n    at Promise._settlePromiseFromHandler (http://localhost:37711/__cypress/runner/cypress_runner.js:165351:31)\n    at Promise._settlePromise (http://localhost:37711/__cypress/runner/cypress_runner.js:165408:18)\n    at Promise._settlePromiseCtx (http://localhost:37711/__cypress/runner/cypress_runner.js:165445:10)\n    at Async../node_modules/bluebird/js/release/async.js.Async._drainQueue (http://localhost:37711/__cypress/runner/cypress_runner.js:162145:12)\n    at Async../node_modules/bluebird/js/release/async.js.Async._drainQueues (http://localhost:37711/__cypress/runner/cypress_runner.js:162150:10)\n    at Async.drainQueues (http://localhost:37711/__cypress/runner/cypress_runner.js:162024:14)",
                "diff": ""
              },
              "uuid": "2498d8cf-bbbc-4654-9d73-46f0e123191b",
              "parentUUID": "5df77d21-4a45-42de-a249-be170025b141",
              "isHook": false,
              "skipped": false
            },
            {
              "title": "Verifica se a cor preta ainda está presente e é a primeira na sua paleta de cores",
              "fullTitle": "12 - Faça com que as cores da paleta sejam geradas aleatoriamente ao carregar a página. Verifica se a cor preta ainda está presente e é a primeira na sua paleta de cores",
              "timedOut": null,
              "duration": 2034,
              "state": "failed",
              "speed": null,
              "pass": false,
              "fail": true,
              "pending": false,
              "context": null,
              "code": "cy.get('.color').then(function (colors) {\n  var currentColors;\n  var previousColors;\n  previousColors = Array.from(colors).map(function (color) {\n    return Cypress.$(color).css('background-color');\n  });\n  expect(previousColors[0]).to.eq(BLACK);\n  for (var i = 0; i < 5; i += 1) {\n    cy.reload();\n    cy.get('.color').then(function (colors) {\n      currentColors = Array.from(colors).map(function (color) {\n        return Cypress.$(color).css('background-color');\n      });\n      expect(currentColors[0]).to.eq(BLACK);\n      expect(currentColors).not.to.deep.equal(previousColors);\n      previousColors = currentColors;\n    });\n  }\n});",
              "err": {
                "message": "AssertionError: expected [ Array(4) ] to not deeply equal [ Array(4) ]",
                "estack": "AssertionError: expected [ Array(4) ] to not deeply equal [ Array(4) ]\n    at getRet (http://localhost:37711/__cypress/runner/cypress_runner.js:136585:16)\n    at tryCatcher (http://localhost:37711/__cypress/runner/cypress_runner.js:167415:23)\n    at Function.Promise.attempt.Promise.try (http://localhost:37711/__cypress/runner/cypress_runner.js:164690:29)\n    at Context.thenFn (http://localhost:37711/__cypress/runner/cypress_runner.js:136599:23)\n    at Context.then (http://localhost:37711/__cypress/runner/cypress_runner.js:136971:21)\n    at Context.<anonymous> (http://localhost:37711/__cypress/runner/cypress_runner.js:148875:21)\n    at http://localhost:37711/__cypress/runner/cypress_runner.js:148351:33\n    at tryCatcher (http://localhost:37711/__cypress/runner/cypress_runner.js:167415:23)\n    at Promise._settlePromiseFromHandler (http://localhost:37711/__cypress/runner/cypress_runner.js:165351:31)\n    at Promise._settlePromise (http://localhost:37711/__cypress/runner/cypress_runner.js:165408:18)\n    at Promise._settlePromiseCtx (http://localhost:37711/__cypress/runner/cypress_runner.js:165445:10)\n    at Async../node_modules/bluebird/js/release/async.js.Async._drainQueue (http://localhost:37711/__cypress/runner/cypress_runner.js:162145:12)\n    at Async../node_modules/bluebird/js/release/async.js.Async._drainQueues (http://localhost:37711/__cypress/runner/cypress_runner.js:162150:10)\n    at Async.drainQueues (http://localhost:37711/__cypress/runner/cypress_runner.js:162024:14)",
                "diff": ""
              },
              "uuid": "bf329ca2-1822-4055-8954-d1c0ce5c3bdf",
              "parentUUID": "5df77d21-4a45-42de-a249-be170025b141",
              "isHook": false,
              "skipped": false
            }
          ],
          "suites": [],
          "passes": [],
          "failures": [
            "2498d8cf-bbbc-4654-9d73-46f0e123191b",
            "bf329ca2-1822-4055-8954-d1c0ce5c3bdf"
          ],
          "pending": [],
          "skipped": [],
          "duration": 4645,
          "root": false,
          "rootEmpty": false,
          "_timeout": 2000
        }
      ],
      "passes": [],
      "failures": [],
      "pending": [],
      "skipped": [],
      "duration": 0,
      "root": true,
      "rootEmpty": true,
      "_timeout": 2000
    }
  ],
  "meta": {
    "mocha": {
      "version": "7.0.1"
    },
    "mochawesome": {
      "options": {
        "quiet": false,
        "reportFilename": "mochawesome",
        "saveHtml": false,
        "saveJson": true,
        "consoleReporter": "spec",
        "useInlineDiffs": false
      },
      "version": "4.1.0"
    },
    "marge": {
      "options": {
        "id": "default",
        "reportDir": "cypress/reports",
        "overwrite": true,
        "html": false,
        "json": true
      },
      "version": "4.1.0"
    }
  }
}