{
  "stats": {
    "suites": 12,
    "tests": 41,
    "passes": 26,
    "pending": 0,
    "failures": 15,
    "start": "2021-07-16T01:25:25.516Z",
    "end": "2021-07-16T01:27:03.152Z",
    "duration": 97636,
    "testsRegistered": 41,
    "passPercent": 63.41463414634146,
    "pendingPercent": 0,
    "other": 0,
    "hasOther": false,
    "skipped": 0,
    "hasSkipped": false
  },
  "results": [
    {
      "uuid": "0dc9e7bb-449d-43cc-b56c-ef7dc2a131af",
      "title": "",
      "fullFile": "cypress/integration/project.spec.js",
      "file": "cypress/integration/project.spec.js",
      "beforeHooks": [],
      "afterHooks": [],
      "tests": [],
      "suites": [
        {
          "uuid": "7b9aeb91-8403-4a43-a88e-ce2793b755bc",
          "title": "1 - Adicione à página o título \"Paleta de Cores\".",
          "fullFile": "",
          "file": "",
          "beforeHooks": [],
          "afterHooks": [],
          "tests": [
            {
              "title": "Verifica se contém um elemento `h1` com o id `title` com o título correto",
              "fullTitle": "1 - Adicione à página o título \"Paleta de Cores\". Verifica se contém um elemento `h1` com o id `title` com o título correto",
              "timedOut": null,
              "duration": 475,
              "state": "passed",
              "speed": "slow",
              "pass": true,
              "fail": false,
              "pending": false,
              "context": null,
              "code": "cy.get('h1#title').should('contain.text', 'Paleta de Cores');",
              "err": {},
              "uuid": "eda86ea6-db25-4ae5-823a-05777dfb4159",
              "parentUUID": "7b9aeb91-8403-4a43-a88e-ce2793b755bc",
              "isHook": false,
              "skipped": false
            }
          ],
          "suites": [],
          "passes": [
            "eda86ea6-db25-4ae5-823a-05777dfb4159"
          ],
          "failures": [],
          "pending": [],
          "skipped": [],
          "duration": 475,
          "root": false,
          "rootEmpty": false,
          "_timeout": 2000
        },
        {
          "uuid": "d9e65650-3416-4718-bfca-6b9caacacd32",
          "title": "2 - Adicione à página uma paleta de quatro cores distintas.",
          "fullFile": "",
          "file": "",
          "beforeHooks": [],
          "afterHooks": [],
          "tests": [
            {
              "title": "A paleta de cores deve ser um elemento com `id` denominado `color-palette`",
              "fullTitle": "2 - Adicione à página uma paleta de quatro cores distintas. A paleta de cores deve ser um elemento com `id` denominado `color-palette`",
              "timedOut": null,
              "duration": 450,
              "state": "passed",
              "speed": "slow",
              "pass": true,
              "fail": false,
              "pending": false,
              "context": null,
              "code": "cy.get('#color-palette').should('be.visible');",
              "err": {},
              "uuid": "c32b326c-f568-4738-9b06-67ee3745259b",
              "parentUUID": "d9e65650-3416-4718-bfca-6b9caacacd32",
              "isHook": false,
              "skipped": false
            },
            {
              "title": "Verifica se cada cor individual da paleta de cores possui a `classe` chamada `color`.",
              "fullTitle": "2 - Adicione à página uma paleta de quatro cores distintas. Verifica se cada cor individual da paleta de cores possui a `classe` chamada `color`.",
              "timedOut": null,
              "duration": 361,
              "state": "passed",
              "speed": "slow",
              "pass": true,
              "fail": false,
              "pending": false,
              "context": null,
              "code": "cy.get('.color').should('have.length', 4).then(function (colors) {\n  for (var i = 0; i < colors.length; i++) {\n    cy.wrap(colors[i]).should('be.visible');\n  }\n});",
              "err": {},
              "uuid": "a493755d-c43d-457a-8542-2ec6b45da08b",
              "parentUUID": "d9e65650-3416-4718-bfca-6b9caacacd32",
              "isHook": false,
              "skipped": false
            },
            {
              "title": "Verifica se a cor de fundo de cada elemento da paleta é a cor que o elemento representa. **A única cor não permitida na paleta é a cor branca.**",
              "fullTitle": "2 - Adicione à página uma paleta de quatro cores distintas. Verifica se a cor de fundo de cada elemento da paleta é a cor que o elemento representa. **A única cor não permitida na paleta é a cor branca.**",
              "timedOut": null,
              "duration": 362,
              "state": "passed",
              "speed": "slow",
              "pass": true,
              "fail": false,
              "pending": false,
              "context": null,
              "code": "cy.get('.color').each(function (color) {\n  cy.wrap(color).should('have.class', 'color').and('not.have.css', 'background-color', WHITE);\n  cy.wrap(color).should('have.css', 'background-color');\n});",
              "err": {},
              "uuid": "c33e901a-6f69-46f1-9451-5c3ad2685e1f",
              "parentUUID": "d9e65650-3416-4718-bfca-6b9caacacd32",
              "isHook": false,
              "skipped": false
            },
            {
              "title": "Verifica se cada elemento da paleta de cores tem uma borda preta, sólida e com 1 pixel de largura;",
              "fullTitle": "2 - Adicione à página uma paleta de quatro cores distintas. Verifica se cada elemento da paleta de cores tem uma borda preta, sólida e com 1 pixel de largura;",
              "timedOut": null,
              "duration": 283,
              "state": "passed",
              "speed": "slow",
              "pass": true,
              "fail": false,
              "pending": false,
              "context": null,
              "code": "cy.get('.color').each(function (color) {\n  cy.wrap(color).and('have.css', 'border', \"1px solid \".concat(BLACK)).and('have.class', 'color');\n});",
              "err": {},
              "uuid": "7c049d90-975e-4dbf-a083-22bad2fc552e",
              "parentUUID": "d9e65650-3416-4718-bfca-6b9caacacd32",
              "isHook": false,
              "skipped": false
            },
            {
              "title": "Verifica se a paleta lista todas as cores disponíveis para utilização, lado a lado.",
              "fullTitle": "2 - Adicione à página uma paleta de quatro cores distintas. Verifica se a paleta lista todas as cores disponíveis para utilização, lado a lado.",
              "timedOut": null,
              "duration": 332,
              "state": "passed",
              "speed": "slow",
              "pass": true,
              "fail": false,
              "pending": false,
              "context": null,
              "code": "cy.get('.color').then(function (colors) {\n  for (var index = 1; index < colors.length; index += 1) {\n    var currentColor = colors[index];\n    var previousColor = colors[index - 1];\n    cy.wrap(currentColor).should('be.onTheRightOf', previousColor).and('be.horizontallyAlignedWith', previousColor);\n  }\n});",
              "err": {},
              "uuid": "b2c7f17c-246a-4f33-baf8-6ca9364c161a",
              "parentUUID": "d9e65650-3416-4718-bfca-6b9caacacd32",
              "isHook": false,
              "skipped": false
            },
            {
              "title": "Verifica se a paleta de cores está posicionada abaixo do título 'Paleta de Cores'",
              "fullTitle": "2 - Adicione à página uma paleta de quatro cores distintas. Verifica se a paleta de cores está posicionada abaixo do título 'Paleta de Cores'",
              "timedOut": null,
              "duration": 149,
              "state": "passed",
              "speed": "slow",
              "pass": true,
              "fail": false,
              "pending": false,
              "context": null,
              "code": "cy.get('h1#title').then(function (title) {\n  cy.get('#color-palette').should('be.belowOf', title);\n});",
              "err": {},
              "uuid": "6899a75c-f10c-40df-a511-2639cefa2c83",
              "parentUUID": "d9e65650-3416-4718-bfca-6b9caacacd32",
              "isHook": false,
              "skipped": false
            },
            {
              "title": "Verifica se a paleta de cores não contém cores repetidas.",
              "fullTitle": "2 - Adicione à página uma paleta de quatro cores distintas. Verifica se a paleta de cores não contém cores repetidas.",
              "timedOut": null,
              "duration": 184,
              "state": "passed",
              "speed": "slow",
              "pass": true,
              "fail": false,
              "pending": false,
              "context": null,
              "code": "cy.get('.color').then(function (colors) {\n  var allColors = Array.from(colors).map(function (color) {\n    return Cypress.$(color).css('background-color');\n  });\n  cy.log(allColors);\n  var uniqColors = (0, _toConsumableArray2[\"default\"])(new Set(allColors));\n  cy.log(uniqColors);\n  expect(allColors.length).to.eq(uniqColors.length);\n});",
              "err": {},
              "uuid": "aacdb9b1-36c9-4c66-87f7-09341bf6e21d",
              "parentUUID": "d9e65650-3416-4718-bfca-6b9caacacd32",
              "isHook": false,
              "skipped": false
            }
          ],
          "suites": [],
          "passes": [
            "c32b326c-f568-4738-9b06-67ee3745259b",
            "a493755d-c43d-457a-8542-2ec6b45da08b",
            "c33e901a-6f69-46f1-9451-5c3ad2685e1f",
            "7c049d90-975e-4dbf-a083-22bad2fc552e",
            "b2c7f17c-246a-4f33-baf8-6ca9364c161a",
            "6899a75c-f10c-40df-a511-2639cefa2c83",
            "aacdb9b1-36c9-4c66-87f7-09341bf6e21d"
          ],
          "failures": [],
          "pending": [],
          "skipped": [],
          "duration": 2121,
          "root": false,
          "rootEmpty": false,
          "_timeout": 2000
        },
        {
          "uuid": "7aada680-2626-4c4f-afa0-1ad5a645218c",
          "title": "3 - Adicione a cor **preta** como a primeira cor da paleta de cores.",
          "fullFile": "",
          "file": "",
          "beforeHooks": [],
          "afterHooks": [],
          "tests": [
            {
              "title": "Verifica se a primeira cor da paleta é preta",
              "fullTitle": "3 - Adicione a cor **preta** como a primeira cor da paleta de cores. Verifica se a primeira cor da paleta é preta",
              "timedOut": null,
              "duration": 163,
              "state": "passed",
              "speed": "slow",
              "pass": true,
              "fail": false,
              "pending": false,
              "context": null,
              "code": "cy.get('.color').first().should('have.css', 'background-color', BLACK);",
              "err": {},
              "uuid": "0e77eeeb-8e46-4194-8453-350d14a373b0",
              "parentUUID": "7aada680-2626-4c4f-afa0-1ad5a645218c",
              "isHook": false,
              "skipped": false
            },
            {
              "title": "Verifica se as demais cores podem ser escolhidas livremente.",
              "fullTitle": "3 - Adicione a cor **preta** como a primeira cor da paleta de cores. Verifica se as demais cores podem ser escolhidas livremente.",
              "timedOut": null,
              "duration": 384,
              "state": "passed",
              "speed": "slow",
              "pass": true,
              "fail": false,
              "pending": false,
              "context": null,
              "code": "cy.get('.color').eq(1).should('not.have.css', 'background-color', BLACK);\ncy.get('.color').eq(1).should('not.have.css', 'background-color', WHITE);\ncy.get('.color').eq(1).should('not.have.css', 'background-color', 'rgba(0, 0, 0, 0)');\ncy.get('.color').eq(1).should('have.css', 'background-color');\ncy.get('.color').eq(2).should('not.have.css', 'background-color', BLACK);\ncy.get('.color').eq(2).should('not.have.css', 'background-color', WHITE);\ncy.get('.color').eq(2).should('not.have.css', 'background-color', 'rgba(0, 0, 0, 0)');\ncy.get('.color').eq(2).should('have.css', 'background-color');\ncy.get('.color').eq(3).should('not.have.css', 'background-color', BLACK);\ncy.get('.color').eq(3).should('not.have.css', 'background-color', WHITE);\ncy.get('.color').eq(3).should('not.have.css', 'background-color', 'rgba(0, 0, 0, 0)');\ncy.get('.color').eq(3).should('have.css', 'background-color');",
              "err": {},
              "uuid": "a6597a7f-86f3-479f-a50f-1629330cb3a1",
              "parentUUID": "7aada680-2626-4c4f-afa0-1ad5a645218c",
              "isHook": false,
              "skipped": false
            }
          ],
          "suites": [],
          "passes": [
            "0e77eeeb-8e46-4194-8453-350d14a373b0",
            "a6597a7f-86f3-479f-a50f-1629330cb3a1"
          ],
          "failures": [],
          "pending": [],
          "skipped": [],
          "duration": 547,
          "root": false,
          "rootEmpty": false,
          "_timeout": 2000
        },
        {
          "uuid": "30660290-7360-47ac-99bd-aa9949b49d62",
          "title": "4 - Adicione à página um quadro de pixels, com 25 pixels.",
          "fullFile": "",
          "file": "",
          "beforeHooks": [],
          "afterHooks": [],
          "tests": [
            {
              "title": "Verifica se o quadro de pixels possui o `id` denominado `pixel-board`",
              "fullTitle": "4 - Adicione à página um quadro de pixels, com 25 pixels. Verifica se o quadro de pixels possui o `id` denominado `pixel-board`",
              "timedOut": null,
              "duration": 316,
              "state": "passed",
              "speed": "slow",
              "pass": true,
              "fail": false,
              "pending": false,
              "context": null,
              "code": "cy.get('#pixel-board').should('be.visible');",
              "err": {},
              "uuid": "1334f64b-6e96-4e2b-904a-3ca4b66f6be7",
              "parentUUID": "30660290-7360-47ac-99bd-aa9949b49d62",
              "isHook": false,
              "skipped": false
            },
            {
              "title": "Verifica se cada pixel individual dentro do quadro possui a `classe` denominada `pixel`.",
              "fullTitle": "4 - Adicione à página um quadro de pixels, com 25 pixels. Verifica se cada pixel individual dentro do quadro possui a `classe` denominada `pixel`.",
              "timedOut": null,
              "duration": 248,
              "state": "passed",
              "speed": "slow",
              "pass": true,
              "fail": false,
              "pending": false,
              "context": null,
              "code": "cy.get('.pixel').should('have.length', 25);",
              "err": {},
              "uuid": "c88820fb-f5fb-403e-92b8-44e11f022432",
              "parentUUID": "30660290-7360-47ac-99bd-aa9949b49d62",
              "isHook": false,
              "skipped": false
            },
            {
              "title": "Verifica se a cor inicial dos pixels dentro do quadro, ao abrir a página, é branca.",
              "fullTitle": "4 - Adicione à página um quadro de pixels, com 25 pixels. Verifica se a cor inicial dos pixels dentro do quadro, ao abrir a página, é branca.",
              "timedOut": null,
              "duration": 344,
              "state": "passed",
              "speed": "slow",
              "pass": true,
              "fail": false,
              "pending": false,
              "context": null,
              "code": "cy.get('.pixel').should('have.length', 25).each(function (pixel) {\n  expect(pixel).to.have.css('background-color', WHITE);\n});",
              "err": {},
              "uuid": "2a6bc98c-4199-47b0-bb6d-7c76b3225459",
              "parentUUID": "30660290-7360-47ac-99bd-aa9949b49d62",
              "isHook": false,
              "skipped": false
            },
            {
              "title": "Verifica se o quadro de pixels aparece abaixo da paleta de cores",
              "fullTitle": "4 - Adicione à página um quadro de pixels, com 25 pixels. Verifica se o quadro de pixels aparece abaixo da paleta de cores",
              "timedOut": null,
              "duration": 176,
              "state": "passed",
              "speed": "slow",
              "pass": true,
              "fail": false,
              "pending": false,
              "context": null,
              "code": "cy.get('#color-palette').then(function (palette) {\n  cy.get('#pixel-board').should('be.belowOf', palette);\n});",
              "err": {},
              "uuid": "8b392807-5378-4524-904a-c83538946880",
              "parentUUID": "30660290-7360-47ac-99bd-aa9949b49d62",
              "isHook": false,
              "skipped": false
            }
          ],
          "suites": [],
          "passes": [
            "1334f64b-6e96-4e2b-904a-3ca4b66f6be7",
            "c88820fb-f5fb-403e-92b8-44e11f022432",
            "2a6bc98c-4199-47b0-bb6d-7c76b3225459",
            "8b392807-5378-4524-904a-c83538946880"
          ],
          "failures": [],
          "pending": [],
          "skipped": [],
          "duration": 1084,
          "root": false,
          "rootEmpty": false,
          "_timeout": 2000
        },
        {
          "uuid": "e1383100-bcfe-4d51-b5b0-05ef88a06542",
          "title": "5 - Faça com que cada elemento do quadro de pixels possua 40 pixels de largura, 40 pixels de altura e seja delimitado por uma borda preta de 1 pixel.",
          "fullFile": "",
          "file": "",
          "beforeHooks": [],
          "afterHooks": [],
          "tests": [
            {
              "title": "Verifica se o quadro de pixels tem altura e comprimento de 5 elementos",
              "fullTitle": "5 - Faça com que cada elemento do quadro de pixels possua 40 pixels de largura, 40 pixels de altura e seja delimitado por uma borda preta de 1 pixel. Verifica se o quadro de pixels tem altura e comprimento de 5 elementos",
              "timedOut": null,
              "duration": 526,
              "state": "passed",
              "speed": "slow",
              "pass": true,
              "fail": false,
              "pending": false,
              "context": null,
              "code": "cy.get('.pixel').should('have.length', 25).each(function (pixel) {\n  expect(pixel).to.have.css('background-color', WHITE);\n}).and(function (pixels) {\n  var rows = chunk(pixels, 5);\n  rows.forEach(function (row) {\n    for (var index = 1; index < row.length; index += 1) {\n      var current = pixels[index];\n      var previous = pixels[index - 1];\n      cy.wrap(current).should('be.onTheRightOf', previous).and('be.horizontallyAlignedWith', previous);\n    }\n  });\n  for (var index = 1; index < 5; index += 1) {\n    expect(pixels[index * 5]).to.be.belowOf(pixels[(index - 1) * 5]);\n  }\n});",
              "err": {},
              "uuid": "a7ebfc08-9a08-4985-857b-c4891752832e",
              "parentUUID": "e1383100-bcfe-4d51-b5b0-05ef88a06542",
              "isHook": false,
              "skipped": false
            },
            {
              "title": "Verifica se 40 pixels é o tamanho total do elemento, incluindo seu conteúdo e excluindo a borda preta, que deve ser criada à parte.",
              "fullTitle": "5 - Faça com que cada elemento do quadro de pixels possua 40 pixels de largura, 40 pixels de altura e seja delimitado por uma borda preta de 1 pixel. Verifica se 40 pixels é o tamanho total do elemento, incluindo seu conteúdo e excluindo a borda preta, que deve ser criada à parte.",
              "timedOut": null,
              "duration": 619,
              "state": "passed",
              "speed": "slow",
              "pass": true,
              "fail": false,
              "pending": false,
              "context": null,
              "code": "cy.get('.pixel').each(function (pixel) {\n  cy.wrap(pixel).should('have.css', 'height', '40px').and('have.css', 'width', '40px').and('have.css', 'border', \"1px solid \".concat(BLACK));\n});",
              "err": {},
              "uuid": "cdaf096f-b196-4064-ac62-75392d9d612c",
              "parentUUID": "e1383100-bcfe-4d51-b5b0-05ef88a06542",
              "isHook": false,
              "skipped": false
            }
          ],
          "suites": [],
          "passes": [
            "a7ebfc08-9a08-4985-857b-c4891752832e",
            "cdaf096f-b196-4064-ac62-75392d9d612c"
          ],
          "failures": [],
          "pending": [],
          "skipped": [],
          "duration": 1145,
          "root": false,
          "rootEmpty": false,
          "_timeout": 2000
        },
        {
          "uuid": "b712751c-0f05-4d7e-bfe4-52379d0030aa",
          "title": "6 - Defina a cor preta como cor inicial. Ao carregar a página a cor preta já deve estar selecionada para pintar os pixels",
          "fullFile": "",
          "file": "",
          "beforeHooks": [],
          "afterHooks": [],
          "tests": [
            {
              "title": "Verifica se o elemento da cor preta possui, inicialmente, a `classe` `selected`",
              "fullTitle": "6 - Defina a cor preta como cor inicial. Ao carregar a página a cor preta já deve estar selecionada para pintar os pixels Verifica se o elemento da cor preta possui, inicialmente, a `classe` `selected`",
              "timedOut": null,
              "duration": 288,
              "state": "passed",
              "speed": "slow",
              "pass": true,
              "fail": false,
              "pending": false,
              "context": null,
              "code": "cy.get('.selected').first().should('have.css', 'background-color', BLACK);",
              "err": {},
              "uuid": "385e310a-0885-4529-82c7-ded3262c505a",
              "parentUUID": "b712751c-0f05-4d7e-bfe4-52379d0030aa",
              "isHook": false,
              "skipped": false
            },
            {
              "title": "Verifica se nenhuma outra cor da paleta tem a `classe` `selected`",
              "fullTitle": "6 - Defina a cor preta como cor inicial. Ao carregar a página a cor preta já deve estar selecionada para pintar os pixels Verifica se nenhuma outra cor da paleta tem a `classe` `selected`",
              "timedOut": null,
              "duration": 141,
              "state": "passed",
              "speed": "slow",
              "pass": true,
              "fail": false,
              "pending": false,
              "context": null,
              "code": "cy.get('.color:not(:first-child)').each(function (color) {\n  cy.wrap(color).should('not.have.class', 'selected');\n});",
              "err": {},
              "uuid": "96f2a203-ee4a-4b5d-88e8-57827ebcefbc",
              "parentUUID": "b712751c-0f05-4d7e-bfe4-52379d0030aa",
              "isHook": false,
              "skipped": false
            }
          ],
          "suites": [],
          "passes": [
            "385e310a-0885-4529-82c7-ded3262c505a",
            "96f2a203-ee4a-4b5d-88e8-57827ebcefbc"
          ],
          "failures": [],
          "pending": [],
          "skipped": [],
          "duration": 429,
          "root": false,
          "rootEmpty": false,
          "_timeout": 2000
        },
        {
          "uuid": "6db63cf3-4e1d-4f3b-9c52-09f1fed83a55",
          "title": "7 - Clicar em uma das cores da paleta, faz com que ela seja selecionada e utilizada para preencher os pixels no quadro.",
          "fullFile": "",
          "file": "",
          "beforeHooks": [],
          "afterHooks": [],
          "tests": [
            {
              "title": "Verifica se somente uma cor da paleta de cores tem a classe `selected` de cada vez",
              "fullTitle": "7 - Clicar em uma das cores da paleta, faz com que ela seja selecionada e utilizada para preencher os pixels no quadro. Verifica se somente uma cor da paleta de cores tem a classe `selected` de cada vez",
              "timedOut": null,
              "duration": 742,
              "state": "passed",
              "speed": "slow",
              "pass": true,
              "fail": false,
              "pending": false,
              "context": null,
              "code": "cy.get('.color').each(function (selectedColor, selectedColorIndex) {\n  cy.wrap(selectedColor).click();\n  cy.get('.color').each(function (color, colorIndex) {\n    if (colorIndex === selectedColorIndex) {\n      expect(color).to.have[\"class\"]('selected');\n    } else {\n      expect(color).not.to.have[\"class\"]('selected');\n    }\n  });\n});",
              "err": {},
              "uuid": "39741523-c723-4a8d-8e36-e34bde31cc50",
              "parentUUID": "6db63cf3-4e1d-4f3b-9c52-09f1fed83a55",
              "isHook": false,
              "skipped": false
            },
            {
              "title": "Verifica se os pixels dentro do quadro não têm a classe `selected` quando são clicados",
              "fullTitle": "7 - Clicar em uma das cores da paleta, faz com que ela seja selecionada e utilizada para preencher os pixels no quadro. Verifica se os pixels dentro do quadro não têm a classe `selected` quando são clicados",
              "timedOut": null,
              "duration": 9488,
              "state": "passed",
              "speed": "slow",
              "pass": true,
              "fail": false,
              "pending": false,
              "context": null,
              "code": "cy.get('.color').each(function (color) {\n  var backgroundColor = color.css('background-color');\n  cy.wrap(color).click();\n  cy.get('.pixel').each(function (pixel) {\n    cy.wrap(pixel).click().should('not.have.class', 'selected');\n  });\n});",
              "err": {},
              "uuid": "cb5e2867-6bc0-425f-b751-f1a56c8ac301",
              "parentUUID": "6db63cf3-4e1d-4f3b-9c52-09f1fed83a55",
              "isHook": false,
              "skipped": false
            }
          ],
          "suites": [],
          "passes": [
            "39741523-c723-4a8d-8e36-e34bde31cc50",
            "cb5e2867-6bc0-425f-b751-f1a56c8ac301"
          ],
          "failures": [],
          "pending": [],
          "skipped": [],
          "duration": 10230,
          "root": false,
          "rootEmpty": false,
          "_timeout": 2000
        },
        {
          "uuid": "04eb1e49-9701-46ec-b8ad-757bbd68066c",
          "title": "8 - Clicar em um pixel dentro do quadro após selecionar uma cor na paleta, faz com que o pixel seja preenchido com a cor selecionada.",
          "fullFile": "",
          "file": "",
          "beforeHooks": [],
          "afterHooks": [],
          "tests": [
            {
              "title": "Verifica se ao carregar a página deve ser possível pintar os pixels de preto",
              "fullTitle": "8 - Clicar em um pixel dentro do quadro após selecionar uma cor na paleta, faz com que o pixel seja preenchido com a cor selecionada. Verifica se ao carregar a página deve ser possível pintar os pixels de preto",
              "timedOut": null,
              "duration": 2621,
              "state": "passed",
              "speed": "slow",
              "pass": true,
              "fail": false,
              "pending": false,
              "context": null,
              "code": "cy.get('.pixel').each(function (pixel) {\n  cy.wrap(pixel).click().should('have.css', 'background-color', BLACK);\n});",
              "err": {},
              "uuid": "4b651435-da2d-4c47-9867-c3178367afbe",
              "parentUUID": "04eb1e49-9701-46ec-b8ad-757bbd68066c",
              "isHook": false,
              "skipped": false
            },
            {
              "title": "Verifica se após selecionar uma outra cor na paleta, é possível pintar os pixels com essa cor",
              "fullTitle": "8 - Clicar em um pixel dentro do quadro após selecionar uma cor na paleta, faz com que o pixel seja preenchido com a cor selecionada. Verifica se após selecionar uma outra cor na paleta, é possível pintar os pixels com essa cor",
              "timedOut": null,
              "duration": 9627,
              "state": "passed",
              "speed": "slow",
              "pass": true,
              "fail": false,
              "pending": false,
              "context": null,
              "code": "cy.get('.color').each(function (color) {\n  var backgroundColor = color.css('background-color');\n  cy.wrap(color).click();\n  cy.get('.pixel').each(function (pixel) {\n    cy.wrap(pixel).click().should('have.css', 'background-color', backgroundColor);\n  });\n});",
              "err": {},
              "uuid": "a9d9dc1a-eac7-4ac8-b955-290c2ba1ae4c",
              "parentUUID": "04eb1e49-9701-46ec-b8ad-757bbd68066c",
              "isHook": false,
              "skipped": false
            },
            {
              "title": "Verifica se somente o pixel que foi clicado foi preenchido com a cor selecionada, sem influenciar na cor dos demais pixels.",
              "fullTitle": "8 - Clicar em um pixel dentro do quadro após selecionar uma cor na paleta, faz com que o pixel seja preenchido com a cor selecionada. Verifica se somente o pixel que foi clicado foi preenchido com a cor selecionada, sem influenciar na cor dos demais pixels.",
              "timedOut": null,
              "duration": 2434,
              "state": "passed",
              "speed": "slow",
              "pass": true,
              "fail": false,
              "pending": false,
              "context": null,
              "code": "var colorToPixelIndexMap = {\n  0: 6,\n  1: 8,\n  2: 16,\n  3: 18\n};\ncy.get('.color').each(function (color, index) {\n  cy.wrap(color).click();\n  var backgroundColor = color.css('background-color');\n  var clickedPixelIndex = colorToPixelIndexMap[index];\n  cy.get('.pixel').eq(clickedPixelIndex).click();\n  cy.get('.pixel').eq(clickedPixelIndex - 1).should('not.have.css', 'background-color', backgroundColor);\n  cy.get('.pixel').eq(clickedPixelIndex + 1).should('not.have.css', 'background-color', backgroundColor);\n  cy.get('.pixel').eq(clickedPixelIndex - 5).should('not.have.css', 'background-color', backgroundColor);\n  cy.get('.pixel').eq(clickedPixelIndex + 5).should('not.have.css', 'background-color', backgroundColor);\n  cy.get('.pixel').eq(clickedPixelIndex - 6).should('not.have.css', 'background-color', backgroundColor);\n  cy.get('.pixel').eq(clickedPixelIndex - 4).should('not.have.css', 'background-color', backgroundColor);\n  cy.get('.pixel').eq(clickedPixelIndex + 4).should('not.have.css', 'background-color', backgroundColor);\n  cy.get('.pixel').eq(clickedPixelIndex + 6).should('not.have.css', 'background-color', backgroundColor);\n});",
              "err": {},
              "uuid": "fed293ce-df00-41ec-ade9-1d93724db5a4",
              "parentUUID": "04eb1e49-9701-46ec-b8ad-757bbd68066c",
              "isHook": false,
              "skipped": false
            }
          ],
          "suites": [],
          "passes": [
            "4b651435-da2d-4c47-9867-c3178367afbe",
            "a9d9dc1a-eac7-4ac8-b955-290c2ba1ae4c",
            "fed293ce-df00-41ec-ade9-1d93724db5a4"
          ],
          "failures": [],
          "pending": [],
          "skipped": [],
          "duration": 14682,
          "root": false,
          "rootEmpty": false,
          "_timeout": 2000
        },
        {
          "uuid": "9cff8b5d-49be-4d3d-8586-5ff4474649a9",
          "title": "9 - Crie um botão que, ao ser clicado, limpa o quadro preenchendo a cor de todos seus pixels com branco.",
          "fullFile": "",
          "file": "",
          "beforeHooks": [],
          "afterHooks": [],
          "tests": [
            {
              "title": "Verifica se o botão tem o `id` denominado `clear-board`",
              "fullTitle": "9 - Crie um botão que, ao ser clicado, limpa o quadro preenchendo a cor de todos seus pixels com branco. Verifica se o botão tem o `id` denominado `clear-board`",
              "timedOut": null,
              "duration": 362,
              "state": "passed",
              "speed": "slow",
              "pass": true,
              "fail": false,
              "pending": false,
              "context": null,
              "code": "cy.get('#clear-board').should('be.visible');",
              "err": {},
              "uuid": "5520a3d5-c051-47ed-833d-d15607cb2c09",
              "parentUUID": "9cff8b5d-49be-4d3d-8586-5ff4474649a9",
              "isHook": false,
              "skipped": false
            },
            {
              "title": "Verifica se o botão está posicionado entre a paleta de cores e o quadro de pixels",
              "fullTitle": "9 - Crie um botão que, ao ser clicado, limpa o quadro preenchendo a cor de todos seus pixels com branco. Verifica se o botão está posicionado entre a paleta de cores e o quadro de pixels",
              "timedOut": null,
              "duration": 207,
              "state": "passed",
              "speed": "slow",
              "pass": true,
              "fail": false,
              "pending": false,
              "context": null,
              "code": "cy.get('#color-palette').then(function (palette) {\n  cy.get('#clear-board').should('be.belowOf', palette);\n});\ncy.get('#clear-board').then(function (clearBtn) {\n  cy.get('#pixel-board').should('be.belowOf', clearBtn);\n});",
              "err": {},
              "uuid": "3731c93d-70d6-490d-9552-5575e4d83ef4",
              "parentUUID": "9cff8b5d-49be-4d3d-8586-5ff4474649a9",
              "isHook": false,
              "skipped": false
            },
            {
              "title": "Verifica se o texto do botão é 'Limpar'",
              "fullTitle": "9 - Crie um botão que, ao ser clicado, limpa o quadro preenchendo a cor de todos seus pixels com branco. Verifica se o texto do botão é 'Limpar'",
              "timedOut": null,
              "duration": 184,
              "state": "passed",
              "speed": "slow",
              "pass": true,
              "fail": false,
              "pending": false,
              "context": null,
              "code": "cy.get('#clear-board').should('contain.text', 'Limpar');",
              "err": {},
              "uuid": "93804244-0d3c-4f73-964b-d2babc91a5b1",
              "parentUUID": "9cff8b5d-49be-4d3d-8586-5ff4474649a9",
              "isHook": false,
              "skipped": false
            },
            {
              "title": "Verifica se ao clicar no botão, o quadro de pixels é totalmente preenchido de branco",
              "fullTitle": "9 - Crie um botão que, ao ser clicado, limpa o quadro preenchendo a cor de todos seus pixels com branco. Verifica se ao clicar no botão, o quadro de pixels é totalmente preenchido de branco",
              "timedOut": null,
              "duration": 6935,
              "state": "failed",
              "speed": null,
              "pass": false,
              "fail": true,
              "pending": false,
              "context": null,
              "code": "cy.get('.color').eq(1).then(function (color) {\n  var backgroundColor = color.css('background-color');\n  cy.wrap(color).click();\n  cy.get('.pixel').each(function (pixel) {\n    cy.wrap(pixel).click().should('have.css', 'background-color', backgroundColor);\n  });\n});\ncy.get('#clear-board').click();\ncy.get('.pixel').each(function (pixel) {\n  cy.wrap(pixel).should('have.css', 'background-color', WHITE);\n});",
              "err": {
                "message": "CypressError: Timed out retrying: expected '<td.pixel>' to have CSS property 'background-color' with the value 'rgb(255, 255, 255)', but the value was 'rgb(255, 165, 0)'",
                "estack": "CypressError: Timed out retrying: expected '<td.pixel>' to have CSS property 'background-color' with the value 'rgb(255, 255, 255)', but the value was 'rgb(255, 165, 0)'\n    at cypressErr (http://localhost:34255/__cypress/runner/cypress_runner.js:149934:9)\n    at throwErr (http://localhost:34255/__cypress/runner/cypress_runner.js:149867:11)\n    at Object.throwErrByPath (http://localhost:34255/__cypress/runner/cypress_runner.js:149915:3)\n    at retry (http://localhost:34255/__cypress/runner/cypress_runner.js:144197:19)\n    at onFailFn (http://localhost:34255/__cypress/runner/cypress_runner.js:132448:16)\n    at tryCatcher (http://localhost:34255/__cypress/runner/cypress_runner.js:167415:23)\n    at Promise._settlePromiseFromHandler (http://localhost:34255/__cypress/runner/cypress_runner.js:165351:31)\n    at Promise._settlePromise (http://localhost:34255/__cypress/runner/cypress_runner.js:165408:18)\n    at Promise._settlePromise0 (http://localhost:34255/__cypress/runner/cypress_runner.js:165453:10)\n    at Promise._settlePromises (http://localhost:34255/__cypress/runner/cypress_runner.js:165528:18)\n    at Async../node_modules/bluebird/js/release/async.js.Async._drainQueue (http://localhost:34255/__cypress/runner/cypress_runner.js:162140:16)\n    at Async../node_modules/bluebird/js/release/async.js.Async._drainQueues (http://localhost:34255/__cypress/runner/cypress_runner.js:162150:10)\n    at Async.drainQueues (http://localhost:34255/__cypress/runner/cypress_runner.js:162024:14)",
                "diff": null
              },
              "uuid": "41a67921-afdb-4a9a-b57b-25d6c8bc072a",
              "parentUUID": "9cff8b5d-49be-4d3d-8586-5ff4474649a9",
              "isHook": false,
              "skipped": false
            }
          ],
          "suites": [],
          "passes": [
            "5520a3d5-c051-47ed-833d-d15607cb2c09",
            "3731c93d-70d6-490d-9552-5575e4d83ef4",
            "93804244-0d3c-4f73-964b-d2babc91a5b1"
          ],
          "failures": [
            "41a67921-afdb-4a9a-b57b-25d6c8bc072a"
          ],
          "pending": [],
          "skipped": [],
          "duration": 7688,
          "root": false,
          "rootEmpty": false,
          "_timeout": 2000
        },
        {
          "uuid": "c1962348-3f95-4a38-9f94-97761ed91829",
          "title": "10 - Faça o quadro de pixels ter seu tamanho definido pelo usuário.",
          "fullFile": "",
          "file": "",
          "beforeHooks": [],
          "afterHooks": [],
          "tests": [
            {
              "title": "Verifica se existe um input com o id `board-size`",
              "fullTitle": "10 - Faça o quadro de pixels ter seu tamanho definido pelo usuário. Verifica se existe um input com o id `board-size`",
              "timedOut": null,
              "duration": 4673,
              "state": "failed",
              "speed": null,
              "pass": false,
              "fail": true,
              "pending": false,
              "context": null,
              "code": "cy.get('#board-size').should('be.visible');",
              "err": {
                "message": "CypressError: Timed out retrying: Expected to find element: '#board-size', but never found it.",
                "estack": "CypressError: Timed out retrying: Expected to find element: '#board-size', but never found it.\n    at cypressErr (http://localhost:34255/__cypress/runner/cypress_runner.js:149934:9)\n    at throwErr (http://localhost:34255/__cypress/runner/cypress_runner.js:149867:11)\n    at Object.throwErrByPath (http://localhost:34255/__cypress/runner/cypress_runner.js:149915:3)\n    at retry (http://localhost:34255/__cypress/runner/cypress_runner.js:144197:19)\n    at onFailFn (http://localhost:34255/__cypress/runner/cypress_runner.js:132448:16)\n    at tryCatcher (http://localhost:34255/__cypress/runner/cypress_runner.js:167415:23)\n    at Promise._settlePromiseFromHandler (http://localhost:34255/__cypress/runner/cypress_runner.js:165351:31)\n    at Promise._settlePromise (http://localhost:34255/__cypress/runner/cypress_runner.js:165408:18)\n    at Promise._settlePromise0 (http://localhost:34255/__cypress/runner/cypress_runner.js:165453:10)\n    at Promise._settlePromises (http://localhost:34255/__cypress/runner/cypress_runner.js:165528:18)\n    at Async../node_modules/bluebird/js/release/async.js.Async._drainQueue (http://localhost:34255/__cypress/runner/cypress_runner.js:162140:16)\n    at Async../node_modules/bluebird/js/release/async.js.Async._drainQueues (http://localhost:34255/__cypress/runner/cypress_runner.js:162150:10)\n    at Async.drainQueues (http://localhost:34255/__cypress/runner/cypress_runner.js:162024:14)",
                "diff": null
              },
              "uuid": "8b2ab303-be5a-4697-992c-5ddcd30e3524",
              "parentUUID": "c1962348-3f95-4a38-9f94-97761ed91829",
              "isHook": false,
              "skipped": false
            },
            {
              "title": "Verifica se existe um botão com o id `generate-board`",
              "fullTitle": "10 - Faça o quadro de pixels ter seu tamanho definido pelo usuário. Verifica se existe um botão com o id `generate-board`",
              "timedOut": null,
              "duration": 4657,
              "state": "failed",
              "speed": null,
              "pass": false,
              "fail": true,
              "pending": false,
              "context": null,
              "code": "cy.get('#generate-board').should('be.visible');",
              "err": {
                "message": "CypressError: Timed out retrying: Expected to find element: '#generate-board', but never found it.",
                "estack": "CypressError: Timed out retrying: Expected to find element: '#generate-board', but never found it.\n    at cypressErr (http://localhost:34255/__cypress/runner/cypress_runner.js:149934:9)\n    at throwErr (http://localhost:34255/__cypress/runner/cypress_runner.js:149867:11)\n    at Object.throwErrByPath (http://localhost:34255/__cypress/runner/cypress_runner.js:149915:3)\n    at retry (http://localhost:34255/__cypress/runner/cypress_runner.js:144197:19)\n    at onFailFn (http://localhost:34255/__cypress/runner/cypress_runner.js:132448:16)\n    at tryCatcher (http://localhost:34255/__cypress/runner/cypress_runner.js:167415:23)\n    at Promise._settlePromiseFromHandler (http://localhost:34255/__cypress/runner/cypress_runner.js:165351:31)\n    at Promise._settlePromise (http://localhost:34255/__cypress/runner/cypress_runner.js:165408:18)\n    at Promise._settlePromise0 (http://localhost:34255/__cypress/runner/cypress_runner.js:165453:10)\n    at Promise._settlePromises (http://localhost:34255/__cypress/runner/cypress_runner.js:165528:18)\n    at Async../node_modules/bluebird/js/release/async.js.Async._drainQueue (http://localhost:34255/__cypress/runner/cypress_runner.js:162140:16)\n    at Async../node_modules/bluebird/js/release/async.js.Async._drainQueues (http://localhost:34255/__cypress/runner/cypress_runner.js:162150:10)\n    at Async.drainQueues (http://localhost:34255/__cypress/runner/cypress_runner.js:162024:14)",
                "diff": null
              },
              "uuid": "dd3ac42c-0254-45a5-adac-c6b61f1902f2",
              "parentUUID": "c1962348-3f95-4a38-9f94-97761ed91829",
              "isHook": false,
              "skipped": false
            },
            {
              "title": "Verifica se o input só aceita número maiores que zero. Essa restrição deve ser feita usando os atributos do elemento `input`",
              "fullTitle": "10 - Faça o quadro de pixels ter seu tamanho definido pelo usuário. Verifica se o input só aceita número maiores que zero. Essa restrição deve ser feita usando os atributos do elemento `input`",
              "timedOut": null,
              "duration": 4574,
              "state": "failed",
              "speed": null,
              "pass": false,
              "fail": true,
              "pending": false,
              "context": null,
              "code": "cy.get('#board-size[type=\\'number\\'][min=\\'1\\']');",
              "err": {
                "message": "CypressError: Timed out retrying: Expected to find element: '#board-size[type='number'][min='1']', but never found it.",
                "estack": "CypressError: Timed out retrying: Expected to find element: '#board-size[type='number'][min='1']', but never found it.\n    at cypressErr (http://localhost:34255/__cypress/runner/cypress_runner.js:149934:9)\n    at throwErr (http://localhost:34255/__cypress/runner/cypress_runner.js:149867:11)\n    at Object.throwErrByPath (http://localhost:34255/__cypress/runner/cypress_runner.js:149915:3)\n    at retry (http://localhost:34255/__cypress/runner/cypress_runner.js:144197:19)\n    at onFailFn (http://localhost:34255/__cypress/runner/cypress_runner.js:132448:16)\n    at tryCatcher (http://localhost:34255/__cypress/runner/cypress_runner.js:167415:23)\n    at Promise._settlePromiseFromHandler (http://localhost:34255/__cypress/runner/cypress_runner.js:165351:31)\n    at Promise._settlePromise (http://localhost:34255/__cypress/runner/cypress_runner.js:165408:18)\n    at Promise._settlePromise0 (http://localhost:34255/__cypress/runner/cypress_runner.js:165453:10)\n    at Promise._settlePromises (http://localhost:34255/__cypress/runner/cypress_runner.js:165528:18)\n    at Async../node_modules/bluebird/js/release/async.js.Async._drainQueue (http://localhost:34255/__cypress/runner/cypress_runner.js:162140:16)\n    at Async../node_modules/bluebird/js/release/async.js.Async._drainQueues (http://localhost:34255/__cypress/runner/cypress_runner.js:162150:10)\n    at Async.drainQueues (http://localhost:34255/__cypress/runner/cypress_runner.js:162024:14)",
                "diff": null
              },
              "uuid": "e9d9da91-2cf8-4942-b6b3-47ba744837b1",
              "parentUUID": "c1962348-3f95-4a38-9f94-97761ed91829",
              "isHook": false,
              "skipped": false
            },
            {
              "title": "Verifica se o botão contém o texto 'VQV'",
              "fullTitle": "10 - Faça o quadro de pixels ter seu tamanho definido pelo usuário. Verifica se o botão contém o texto 'VQV'",
              "timedOut": null,
              "duration": 4579,
              "state": "failed",
              "speed": null,
              "pass": false,
              "fail": true,
              "pending": false,
              "context": null,
              "code": "cy.get('#generate-board').contains(/vqv/i);",
              "err": {
                "message": "CypressError: Timed out retrying: Expected to find element: '#generate-board', but never found it.",
                "estack": "CypressError: Timed out retrying: Expected to find element: '#generate-board', but never found it.\n    at cypressErr (http://localhost:34255/__cypress/runner/cypress_runner.js:149934:9)\n    at throwErr (http://localhost:34255/__cypress/runner/cypress_runner.js:149867:11)\n    at Object.throwErrByPath (http://localhost:34255/__cypress/runner/cypress_runner.js:149915:3)\n    at retry (http://localhost:34255/__cypress/runner/cypress_runner.js:144197:19)\n    at onFailFn (http://localhost:34255/__cypress/runner/cypress_runner.js:132448:16)\n    at tryCatcher (http://localhost:34255/__cypress/runner/cypress_runner.js:167415:23)\n    at Promise._settlePromiseFromHandler (http://localhost:34255/__cypress/runner/cypress_runner.js:165351:31)\n    at Promise._settlePromise (http://localhost:34255/__cypress/runner/cypress_runner.js:165408:18)\n    at Promise._settlePromise0 (http://localhost:34255/__cypress/runner/cypress_runner.js:165453:10)\n    at Promise._settlePromises (http://localhost:34255/__cypress/runner/cypress_runner.js:165528:18)\n    at Async../node_modules/bluebird/js/release/async.js.Async._drainQueue (http://localhost:34255/__cypress/runner/cypress_runner.js:162140:16)\n    at Async../node_modules/bluebird/js/release/async.js.Async._drainQueues (http://localhost:34255/__cypress/runner/cypress_runner.js:162150:10)\n    at Async.drainQueues (http://localhost:34255/__cypress/runner/cypress_runner.js:162024:14)",
                "diff": null
              },
              "uuid": "03f50b42-7130-479f-9307-9ca1bc546f1b",
              "parentUUID": "c1962348-3f95-4a38-9f94-97761ed91829",
              "isHook": false,
              "skipped": false
            },
            {
              "title": "Verifica se o input está posicionado entre a paleta de cores e o quadro de pixels",
              "fullTitle": "10 - Faça o quadro de pixels ter seu tamanho definido pelo usuário. Verifica se o input está posicionado entre a paleta de cores e o quadro de pixels",
              "timedOut": null,
              "duration": 4694,
              "state": "failed",
              "speed": null,
              "pass": false,
              "fail": true,
              "pending": false,
              "context": null,
              "code": "cy.get('#color-palette').then(function (palette) {\n  cy.get('#board-size').should('be.belowOf', palette);\n});\ncy.get('#board-size').then(function (palette) {\n  cy.get('#pixel-board').should('be.belowOf', palette);\n});",
              "err": {
                "message": "CypressError: Timed out retrying: Expected to find element: '#board-size', but never found it.",
                "estack": "CypressError: Timed out retrying: Expected to find element: '#board-size', but never found it.\n    at cypressErr (http://localhost:34255/__cypress/runner/cypress_runner.js:149934:9)\n    at throwErr (http://localhost:34255/__cypress/runner/cypress_runner.js:149867:11)\n    at Object.throwErrByPath (http://localhost:34255/__cypress/runner/cypress_runner.js:149915:3)\n    at retry (http://localhost:34255/__cypress/runner/cypress_runner.js:144197:19)\n    at onFailFn (http://localhost:34255/__cypress/runner/cypress_runner.js:132448:16)\n    at tryCatcher (http://localhost:34255/__cypress/runner/cypress_runner.js:167415:23)\n    at Promise._settlePromiseFromHandler (http://localhost:34255/__cypress/runner/cypress_runner.js:165351:31)\n    at Promise._settlePromise (http://localhost:34255/__cypress/runner/cypress_runner.js:165408:18)\n    at Promise._settlePromise0 (http://localhost:34255/__cypress/runner/cypress_runner.js:165453:10)\n    at Promise._settlePromises (http://localhost:34255/__cypress/runner/cypress_runner.js:165528:18)\n    at Async../node_modules/bluebird/js/release/async.js.Async._drainQueue (http://localhost:34255/__cypress/runner/cypress_runner.js:162140:16)\n    at Async../node_modules/bluebird/js/release/async.js.Async._drainQueues (http://localhost:34255/__cypress/runner/cypress_runner.js:162150:10)\n    at Async.drainQueues (http://localhost:34255/__cypress/runner/cypress_runner.js:162024:14)",
                "diff": null
              },
              "uuid": "8af33dc0-b4bf-424f-a531-a2804d7e54cc",
              "parentUUID": "c1962348-3f95-4a38-9f94-97761ed91829",
              "isHook": false,
              "skipped": false
            },
            {
              "title": "Verifica se o botão está posicionado ao lado do input",
              "fullTitle": "10 - Faça o quadro de pixels ter seu tamanho definido pelo usuário. Verifica se o botão está posicionado ao lado do input",
              "timedOut": null,
              "duration": 4625,
              "state": "failed",
              "speed": null,
              "pass": false,
              "fail": true,
              "pending": false,
              "context": null,
              "code": "cy.get('#board-size').then(function (board) {\n  cy.get('#generate-board').should('be.onTheRightOf', board);\n});",
              "err": {
                "message": "CypressError: Timed out retrying: Expected to find element: '#board-size', but never found it.",
                "estack": "CypressError: Timed out retrying: Expected to find element: '#board-size', but never found it.\n    at cypressErr (http://localhost:34255/__cypress/runner/cypress_runner.js:149934:9)\n    at throwErr (http://localhost:34255/__cypress/runner/cypress_runner.js:149867:11)\n    at Object.throwErrByPath (http://localhost:34255/__cypress/runner/cypress_runner.js:149915:3)\n    at retry (http://localhost:34255/__cypress/runner/cypress_runner.js:144197:19)\n    at onFailFn (http://localhost:34255/__cypress/runner/cypress_runner.js:132448:16)\n    at tryCatcher (http://localhost:34255/__cypress/runner/cypress_runner.js:167415:23)\n    at Promise._settlePromiseFromHandler (http://localhost:34255/__cypress/runner/cypress_runner.js:165351:31)\n    at Promise._settlePromise (http://localhost:34255/__cypress/runner/cypress_runner.js:165408:18)\n    at Promise._settlePromise0 (http://localhost:34255/__cypress/runner/cypress_runner.js:165453:10)\n    at Promise._settlePromises (http://localhost:34255/__cypress/runner/cypress_runner.js:165528:18)\n    at Async../node_modules/bluebird/js/release/async.js.Async._drainQueue (http://localhost:34255/__cypress/runner/cypress_runner.js:162140:16)\n    at Async../node_modules/bluebird/js/release/async.js.Async._drainQueues (http://localhost:34255/__cypress/runner/cypress_runner.js:162150:10)\n    at Async.drainQueues (http://localhost:34255/__cypress/runner/cypress_runner.js:162024:14)",
                "diff": null
              },
              "uuid": "a3308140-b0f5-4e3a-b096-3edbf9daa535",
              "parentUUID": "c1962348-3f95-4a38-9f94-97761ed91829",
              "isHook": false,
              "skipped": false
            },
            {
              "title": "Verifica se nenhum valor for colocado no input ao clicar no botão, um `alert` é exibido com o texto: 'Board inválido!'",
              "fullTitle": "10 - Faça o quadro de pixels ter seu tamanho definido pelo usuário. Verifica se nenhum valor for colocado no input ao clicar no botão, um `alert` é exibido com o texto: 'Board inválido!'",
              "timedOut": null,
              "duration": 4656,
              "state": "failed",
              "speed": null,
              "pass": false,
              "fail": true,
              "pending": false,
              "context": null,
              "code": "var alerted = false;\ncy.on('window:alert', function (msg) {\n  return alerted = msg;\n});\ncy.get('#generate-board').click().then(function () {\n  return expect(alerted).to.match(/Board inválido!/i);\n});",
              "err": {
                "message": "CypressError: Timed out retrying: Expected to find element: '#generate-board', but never found it.",
                "estack": "CypressError: Timed out retrying: Expected to find element: '#generate-board', but never found it.\n    at cypressErr (http://localhost:34255/__cypress/runner/cypress_runner.js:149934:9)\n    at throwErr (http://localhost:34255/__cypress/runner/cypress_runner.js:149867:11)\n    at Object.throwErrByPath (http://localhost:34255/__cypress/runner/cypress_runner.js:149915:3)\n    at retry (http://localhost:34255/__cypress/runner/cypress_runner.js:144197:19)\n    at onFailFn (http://localhost:34255/__cypress/runner/cypress_runner.js:132448:16)\n    at tryCatcher (http://localhost:34255/__cypress/runner/cypress_runner.js:167415:23)\n    at Promise._settlePromiseFromHandler (http://localhost:34255/__cypress/runner/cypress_runner.js:165351:31)\n    at Promise._settlePromise (http://localhost:34255/__cypress/runner/cypress_runner.js:165408:18)\n    at Promise._settlePromise0 (http://localhost:34255/__cypress/runner/cypress_runner.js:165453:10)\n    at Promise._settlePromises (http://localhost:34255/__cypress/runner/cypress_runner.js:165528:18)\n    at Async../node_modules/bluebird/js/release/async.js.Async._drainQueue (http://localhost:34255/__cypress/runner/cypress_runner.js:162140:16)\n    at Async../node_modules/bluebird/js/release/async.js.Async._drainQueues (http://localhost:34255/__cypress/runner/cypress_runner.js:162150:10)\n    at Async.drainQueues (http://localhost:34255/__cypress/runner/cypress_runner.js:162024:14)",
                "diff": null
              },
              "uuid": "3189bf99-1eb7-489b-95bb-b88cc2996e21",
              "parentUUID": "c1962348-3f95-4a38-9f94-97761ed91829",
              "isHook": false,
              "skipped": false
            },
            {
              "title": "Verifica se ao clicar no botão com um valor preenchido, o tamanho do board muda.",
              "fullTitle": "10 - Faça o quadro de pixels ter seu tamanho definido pelo usuário. Verifica se ao clicar no botão com um valor preenchido, o tamanho do board muda.",
              "timedOut": null,
              "duration": 4696,
              "state": "failed",
              "speed": null,
              "pass": false,
              "fail": true,
              "pending": false,
              "context": null,
              "code": "cy.get('#board-size').clear().type(10);\ncy.get('#generate-board').click();\ncy.get('.pixel').should('have.length', 100);",
              "err": {
                "message": "CypressError: Timed out retrying: Expected to find element: '#board-size', but never found it.",
                "estack": "CypressError: Timed out retrying: Expected to find element: '#board-size', but never found it.\n    at cypressErr (http://localhost:34255/__cypress/runner/cypress_runner.js:149934:9)\n    at throwErr (http://localhost:34255/__cypress/runner/cypress_runner.js:149867:11)\n    at Object.throwErrByPath (http://localhost:34255/__cypress/runner/cypress_runner.js:149915:3)\n    at retry (http://localhost:34255/__cypress/runner/cypress_runner.js:144197:19)\n    at onFailFn (http://localhost:34255/__cypress/runner/cypress_runner.js:132448:16)\n    at tryCatcher (http://localhost:34255/__cypress/runner/cypress_runner.js:167415:23)\n    at Promise._settlePromiseFromHandler (http://localhost:34255/__cypress/runner/cypress_runner.js:165351:31)\n    at Promise._settlePromise (http://localhost:34255/__cypress/runner/cypress_runner.js:165408:18)\n    at Promise._settlePromise0 (http://localhost:34255/__cypress/runner/cypress_runner.js:165453:10)\n    at Promise._settlePromises (http://localhost:34255/__cypress/runner/cypress_runner.js:165528:18)\n    at Async../node_modules/bluebird/js/release/async.js.Async._drainQueue (http://localhost:34255/__cypress/runner/cypress_runner.js:162140:16)\n    at Async../node_modules/bluebird/js/release/async.js.Async._drainQueues (http://localhost:34255/__cypress/runner/cypress_runner.js:162150:10)\n    at Async.drainQueues (http://localhost:34255/__cypress/runner/cypress_runner.js:162024:14)",
                "diff": null
              },
              "uuid": "a170ad85-52e1-4805-9ca3-cd637029a930",
              "parentUUID": "c1962348-3f95-4a38-9f94-97761ed91829",
              "isHook": false,
              "skipped": false
            },
            {
              "title": "Verifica se o novo quadro tem todos os pixels preenchidos com a cor branca",
              "fullTitle": "10 - Faça o quadro de pixels ter seu tamanho definido pelo usuário. Verifica se o novo quadro tem todos os pixels preenchidos com a cor branca",
              "timedOut": null,
              "duration": 4551,
              "state": "failed",
              "speed": null,
              "pass": false,
              "fail": true,
              "pending": false,
              "context": null,
              "code": "cy.get('#board-size').clear().type(6);\ncy.get('#generate-board').click();\ncy.get('.pixel').should('have.length', 36).each(function (pixel) {\n  expect(pixel).to.have.css('background-color', WHITE);\n});",
              "err": {
                "message": "CypressError: Timed out retrying: Expected to find element: '#board-size', but never found it.",
                "estack": "CypressError: Timed out retrying: Expected to find element: '#board-size', but never found it.\n    at cypressErr (http://localhost:34255/__cypress/runner/cypress_runner.js:149934:9)\n    at throwErr (http://localhost:34255/__cypress/runner/cypress_runner.js:149867:11)\n    at Object.throwErrByPath (http://localhost:34255/__cypress/runner/cypress_runner.js:149915:3)\n    at retry (http://localhost:34255/__cypress/runner/cypress_runner.js:144197:19)\n    at onFailFn (http://localhost:34255/__cypress/runner/cypress_runner.js:132448:16)\n    at tryCatcher (http://localhost:34255/__cypress/runner/cypress_runner.js:167415:23)\n    at Promise._settlePromiseFromHandler (http://localhost:34255/__cypress/runner/cypress_runner.js:165351:31)\n    at Promise._settlePromise (http://localhost:34255/__cypress/runner/cypress_runner.js:165408:18)\n    at Promise._settlePromise0 (http://localhost:34255/__cypress/runner/cypress_runner.js:165453:10)\n    at Promise._settlePromises (http://localhost:34255/__cypress/runner/cypress_runner.js:165528:18)\n    at Async../node_modules/bluebird/js/release/async.js.Async._drainQueue (http://localhost:34255/__cypress/runner/cypress_runner.js:162140:16)\n    at Async../node_modules/bluebird/js/release/async.js.Async._drainQueues (http://localhost:34255/__cypress/runner/cypress_runner.js:162150:10)\n    at Async.drainQueues (http://localhost:34255/__cypress/runner/cypress_runner.js:162024:14)",
                "diff": null
              },
              "uuid": "50af967c-6a65-4e7d-8e75-3f5ed75c13df",
              "parentUUID": "c1962348-3f95-4a38-9f94-97761ed91829",
              "isHook": false,
              "skipped": false
            }
          ],
          "suites": [],
          "passes": [],
          "failures": [
            "8b2ab303-be5a-4697-992c-5ddcd30e3524",
            "dd3ac42c-0254-45a5-adac-c6b61f1902f2",
            "e9d9da91-2cf8-4942-b6b3-47ba744837b1",
            "03f50b42-7130-479f-9307-9ca1bc546f1b",
            "8af33dc0-b4bf-424f-a531-a2804d7e54cc",
            "a3308140-b0f5-4e3a-b096-3edbf9daa535",
            "3189bf99-1eb7-489b-95bb-b88cc2996e21",
            "a170ad85-52e1-4805-9ca3-cd637029a930",
            "50af967c-6a65-4e7d-8e75-3f5ed75c13df"
          ],
          "pending": [],
          "skipped": [],
          "duration": 41705,
          "root": false,
          "rootEmpty": false,
          "_timeout": 2000
        },
        {
          "uuid": "add9da1f-0c7d-49d1-a1d2-0c1e25e6f161",
          "title": "11 - Limite o tamanho mínimo e máximo do board.",
          "fullFile": "",
          "file": "",
          "beforeHooks": [],
          "afterHooks": [],
          "tests": [
            {
              "title": "Verifica se a altura máxima do board é 50",
              "fullTitle": "11 - Limite o tamanho mínimo e máximo do board. Verifica se a altura máxima do board é 50",
              "timedOut": null,
              "duration": 4653,
              "state": "failed",
              "speed": null,
              "pass": false,
              "fail": true,
              "pending": false,
              "context": null,
              "code": "cy.get('#board-size').clear().type(50);\ncy.get('#generate-board').click();\ncy.get('.pixel').should('have.length', 2500);",
              "err": {
                "message": "CypressError: Timed out retrying: Expected to find element: '#board-size', but never found it.",
                "estack": "CypressError: Timed out retrying: Expected to find element: '#board-size', but never found it.\n    at cypressErr (http://localhost:34255/__cypress/runner/cypress_runner.js:149934:9)\n    at throwErr (http://localhost:34255/__cypress/runner/cypress_runner.js:149867:11)\n    at Object.throwErrByPath (http://localhost:34255/__cypress/runner/cypress_runner.js:149915:3)\n    at retry (http://localhost:34255/__cypress/runner/cypress_runner.js:144197:19)\n    at onFailFn (http://localhost:34255/__cypress/runner/cypress_runner.js:132448:16)\n    at tryCatcher (http://localhost:34255/__cypress/runner/cypress_runner.js:167415:23)\n    at Promise._settlePromiseFromHandler (http://localhost:34255/__cypress/runner/cypress_runner.js:165351:31)\n    at Promise._settlePromise (http://localhost:34255/__cypress/runner/cypress_runner.js:165408:18)\n    at Promise._settlePromise0 (http://localhost:34255/__cypress/runner/cypress_runner.js:165453:10)\n    at Promise._settlePromises (http://localhost:34255/__cypress/runner/cypress_runner.js:165528:18)\n    at Async../node_modules/bluebird/js/release/async.js.Async._drainQueue (http://localhost:34255/__cypress/runner/cypress_runner.js:162140:16)\n    at Async../node_modules/bluebird/js/release/async.js.Async._drainQueues (http://localhost:34255/__cypress/runner/cypress_runner.js:162150:10)\n    at Async.drainQueues (http://localhost:34255/__cypress/runner/cypress_runner.js:162024:14)",
                "diff": null
              },
              "uuid": "d65b69e0-6ce0-46a2-a4f4-82e1930c8aa9",
              "parentUUID": "add9da1f-0c7d-49d1-a1d2-0c1e25e6f161",
              "isHook": false,
              "skipped": false
            },
            {
              "title": "Verifica se a altura do board é 5 quando um valor menor é colocado no input",
              "fullTitle": "11 - Limite o tamanho mínimo e máximo do board. Verifica se a altura do board é 5 quando um valor menor é colocado no input",
              "timedOut": null,
              "duration": 4683,
              "state": "failed",
              "speed": null,
              "pass": false,
              "fail": true,
              "pending": false,
              "context": null,
              "code": "cy.get('#board-size').clear().type(4);\ncy.get('#generate-board').click();\ncy.get('.pixel').should('have.length', 25);",
              "err": {
                "message": "CypressError: Timed out retrying: Expected to find element: '#board-size', but never found it.",
                "estack": "CypressError: Timed out retrying: Expected to find element: '#board-size', but never found it.\n    at cypressErr (http://localhost:34255/__cypress/runner/cypress_runner.js:149934:9)\n    at throwErr (http://localhost:34255/__cypress/runner/cypress_runner.js:149867:11)\n    at Object.throwErrByPath (http://localhost:34255/__cypress/runner/cypress_runner.js:149915:3)\n    at retry (http://localhost:34255/__cypress/runner/cypress_runner.js:144197:19)\n    at onFailFn (http://localhost:34255/__cypress/runner/cypress_runner.js:132448:16)\n    at tryCatcher (http://localhost:34255/__cypress/runner/cypress_runner.js:167415:23)\n    at Promise._settlePromiseFromHandler (http://localhost:34255/__cypress/runner/cypress_runner.js:165351:31)\n    at Promise._settlePromise (http://localhost:34255/__cypress/runner/cypress_runner.js:165408:18)\n    at Promise._settlePromise0 (http://localhost:34255/__cypress/runner/cypress_runner.js:165453:10)\n    at Promise._settlePromises (http://localhost:34255/__cypress/runner/cypress_runner.js:165528:18)\n    at Async../node_modules/bluebird/js/release/async.js.Async._drainQueue (http://localhost:34255/__cypress/runner/cypress_runner.js:162140:16)\n    at Async../node_modules/bluebird/js/release/async.js.Async._drainQueues (http://localhost:34255/__cypress/runner/cypress_runner.js:162150:10)\n    at Async.drainQueues (http://localhost:34255/__cypress/runner/cypress_runner.js:162024:14)",
                "diff": null
              },
              "uuid": "ab29250a-b860-4c56-b4d4-6137520f6fd7",
              "parentUUID": "add9da1f-0c7d-49d1-a1d2-0c1e25e6f161",
              "isHook": false,
              "skipped": false
            },
            {
              "title": "Verifica se a altura do board é 50 quando um valor maior é colocado no input",
              "fullTitle": "11 - Limite o tamanho mínimo e máximo do board. Verifica se a altura do board é 50 quando um valor maior é colocado no input",
              "timedOut": null,
              "duration": 4722,
              "state": "failed",
              "speed": null,
              "pass": false,
              "fail": true,
              "pending": false,
              "context": null,
              "code": "cy.get('#board-size').clear().type(51);\ncy.get('#generate-board').click();\ncy.get('.pixel').should('have.length', 2500);",
              "err": {
                "message": "CypressError: Timed out retrying: Expected to find element: '#board-size', but never found it.",
                "estack": "CypressError: Timed out retrying: Expected to find element: '#board-size', but never found it.\n    at cypressErr (http://localhost:34255/__cypress/runner/cypress_runner.js:149934:9)\n    at throwErr (http://localhost:34255/__cypress/runner/cypress_runner.js:149867:11)\n    at Object.throwErrByPath (http://localhost:34255/__cypress/runner/cypress_runner.js:149915:3)\n    at retry (http://localhost:34255/__cypress/runner/cypress_runner.js:144197:19)\n    at onFailFn (http://localhost:34255/__cypress/runner/cypress_runner.js:132448:16)\n    at tryCatcher (http://localhost:34255/__cypress/runner/cypress_runner.js:167415:23)\n    at Promise._settlePromiseFromHandler (http://localhost:34255/__cypress/runner/cypress_runner.js:165351:31)\n    at Promise._settlePromise (http://localhost:34255/__cypress/runner/cypress_runner.js:165408:18)\n    at Promise._settlePromise0 (http://localhost:34255/__cypress/runner/cypress_runner.js:165453:10)\n    at Promise._settlePromises (http://localhost:34255/__cypress/runner/cypress_runner.js:165528:18)\n    at Async../node_modules/bluebird/js/release/async.js.Async._drainQueue (http://localhost:34255/__cypress/runner/cypress_runner.js:162140:16)\n    at Async../node_modules/bluebird/js/release/async.js.Async._drainQueues (http://localhost:34255/__cypress/runner/cypress_runner.js:162150:10)\n    at Async.drainQueues (http://localhost:34255/__cypress/runner/cypress_runner.js:162024:14)",
                "diff": null
              },
              "uuid": "8d6202d0-3514-42cf-9f27-665d42274edf",
              "parentUUID": "add9da1f-0c7d-49d1-a1d2-0c1e25e6f161",
              "isHook": false,
              "skipped": false
            }
          ],
          "suites": [],
          "passes": [],
          "failures": [
            "d65b69e0-6ce0-46a2-a4f4-82e1930c8aa9",
            "ab29250a-b860-4c56-b4d4-6137520f6fd7",
            "8d6202d0-3514-42cf-9f27-665d42274edf"
          ],
          "pending": [],
          "skipped": [],
          "duration": 14058,
          "root": false,
          "rootEmpty": false,
          "_timeout": 2000
        },
        {
          "uuid": "a266f135-b26b-4e07-8a03-7d0abbf8fd6a",
          "title": "12 - Faça com que as cores da paleta sejam geradas aleatoriamente ao carregar a página.",
          "fullFile": "",
          "file": "",
          "beforeHooks": [],
          "afterHooks": [],
          "tests": [
            {
              "title": "Verifica se as cores geradas na paleta são diferentes a cada carregamento da página",
              "fullTitle": "12 - Faça com que as cores da paleta sejam geradas aleatoriamente ao carregar a página. Verifica se as cores geradas na paleta são diferentes a cada carregamento da página",
              "timedOut": null,
              "duration": 879,
              "state": "failed",
              "speed": null,
              "pass": false,
              "fail": true,
              "pending": false,
              "context": null,
              "code": "cy.get('.color').then(function (colors) {\n  var currentColors;\n  var previousColors;\n  previousColors = Array.from(colors).map(function (color) {\n    return Cypress.$(color).css('background-color');\n  });\n  for (var i = 0; i < 5; i += 1) {\n    cy.reload();\n    cy.get('.color').then(function (colors) {\n      currentColors = Array.from(colors).map(function (color) {\n        return Cypress.$(color).css('background-color');\n      });\n      expect(currentColors).not.to.deep.equal(previousColors);\n      previousColors = currentColors;\n    });\n  }\n});",
              "err": {
                "message": "AssertionError: expected [ Array(4) ] to not deeply equal [ Array(4) ]",
                "estack": "AssertionError: expected [ Array(4) ] to not deeply equal [ Array(4) ]\n    at getRet (http://localhost:34255/__cypress/runner/cypress_runner.js:136585:16)\n    at tryCatcher (http://localhost:34255/__cypress/runner/cypress_runner.js:167415:23)\n    at Function.Promise.attempt.Promise.try (http://localhost:34255/__cypress/runner/cypress_runner.js:164690:29)\n    at Context.thenFn (http://localhost:34255/__cypress/runner/cypress_runner.js:136599:23)\n    at Context.then (http://localhost:34255/__cypress/runner/cypress_runner.js:136971:21)\n    at Context.<anonymous> (http://localhost:34255/__cypress/runner/cypress_runner.js:148875:21)\n    at http://localhost:34255/__cypress/runner/cypress_runner.js:148351:33\n    at tryCatcher (http://localhost:34255/__cypress/runner/cypress_runner.js:167415:23)\n    at Promise._settlePromiseFromHandler (http://localhost:34255/__cypress/runner/cypress_runner.js:165351:31)\n    at Promise._settlePromise (http://localhost:34255/__cypress/runner/cypress_runner.js:165408:18)\n    at Promise._settlePromiseCtx (http://localhost:34255/__cypress/runner/cypress_runner.js:165445:10)\n    at Async../node_modules/bluebird/js/release/async.js.Async._drainQueue (http://localhost:34255/__cypress/runner/cypress_runner.js:162145:12)\n    at Async../node_modules/bluebird/js/release/async.js.Async._drainQueues (http://localhost:34255/__cypress/runner/cypress_runner.js:162150:10)\n    at Async.drainQueues (http://localhost:34255/__cypress/runner/cypress_runner.js:162024:14)",
                "diff": ""
              },
              "uuid": "c5ad56e4-2c8b-49a5-bfa5-42317dbf4727",
              "parentUUID": "a266f135-b26b-4e07-8a03-7d0abbf8fd6a",
              "isHook": false,
              "skipped": false
            },
            {
              "title": "Verifica se a cor preta ainda está presente e é a primeira na sua paleta de cores",
              "fullTitle": "12 - Faça com que as cores da paleta sejam geradas aleatoriamente ao carregar a página. Verifica se a cor preta ainda está presente e é a primeira na sua paleta de cores",
              "timedOut": null,
              "duration": 671,
              "state": "failed",
              "speed": null,
              "pass": false,
              "fail": true,
              "pending": false,
              "context": null,
              "code": "cy.get('.color').then(function (colors) {\n  var currentColors;\n  var previousColors;\n  previousColors = Array.from(colors).map(function (color) {\n    return Cypress.$(color).css('background-color');\n  });\n  expect(previousColors[0]).to.eq(BLACK);\n  for (var i = 0; i < 5; i += 1) {\n    cy.reload();\n    cy.get('.color').then(function (colors) {\n      currentColors = Array.from(colors).map(function (color) {\n        return Cypress.$(color).css('background-color');\n      });\n      expect(currentColors[0]).to.eq(BLACK);\n      expect(currentColors).not.to.deep.equal(previousColors);\n      previousColors = currentColors;\n    });\n  }\n});",
              "err": {
                "message": "AssertionError: expected [ Array(4) ] to not deeply equal [ Array(4) ]",
                "estack": "AssertionError: expected [ Array(4) ] to not deeply equal [ Array(4) ]\n    at getRet (http://localhost:34255/__cypress/runner/cypress_runner.js:136585:16)\n    at tryCatcher (http://localhost:34255/__cypress/runner/cypress_runner.js:167415:23)\n    at Function.Promise.attempt.Promise.try (http://localhost:34255/__cypress/runner/cypress_runner.js:164690:29)\n    at Context.thenFn (http://localhost:34255/__cypress/runner/cypress_runner.js:136599:23)\n    at Context.then (http://localhost:34255/__cypress/runner/cypress_runner.js:136971:21)\n    at Context.<anonymous> (http://localhost:34255/__cypress/runner/cypress_runner.js:148875:21)\n    at http://localhost:34255/__cypress/runner/cypress_runner.js:148351:33\n    at tryCatcher (http://localhost:34255/__cypress/runner/cypress_runner.js:167415:23)\n    at Promise._settlePromiseFromHandler (http://localhost:34255/__cypress/runner/cypress_runner.js:165351:31)\n    at Promise._settlePromise (http://localhost:34255/__cypress/runner/cypress_runner.js:165408:18)\n    at Promise._settlePromiseCtx (http://localhost:34255/__cypress/runner/cypress_runner.js:165445:10)\n    at Async../node_modules/bluebird/js/release/async.js.Async._drainQueue (http://localhost:34255/__cypress/runner/cypress_runner.js:162145:12)\n    at Async../node_modules/bluebird/js/release/async.js.Async._drainQueues (http://localhost:34255/__cypress/runner/cypress_runner.js:162150:10)\n    at Async.drainQueues (http://localhost:34255/__cypress/runner/cypress_runner.js:162024:14)",
                "diff": ""
              },
              "uuid": "c7987bb1-280e-4cdd-bc52-39099dbab494",
              "parentUUID": "a266f135-b26b-4e07-8a03-7d0abbf8fd6a",
              "isHook": false,
              "skipped": false
            }
          ],
          "suites": [],
          "passes": [],
          "failures": [
            "c5ad56e4-2c8b-49a5-bfa5-42317dbf4727",
            "c7987bb1-280e-4cdd-bc52-39099dbab494"
          ],
          "pending": [],
          "skipped": [],
          "duration": 1550,
          "root": false,
          "rootEmpty": false,
          "_timeout": 2000
        }
      ],
      "passes": [],
      "failures": [],
      "pending": [],
      "skipped": [],
      "duration": 0,
      "root": true,
      "rootEmpty": true,
      "_timeout": 2000
    }
  ],
  "meta": {
    "mocha": {
      "version": "7.0.1"
    },
    "mochawesome": {
      "options": {
        "quiet": false,
        "reportFilename": "mochawesome",
        "saveHtml": false,
        "saveJson": true,
        "consoleReporter": "spec",
        "useInlineDiffs": false
      },
      "version": "4.1.0"
    },
    "marge": {
      "options": {
        "id": "default",
        "reportDir": "cypress/reports",
        "overwrite": true,
        "html": false,
        "json": true
      },
      "version": "4.1.0"
    }
  }
}