{
  "stats": {
    "suites": 12,
    "tests": 41,
    "passes": 26,
    "pending": 0,
    "failures": 15,
    "start": "2021-07-10T00:27:54.833Z",
    "end": "2021-07-10T00:29:23.627Z",
    "duration": 88794,
    "testsRegistered": 41,
    "passPercent": 63.41463414634146,
    "pendingPercent": 0,
    "other": 0,
    "hasOther": false,
    "skipped": 0,
    "hasSkipped": false
  },
  "results": [
    {
      "uuid": "aa745ae6-5e1d-43c5-b647-9c0cee482193",
      "title": "",
      "fullFile": "cypress/integration/project.spec.js",
      "file": "cypress/integration/project.spec.js",
      "beforeHooks": [],
      "afterHooks": [],
      "tests": [],
      "suites": [
        {
          "uuid": "6dba394f-a6e9-43a9-ba99-67fa2cfc3995",
          "title": "1 - Adicione à página o título \"Paleta de Cores\".",
          "fullFile": "",
          "file": "",
          "beforeHooks": [],
          "afterHooks": [],
          "tests": [
            {
              "title": "Verifica se contém um elemento `h1` com o id `title` com o título correto",
              "fullTitle": "1 - Adicione à página o título \"Paleta de Cores\". Verifica se contém um elemento `h1` com o id `title` com o título correto",
              "timedOut": null,
              "duration": 419,
              "state": "passed",
              "speed": "slow",
              "pass": true,
              "fail": false,
              "pending": false,
              "context": null,
              "code": "cy.get('h1#title').should('contain.text', 'Paleta de Cores');",
              "err": {},
              "uuid": "245022fe-cb15-4782-a025-4722c29eb8fb",
              "parentUUID": "6dba394f-a6e9-43a9-ba99-67fa2cfc3995",
              "isHook": false,
              "skipped": false
            }
          ],
          "suites": [],
          "passes": [
            "245022fe-cb15-4782-a025-4722c29eb8fb"
          ],
          "failures": [],
          "pending": [],
          "skipped": [],
          "duration": 419,
          "root": false,
          "rootEmpty": false,
          "_timeout": 2000
        },
        {
          "uuid": "cdd9b072-0a7c-4452-b9de-27e4a0f8afb1",
          "title": "2 - Adicione à página uma paleta de quatro cores distintas.",
          "fullFile": "",
          "file": "",
          "beforeHooks": [],
          "afterHooks": [],
          "tests": [
            {
              "title": "A paleta de cores deve ser um elemento com `id` denominado `color-palette`",
              "fullTitle": "2 - Adicione à página uma paleta de quatro cores distintas. A paleta de cores deve ser um elemento com `id` denominado `color-palette`",
              "timedOut": null,
              "duration": 216,
              "state": "passed",
              "speed": "slow",
              "pass": true,
              "fail": false,
              "pending": false,
              "context": null,
              "code": "cy.get('#color-palette').should('be.visible');",
              "err": {},
              "uuid": "7f085cab-4b93-4c12-9857-b386b9bc60c9",
              "parentUUID": "cdd9b072-0a7c-4452-b9de-27e4a0f8afb1",
              "isHook": false,
              "skipped": false
            },
            {
              "title": "Verifica se cada cor individual da paleta de cores possui a `classe` chamada `color`.",
              "fullTitle": "2 - Adicione à página uma paleta de quatro cores distintas. Verifica se cada cor individual da paleta de cores possui a `classe` chamada `color`.",
              "timedOut": null,
              "duration": 327,
              "state": "passed",
              "speed": "slow",
              "pass": true,
              "fail": false,
              "pending": false,
              "context": null,
              "code": "cy.get('.color').should('have.length', 4).then(function (colors) {\n  for (var i = 0; i < colors.length; i++) {\n    cy.wrap(colors[i]).should('be.visible');\n  }\n});",
              "err": {},
              "uuid": "9e5bdae0-e026-4117-b797-25904ed085f4",
              "parentUUID": "cdd9b072-0a7c-4452-b9de-27e4a0f8afb1",
              "isHook": false,
              "skipped": false
            },
            {
              "title": "Verifica se a cor de fundo de cada elemento da paleta é a cor que o elemento representa. **A única cor não permitida na paleta é a cor branca.**",
              "fullTitle": "2 - Adicione à página uma paleta de quatro cores distintas. Verifica se a cor de fundo de cada elemento da paleta é a cor que o elemento representa. **A única cor não permitida na paleta é a cor branca.**",
              "timedOut": null,
              "duration": 331,
              "state": "passed",
              "speed": "slow",
              "pass": true,
              "fail": false,
              "pending": false,
              "context": null,
              "code": "cy.get('.color').each(function (color) {\n  cy.wrap(color).should('have.class', 'color').and('not.have.css', 'background-color', WHITE);\n  cy.wrap(color).should('have.css', 'background-color');\n});",
              "err": {},
              "uuid": "15742b00-309c-40e8-b564-68fd7a0dbfaa",
              "parentUUID": "cdd9b072-0a7c-4452-b9de-27e4a0f8afb1",
              "isHook": false,
              "skipped": false
            },
            {
              "title": "Verifica se cada elemento da paleta de cores tem uma borda preta, sólida e com 1 pixel de largura;",
              "fullTitle": "2 - Adicione à página uma paleta de quatro cores distintas. Verifica se cada elemento da paleta de cores tem uma borda preta, sólida e com 1 pixel de largura;",
              "timedOut": null,
              "duration": 233,
              "state": "passed",
              "speed": "slow",
              "pass": true,
              "fail": false,
              "pending": false,
              "context": null,
              "code": "cy.get('.color').each(function (color) {\n  cy.wrap(color).and('have.css', 'border', \"1px solid \".concat(BLACK)).and('have.class', 'color');\n});",
              "err": {},
              "uuid": "bf1b918b-10c0-47ab-91e3-43a9a971d024",
              "parentUUID": "cdd9b072-0a7c-4452-b9de-27e4a0f8afb1",
              "isHook": false,
              "skipped": false
            },
            {
              "title": "Verifica se a paleta lista todas as cores disponíveis para utilização, lado a lado.",
              "fullTitle": "2 - Adicione à página uma paleta de quatro cores distintas. Verifica se a paleta lista todas as cores disponíveis para utilização, lado a lado.",
              "timedOut": null,
              "duration": 138,
              "state": "passed",
              "speed": "slow",
              "pass": true,
              "fail": false,
              "pending": false,
              "context": null,
              "code": "cy.get('.color').then(function (colors) {\n  for (var index = 1; index < colors.length; index += 1) {\n    var currentColor = colors[index];\n    var previousColor = colors[index - 1];\n    cy.wrap(currentColor).should('be.onTheRightOf', previousColor).and('be.horizontallyAlignedWith', previousColor);\n  }\n});",
              "err": {},
              "uuid": "4b4b8436-d506-4321-8466-d5084a331d29",
              "parentUUID": "cdd9b072-0a7c-4452-b9de-27e4a0f8afb1",
              "isHook": false,
              "skipped": false
            },
            {
              "title": "Verifica se a paleta de cores está posicionada abaixo do título 'Paleta de Cores'",
              "fullTitle": "2 - Adicione à página uma paleta de quatro cores distintas. Verifica se a paleta de cores está posicionada abaixo do título 'Paleta de Cores'",
              "timedOut": null,
              "duration": 209,
              "state": "passed",
              "speed": "slow",
              "pass": true,
              "fail": false,
              "pending": false,
              "context": null,
              "code": "cy.get('h1#title').then(function (title) {\n  cy.get('#color-palette').should('be.belowOf', title);\n});",
              "err": {},
              "uuid": "ec94b2c2-a85e-42b7-9ed6-bb494b144cbd",
              "parentUUID": "cdd9b072-0a7c-4452-b9de-27e4a0f8afb1",
              "isHook": false,
              "skipped": false
            },
            {
              "title": "Verifica se a paleta de cores não contém cores repetidas.",
              "fullTitle": "2 - Adicione à página uma paleta de quatro cores distintas. Verifica se a paleta de cores não contém cores repetidas.",
              "timedOut": null,
              "duration": 150,
              "state": "passed",
              "speed": "slow",
              "pass": true,
              "fail": false,
              "pending": false,
              "context": null,
              "code": "cy.get('.color').then(function (colors) {\n  var allColors = Array.from(colors).map(function (color) {\n    return Cypress.$(color).css('background-color');\n  });\n  cy.log(allColors);\n  var uniqColors = (0, _toConsumableArray2[\"default\"])(new Set(allColors));\n  cy.log(uniqColors);\n  expect(allColors.length).to.eq(uniqColors.length);\n});",
              "err": {},
              "uuid": "d5a992c0-624f-463a-b1b4-b4a03d6b14fe",
              "parentUUID": "cdd9b072-0a7c-4452-b9de-27e4a0f8afb1",
              "isHook": false,
              "skipped": false
            }
          ],
          "suites": [],
          "passes": [
            "7f085cab-4b93-4c12-9857-b386b9bc60c9",
            "9e5bdae0-e026-4117-b797-25904ed085f4",
            "15742b00-309c-40e8-b564-68fd7a0dbfaa",
            "bf1b918b-10c0-47ab-91e3-43a9a971d024",
            "4b4b8436-d506-4321-8466-d5084a331d29",
            "ec94b2c2-a85e-42b7-9ed6-bb494b144cbd",
            "d5a992c0-624f-463a-b1b4-b4a03d6b14fe"
          ],
          "failures": [],
          "pending": [],
          "skipped": [],
          "duration": 1604,
          "root": false,
          "rootEmpty": false,
          "_timeout": 2000
        },
        {
          "uuid": "240c6143-785d-4ae7-968e-4d9c6d8c3022",
          "title": "3 - Adicione a cor **preta** como a primeira cor da paleta de cores.",
          "fullFile": "",
          "file": "",
          "beforeHooks": [],
          "afterHooks": [],
          "tests": [
            {
              "title": "Verifica se a primeira cor da paleta é preta",
              "fullTitle": "3 - Adicione a cor **preta** como a primeira cor da paleta de cores. Verifica se a primeira cor da paleta é preta",
              "timedOut": null,
              "duration": 202,
              "state": "passed",
              "speed": "slow",
              "pass": true,
              "fail": false,
              "pending": false,
              "context": null,
              "code": "cy.get('.color').first().should('have.css', 'background-color', BLACK);",
              "err": {},
              "uuid": "e2052cd0-e6f1-4d6a-a7b0-594dcdfa74d5",
              "parentUUID": "240c6143-785d-4ae7-968e-4d9c6d8c3022",
              "isHook": false,
              "skipped": false
            },
            {
              "title": "Verifica se as demais cores podem ser escolhidas livremente.",
              "fullTitle": "3 - Adicione a cor **preta** como a primeira cor da paleta de cores. Verifica se as demais cores podem ser escolhidas livremente.",
              "timedOut": null,
              "duration": 357,
              "state": "passed",
              "speed": "slow",
              "pass": true,
              "fail": false,
              "pending": false,
              "context": null,
              "code": "cy.get('.color').eq(1).should('not.have.css', 'background-color', BLACK);\ncy.get('.color').eq(1).should('not.have.css', 'background-color', WHITE);\ncy.get('.color').eq(1).should('not.have.css', 'background-color', 'rgba(0, 0, 0, 0)');\ncy.get('.color').eq(1).should('have.css', 'background-color');\ncy.get('.color').eq(2).should('not.have.css', 'background-color', BLACK);\ncy.get('.color').eq(2).should('not.have.css', 'background-color', WHITE);\ncy.get('.color').eq(2).should('not.have.css', 'background-color', 'rgba(0, 0, 0, 0)');\ncy.get('.color').eq(2).should('have.css', 'background-color');\ncy.get('.color').eq(3).should('not.have.css', 'background-color', BLACK);\ncy.get('.color').eq(3).should('not.have.css', 'background-color', WHITE);\ncy.get('.color').eq(3).should('not.have.css', 'background-color', 'rgba(0, 0, 0, 0)');\ncy.get('.color').eq(3).should('have.css', 'background-color');",
              "err": {},
              "uuid": "c188a2d1-0003-481b-b981-33a6164f442b",
              "parentUUID": "240c6143-785d-4ae7-968e-4d9c6d8c3022",
              "isHook": false,
              "skipped": false
            }
          ],
          "suites": [],
          "passes": [
            "e2052cd0-e6f1-4d6a-a7b0-594dcdfa74d5",
            "c188a2d1-0003-481b-b981-33a6164f442b"
          ],
          "failures": [],
          "pending": [],
          "skipped": [],
          "duration": 559,
          "root": false,
          "rootEmpty": false,
          "_timeout": 2000
        },
        {
          "uuid": "2ab59e7a-202b-4ba7-b48c-eee7bd45c23c",
          "title": "4 - Adicione à página um quadro de pixels, com 25 pixels.",
          "fullFile": "",
          "file": "",
          "beforeHooks": [],
          "afterHooks": [],
          "tests": [
            {
              "title": "Verifica se o quadro de pixels possui o `id` denominado `pixel-board`",
              "fullTitle": "4 - Adicione à página um quadro de pixels, com 25 pixels. Verifica se o quadro de pixels possui o `id` denominado `pixel-board`",
              "timedOut": null,
              "duration": 215,
              "state": "passed",
              "speed": "slow",
              "pass": true,
              "fail": false,
              "pending": false,
              "context": null,
              "code": "cy.get('#pixel-board').should('be.visible');",
              "err": {},
              "uuid": "e957bd9e-98d2-4515-99d6-70de5d7beeaa",
              "parentUUID": "2ab59e7a-202b-4ba7-b48c-eee7bd45c23c",
              "isHook": false,
              "skipped": false
            },
            {
              "title": "Verifica se cada pixel individual dentro do quadro possui a `classe` denominada `pixel`.",
              "fullTitle": "4 - Adicione à página um quadro de pixels, com 25 pixels. Verifica se cada pixel individual dentro do quadro possui a `classe` denominada `pixel`.",
              "timedOut": null,
              "duration": 163,
              "state": "passed",
              "speed": "slow",
              "pass": true,
              "fail": false,
              "pending": false,
              "context": null,
              "code": "cy.get('.pixel').should('have.length', 25);",
              "err": {},
              "uuid": "2be0fd5d-dd0d-4693-b5fb-26afdc222f8f",
              "parentUUID": "2ab59e7a-202b-4ba7-b48c-eee7bd45c23c",
              "isHook": false,
              "skipped": false
            },
            {
              "title": "Verifica se a cor inicial dos pixels dentro do quadro, ao abrir a página, é branca.",
              "fullTitle": "4 - Adicione à página um quadro de pixels, com 25 pixels. Verifica se a cor inicial dos pixels dentro do quadro, ao abrir a página, é branca.",
              "timedOut": null,
              "duration": 315,
              "state": "passed",
              "speed": "slow",
              "pass": true,
              "fail": false,
              "pending": false,
              "context": null,
              "code": "cy.get('.pixel').should('have.length', 25).each(function (pixel) {\n  expect(pixel).to.have.css('background-color', WHITE);\n});",
              "err": {},
              "uuid": "347dfc90-a00c-44ff-990d-663f09b47a3c",
              "parentUUID": "2ab59e7a-202b-4ba7-b48c-eee7bd45c23c",
              "isHook": false,
              "skipped": false
            },
            {
              "title": "Verifica se o quadro de pixels aparece abaixo da paleta de cores",
              "fullTitle": "4 - Adicione à página um quadro de pixels, com 25 pixels. Verifica se o quadro de pixels aparece abaixo da paleta de cores",
              "timedOut": null,
              "duration": 276,
              "state": "passed",
              "speed": "slow",
              "pass": true,
              "fail": false,
              "pending": false,
              "context": null,
              "code": "cy.get('#color-palette').then(function (palette) {\n  cy.get('#pixel-board').should('be.belowOf', palette);\n});",
              "err": {},
              "uuid": "579325ec-6c70-4d77-9a84-81aa0ce81561",
              "parentUUID": "2ab59e7a-202b-4ba7-b48c-eee7bd45c23c",
              "isHook": false,
              "skipped": false
            }
          ],
          "suites": [],
          "passes": [
            "e957bd9e-98d2-4515-99d6-70de5d7beeaa",
            "2be0fd5d-dd0d-4693-b5fb-26afdc222f8f",
            "347dfc90-a00c-44ff-990d-663f09b47a3c",
            "579325ec-6c70-4d77-9a84-81aa0ce81561"
          ],
          "failures": [],
          "pending": [],
          "skipped": [],
          "duration": 969,
          "root": false,
          "rootEmpty": false,
          "_timeout": 2000
        },
        {
          "uuid": "314d9938-c15b-41ae-93c6-99e8a5aed1a9",
          "title": "5 - Faça com que cada elemento do quadro de pixels possua 40 pixels de largura, 40 pixels de altura e seja delimitado por uma borda preta de 1 pixel.",
          "fullFile": "",
          "file": "",
          "beforeHooks": [],
          "afterHooks": [],
          "tests": [
            {
              "title": "Verifica se o quadro de pixels tem altura e comprimento de 5 elementos",
              "fullTitle": "5 - Faça com que cada elemento do quadro de pixels possua 40 pixels de largura, 40 pixels de altura e seja delimitado por uma borda preta de 1 pixel. Verifica se o quadro de pixels tem altura e comprimento de 5 elementos",
              "timedOut": null,
              "duration": 483,
              "state": "passed",
              "speed": "slow",
              "pass": true,
              "fail": false,
              "pending": false,
              "context": null,
              "code": "cy.get('.pixel').should('have.length', 25).each(function (pixel) {\n  expect(pixel).to.have.css('background-color', WHITE);\n}).and(function (pixels) {\n  var rows = chunk(pixels, 5);\n  rows.forEach(function (row) {\n    for (var index = 1; index < row.length; index += 1) {\n      var current = pixels[index];\n      var previous = pixels[index - 1];\n      cy.wrap(current).should('be.onTheRightOf', previous).and('be.horizontallyAlignedWith', previous);\n    }\n  });\n  for (var index = 1; index < 5; index += 1) {\n    expect(pixels[index * 5]).to.be.belowOf(pixels[(index - 1) * 5]);\n  }\n});",
              "err": {},
              "uuid": "433164e6-3513-4769-b906-18cff44addaa",
              "parentUUID": "314d9938-c15b-41ae-93c6-99e8a5aed1a9",
              "isHook": false,
              "skipped": false
            },
            {
              "title": "Verifica se 40 pixels é o tamanho total do elemento, incluindo seu conteúdo e excluindo a borda preta, que deve ser criada à parte.",
              "fullTitle": "5 - Faça com que cada elemento do quadro de pixels possua 40 pixels de largura, 40 pixels de altura e seja delimitado por uma borda preta de 1 pixel. Verifica se 40 pixels é o tamanho total do elemento, incluindo seu conteúdo e excluindo a borda preta, que deve ser criada à parte.",
              "timedOut": null,
              "duration": 479,
              "state": "passed",
              "speed": "slow",
              "pass": true,
              "fail": false,
              "pending": false,
              "context": null,
              "code": "cy.get('.pixel').each(function (pixel) {\n  cy.wrap(pixel).should('have.css', 'height', '40px').and('have.css', 'width', '40px').and('have.css', 'border', \"1px solid \".concat(BLACK));\n});",
              "err": {},
              "uuid": "7dad8271-b031-4e0a-b10c-f76f7173a9fe",
              "parentUUID": "314d9938-c15b-41ae-93c6-99e8a5aed1a9",
              "isHook": false,
              "skipped": false
            }
          ],
          "suites": [],
          "passes": [
            "433164e6-3513-4769-b906-18cff44addaa",
            "7dad8271-b031-4e0a-b10c-f76f7173a9fe"
          ],
          "failures": [],
          "pending": [],
          "skipped": [],
          "duration": 962,
          "root": false,
          "rootEmpty": false,
          "_timeout": 2000
        },
        {
          "uuid": "7d066a3c-b93f-49ca-a0c1-8c64f0e1a027",
          "title": "6 - Defina a cor preta como cor inicial. Ao carregar a página a cor preta já deve estar selecionada para pintar os pixels",
          "fullFile": "",
          "file": "",
          "beforeHooks": [],
          "afterHooks": [],
          "tests": [
            {
              "title": "Verifica se o elemento da cor preta possui, inicialmente, a `classe` `selected`",
              "fullTitle": "6 - Defina a cor preta como cor inicial. Ao carregar a página a cor preta já deve estar selecionada para pintar os pixels Verifica se o elemento da cor preta possui, inicialmente, a `classe` `selected`",
              "timedOut": null,
              "duration": 207,
              "state": "passed",
              "speed": "slow",
              "pass": true,
              "fail": false,
              "pending": false,
              "context": null,
              "code": "cy.get('.selected').first().should('have.css', 'background-color', BLACK);",
              "err": {},
              "uuid": "df0331dc-279b-4164-bc59-0f2dd03edb27",
              "parentUUID": "7d066a3c-b93f-49ca-a0c1-8c64f0e1a027",
              "isHook": false,
              "skipped": false
            },
            {
              "title": "Verifica se nenhuma outra cor da paleta tem a `classe` `selected`",
              "fullTitle": "6 - Defina a cor preta como cor inicial. Ao carregar a página a cor preta já deve estar selecionada para pintar os pixels Verifica se nenhuma outra cor da paleta tem a `classe` `selected`",
              "timedOut": null,
              "duration": 144,
              "state": "passed",
              "speed": "slow",
              "pass": true,
              "fail": false,
              "pending": false,
              "context": null,
              "code": "cy.get('.color:not(:first-child)').each(function (color) {\n  cy.wrap(color).should('not.have.class', 'selected');\n});",
              "err": {},
              "uuid": "5d01db96-b2c8-4fc3-823e-0b04cfcc27c3",
              "parentUUID": "7d066a3c-b93f-49ca-a0c1-8c64f0e1a027",
              "isHook": false,
              "skipped": false
            }
          ],
          "suites": [],
          "passes": [
            "df0331dc-279b-4164-bc59-0f2dd03edb27",
            "5d01db96-b2c8-4fc3-823e-0b04cfcc27c3"
          ],
          "failures": [],
          "pending": [],
          "skipped": [],
          "duration": 351,
          "root": false,
          "rootEmpty": false,
          "_timeout": 2000
        },
        {
          "uuid": "e5896c53-2fe9-4e4f-a627-409827b50f67",
          "title": "7 - Clicar em uma das cores da paleta, faz com que ela seja selecionada e utilizada para preencher os pixels no quadro.",
          "fullFile": "",
          "file": "",
          "beforeHooks": [],
          "afterHooks": [],
          "tests": [
            {
              "title": "Verifica se somente uma cor da paleta de cores tem a classe `selected` de cada vez",
              "fullTitle": "7 - Clicar em uma das cores da paleta, faz com que ela seja selecionada e utilizada para preencher os pixels no quadro. Verifica se somente uma cor da paleta de cores tem a classe `selected` de cada vez",
              "timedOut": null,
              "duration": 660,
              "state": "passed",
              "speed": "slow",
              "pass": true,
              "fail": false,
              "pending": false,
              "context": null,
              "code": "cy.get('.color').each(function (selectedColor, selectedColorIndex) {\n  cy.wrap(selectedColor).click();\n  cy.get('.color').each(function (color, colorIndex) {\n    if (colorIndex === selectedColorIndex) {\n      expect(color).to.have[\"class\"]('selected');\n    } else {\n      expect(color).not.to.have[\"class\"]('selected');\n    }\n  });\n});",
              "err": {},
              "uuid": "746c6b01-d267-42da-bf32-e75ae5ace1e6",
              "parentUUID": "e5896c53-2fe9-4e4f-a627-409827b50f67",
              "isHook": false,
              "skipped": false
            },
            {
              "title": "Verifica se os pixels dentro do quadro não têm a classe `selected` quando são clicados",
              "fullTitle": "7 - Clicar em uma das cores da paleta, faz com que ela seja selecionada e utilizada para preencher os pixels no quadro. Verifica se os pixels dentro do quadro não têm a classe `selected` quando são clicados",
              "timedOut": null,
              "duration": 10202,
              "state": "passed",
              "speed": "slow",
              "pass": true,
              "fail": false,
              "pending": false,
              "context": null,
              "code": "cy.get('.color').each(function (color) {\n  var backgroundColor = color.css('background-color');\n  cy.wrap(color).click();\n  cy.get('.pixel').each(function (pixel) {\n    cy.wrap(pixel).click().should('not.have.class', 'selected');\n  });\n});",
              "err": {},
              "uuid": "29c1edea-6573-44a2-9608-9ff4bc34bbaf",
              "parentUUID": "e5896c53-2fe9-4e4f-a627-409827b50f67",
              "isHook": false,
              "skipped": false
            }
          ],
          "suites": [],
          "passes": [
            "746c6b01-d267-42da-bf32-e75ae5ace1e6",
            "29c1edea-6573-44a2-9608-9ff4bc34bbaf"
          ],
          "failures": [],
          "pending": [],
          "skipped": [],
          "duration": 10862,
          "root": false,
          "rootEmpty": false,
          "_timeout": 2000
        },
        {
          "uuid": "f5255c76-aadd-4861-861b-bab4df569940",
          "title": "8 - Clicar em um pixel dentro do quadro após selecionar uma cor na paleta, faz com que o pixel seja preenchido com a cor selecionada.",
          "fullFile": "",
          "file": "",
          "beforeHooks": [],
          "afterHooks": [],
          "tests": [
            {
              "title": "Verifica se ao carregar a página deve ser possível pintar os pixels de preto",
              "fullTitle": "8 - Clicar em um pixel dentro do quadro após selecionar uma cor na paleta, faz com que o pixel seja preenchido com a cor selecionada. Verifica se ao carregar a página deve ser possível pintar os pixels de preto",
              "timedOut": null,
              "duration": 4707,
              "state": "failed",
              "speed": null,
              "pass": false,
              "fail": true,
              "pending": false,
              "context": null,
              "code": "cy.get('.pixel').each(function (pixel) {\n  cy.wrap(pixel).click().should('have.css', 'background-color', BLACK);\n});",
              "err": {
                "message": "CypressError: Timed out retrying: expected '<td.pixel>' to have CSS property 'background-color' with the value 'rgb(0, 0, 0)', but the value was 'rgb(255, 255, 255)'",
                "estack": "CypressError: Timed out retrying: expected '<td.pixel>' to have CSS property 'background-color' with the value 'rgb(0, 0, 0)', but the value was 'rgb(255, 255, 255)'\n    at cypressErr (http://localhost:38571/__cypress/runner/cypress_runner.js:149934:9)\n    at throwErr (http://localhost:38571/__cypress/runner/cypress_runner.js:149867:11)\n    at Object.throwErrByPath (http://localhost:38571/__cypress/runner/cypress_runner.js:149915:3)\n    at retry (http://localhost:38571/__cypress/runner/cypress_runner.js:144197:19)\n    at onFailFn (http://localhost:38571/__cypress/runner/cypress_runner.js:132448:16)\n    at tryCatcher (http://localhost:38571/__cypress/runner/cypress_runner.js:167415:23)\n    at Promise._settlePromiseFromHandler (http://localhost:38571/__cypress/runner/cypress_runner.js:165351:31)\n    at Promise._settlePromise (http://localhost:38571/__cypress/runner/cypress_runner.js:165408:18)\n    at Promise._settlePromise0 (http://localhost:38571/__cypress/runner/cypress_runner.js:165453:10)\n    at Promise._settlePromises (http://localhost:38571/__cypress/runner/cypress_runner.js:165528:18)\n    at Async../node_modules/bluebird/js/release/async.js.Async._drainQueue (http://localhost:38571/__cypress/runner/cypress_runner.js:162140:16)\n    at Async../node_modules/bluebird/js/release/async.js.Async._drainQueues (http://localhost:38571/__cypress/runner/cypress_runner.js:162150:10)\n    at Async.drainQueues (http://localhost:38571/__cypress/runner/cypress_runner.js:162024:14)",
                "diff": null
              },
              "uuid": "f2e381b2-d37f-4435-acaf-ec2c6216848d",
              "parentUUID": "f5255c76-aadd-4861-861b-bab4df569940",
              "isHook": false,
              "skipped": false
            },
            {
              "title": "Verifica se após selecionar uma outra cor na paleta, é possível pintar os pixels com essa cor",
              "fullTitle": "8 - Clicar em um pixel dentro do quadro após selecionar uma cor na paleta, faz com que o pixel seja preenchido com a cor selecionada. Verifica se após selecionar uma outra cor na paleta, é possível pintar os pixels com essa cor",
              "timedOut": null,
              "duration": 4755,
              "state": "failed",
              "speed": null,
              "pass": false,
              "fail": true,
              "pending": false,
              "context": null,
              "code": "cy.get('.color').each(function (color) {\n  var backgroundColor = color.css('background-color');\n  cy.wrap(color).click();\n  cy.get('.pixel').each(function (pixel) {\n    cy.wrap(pixel).click().should('have.css', 'background-color', backgroundColor);\n  });\n});",
              "err": {
                "message": "CypressError: Timed out retrying: expected '<td.pixel>' to have CSS property 'background-color' with the value 'rgb(0, 0, 0)', but the value was 'rgb(255, 255, 255)'",
                "estack": "CypressError: Timed out retrying: expected '<td.pixel>' to have CSS property 'background-color' with the value 'rgb(0, 0, 0)', but the value was 'rgb(255, 255, 255)'\n    at cypressErr (http://localhost:38571/__cypress/runner/cypress_runner.js:149934:9)\n    at throwErr (http://localhost:38571/__cypress/runner/cypress_runner.js:149867:11)\n    at Object.throwErrByPath (http://localhost:38571/__cypress/runner/cypress_runner.js:149915:3)\n    at retry (http://localhost:38571/__cypress/runner/cypress_runner.js:144197:19)\n    at onFailFn (http://localhost:38571/__cypress/runner/cypress_runner.js:132448:16)\n    at tryCatcher (http://localhost:38571/__cypress/runner/cypress_runner.js:167415:23)\n    at Promise._settlePromiseFromHandler (http://localhost:38571/__cypress/runner/cypress_runner.js:165351:31)\n    at Promise._settlePromise (http://localhost:38571/__cypress/runner/cypress_runner.js:165408:18)\n    at Promise._settlePromise0 (http://localhost:38571/__cypress/runner/cypress_runner.js:165453:10)\n    at Promise._settlePromises (http://localhost:38571/__cypress/runner/cypress_runner.js:165528:18)\n    at Async../node_modules/bluebird/js/release/async.js.Async._drainQueue (http://localhost:38571/__cypress/runner/cypress_runner.js:162140:16)\n    at Async../node_modules/bluebird/js/release/async.js.Async._drainQueues (http://localhost:38571/__cypress/runner/cypress_runner.js:162150:10)\n    at Async.drainQueues (http://localhost:38571/__cypress/runner/cypress_runner.js:162024:14)",
                "diff": null
              },
              "uuid": "cee1aaa5-a7a6-4e6f-96eb-4aea78dc3363",
              "parentUUID": "f5255c76-aadd-4861-861b-bab4df569940",
              "isHook": false,
              "skipped": false
            },
            {
              "title": "Verifica se somente o pixel que foi clicado foi preenchido com a cor selecionada, sem influenciar na cor dos demais pixels.",
              "fullTitle": "8 - Clicar em um pixel dentro do quadro após selecionar uma cor na paleta, faz com que o pixel seja preenchido com a cor selecionada. Verifica se somente o pixel que foi clicado foi preenchido com a cor selecionada, sem influenciar na cor dos demais pixels.",
              "timedOut": null,
              "duration": 1821,
              "state": "passed",
              "speed": "slow",
              "pass": true,
              "fail": false,
              "pending": false,
              "context": null,
              "code": "var colorToPixelIndexMap = {\n  0: 6,\n  1: 8,\n  2: 16,\n  3: 18\n};\ncy.get('.color').each(function (color, index) {\n  cy.wrap(color).click();\n  var backgroundColor = color.css('background-color');\n  var clickedPixelIndex = colorToPixelIndexMap[index];\n  cy.get('.pixel').eq(clickedPixelIndex).click();\n  cy.get('.pixel').eq(clickedPixelIndex - 1).should('not.have.css', 'background-color', backgroundColor);\n  cy.get('.pixel').eq(clickedPixelIndex + 1).should('not.have.css', 'background-color', backgroundColor);\n  cy.get('.pixel').eq(clickedPixelIndex - 5).should('not.have.css', 'background-color', backgroundColor);\n  cy.get('.pixel').eq(clickedPixelIndex + 5).should('not.have.css', 'background-color', backgroundColor);\n  cy.get('.pixel').eq(clickedPixelIndex - 6).should('not.have.css', 'background-color', backgroundColor);\n  cy.get('.pixel').eq(clickedPixelIndex - 4).should('not.have.css', 'background-color', backgroundColor);\n  cy.get('.pixel').eq(clickedPixelIndex + 4).should('not.have.css', 'background-color', backgroundColor);\n  cy.get('.pixel').eq(clickedPixelIndex + 6).should('not.have.css', 'background-color', backgroundColor);\n});",
              "err": {},
              "uuid": "aeaa2c27-d1d3-41a8-b365-a03d8b3c08b8",
              "parentUUID": "f5255c76-aadd-4861-861b-bab4df569940",
              "isHook": false,
              "skipped": false
            }
          ],
          "suites": [],
          "passes": [
            "aeaa2c27-d1d3-41a8-b365-a03d8b3c08b8"
          ],
          "failures": [
            "f2e381b2-d37f-4435-acaf-ec2c6216848d",
            "cee1aaa5-a7a6-4e6f-96eb-4aea78dc3363"
          ],
          "pending": [],
          "skipped": [],
          "duration": 11283,
          "root": false,
          "rootEmpty": false,
          "_timeout": 2000
        },
        {
          "uuid": "16767afb-62bb-4307-89bb-1a1c6be4bc2f",
          "title": "9 - Crie um botão que, ao ser clicado, limpa o quadro preenchendo a cor de todos seus pixels com branco.",
          "fullFile": "",
          "file": "",
          "beforeHooks": [],
          "afterHooks": [],
          "tests": [
            {
              "title": "Verifica se o botão tem o `id` denominado `clear-board`",
              "fullTitle": "9 - Crie um botão que, ao ser clicado, limpa o quadro preenchendo a cor de todos seus pixels com branco. Verifica se o botão tem o `id` denominado `clear-board`",
              "timedOut": null,
              "duration": 254,
              "state": "passed",
              "speed": "slow",
              "pass": true,
              "fail": false,
              "pending": false,
              "context": null,
              "code": "cy.get('#clear-board').should('be.visible');",
              "err": {},
              "uuid": "010cecf9-9d6b-48cd-8732-25cc48409545",
              "parentUUID": "16767afb-62bb-4307-89bb-1a1c6be4bc2f",
              "isHook": false,
              "skipped": false
            },
            {
              "title": "Verifica se o botão está posicionado entre a paleta de cores e o quadro de pixels",
              "fullTitle": "9 - Crie um botão que, ao ser clicado, limpa o quadro preenchendo a cor de todos seus pixels com branco. Verifica se o botão está posicionado entre a paleta de cores e o quadro de pixels",
              "timedOut": null,
              "duration": 137,
              "state": "passed",
              "speed": "slow",
              "pass": true,
              "fail": false,
              "pending": false,
              "context": null,
              "code": "cy.get('#color-palette').then(function (palette) {\n  cy.get('#clear-board').should('be.belowOf', palette);\n});\ncy.get('#clear-board').then(function (clearBtn) {\n  cy.get('#pixel-board').should('be.belowOf', clearBtn);\n});",
              "err": {},
              "uuid": "250d7513-96be-4cad-9656-5cc74e985fa9",
              "parentUUID": "16767afb-62bb-4307-89bb-1a1c6be4bc2f",
              "isHook": false,
              "skipped": false
            },
            {
              "title": "Verifica se o texto do botão é 'Limpar'",
              "fullTitle": "9 - Crie um botão que, ao ser clicado, limpa o quadro preenchendo a cor de todos seus pixels com branco. Verifica se o texto do botão é 'Limpar'",
              "timedOut": null,
              "duration": 101,
              "state": "passed",
              "speed": "slow",
              "pass": true,
              "fail": false,
              "pending": false,
              "context": null,
              "code": "cy.get('#clear-board').should('contain.text', 'Limpar');",
              "err": {},
              "uuid": "7acd6ad9-0ef6-4014-a550-5bba9065580d",
              "parentUUID": "16767afb-62bb-4307-89bb-1a1c6be4bc2f",
              "isHook": false,
              "skipped": false
            },
            {
              "title": "Verifica se ao clicar no botão, o quadro de pixels é totalmente preenchido de branco",
              "fullTitle": "9 - Crie um botão que, ao ser clicado, limpa o quadro preenchendo a cor de todos seus pixels com branco. Verifica se ao clicar no botão, o quadro de pixels é totalmente preenchido de branco",
              "timedOut": null,
              "duration": 4565,
              "state": "failed",
              "speed": null,
              "pass": false,
              "fail": true,
              "pending": false,
              "context": null,
              "code": "cy.get('.color').eq(1).then(function (color) {\n  var backgroundColor = color.css('background-color');\n  cy.wrap(color).click();\n  cy.get('.pixel').each(function (pixel) {\n    cy.wrap(pixel).click().should('have.css', 'background-color', backgroundColor);\n  });\n});\ncy.get('#clear-board').click();\ncy.get('.pixel').each(function (pixel) {\n  cy.wrap(pixel).should('have.css', 'background-color', WHITE);\n});",
              "err": {
                "message": "CypressError: Timed out retrying: expected '<td.pixel>' to have CSS property 'background-color' with the value 'rgb(25, 150, 163)', but the value was 'rgb(255, 255, 255)'",
                "estack": "CypressError: Timed out retrying: expected '<td.pixel>' to have CSS property 'background-color' with the value 'rgb(25, 150, 163)', but the value was 'rgb(255, 255, 255)'\n    at cypressErr (http://localhost:38571/__cypress/runner/cypress_runner.js:149934:9)\n    at throwErr (http://localhost:38571/__cypress/runner/cypress_runner.js:149867:11)\n    at Object.throwErrByPath (http://localhost:38571/__cypress/runner/cypress_runner.js:149915:3)\n    at retry (http://localhost:38571/__cypress/runner/cypress_runner.js:144197:19)\n    at onFailFn (http://localhost:38571/__cypress/runner/cypress_runner.js:132448:16)\n    at tryCatcher (http://localhost:38571/__cypress/runner/cypress_runner.js:167415:23)\n    at Promise._settlePromiseFromHandler (http://localhost:38571/__cypress/runner/cypress_runner.js:165351:31)\n    at Promise._settlePromise (http://localhost:38571/__cypress/runner/cypress_runner.js:165408:18)\n    at Promise._settlePromise0 (http://localhost:38571/__cypress/runner/cypress_runner.js:165453:10)\n    at Promise._settlePromises (http://localhost:38571/__cypress/runner/cypress_runner.js:165528:18)\n    at Async../node_modules/bluebird/js/release/async.js.Async._drainQueue (http://localhost:38571/__cypress/runner/cypress_runner.js:162140:16)\n    at Async../node_modules/bluebird/js/release/async.js.Async._drainQueues (http://localhost:38571/__cypress/runner/cypress_runner.js:162150:10)\n    at Async.drainQueues (http://localhost:38571/__cypress/runner/cypress_runner.js:162024:14)",
                "diff": null
              },
              "uuid": "500b51c9-2de2-45ae-ae76-e1de77f10ad1",
              "parentUUID": "16767afb-62bb-4307-89bb-1a1c6be4bc2f",
              "isHook": false,
              "skipped": false
            }
          ],
          "suites": [],
          "passes": [
            "010cecf9-9d6b-48cd-8732-25cc48409545",
            "250d7513-96be-4cad-9656-5cc74e985fa9",
            "7acd6ad9-0ef6-4014-a550-5bba9065580d"
          ],
          "failures": [
            "500b51c9-2de2-45ae-ae76-e1de77f10ad1"
          ],
          "pending": [],
          "skipped": [],
          "duration": 5057,
          "root": false,
          "rootEmpty": false,
          "_timeout": 2000
        },
        {
          "uuid": "e9f72701-27ec-4709-82be-46e8aad41cdb",
          "title": "10 - Faça o quadro de pixels ter seu tamanho definido pelo usuário.",
          "fullFile": "",
          "file": "",
          "beforeHooks": [],
          "afterHooks": [],
          "tests": [
            {
              "title": "Verifica se existe um input com o id `board-size`",
              "fullTitle": "10 - Faça o quadro de pixels ter seu tamanho definido pelo usuário. Verifica se existe um input com o id `board-size`",
              "timedOut": null,
              "duration": 4477,
              "state": "failed",
              "speed": null,
              "pass": false,
              "fail": true,
              "pending": false,
              "context": null,
              "code": "cy.get('#board-size').should('be.visible');",
              "err": {
                "message": "CypressError: Timed out retrying: Expected to find element: '#board-size', but never found it.",
                "estack": "CypressError: Timed out retrying: Expected to find element: '#board-size', but never found it.\n    at cypressErr (http://localhost:38571/__cypress/runner/cypress_runner.js:149934:9)\n    at throwErr (http://localhost:38571/__cypress/runner/cypress_runner.js:149867:11)\n    at Object.throwErrByPath (http://localhost:38571/__cypress/runner/cypress_runner.js:149915:3)\n    at retry (http://localhost:38571/__cypress/runner/cypress_runner.js:144197:19)\n    at onFailFn (http://localhost:38571/__cypress/runner/cypress_runner.js:132448:16)\n    at tryCatcher (http://localhost:38571/__cypress/runner/cypress_runner.js:167415:23)\n    at Promise._settlePromiseFromHandler (http://localhost:38571/__cypress/runner/cypress_runner.js:165351:31)\n    at Promise._settlePromise (http://localhost:38571/__cypress/runner/cypress_runner.js:165408:18)\n    at Promise._settlePromise0 (http://localhost:38571/__cypress/runner/cypress_runner.js:165453:10)\n    at Promise._settlePromises (http://localhost:38571/__cypress/runner/cypress_runner.js:165528:18)\n    at Async../node_modules/bluebird/js/release/async.js.Async._drainQueue (http://localhost:38571/__cypress/runner/cypress_runner.js:162140:16)\n    at Async../node_modules/bluebird/js/release/async.js.Async._drainQueues (http://localhost:38571/__cypress/runner/cypress_runner.js:162150:10)\n    at Async.drainQueues (http://localhost:38571/__cypress/runner/cypress_runner.js:162024:14)",
                "diff": null
              },
              "uuid": "888b0efa-82f9-44c2-87a4-dc0569317399",
              "parentUUID": "e9f72701-27ec-4709-82be-46e8aad41cdb",
              "isHook": false,
              "skipped": false
            },
            {
              "title": "Verifica se existe um botão com o id `generate-board`",
              "fullTitle": "10 - Faça o quadro de pixels ter seu tamanho definido pelo usuário. Verifica se existe um botão com o id `generate-board`",
              "timedOut": null,
              "duration": 4412,
              "state": "failed",
              "speed": null,
              "pass": false,
              "fail": true,
              "pending": false,
              "context": null,
              "code": "cy.get('#generate-board').should('be.visible');",
              "err": {
                "message": "CypressError: Timed out retrying: Expected to find element: '#generate-board', but never found it.",
                "estack": "CypressError: Timed out retrying: Expected to find element: '#generate-board', but never found it.\n    at cypressErr (http://localhost:38571/__cypress/runner/cypress_runner.js:149934:9)\n    at throwErr (http://localhost:38571/__cypress/runner/cypress_runner.js:149867:11)\n    at Object.throwErrByPath (http://localhost:38571/__cypress/runner/cypress_runner.js:149915:3)\n    at retry (http://localhost:38571/__cypress/runner/cypress_runner.js:144197:19)\n    at onFailFn (http://localhost:38571/__cypress/runner/cypress_runner.js:132448:16)\n    at tryCatcher (http://localhost:38571/__cypress/runner/cypress_runner.js:167415:23)\n    at Promise._settlePromiseFromHandler (http://localhost:38571/__cypress/runner/cypress_runner.js:165351:31)\n    at Promise._settlePromise (http://localhost:38571/__cypress/runner/cypress_runner.js:165408:18)\n    at Promise._settlePromise0 (http://localhost:38571/__cypress/runner/cypress_runner.js:165453:10)\n    at Promise._settlePromises (http://localhost:38571/__cypress/runner/cypress_runner.js:165528:18)\n    at Async../node_modules/bluebird/js/release/async.js.Async._drainQueue (http://localhost:38571/__cypress/runner/cypress_runner.js:162140:16)\n    at Async../node_modules/bluebird/js/release/async.js.Async._drainQueues (http://localhost:38571/__cypress/runner/cypress_runner.js:162150:10)\n    at Async.drainQueues (http://localhost:38571/__cypress/runner/cypress_runner.js:162024:14)",
                "diff": null
              },
              "uuid": "1bbb9266-2f27-4cc8-ae96-9be481a401a4",
              "parentUUID": "e9f72701-27ec-4709-82be-46e8aad41cdb",
              "isHook": false,
              "skipped": false
            },
            {
              "title": "Verifica se o input só aceita número maiores que zero. Essa restrição deve ser feita usando os atributos do elemento `input`",
              "fullTitle": "10 - Faça o quadro de pixels ter seu tamanho definido pelo usuário. Verifica se o input só aceita número maiores que zero. Essa restrição deve ser feita usando os atributos do elemento `input`",
              "timedOut": null,
              "duration": 4481,
              "state": "failed",
              "speed": null,
              "pass": false,
              "fail": true,
              "pending": false,
              "context": null,
              "code": "cy.get('#board-size[type=\\'number\\'][min=\\'1\\']');",
              "err": {
                "message": "CypressError: Timed out retrying: Expected to find element: '#board-size[type='number'][min='1']', but never found it.",
                "estack": "CypressError: Timed out retrying: Expected to find element: '#board-size[type='number'][min='1']', but never found it.\n    at cypressErr (http://localhost:38571/__cypress/runner/cypress_runner.js:149934:9)\n    at throwErr (http://localhost:38571/__cypress/runner/cypress_runner.js:149867:11)\n    at Object.throwErrByPath (http://localhost:38571/__cypress/runner/cypress_runner.js:149915:3)\n    at retry (http://localhost:38571/__cypress/runner/cypress_runner.js:144197:19)\n    at onFailFn (http://localhost:38571/__cypress/runner/cypress_runner.js:132448:16)\n    at tryCatcher (http://localhost:38571/__cypress/runner/cypress_runner.js:167415:23)\n    at Promise._settlePromiseFromHandler (http://localhost:38571/__cypress/runner/cypress_runner.js:165351:31)\n    at Promise._settlePromise (http://localhost:38571/__cypress/runner/cypress_runner.js:165408:18)\n    at Promise._settlePromise0 (http://localhost:38571/__cypress/runner/cypress_runner.js:165453:10)\n    at Promise._settlePromises (http://localhost:38571/__cypress/runner/cypress_runner.js:165528:18)\n    at Async../node_modules/bluebird/js/release/async.js.Async._drainQueue (http://localhost:38571/__cypress/runner/cypress_runner.js:162140:16)\n    at Async../node_modules/bluebird/js/release/async.js.Async._drainQueues (http://localhost:38571/__cypress/runner/cypress_runner.js:162150:10)\n    at Async.drainQueues (http://localhost:38571/__cypress/runner/cypress_runner.js:162024:14)",
                "diff": null
              },
              "uuid": "edf56ca8-4a2a-4491-8a1b-e9ce31d6ea86",
              "parentUUID": "e9f72701-27ec-4709-82be-46e8aad41cdb",
              "isHook": false,
              "skipped": false
            },
            {
              "title": "Verifica se o botão contém o texto 'VQV'",
              "fullTitle": "10 - Faça o quadro de pixels ter seu tamanho definido pelo usuário. Verifica se o botão contém o texto 'VQV'",
              "timedOut": null,
              "duration": 4543,
              "state": "failed",
              "speed": null,
              "pass": false,
              "fail": true,
              "pending": false,
              "context": null,
              "code": "cy.get('#generate-board').contains(/vqv/i);",
              "err": {
                "message": "CypressError: Timed out retrying: Expected to find element: '#generate-board', but never found it.",
                "estack": "CypressError: Timed out retrying: Expected to find element: '#generate-board', but never found it.\n    at cypressErr (http://localhost:38571/__cypress/runner/cypress_runner.js:149934:9)\n    at throwErr (http://localhost:38571/__cypress/runner/cypress_runner.js:149867:11)\n    at Object.throwErrByPath (http://localhost:38571/__cypress/runner/cypress_runner.js:149915:3)\n    at retry (http://localhost:38571/__cypress/runner/cypress_runner.js:144197:19)\n    at onFailFn (http://localhost:38571/__cypress/runner/cypress_runner.js:132448:16)\n    at tryCatcher (http://localhost:38571/__cypress/runner/cypress_runner.js:167415:23)\n    at Promise._settlePromiseFromHandler (http://localhost:38571/__cypress/runner/cypress_runner.js:165351:31)\n    at Promise._settlePromise (http://localhost:38571/__cypress/runner/cypress_runner.js:165408:18)\n    at Promise._settlePromise0 (http://localhost:38571/__cypress/runner/cypress_runner.js:165453:10)\n    at Promise._settlePromises (http://localhost:38571/__cypress/runner/cypress_runner.js:165528:18)\n    at Async../node_modules/bluebird/js/release/async.js.Async._drainQueue (http://localhost:38571/__cypress/runner/cypress_runner.js:162140:16)\n    at Async../node_modules/bluebird/js/release/async.js.Async._drainQueues (http://localhost:38571/__cypress/runner/cypress_runner.js:162150:10)\n    at Async.drainQueues (http://localhost:38571/__cypress/runner/cypress_runner.js:162024:14)",
                "diff": null
              },
              "uuid": "0127784e-ae23-4fef-aa90-1dd9a6ebabe1",
              "parentUUID": "e9f72701-27ec-4709-82be-46e8aad41cdb",
              "isHook": false,
              "skipped": false
            },
            {
              "title": "Verifica se o input está posicionado entre a paleta de cores e o quadro de pixels",
              "fullTitle": "10 - Faça o quadro de pixels ter seu tamanho definido pelo usuário. Verifica se o input está posicionado entre a paleta de cores e o quadro de pixels",
              "timedOut": null,
              "duration": 4648,
              "state": "failed",
              "speed": null,
              "pass": false,
              "fail": true,
              "pending": false,
              "context": null,
              "code": "cy.get('#color-palette').then(function (palette) {\n  cy.get('#board-size').should('be.belowOf', palette);\n});\ncy.get('#board-size').then(function (palette) {\n  cy.get('#pixel-board').should('be.belowOf', palette);\n});",
              "err": {
                "message": "CypressError: Timed out retrying: Expected to find element: '#board-size', but never found it.",
                "estack": "CypressError: Timed out retrying: Expected to find element: '#board-size', but never found it.\n    at cypressErr (http://localhost:38571/__cypress/runner/cypress_runner.js:149934:9)\n    at throwErr (http://localhost:38571/__cypress/runner/cypress_runner.js:149867:11)\n    at Object.throwErrByPath (http://localhost:38571/__cypress/runner/cypress_runner.js:149915:3)\n    at retry (http://localhost:38571/__cypress/runner/cypress_runner.js:144197:19)\n    at onFailFn (http://localhost:38571/__cypress/runner/cypress_runner.js:132448:16)\n    at tryCatcher (http://localhost:38571/__cypress/runner/cypress_runner.js:167415:23)\n    at Promise._settlePromiseFromHandler (http://localhost:38571/__cypress/runner/cypress_runner.js:165351:31)\n    at Promise._settlePromise (http://localhost:38571/__cypress/runner/cypress_runner.js:165408:18)\n    at Promise._settlePromise0 (http://localhost:38571/__cypress/runner/cypress_runner.js:165453:10)\n    at Promise._settlePromises (http://localhost:38571/__cypress/runner/cypress_runner.js:165528:18)\n    at Async../node_modules/bluebird/js/release/async.js.Async._drainQueue (http://localhost:38571/__cypress/runner/cypress_runner.js:162140:16)\n    at Async../node_modules/bluebird/js/release/async.js.Async._drainQueues (http://localhost:38571/__cypress/runner/cypress_runner.js:162150:10)\n    at Async.drainQueues (http://localhost:38571/__cypress/runner/cypress_runner.js:162024:14)",
                "diff": null
              },
              "uuid": "8f2fcb00-0827-446b-91cb-da0bb3569381",
              "parentUUID": "e9f72701-27ec-4709-82be-46e8aad41cdb",
              "isHook": false,
              "skipped": false
            },
            {
              "title": "Verifica se o botão está posicionado ao lado do input",
              "fullTitle": "10 - Faça o quadro de pixels ter seu tamanho definido pelo usuário. Verifica se o botão está posicionado ao lado do input",
              "timedOut": null,
              "duration": 4427,
              "state": "failed",
              "speed": null,
              "pass": false,
              "fail": true,
              "pending": false,
              "context": null,
              "code": "cy.get('#board-size').then(function (board) {\n  cy.get('#generate-board').should('be.onTheRightOf', board);\n});",
              "err": {
                "message": "CypressError: Timed out retrying: Expected to find element: '#board-size', but never found it.",
                "estack": "CypressError: Timed out retrying: Expected to find element: '#board-size', but never found it.\n    at cypressErr (http://localhost:38571/__cypress/runner/cypress_runner.js:149934:9)\n    at throwErr (http://localhost:38571/__cypress/runner/cypress_runner.js:149867:11)\n    at Object.throwErrByPath (http://localhost:38571/__cypress/runner/cypress_runner.js:149915:3)\n    at retry (http://localhost:38571/__cypress/runner/cypress_runner.js:144197:19)\n    at onFailFn (http://localhost:38571/__cypress/runner/cypress_runner.js:132448:16)\n    at tryCatcher (http://localhost:38571/__cypress/runner/cypress_runner.js:167415:23)\n    at Promise._settlePromiseFromHandler (http://localhost:38571/__cypress/runner/cypress_runner.js:165351:31)\n    at Promise._settlePromise (http://localhost:38571/__cypress/runner/cypress_runner.js:165408:18)\n    at Promise._settlePromise0 (http://localhost:38571/__cypress/runner/cypress_runner.js:165453:10)\n    at Promise._settlePromises (http://localhost:38571/__cypress/runner/cypress_runner.js:165528:18)\n    at Async../node_modules/bluebird/js/release/async.js.Async._drainQueue (http://localhost:38571/__cypress/runner/cypress_runner.js:162140:16)\n    at Async../node_modules/bluebird/js/release/async.js.Async._drainQueues (http://localhost:38571/__cypress/runner/cypress_runner.js:162150:10)\n    at Async.drainQueues (http://localhost:38571/__cypress/runner/cypress_runner.js:162024:14)",
                "diff": null
              },
              "uuid": "c7a008e9-c1b9-4e01-889d-e561865d217c",
              "parentUUID": "e9f72701-27ec-4709-82be-46e8aad41cdb",
              "isHook": false,
              "skipped": false
            },
            {
              "title": "Verifica se nenhum valor for colocado no input ao clicar no botão, um `alert` é exibido com o texto: 'Board inválido!'",
              "fullTitle": "10 - Faça o quadro de pixels ter seu tamanho definido pelo usuário. Verifica se nenhum valor for colocado no input ao clicar no botão, um `alert` é exibido com o texto: 'Board inválido!'",
              "timedOut": null,
              "duration": 4539,
              "state": "failed",
              "speed": null,
              "pass": false,
              "fail": true,
              "pending": false,
              "context": null,
              "code": "var alerted = false;\ncy.on('window:alert', function (msg) {\n  return alerted = msg;\n});\ncy.get('#generate-board').click().then(function () {\n  return expect(alerted).to.match(/Board inválido!/i);\n});",
              "err": {
                "message": "CypressError: Timed out retrying: Expected to find element: '#generate-board', but never found it.",
                "estack": "CypressError: Timed out retrying: Expected to find element: '#generate-board', but never found it.\n    at cypressErr (http://localhost:38571/__cypress/runner/cypress_runner.js:149934:9)\n    at throwErr (http://localhost:38571/__cypress/runner/cypress_runner.js:149867:11)\n    at Object.throwErrByPath (http://localhost:38571/__cypress/runner/cypress_runner.js:149915:3)\n    at retry (http://localhost:38571/__cypress/runner/cypress_runner.js:144197:19)\n    at onFailFn (http://localhost:38571/__cypress/runner/cypress_runner.js:132448:16)\n    at tryCatcher (http://localhost:38571/__cypress/runner/cypress_runner.js:167415:23)\n    at Promise._settlePromiseFromHandler (http://localhost:38571/__cypress/runner/cypress_runner.js:165351:31)\n    at Promise._settlePromise (http://localhost:38571/__cypress/runner/cypress_runner.js:165408:18)\n    at Promise._settlePromise0 (http://localhost:38571/__cypress/runner/cypress_runner.js:165453:10)\n    at Promise._settlePromises (http://localhost:38571/__cypress/runner/cypress_runner.js:165528:18)\n    at Async../node_modules/bluebird/js/release/async.js.Async._drainQueue (http://localhost:38571/__cypress/runner/cypress_runner.js:162140:16)\n    at Async../node_modules/bluebird/js/release/async.js.Async._drainQueues (http://localhost:38571/__cypress/runner/cypress_runner.js:162150:10)\n    at Async.drainQueues (http://localhost:38571/__cypress/runner/cypress_runner.js:162024:14)",
                "diff": null
              },
              "uuid": "d4d0b98d-27ee-41fb-b211-55ae35035721",
              "parentUUID": "e9f72701-27ec-4709-82be-46e8aad41cdb",
              "isHook": false,
              "skipped": false
            },
            {
              "title": "Verifica se ao clicar no botão com um valor preenchido, o tamanho do board muda.",
              "fullTitle": "10 - Faça o quadro de pixels ter seu tamanho definido pelo usuário. Verifica se ao clicar no botão com um valor preenchido, o tamanho do board muda.",
              "timedOut": null,
              "duration": 4489,
              "state": "failed",
              "speed": null,
              "pass": false,
              "fail": true,
              "pending": false,
              "context": null,
              "code": "cy.get('#board-size').clear().type(10);\ncy.get('#generate-board').click();\ncy.get('.pixel').should('have.length', 100);",
              "err": {
                "message": "CypressError: Timed out retrying: Expected to find element: '#board-size', but never found it.",
                "estack": "CypressError: Timed out retrying: Expected to find element: '#board-size', but never found it.\n    at cypressErr (http://localhost:38571/__cypress/runner/cypress_runner.js:149934:9)\n    at throwErr (http://localhost:38571/__cypress/runner/cypress_runner.js:149867:11)\n    at Object.throwErrByPath (http://localhost:38571/__cypress/runner/cypress_runner.js:149915:3)\n    at retry (http://localhost:38571/__cypress/runner/cypress_runner.js:144197:19)\n    at onFailFn (http://localhost:38571/__cypress/runner/cypress_runner.js:132448:16)\n    at tryCatcher (http://localhost:38571/__cypress/runner/cypress_runner.js:167415:23)\n    at Promise._settlePromiseFromHandler (http://localhost:38571/__cypress/runner/cypress_runner.js:165351:31)\n    at Promise._settlePromise (http://localhost:38571/__cypress/runner/cypress_runner.js:165408:18)\n    at Promise._settlePromise0 (http://localhost:38571/__cypress/runner/cypress_runner.js:165453:10)\n    at Promise._settlePromises (http://localhost:38571/__cypress/runner/cypress_runner.js:165528:18)\n    at Async../node_modules/bluebird/js/release/async.js.Async._drainQueue (http://localhost:38571/__cypress/runner/cypress_runner.js:162140:16)\n    at Async../node_modules/bluebird/js/release/async.js.Async._drainQueues (http://localhost:38571/__cypress/runner/cypress_runner.js:162150:10)\n    at Async.drainQueues (http://localhost:38571/__cypress/runner/cypress_runner.js:162024:14)",
                "diff": null
              },
              "uuid": "5692a57c-fde1-45f8-a5c6-b4936f719c33",
              "parentUUID": "e9f72701-27ec-4709-82be-46e8aad41cdb",
              "isHook": false,
              "skipped": false
            },
            {
              "title": "Verifica se o novo quadro tem todos os pixels preenchidos com a cor branca",
              "fullTitle": "10 - Faça o quadro de pixels ter seu tamanho definido pelo usuário. Verifica se o novo quadro tem todos os pixels preenchidos com a cor branca",
              "timedOut": null,
              "duration": 4426,
              "state": "failed",
              "speed": null,
              "pass": false,
              "fail": true,
              "pending": false,
              "context": null,
              "code": "cy.get('#board-size').clear().type(6);\ncy.get('#generate-board').click();\ncy.get('.pixel').should('have.length', 36).each(function (pixel) {\n  expect(pixel).to.have.css('background-color', WHITE);\n});",
              "err": {
                "message": "CypressError: Timed out retrying: Expected to find element: '#board-size', but never found it.",
                "estack": "CypressError: Timed out retrying: Expected to find element: '#board-size', but never found it.\n    at cypressErr (http://localhost:38571/__cypress/runner/cypress_runner.js:149934:9)\n    at throwErr (http://localhost:38571/__cypress/runner/cypress_runner.js:149867:11)\n    at Object.throwErrByPath (http://localhost:38571/__cypress/runner/cypress_runner.js:149915:3)\n    at retry (http://localhost:38571/__cypress/runner/cypress_runner.js:144197:19)\n    at onFailFn (http://localhost:38571/__cypress/runner/cypress_runner.js:132448:16)\n    at tryCatcher (http://localhost:38571/__cypress/runner/cypress_runner.js:167415:23)\n    at Promise._settlePromiseFromHandler (http://localhost:38571/__cypress/runner/cypress_runner.js:165351:31)\n    at Promise._settlePromise (http://localhost:38571/__cypress/runner/cypress_runner.js:165408:18)\n    at Promise._settlePromise0 (http://localhost:38571/__cypress/runner/cypress_runner.js:165453:10)\n    at Promise._settlePromises (http://localhost:38571/__cypress/runner/cypress_runner.js:165528:18)\n    at Async../node_modules/bluebird/js/release/async.js.Async._drainQueue (http://localhost:38571/__cypress/runner/cypress_runner.js:162140:16)\n    at Async../node_modules/bluebird/js/release/async.js.Async._drainQueues (http://localhost:38571/__cypress/runner/cypress_runner.js:162150:10)\n    at Async.drainQueues (http://localhost:38571/__cypress/runner/cypress_runner.js:162024:14)",
                "diff": null
              },
              "uuid": "9ec5c399-dd49-483c-9a64-db710f897ddf",
              "parentUUID": "e9f72701-27ec-4709-82be-46e8aad41cdb",
              "isHook": false,
              "skipped": false
            }
          ],
          "suites": [],
          "passes": [],
          "failures": [
            "888b0efa-82f9-44c2-87a4-dc0569317399",
            "1bbb9266-2f27-4cc8-ae96-9be481a401a4",
            "edf56ca8-4a2a-4491-8a1b-e9ce31d6ea86",
            "0127784e-ae23-4fef-aa90-1dd9a6ebabe1",
            "8f2fcb00-0827-446b-91cb-da0bb3569381",
            "c7a008e9-c1b9-4e01-889d-e561865d217c",
            "d4d0b98d-27ee-41fb-b211-55ae35035721",
            "5692a57c-fde1-45f8-a5c6-b4936f719c33",
            "9ec5c399-dd49-483c-9a64-db710f897ddf"
          ],
          "pending": [],
          "skipped": [],
          "duration": 40442,
          "root": false,
          "rootEmpty": false,
          "_timeout": 2000
        },
        {
          "uuid": "5ed4e5be-73c7-4896-94d6-c9fbfcfa09af",
          "title": "11 - Limite o tamanho mínimo e máximo do board.",
          "fullFile": "",
          "file": "",
          "beforeHooks": [],
          "afterHooks": [],
          "tests": [
            {
              "title": "Verifica se a altura máxima do board é 50",
              "fullTitle": "11 - Limite o tamanho mínimo e máximo do board. Verifica se a altura máxima do board é 50",
              "timedOut": null,
              "duration": 4528,
              "state": "failed",
              "speed": null,
              "pass": false,
              "fail": true,
              "pending": false,
              "context": null,
              "code": "cy.get('#board-size').clear().type(50);\ncy.get('#generate-board').click();\ncy.get('.pixel').should('have.length', 2500);",
              "err": {
                "message": "CypressError: Timed out retrying: Expected to find element: '#board-size', but never found it.",
                "estack": "CypressError: Timed out retrying: Expected to find element: '#board-size', but never found it.\n    at cypressErr (http://localhost:38571/__cypress/runner/cypress_runner.js:149934:9)\n    at throwErr (http://localhost:38571/__cypress/runner/cypress_runner.js:149867:11)\n    at Object.throwErrByPath (http://localhost:38571/__cypress/runner/cypress_runner.js:149915:3)\n    at retry (http://localhost:38571/__cypress/runner/cypress_runner.js:144197:19)\n    at onFailFn (http://localhost:38571/__cypress/runner/cypress_runner.js:132448:16)\n    at tryCatcher (http://localhost:38571/__cypress/runner/cypress_runner.js:167415:23)\n    at Promise._settlePromiseFromHandler (http://localhost:38571/__cypress/runner/cypress_runner.js:165351:31)\n    at Promise._settlePromise (http://localhost:38571/__cypress/runner/cypress_runner.js:165408:18)\n    at Promise._settlePromise0 (http://localhost:38571/__cypress/runner/cypress_runner.js:165453:10)\n    at Promise._settlePromises (http://localhost:38571/__cypress/runner/cypress_runner.js:165528:18)\n    at Async../node_modules/bluebird/js/release/async.js.Async._drainQueue (http://localhost:38571/__cypress/runner/cypress_runner.js:162140:16)\n    at Async../node_modules/bluebird/js/release/async.js.Async._drainQueues (http://localhost:38571/__cypress/runner/cypress_runner.js:162150:10)\n    at Async.drainQueues (http://localhost:38571/__cypress/runner/cypress_runner.js:162024:14)",
                "diff": null
              },
              "uuid": "921a7834-8f58-4a9e-b641-3ea2aeae3269",
              "parentUUID": "5ed4e5be-73c7-4896-94d6-c9fbfcfa09af",
              "isHook": false,
              "skipped": false
            },
            {
              "title": "Verifica se a altura do board é 5 quando um valor menor é colocado no input",
              "fullTitle": "11 - Limite o tamanho mínimo e máximo do board. Verifica se a altura do board é 5 quando um valor menor é colocado no input",
              "timedOut": null,
              "duration": 4630,
              "state": "failed",
              "speed": null,
              "pass": false,
              "fail": true,
              "pending": false,
              "context": null,
              "code": "cy.get('#board-size').clear().type(4);\ncy.get('#generate-board').click();\ncy.get('.pixel').should('have.length', 25);",
              "err": {
                "message": "CypressError: Timed out retrying: Expected to find element: '#board-size', but never found it.",
                "estack": "CypressError: Timed out retrying: Expected to find element: '#board-size', but never found it.\n    at cypressErr (http://localhost:38571/__cypress/runner/cypress_runner.js:149934:9)\n    at throwErr (http://localhost:38571/__cypress/runner/cypress_runner.js:149867:11)\n    at Object.throwErrByPath (http://localhost:38571/__cypress/runner/cypress_runner.js:149915:3)\n    at retry (http://localhost:38571/__cypress/runner/cypress_runner.js:144197:19)\n    at onFailFn (http://localhost:38571/__cypress/runner/cypress_runner.js:132448:16)\n    at tryCatcher (http://localhost:38571/__cypress/runner/cypress_runner.js:167415:23)\n    at Promise._settlePromiseFromHandler (http://localhost:38571/__cypress/runner/cypress_runner.js:165351:31)\n    at Promise._settlePromise (http://localhost:38571/__cypress/runner/cypress_runner.js:165408:18)\n    at Promise._settlePromise0 (http://localhost:38571/__cypress/runner/cypress_runner.js:165453:10)\n    at Promise._settlePromises (http://localhost:38571/__cypress/runner/cypress_runner.js:165528:18)\n    at Async../node_modules/bluebird/js/release/async.js.Async._drainQueue (http://localhost:38571/__cypress/runner/cypress_runner.js:162140:16)\n    at Async../node_modules/bluebird/js/release/async.js.Async._drainQueues (http://localhost:38571/__cypress/runner/cypress_runner.js:162150:10)\n    at Async.drainQueues (http://localhost:38571/__cypress/runner/cypress_runner.js:162024:14)",
                "diff": null
              },
              "uuid": "07b5bc38-34bb-42c2-a457-52f1ea280f78",
              "parentUUID": "5ed4e5be-73c7-4896-94d6-c9fbfcfa09af",
              "isHook": false,
              "skipped": false
            },
            {
              "title": "Verifica se a altura do board é 50 quando um valor maior é colocado no input",
              "fullTitle": "11 - Limite o tamanho mínimo e máximo do board. Verifica se a altura do board é 50 quando um valor maior é colocado no input",
              "timedOut": null,
              "duration": 4476,
              "state": "failed",
              "speed": null,
              "pass": false,
              "fail": true,
              "pending": false,
              "context": null,
              "code": "cy.get('#board-size').clear().type(51);\ncy.get('#generate-board').click();\ncy.get('.pixel').should('have.length', 2500);",
              "err": {
                "message": "CypressError: Timed out retrying: Expected to find element: '#board-size', but never found it.",
                "estack": "CypressError: Timed out retrying: Expected to find element: '#board-size', but never found it.\n    at cypressErr (http://localhost:38571/__cypress/runner/cypress_runner.js:149934:9)\n    at throwErr (http://localhost:38571/__cypress/runner/cypress_runner.js:149867:11)\n    at Object.throwErrByPath (http://localhost:38571/__cypress/runner/cypress_runner.js:149915:3)\n    at retry (http://localhost:38571/__cypress/runner/cypress_runner.js:144197:19)\n    at onFailFn (http://localhost:38571/__cypress/runner/cypress_runner.js:132448:16)\n    at tryCatcher (http://localhost:38571/__cypress/runner/cypress_runner.js:167415:23)\n    at Promise._settlePromiseFromHandler (http://localhost:38571/__cypress/runner/cypress_runner.js:165351:31)\n    at Promise._settlePromise (http://localhost:38571/__cypress/runner/cypress_runner.js:165408:18)\n    at Promise._settlePromise0 (http://localhost:38571/__cypress/runner/cypress_runner.js:165453:10)\n    at Promise._settlePromises (http://localhost:38571/__cypress/runner/cypress_runner.js:165528:18)\n    at Async../node_modules/bluebird/js/release/async.js.Async._drainQueue (http://localhost:38571/__cypress/runner/cypress_runner.js:162140:16)\n    at Async../node_modules/bluebird/js/release/async.js.Async._drainQueues (http://localhost:38571/__cypress/runner/cypress_runner.js:162150:10)\n    at Async.drainQueues (http://localhost:38571/__cypress/runner/cypress_runner.js:162024:14)",
                "diff": null
              },
              "uuid": "97f8478d-f11b-415d-9eb9-99af983b0e42",
              "parentUUID": "5ed4e5be-73c7-4896-94d6-c9fbfcfa09af",
              "isHook": false,
              "skipped": false
            }
          ],
          "suites": [],
          "passes": [],
          "failures": [
            "921a7834-8f58-4a9e-b641-3ea2aeae3269",
            "07b5bc38-34bb-42c2-a457-52f1ea280f78",
            "97f8478d-f11b-415d-9eb9-99af983b0e42"
          ],
          "pending": [],
          "skipped": [],
          "duration": 13634,
          "root": false,
          "rootEmpty": false,
          "_timeout": 2000
        },
        {
          "uuid": "fe6f7b3b-386e-4b0a-9f39-f1dfa99a1c45",
          "title": "12 - Faça com que as cores da paleta sejam geradas aleatoriamente ao carregar a página.",
          "fullFile": "",
          "file": "",
          "beforeHooks": [],
          "afterHooks": [],
          "tests": [
            {
              "title": "Verifica se as cores geradas na paleta são diferentes a cada carregamento da página",
              "fullTitle": "12 - Faça com que as cores da paleta sejam geradas aleatoriamente ao carregar a página. Verifica se as cores geradas na paleta são diferentes a cada carregamento da página",
              "timedOut": null,
              "duration": 540,
              "state": "passed",
              "speed": "slow",
              "pass": true,
              "fail": false,
              "pending": false,
              "context": null,
              "code": "cy.get('.color').then(function (colors) {\n  var currentColors;\n  var previousColors;\n  previousColors = Array.from(colors).map(function (color) {\n    return Cypress.$(color).css('background-color');\n  });\n  for (var i = 0; i < 5; i += 1) {\n    cy.reload();\n    cy.get('.color').then(function (colors) {\n      currentColors = Array.from(colors).map(function (color) {\n        return Cypress.$(color).css('background-color');\n      });\n      expect(currentColors).not.to.deep.equal(previousColors);\n      previousColors = currentColors;\n    });\n  }\n});",
              "err": {},
              "uuid": "dba75ea3-4324-4da4-9313-3f966a33fe2a",
              "parentUUID": "fe6f7b3b-386e-4b0a-9f39-f1dfa99a1c45",
              "isHook": false,
              "skipped": false
            },
            {
              "title": "Verifica se a cor preta ainda está presente e é a primeira na sua paleta de cores",
              "fullTitle": "12 - Faça com que as cores da paleta sejam geradas aleatoriamente ao carregar a página. Verifica se a cor preta ainda está presente e é a primeira na sua paleta de cores",
              "timedOut": null,
              "duration": 653,
              "state": "passed",
              "speed": "slow",
              "pass": true,
              "fail": false,
              "pending": false,
              "context": null,
              "code": "cy.get('.color').then(function (colors) {\n  var currentColors;\n  var previousColors;\n  previousColors = Array.from(colors).map(function (color) {\n    return Cypress.$(color).css('background-color');\n  });\n  expect(previousColors[0]).to.eq(BLACK);\n  for (var i = 0; i < 5; i += 1) {\n    cy.reload();\n    cy.get('.color').then(function (colors) {\n      currentColors = Array.from(colors).map(function (color) {\n        return Cypress.$(color).css('background-color');\n      });\n      expect(currentColors[0]).to.eq(BLACK);\n      expect(currentColors).not.to.deep.equal(previousColors);\n      previousColors = currentColors;\n    });\n  }\n});",
              "err": {},
              "uuid": "3865a777-fc47-4091-90e0-aa5768e98689",
              "parentUUID": "fe6f7b3b-386e-4b0a-9f39-f1dfa99a1c45",
              "isHook": false,
              "skipped": false
            }
          ],
          "suites": [],
          "passes": [
            "dba75ea3-4324-4da4-9313-3f966a33fe2a",
            "3865a777-fc47-4091-90e0-aa5768e98689"
          ],
          "failures": [],
          "pending": [],
          "skipped": [],
          "duration": 1193,
          "root": false,
          "rootEmpty": false,
          "_timeout": 2000
        }
      ],
      "passes": [],
      "failures": [],
      "pending": [],
      "skipped": [],
      "duration": 0,
      "root": true,
      "rootEmpty": true,
      "_timeout": 2000
    }
  ],
  "meta": {
    "mocha": {
      "version": "7.0.1"
    },
    "mochawesome": {
      "options": {
        "quiet": false,
        "reportFilename": "mochawesome",
        "saveHtml": false,
        "saveJson": true,
        "consoleReporter": "spec",
        "useInlineDiffs": false
      },
      "version": "4.1.0"
    },
    "marge": {
      "options": {
        "id": "default",
        "reportDir": "cypress/reports",
        "overwrite": true,
        "html": false,
        "json": true
      },
      "version": "4.1.0"
    }
  }
}