{
  "stats": {
    "suites": 12,
    "tests": 41,
    "passes": 23,
    "pending": 0,
    "failures": 18,
    "start": "2021-07-08T22:57:50.120Z",
    "end": "2021-07-08T22:59:14.362Z",
    "duration": 84242,
    "testsRegistered": 41,
    "passPercent": 56.09756097560976,
    "pendingPercent": 0,
    "other": 0,
    "hasOther": false,
    "skipped": 0,
    "hasSkipped": false
  },
  "results": [
    {
      "uuid": "80345ee4-bedd-4f7b-950e-0745a3f5c6bd",
      "title": "",
      "fullFile": "cypress\\integration\\project.spec.js",
      "file": "cypress\\integration\\project.spec.js",
      "beforeHooks": [],
      "afterHooks": [],
      "tests": [],
      "suites": [
        {
          "uuid": "e59cce9e-37bf-4d0c-850e-e70daa51f0f5",
          "title": "1 - Adicione à página o título \"Paleta de Cores\".",
          "fullFile": "",
          "file": "",
          "beforeHooks": [],
          "afterHooks": [],
          "tests": [
            {
              "title": "Verifica se contém um elemento `h1` com o id `title` com o título correto",
              "fullTitle": "1 - Adicione à página o título \"Paleta de Cores\". Verifica se contém um elemento `h1` com o id `title` com o título correto",
              "timedOut": null,
              "duration": 151,
              "state": "passed",
              "speed": "slow",
              "pass": true,
              "fail": false,
              "pending": false,
              "context": null,
              "code": "cy.get('h1#title').should('contain.text', 'Paleta de Cores');",
              "err": {},
              "uuid": "f887fcd7-7307-407b-ae36-a4ea4afe6db0",
              "parentUUID": "e59cce9e-37bf-4d0c-850e-e70daa51f0f5",
              "isHook": false,
              "skipped": false
            }
          ],
          "suites": [],
          "passes": [
            "f887fcd7-7307-407b-ae36-a4ea4afe6db0"
          ],
          "failures": [],
          "pending": [],
          "skipped": [],
          "duration": 151,
          "root": false,
          "rootEmpty": false,
          "_timeout": 2000
        },
        {
          "uuid": "0213d055-757d-4a20-82db-0cc20a31d5a9",
          "title": "2 - Adicione à página uma paleta de quatro cores distintas.",
          "fullFile": "",
          "file": "",
          "beforeHooks": [],
          "afterHooks": [],
          "tests": [
            {
              "title": "A paleta de cores deve ser um elemento com `id` denominado `color-palette`",
              "fullTitle": "2 - Adicione à página uma paleta de quatro cores distintas. A paleta de cores deve ser um elemento com `id` denominado `color-palette`",
              "timedOut": null,
              "duration": 62,
              "state": "passed",
              "speed": "medium",
              "pass": true,
              "fail": false,
              "pending": false,
              "context": null,
              "code": "cy.get('#color-palette').should('be.visible');",
              "err": {},
              "uuid": "923e4472-6b58-4ea2-b492-3e46f3a7f5f5",
              "parentUUID": "0213d055-757d-4a20-82db-0cc20a31d5a9",
              "isHook": false,
              "skipped": false
            },
            {
              "title": "Verifica se cada cor individual da paleta de cores possui a `classe` chamada `color`.",
              "fullTitle": "2 - Adicione à página uma paleta de quatro cores distintas. Verifica se cada cor individual da paleta de cores possui a `classe` chamada `color`.",
              "timedOut": null,
              "duration": 96,
              "state": "passed",
              "speed": "slow",
              "pass": true,
              "fail": false,
              "pending": false,
              "context": null,
              "code": "cy.get('.color').should('have.length', 4).then(function (colors) {\n  for (var i = 0; i < colors.length; i++) {\n    cy.wrap(colors[i]).should('be.visible');\n  }\n});",
              "err": {},
              "uuid": "2fa0bd81-e543-4423-b534-0c8405ec7d37",
              "parentUUID": "0213d055-757d-4a20-82db-0cc20a31d5a9",
              "isHook": false,
              "skipped": false
            },
            {
              "title": "Verifica se a cor de fundo de cada elemento da paleta é a cor que o elemento representa. **A única cor não permitida na paleta é a cor branca.**",
              "fullTitle": "2 - Adicione à página uma paleta de quatro cores distintas. Verifica se a cor de fundo de cada elemento da paleta é a cor que o elemento representa. **A única cor não permitida na paleta é a cor branca.**",
              "timedOut": null,
              "duration": 99,
              "state": "passed",
              "speed": "slow",
              "pass": true,
              "fail": false,
              "pending": false,
              "context": null,
              "code": "cy.get('.color').each(function (color) {\n  cy.wrap(color).should('have.class', 'color').and('not.have.css', 'background-color', WHITE);\n  cy.wrap(color).should('have.css', 'background-color');\n});",
              "err": {},
              "uuid": "d1bb6c55-3979-4eab-907e-79acf94c1bc1",
              "parentUUID": "0213d055-757d-4a20-82db-0cc20a31d5a9",
              "isHook": false,
              "skipped": false
            },
            {
              "title": "Verifica se cada elemento da paleta de cores tem uma borda preta, sólida e com 1 pixel de largura;",
              "fullTitle": "2 - Adicione à página uma paleta de quatro cores distintas. Verifica se cada elemento da paleta de cores tem uma borda preta, sólida e com 1 pixel de largura;",
              "timedOut": null,
              "duration": 71,
              "state": "passed",
              "speed": "medium",
              "pass": true,
              "fail": false,
              "pending": false,
              "context": null,
              "code": "cy.get('.color').each(function (color) {\n  cy.wrap(color).and('have.css', 'border', \"1px solid \".concat(BLACK)).and('have.class', 'color');\n});",
              "err": {},
              "uuid": "bb59ceab-f684-4bdc-ace7-d8243f7f6d77",
              "parentUUID": "0213d055-757d-4a20-82db-0cc20a31d5a9",
              "isHook": false,
              "skipped": false
            },
            {
              "title": "Verifica se a paleta lista todas as cores disponíveis para utilização, lado a lado.",
              "fullTitle": "2 - Adicione à página uma paleta de quatro cores distintas. Verifica se a paleta lista todas as cores disponíveis para utilização, lado a lado.",
              "timedOut": null,
              "duration": 106,
              "state": "passed",
              "speed": "slow",
              "pass": true,
              "fail": false,
              "pending": false,
              "context": null,
              "code": "cy.get('.color').then(function (colors) {\n  for (var index = 1; index < colors.length; index += 1) {\n    var currentColor = colors[index];\n    var previousColor = colors[index - 1];\n    cy.wrap(currentColor).should('be.onTheRightOf', previousColor).and('be.horizontallyAlignedWith', previousColor);\n  }\n});",
              "err": {},
              "uuid": "f646dfee-08cf-49b9-9698-e086b7a101ee",
              "parentUUID": "0213d055-757d-4a20-82db-0cc20a31d5a9",
              "isHook": false,
              "skipped": false
            },
            {
              "title": "Verifica se a paleta de cores está posicionada abaixo do título 'Paleta de Cores'",
              "fullTitle": "2 - Adicione à página uma paleta de quatro cores distintas. Verifica se a paleta de cores está posicionada abaixo do título 'Paleta de Cores'",
              "timedOut": null,
              "duration": 90,
              "state": "passed",
              "speed": "slow",
              "pass": true,
              "fail": false,
              "pending": false,
              "context": null,
              "code": "cy.get('h1#title').then(function (title) {\n  cy.get('#color-palette').should('be.belowOf', title);\n});",
              "err": {},
              "uuid": "48775b7c-1302-4829-b183-6638c60ff1af",
              "parentUUID": "0213d055-757d-4a20-82db-0cc20a31d5a9",
              "isHook": false,
              "skipped": false
            },
            {
              "title": "Verifica se a paleta de cores não contém cores repetidas.",
              "fullTitle": "2 - Adicione à página uma paleta de quatro cores distintas. Verifica se a paleta de cores não contém cores repetidas.",
              "timedOut": null,
              "duration": 94,
              "state": "passed",
              "speed": "slow",
              "pass": true,
              "fail": false,
              "pending": false,
              "context": null,
              "code": "cy.get('.color').then(function (colors) {\n  var allColors = Array.from(colors).map(function (color) {\n    return Cypress.$(color).css('background-color');\n  });\n  cy.log(allColors);\n  var uniqColors = (0, _toConsumableArray2[\"default\"])(new Set(allColors));\n  cy.log(uniqColors);\n  expect(allColors.length).to.eq(uniqColors.length);\n});",
              "err": {},
              "uuid": "88e3e1d1-c641-499b-9e50-cd1f06ed4b81",
              "parentUUID": "0213d055-757d-4a20-82db-0cc20a31d5a9",
              "isHook": false,
              "skipped": false
            }
          ],
          "suites": [],
          "passes": [
            "923e4472-6b58-4ea2-b492-3e46f3a7f5f5",
            "2fa0bd81-e543-4423-b534-0c8405ec7d37",
            "d1bb6c55-3979-4eab-907e-79acf94c1bc1",
            "bb59ceab-f684-4bdc-ace7-d8243f7f6d77",
            "f646dfee-08cf-49b9-9698-e086b7a101ee",
            "48775b7c-1302-4829-b183-6638c60ff1af",
            "88e3e1d1-c641-499b-9e50-cd1f06ed4b81"
          ],
          "failures": [],
          "pending": [],
          "skipped": [],
          "duration": 618,
          "root": false,
          "rootEmpty": false,
          "_timeout": 2000
        },
        {
          "uuid": "ceddc57d-9213-4311-8fda-4f3c843152a6",
          "title": "3 - Adicione a cor **preta** como a primeira cor da paleta de cores.",
          "fullFile": "",
          "file": "",
          "beforeHooks": [],
          "afterHooks": [],
          "tests": [
            {
              "title": "Verifica se a primeira cor da paleta é preta",
              "fullTitle": "3 - Adicione a cor **preta** como a primeira cor da paleta de cores. Verifica se a primeira cor da paleta é preta",
              "timedOut": null,
              "duration": 76,
              "state": "passed",
              "speed": "slow",
              "pass": true,
              "fail": false,
              "pending": false,
              "context": null,
              "code": "cy.get('.color').first().should('have.css', 'background-color', BLACK);",
              "err": {},
              "uuid": "67880304-f098-45d3-9dfa-3795f5a72367",
              "parentUUID": "ceddc57d-9213-4311-8fda-4f3c843152a6",
              "isHook": false,
              "skipped": false
            },
            {
              "title": "Verifica se as demais cores podem ser escolhidas livremente.",
              "fullTitle": "3 - Adicione a cor **preta** como a primeira cor da paleta de cores. Verifica se as demais cores podem ser escolhidas livremente.",
              "timedOut": null,
              "duration": 107,
              "state": "passed",
              "speed": "slow",
              "pass": true,
              "fail": false,
              "pending": false,
              "context": null,
              "code": "cy.get('.color').eq(1).should('not.have.css', 'background-color', BLACK);\ncy.get('.color').eq(1).should('not.have.css', 'background-color', WHITE);\ncy.get('.color').eq(1).should('not.have.css', 'background-color', 'rgba(0, 0, 0, 0)');\ncy.get('.color').eq(1).should('have.css', 'background-color');\ncy.get('.color').eq(2).should('not.have.css', 'background-color', BLACK);\ncy.get('.color').eq(2).should('not.have.css', 'background-color', WHITE);\ncy.get('.color').eq(2).should('not.have.css', 'background-color', 'rgba(0, 0, 0, 0)');\ncy.get('.color').eq(2).should('have.css', 'background-color');\ncy.get('.color').eq(3).should('not.have.css', 'background-color', BLACK);\ncy.get('.color').eq(3).should('not.have.css', 'background-color', WHITE);\ncy.get('.color').eq(3).should('not.have.css', 'background-color', 'rgba(0, 0, 0, 0)');\ncy.get('.color').eq(3).should('have.css', 'background-color');",
              "err": {},
              "uuid": "7af7e834-7be6-4a32-bc26-1719853389a0",
              "parentUUID": "ceddc57d-9213-4311-8fda-4f3c843152a6",
              "isHook": false,
              "skipped": false
            }
          ],
          "suites": [],
          "passes": [
            "67880304-f098-45d3-9dfa-3795f5a72367",
            "7af7e834-7be6-4a32-bc26-1719853389a0"
          ],
          "failures": [],
          "pending": [],
          "skipped": [],
          "duration": 183,
          "root": false,
          "rootEmpty": false,
          "_timeout": 2000
        },
        {
          "uuid": "574f3e33-d952-429e-8aea-d4238fd99d53",
          "title": "4 - Adicione à página um quadro de pixels, com 25 pixels.",
          "fullFile": "",
          "file": "",
          "beforeHooks": [],
          "afterHooks": [],
          "tests": [
            {
              "title": "Verifica se o quadro de pixels possui o `id` denominado `pixel-board`",
              "fullTitle": "4 - Adicione à página um quadro de pixels, com 25 pixels. Verifica se o quadro de pixels possui o `id` denominado `pixel-board`",
              "timedOut": null,
              "duration": 65,
              "state": "passed",
              "speed": "medium",
              "pass": true,
              "fail": false,
              "pending": false,
              "context": null,
              "code": "cy.get('#pixel-board').should('be.visible');",
              "err": {},
              "uuid": "be164460-7fb5-48fa-b865-f914f44bf8b7",
              "parentUUID": "574f3e33-d952-429e-8aea-d4238fd99d53",
              "isHook": false,
              "skipped": false
            },
            {
              "title": "Verifica se cada pixel individual dentro do quadro possui a `classe` denominada `pixel`.",
              "fullTitle": "4 - Adicione à página um quadro de pixels, com 25 pixels. Verifica se cada pixel individual dentro do quadro possui a `classe` denominada `pixel`.",
              "timedOut": null,
              "duration": 94,
              "state": "passed",
              "speed": "slow",
              "pass": true,
              "fail": false,
              "pending": false,
              "context": null,
              "code": "cy.get('.pixel').should('have.length', 25);",
              "err": {},
              "uuid": "bce99f9e-12a2-42dc-8cd1-7546b22606c2",
              "parentUUID": "574f3e33-d952-429e-8aea-d4238fd99d53",
              "isHook": false,
              "skipped": false
            },
            {
              "title": "Verifica se a cor inicial dos pixels dentro do quadro, ao abrir a página, é branca.",
              "fullTitle": "4 - Adicione à página um quadro de pixels, com 25 pixels. Verifica se a cor inicial dos pixels dentro do quadro, ao abrir a página, é branca.",
              "timedOut": null,
              "duration": 103,
              "state": "passed",
              "speed": "slow",
              "pass": true,
              "fail": false,
              "pending": false,
              "context": null,
              "code": "cy.get('.pixel').should('have.length', 25).each(function (pixel) {\n  expect(pixel).to.have.css('background-color', WHITE);\n});",
              "err": {},
              "uuid": "0a559a2d-755f-4b24-9432-44e422cab7c1",
              "parentUUID": "574f3e33-d952-429e-8aea-d4238fd99d53",
              "isHook": false,
              "skipped": false
            },
            {
              "title": "Verifica se o quadro de pixels aparece abaixo da paleta de cores",
              "fullTitle": "4 - Adicione à página um quadro de pixels, com 25 pixels. Verifica se o quadro de pixels aparece abaixo da paleta de cores",
              "timedOut": null,
              "duration": 59,
              "state": "passed",
              "speed": "medium",
              "pass": true,
              "fail": false,
              "pending": false,
              "context": null,
              "code": "cy.get('#color-palette').then(function (palette) {\n  cy.get('#pixel-board').should('be.belowOf', palette);\n});",
              "err": {},
              "uuid": "2dcb826c-c271-4993-a26f-679a42556709",
              "parentUUID": "574f3e33-d952-429e-8aea-d4238fd99d53",
              "isHook": false,
              "skipped": false
            }
          ],
          "suites": [],
          "passes": [
            "be164460-7fb5-48fa-b865-f914f44bf8b7",
            "bce99f9e-12a2-42dc-8cd1-7546b22606c2",
            "0a559a2d-755f-4b24-9432-44e422cab7c1",
            "2dcb826c-c271-4993-a26f-679a42556709"
          ],
          "failures": [],
          "pending": [],
          "skipped": [],
          "duration": 321,
          "root": false,
          "rootEmpty": false,
          "_timeout": 2000
        },
        {
          "uuid": "6e814259-6e2b-4976-a629-759fdb815878",
          "title": "5 - Faça com que cada elemento do quadro de pixels possua 40 pixels de largura, 40 pixels de altura e seja delimitado por uma borda preta de 1 pixel.",
          "fullFile": "",
          "file": "",
          "beforeHooks": [],
          "afterHooks": [],
          "tests": [
            {
              "title": "Verifica se o quadro de pixels tem altura e comprimento de 5 elementos",
              "fullTitle": "5 - Faça com que cada elemento do quadro de pixels possua 40 pixels de largura, 40 pixels de altura e seja delimitado por uma borda preta de 1 pixel. Verifica se o quadro de pixels tem altura e comprimento de 5 elementos",
              "timedOut": null,
              "duration": 213,
              "state": "passed",
              "speed": "slow",
              "pass": true,
              "fail": false,
              "pending": false,
              "context": null,
              "code": "cy.get('.pixel').should('have.length', 25).each(function (pixel) {\n  expect(pixel).to.have.css('background-color', WHITE);\n}).and(function (pixels) {\n  var rows = chunk(pixels, 5);\n  rows.forEach(function (row) {\n    for (var index = 1; index < row.length; index += 1) {\n      var current = pixels[index];\n      var previous = pixels[index - 1];\n      cy.wrap(current).should('be.onTheRightOf', previous).and('be.horizontallyAlignedWith', previous);\n    }\n  });\n  for (var index = 1; index < 5; index += 1) {\n    expect(pixels[index * 5]).to.be.belowOf(pixels[(index - 1) * 5]);\n  }\n});",
              "err": {},
              "uuid": "399169fb-5a75-429f-bd49-0f915dd32074",
              "parentUUID": "6e814259-6e2b-4976-a629-759fdb815878",
              "isHook": false,
              "skipped": false
            },
            {
              "title": "Verifica se 40 pixels é o tamanho total do elemento, incluindo seu conteúdo e excluindo a borda preta, que deve ser criada à parte.",
              "fullTitle": "5 - Faça com que cada elemento do quadro de pixels possua 40 pixels de largura, 40 pixels de altura e seja delimitado por uma borda preta de 1 pixel. Verifica se 40 pixels é o tamanho total do elemento, incluindo seu conteúdo e excluindo a borda preta, que deve ser criada à parte.",
              "timedOut": null,
              "duration": 4416,
              "state": "failed",
              "speed": null,
              "pass": false,
              "fail": true,
              "pending": false,
              "context": null,
              "code": "cy.get('.pixel').each(function (pixel) {\n  cy.wrap(pixel).should('have.css', 'height', '40px').and('have.css', 'width', '40px').and('have.css', 'border', \"1px solid \".concat(BLACK));\n});",
              "err": {
                "message": "CypressError: Timed out retrying: expected '<div.pixel>' to have CSS property 'height' with the value '40px', but the value was '38px'",
                "estack": "CypressError: Timed out retrying: expected '<div.pixel>' to have CSS property 'height' with the value '40px', but the value was '38px'\n    at cypressErr (http://localhost:54775/__cypress/runner/cypress_runner.js:149934:9)\n    at throwErr (http://localhost:54775/__cypress/runner/cypress_runner.js:149867:11)\n    at Object.throwErrByPath (http://localhost:54775/__cypress/runner/cypress_runner.js:149915:3)\n    at retry (http://localhost:54775/__cypress/runner/cypress_runner.js:144197:19)\n    at onFailFn (http://localhost:54775/__cypress/runner/cypress_runner.js:132448:16)\n    at tryCatcher (http://localhost:54775/__cypress/runner/cypress_runner.js:167415:23)\n    at Promise._settlePromiseFromHandler (http://localhost:54775/__cypress/runner/cypress_runner.js:165351:31)\n    at Promise._settlePromise (http://localhost:54775/__cypress/runner/cypress_runner.js:165408:18)\n    at Promise._settlePromise0 (http://localhost:54775/__cypress/runner/cypress_runner.js:165453:10)\n    at Promise._settlePromises (http://localhost:54775/__cypress/runner/cypress_runner.js:165528:18)\n    at Async../node_modules/bluebird/js/release/async.js.Async._drainQueue (http://localhost:54775/__cypress/runner/cypress_runner.js:162140:16)\n    at Async../node_modules/bluebird/js/release/async.js.Async._drainQueues (http://localhost:54775/__cypress/runner/cypress_runner.js:162150:10)\n    at Async.drainQueues (http://localhost:54775/__cypress/runner/cypress_runner.js:162024:14)",
                "diff": null
              },
              "uuid": "ca67c343-fa8a-482f-bce9-fc9485e063a0",
              "parentUUID": "6e814259-6e2b-4976-a629-759fdb815878",
              "isHook": false,
              "skipped": false
            }
          ],
          "suites": [],
          "passes": [
            "399169fb-5a75-429f-bd49-0f915dd32074"
          ],
          "failures": [
            "ca67c343-fa8a-482f-bce9-fc9485e063a0"
          ],
          "pending": [],
          "skipped": [],
          "duration": 4629,
          "root": false,
          "rootEmpty": false,
          "_timeout": 2000
        },
        {
          "uuid": "a80b4c6d-2563-4554-92ed-e4dbcc352b26",
          "title": "6 - Defina a cor preta como cor inicial. Ao carregar a página a cor preta já deve estar selecionada para pintar os pixels",
          "fullFile": "",
          "file": "",
          "beforeHooks": [],
          "afterHooks": [],
          "tests": [
            {
              "title": "Verifica se o elemento da cor preta possui, inicialmente, a `classe` `selected`",
              "fullTitle": "6 - Defina a cor preta como cor inicial. Ao carregar a página a cor preta já deve estar selecionada para pintar os pixels Verifica se o elemento da cor preta possui, inicialmente, a `classe` `selected`",
              "timedOut": null,
              "duration": 110,
              "state": "passed",
              "speed": "slow",
              "pass": true,
              "fail": false,
              "pending": false,
              "context": null,
              "code": "cy.get('.selected').first().should('have.css', 'background-color', BLACK);",
              "err": {},
              "uuid": "794a849c-6111-4a71-88e9-8bd2084a69cc",
              "parentUUID": "a80b4c6d-2563-4554-92ed-e4dbcc352b26",
              "isHook": false,
              "skipped": false
            },
            {
              "title": "Verifica se nenhuma outra cor da paleta tem a `classe` `selected`",
              "fullTitle": "6 - Defina a cor preta como cor inicial. Ao carregar a página a cor preta já deve estar selecionada para pintar os pixels Verifica se nenhuma outra cor da paleta tem a `classe` `selected`",
              "timedOut": null,
              "duration": 84,
              "state": "passed",
              "speed": "slow",
              "pass": true,
              "fail": false,
              "pending": false,
              "context": null,
              "code": "cy.get('.color:not(:first-child)').each(function (color) {\n  cy.wrap(color).should('not.have.class', 'selected');\n});",
              "err": {},
              "uuid": "205959b7-db57-4fe1-bc97-e63238312cf9",
              "parentUUID": "a80b4c6d-2563-4554-92ed-e4dbcc352b26",
              "isHook": false,
              "skipped": false
            }
          ],
          "suites": [],
          "passes": [
            "794a849c-6111-4a71-88e9-8bd2084a69cc",
            "205959b7-db57-4fe1-bc97-e63238312cf9"
          ],
          "failures": [],
          "pending": [],
          "skipped": [],
          "duration": 194,
          "root": false,
          "rootEmpty": false,
          "_timeout": 2000
        },
        {
          "uuid": "b5d54f5a-a86c-4a2c-95f1-eefb485eac9d",
          "title": "7 - Clicar em uma das cores da paleta, faz com que ela seja selecionada e utilizada para preencher os pixels no quadro.",
          "fullFile": "",
          "file": "",
          "beforeHooks": [],
          "afterHooks": [],
          "tests": [
            {
              "title": "Verifica se somente uma cor da paleta de cores tem a classe `selected` de cada vez",
              "fullTitle": "7 - Clicar em uma das cores da paleta, faz com que ela seja selecionada e utilizada para preencher os pixels no quadro. Verifica se somente uma cor da paleta de cores tem a classe `selected` de cada vez",
              "timedOut": null,
              "duration": 411,
              "state": "passed",
              "speed": "slow",
              "pass": true,
              "fail": false,
              "pending": false,
              "context": null,
              "code": "cy.get('.color').each(function (selectedColor, selectedColorIndex) {\n  cy.wrap(selectedColor).click();\n  cy.get('.color').each(function (color, colorIndex) {\n    if (colorIndex === selectedColorIndex) {\n      expect(color).to.have[\"class\"]('selected');\n    } else {\n      expect(color).not.to.have[\"class\"]('selected');\n    }\n  });\n});",
              "err": {},
              "uuid": "c13e72e7-018b-43bc-8397-876ae05acbe8",
              "parentUUID": "b5d54f5a-a86c-4a2c-95f1-eefb485eac9d",
              "isHook": false,
              "skipped": false
            },
            {
              "title": "Verifica se os pixels dentro do quadro não têm a classe `selected` quando são clicados",
              "fullTitle": "7 - Clicar em uma das cores da paleta, faz com que ela seja selecionada e utilizada para preencher os pixels no quadro. Verifica se os pixels dentro do quadro não têm a classe `selected` quando são clicados",
              "timedOut": null,
              "duration": 8329,
              "state": "passed",
              "speed": "slow",
              "pass": true,
              "fail": false,
              "pending": false,
              "context": null,
              "code": "cy.get('.color').each(function (color) {\n  var backgroundColor = color.css('background-color');\n  cy.wrap(color).click();\n  cy.get('.pixel').each(function (pixel) {\n    cy.wrap(pixel).click().should('not.have.class', 'selected');\n  });\n});",
              "err": {},
              "uuid": "599908e9-8182-4253-bf54-06fe4635564e",
              "parentUUID": "b5d54f5a-a86c-4a2c-95f1-eefb485eac9d",
              "isHook": false,
              "skipped": false
            }
          ],
          "suites": [],
          "passes": [
            "c13e72e7-018b-43bc-8397-876ae05acbe8",
            "599908e9-8182-4253-bf54-06fe4635564e"
          ],
          "failures": [],
          "pending": [],
          "skipped": [],
          "duration": 8740,
          "root": false,
          "rootEmpty": false,
          "_timeout": 2000
        },
        {
          "uuid": "469dbbd3-aafe-4a5e-8868-becdd277aca5",
          "title": "8 - Clicar em um pixel dentro do quadro após selecionar uma cor na paleta, faz com que o pixel seja preenchido com a cor selecionada.",
          "fullFile": "",
          "file": "",
          "beforeHooks": [],
          "afterHooks": [],
          "tests": [
            {
              "title": "Verifica se ao carregar a página deve ser possível pintar os pixels de preto",
              "fullTitle": "8 - Clicar em um pixel dentro do quadro após selecionar uma cor na paleta, faz com que o pixel seja preenchido com a cor selecionada. Verifica se ao carregar a página deve ser possível pintar os pixels de preto",
              "timedOut": null,
              "duration": 4764,
              "state": "failed",
              "speed": null,
              "pass": false,
              "fail": true,
              "pending": false,
              "context": null,
              "code": "cy.get('.pixel').each(function (pixel) {\n  cy.wrap(pixel).click().should('have.css', 'background-color', BLACK);\n});",
              "err": {
                "message": "CypressError: Timed out retrying: expected '<div.pixel>' to have CSS property 'background-color' with the value 'rgb(0, 0, 0)', but the value was 'rgb(255, 255, 255)'",
                "estack": "CypressError: Timed out retrying: expected '<div.pixel>' to have CSS property 'background-color' with the value 'rgb(0, 0, 0)', but the value was 'rgb(255, 255, 255)'\n    at cypressErr (http://localhost:54775/__cypress/runner/cypress_runner.js:149934:9)\n    at throwErr (http://localhost:54775/__cypress/runner/cypress_runner.js:149867:11)\n    at Object.throwErrByPath (http://localhost:54775/__cypress/runner/cypress_runner.js:149915:3)\n    at retry (http://localhost:54775/__cypress/runner/cypress_runner.js:144197:19)\n    at onFailFn (http://localhost:54775/__cypress/runner/cypress_runner.js:132448:16)\n    at tryCatcher (http://localhost:54775/__cypress/runner/cypress_runner.js:167415:23)\n    at Promise._settlePromiseFromHandler (http://localhost:54775/__cypress/runner/cypress_runner.js:165351:31)\n    at Promise._settlePromise (http://localhost:54775/__cypress/runner/cypress_runner.js:165408:18)\n    at Promise._settlePromise0 (http://localhost:54775/__cypress/runner/cypress_runner.js:165453:10)\n    at Promise._settlePromises (http://localhost:54775/__cypress/runner/cypress_runner.js:165528:18)\n    at Async../node_modules/bluebird/js/release/async.js.Async._drainQueue (http://localhost:54775/__cypress/runner/cypress_runner.js:162140:16)\n    at Async../node_modules/bluebird/js/release/async.js.Async._drainQueues (http://localhost:54775/__cypress/runner/cypress_runner.js:162150:10)\n    at Async.drainQueues (http://localhost:54775/__cypress/runner/cypress_runner.js:162024:14)",
                "diff": null
              },
              "uuid": "a28ec789-c20c-4fe7-a5c3-61ae47c845a2",
              "parentUUID": "469dbbd3-aafe-4a5e-8868-becdd277aca5",
              "isHook": false,
              "skipped": false
            },
            {
              "title": "Verifica se após selecionar uma outra cor na paleta, é possível pintar os pixels com essa cor",
              "fullTitle": "8 - Clicar em um pixel dentro do quadro após selecionar uma cor na paleta, faz com que o pixel seja preenchido com a cor selecionada. Verifica se após selecionar uma outra cor na paleta, é possível pintar os pixels com essa cor",
              "timedOut": null,
              "duration": 4506,
              "state": "failed",
              "speed": null,
              "pass": false,
              "fail": true,
              "pending": false,
              "context": null,
              "code": "cy.get('.color').each(function (color) {\n  var backgroundColor = color.css('background-color');\n  cy.wrap(color).click();\n  cy.get('.pixel').each(function (pixel) {\n    cy.wrap(pixel).click().should('have.css', 'background-color', backgroundColor);\n  });\n});",
              "err": {
                "message": "CypressError: Timed out retrying: expected '<div.pixel>' to have CSS property 'background-color' with the value 'rgb(0, 0, 0)', but the value was 'rgb(255, 255, 255)'",
                "estack": "CypressError: Timed out retrying: expected '<div.pixel>' to have CSS property 'background-color' with the value 'rgb(0, 0, 0)', but the value was 'rgb(255, 255, 255)'\n    at cypressErr (http://localhost:54775/__cypress/runner/cypress_runner.js:149934:9)\n    at throwErr (http://localhost:54775/__cypress/runner/cypress_runner.js:149867:11)\n    at Object.throwErrByPath (http://localhost:54775/__cypress/runner/cypress_runner.js:149915:3)\n    at retry (http://localhost:54775/__cypress/runner/cypress_runner.js:144197:19)\n    at onFailFn (http://localhost:54775/__cypress/runner/cypress_runner.js:132448:16)\n    at tryCatcher (http://localhost:54775/__cypress/runner/cypress_runner.js:167415:23)\n    at Promise._settlePromiseFromHandler (http://localhost:54775/__cypress/runner/cypress_runner.js:165351:31)\n    at Promise._settlePromise (http://localhost:54775/__cypress/runner/cypress_runner.js:165408:18)\n    at Promise._settlePromise0 (http://localhost:54775/__cypress/runner/cypress_runner.js:165453:10)\n    at Promise._settlePromises (http://localhost:54775/__cypress/runner/cypress_runner.js:165528:18)\n    at Async../node_modules/bluebird/js/release/async.js.Async._drainQueue (http://localhost:54775/__cypress/runner/cypress_runner.js:162140:16)\n    at Async../node_modules/bluebird/js/release/async.js.Async._drainQueues (http://localhost:54775/__cypress/runner/cypress_runner.js:162150:10)\n    at Async.drainQueues (http://localhost:54775/__cypress/runner/cypress_runner.js:162024:14)",
                "diff": null
              },
              "uuid": "fc7042bf-1460-4071-b345-26167717da32",
              "parentUUID": "469dbbd3-aafe-4a5e-8868-becdd277aca5",
              "isHook": false,
              "skipped": false
            },
            {
              "title": "Verifica se somente o pixel que foi clicado foi preenchido com a cor selecionada, sem influenciar na cor dos demais pixels.",
              "fullTitle": "8 - Clicar em um pixel dentro do quadro após selecionar uma cor na paleta, faz com que o pixel seja preenchido com a cor selecionada. Verifica se somente o pixel que foi clicado foi preenchido com a cor selecionada, sem influenciar na cor dos demais pixels.",
              "timedOut": null,
              "duration": 1169,
              "state": "passed",
              "speed": "slow",
              "pass": true,
              "fail": false,
              "pending": false,
              "context": null,
              "code": "var colorToPixelIndexMap = {\n  0: 6,\n  1: 8,\n  2: 16,\n  3: 18\n};\ncy.get('.color').each(function (color, index) {\n  cy.wrap(color).click();\n  var backgroundColor = color.css('background-color');\n  var clickedPixelIndex = colorToPixelIndexMap[index];\n  cy.get('.pixel').eq(clickedPixelIndex).click();\n  cy.get('.pixel').eq(clickedPixelIndex - 1).should('not.have.css', 'background-color', backgroundColor);\n  cy.get('.pixel').eq(clickedPixelIndex + 1).should('not.have.css', 'background-color', backgroundColor);\n  cy.get('.pixel').eq(clickedPixelIndex - 5).should('not.have.css', 'background-color', backgroundColor);\n  cy.get('.pixel').eq(clickedPixelIndex + 5).should('not.have.css', 'background-color', backgroundColor);\n  cy.get('.pixel').eq(clickedPixelIndex - 6).should('not.have.css', 'background-color', backgroundColor);\n  cy.get('.pixel').eq(clickedPixelIndex - 4).should('not.have.css', 'background-color', backgroundColor);\n  cy.get('.pixel').eq(clickedPixelIndex + 4).should('not.have.css', 'background-color', backgroundColor);\n  cy.get('.pixel').eq(clickedPixelIndex + 6).should('not.have.css', 'background-color', backgroundColor);\n});",
              "err": {},
              "uuid": "222ca50a-3ca4-4520-bcae-9678540ff313",
              "parentUUID": "469dbbd3-aafe-4a5e-8868-becdd277aca5",
              "isHook": false,
              "skipped": false
            }
          ],
          "suites": [],
          "passes": [
            "222ca50a-3ca4-4520-bcae-9678540ff313"
          ],
          "failures": [
            "a28ec789-c20c-4fe7-a5c3-61ae47c845a2",
            "fc7042bf-1460-4071-b345-26167717da32"
          ],
          "pending": [],
          "skipped": [],
          "duration": 10439,
          "root": false,
          "rootEmpty": false,
          "_timeout": 2000
        },
        {
          "uuid": "89ebf1bc-b511-4105-b90a-b3db0a634a8a",
          "title": "9 - Crie um botão que, ao ser clicado, limpa o quadro preenchendo a cor de todos seus pixels com branco.",
          "fullFile": "",
          "file": "",
          "beforeHooks": [],
          "afterHooks": [],
          "tests": [
            {
              "title": "Verifica se o botão tem o `id` denominado `clear-board`",
              "fullTitle": "9 - Crie um botão que, ao ser clicado, limpa o quadro preenchendo a cor de todos seus pixels com branco. Verifica se o botão tem o `id` denominado `clear-board`",
              "timedOut": null,
              "duration": 105,
              "state": "passed",
              "speed": "slow",
              "pass": true,
              "fail": false,
              "pending": false,
              "context": null,
              "code": "cy.get('#clear-board').should('be.visible');",
              "err": {},
              "uuid": "6a87e026-2357-46a5-8328-86ddebc69728",
              "parentUUID": "89ebf1bc-b511-4105-b90a-b3db0a634a8a",
              "isHook": false,
              "skipped": false
            },
            {
              "title": "Verifica se o botão está posicionado entre a paleta de cores e o quadro de pixels",
              "fullTitle": "9 - Crie um botão que, ao ser clicado, limpa o quadro preenchendo a cor de todos seus pixels com branco. Verifica se o botão está posicionado entre a paleta de cores e o quadro de pixels",
              "timedOut": null,
              "duration": 70,
              "state": "passed",
              "speed": "medium",
              "pass": true,
              "fail": false,
              "pending": false,
              "context": null,
              "code": "cy.get('#color-palette').then(function (palette) {\n  cy.get('#clear-board').should('be.belowOf', palette);\n});\ncy.get('#clear-board').then(function (clearBtn) {\n  cy.get('#pixel-board').should('be.belowOf', clearBtn);\n});",
              "err": {},
              "uuid": "765f2272-0154-4891-86b3-a3abc574a337",
              "parentUUID": "89ebf1bc-b511-4105-b90a-b3db0a634a8a",
              "isHook": false,
              "skipped": false
            },
            {
              "title": "Verifica se o texto do botão é 'Limpar'",
              "fullTitle": "9 - Crie um botão que, ao ser clicado, limpa o quadro preenchendo a cor de todos seus pixels com branco. Verifica se o texto do botão é 'Limpar'",
              "timedOut": null,
              "duration": 52,
              "state": "passed",
              "speed": "medium",
              "pass": true,
              "fail": false,
              "pending": false,
              "context": null,
              "code": "cy.get('#clear-board').should('contain.text', 'Limpar');",
              "err": {},
              "uuid": "96944d78-5d2f-475f-8c4a-e98ff854562c",
              "parentUUID": "89ebf1bc-b511-4105-b90a-b3db0a634a8a",
              "isHook": false,
              "skipped": false
            },
            {
              "title": "Verifica se ao clicar no botão, o quadro de pixels é totalmente preenchido de branco",
              "fullTitle": "9 - Crie um botão que, ao ser clicado, limpa o quadro preenchendo a cor de todos seus pixels com branco. Verifica se ao clicar no botão, o quadro de pixels é totalmente preenchido de branco",
              "timedOut": null,
              "duration": 4484,
              "state": "failed",
              "speed": null,
              "pass": false,
              "fail": true,
              "pending": false,
              "context": null,
              "code": "cy.get('.color').eq(1).then(function (color) {\n  var backgroundColor = color.css('background-color');\n  cy.wrap(color).click();\n  cy.get('.pixel').each(function (pixel) {\n    cy.wrap(pixel).click().should('have.css', 'background-color', backgroundColor);\n  });\n});\ncy.get('#clear-board').click();\ncy.get('.pixel').each(function (pixel) {\n  cy.wrap(pixel).should('have.css', 'background-color', WHITE);\n});",
              "err": {
                "message": "CypressError: Timed out retrying: expected '<div.pixel>' to have CSS property 'background-color' with the value 'rgb(255, 165, 0)', but the value was 'rgb(255, 255, 255)'",
                "estack": "CypressError: Timed out retrying: expected '<div.pixel>' to have CSS property 'background-color' with the value 'rgb(255, 165, 0)', but the value was 'rgb(255, 255, 255)'\n    at cypressErr (http://localhost:54775/__cypress/runner/cypress_runner.js:149934:9)\n    at throwErr (http://localhost:54775/__cypress/runner/cypress_runner.js:149867:11)\n    at Object.throwErrByPath (http://localhost:54775/__cypress/runner/cypress_runner.js:149915:3)\n    at retry (http://localhost:54775/__cypress/runner/cypress_runner.js:144197:19)\n    at onFailFn (http://localhost:54775/__cypress/runner/cypress_runner.js:132448:16)\n    at tryCatcher (http://localhost:54775/__cypress/runner/cypress_runner.js:167415:23)\n    at Promise._settlePromiseFromHandler (http://localhost:54775/__cypress/runner/cypress_runner.js:165351:31)\n    at Promise._settlePromise (http://localhost:54775/__cypress/runner/cypress_runner.js:165408:18)\n    at Promise._settlePromise0 (http://localhost:54775/__cypress/runner/cypress_runner.js:165453:10)\n    at Promise._settlePromises (http://localhost:54775/__cypress/runner/cypress_runner.js:165528:18)\n    at Async../node_modules/bluebird/js/release/async.js.Async._drainQueue (http://localhost:54775/__cypress/runner/cypress_runner.js:162140:16)\n    at Async../node_modules/bluebird/js/release/async.js.Async._drainQueues (http://localhost:54775/__cypress/runner/cypress_runner.js:162150:10)\n    at Async.drainQueues (http://localhost:54775/__cypress/runner/cypress_runner.js:162024:14)",
                "diff": null
              },
              "uuid": "8d74aa50-2397-4892-a1b8-2fecee415683",
              "parentUUID": "89ebf1bc-b511-4105-b90a-b3db0a634a8a",
              "isHook": false,
              "skipped": false
            }
          ],
          "suites": [],
          "passes": [
            "6a87e026-2357-46a5-8328-86ddebc69728",
            "765f2272-0154-4891-86b3-a3abc574a337",
            "96944d78-5d2f-475f-8c4a-e98ff854562c"
          ],
          "failures": [
            "8d74aa50-2397-4892-a1b8-2fecee415683"
          ],
          "pending": [],
          "skipped": [],
          "duration": 4711,
          "root": false,
          "rootEmpty": false,
          "_timeout": 2000
        },
        {
          "uuid": "95acd1c0-fb05-40c1-9b91-c5b15b110de5",
          "title": "10 - Faça o quadro de pixels ter seu tamanho definido pelo usuário.",
          "fullFile": "",
          "file": "",
          "beforeHooks": [],
          "afterHooks": [],
          "tests": [
            {
              "title": "Verifica se existe um input com o id `board-size`",
              "fullTitle": "10 - Faça o quadro de pixels ter seu tamanho definido pelo usuário. Verifica se existe um input com o id `board-size`",
              "timedOut": null,
              "duration": 4402,
              "state": "failed",
              "speed": null,
              "pass": false,
              "fail": true,
              "pending": false,
              "context": null,
              "code": "cy.get('#board-size').should('be.visible');",
              "err": {
                "message": "CypressError: Timed out retrying: Expected to find element: '#board-size', but never found it.",
                "estack": "CypressError: Timed out retrying: Expected to find element: '#board-size', but never found it.\n    at cypressErr (http://localhost:54775/__cypress/runner/cypress_runner.js:149934:9)\n    at throwErr (http://localhost:54775/__cypress/runner/cypress_runner.js:149867:11)\n    at Object.throwErrByPath (http://localhost:54775/__cypress/runner/cypress_runner.js:149915:3)\n    at retry (http://localhost:54775/__cypress/runner/cypress_runner.js:144197:19)\n    at onFailFn (http://localhost:54775/__cypress/runner/cypress_runner.js:132448:16)\n    at tryCatcher (http://localhost:54775/__cypress/runner/cypress_runner.js:167415:23)\n    at Promise._settlePromiseFromHandler (http://localhost:54775/__cypress/runner/cypress_runner.js:165351:31)\n    at Promise._settlePromise (http://localhost:54775/__cypress/runner/cypress_runner.js:165408:18)\n    at Promise._settlePromise0 (http://localhost:54775/__cypress/runner/cypress_runner.js:165453:10)\n    at Promise._settlePromises (http://localhost:54775/__cypress/runner/cypress_runner.js:165528:18)\n    at Async../node_modules/bluebird/js/release/async.js.Async._drainQueue (http://localhost:54775/__cypress/runner/cypress_runner.js:162140:16)\n    at Async../node_modules/bluebird/js/release/async.js.Async._drainQueues (http://localhost:54775/__cypress/runner/cypress_runner.js:162150:10)\n    at Async.drainQueues (http://localhost:54775/__cypress/runner/cypress_runner.js:162024:14)",
                "diff": null
              },
              "uuid": "6eee3d2b-25eb-4a4d-810a-ddc15076d9b1",
              "parentUUID": "95acd1c0-fb05-40c1-9b91-c5b15b110de5",
              "isHook": false,
              "skipped": false
            },
            {
              "title": "Verifica se existe um botão com o id `generate-board`",
              "fullTitle": "10 - Faça o quadro de pixels ter seu tamanho definido pelo usuário. Verifica se existe um botão com o id `generate-board`",
              "timedOut": null,
              "duration": 4389,
              "state": "failed",
              "speed": null,
              "pass": false,
              "fail": true,
              "pending": false,
              "context": null,
              "code": "cy.get('#generate-board').should('be.visible');",
              "err": {
                "message": "CypressError: Timed out retrying: Expected to find element: '#generate-board', but never found it.",
                "estack": "CypressError: Timed out retrying: Expected to find element: '#generate-board', but never found it.\n    at cypressErr (http://localhost:54775/__cypress/runner/cypress_runner.js:149934:9)\n    at throwErr (http://localhost:54775/__cypress/runner/cypress_runner.js:149867:11)\n    at Object.throwErrByPath (http://localhost:54775/__cypress/runner/cypress_runner.js:149915:3)\n    at retry (http://localhost:54775/__cypress/runner/cypress_runner.js:144197:19)\n    at onFailFn (http://localhost:54775/__cypress/runner/cypress_runner.js:132448:16)\n    at tryCatcher (http://localhost:54775/__cypress/runner/cypress_runner.js:167415:23)\n    at Promise._settlePromiseFromHandler (http://localhost:54775/__cypress/runner/cypress_runner.js:165351:31)\n    at Promise._settlePromise (http://localhost:54775/__cypress/runner/cypress_runner.js:165408:18)\n    at Promise._settlePromise0 (http://localhost:54775/__cypress/runner/cypress_runner.js:165453:10)\n    at Promise._settlePromises (http://localhost:54775/__cypress/runner/cypress_runner.js:165528:18)\n    at Async../node_modules/bluebird/js/release/async.js.Async._drainQueue (http://localhost:54775/__cypress/runner/cypress_runner.js:162140:16)\n    at Async../node_modules/bluebird/js/release/async.js.Async._drainQueues (http://localhost:54775/__cypress/runner/cypress_runner.js:162150:10)\n    at Async.drainQueues (http://localhost:54775/__cypress/runner/cypress_runner.js:162024:14)",
                "diff": null
              },
              "uuid": "4e9a96ef-85ee-47ba-90ad-99588c7afe21",
              "parentUUID": "95acd1c0-fb05-40c1-9b91-c5b15b110de5",
              "isHook": false,
              "skipped": false
            },
            {
              "title": "Verifica se o input só aceita número maiores que zero. Essa restrição deve ser feita usando os atributos do elemento `input`",
              "fullTitle": "10 - Faça o quadro de pixels ter seu tamanho definido pelo usuário. Verifica se o input só aceita número maiores que zero. Essa restrição deve ser feita usando os atributos do elemento `input`",
              "timedOut": null,
              "duration": 4360,
              "state": "failed",
              "speed": null,
              "pass": false,
              "fail": true,
              "pending": false,
              "context": null,
              "code": "cy.get('#board-size[type=\\'number\\'][min=\\'1\\']');",
              "err": {
                "message": "CypressError: Timed out retrying: Expected to find element: '#board-size[type='number'][min='1']', but never found it.",
                "estack": "CypressError: Timed out retrying: Expected to find element: '#board-size[type='number'][min='1']', but never found it.\n    at cypressErr (http://localhost:54775/__cypress/runner/cypress_runner.js:149934:9)\n    at throwErr (http://localhost:54775/__cypress/runner/cypress_runner.js:149867:11)\n    at Object.throwErrByPath (http://localhost:54775/__cypress/runner/cypress_runner.js:149915:3)\n    at retry (http://localhost:54775/__cypress/runner/cypress_runner.js:144197:19)\n    at onFailFn (http://localhost:54775/__cypress/runner/cypress_runner.js:132448:16)\n    at tryCatcher (http://localhost:54775/__cypress/runner/cypress_runner.js:167415:23)\n    at Promise._settlePromiseFromHandler (http://localhost:54775/__cypress/runner/cypress_runner.js:165351:31)\n    at Promise._settlePromise (http://localhost:54775/__cypress/runner/cypress_runner.js:165408:18)\n    at Promise._settlePromise0 (http://localhost:54775/__cypress/runner/cypress_runner.js:165453:10)\n    at Promise._settlePromises (http://localhost:54775/__cypress/runner/cypress_runner.js:165528:18)\n    at Async../node_modules/bluebird/js/release/async.js.Async._drainQueue (http://localhost:54775/__cypress/runner/cypress_runner.js:162140:16)\n    at Async../node_modules/bluebird/js/release/async.js.Async._drainQueues (http://localhost:54775/__cypress/runner/cypress_runner.js:162150:10)\n    at Async.drainQueues (http://localhost:54775/__cypress/runner/cypress_runner.js:162024:14)",
                "diff": null
              },
              "uuid": "170491bf-e80d-461a-af92-07b8fe7dd5d6",
              "parentUUID": "95acd1c0-fb05-40c1-9b91-c5b15b110de5",
              "isHook": false,
              "skipped": false
            },
            {
              "title": "Verifica se o botão contém o texto 'VQV'",
              "fullTitle": "10 - Faça o quadro de pixels ter seu tamanho definido pelo usuário. Verifica se o botão contém o texto 'VQV'",
              "timedOut": null,
              "duration": 4431,
              "state": "failed",
              "speed": null,
              "pass": false,
              "fail": true,
              "pending": false,
              "context": null,
              "code": "cy.get('#generate-board').contains(/vqv/i);",
              "err": {
                "message": "CypressError: Timed out retrying: Expected to find element: '#generate-board', but never found it.",
                "estack": "CypressError: Timed out retrying: Expected to find element: '#generate-board', but never found it.\n    at cypressErr (http://localhost:54775/__cypress/runner/cypress_runner.js:149934:9)\n    at throwErr (http://localhost:54775/__cypress/runner/cypress_runner.js:149867:11)\n    at Object.throwErrByPath (http://localhost:54775/__cypress/runner/cypress_runner.js:149915:3)\n    at retry (http://localhost:54775/__cypress/runner/cypress_runner.js:144197:19)\n    at onFailFn (http://localhost:54775/__cypress/runner/cypress_runner.js:132448:16)\n    at tryCatcher (http://localhost:54775/__cypress/runner/cypress_runner.js:167415:23)\n    at Promise._settlePromiseFromHandler (http://localhost:54775/__cypress/runner/cypress_runner.js:165351:31)\n    at Promise._settlePromise (http://localhost:54775/__cypress/runner/cypress_runner.js:165408:18)\n    at Promise._settlePromise0 (http://localhost:54775/__cypress/runner/cypress_runner.js:165453:10)\n    at Promise._settlePromises (http://localhost:54775/__cypress/runner/cypress_runner.js:165528:18)\n    at Async../node_modules/bluebird/js/release/async.js.Async._drainQueue (http://localhost:54775/__cypress/runner/cypress_runner.js:162140:16)\n    at Async../node_modules/bluebird/js/release/async.js.Async._drainQueues (http://localhost:54775/__cypress/runner/cypress_runner.js:162150:10)\n    at Async.drainQueues (http://localhost:54775/__cypress/runner/cypress_runner.js:162024:14)",
                "diff": null
              },
              "uuid": "e49f59cd-8216-428b-968b-0dd5bde7ea56",
              "parentUUID": "95acd1c0-fb05-40c1-9b91-c5b15b110de5",
              "isHook": false,
              "skipped": false
            },
            {
              "title": "Verifica se o input está posicionado entre a paleta de cores e o quadro de pixels",
              "fullTitle": "10 - Faça o quadro de pixels ter seu tamanho definido pelo usuário. Verifica se o input está posicionado entre a paleta de cores e o quadro de pixels",
              "timedOut": null,
              "duration": 4394,
              "state": "failed",
              "speed": null,
              "pass": false,
              "fail": true,
              "pending": false,
              "context": null,
              "code": "cy.get('#color-palette').then(function (palette) {\n  cy.get('#board-size').should('be.belowOf', palette);\n});\ncy.get('#board-size').then(function (palette) {\n  cy.get('#pixel-board').should('be.belowOf', palette);\n});",
              "err": {
                "message": "CypressError: Timed out retrying: Expected to find element: '#board-size', but never found it.",
                "estack": "CypressError: Timed out retrying: Expected to find element: '#board-size', but never found it.\n    at cypressErr (http://localhost:54775/__cypress/runner/cypress_runner.js:149934:9)\n    at throwErr (http://localhost:54775/__cypress/runner/cypress_runner.js:149867:11)\n    at Object.throwErrByPath (http://localhost:54775/__cypress/runner/cypress_runner.js:149915:3)\n    at retry (http://localhost:54775/__cypress/runner/cypress_runner.js:144197:19)\n    at onFailFn (http://localhost:54775/__cypress/runner/cypress_runner.js:132448:16)\n    at tryCatcher (http://localhost:54775/__cypress/runner/cypress_runner.js:167415:23)\n    at Promise._settlePromiseFromHandler (http://localhost:54775/__cypress/runner/cypress_runner.js:165351:31)\n    at Promise._settlePromise (http://localhost:54775/__cypress/runner/cypress_runner.js:165408:18)\n    at Promise._settlePromise0 (http://localhost:54775/__cypress/runner/cypress_runner.js:165453:10)\n    at Promise._settlePromises (http://localhost:54775/__cypress/runner/cypress_runner.js:165528:18)\n    at Async../node_modules/bluebird/js/release/async.js.Async._drainQueue (http://localhost:54775/__cypress/runner/cypress_runner.js:162140:16)\n    at Async../node_modules/bluebird/js/release/async.js.Async._drainQueues (http://localhost:54775/__cypress/runner/cypress_runner.js:162150:10)\n    at Async.drainQueues (http://localhost:54775/__cypress/runner/cypress_runner.js:162024:14)",
                "diff": null
              },
              "uuid": "63076158-ba60-405e-b20d-0b06d1a05103",
              "parentUUID": "95acd1c0-fb05-40c1-9b91-c5b15b110de5",
              "isHook": false,
              "skipped": false
            },
            {
              "title": "Verifica se o botão está posicionado ao lado do input",
              "fullTitle": "10 - Faça o quadro de pixels ter seu tamanho definido pelo usuário. Verifica se o botão está posicionado ao lado do input",
              "timedOut": null,
              "duration": 4413,
              "state": "failed",
              "speed": null,
              "pass": false,
              "fail": true,
              "pending": false,
              "context": null,
              "code": "cy.get('#board-size').then(function (board) {\n  cy.get('#generate-board').should('be.onTheRightOf', board);\n});",
              "err": {
                "message": "CypressError: Timed out retrying: Expected to find element: '#board-size', but never found it.",
                "estack": "CypressError: Timed out retrying: Expected to find element: '#board-size', but never found it.\n    at cypressErr (http://localhost:54775/__cypress/runner/cypress_runner.js:149934:9)\n    at throwErr (http://localhost:54775/__cypress/runner/cypress_runner.js:149867:11)\n    at Object.throwErrByPath (http://localhost:54775/__cypress/runner/cypress_runner.js:149915:3)\n    at retry (http://localhost:54775/__cypress/runner/cypress_runner.js:144197:19)\n    at onFailFn (http://localhost:54775/__cypress/runner/cypress_runner.js:132448:16)\n    at tryCatcher (http://localhost:54775/__cypress/runner/cypress_runner.js:167415:23)\n    at Promise._settlePromiseFromHandler (http://localhost:54775/__cypress/runner/cypress_runner.js:165351:31)\n    at Promise._settlePromise (http://localhost:54775/__cypress/runner/cypress_runner.js:165408:18)\n    at Promise._settlePromise0 (http://localhost:54775/__cypress/runner/cypress_runner.js:165453:10)\n    at Promise._settlePromises (http://localhost:54775/__cypress/runner/cypress_runner.js:165528:18)\n    at Async../node_modules/bluebird/js/release/async.js.Async._drainQueue (http://localhost:54775/__cypress/runner/cypress_runner.js:162140:16)\n    at Async../node_modules/bluebird/js/release/async.js.Async._drainQueues (http://localhost:54775/__cypress/runner/cypress_runner.js:162150:10)\n    at Async.drainQueues (http://localhost:54775/__cypress/runner/cypress_runner.js:162024:14)",
                "diff": null
              },
              "uuid": "0c4952b7-c3e9-4aaf-9119-4ad8aaa0af15",
              "parentUUID": "95acd1c0-fb05-40c1-9b91-c5b15b110de5",
              "isHook": false,
              "skipped": false
            },
            {
              "title": "Verifica se nenhum valor for colocado no input ao clicar no botão, um `alert` é exibido com o texto: 'Board inválido!'",
              "fullTitle": "10 - Faça o quadro de pixels ter seu tamanho definido pelo usuário. Verifica se nenhum valor for colocado no input ao clicar no botão, um `alert` é exibido com o texto: 'Board inválido!'",
              "timedOut": null,
              "duration": 4396,
              "state": "failed",
              "speed": null,
              "pass": false,
              "fail": true,
              "pending": false,
              "context": null,
              "code": "var alerted = false;\ncy.on('window:alert', function (msg) {\n  return alerted = msg;\n});\ncy.get('#generate-board').click().then(function () {\n  return expect(alerted).to.match(/Board inválido!/i);\n});",
              "err": {
                "message": "CypressError: Timed out retrying: Expected to find element: '#generate-board', but never found it.",
                "estack": "CypressError: Timed out retrying: Expected to find element: '#generate-board', but never found it.\n    at cypressErr (http://localhost:54775/__cypress/runner/cypress_runner.js:149934:9)\n    at throwErr (http://localhost:54775/__cypress/runner/cypress_runner.js:149867:11)\n    at Object.throwErrByPath (http://localhost:54775/__cypress/runner/cypress_runner.js:149915:3)\n    at retry (http://localhost:54775/__cypress/runner/cypress_runner.js:144197:19)\n    at onFailFn (http://localhost:54775/__cypress/runner/cypress_runner.js:132448:16)\n    at tryCatcher (http://localhost:54775/__cypress/runner/cypress_runner.js:167415:23)\n    at Promise._settlePromiseFromHandler (http://localhost:54775/__cypress/runner/cypress_runner.js:165351:31)\n    at Promise._settlePromise (http://localhost:54775/__cypress/runner/cypress_runner.js:165408:18)\n    at Promise._settlePromise0 (http://localhost:54775/__cypress/runner/cypress_runner.js:165453:10)\n    at Promise._settlePromises (http://localhost:54775/__cypress/runner/cypress_runner.js:165528:18)\n    at Async../node_modules/bluebird/js/release/async.js.Async._drainQueue (http://localhost:54775/__cypress/runner/cypress_runner.js:162140:16)\n    at Async../node_modules/bluebird/js/release/async.js.Async._drainQueues (http://localhost:54775/__cypress/runner/cypress_runner.js:162150:10)\n    at Async.drainQueues (http://localhost:54775/__cypress/runner/cypress_runner.js:162024:14)",
                "diff": null
              },
              "uuid": "5ce10a5c-9f32-4356-8ddd-4fc7658a6d33",
              "parentUUID": "95acd1c0-fb05-40c1-9b91-c5b15b110de5",
              "isHook": false,
              "skipped": false
            },
            {
              "title": "Verifica se ao clicar no botão com um valor preenchido, o tamanho do board muda.",
              "fullTitle": "10 - Faça o quadro de pixels ter seu tamanho definido pelo usuário. Verifica se ao clicar no botão com um valor preenchido, o tamanho do board muda.",
              "timedOut": null,
              "duration": 4366,
              "state": "failed",
              "speed": null,
              "pass": false,
              "fail": true,
              "pending": false,
              "context": null,
              "code": "cy.get('#board-size').clear().type(10);\ncy.get('#generate-board').click();\ncy.get('.pixel').should('have.length', 100);",
              "err": {
                "message": "CypressError: Timed out retrying: Expected to find element: '#board-size', but never found it.",
                "estack": "CypressError: Timed out retrying: Expected to find element: '#board-size', but never found it.\n    at cypressErr (http://localhost:54775/__cypress/runner/cypress_runner.js:149934:9)\n    at throwErr (http://localhost:54775/__cypress/runner/cypress_runner.js:149867:11)\n    at Object.throwErrByPath (http://localhost:54775/__cypress/runner/cypress_runner.js:149915:3)\n    at retry (http://localhost:54775/__cypress/runner/cypress_runner.js:144197:19)\n    at onFailFn (http://localhost:54775/__cypress/runner/cypress_runner.js:132448:16)\n    at tryCatcher (http://localhost:54775/__cypress/runner/cypress_runner.js:167415:23)\n    at Promise._settlePromiseFromHandler (http://localhost:54775/__cypress/runner/cypress_runner.js:165351:31)\n    at Promise._settlePromise (http://localhost:54775/__cypress/runner/cypress_runner.js:165408:18)\n    at Promise._settlePromise0 (http://localhost:54775/__cypress/runner/cypress_runner.js:165453:10)\n    at Promise._settlePromises (http://localhost:54775/__cypress/runner/cypress_runner.js:165528:18)\n    at Async../node_modules/bluebird/js/release/async.js.Async._drainQueue (http://localhost:54775/__cypress/runner/cypress_runner.js:162140:16)\n    at Async../node_modules/bluebird/js/release/async.js.Async._drainQueues (http://localhost:54775/__cypress/runner/cypress_runner.js:162150:10)\n    at Async.drainQueues (http://localhost:54775/__cypress/runner/cypress_runner.js:162024:14)",
                "diff": null
              },
              "uuid": "42700fc2-a6ca-4839-8471-b29a4c46ba46",
              "parentUUID": "95acd1c0-fb05-40c1-9b91-c5b15b110de5",
              "isHook": false,
              "skipped": false
            },
            {
              "title": "Verifica se o novo quadro tem todos os pixels preenchidos com a cor branca",
              "fullTitle": "10 - Faça o quadro de pixels ter seu tamanho definido pelo usuário. Verifica se o novo quadro tem todos os pixels preenchidos com a cor branca",
              "timedOut": null,
              "duration": 4386,
              "state": "failed",
              "speed": null,
              "pass": false,
              "fail": true,
              "pending": false,
              "context": null,
              "code": "cy.get('#board-size').clear().type(6);\ncy.get('#generate-board').click();\ncy.get('.pixel').should('have.length', 36).each(function (pixel) {\n  expect(pixel).to.have.css('background-color', WHITE);\n});",
              "err": {
                "message": "CypressError: Timed out retrying: Expected to find element: '#board-size', but never found it.",
                "estack": "CypressError: Timed out retrying: Expected to find element: '#board-size', but never found it.\n    at cypressErr (http://localhost:54775/__cypress/runner/cypress_runner.js:149934:9)\n    at throwErr (http://localhost:54775/__cypress/runner/cypress_runner.js:149867:11)\n    at Object.throwErrByPath (http://localhost:54775/__cypress/runner/cypress_runner.js:149915:3)\n    at retry (http://localhost:54775/__cypress/runner/cypress_runner.js:144197:19)\n    at onFailFn (http://localhost:54775/__cypress/runner/cypress_runner.js:132448:16)\n    at tryCatcher (http://localhost:54775/__cypress/runner/cypress_runner.js:167415:23)\n    at Promise._settlePromiseFromHandler (http://localhost:54775/__cypress/runner/cypress_runner.js:165351:31)\n    at Promise._settlePromise (http://localhost:54775/__cypress/runner/cypress_runner.js:165408:18)\n    at Promise._settlePromise0 (http://localhost:54775/__cypress/runner/cypress_runner.js:165453:10)\n    at Promise._settlePromises (http://localhost:54775/__cypress/runner/cypress_runner.js:165528:18)\n    at Async../node_modules/bluebird/js/release/async.js.Async._drainQueue (http://localhost:54775/__cypress/runner/cypress_runner.js:162140:16)\n    at Async../node_modules/bluebird/js/release/async.js.Async._drainQueues (http://localhost:54775/__cypress/runner/cypress_runner.js:162150:10)\n    at Async.drainQueues (http://localhost:54775/__cypress/runner/cypress_runner.js:162024:14)",
                "diff": null
              },
              "uuid": "9ce1a1c7-e7e0-4b0e-a810-da1996d81c9a",
              "parentUUID": "95acd1c0-fb05-40c1-9b91-c5b15b110de5",
              "isHook": false,
              "skipped": false
            }
          ],
          "suites": [],
          "passes": [],
          "failures": [
            "6eee3d2b-25eb-4a4d-810a-ddc15076d9b1",
            "4e9a96ef-85ee-47ba-90ad-99588c7afe21",
            "170491bf-e80d-461a-af92-07b8fe7dd5d6",
            "e49f59cd-8216-428b-968b-0dd5bde7ea56",
            "63076158-ba60-405e-b20d-0b06d1a05103",
            "0c4952b7-c3e9-4aaf-9119-4ad8aaa0af15",
            "5ce10a5c-9f32-4356-8ddd-4fc7658a6d33",
            "42700fc2-a6ca-4839-8471-b29a4c46ba46",
            "9ce1a1c7-e7e0-4b0e-a810-da1996d81c9a"
          ],
          "pending": [],
          "skipped": [],
          "duration": 39537,
          "root": false,
          "rootEmpty": false,
          "_timeout": 2000
        },
        {
          "uuid": "74c132b4-a057-48d6-acae-f078ae34d84a",
          "title": "11 - Limite o tamanho mínimo e máximo do board.",
          "fullFile": "",
          "file": "",
          "beforeHooks": [],
          "afterHooks": [],
          "tests": [
            {
              "title": "Verifica se a altura máxima do board é 50",
              "fullTitle": "11 - Limite o tamanho mínimo e máximo do board. Verifica se a altura máxima do board é 50",
              "timedOut": null,
              "duration": 4381,
              "state": "failed",
              "speed": null,
              "pass": false,
              "fail": true,
              "pending": false,
              "context": null,
              "code": "cy.get('#board-size').clear().type(50);\ncy.get('#generate-board').click();\ncy.get('.pixel').should('have.length', 2500);",
              "err": {
                "message": "CypressError: Timed out retrying: Expected to find element: '#board-size', but never found it.",
                "estack": "CypressError: Timed out retrying: Expected to find element: '#board-size', but never found it.\n    at cypressErr (http://localhost:54775/__cypress/runner/cypress_runner.js:149934:9)\n    at throwErr (http://localhost:54775/__cypress/runner/cypress_runner.js:149867:11)\n    at Object.throwErrByPath (http://localhost:54775/__cypress/runner/cypress_runner.js:149915:3)\n    at retry (http://localhost:54775/__cypress/runner/cypress_runner.js:144197:19)\n    at onFailFn (http://localhost:54775/__cypress/runner/cypress_runner.js:132448:16)\n    at tryCatcher (http://localhost:54775/__cypress/runner/cypress_runner.js:167415:23)\n    at Promise._settlePromiseFromHandler (http://localhost:54775/__cypress/runner/cypress_runner.js:165351:31)\n    at Promise._settlePromise (http://localhost:54775/__cypress/runner/cypress_runner.js:165408:18)\n    at Promise._settlePromise0 (http://localhost:54775/__cypress/runner/cypress_runner.js:165453:10)\n    at Promise._settlePromises (http://localhost:54775/__cypress/runner/cypress_runner.js:165528:18)\n    at Async../node_modules/bluebird/js/release/async.js.Async._drainQueue (http://localhost:54775/__cypress/runner/cypress_runner.js:162140:16)\n    at Async../node_modules/bluebird/js/release/async.js.Async._drainQueues (http://localhost:54775/__cypress/runner/cypress_runner.js:162150:10)\n    at Async.drainQueues (http://localhost:54775/__cypress/runner/cypress_runner.js:162024:14)",
                "diff": null
              },
              "uuid": "d025fdbf-59d8-4ac1-8b26-17ff37bd45cf",
              "parentUUID": "74c132b4-a057-48d6-acae-f078ae34d84a",
              "isHook": false,
              "skipped": false
            },
            {
              "title": "Verifica se a altura do board é 5 quando um valor menor é colocado no input",
              "fullTitle": "11 - Limite o tamanho mínimo e máximo do board. Verifica se a altura do board é 5 quando um valor menor é colocado no input",
              "timedOut": null,
              "duration": 4386,
              "state": "failed",
              "speed": null,
              "pass": false,
              "fail": true,
              "pending": false,
              "context": null,
              "code": "cy.get('#board-size').clear().type(4);\ncy.get('#generate-board').click();\ncy.get('.pixel').should('have.length', 25);",
              "err": {
                "message": "CypressError: Timed out retrying: Expected to find element: '#board-size', but never found it.",
                "estack": "CypressError: Timed out retrying: Expected to find element: '#board-size', but never found it.\n    at cypressErr (http://localhost:54775/__cypress/runner/cypress_runner.js:149934:9)\n    at throwErr (http://localhost:54775/__cypress/runner/cypress_runner.js:149867:11)\n    at Object.throwErrByPath (http://localhost:54775/__cypress/runner/cypress_runner.js:149915:3)\n    at retry (http://localhost:54775/__cypress/runner/cypress_runner.js:144197:19)\n    at onFailFn (http://localhost:54775/__cypress/runner/cypress_runner.js:132448:16)\n    at tryCatcher (http://localhost:54775/__cypress/runner/cypress_runner.js:167415:23)\n    at Promise._settlePromiseFromHandler (http://localhost:54775/__cypress/runner/cypress_runner.js:165351:31)\n    at Promise._settlePromise (http://localhost:54775/__cypress/runner/cypress_runner.js:165408:18)\n    at Promise._settlePromise0 (http://localhost:54775/__cypress/runner/cypress_runner.js:165453:10)\n    at Promise._settlePromises (http://localhost:54775/__cypress/runner/cypress_runner.js:165528:18)\n    at Async../node_modules/bluebird/js/release/async.js.Async._drainQueue (http://localhost:54775/__cypress/runner/cypress_runner.js:162140:16)\n    at Async../node_modules/bluebird/js/release/async.js.Async._drainQueues (http://localhost:54775/__cypress/runner/cypress_runner.js:162150:10)\n    at Async.drainQueues (http://localhost:54775/__cypress/runner/cypress_runner.js:162024:14)",
                "diff": null
              },
              "uuid": "f23b9263-fe36-424d-8294-149e3e827574",
              "parentUUID": "74c132b4-a057-48d6-acae-f078ae34d84a",
              "isHook": false,
              "skipped": false
            },
            {
              "title": "Verifica se a altura do board é 50 quando um valor maior é colocado no input",
              "fullTitle": "11 - Limite o tamanho mínimo e máximo do board. Verifica se a altura do board é 50 quando um valor maior é colocado no input",
              "timedOut": null,
              "duration": 4367,
              "state": "failed",
              "speed": null,
              "pass": false,
              "fail": true,
              "pending": false,
              "context": null,
              "code": "cy.get('#board-size').clear().type(51);\ncy.get('#generate-board').click();\ncy.get('.pixel').should('have.length', 2500);",
              "err": {
                "message": "CypressError: Timed out retrying: Expected to find element: '#board-size', but never found it.",
                "estack": "CypressError: Timed out retrying: Expected to find element: '#board-size', but never found it.\n    at cypressErr (http://localhost:54775/__cypress/runner/cypress_runner.js:149934:9)\n    at throwErr (http://localhost:54775/__cypress/runner/cypress_runner.js:149867:11)\n    at Object.throwErrByPath (http://localhost:54775/__cypress/runner/cypress_runner.js:149915:3)\n    at retry (http://localhost:54775/__cypress/runner/cypress_runner.js:144197:19)\n    at onFailFn (http://localhost:54775/__cypress/runner/cypress_runner.js:132448:16)\n    at tryCatcher (http://localhost:54775/__cypress/runner/cypress_runner.js:167415:23)\n    at Promise._settlePromiseFromHandler (http://localhost:54775/__cypress/runner/cypress_runner.js:165351:31)\n    at Promise._settlePromise (http://localhost:54775/__cypress/runner/cypress_runner.js:165408:18)\n    at Promise._settlePromise0 (http://localhost:54775/__cypress/runner/cypress_runner.js:165453:10)\n    at Promise._settlePromises (http://localhost:54775/__cypress/runner/cypress_runner.js:165528:18)\n    at Async../node_modules/bluebird/js/release/async.js.Async._drainQueue (http://localhost:54775/__cypress/runner/cypress_runner.js:162140:16)\n    at Async../node_modules/bluebird/js/release/async.js.Async._drainQueues (http://localhost:54775/__cypress/runner/cypress_runner.js:162150:10)\n    at Async.drainQueues (http://localhost:54775/__cypress/runner/cypress_runner.js:162024:14)",
                "diff": null
              },
              "uuid": "4358ee41-2a93-45be-8fad-cd2e99ef63bd",
              "parentUUID": "74c132b4-a057-48d6-acae-f078ae34d84a",
              "isHook": false,
              "skipped": false
            }
          ],
          "suites": [],
          "passes": [],
          "failures": [
            "d025fdbf-59d8-4ac1-8b26-17ff37bd45cf",
            "f23b9263-fe36-424d-8294-149e3e827574",
            "4358ee41-2a93-45be-8fad-cd2e99ef63bd"
          ],
          "pending": [],
          "skipped": [],
          "duration": 13134,
          "root": false,
          "rootEmpty": false,
          "_timeout": 2000
        },
        {
          "uuid": "b87e7b44-e2ba-4809-93ca-dbe7c96f0af4",
          "title": "12 - Faça com que as cores da paleta sejam geradas aleatoriamente ao carregar a página.",
          "fullFile": "",
          "file": "",
          "beforeHooks": [],
          "afterHooks": [],
          "tests": [
            {
              "title": "Verifica se as cores geradas na paleta são diferentes a cada carregamento da página",
              "fullTitle": "12 - Faça com que as cores da paleta sejam geradas aleatoriamente ao carregar a página. Verifica se as cores geradas na paleta são diferentes a cada carregamento da página",
              "timedOut": null,
              "duration": 472,
              "state": "failed",
              "speed": null,
              "pass": false,
              "fail": true,
              "pending": false,
              "context": null,
              "code": "cy.get('.color').then(function (colors) {\n  var currentColors;\n  var previousColors;\n  previousColors = Array.from(colors).map(function (color) {\n    return Cypress.$(color).css('background-color');\n  });\n  for (var i = 0; i < 5; i += 1) {\n    cy.reload();\n    cy.get('.color').then(function (colors) {\n      currentColors = Array.from(colors).map(function (color) {\n        return Cypress.$(color).css('background-color');\n      });\n      expect(currentColors).not.to.deep.equal(previousColors);\n      previousColors = currentColors;\n    });\n  }\n});",
              "err": {
                "message": "AssertionError: expected [ Array(4) ] to not deeply equal [ Array(4) ]",
                "estack": "AssertionError: expected [ Array(4) ] to not deeply equal [ Array(4) ]\n    at getRet (http://localhost:54775/__cypress/runner/cypress_runner.js:136585:16)\n    at tryCatcher (http://localhost:54775/__cypress/runner/cypress_runner.js:167415:23)\n    at Function.Promise.attempt.Promise.try (http://localhost:54775/__cypress/runner/cypress_runner.js:164690:29)\n    at Context.thenFn (http://localhost:54775/__cypress/runner/cypress_runner.js:136599:23)\n    at Context.then (http://localhost:54775/__cypress/runner/cypress_runner.js:136971:21)\n    at Context.<anonymous> (http://localhost:54775/__cypress/runner/cypress_runner.js:148875:21)\n    at http://localhost:54775/__cypress/runner/cypress_runner.js:148351:33\n    at tryCatcher (http://localhost:54775/__cypress/runner/cypress_runner.js:167415:23)\n    at Promise._settlePromiseFromHandler (http://localhost:54775/__cypress/runner/cypress_runner.js:165351:31)\n    at Promise._settlePromise (http://localhost:54775/__cypress/runner/cypress_runner.js:165408:18)\n    at Promise._settlePromiseCtx (http://localhost:54775/__cypress/runner/cypress_runner.js:165445:10)\n    at Async../node_modules/bluebird/js/release/async.js.Async._drainQueue (http://localhost:54775/__cypress/runner/cypress_runner.js:162145:12)\n    at Async../node_modules/bluebird/js/release/async.js.Async._drainQueues (http://localhost:54775/__cypress/runner/cypress_runner.js:162150:10)\n    at Async.drainQueues (http://localhost:54775/__cypress/runner/cypress_runner.js:162024:14)",
                "diff": ""
              },
              "uuid": "5d7bc1ab-2a7b-4728-8b5b-7a477c5167b6",
              "parentUUID": "b87e7b44-e2ba-4809-93ca-dbe7c96f0af4",
              "isHook": false,
              "skipped": false
            },
            {
              "title": "Verifica se a cor preta ainda está presente e é a primeira na sua paleta de cores",
              "fullTitle": "12 - Faça com que as cores da paleta sejam geradas aleatoriamente ao carregar a página. Verifica se a cor preta ainda está presente e é a primeira na sua paleta de cores",
              "timedOut": null,
              "duration": 437,
              "state": "failed",
              "speed": null,
              "pass": false,
              "fail": true,
              "pending": false,
              "context": null,
              "code": "cy.get('.color').then(function (colors) {\n  var currentColors;\n  var previousColors;\n  previousColors = Array.from(colors).map(function (color) {\n    return Cypress.$(color).css('background-color');\n  });\n  expect(previousColors[0]).to.eq(BLACK);\n  for (var i = 0; i < 5; i += 1) {\n    cy.reload();\n    cy.get('.color').then(function (colors) {\n      currentColors = Array.from(colors).map(function (color) {\n        return Cypress.$(color).css('background-color');\n      });\n      expect(currentColors[0]).to.eq(BLACK);\n      expect(currentColors).not.to.deep.equal(previousColors);\n      previousColors = currentColors;\n    });\n  }\n});",
              "err": {
                "message": "AssertionError: expected [ Array(4) ] to not deeply equal [ Array(4) ]",
                "estack": "AssertionError: expected [ Array(4) ] to not deeply equal [ Array(4) ]\n    at getRet (http://localhost:54775/__cypress/runner/cypress_runner.js:136585:16)\n    at tryCatcher (http://localhost:54775/__cypress/runner/cypress_runner.js:167415:23)\n    at Function.Promise.attempt.Promise.try (http://localhost:54775/__cypress/runner/cypress_runner.js:164690:29)\n    at Context.thenFn (http://localhost:54775/__cypress/runner/cypress_runner.js:136599:23)\n    at Context.then (http://localhost:54775/__cypress/runner/cypress_runner.js:136971:21)\n    at Context.<anonymous> (http://localhost:54775/__cypress/runner/cypress_runner.js:148875:21)\n    at http://localhost:54775/__cypress/runner/cypress_runner.js:148351:33\n    at tryCatcher (http://localhost:54775/__cypress/runner/cypress_runner.js:167415:23)\n    at Promise._settlePromiseFromHandler (http://localhost:54775/__cypress/runner/cypress_runner.js:165351:31)\n    at Promise._settlePromise (http://localhost:54775/__cypress/runner/cypress_runner.js:165408:18)\n    at Promise._settlePromiseCtx (http://localhost:54775/__cypress/runner/cypress_runner.js:165445:10)\n    at Async../node_modules/bluebird/js/release/async.js.Async._drainQueue (http://localhost:54775/__cypress/runner/cypress_runner.js:162145:12)\n    at Async../node_modules/bluebird/js/release/async.js.Async._drainQueues (http://localhost:54775/__cypress/runner/cypress_runner.js:162150:10)\n    at Async.drainQueues (http://localhost:54775/__cypress/runner/cypress_runner.js:162024:14)",
                "diff": ""
              },
              "uuid": "d73eda35-d63a-47c9-9dc7-5b733fe8a1e3",
              "parentUUID": "b87e7b44-e2ba-4809-93ca-dbe7c96f0af4",
              "isHook": false,
              "skipped": false
            }
          ],
          "suites": [],
          "passes": [],
          "failures": [
            "5d7bc1ab-2a7b-4728-8b5b-7a477c5167b6",
            "d73eda35-d63a-47c9-9dc7-5b733fe8a1e3"
          ],
          "pending": [],
          "skipped": [],
          "duration": 909,
          "root": false,
          "rootEmpty": false,
          "_timeout": 2000
        }
      ],
      "passes": [],
      "failures": [],
      "pending": [],
      "skipped": [],
      "duration": 0,
      "root": true,
      "rootEmpty": true,
      "_timeout": 2000
    }
  ],
  "meta": {
    "mocha": {
      "version": "7.0.1"
    },
    "mochawesome": {
      "options": {
        "quiet": false,
        "reportFilename": "mochawesome",
        "saveHtml": false,
        "saveJson": true,
        "consoleReporter": "spec",
        "useInlineDiffs": false
      },
      "version": "4.1.0"
    },
    "marge": {
      "options": {
        "id": "default",
        "reportDir": "cypress/reports",
        "overwrite": true,
        "html": false,
        "json": true
      },
      "version": "4.1.0"
    }
  }
}