{
  "stats": {
    "suites": 12,
    "tests": 41,
    "passes": 0,
    "pending": 0,
    "failures": 41,
    "start": "2021-07-08T18:30:49.411Z",
    "end": "2021-07-08T18:33:51.276Z",
    "duration": 181865,
    "testsRegistered": 41,
    "passPercent": 0,
    "pendingPercent": 0,
    "other": 0,
    "hasOther": false,
    "skipped": 0,
    "hasSkipped": false
  },
  "results": [
    {
      "uuid": "d3095e91-e9d2-4df6-b95e-da314163f3c6",
      "title": "",
      "fullFile": "cypress/integration/project.spec.js",
      "file": "cypress/integration/project.spec.js",
      "beforeHooks": [],
      "afterHooks": [],
      "tests": [],
      "suites": [
        {
          "uuid": "a7fc84b9-32fe-4f2f-b804-4bc33147a17a",
          "title": "1 - Adicione à página o título \"Paleta de Cores\".",
          "fullFile": "",
          "file": "",
          "beforeHooks": [],
          "afterHooks": [],
          "tests": [
            {
              "title": "Verifica se contém um elemento `h1` com o id `title` com o título correto",
              "fullTitle": "1 - Adicione à página o título \"Paleta de Cores\". Verifica se contém um elemento `h1` com o id `title` com o título correto",
              "timedOut": null,
              "duration": 4704,
              "state": "failed",
              "speed": null,
              "pass": false,
              "fail": true,
              "pending": false,
              "context": null,
              "code": "cy.get('h1#title').should('contain.text', 'Paleta de Cores');",
              "err": {
                "message": "CypressError: Timed out retrying: Expected to find element: 'h1#title', but never found it.",
                "estack": "CypressError: Timed out retrying: Expected to find element: 'h1#title', but never found it.\n    at cypressErr (http://localhost:34543/__cypress/runner/cypress_runner.js:149934:9)\n    at throwErr (http://localhost:34543/__cypress/runner/cypress_runner.js:149867:11)\n    at Object.throwErrByPath (http://localhost:34543/__cypress/runner/cypress_runner.js:149915:3)\n    at retry (http://localhost:34543/__cypress/runner/cypress_runner.js:144197:19)\n    at onFailFn (http://localhost:34543/__cypress/runner/cypress_runner.js:132448:16)\n    at tryCatcher (http://localhost:34543/__cypress/runner/cypress_runner.js:167415:23)\n    at Promise._settlePromiseFromHandler (http://localhost:34543/__cypress/runner/cypress_runner.js:165351:31)\n    at Promise._settlePromise (http://localhost:34543/__cypress/runner/cypress_runner.js:165408:18)\n    at Promise._settlePromise0 (http://localhost:34543/__cypress/runner/cypress_runner.js:165453:10)\n    at Promise._settlePromises (http://localhost:34543/__cypress/runner/cypress_runner.js:165528:18)\n    at Async../node_modules/bluebird/js/release/async.js.Async._drainQueue (http://localhost:34543/__cypress/runner/cypress_runner.js:162140:16)\n    at Async../node_modules/bluebird/js/release/async.js.Async._drainQueues (http://localhost:34543/__cypress/runner/cypress_runner.js:162150:10)\n    at Async.drainQueues (http://localhost:34543/__cypress/runner/cypress_runner.js:162024:14)",
                "diff": null
              },
              "uuid": "261da769-2ccf-4a10-9447-a7a96b3e5765",
              "parentUUID": "a7fc84b9-32fe-4f2f-b804-4bc33147a17a",
              "isHook": false,
              "skipped": false
            }
          ],
          "suites": [],
          "passes": [],
          "failures": ["261da769-2ccf-4a10-9447-a7a96b3e5765"],
          "pending": [],
          "skipped": [],
          "duration": 4704,
          "root": false,
          "rootEmpty": false,
          "_timeout": 2000
        },
        {
          "uuid": "e0c2c639-6795-487f-b1e6-47bd173eaca3",
          "title": "2 - Adicione à página uma paleta de quatro cores distintas.",
          "fullFile": "",
          "file": "",
          "beforeHooks": [],
          "afterHooks": [],
          "tests": [
            {
              "title": "A paleta de cores deve ser um elemento com `id` denominado `color-palette`",
              "fullTitle": "2 - Adicione à página uma paleta de quatro cores distintas. A paleta de cores deve ser um elemento com `id` denominado `color-palette`",
              "timedOut": null,
              "duration": 4422,
              "state": "failed",
              "speed": null,
              "pass": false,
              "fail": true,
              "pending": false,
              "context": null,
              "code": "cy.get('#color-palette').should('be.visible');",
              "err": {
                "message": "CypressError: Timed out retrying: Expected to find element: '#color-palette', but never found it.",
                "estack": "CypressError: Timed out retrying: Expected to find element: '#color-palette', but never found it.\n    at cypressErr (http://localhost:34543/__cypress/runner/cypress_runner.js:149934:9)\n    at throwErr (http://localhost:34543/__cypress/runner/cypress_runner.js:149867:11)\n    at Object.throwErrByPath (http://localhost:34543/__cypress/runner/cypress_runner.js:149915:3)\n    at retry (http://localhost:34543/__cypress/runner/cypress_runner.js:144197:19)\n    at onFailFn (http://localhost:34543/__cypress/runner/cypress_runner.js:132448:16)\n    at tryCatcher (http://localhost:34543/__cypress/runner/cypress_runner.js:167415:23)\n    at Promise._settlePromiseFromHandler (http://localhost:34543/__cypress/runner/cypress_runner.js:165351:31)\n    at Promise._settlePromise (http://localhost:34543/__cypress/runner/cypress_runner.js:165408:18)\n    at Promise._settlePromise0 (http://localhost:34543/__cypress/runner/cypress_runner.js:165453:10)\n    at Promise._settlePromises (http://localhost:34543/__cypress/runner/cypress_runner.js:165528:18)\n    at Async../node_modules/bluebird/js/release/async.js.Async._drainQueue (http://localhost:34543/__cypress/runner/cypress_runner.js:162140:16)\n    at Async../node_modules/bluebird/js/release/async.js.Async._drainQueues (http://localhost:34543/__cypress/runner/cypress_runner.js:162150:10)\n    at Async.drainQueues (http://localhost:34543/__cypress/runner/cypress_runner.js:162024:14)",
                "diff": null
              },
              "uuid": "311da829-2586-4e5d-8b59-b7aceae833d7",
              "parentUUID": "e0c2c639-6795-487f-b1e6-47bd173eaca3",
              "isHook": false,
              "skipped": false
            },
            {
              "title": "Verifica se cada cor individual da paleta de cores possui a `classe` chamada `color`.",
              "fullTitle": "2 - Adicione à página uma paleta de quatro cores distintas. Verifica se cada cor individual da paleta de cores possui a `classe` chamada `color`.",
              "timedOut": null,
              "duration": 4286,
              "state": "failed",
              "speed": null,
              "pass": false,
              "fail": true,
              "pending": false,
              "context": null,
              "code": "cy.get('.color').should('have.length', 4).then(function (colors) {\n  for (var i = 0; i < colors.length; i++) {\n    cy.wrap(colors[i]).should('be.visible');\n  }\n});",
              "err": {
                "message": "CypressError: Timed out retrying: Expected to find element: '.color', but never found it.",
                "estack": "CypressError: Timed out retrying: Expected to find element: '.color', but never found it.\n    at cypressErr (http://localhost:34543/__cypress/runner/cypress_runner.js:149934:9)\n    at throwErr (http://localhost:34543/__cypress/runner/cypress_runner.js:149867:11)\n    at Object.throwErrByPath (http://localhost:34543/__cypress/runner/cypress_runner.js:149915:3)\n    at retry (http://localhost:34543/__cypress/runner/cypress_runner.js:144197:19)\n    at onFailFn (http://localhost:34543/__cypress/runner/cypress_runner.js:132448:16)\n    at tryCatcher (http://localhost:34543/__cypress/runner/cypress_runner.js:167415:23)\n    at Promise._settlePromiseFromHandler (http://localhost:34543/__cypress/runner/cypress_runner.js:165351:31)\n    at Promise._settlePromise (http://localhost:34543/__cypress/runner/cypress_runner.js:165408:18)\n    at Promise._settlePromise0 (http://localhost:34543/__cypress/runner/cypress_runner.js:165453:10)\n    at Promise._settlePromises (http://localhost:34543/__cypress/runner/cypress_runner.js:165528:18)\n    at Async../node_modules/bluebird/js/release/async.js.Async._drainQueue (http://localhost:34543/__cypress/runner/cypress_runner.js:162140:16)\n    at Async../node_modules/bluebird/js/release/async.js.Async._drainQueues (http://localhost:34543/__cypress/runner/cypress_runner.js:162150:10)\n    at Async.drainQueues (http://localhost:34543/__cypress/runner/cypress_runner.js:162024:14)",
                "diff": null
              },
              "uuid": "5d8e055c-fb61-449c-bc32-ff5cc5b941fb",
              "parentUUID": "e0c2c639-6795-487f-b1e6-47bd173eaca3",
              "isHook": false,
              "skipped": false
            },
            {
              "title": "Verifica se a cor de fundo de cada elemento da paleta é a cor que o elemento representa. **A única cor não permitida na paleta é a cor branca.**",
              "fullTitle": "2 - Adicione à página uma paleta de quatro cores distintas. Verifica se a cor de fundo de cada elemento da paleta é a cor que o elemento representa. **A única cor não permitida na paleta é a cor branca.**",
              "timedOut": null,
              "duration": 4367,
              "state": "failed",
              "speed": null,
              "pass": false,
              "fail": true,
              "pending": false,
              "context": null,
              "code": "cy.get('.color').each(function (color) {\n  cy.wrap(color).should('have.class', 'color').and('not.have.css', 'background-color', WHITE);\n  cy.wrap(color).should('have.css', 'background-color');\n});",
              "err": {
                "message": "CypressError: Timed out retrying: Expected to find element: '.color', but never found it.",
                "estack": "CypressError: Timed out retrying: Expected to find element: '.color', but never found it.\n    at cypressErr (http://localhost:34543/__cypress/runner/cypress_runner.js:149934:9)\n    at throwErr (http://localhost:34543/__cypress/runner/cypress_runner.js:149867:11)\n    at Object.throwErrByPath (http://localhost:34543/__cypress/runner/cypress_runner.js:149915:3)\n    at retry (http://localhost:34543/__cypress/runner/cypress_runner.js:144197:19)\n    at onFailFn (http://localhost:34543/__cypress/runner/cypress_runner.js:132448:16)\n    at tryCatcher (http://localhost:34543/__cypress/runner/cypress_runner.js:167415:23)\n    at Promise._settlePromiseFromHandler (http://localhost:34543/__cypress/runner/cypress_runner.js:165351:31)\n    at Promise._settlePromise (http://localhost:34543/__cypress/runner/cypress_runner.js:165408:18)\n    at Promise._settlePromise0 (http://localhost:34543/__cypress/runner/cypress_runner.js:165453:10)\n    at Promise._settlePromises (http://localhost:34543/__cypress/runner/cypress_runner.js:165528:18)\n    at Async../node_modules/bluebird/js/release/async.js.Async._drainQueue (http://localhost:34543/__cypress/runner/cypress_runner.js:162140:16)\n    at Async../node_modules/bluebird/js/release/async.js.Async._drainQueues (http://localhost:34543/__cypress/runner/cypress_runner.js:162150:10)\n    at Async.drainQueues (http://localhost:34543/__cypress/runner/cypress_runner.js:162024:14)",
                "diff": null
              },
              "uuid": "34b871aa-8103-4f59-a1e3-ef17f6851cb4",
              "parentUUID": "e0c2c639-6795-487f-b1e6-47bd173eaca3",
              "isHook": false,
              "skipped": false
            },
            {
              "title": "Verifica se cada elemento da paleta de cores tem uma borda preta, sólida e com 1 pixel de largura;",
              "fullTitle": "2 - Adicione à página uma paleta de quatro cores distintas. Verifica se cada elemento da paleta de cores tem uma borda preta, sólida e com 1 pixel de largura;",
              "timedOut": null,
              "duration": 4364,
              "state": "failed",
              "speed": null,
              "pass": false,
              "fail": true,
              "pending": false,
              "context": null,
              "code": "cy.get('.color').each(function (color) {\n  cy.wrap(color).and('have.css', 'border', \"1px solid \".concat(BLACK)).and('have.class', 'color');\n});",
              "err": {
                "message": "CypressError: Timed out retrying: Expected to find element: '.color', but never found it.",
                "estack": "CypressError: Timed out retrying: Expected to find element: '.color', but never found it.\n    at cypressErr (http://localhost:34543/__cypress/runner/cypress_runner.js:149934:9)\n    at throwErr (http://localhost:34543/__cypress/runner/cypress_runner.js:149867:11)\n    at Object.throwErrByPath (http://localhost:34543/__cypress/runner/cypress_runner.js:149915:3)\n    at retry (http://localhost:34543/__cypress/runner/cypress_runner.js:144197:19)\n    at onFailFn (http://localhost:34543/__cypress/runner/cypress_runner.js:132448:16)\n    at tryCatcher (http://localhost:34543/__cypress/runner/cypress_runner.js:167415:23)\n    at Promise._settlePromiseFromHandler (http://localhost:34543/__cypress/runner/cypress_runner.js:165351:31)\n    at Promise._settlePromise (http://localhost:34543/__cypress/runner/cypress_runner.js:165408:18)\n    at Promise._settlePromise0 (http://localhost:34543/__cypress/runner/cypress_runner.js:165453:10)\n    at Promise._settlePromises (http://localhost:34543/__cypress/runner/cypress_runner.js:165528:18)\n    at Async../node_modules/bluebird/js/release/async.js.Async._drainQueue (http://localhost:34543/__cypress/runner/cypress_runner.js:162140:16)\n    at Async../node_modules/bluebird/js/release/async.js.Async._drainQueues (http://localhost:34543/__cypress/runner/cypress_runner.js:162150:10)\n    at Async.drainQueues (http://localhost:34543/__cypress/runner/cypress_runner.js:162024:14)",
                "diff": null
              },
              "uuid": "34160ad9-e85e-48da-aa5a-97fb8aa0bc1c",
              "parentUUID": "e0c2c639-6795-487f-b1e6-47bd173eaca3",
              "isHook": false,
              "skipped": false
            },
            {
              "title": "Verifica se a paleta lista todas as cores disponíveis para utilização, lado a lado.",
              "fullTitle": "2 - Adicione à página uma paleta de quatro cores distintas. Verifica se a paleta lista todas as cores disponíveis para utilização, lado a lado.",
              "timedOut": null,
              "duration": 4343,
              "state": "failed",
              "speed": null,
              "pass": false,
              "fail": true,
              "pending": false,
              "context": null,
              "code": "cy.get('.color').then(function (colors) {\n  for (var index = 1; index < colors.length; index += 1) {\n    var currentColor = colors[index];\n    var previousColor = colors[index - 1];\n    cy.wrap(currentColor).should('be.onTheRightOf', previousColor).and('be.horizontallyAlignedWith', previousColor);\n  }\n});",
              "err": {
                "message": "CypressError: Timed out retrying: Expected to find element: '.color', but never found it.",
                "estack": "CypressError: Timed out retrying: Expected to find element: '.color', but never found it.\n    at cypressErr (http://localhost:34543/__cypress/runner/cypress_runner.js:149934:9)\n    at throwErr (http://localhost:34543/__cypress/runner/cypress_runner.js:149867:11)\n    at Object.throwErrByPath (http://localhost:34543/__cypress/runner/cypress_runner.js:149915:3)\n    at retry (http://localhost:34543/__cypress/runner/cypress_runner.js:144197:19)\n    at onFailFn (http://localhost:34543/__cypress/runner/cypress_runner.js:132448:16)\n    at tryCatcher (http://localhost:34543/__cypress/runner/cypress_runner.js:167415:23)\n    at Promise._settlePromiseFromHandler (http://localhost:34543/__cypress/runner/cypress_runner.js:165351:31)\n    at Promise._settlePromise (http://localhost:34543/__cypress/runner/cypress_runner.js:165408:18)\n    at Promise._settlePromise0 (http://localhost:34543/__cypress/runner/cypress_runner.js:165453:10)\n    at Promise._settlePromises (http://localhost:34543/__cypress/runner/cypress_runner.js:165528:18)\n    at Async../node_modules/bluebird/js/release/async.js.Async._drainQueue (http://localhost:34543/__cypress/runner/cypress_runner.js:162140:16)\n    at Async../node_modules/bluebird/js/release/async.js.Async._drainQueues (http://localhost:34543/__cypress/runner/cypress_runner.js:162150:10)\n    at Async.drainQueues (http://localhost:34543/__cypress/runner/cypress_runner.js:162024:14)",
                "diff": null
              },
              "uuid": "50d2fe99-0ceb-4fe9-b1bc-62a93fe04834",
              "parentUUID": "e0c2c639-6795-487f-b1e6-47bd173eaca3",
              "isHook": false,
              "skipped": false
            },
            {
              "title": "Verifica se a paleta de cores está posicionada abaixo do título 'Paleta de Cores'",
              "fullTitle": "2 - Adicione à página uma paleta de quatro cores distintas. Verifica se a paleta de cores está posicionada abaixo do título 'Paleta de Cores'",
              "timedOut": null,
              "duration": 4352,
              "state": "failed",
              "speed": null,
              "pass": false,
              "fail": true,
              "pending": false,
              "context": null,
              "code": "cy.get('h1#title').then(function (title) {\n  cy.get('#color-palette').should('be.belowOf', title);\n});",
              "err": {
                "message": "CypressError: Timed out retrying: Expected to find element: 'h1#title', but never found it.",
                "estack": "CypressError: Timed out retrying: Expected to find element: 'h1#title', but never found it.\n    at cypressErr (http://localhost:34543/__cypress/runner/cypress_runner.js:149934:9)\n    at throwErr (http://localhost:34543/__cypress/runner/cypress_runner.js:149867:11)\n    at Object.throwErrByPath (http://localhost:34543/__cypress/runner/cypress_runner.js:149915:3)\n    at retry (http://localhost:34543/__cypress/runner/cypress_runner.js:144197:19)\n    at onFailFn (http://localhost:34543/__cypress/runner/cypress_runner.js:132448:16)\n    at tryCatcher (http://localhost:34543/__cypress/runner/cypress_runner.js:167415:23)\n    at Promise._settlePromiseFromHandler (http://localhost:34543/__cypress/runner/cypress_runner.js:165351:31)\n    at Promise._settlePromise (http://localhost:34543/__cypress/runner/cypress_runner.js:165408:18)\n    at Promise._settlePromise0 (http://localhost:34543/__cypress/runner/cypress_runner.js:165453:10)\n    at Promise._settlePromises (http://localhost:34543/__cypress/runner/cypress_runner.js:165528:18)\n    at Async../node_modules/bluebird/js/release/async.js.Async._drainQueue (http://localhost:34543/__cypress/runner/cypress_runner.js:162140:16)\n    at Async../node_modules/bluebird/js/release/async.js.Async._drainQueues (http://localhost:34543/__cypress/runner/cypress_runner.js:162150:10)\n    at Async.drainQueues (http://localhost:34543/__cypress/runner/cypress_runner.js:162024:14)",
                "diff": null
              },
              "uuid": "c14359a4-475a-486c-80aa-956a267d3f3f",
              "parentUUID": "e0c2c639-6795-487f-b1e6-47bd173eaca3",
              "isHook": false,
              "skipped": false
            },
            {
              "title": "Verifica se a paleta de cores não contém cores repetidas.",
              "fullTitle": "2 - Adicione à página uma paleta de quatro cores distintas. Verifica se a paleta de cores não contém cores repetidas.",
              "timedOut": null,
              "duration": 4400,
              "state": "failed",
              "speed": null,
              "pass": false,
              "fail": true,
              "pending": false,
              "context": null,
              "code": "cy.get('.color').then(function (colors) {\n  var allColors = Array.from(colors).map(function (color) {\n    return Cypress.$(color).css('background-color');\n  });\n  cy.log(allColors);\n  var uniqColors = (0, _toConsumableArray2[\"default\"])(new Set(allColors));\n  cy.log(uniqColors);\n  expect(allColors.length).to.eq(uniqColors.length);\n});",
              "err": {
                "message": "CypressError: Timed out retrying: Expected to find element: '.color', but never found it.",
                "estack": "CypressError: Timed out retrying: Expected to find element: '.color', but never found it.\n    at cypressErr (http://localhost:34543/__cypress/runner/cypress_runner.js:149934:9)\n    at throwErr (http://localhost:34543/__cypress/runner/cypress_runner.js:149867:11)\n    at Object.throwErrByPath (http://localhost:34543/__cypress/runner/cypress_runner.js:149915:3)\n    at retry (http://localhost:34543/__cypress/runner/cypress_runner.js:144197:19)\n    at onFailFn (http://localhost:34543/__cypress/runner/cypress_runner.js:132448:16)\n    at tryCatcher (http://localhost:34543/__cypress/runner/cypress_runner.js:167415:23)\n    at Promise._settlePromiseFromHandler (http://localhost:34543/__cypress/runner/cypress_runner.js:165351:31)\n    at Promise._settlePromise (http://localhost:34543/__cypress/runner/cypress_runner.js:165408:18)\n    at Promise._settlePromise0 (http://localhost:34543/__cypress/runner/cypress_runner.js:165453:10)\n    at Promise._settlePromises (http://localhost:34543/__cypress/runner/cypress_runner.js:165528:18)\n    at Async../node_modules/bluebird/js/release/async.js.Async._drainQueue (http://localhost:34543/__cypress/runner/cypress_runner.js:162140:16)\n    at Async../node_modules/bluebird/js/release/async.js.Async._drainQueues (http://localhost:34543/__cypress/runner/cypress_runner.js:162150:10)\n    at Async.drainQueues (http://localhost:34543/__cypress/runner/cypress_runner.js:162024:14)",
                "diff": null
              },
              "uuid": "8589905b-8ad3-4588-ba79-3008a78fbd9e",
              "parentUUID": "e0c2c639-6795-487f-b1e6-47bd173eaca3",
              "isHook": false,
              "skipped": false
            }
          ],
          "suites": [],
          "passes": [],
          "failures": [
            "311da829-2586-4e5d-8b59-b7aceae833d7",
            "5d8e055c-fb61-449c-bc32-ff5cc5b941fb",
            "34b871aa-8103-4f59-a1e3-ef17f6851cb4",
            "34160ad9-e85e-48da-aa5a-97fb8aa0bc1c",
            "50d2fe99-0ceb-4fe9-b1bc-62a93fe04834",
            "c14359a4-475a-486c-80aa-956a267d3f3f",
            "8589905b-8ad3-4588-ba79-3008a78fbd9e"
          ],
          "pending": [],
          "skipped": [],
          "duration": 30534,
          "root": false,
          "rootEmpty": false,
          "_timeout": 2000
        },
        {
          "uuid": "1500de71-6463-4ef1-bc25-18b16f681293",
          "title": "3 - Adicione a cor **preta** como a primeira cor da paleta de cores.",
          "fullFile": "",
          "file": "",
          "beforeHooks": [],
          "afterHooks": [],
          "tests": [
            {
              "title": "Verifica se a primeira cor da paleta é preta",
              "fullTitle": "3 - Adicione a cor **preta** como a primeira cor da paleta de cores. Verifica se a primeira cor da paleta é preta",
              "timedOut": null,
              "duration": 4404,
              "state": "failed",
              "speed": null,
              "pass": false,
              "fail": true,
              "pending": false,
              "context": null,
              "code": "cy.get('.color').first().should('have.css', 'background-color', BLACK);",
              "err": {
                "message": "CypressError: Timed out retrying: Expected to find element: '.color', but never found it.",
                "estack": "CypressError: Timed out retrying: Expected to find element: '.color', but never found it.\n    at cypressErr (http://localhost:34543/__cypress/runner/cypress_runner.js:149934:9)\n    at throwErr (http://localhost:34543/__cypress/runner/cypress_runner.js:149867:11)\n    at Object.throwErrByPath (http://localhost:34543/__cypress/runner/cypress_runner.js:149915:3)\n    at retry (http://localhost:34543/__cypress/runner/cypress_runner.js:144197:19)\n    at onFailFn (http://localhost:34543/__cypress/runner/cypress_runner.js:132448:16)\n    at tryCatcher (http://localhost:34543/__cypress/runner/cypress_runner.js:167415:23)\n    at Promise._settlePromiseFromHandler (http://localhost:34543/__cypress/runner/cypress_runner.js:165351:31)\n    at Promise._settlePromise (http://localhost:34543/__cypress/runner/cypress_runner.js:165408:18)\n    at Promise._settlePromise0 (http://localhost:34543/__cypress/runner/cypress_runner.js:165453:10)\n    at Promise._settlePromises (http://localhost:34543/__cypress/runner/cypress_runner.js:165528:18)\n    at Async../node_modules/bluebird/js/release/async.js.Async._drainQueue (http://localhost:34543/__cypress/runner/cypress_runner.js:162140:16)\n    at Async../node_modules/bluebird/js/release/async.js.Async._drainQueues (http://localhost:34543/__cypress/runner/cypress_runner.js:162150:10)\n    at Async.drainQueues (http://localhost:34543/__cypress/runner/cypress_runner.js:162024:14)",
                "diff": null
              },
              "uuid": "e73ce312-b20e-47dd-942d-2bf768c3a609",
              "parentUUID": "1500de71-6463-4ef1-bc25-18b16f681293",
              "isHook": false,
              "skipped": false
            },
            {
              "title": "Verifica se as demais cores podem ser escolhidas livremente.",
              "fullTitle": "3 - Adicione a cor **preta** como a primeira cor da paleta de cores. Verifica se as demais cores podem ser escolhidas livremente.",
              "timedOut": null,
              "duration": 4369,
              "state": "failed",
              "speed": null,
              "pass": false,
              "fail": true,
              "pending": false,
              "context": null,
              "code": "cy.get('.color').eq(1).should('not.have.css', 'background-color', BLACK);\ncy.get('.color').eq(1).should('not.have.css', 'background-color', WHITE);\ncy.get('.color').eq(1).should('not.have.css', 'background-color', 'rgba(0, 0, 0, 0)');\ncy.get('.color').eq(1).should('have.css', 'background-color');\ncy.get('.color').eq(2).should('not.have.css', 'background-color', BLACK);\ncy.get('.color').eq(2).should('not.have.css', 'background-color', WHITE);\ncy.get('.color').eq(2).should('not.have.css', 'background-color', 'rgba(0, 0, 0, 0)');\ncy.get('.color').eq(2).should('have.css', 'background-color');\ncy.get('.color').eq(3).should('not.have.css', 'background-color', BLACK);\ncy.get('.color').eq(3).should('not.have.css', 'background-color', WHITE);\ncy.get('.color').eq(3).should('not.have.css', 'background-color', 'rgba(0, 0, 0, 0)');\ncy.get('.color').eq(3).should('have.css', 'background-color');",
              "err": {
                "message": "CypressError: Timed out retrying: Expected to find element: '.color', but never found it.",
                "estack": "CypressError: Timed out retrying: Expected to find element: '.color', but never found it.\n    at cypressErr (http://localhost:34543/__cypress/runner/cypress_runner.js:149934:9)\n    at throwErr (http://localhost:34543/__cypress/runner/cypress_runner.js:149867:11)\n    at Object.throwErrByPath (http://localhost:34543/__cypress/runner/cypress_runner.js:149915:3)\n    at retry (http://localhost:34543/__cypress/runner/cypress_runner.js:144197:19)\n    at onFailFn (http://localhost:34543/__cypress/runner/cypress_runner.js:132448:16)\n    at tryCatcher (http://localhost:34543/__cypress/runner/cypress_runner.js:167415:23)\n    at Promise._settlePromiseFromHandler (http://localhost:34543/__cypress/runner/cypress_runner.js:165351:31)\n    at Promise._settlePromise (http://localhost:34543/__cypress/runner/cypress_runner.js:165408:18)\n    at Promise._settlePromise0 (http://localhost:34543/__cypress/runner/cypress_runner.js:165453:10)\n    at Promise._settlePromises (http://localhost:34543/__cypress/runner/cypress_runner.js:165528:18)\n    at Async../node_modules/bluebird/js/release/async.js.Async._drainQueue (http://localhost:34543/__cypress/runner/cypress_runner.js:162140:16)\n    at Async../node_modules/bluebird/js/release/async.js.Async._drainQueues (http://localhost:34543/__cypress/runner/cypress_runner.js:162150:10)\n    at Async.drainQueues (http://localhost:34543/__cypress/runner/cypress_runner.js:162024:14)",
                "diff": null
              },
              "uuid": "fa65ec6e-18cf-444b-94e5-836c5eee3fd5",
              "parentUUID": "1500de71-6463-4ef1-bc25-18b16f681293",
              "isHook": false,
              "skipped": false
            }
          ],
          "suites": [],
          "passes": [],
          "failures": [
            "e73ce312-b20e-47dd-942d-2bf768c3a609",
            "fa65ec6e-18cf-444b-94e5-836c5eee3fd5"
          ],
          "pending": [],
          "skipped": [],
          "duration": 8773,
          "root": false,
          "rootEmpty": false,
          "_timeout": 2000
        },
        {
          "uuid": "977c495a-86fb-461b-ba22-2d8e34e9448b",
          "title": "4 - Adicione à página um quadro de pixels, com 25 pixels.",
          "fullFile": "",
          "file": "",
          "beforeHooks": [],
          "afterHooks": [],
          "tests": [
            {
              "title": "Verifica se o quadro de pixels possui o `id` denominado `pixel-board`",
              "fullTitle": "4 - Adicione à página um quadro de pixels, com 25 pixels. Verifica se o quadro de pixels possui o `id` denominado `pixel-board`",
              "timedOut": null,
              "duration": 4314,
              "state": "failed",
              "speed": null,
              "pass": false,
              "fail": true,
              "pending": false,
              "context": null,
              "code": "cy.get('#pixel-board').should('be.visible');",
              "err": {
                "message": "CypressError: Timed out retrying: Expected to find element: '#pixel-board', but never found it.",
                "estack": "CypressError: Timed out retrying: Expected to find element: '#pixel-board', but never found it.\n    at cypressErr (http://localhost:34543/__cypress/runner/cypress_runner.js:149934:9)\n    at throwErr (http://localhost:34543/__cypress/runner/cypress_runner.js:149867:11)\n    at Object.throwErrByPath (http://localhost:34543/__cypress/runner/cypress_runner.js:149915:3)\n    at retry (http://localhost:34543/__cypress/runner/cypress_runner.js:144197:19)\n    at onFailFn (http://localhost:34543/__cypress/runner/cypress_runner.js:132448:16)\n    at tryCatcher (http://localhost:34543/__cypress/runner/cypress_runner.js:167415:23)\n    at Promise._settlePromiseFromHandler (http://localhost:34543/__cypress/runner/cypress_runner.js:165351:31)\n    at Promise._settlePromise (http://localhost:34543/__cypress/runner/cypress_runner.js:165408:18)\n    at Promise._settlePromise0 (http://localhost:34543/__cypress/runner/cypress_runner.js:165453:10)\n    at Promise._settlePromises (http://localhost:34543/__cypress/runner/cypress_runner.js:165528:18)\n    at Async../node_modules/bluebird/js/release/async.js.Async._drainQueue (http://localhost:34543/__cypress/runner/cypress_runner.js:162140:16)\n    at Async../node_modules/bluebird/js/release/async.js.Async._drainQueues (http://localhost:34543/__cypress/runner/cypress_runner.js:162150:10)\n    at Async.drainQueues (http://localhost:34543/__cypress/runner/cypress_runner.js:162024:14)",
                "diff": null
              },
              "uuid": "809bdeff-a210-47d8-b6c9-c7df399bda9f",
              "parentUUID": "977c495a-86fb-461b-ba22-2d8e34e9448b",
              "isHook": false,
              "skipped": false
            },
            {
              "title": "Verifica se cada pixel individual dentro do quadro possui a `classe` denominada `pixel`.",
              "fullTitle": "4 - Adicione à página um quadro de pixels, com 25 pixels. Verifica se cada pixel individual dentro do quadro possui a `classe` denominada `pixel`.",
              "timedOut": null,
              "duration": 4270,
              "state": "failed",
              "speed": null,
              "pass": false,
              "fail": true,
              "pending": false,
              "context": null,
              "code": "cy.get('.pixel').should('have.length', 25);",
              "err": {
                "message": "CypressError: Timed out retrying: Expected to find element: '.pixel', but never found it.",
                "estack": "CypressError: Timed out retrying: Expected to find element: '.pixel', but never found it.\n    at cypressErr (http://localhost:34543/__cypress/runner/cypress_runner.js:149934:9)\n    at throwErr (http://localhost:34543/__cypress/runner/cypress_runner.js:149867:11)\n    at Object.throwErrByPath (http://localhost:34543/__cypress/runner/cypress_runner.js:149915:3)\n    at retry (http://localhost:34543/__cypress/runner/cypress_runner.js:144197:19)\n    at onFailFn (http://localhost:34543/__cypress/runner/cypress_runner.js:132448:16)\n    at tryCatcher (http://localhost:34543/__cypress/runner/cypress_runner.js:167415:23)\n    at Promise._settlePromiseFromHandler (http://localhost:34543/__cypress/runner/cypress_runner.js:165351:31)\n    at Promise._settlePromise (http://localhost:34543/__cypress/runner/cypress_runner.js:165408:18)\n    at Promise._settlePromise0 (http://localhost:34543/__cypress/runner/cypress_runner.js:165453:10)\n    at Promise._settlePromises (http://localhost:34543/__cypress/runner/cypress_runner.js:165528:18)\n    at Async../node_modules/bluebird/js/release/async.js.Async._drainQueue (http://localhost:34543/__cypress/runner/cypress_runner.js:162140:16)\n    at Async../node_modules/bluebird/js/release/async.js.Async._drainQueues (http://localhost:34543/__cypress/runner/cypress_runner.js:162150:10)\n    at Async.drainQueues (http://localhost:34543/__cypress/runner/cypress_runner.js:162024:14)",
                "diff": null
              },
              "uuid": "f108096c-9b3c-443d-b755-fafdb732e526",
              "parentUUID": "977c495a-86fb-461b-ba22-2d8e34e9448b",
              "isHook": false,
              "skipped": false
            },
            {
              "title": "Verifica se a cor inicial dos pixels dentro do quadro, ao abrir a página, é branca.",
              "fullTitle": "4 - Adicione à página um quadro de pixels, com 25 pixels. Verifica se a cor inicial dos pixels dentro do quadro, ao abrir a página, é branca.",
              "timedOut": null,
              "duration": 4428,
              "state": "failed",
              "speed": null,
              "pass": false,
              "fail": true,
              "pending": false,
              "context": null,
              "code": "cy.get('.pixel').should('have.length', 25).each(function (pixel) {\n  expect(pixel).to.have.css('background-color', WHITE);\n});",
              "err": {
                "message": "CypressError: Timed out retrying: Expected to find element: '.pixel', but never found it.",
                "estack": "CypressError: Timed out retrying: Expected to find element: '.pixel', but never found it.\n    at cypressErr (http://localhost:34543/__cypress/runner/cypress_runner.js:149934:9)\n    at throwErr (http://localhost:34543/__cypress/runner/cypress_runner.js:149867:11)\n    at Object.throwErrByPath (http://localhost:34543/__cypress/runner/cypress_runner.js:149915:3)\n    at retry (http://localhost:34543/__cypress/runner/cypress_runner.js:144197:19)\n    at onFailFn (http://localhost:34543/__cypress/runner/cypress_runner.js:132448:16)\n    at tryCatcher (http://localhost:34543/__cypress/runner/cypress_runner.js:167415:23)\n    at Promise._settlePromiseFromHandler (http://localhost:34543/__cypress/runner/cypress_runner.js:165351:31)\n    at Promise._settlePromise (http://localhost:34543/__cypress/runner/cypress_runner.js:165408:18)\n    at Promise._settlePromise0 (http://localhost:34543/__cypress/runner/cypress_runner.js:165453:10)\n    at Promise._settlePromises (http://localhost:34543/__cypress/runner/cypress_runner.js:165528:18)\n    at Async../node_modules/bluebird/js/release/async.js.Async._drainQueue (http://localhost:34543/__cypress/runner/cypress_runner.js:162140:16)\n    at Async../node_modules/bluebird/js/release/async.js.Async._drainQueues (http://localhost:34543/__cypress/runner/cypress_runner.js:162150:10)\n    at Async.drainQueues (http://localhost:34543/__cypress/runner/cypress_runner.js:162024:14)",
                "diff": null
              },
              "uuid": "c1db122c-215a-41a9-917d-b213ef11995f",
              "parentUUID": "977c495a-86fb-461b-ba22-2d8e34e9448b",
              "isHook": false,
              "skipped": false
            },
            {
              "title": "Verifica se o quadro de pixels aparece abaixo da paleta de cores",
              "fullTitle": "4 - Adicione à página um quadro de pixels, com 25 pixels. Verifica se o quadro de pixels aparece abaixo da paleta de cores",
              "timedOut": null,
              "duration": 4310,
              "state": "failed",
              "speed": null,
              "pass": false,
              "fail": true,
              "pending": false,
              "context": null,
              "code": "cy.get('#color-palette').then(function (palette) {\n  cy.get('#pixel-board').should('be.belowOf', palette);\n});",
              "err": {
                "message": "CypressError: Timed out retrying: Expected to find element: '#color-palette', but never found it.",
                "estack": "CypressError: Timed out retrying: Expected to find element: '#color-palette', but never found it.\n    at cypressErr (http://localhost:34543/__cypress/runner/cypress_runner.js:149934:9)\n    at throwErr (http://localhost:34543/__cypress/runner/cypress_runner.js:149867:11)\n    at Object.throwErrByPath (http://localhost:34543/__cypress/runner/cypress_runner.js:149915:3)\n    at retry (http://localhost:34543/__cypress/runner/cypress_runner.js:144197:19)\n    at onFailFn (http://localhost:34543/__cypress/runner/cypress_runner.js:132448:16)\n    at tryCatcher (http://localhost:34543/__cypress/runner/cypress_runner.js:167415:23)\n    at Promise._settlePromiseFromHandler (http://localhost:34543/__cypress/runner/cypress_runner.js:165351:31)\n    at Promise._settlePromise (http://localhost:34543/__cypress/runner/cypress_runner.js:165408:18)\n    at Promise._settlePromise0 (http://localhost:34543/__cypress/runner/cypress_runner.js:165453:10)\n    at Promise._settlePromises (http://localhost:34543/__cypress/runner/cypress_runner.js:165528:18)\n    at Async../node_modules/bluebird/js/release/async.js.Async._drainQueue (http://localhost:34543/__cypress/runner/cypress_runner.js:162140:16)\n    at Async../node_modules/bluebird/js/release/async.js.Async._drainQueues (http://localhost:34543/__cypress/runner/cypress_runner.js:162150:10)\n    at Async.drainQueues (http://localhost:34543/__cypress/runner/cypress_runner.js:162024:14)",
                "diff": null
              },
              "uuid": "bd0d167d-91bc-469b-af94-18fc7e7c2f3b",
              "parentUUID": "977c495a-86fb-461b-ba22-2d8e34e9448b",
              "isHook": false,
              "skipped": false
            }
          ],
          "suites": [],
          "passes": [],
          "failures": [
            "809bdeff-a210-47d8-b6c9-c7df399bda9f",
            "f108096c-9b3c-443d-b755-fafdb732e526",
            "c1db122c-215a-41a9-917d-b213ef11995f",
            "bd0d167d-91bc-469b-af94-18fc7e7c2f3b"
          ],
          "pending": [],
          "skipped": [],
          "duration": 17322,
          "root": false,
          "rootEmpty": false,
          "_timeout": 2000
        },
        {
          "uuid": "352b94fc-745b-4d2d-ac98-c1d01fbedb08",
          "title": "5 - Faça com que cada elemento do quadro de pixels possua 40 pixels de largura, 40 pixels de altura e seja delimitado por uma borda preta de 1 pixel.",
          "fullFile": "",
          "file": "",
          "beforeHooks": [],
          "afterHooks": [],
          "tests": [
            {
              "title": "Verifica se o quadro de pixels tem altura e comprimento de 5 elementos",
              "fullTitle": "5 - Faça com que cada elemento do quadro de pixels possua 40 pixels de largura, 40 pixels de altura e seja delimitado por uma borda preta de 1 pixel. Verifica se o quadro de pixels tem altura e comprimento de 5 elementos",
              "timedOut": null,
              "duration": 4535,
              "state": "failed",
              "speed": null,
              "pass": false,
              "fail": true,
              "pending": false,
              "context": null,
              "code": "cy.get('.pixel').should('have.length', 25).each(function (pixel) {\n  expect(pixel).to.have.css('background-color', WHITE);\n}).and(function (pixels) {\n  var rows = chunk(pixels, 5);\n  rows.forEach(function (row) {\n    for (var index = 1; index < row.length; index += 1) {\n      var current = pixels[index];\n      var previous = pixels[index - 1];\n      cy.wrap(current).should('be.onTheRightOf', previous).and('be.horizontallyAlignedWith', previous);\n    }\n  });\n  for (var index = 1; index < 5; index += 1) {\n    expect(pixels[index * 5]).to.be.belowOf(pixels[(index - 1) * 5]);\n  }\n});",
              "err": {
                "message": "CypressError: Timed out retrying: Expected to find element: '.pixel', but never found it.",
                "estack": "CypressError: Timed out retrying: Expected to find element: '.pixel', but never found it.\n    at cypressErr (http://localhost:34543/__cypress/runner/cypress_runner.js:149934:9)\n    at throwErr (http://localhost:34543/__cypress/runner/cypress_runner.js:149867:11)\n    at Object.throwErrByPath (http://localhost:34543/__cypress/runner/cypress_runner.js:149915:3)\n    at retry (http://localhost:34543/__cypress/runner/cypress_runner.js:144197:19)\n    at onFailFn (http://localhost:34543/__cypress/runner/cypress_runner.js:132448:16)\n    at tryCatcher (http://localhost:34543/__cypress/runner/cypress_runner.js:167415:23)\n    at Promise._settlePromiseFromHandler (http://localhost:34543/__cypress/runner/cypress_runner.js:165351:31)\n    at Promise._settlePromise (http://localhost:34543/__cypress/runner/cypress_runner.js:165408:18)\n    at Promise._settlePromise0 (http://localhost:34543/__cypress/runner/cypress_runner.js:165453:10)\n    at Promise._settlePromises (http://localhost:34543/__cypress/runner/cypress_runner.js:165528:18)\n    at Async../node_modules/bluebird/js/release/async.js.Async._drainQueue (http://localhost:34543/__cypress/runner/cypress_runner.js:162140:16)\n    at Async../node_modules/bluebird/js/release/async.js.Async._drainQueues (http://localhost:34543/__cypress/runner/cypress_runner.js:162150:10)\n    at Async.drainQueues (http://localhost:34543/__cypress/runner/cypress_runner.js:162024:14)",
                "diff": null
              },
              "uuid": "6bb623d5-ed46-4671-99eb-629167a0651b",
              "parentUUID": "352b94fc-745b-4d2d-ac98-c1d01fbedb08",
              "isHook": false,
              "skipped": false
            },
            {
              "title": "Verifica se 40 pixels é o tamanho total do elemento, incluindo seu conteúdo e excluindo a borda preta, que deve ser criada à parte.",
              "fullTitle": "5 - Faça com que cada elemento do quadro de pixels possua 40 pixels de largura, 40 pixels de altura e seja delimitado por uma borda preta de 1 pixel. Verifica se 40 pixels é o tamanho total do elemento, incluindo seu conteúdo e excluindo a borda preta, que deve ser criada à parte.",
              "timedOut": null,
              "duration": 4527,
              "state": "failed",
              "speed": null,
              "pass": false,
              "fail": true,
              "pending": false,
              "context": null,
              "code": "cy.get('.pixel').each(function (pixel) {\n  cy.wrap(pixel).should('have.css', 'height', '40px').and('have.css', 'width', '40px').and('have.css', 'border', \"1px solid \".concat(BLACK));\n});",
              "err": {
                "message": "CypressError: Timed out retrying: Expected to find element: '.pixel', but never found it.",
                "estack": "CypressError: Timed out retrying: Expected to find element: '.pixel', but never found it.\n    at cypressErr (http://localhost:34543/__cypress/runner/cypress_runner.js:149934:9)\n    at throwErr (http://localhost:34543/__cypress/runner/cypress_runner.js:149867:11)\n    at Object.throwErrByPath (http://localhost:34543/__cypress/runner/cypress_runner.js:149915:3)\n    at retry (http://localhost:34543/__cypress/runner/cypress_runner.js:144197:19)\n    at onFailFn (http://localhost:34543/__cypress/runner/cypress_runner.js:132448:16)\n    at tryCatcher (http://localhost:34543/__cypress/runner/cypress_runner.js:167415:23)\n    at Promise._settlePromiseFromHandler (http://localhost:34543/__cypress/runner/cypress_runner.js:165351:31)\n    at Promise._settlePromise (http://localhost:34543/__cypress/runner/cypress_runner.js:165408:18)\n    at Promise._settlePromise0 (http://localhost:34543/__cypress/runner/cypress_runner.js:165453:10)\n    at Promise._settlePromises (http://localhost:34543/__cypress/runner/cypress_runner.js:165528:18)\n    at Async../node_modules/bluebird/js/release/async.js.Async._drainQueue (http://localhost:34543/__cypress/runner/cypress_runner.js:162140:16)\n    at Async../node_modules/bluebird/js/release/async.js.Async._drainQueues (http://localhost:34543/__cypress/runner/cypress_runner.js:162150:10)\n    at Async.drainQueues (http://localhost:34543/__cypress/runner/cypress_runner.js:162024:14)",
                "diff": null
              },
              "uuid": "03585dc2-1c27-48fe-b2d6-55cc352306d7",
              "parentUUID": "352b94fc-745b-4d2d-ac98-c1d01fbedb08",
              "isHook": false,
              "skipped": false
            }
          ],
          "suites": [],
          "passes": [],
          "failures": [
            "6bb623d5-ed46-4671-99eb-629167a0651b",
            "03585dc2-1c27-48fe-b2d6-55cc352306d7"
          ],
          "pending": [],
          "skipped": [],
          "duration": 9062,
          "root": false,
          "rootEmpty": false,
          "_timeout": 2000
        },
        {
          "uuid": "5e046dcf-20c0-447c-8f38-4585ba024c90",
          "title": "6 - Defina a cor preta como cor inicial. Ao carregar a página a cor preta já deve estar selecionada para pintar os pixels",
          "fullFile": "",
          "file": "",
          "beforeHooks": [],
          "afterHooks": [],
          "tests": [
            {
              "title": "Verifica se o elemento da cor preta possui, inicialmente, a `classe` `selected`",
              "fullTitle": "6 - Defina a cor preta como cor inicial. Ao carregar a página a cor preta já deve estar selecionada para pintar os pixels Verifica se o elemento da cor preta possui, inicialmente, a `classe` `selected`",
              "timedOut": null,
              "duration": 4537,
              "state": "failed",
              "speed": null,
              "pass": false,
              "fail": true,
              "pending": false,
              "context": null,
              "code": "cy.get('.selected').first().should('have.css', 'background-color', BLACK);",
              "err": {
                "message": "CypressError: Timed out retrying: Expected to find element: '.selected', but never found it.",
                "estack": "CypressError: Timed out retrying: Expected to find element: '.selected', but never found it.\n    at cypressErr (http://localhost:34543/__cypress/runner/cypress_runner.js:149934:9)\n    at throwErr (http://localhost:34543/__cypress/runner/cypress_runner.js:149867:11)\n    at Object.throwErrByPath (http://localhost:34543/__cypress/runner/cypress_runner.js:149915:3)\n    at retry (http://localhost:34543/__cypress/runner/cypress_runner.js:144197:19)\n    at onFailFn (http://localhost:34543/__cypress/runner/cypress_runner.js:132448:16)\n    at tryCatcher (http://localhost:34543/__cypress/runner/cypress_runner.js:167415:23)\n    at Promise._settlePromiseFromHandler (http://localhost:34543/__cypress/runner/cypress_runner.js:165351:31)\n    at Promise._settlePromise (http://localhost:34543/__cypress/runner/cypress_runner.js:165408:18)\n    at Promise._settlePromise0 (http://localhost:34543/__cypress/runner/cypress_runner.js:165453:10)\n    at Promise._settlePromises (http://localhost:34543/__cypress/runner/cypress_runner.js:165528:18)\n    at Async../node_modules/bluebird/js/release/async.js.Async._drainQueue (http://localhost:34543/__cypress/runner/cypress_runner.js:162140:16)\n    at Async../node_modules/bluebird/js/release/async.js.Async._drainQueues (http://localhost:34543/__cypress/runner/cypress_runner.js:162150:10)\n    at Async.drainQueues (http://localhost:34543/__cypress/runner/cypress_runner.js:162024:14)",
                "diff": null
              },
              "uuid": "39a50eea-c7c8-49b7-b25a-24488545e4fc",
              "parentUUID": "5e046dcf-20c0-447c-8f38-4585ba024c90",
              "isHook": false,
              "skipped": false
            },
            {
              "title": "Verifica se nenhuma outra cor da paleta tem a `classe` `selected`",
              "fullTitle": "6 - Defina a cor preta como cor inicial. Ao carregar a página a cor preta já deve estar selecionada para pintar os pixels Verifica se nenhuma outra cor da paleta tem a `classe` `selected`",
              "timedOut": null,
              "duration": 4294,
              "state": "failed",
              "speed": null,
              "pass": false,
              "fail": true,
              "pending": false,
              "context": null,
              "code": "cy.get('.color:not(:first-child)').each(function (color) {\n  cy.wrap(color).should('not.have.class', 'selected');\n});",
              "err": {
                "message": "CypressError: Timed out retrying: Expected to find element: '.color:not(:first-child)', but never found it.",
                "estack": "CypressError: Timed out retrying: Expected to find element: '.color:not(:first-child)', but never found it.\n    at cypressErr (http://localhost:34543/__cypress/runner/cypress_runner.js:149934:9)\n    at throwErr (http://localhost:34543/__cypress/runner/cypress_runner.js:149867:11)\n    at Object.throwErrByPath (http://localhost:34543/__cypress/runner/cypress_runner.js:149915:3)\n    at retry (http://localhost:34543/__cypress/runner/cypress_runner.js:144197:19)\n    at onFailFn (http://localhost:34543/__cypress/runner/cypress_runner.js:132448:16)\n    at tryCatcher (http://localhost:34543/__cypress/runner/cypress_runner.js:167415:23)\n    at Promise._settlePromiseFromHandler (http://localhost:34543/__cypress/runner/cypress_runner.js:165351:31)\n    at Promise._settlePromise (http://localhost:34543/__cypress/runner/cypress_runner.js:165408:18)\n    at Promise._settlePromise0 (http://localhost:34543/__cypress/runner/cypress_runner.js:165453:10)\n    at Promise._settlePromises (http://localhost:34543/__cypress/runner/cypress_runner.js:165528:18)\n    at Async../node_modules/bluebird/js/release/async.js.Async._drainQueue (http://localhost:34543/__cypress/runner/cypress_runner.js:162140:16)\n    at Async../node_modules/bluebird/js/release/async.js.Async._drainQueues (http://localhost:34543/__cypress/runner/cypress_runner.js:162150:10)\n    at Async.drainQueues (http://localhost:34543/__cypress/runner/cypress_runner.js:162024:14)",
                "diff": null
              },
              "uuid": "a2471d1e-f19b-40b8-92f4-b2a97df3519b",
              "parentUUID": "5e046dcf-20c0-447c-8f38-4585ba024c90",
              "isHook": false,
              "skipped": false
            }
          ],
          "suites": [],
          "passes": [],
          "failures": [
            "39a50eea-c7c8-49b7-b25a-24488545e4fc",
            "a2471d1e-f19b-40b8-92f4-b2a97df3519b"
          ],
          "pending": [],
          "skipped": [],
          "duration": 8831,
          "root": false,
          "rootEmpty": false,
          "_timeout": 2000
        },
        {
          "uuid": "1211a37c-d449-4d99-858c-d7f288ad1c36",
          "title": "7 - Clicar em uma das cores da paleta, faz com que ela seja selecionada e utilizada para preencher os pixels no quadro.",
          "fullFile": "",
          "file": "",
          "beforeHooks": [],
          "afterHooks": [],
          "tests": [
            {
              "title": "Verifica se somente uma cor da paleta de cores tem a classe `selected` de cada vez",
              "fullTitle": "7 - Clicar em uma das cores da paleta, faz com que ela seja selecionada e utilizada para preencher os pixels no quadro. Verifica se somente uma cor da paleta de cores tem a classe `selected` de cada vez",
              "timedOut": null,
              "duration": 4376,
              "state": "failed",
              "speed": null,
              "pass": false,
              "fail": true,
              "pending": false,
              "context": null,
              "code": "cy.get('.color').each(function (selectedColor, selectedColorIndex) {\n  cy.wrap(selectedColor).click();\n  cy.get('.color').each(function (color, colorIndex) {\n    if (colorIndex === selectedColorIndex) {\n      expect(color).to.have[\"class\"]('selected');\n    } else {\n      expect(color).not.to.have[\"class\"]('selected');\n    }\n  });\n});",
              "err": {
                "message": "CypressError: Timed out retrying: Expected to find element: '.color', but never found it.",
                "estack": "CypressError: Timed out retrying: Expected to find element: '.color', but never found it.\n    at cypressErr (http://localhost:34543/__cypress/runner/cypress_runner.js:149934:9)\n    at throwErr (http://localhost:34543/__cypress/runner/cypress_runner.js:149867:11)\n    at Object.throwErrByPath (http://localhost:34543/__cypress/runner/cypress_runner.js:149915:3)\n    at retry (http://localhost:34543/__cypress/runner/cypress_runner.js:144197:19)\n    at onFailFn (http://localhost:34543/__cypress/runner/cypress_runner.js:132448:16)\n    at tryCatcher (http://localhost:34543/__cypress/runner/cypress_runner.js:167415:23)\n    at Promise._settlePromiseFromHandler (http://localhost:34543/__cypress/runner/cypress_runner.js:165351:31)\n    at Promise._settlePromise (http://localhost:34543/__cypress/runner/cypress_runner.js:165408:18)\n    at Promise._settlePromise0 (http://localhost:34543/__cypress/runner/cypress_runner.js:165453:10)\n    at Promise._settlePromises (http://localhost:34543/__cypress/runner/cypress_runner.js:165528:18)\n    at Async../node_modules/bluebird/js/release/async.js.Async._drainQueue (http://localhost:34543/__cypress/runner/cypress_runner.js:162140:16)\n    at Async../node_modules/bluebird/js/release/async.js.Async._drainQueues (http://localhost:34543/__cypress/runner/cypress_runner.js:162150:10)\n    at Async.drainQueues (http://localhost:34543/__cypress/runner/cypress_runner.js:162024:14)",
                "diff": null
              },
              "uuid": "9a322d71-ca7b-4025-ae92-dec6e31f88b5",
              "parentUUID": "1211a37c-d449-4d99-858c-d7f288ad1c36",
              "isHook": false,
              "skipped": false
            },
            {
              "title": "Verifica se os pixels dentro do quadro não têm a classe `selected` quando são clicados",
              "fullTitle": "7 - Clicar em uma das cores da paleta, faz com que ela seja selecionada e utilizada para preencher os pixels no quadro. Verifica se os pixels dentro do quadro não têm a classe `selected` quando são clicados",
              "timedOut": null,
              "duration": 4334,
              "state": "failed",
              "speed": null,
              "pass": false,
              "fail": true,
              "pending": false,
              "context": null,
              "code": "cy.get('.color').each(function (color) {\n  var backgroundColor = color.css('background-color');\n  cy.wrap(color).click();\n  cy.get('.pixel').each(function (pixel) {\n    cy.wrap(pixel).click().should('not.have.class', 'selected');\n  });\n});",
              "err": {
                "message": "CypressError: Timed out retrying: Expected to find element: '.color', but never found it.",
                "estack": "CypressError: Timed out retrying: Expected to find element: '.color', but never found it.\n    at cypressErr (http://localhost:34543/__cypress/runner/cypress_runner.js:149934:9)\n    at throwErr (http://localhost:34543/__cypress/runner/cypress_runner.js:149867:11)\n    at Object.throwErrByPath (http://localhost:34543/__cypress/runner/cypress_runner.js:149915:3)\n    at retry (http://localhost:34543/__cypress/runner/cypress_runner.js:144197:19)\n    at onFailFn (http://localhost:34543/__cypress/runner/cypress_runner.js:132448:16)\n    at tryCatcher (http://localhost:34543/__cypress/runner/cypress_runner.js:167415:23)\n    at Promise._settlePromiseFromHandler (http://localhost:34543/__cypress/runner/cypress_runner.js:165351:31)\n    at Promise._settlePromise (http://localhost:34543/__cypress/runner/cypress_runner.js:165408:18)\n    at Promise._settlePromise0 (http://localhost:34543/__cypress/runner/cypress_runner.js:165453:10)\n    at Promise._settlePromises (http://localhost:34543/__cypress/runner/cypress_runner.js:165528:18)\n    at Async../node_modules/bluebird/js/release/async.js.Async._drainQueue (http://localhost:34543/__cypress/runner/cypress_runner.js:162140:16)\n    at Async../node_modules/bluebird/js/release/async.js.Async._drainQueues (http://localhost:34543/__cypress/runner/cypress_runner.js:162150:10)\n    at Async.drainQueues (http://localhost:34543/__cypress/runner/cypress_runner.js:162024:14)",
                "diff": null
              },
              "uuid": "d2ce5416-d7fd-429b-89d4-a3cff809d6e8",
              "parentUUID": "1211a37c-d449-4d99-858c-d7f288ad1c36",
              "isHook": false,
              "skipped": false
            }
          ],
          "suites": [],
          "passes": [],
          "failures": [
            "9a322d71-ca7b-4025-ae92-dec6e31f88b5",
            "d2ce5416-d7fd-429b-89d4-a3cff809d6e8"
          ],
          "pending": [],
          "skipped": [],
          "duration": 8710,
          "root": false,
          "rootEmpty": false,
          "_timeout": 2000
        },
        {
          "uuid": "6e50353e-6857-4abd-8269-894c952c6e07",
          "title": "8 - Clicar em um pixel dentro do quadro após selecionar uma cor na paleta, faz com que o pixel seja preenchido com a cor selecionada.",
          "fullFile": "",
          "file": "",
          "beforeHooks": [],
          "afterHooks": [],
          "tests": [
            {
              "title": "Verifica se ao carregar a página deve ser possível pintar os pixels de preto",
              "fullTitle": "8 - Clicar em um pixel dentro do quadro após selecionar uma cor na paleta, faz com que o pixel seja preenchido com a cor selecionada. Verifica se ao carregar a página deve ser possível pintar os pixels de preto",
              "timedOut": null,
              "duration": 4314,
              "state": "failed",
              "speed": null,
              "pass": false,
              "fail": true,
              "pending": false,
              "context": null,
              "code": "cy.get('.pixel').each(function (pixel) {\n  cy.wrap(pixel).click().should('have.css', 'background-color', BLACK);\n});",
              "err": {
                "message": "CypressError: Timed out retrying: Expected to find element: '.pixel', but never found it.",
                "estack": "CypressError: Timed out retrying: Expected to find element: '.pixel', but never found it.\n    at cypressErr (http://localhost:34543/__cypress/runner/cypress_runner.js:149934:9)\n    at throwErr (http://localhost:34543/__cypress/runner/cypress_runner.js:149867:11)\n    at Object.throwErrByPath (http://localhost:34543/__cypress/runner/cypress_runner.js:149915:3)\n    at retry (http://localhost:34543/__cypress/runner/cypress_runner.js:144197:19)\n    at onFailFn (http://localhost:34543/__cypress/runner/cypress_runner.js:132448:16)\n    at tryCatcher (http://localhost:34543/__cypress/runner/cypress_runner.js:167415:23)\n    at Promise._settlePromiseFromHandler (http://localhost:34543/__cypress/runner/cypress_runner.js:165351:31)\n    at Promise._settlePromise (http://localhost:34543/__cypress/runner/cypress_runner.js:165408:18)\n    at Promise._settlePromise0 (http://localhost:34543/__cypress/runner/cypress_runner.js:165453:10)\n    at Promise._settlePromises (http://localhost:34543/__cypress/runner/cypress_runner.js:165528:18)\n    at Async../node_modules/bluebird/js/release/async.js.Async._drainQueue (http://localhost:34543/__cypress/runner/cypress_runner.js:162140:16)\n    at Async../node_modules/bluebird/js/release/async.js.Async._drainQueues (http://localhost:34543/__cypress/runner/cypress_runner.js:162150:10)\n    at Async.drainQueues (http://localhost:34543/__cypress/runner/cypress_runner.js:162024:14)",
                "diff": null
              },
              "uuid": "cb8f8665-c38e-46da-b4a7-c8bdb2a5a4ec",
              "parentUUID": "6e50353e-6857-4abd-8269-894c952c6e07",
              "isHook": false,
              "skipped": false
            },
            {
              "title": "Verifica se após selecionar uma outra cor na paleta, é possível pintar os pixels com essa cor",
              "fullTitle": "8 - Clicar em um pixel dentro do quadro após selecionar uma cor na paleta, faz com que o pixel seja preenchido com a cor selecionada. Verifica se após selecionar uma outra cor na paleta, é possível pintar os pixels com essa cor",
              "timedOut": null,
              "duration": 4436,
              "state": "failed",
              "speed": null,
              "pass": false,
              "fail": true,
              "pending": false,
              "context": null,
              "code": "cy.get('.color').each(function (color) {\n  var backgroundColor = color.css('background-color');\n  cy.wrap(color).click();\n  cy.get('.pixel').each(function (pixel) {\n    cy.wrap(pixel).click().should('have.css', 'background-color', backgroundColor);\n  });\n});",
              "err": {
                "message": "CypressError: Timed out retrying: Expected to find element: '.color', but never found it.",
                "estack": "CypressError: Timed out retrying: Expected to find element: '.color', but never found it.\n    at cypressErr (http://localhost:34543/__cypress/runner/cypress_runner.js:149934:9)\n    at throwErr (http://localhost:34543/__cypress/runner/cypress_runner.js:149867:11)\n    at Object.throwErrByPath (http://localhost:34543/__cypress/runner/cypress_runner.js:149915:3)\n    at retry (http://localhost:34543/__cypress/runner/cypress_runner.js:144197:19)\n    at onFailFn (http://localhost:34543/__cypress/runner/cypress_runner.js:132448:16)\n    at tryCatcher (http://localhost:34543/__cypress/runner/cypress_runner.js:167415:23)\n    at Promise._settlePromiseFromHandler (http://localhost:34543/__cypress/runner/cypress_runner.js:165351:31)\n    at Promise._settlePromise (http://localhost:34543/__cypress/runner/cypress_runner.js:165408:18)\n    at Promise._settlePromise0 (http://localhost:34543/__cypress/runner/cypress_runner.js:165453:10)\n    at Promise._settlePromises (http://localhost:34543/__cypress/runner/cypress_runner.js:165528:18)\n    at Async../node_modules/bluebird/js/release/async.js.Async._drainQueue (http://localhost:34543/__cypress/runner/cypress_runner.js:162140:16)\n    at Async../node_modules/bluebird/js/release/async.js.Async._drainQueues (http://localhost:34543/__cypress/runner/cypress_runner.js:162150:10)\n    at Async.drainQueues (http://localhost:34543/__cypress/runner/cypress_runner.js:162024:14)",
                "diff": null
              },
              "uuid": "65ba1244-7950-402b-8380-27f3666a4164",
              "parentUUID": "6e50353e-6857-4abd-8269-894c952c6e07",
              "isHook": false,
              "skipped": false
            },
            {
              "title": "Verifica se somente o pixel que foi clicado foi preenchido com a cor selecionada, sem influenciar na cor dos demais pixels.",
              "fullTitle": "8 - Clicar em um pixel dentro do quadro após selecionar uma cor na paleta, faz com que o pixel seja preenchido com a cor selecionada. Verifica se somente o pixel que foi clicado foi preenchido com a cor selecionada, sem influenciar na cor dos demais pixels.",
              "timedOut": null,
              "duration": 4384,
              "state": "failed",
              "speed": null,
              "pass": false,
              "fail": true,
              "pending": false,
              "context": null,
              "code": "var colorToPixelIndexMap = {\n  0: 6,\n  1: 8,\n  2: 16,\n  3: 18\n};\ncy.get('.color').each(function (color, index) {\n  cy.wrap(color).click();\n  var backgroundColor = color.css('background-color');\n  var clickedPixelIndex = colorToPixelIndexMap[index];\n  cy.get('.pixel').eq(clickedPixelIndex).click();\n  cy.get('.pixel').eq(clickedPixelIndex - 1).should('not.have.css', 'background-color', backgroundColor);\n  cy.get('.pixel').eq(clickedPixelIndex + 1).should('not.have.css', 'background-color', backgroundColor);\n  cy.get('.pixel').eq(clickedPixelIndex - 5).should('not.have.css', 'background-color', backgroundColor);\n  cy.get('.pixel').eq(clickedPixelIndex + 5).should('not.have.css', 'background-color', backgroundColor);\n  cy.get('.pixel').eq(clickedPixelIndex - 6).should('not.have.css', 'background-color', backgroundColor);\n  cy.get('.pixel').eq(clickedPixelIndex - 4).should('not.have.css', 'background-color', backgroundColor);\n  cy.get('.pixel').eq(clickedPixelIndex + 4).should('not.have.css', 'background-color', backgroundColor);\n  cy.get('.pixel').eq(clickedPixelIndex + 6).should('not.have.css', 'background-color', backgroundColor);\n});",
              "err": {
                "message": "CypressError: Timed out retrying: Expected to find element: '.color', but never found it.",
                "estack": "CypressError: Timed out retrying: Expected to find element: '.color', but never found it.\n    at cypressErr (http://localhost:34543/__cypress/runner/cypress_runner.js:149934:9)\n    at throwErr (http://localhost:34543/__cypress/runner/cypress_runner.js:149867:11)\n    at Object.throwErrByPath (http://localhost:34543/__cypress/runner/cypress_runner.js:149915:3)\n    at retry (http://localhost:34543/__cypress/runner/cypress_runner.js:144197:19)\n    at onFailFn (http://localhost:34543/__cypress/runner/cypress_runner.js:132448:16)\n    at tryCatcher (http://localhost:34543/__cypress/runner/cypress_runner.js:167415:23)\n    at Promise._settlePromiseFromHandler (http://localhost:34543/__cypress/runner/cypress_runner.js:165351:31)\n    at Promise._settlePromise (http://localhost:34543/__cypress/runner/cypress_runner.js:165408:18)\n    at Promise._settlePromise0 (http://localhost:34543/__cypress/runner/cypress_runner.js:165453:10)\n    at Promise._settlePromises (http://localhost:34543/__cypress/runner/cypress_runner.js:165528:18)\n    at Async../node_modules/bluebird/js/release/async.js.Async._drainQueue (http://localhost:34543/__cypress/runner/cypress_runner.js:162140:16)\n    at Async../node_modules/bluebird/js/release/async.js.Async._drainQueues (http://localhost:34543/__cypress/runner/cypress_runner.js:162150:10)\n    at Async.drainQueues (http://localhost:34543/__cypress/runner/cypress_runner.js:162024:14)",
                "diff": null
              },
              "uuid": "459c7933-149c-4bad-91c3-73e806b6e302",
              "parentUUID": "6e50353e-6857-4abd-8269-894c952c6e07",
              "isHook": false,
              "skipped": false
            }
          ],
          "suites": [],
          "passes": [],
          "failures": [
            "cb8f8665-c38e-46da-b4a7-c8bdb2a5a4ec",
            "65ba1244-7950-402b-8380-27f3666a4164",
            "459c7933-149c-4bad-91c3-73e806b6e302"
          ],
          "pending": [],
          "skipped": [],
          "duration": 13134,
          "root": false,
          "rootEmpty": false,
          "_timeout": 2000
        },
        {
          "uuid": "8edeb199-6981-4a22-bf57-b2ccb449fc87",
          "title": "9 - Crie um botão que, ao ser clicado, limpa o quadro preenchendo a cor de todos seus pixels com branco.",
          "fullFile": "",
          "file": "",
          "beforeHooks": [],
          "afterHooks": [],
          "tests": [
            {
              "title": "Verifica se o botão tem o `id` denominado `clear-board`",
              "fullTitle": "9 - Crie um botão que, ao ser clicado, limpa o quadro preenchendo a cor de todos seus pixels com branco. Verifica se o botão tem o `id` denominado `clear-board`",
              "timedOut": null,
              "duration": 4300,
              "state": "failed",
              "speed": null,
              "pass": false,
              "fail": true,
              "pending": false,
              "context": null,
              "code": "cy.get('#clear-board').should('be.visible');",
              "err": {
                "message": "CypressError: Timed out retrying: Expected to find element: '#clear-board', but never found it.",
                "estack": "CypressError: Timed out retrying: Expected to find element: '#clear-board', but never found it.\n    at cypressErr (http://localhost:34543/__cypress/runner/cypress_runner.js:149934:9)\n    at throwErr (http://localhost:34543/__cypress/runner/cypress_runner.js:149867:11)\n    at Object.throwErrByPath (http://localhost:34543/__cypress/runner/cypress_runner.js:149915:3)\n    at retry (http://localhost:34543/__cypress/runner/cypress_runner.js:144197:19)\n    at onFailFn (http://localhost:34543/__cypress/runner/cypress_runner.js:132448:16)\n    at tryCatcher (http://localhost:34543/__cypress/runner/cypress_runner.js:167415:23)\n    at Promise._settlePromiseFromHandler (http://localhost:34543/__cypress/runner/cypress_runner.js:165351:31)\n    at Promise._settlePromise (http://localhost:34543/__cypress/runner/cypress_runner.js:165408:18)\n    at Promise._settlePromise0 (http://localhost:34543/__cypress/runner/cypress_runner.js:165453:10)\n    at Promise._settlePromises (http://localhost:34543/__cypress/runner/cypress_runner.js:165528:18)\n    at Async../node_modules/bluebird/js/release/async.js.Async._drainQueue (http://localhost:34543/__cypress/runner/cypress_runner.js:162140:16)\n    at Async../node_modules/bluebird/js/release/async.js.Async._drainQueues (http://localhost:34543/__cypress/runner/cypress_runner.js:162150:10)\n    at Async.drainQueues (http://localhost:34543/__cypress/runner/cypress_runner.js:162024:14)",
                "diff": null
              },
              "uuid": "c530d4e6-345e-40aa-882e-572edfc03341",
              "parentUUID": "8edeb199-6981-4a22-bf57-b2ccb449fc87",
              "isHook": false,
              "skipped": false
            },
            {
              "title": "Verifica se o botão está posicionado entre a paleta de cores e o quadro de pixels",
              "fullTitle": "9 - Crie um botão que, ao ser clicado, limpa o quadro preenchendo a cor de todos seus pixels com branco. Verifica se o botão está posicionado entre a paleta de cores e o quadro de pixels",
              "timedOut": null,
              "duration": 4272,
              "state": "failed",
              "speed": null,
              "pass": false,
              "fail": true,
              "pending": false,
              "context": null,
              "code": "cy.get('#color-palette').then(function (palette) {\n  cy.get('#clear-board').should('be.belowOf', palette);\n});\ncy.get('#clear-board').then(function (clearBtn) {\n  cy.get('#pixel-board').should('be.belowOf', clearBtn);\n});",
              "err": {
                "message": "CypressError: Timed out retrying: Expected to find element: '#color-palette', but never found it.",
                "estack": "CypressError: Timed out retrying: Expected to find element: '#color-palette', but never found it.\n    at cypressErr (http://localhost:34543/__cypress/runner/cypress_runner.js:149934:9)\n    at throwErr (http://localhost:34543/__cypress/runner/cypress_runner.js:149867:11)\n    at Object.throwErrByPath (http://localhost:34543/__cypress/runner/cypress_runner.js:149915:3)\n    at retry (http://localhost:34543/__cypress/runner/cypress_runner.js:144197:19)\n    at onFailFn (http://localhost:34543/__cypress/runner/cypress_runner.js:132448:16)\n    at tryCatcher (http://localhost:34543/__cypress/runner/cypress_runner.js:167415:23)\n    at Promise._settlePromiseFromHandler (http://localhost:34543/__cypress/runner/cypress_runner.js:165351:31)\n    at Promise._settlePromise (http://localhost:34543/__cypress/runner/cypress_runner.js:165408:18)\n    at Promise._settlePromise0 (http://localhost:34543/__cypress/runner/cypress_runner.js:165453:10)\n    at Promise._settlePromises (http://localhost:34543/__cypress/runner/cypress_runner.js:165528:18)\n    at Async../node_modules/bluebird/js/release/async.js.Async._drainQueue (http://localhost:34543/__cypress/runner/cypress_runner.js:162140:16)\n    at Async../node_modules/bluebird/js/release/async.js.Async._drainQueues (http://localhost:34543/__cypress/runner/cypress_runner.js:162150:10)\n    at Async.drainQueues (http://localhost:34543/__cypress/runner/cypress_runner.js:162024:14)",
                "diff": null
              },
              "uuid": "0c896450-f656-4272-af95-130c5ad0ac00",
              "parentUUID": "8edeb199-6981-4a22-bf57-b2ccb449fc87",
              "isHook": false,
              "skipped": false
            },
            {
              "title": "Verifica se o texto do botão é 'Limpar'",
              "fullTitle": "9 - Crie um botão que, ao ser clicado, limpa o quadro preenchendo a cor de todos seus pixels com branco. Verifica se o texto do botão é 'Limpar'",
              "timedOut": null,
              "duration": 4286,
              "state": "failed",
              "speed": null,
              "pass": false,
              "fail": true,
              "pending": false,
              "context": null,
              "code": "cy.get('#clear-board').should('contain.text', 'Limpar');",
              "err": {
                "message": "CypressError: Timed out retrying: Expected to find element: '#clear-board', but never found it.",
                "estack": "CypressError: Timed out retrying: Expected to find element: '#clear-board', but never found it.\n    at cypressErr (http://localhost:34543/__cypress/runner/cypress_runner.js:149934:9)\n    at throwErr (http://localhost:34543/__cypress/runner/cypress_runner.js:149867:11)\n    at Object.throwErrByPath (http://localhost:34543/__cypress/runner/cypress_runner.js:149915:3)\n    at retry (http://localhost:34543/__cypress/runner/cypress_runner.js:144197:19)\n    at onFailFn (http://localhost:34543/__cypress/runner/cypress_runner.js:132448:16)\n    at tryCatcher (http://localhost:34543/__cypress/runner/cypress_runner.js:167415:23)\n    at Promise._settlePromiseFromHandler (http://localhost:34543/__cypress/runner/cypress_runner.js:165351:31)\n    at Promise._settlePromise (http://localhost:34543/__cypress/runner/cypress_runner.js:165408:18)\n    at Promise._settlePromise0 (http://localhost:34543/__cypress/runner/cypress_runner.js:165453:10)\n    at Promise._settlePromises (http://localhost:34543/__cypress/runner/cypress_runner.js:165528:18)\n    at Async../node_modules/bluebird/js/release/async.js.Async._drainQueue (http://localhost:34543/__cypress/runner/cypress_runner.js:162140:16)\n    at Async../node_modules/bluebird/js/release/async.js.Async._drainQueues (http://localhost:34543/__cypress/runner/cypress_runner.js:162150:10)\n    at Async.drainQueues (http://localhost:34543/__cypress/runner/cypress_runner.js:162024:14)",
                "diff": null
              },
              "uuid": "5b710a27-dc5f-45a6-891b-c81a60ad477d",
              "parentUUID": "8edeb199-6981-4a22-bf57-b2ccb449fc87",
              "isHook": false,
              "skipped": false
            },
            {
              "title": "Verifica se ao clicar no botão, o quadro de pixels é totalmente preenchido de branco",
              "fullTitle": "9 - Crie um botão que, ao ser clicado, limpa o quadro preenchendo a cor de todos seus pixels com branco. Verifica se ao clicar no botão, o quadro de pixels é totalmente preenchido de branco",
              "timedOut": null,
              "duration": 4328,
              "state": "failed",
              "speed": null,
              "pass": false,
              "fail": true,
              "pending": false,
              "context": null,
              "code": "cy.get('.color').eq(1).then(function (color) {\n  var backgroundColor = color.css('background-color');\n  cy.wrap(color).click();\n  cy.get('.pixel').each(function (pixel) {\n    cy.wrap(pixel).click().should('have.css', 'background-color', backgroundColor);\n  });\n});\ncy.get('#clear-board').click();\ncy.get('.pixel').each(function (pixel) {\n  cy.wrap(pixel).should('have.css', 'background-color', WHITE);\n});",
              "err": {
                "message": "CypressError: Timed out retrying: Expected to find element: '.color', but never found it.",
                "estack": "CypressError: Timed out retrying: Expected to find element: '.color', but never found it.\n    at cypressErr (http://localhost:34543/__cypress/runner/cypress_runner.js:149934:9)\n    at throwErr (http://localhost:34543/__cypress/runner/cypress_runner.js:149867:11)\n    at Object.throwErrByPath (http://localhost:34543/__cypress/runner/cypress_runner.js:149915:3)\n    at retry (http://localhost:34543/__cypress/runner/cypress_runner.js:144197:19)\n    at onFailFn (http://localhost:34543/__cypress/runner/cypress_runner.js:132448:16)\n    at tryCatcher (http://localhost:34543/__cypress/runner/cypress_runner.js:167415:23)\n    at Promise._settlePromiseFromHandler (http://localhost:34543/__cypress/runner/cypress_runner.js:165351:31)\n    at Promise._settlePromise (http://localhost:34543/__cypress/runner/cypress_runner.js:165408:18)\n    at Promise._settlePromise0 (http://localhost:34543/__cypress/runner/cypress_runner.js:165453:10)\n    at Promise._settlePromises (http://localhost:34543/__cypress/runner/cypress_runner.js:165528:18)\n    at Async../node_modules/bluebird/js/release/async.js.Async._drainQueue (http://localhost:34543/__cypress/runner/cypress_runner.js:162140:16)\n    at Async../node_modules/bluebird/js/release/async.js.Async._drainQueues (http://localhost:34543/__cypress/runner/cypress_runner.js:162150:10)\n    at Async.drainQueues (http://localhost:34543/__cypress/runner/cypress_runner.js:162024:14)",
                "diff": null
              },
              "uuid": "ab89dcb2-513e-44d6-9d7a-ee8687fb437c",
              "parentUUID": "8edeb199-6981-4a22-bf57-b2ccb449fc87",
              "isHook": false,
              "skipped": false
            }
          ],
          "suites": [],
          "passes": [],
          "failures": [
            "c530d4e6-345e-40aa-882e-572edfc03341",
            "0c896450-f656-4272-af95-130c5ad0ac00",
            "5b710a27-dc5f-45a6-891b-c81a60ad477d",
            "ab89dcb2-513e-44d6-9d7a-ee8687fb437c"
          ],
          "pending": [],
          "skipped": [],
[...]
                "diff": null
              },
              "uuid": "5d9fcf1b-0520-446f-af48-5abbf5401f99",
              "parentUUID": "de038dc6-f15d-413c-9e47-9c0d9c2e1ba9",
              "isHook": false,
              "skipped": false
            },
            {
              "title": "Verifica se o novo quadro tem todos os pixels preenchidos com a cor branca",
              "fullTitle": "10 - Faça o quadro de pixels ter seu tamanho definido pelo usuário. Verifica se o novo quadro tem todos os pixels preenchidos com a cor branca",
              "timedOut": null,
              "duration": 4467,
              "state": "failed",
              "speed": null,
              "pass": false,
              "fail": true,
              "pending": false,
              "context": null,
              "code": "cy.get('#board-size').clear().type(6);\ncy.get('#generate-board').click();\ncy.get('.pixel').should('have.length', 36).each(function (pixel) {\n  expect(pixel).to.have.css('background-color', WHITE);\n});",
              "err": {
                "message": "CypressError: Timed out retrying: Expected to find element: '#board-size', but never found it.",
                "estack": "CypressError: Timed out retrying: Expected to find element: '#board-size', but never found it.\n    at cypressErr (http://localhost:34543/__cypress/runner/cypress_runner.js:149934:9)\n    at throwErr (http://localhost:34543/__cypress/runner/cypress_runner.js:149867:11)\n    at Object.throwErrByPath (http://localhost:34543/__cypress/runner/cypress_runner.js:149915:3)\n    at retry (http://localhost:34543/__cypress/runner/cypress_runner.js:144197:19)\n    at onFailFn (http://localhost:34543/__cypress/runner/cypress_runner.js:132448:16)\n    at tryCatcher (http://localhost:34543/__cypress/runner/cypress_runner.js:167415:23)\n    at Promise._settlePromiseFromHandler (http://localhost:34543/__cypress/runner/cypress_runner.js:165351:31)\n    at Promise._settlePromise (http://localhost:34543/__cypress/runner/cypress_runner.js:165408:18)\n    at Promise._settlePromise0 (http://localhost:34543/__cypress/runner/cypress_runner.js:165453:10)\n    at Promise._settlePromises (http://localhost:34543/__cypress/runner/cypress_runner.js:165528:18)\n    at Async../node_modules/bluebird/js/release/async.js.Async._drainQueue (http://localhost:34543/__cypress/runner/cypress_runner.js:162140:16)\n    at Async../node_modules/bluebird/js/release/async.js.Async._drainQueues (http://localhost:34543/__cypress/runner/cypress_runner.js:162150:10)\n    at Async.drainQueues (http://localhost:34543/__cypress/runner/cypress_runner.js:162024:14)",
                "diff": null
              },
              "uuid": "e6abe354-7c62-4c01-87de-9db54ac0e85b",
              "parentUUID": "de038dc6-f15d-413c-9e47-9c0d9c2e1ba9",
              "isHook": false,
              "skipped": false
            }
          ],
          "suites": [],
          "passes": [],
          "failures": [
            "18a05f7e-dba2-4da3-a354-323a884a6c58",
            "15ab1709-2fcf-4b8a-8c8e-b47b1a666a46",
            "2ea541d4-f2db-4d5d-aba1-a09f98cafde6",
            "46fcac68-79fa-45c0-a505-e50531328e8f",
            "27b4e401-b748-4490-9db3-4fa1ff8735c3",
            "be29749e-61d5-4626-8e27-589e84756cf8",
            "a151e3a0-e250-43c2-8a9a-150992fbfc0b",
            "5d9fcf1b-0520-446f-af48-5abbf5401f99",
            "e6abe354-7c62-4c01-87de-9db54ac0e85b"
          ],
          "pending": [],
          "skipped": [],
          "duration": 40088,
          "root": false,
          "rootEmpty": false,
          "_timeout": 2000
        },
        {
          "uuid": "4e22b8e3-71d2-472b-a39f-ce7a3f9399dc",
          "title": "11 - Limite o tamanho mínimo e máximo do board.",
          "fullFile": "",
          "file": "",
          "beforeHooks": [],
          "afterHooks": [],
          "tests": [
            {
              "title": "Verifica se a altura máxima do board é 50",
              "fullTitle": "11 - Limite o tamanho mínimo e máximo do board. Verifica se a altura máxima do board é 50",
              "timedOut": null,
              "duration": 4360,
              "state": "failed",
              "speed": null,
              "pass": false,
              "fail": true,
              "pending": false,
              "context": null,
              "code": "cy.get('#board-size').clear().type(50);\ncy.get('#generate-board').click();\ncy.get('.pixel').should('have.length', 2500);",
              "err": {
                "message": "CypressError: Timed out retrying: Expected to find element: '#board-size', but never found it.",
                "estack": "CypressError: Timed out retrying: Expected to find element: '#board-size', but never found it.\n    at cypressErr (http://localhost:34543/__cypress/runner/cypress_runner.js:149934:9)\n    at throwErr (http://localhost:34543/__cypress/runner/cypress_runner.js:149867:11)\n    at Object.throwErrByPath (http://localhost:34543/__cypress/runner/cypress_runner.js:149915:3)\n    at retry (http://localhost:34543/__cypress/runner/cypress_runner.js:144197:19)\n    at onFailFn (http://localhost:34543/__cypress/runner/cypress_runner.js:132448:16)\n    at tryCatcher (http://localhost:34543/__cypress/runner/cypress_runner.js:167415:23)\n    at Promise._settlePromiseFromHandler (http://localhost:34543/__cypress/runner/cypress_runner.js:165351:31)\n    at Promise._settlePromise (http://localhost:34543/__cypress/runner/cypress_runner.js:165408:18)\n    at Promise._settlePromise0 (http://localhost:34543/__cypress/runner/cypress_runner.js:165453:10)\n    at Promise._settlePromises (http://localhost:34543/__cypress/runner/cypress_runner.js:165528:18)\n    at Async../node_modules/bluebird/js/release/async.js.Async._drainQueue (http://localhost:34543/__cypress/runner/cypress_runner.js:162140:16)\n    at Async../node_modules/bluebird/js/release/async.js.Async._drainQueues (http://localhost:34543/__cypress/runner/cypress_runner.js:162150:10)\n    at Async.drainQueues (http://localhost:34543/__cypress/runner/cypress_runner.js:162024:14)",
                "diff": null
              },
              "uuid": "ef32ee86-a063-403f-b060-612c3e05ff0d",
              "parentUUID": "4e22b8e3-71d2-472b-a39f-ce7a3f9399dc",
              "isHook": false,
              "skipped": false
            },
            {
              "title": "Verifica se a altura do board é 5 quando um valor menor é colocado no input",
              "fullTitle": "11 - Limite o tamanho mínimo e máximo do board. Verifica se a altura do board é 5 quando um valor menor é colocado no input",
              "timedOut": null,
              "duration": 4501,
              "state": "failed",
              "speed": null,
              "pass": false,
              "fail": true,
              "pending": false,
              "context": null,
              "code": "cy.get('#board-size').clear().type(4);\ncy.get('#generate-board').click();\ncy.get('.pixel').should('have.length', 25);",
              "err": {
                "message": "CypressError: Timed out retrying: Expected to find element: '#board-size', but never found it.",
                "estack": "CypressError: Timed out retrying: Expected to find element: '#board-size', but never found it.\n    at cypressErr (http://localhost:34543/__cypress/runner/cypress_runner.js:149934:9)\n    at throwErr (http://localhost:34543/__cypress/runner/cypress_runner.js:149867:11)\n    at Object.throwErrByPath (http://localhost:34543/__cypress/runner/cypress_runner.js:149915:3)\n    at retry (http://localhost:34543/__cypress/runner/cypress_runner.js:144197:19)\n    at onFailFn (http://localhost:34543/__cypress/runner/cypress_runner.js:132448:16)\n    at tryCatcher (http://localhost:34543/__cypress/runner/cypress_runner.js:167415:23)\n    at Promise._settlePromiseFromHandler (http://localhost:34543/__cypress/runner/cypress_runner.js:165351:31)\n    at Promise._settlePromise (http://localhost:34543/__cypress/runner/cypress_runner.js:165408:18)\n    at Promise._settlePromise0 (http://localhost:34543/__cypress/runner/cypress_runner.js:165453:10)\n    at Promise._settlePromises (http://localhost:34543/__cypress/runner/cypress_runner.js:165528:18)\n    at Async../node_modules/bluebird/js/release/async.js.Async._drainQueue (http://localhost:34543/__cypress/runner/cypress_runner.js:162140:16)\n    at Async../node_modules/bluebird/js/release/async.js.Async._drainQueues (http://localhost:34543/__cypress/runner/cypress_runner.js:162150:10)\n    at Async.drainQueues (http://localhost:34543/__cypress/runner/cypress_runner.js:162024:14)",
                "diff": null
              },
              "uuid": "4346ec6d-0fdb-4660-9117-216b9d5050b6",
              "parentUUID": "4e22b8e3-71d2-472b-a39f-ce7a3f9399dc",
              "isHook": false,
              "skipped": false
            },
            {
              "title": "Verifica se a altura do board é 50 quando um valor maior é colocado no input",
              "fullTitle": "11 - Limite o tamanho mínimo e máximo do board. Verifica se a altura do board é 50 quando um valor maior é colocado no input",
              "timedOut": null,
              "duration": 4405,
              "state": "failed",
              "speed": null,
              "pass": false,
              "fail": true,
              "pending": false,
              "context": null,
              "code": "cy.get('#board-size').clear().type(51);\ncy.get('#generate-board').click();\ncy.get('.pixel').should('have.length', 2500);",
              "err": {
                "message": "CypressError: Timed out retrying: Expected to find element: '#board-size', but never found it.",
                "estack": "CypressError: Timed out retrying: Expected to find element: '#board-size', but never found it.\n    at cypressErr (http://localhost:34543/__cypress/runner/cypress_runner.js:149934:9)\n    at throwErr (http://localhost:34543/__cypress/runner/cypress_runner.js:149867:11)\n    at Object.throwErrByPath (http://localhost:34543/__cypress/runner/cypress_runner.js:149915:3)\n    at retry (http://localhost:34543/__cypress/runner/cypress_runner.js:144197:19)\n    at onFailFn (http://localhost:34543/__cypress/runner/cypress_runner.js:132448:16)\n    at tryCatcher (http://localhost:34543/__cypress/runner/cypress_runner.js:167415:23)\n    at Promise._settlePromiseFromHandler (http://localhost:34543/__cypress/runner/cypress_runner.js:165351:31)\n    at Promise._settlePromise (http://localhost:34543/__cypress/runner/cypress_runner.js:165408:18)\n    at Promise._settlePromise0 (http://localhost:34543/__cypress/runner/cypress_runner.js:165453:10)\n    at Promise._settlePromises (http://localhost:34543/__cypress/runner/cypress_runner.js:165528:18)\n    at Async../node_modules/bluebird/js/release/async.js.Async._drainQueue (http://localhost:34543/__cypress/runner/cypress_runner.js:162140:16)\n    at Async../node_modules/bluebird/js/release/async.js.Async._drainQueues (http://localhost:34543/__cypress/runner/cypress_runner.js:162150:10)\n    at Async.drainQueues (http://localhost:34543/__cypress/runner/cypress_runner.js:162024:14)",
                "diff": null
              },
              "uuid": "b3d41fc8-c391-47a4-b016-2c02fda11fd3",
              "parentUUID": "4e22b8e3-71d2-472b-a39f-ce7a3f9399dc",
              "isHook": false,
              "skipped": false
            }
          ],
          "suites": [],
          "passes": [],
          "failures": [
            "ef32ee86-a063-403f-b060-612c3e05ff0d",
            "4346ec6d-0fdb-4660-9117-216b9d5050b6",
            "b3d41fc8-c391-47a4-b016-2c02fda11fd3"
          ],
          "pending": [],
          "skipped": [],
          "duration": 13266,
          "root": false,
          "rootEmpty": false,
          "_timeout": 2000
        },
        {
          "uuid": "88d843b7-f9d0-4664-b632-70093758e01a",
          "title": "12 - Faça com que as cores da paleta sejam geradas aleatoriamente ao carregar a página.",
          "fullFile": "",
          "file": "",
          "beforeHooks": [],
          "afterHooks": [],
          "tests": [
            {
              "title": "Verifica se as cores geradas na paleta são diferentes a cada carregamento da página",
              "fullTitle": "12 - Faça com que as cores da paleta sejam geradas aleatoriamente ao carregar a página. Verifica se as cores geradas na paleta são diferentes a cada carregamento da página",
              "timedOut": null,
              "duration": 4395,
              "state": "failed",
              "speed": null,
              "pass": false,
              "fail": true,
              "pending": false,
              "context": null,
              "code": "cy.get('.color').then(function (colors) {\n  var currentColors;\n  var previousColors;\n  previousColors = Array.from(colors).map(function (color) {\n    return Cypress.$(color).css('background-color');\n  });\n  for (var i = 0; i < 5; i += 1) {\n    cy.reload();\n    cy.get('.color').then(function (colors) {\n      currentColors = Array.from(colors).map(function (color) {\n        return Cypress.$(color).css('background-color');\n      });\n      expect(currentColors).not.to.deep.equal(previousColors);\n      previousColors = currentColors;\n    });\n  }\n});",
              "err": {
                "message": "CypressError: Timed out retrying: Expected to find element: '.color', but never found it.",
                "estack": "CypressError: Timed out retrying: Expected to find element: '.color', but never found it.\n    at cypressErr (http://localhost:34543/__cypress/runner/cypress_runner.js:149934:9)\n    at throwErr (http://localhost:34543/__cypress/runner/cypress_runner.js:149867:11)\n    at Object.throwErrByPath (http://localhost:34543/__cypress/runner/cypress_runner.js:149915:3)\n    at retry (http://localhost:34543/__cypress/runner/cypress_runner.js:144197:19)\n    at onFailFn (http://localhost:34543/__cypress/runner/cypress_runner.js:132448:16)\n    at tryCatcher (http://localhost:34543/__cypress/runner/cypress_runner.js:167415:23)\n    at Promise._settlePromiseFromHandler (http://localhost:34543/__cypress/runner/cypress_runner.js:165351:31)\n    at Promise._settlePromise (http://localhost:34543/__cypress/runner/cypress_runner.js:165408:18)\n    at Promise._settlePromise0 (http://localhost:34543/__cypress/runner/cypress_runner.js:165453:10)\n    at Promise._settlePromises (http://localhost:34543/__cypress/runner/cypress_runner.js:165528:18)\n    at Async../node_modules/bluebird/js/release/async.js.Async._drainQueue (http://localhost:34543/__cypress/runner/cypress_runner.js:162140:16)\n    at Async../node_modules/bluebird/js/release/async.js.Async._drainQueues (http://localhost:34543/__cypress/runner/cypress_runner.js:162150:10)\n    at Async.drainQueues (http://localhost:34543/__cypress/runner/cypress_runner.js:162024:14)",
                "diff": null
              },
              "uuid": "047adf48-3cd5-4d89-96f6-23745882dc68",
              "parentUUID": "88d843b7-f9d0-4664-b632-70093758e01a",
              "isHook": false,
              "skipped": false
            },
            {
              "title": "Verifica se a cor preta ainda está presente e é a primeira na sua paleta de cores",
              "fullTitle": "12 - Faça com que as cores da paleta sejam geradas aleatoriamente ao carregar a página. Verifica se a cor preta ainda está presente e é a primeira na sua paleta de cores",
              "timedOut": null,
              "duration": 4423,
              "state": "failed",
              "speed": null,
              "pass": false,
              "fail": true,
              "pending": false,
              "context": null,
              "code": "cy.get('.color').then(function (colors) {\n  var currentColors;\n  var previousColors;\n  previousColors = Array.from(colors).map(function (color) {\n    return Cypress.$(color).css('background-color');\n  });\n  expect(previousColors[0]).to.eq(BLACK);\n  for (var i = 0; i < 5; i += 1) {\n    cy.reload();\n    cy.get('.color').then(function (colors) {\n      currentColors = Array.from(colors).map(function (color) {\n        return Cypress.$(color).css('background-color');\n      });\n      expect(currentColors[0]).to.eq(BLACK);\n      expect(currentColors).not.to.deep.equal(previousColors);\n      previousColors = currentColors;\n    });\n  }\n});",
              "err": {
                "message": "CypressError: Timed out retrying: Expected to find element: '.color', but never found it.",
                "estack": "CypressError: Timed out retrying: Expected to find element: '.color', but never found it.\n    at cypressErr (http://localhost:34543/__cypress/runner/cypress_runner.js:149934:9)\n    at throwErr (http://localhost:34543/__cypress/runner/cypress_runner.js:149867:11)\n    at Object.throwErrByPath (http://localhost:34543/__cypress/runner/cypress_runner.js:149915:3)\n    at retry (http://localhost:34543/__cypress/runner/cypress_runner.js:144197:19)\n    at onFailFn (http://localhost:34543/__cypress/runner/cypress_runner.js:132448:16)\n    at tryCatcher (http://localhost:34543/__cypress/runner/cypress_runner.js:167415:23)\n    at Promise._settlePromiseFromHandler (http://localhost:34543/__cypress/runner/cypress_runner.js:165351:31)\n    at Promise._settlePromise (http://localhost:34543/__cypress/runner/cypress_runner.js:165408:18)\n    at Promise._settlePromise0 (http://localhost:34543/__cypress/runner/cypress_runner.js:165453:10)\n    at Promise._settlePromises (http://localhost:34543/__cypress/runner/cypress_runner.js:165528:18)\n    at Async../node_modules/bluebird/js/release/async.js.Async._drainQueue (http://localhost:34543/__cypress/runner/cypress_runner.js:162140:16)\n    at Async../node_modules/bluebird/js/release/async.js.Async._drainQueues (http://localhost:34543/__cypress/runner/cypress_runner.js:162150:10)\n    at Async.drainQueues (http://localhost:34543/__cypress/runner/cypress_runner.js:162024:14)",
                "diff": null
              },
              "uuid": "7a0fd25e-0013-4513-97b6-e1a3edaad5c4",
              "parentUUID": "88d843b7-f9d0-4664-b632-70093758e01a",
              "isHook": false,
              "skipped": false
            }
          ],
          "suites": [],
          "passes": [],
          "failures": [
            "047adf48-3cd5-4d89-96f6-23745882dc68",
            "7a0fd25e-0013-4513-97b6-e1a3edaad5c4"
          ],
          "pending": [],
          "skipped": [],
          "duration": 8818,
          "root": false,
          "rootEmpty": false,
          "_timeout": 2000
        }
      ],
      "passes": [],
      "failures": [],
      "pending": [],
      "skipped": [],
      "duration": 0,
      "root": true,
      "rootEmpty": true,
      "_timeout": 2000
    }
  ],
  "meta": {
    "mocha": {
      "version": "7.0.1"
    },
    "mochawesome": {
      "options": {
        "quiet": false,
        "reportFilename": "mochawesome",
        "saveHtml": false,
        "saveJson": true,
        "consoleReporter": "spec",
        "useInlineDiffs": false
      },
      "version": "4.1.0"
    },
    "marge": {
      "options": {
        "id": "default",
        "reportDir": "cypress/reports",
        "overwrite": true,
        "html": false,
        "json": true
      },
      "version": "4.1.0"
    }
  }
}
