{
  "stats": {
    "suites": 12,
    "tests": 41,
    "passes": 23,
    "pending": 0,
    "failures": 18,
    "start": "2021-07-14T00:59:51.721Z",
    "end": "2021-07-14T01:01:14.066Z",
    "duration": 82345,
    "testsRegistered": 41,
    "passPercent": 56.09756097560976,
    "pendingPercent": 0,
    "other": 0,
    "hasOther": false,
    "skipped": 0,
    "hasSkipped": false
  },
  "results": [
    {
      "uuid": "469d1c7d-5e6f-46ab-920e-3dbee6b00b19",
      "title": "",
      "fullFile": "cypress/integration/project.spec.js",
      "file": "cypress/integration/project.spec.js",
      "beforeHooks": [],
      "afterHooks": [],
      "tests": [],
      "suites": [
        {
          "uuid": "a3063283-3285-47d3-87b0-0a9bb0450672",
          "title": "1 - Adicione à página o título \"Paleta de Cores\".",
          "fullFile": "",
          "file": "",
          "beforeHooks": [],
          "afterHooks": [],
          "tests": [
            {
              "title": "Verifica se contém um elemento `h1` com o id `title` com o título correto",
              "fullTitle": "1 - Adicione à página o título \"Paleta de Cores\". Verifica se contém um elemento `h1` com o id `title` com o título correto",
              "timedOut": null,
              "duration": 157,
              "state": "passed",
              "speed": "slow",
              "pass": true,
              "fail": false,
              "pending": false,
              "context": null,
              "code": "cy.get('h1#title').should('contain.text', 'Paleta de Cores');",
              "err": {},
              "uuid": "c23c06ab-b325-4acf-9ce6-2d37d358154a",
              "parentUUID": "a3063283-3285-47d3-87b0-0a9bb0450672",
              "isHook": false,
              "skipped": false
            }
          ],
          "suites": [],
          "passes": [
            "c23c06ab-b325-4acf-9ce6-2d37d358154a"
          ],
          "failures": [],
          "pending": [],
          "skipped": [],
          "duration": 157,
          "root": false,
          "rootEmpty": false,
          "_timeout": 2000
        },
        {
          "uuid": "05570871-52ae-45ad-a768-1f02b0f0ea21",
          "title": "2 - Adicione à página uma paleta de quatro cores distintas.",
          "fullFile": "",
          "file": "",
          "beforeHooks": [],
          "afterHooks": [],
          "tests": [
            {
              "title": "A paleta de cores deve ser um elemento com `id` denominado `color-palette`",
              "fullTitle": "2 - Adicione à página uma paleta de quatro cores distintas. A paleta de cores deve ser um elemento com `id` denominado `color-palette`",
              "timedOut": null,
              "duration": 114,
              "state": "passed",
              "speed": "slow",
              "pass": true,
              "fail": false,
              "pending": false,
              "context": null,
              "code": "cy.get('#color-palette').should('be.visible');",
              "err": {},
              "uuid": "da36939e-e1be-46e7-a4f6-456c0e87971e",
              "parentUUID": "05570871-52ae-45ad-a768-1f02b0f0ea21",
              "isHook": false,
              "skipped": false
            },
            {
              "title": "Verifica se cada cor individual da paleta de cores possui a `classe` chamada `color`.",
              "fullTitle": "2 - Adicione à página uma paleta de quatro cores distintas. Verifica se cada cor individual da paleta de cores possui a `classe` chamada `color`.",
              "timedOut": null,
              "duration": 130,
              "state": "passed",
              "speed": "slow",
              "pass": true,
              "fail": false,
              "pending": false,
              "context": null,
              "code": "cy.get('.color').should('have.length', 4).then(function (colors) {\n  for (var i = 0; i < colors.length; i++) {\n    cy.wrap(colors[i]).should('be.visible');\n  }\n});",
              "err": {},
              "uuid": "bbac5fdf-2d79-4ec7-afc7-a705a5f48ea4",
              "parentUUID": "05570871-52ae-45ad-a768-1f02b0f0ea21",
              "isHook": false,
              "skipped": false
            },
            {
              "title": "Verifica se a cor de fundo de cada elemento da paleta é a cor que o elemento representa. **A única cor não permitida na paleta é a cor branca.**",
              "fullTitle": "2 - Adicione à página uma paleta de quatro cores distintas. Verifica se a cor de fundo de cada elemento da paleta é a cor que o elemento representa. **A única cor não permitida na paleta é a cor branca.**",
              "timedOut": null,
              "duration": 99,
              "state": "passed",
              "speed": "slow",
              "pass": true,
              "fail": false,
              "pending": false,
              "context": null,
              "code": "cy.get('.color').each(function (color) {\n  cy.wrap(color).should('have.class', 'color').and('not.have.css', 'background-color', WHITE);\n  cy.wrap(color).should('have.css', 'background-color');\n});",
              "err": {},
              "uuid": "0c85e13d-624a-4d4f-8149-fda81fadcede",
              "parentUUID": "05570871-52ae-45ad-a768-1f02b0f0ea21",
              "isHook": false,
              "skipped": false
            },
            {
              "title": "Verifica se cada elemento da paleta de cores tem uma borda preta, sólida e com 1 pixel de largura;",
              "fullTitle": "2 - Adicione à página uma paleta de quatro cores distintas. Verifica se cada elemento da paleta de cores tem uma borda preta, sólida e com 1 pixel de largura;",
              "timedOut": null,
              "duration": 143,
              "state": "passed",
              "speed": "slow",
              "pass": true,
              "fail": false,
              "pending": false,
              "context": null,
              "code": "cy.get('.color').each(function (color) {\n  cy.wrap(color).and('have.css', 'border', \"1px solid \".concat(BLACK)).and('have.class', 'color');\n});",
              "err": {},
              "uuid": "36e96dce-76db-4449-8372-e23c97b43826",
              "parentUUID": "05570871-52ae-45ad-a768-1f02b0f0ea21",
              "isHook": false,
              "skipped": false
            },
            {
              "title": "Verifica se a paleta lista todas as cores disponíveis para utilização, lado a lado.",
              "fullTitle": "2 - Adicione à página uma paleta de quatro cores distintas. Verifica se a paleta lista todas as cores disponíveis para utilização, lado a lado.",
              "timedOut": null,
              "duration": 107,
              "state": "passed",
              "speed": "slow",
              "pass": true,
              "fail": false,
              "pending": false,
              "context": null,
              "code": "cy.get('.color').then(function (colors) {\n  for (var index = 1; index < colors.length; index += 1) {\n    var currentColor = colors[index];\n    var previousColor = colors[index - 1];\n    cy.wrap(currentColor).should('be.onTheRightOf', previousColor).and('be.horizontallyAlignedWith', previousColor);\n  }\n});",
              "err": {},
              "uuid": "7f1886a8-f346-4409-bc45-ebee6283b4f8",
              "parentUUID": "05570871-52ae-45ad-a768-1f02b0f0ea21",
              "isHook": false,
              "skipped": false
            },
            {
              "title": "Verifica se a paleta de cores está posicionada abaixo do título 'Paleta de Cores'",
              "fullTitle": "2 - Adicione à página uma paleta de quatro cores distintas. Verifica se a paleta de cores está posicionada abaixo do título 'Paleta de Cores'",
              "timedOut": null,
              "duration": 128,
              "state": "passed",
              "speed": "slow",
              "pass": true,
              "fail": false,
              "pending": false,
              "context": null,
              "code": "cy.get('h1#title').then(function (title) {\n  cy.get('#color-palette').should('be.belowOf', title);\n});",
              "err": {},
              "uuid": "b2f6ed5f-9945-4840-a5d1-aabc6a96cee2",
              "parentUUID": "05570871-52ae-45ad-a768-1f02b0f0ea21",
              "isHook": false,
              "skipped": false
            },
            {
              "title": "Verifica se a paleta de cores não contém cores repetidas.",
              "fullTitle": "2 - Adicione à página uma paleta de quatro cores distintas. Verifica se a paleta de cores não contém cores repetidas.",
              "timedOut": null,
              "duration": 94,
              "state": "passed",
              "speed": "slow",
              "pass": true,
              "fail": false,
              "pending": false,
              "context": null,
              "code": "cy.get('.color').then(function (colors) {\n  var allColors = Array.from(colors).map(function (color) {\n    return Cypress.$(color).css('background-color');\n  });\n  cy.log(allColors);\n  var uniqColors = (0, _toConsumableArray2[\"default\"])(new Set(allColors));\n  cy.log(uniqColors);\n  expect(allColors.length).to.eq(uniqColors.length);\n});",
              "err": {},
              "uuid": "9dcf2503-4348-442b-a69b-ae47ae076237",
              "parentUUID": "05570871-52ae-45ad-a768-1f02b0f0ea21",
              "isHook": false,
              "skipped": false
            }
          ],
          "suites": [],
          "passes": [
            "da36939e-e1be-46e7-a4f6-456c0e87971e",
            "bbac5fdf-2d79-4ec7-afc7-a705a5f48ea4",
            "0c85e13d-624a-4d4f-8149-fda81fadcede",
            "36e96dce-76db-4449-8372-e23c97b43826",
            "7f1886a8-f346-4409-bc45-ebee6283b4f8",
            "b2f6ed5f-9945-4840-a5d1-aabc6a96cee2",
            "9dcf2503-4348-442b-a69b-ae47ae076237"
          ],
          "failures": [],
          "pending": [],
          "skipped": [],
          "duration": 815,
          "root": false,
          "rootEmpty": false,
          "_timeout": 2000
        },
        {
          "uuid": "40644a5c-b895-45d8-9bfd-f0651efb78e3",
          "title": "3 - Adicione a cor **preta** como a primeira cor da paleta de cores.",
          "fullFile": "",
          "file": "",
          "beforeHooks": [],
          "afterHooks": [],
          "tests": [
            {
              "title": "Verifica se a primeira cor da paleta é preta",
              "fullTitle": "3 - Adicione a cor **preta** como a primeira cor da paleta de cores. Verifica se a primeira cor da paleta é preta",
              "timedOut": null,
              "duration": 88,
              "state": "passed",
              "speed": "slow",
              "pass": true,
              "fail": false,
              "pending": false,
              "context": null,
              "code": "cy.get('.color').first().should('have.css', 'background-color', BLACK);",
              "err": {},
              "uuid": "a7797d3c-0aa7-424b-8be2-84c4da75fcd2",
              "parentUUID": "40644a5c-b895-45d8-9bfd-f0651efb78e3",
              "isHook": false,
              "skipped": false
            },
            {
              "title": "Verifica se as demais cores podem ser escolhidas livremente.",
              "fullTitle": "3 - Adicione a cor **preta** como a primeira cor da paleta de cores. Verifica se as demais cores podem ser escolhidas livremente.",
              "timedOut": null,
              "duration": 187,
              "state": "passed",
              "speed": "slow",
              "pass": true,
              "fail": false,
              "pending": false,
              "context": null,
              "code": "cy.get('.color').eq(1).should('not.have.css', 'background-color', BLACK);\ncy.get('.color').eq(1).should('not.have.css', 'background-color', WHITE);\ncy.get('.color').eq(1).should('not.have.css', 'background-color', 'rgba(0, 0, 0, 0)');\ncy.get('.color').eq(1).should('have.css', 'background-color');\ncy.get('.color').eq(2).should('not.have.css', 'background-color', BLACK);\ncy.get('.color').eq(2).should('not.have.css', 'background-color', WHITE);\ncy.get('.color').eq(2).should('not.have.css', 'background-color', 'rgba(0, 0, 0, 0)');\ncy.get('.color').eq(2).should('have.css', 'background-color');\ncy.get('.color').eq(3).should('not.have.css', 'background-color', BLACK);\ncy.get('.color').eq(3).should('not.have.css', 'background-color', WHITE);\ncy.get('.color').eq(3).should('not.have.css', 'background-color', 'rgba(0, 0, 0, 0)');\ncy.get('.color').eq(3).should('have.css', 'background-color');",
              "err": {},
              "uuid": "415a7826-10cb-461a-b57a-ab35f6c34d99",
              "parentUUID": "40644a5c-b895-45d8-9bfd-f0651efb78e3",
              "isHook": false,
              "skipped": false
            }
          ],
          "suites": [],
          "passes": [
            "a7797d3c-0aa7-424b-8be2-84c4da75fcd2",
            "415a7826-10cb-461a-b57a-ab35f6c34d99"
          ],
          "failures": [],
          "pending": [],
          "skipped": [],
          "duration": 275,
          "root": false,
          "rootEmpty": false,
          "_timeout": 2000
        },
        {
          "uuid": "4e11e0c2-ca7b-47dc-82b5-a962043179f4",
          "title": "4 - Adicione à página um quadro de pixels, com 25 pixels.",
          "fullFile": "",
          "file": "",
          "beforeHooks": [],
          "afterHooks": [],
          "tests": [
            {
              "title": "Verifica se o quadro de pixels possui o `id` denominado `pixel-board`",
              "fullTitle": "4 - Adicione à página um quadro de pixels, com 25 pixels. Verifica se o quadro de pixels possui o `id` denominado `pixel-board`",
              "timedOut": null,
              "duration": 95,
              "state": "passed",
              "speed": "slow",
              "pass": true,
              "fail": false,
              "pending": false,
              "context": null,
              "code": "cy.get('#pixel-board').should('be.visible');",
              "err": {},
              "uuid": "9a73bd18-c1be-4501-b602-e34d8ee8b74e",
              "parentUUID": "4e11e0c2-ca7b-47dc-82b5-a962043179f4",
              "isHook": false,
              "skipped": false
            },
            {
              "title": "Verifica se cada pixel individual dentro do quadro possui a `classe` denominada `pixel`.",
              "fullTitle": "4 - Adicione à página um quadro de pixels, com 25 pixels. Verifica se cada pixel individual dentro do quadro possui a `classe` denominada `pixel`.",
              "timedOut": null,
              "duration": 111,
              "state": "passed",
              "speed": "slow",
              "pass": true,
              "fail": false,
              "pending": false,
              "context": null,
              "code": "cy.get('.pixel').should('have.length', 25);",
              "err": {},
              "uuid": "5a43e6fb-3635-45a6-9061-14a6ec16409d",
              "parentUUID": "4e11e0c2-ca7b-47dc-82b5-a962043179f4",
              "isHook": false,
              "skipped": false
            },
            {
              "title": "Verifica se a cor inicial dos pixels dentro do quadro, ao abrir a página, é branca.",
              "fullTitle": "4 - Adicione à página um quadro de pixels, com 25 pixels. Verifica se a cor inicial dos pixels dentro do quadro, ao abrir a página, é branca.",
              "timedOut": null,
              "duration": 155,
              "state": "passed",
              "speed": "slow",
              "pass": true,
              "fail": false,
              "pending": false,
              "context": null,
              "code": "cy.get('.pixel').should('have.length', 25).each(function (pixel) {\n  expect(pixel).to.have.css('background-color', WHITE);\n});",
              "err": {},
              "uuid": "11f68e46-6138-4777-ba22-7cfd18704202",
              "parentUUID": "4e11e0c2-ca7b-47dc-82b5-a962043179f4",
              "isHook": false,
              "skipped": false
            },
            {
              "title": "Verifica se o quadro de pixels aparece abaixo da paleta de cores",
              "fullTitle": "4 - Adicione à página um quadro de pixels, com 25 pixels. Verifica se o quadro de pixels aparece abaixo da paleta de cores",
              "timedOut": null,
              "duration": 92,
              "state": "passed",
              "speed": "slow",
              "pass": true,
              "fail": false,
              "pending": false,
              "context": null,
              "code": "cy.get('#color-palette').then(function (palette) {\n  cy.get('#pixel-board').should('be.belowOf', palette);\n});",
              "err": {},
              "uuid": "4d3542a6-b046-4bc2-9dd5-7dddba88ecef",
              "parentUUID": "4e11e0c2-ca7b-47dc-82b5-a962043179f4",
              "isHook": false,
              "skipped": false
            }
          ],
          "suites": [],
          "passes": [
            "9a73bd18-c1be-4501-b602-e34d8ee8b74e",
            "5a43e6fb-3635-45a6-9061-14a6ec16409d",
            "11f68e46-6138-4777-ba22-7cfd18704202",
            "4d3542a6-b046-4bc2-9dd5-7dddba88ecef"
          ],
          "failures": [],
          "pending": [],
          "skipped": [],
          "duration": 453,
          "root": false,
          "rootEmpty": false,
          "_timeout": 2000
        },
        {
          "uuid": "1f42b6bd-9271-4d6d-abfb-bb3061ac9276",
          "title": "5 - Faça com que cada elemento do quadro de pixels possua 40 pixels de largura, 40 pixels de altura e seja delimitado por uma borda preta de 1 pixel.",
          "fullFile": "",
          "file": "",
          "beforeHooks": [],
          "afterHooks": [],
          "tests": [
            {
              "title": "Verifica se o quadro de pixels tem altura e comprimento de 5 elementos",
              "fullTitle": "5 - Faça com que cada elemento do quadro de pixels possua 40 pixels de largura, 40 pixels de altura e seja delimitado por uma borda preta de 1 pixel. Verifica se o quadro de pixels tem altura e comprimento de 5 elementos",
              "timedOut": null,
              "duration": 279,
              "state": "passed",
              "speed": "slow",
              "pass": true,
              "fail": false,
              "pending": false,
              "context": null,
              "code": "cy.get('.pixel').should('have.length', 25).each(function (pixel) {\n  expect(pixel).to.have.css('background-color', WHITE);\n}).and(function (pixels) {\n  var rows = chunk(pixels, 5);\n  rows.forEach(function (row) {\n    for (var index = 1; index < row.length; index += 1) {\n      var current = pixels[index];\n      var previous = pixels[index - 1];\n      cy.wrap(current).should('be.onTheRightOf', previous).and('be.horizontallyAlignedWith', previous);\n    }\n  });\n  for (var index = 1; index < 5; index += 1) {\n    expect(pixels[index * 5]).to.be.belowOf(pixels[(index - 1) * 5]);\n  }\n});",
              "err": {},
              "uuid": "b74c0023-9502-4173-98c9-0cbc97b6b0c9",
              "parentUUID": "1f42b6bd-9271-4d6d-abfb-bb3061ac9276",
              "isHook": false,
              "skipped": false
            },
            {
              "title": "Verifica se 40 pixels é o tamanho total do elemento, incluindo seu conteúdo e excluindo a borda preta, que deve ser criada à parte.",
              "fullTitle": "5 - Faça com que cada elemento do quadro de pixels possua 40 pixels de largura, 40 pixels de altura e seja delimitado por uma borda preta de 1 pixel. Verifica se 40 pixels é o tamanho total do elemento, incluindo seu conteúdo e excluindo a borda preta, que deve ser criada à parte.",
              "timedOut": null,
              "duration": 4218,
              "state": "failed",
              "speed": null,
              "pass": false,
              "fail": true,
              "pending": false,
              "context": null,
              "code": "cy.get('.pixel').each(function (pixel) {\n  cy.wrap(pixel).should('have.css', 'height', '40px').and('have.css', 'width', '40px').and('have.css', 'border', \"1px solid \".concat(BLACK));\n});",
              "err": {
                "message": "CypressError: Timed out retrying: expected '<td.pixel>' to have CSS property 'border' with the value '1px solid rgb(0, 0, 0)', but the value was '1px inset rgb(0, 0, 0)'",
                "estack": "CypressError: Timed out retrying: expected '<td.pixel>' to have CSS property 'border' with the value '1px solid rgb(0, 0, 0)', but the value was '1px inset rgb(0, 0, 0)'\n    at cypressErr (http://localhost:41979/__cypress/runner/cypress_runner.js:149934:9)\n    at throwErr (http://localhost:41979/__cypress/runner/cypress_runner.js:149867:11)\n    at Object.throwErrByPath (http://localhost:41979/__cypress/runner/cypress_runner.js:149915:3)\n    at retry (http://localhost:41979/__cypress/runner/cypress_runner.js:144197:19)\n    at onFailFn (http://localhost:41979/__cypress/runner/cypress_runner.js:132448:16)\n    at tryCatcher (http://localhost:41979/__cypress/runner/cypress_runner.js:167415:23)\n    at Promise._settlePromiseFromHandler (http://localhost:41979/__cypress/runner/cypress_runner.js:165351:31)\n    at Promise._settlePromise (http://localhost:41979/__cypress/runner/cypress_runner.js:165408:18)\n    at Promise._settlePromise0 (http://localhost:41979/__cypress/runner/cypress_runner.js:165453:10)\n    at Promise._settlePromises (http://localhost:41979/__cypress/runner/cypress_runner.js:165528:18)\n    at Async../node_modules/bluebird/js/release/async.js.Async._drainQueue (http://localhost:41979/__cypress/runner/cypress_runner.js:162140:16)\n    at Async../node_modules/bluebird/js/release/async.js.Async._drainQueues (http://localhost:41979/__cypress/runner/cypress_runner.js:162150:10)\n    at Async.drainQueues (http://localhost:41979/__cypress/runner/cypress_runner.js:162024:14)",
                "diff": null
              },
              "uuid": "bee04ece-65a6-4305-a316-eee92d3a7d7d",
              "parentUUID": "1f42b6bd-9271-4d6d-abfb-bb3061ac9276",
              "isHook": false,
              "skipped": false
            }
          ],
          "suites": [],
          "passes": [
            "b74c0023-9502-4173-98c9-0cbc97b6b0c9"
          ],
          "failures": [
            "bee04ece-65a6-4305-a316-eee92d3a7d7d"
          ],
          "pending": [],
          "skipped": [],
          "duration": 4497,
          "root": false,
          "rootEmpty": false,
          "_timeout": 2000
        },
        {
          "uuid": "8b07e1f7-6b34-4b28-906c-67f0d7fd7bd6",
          "title": "6 - Defina a cor preta como cor inicial. Ao carregar a página a cor preta já deve estar selecionada para pintar os pixels",
          "fullFile": "",
          "file": "",
          "beforeHooks": [],
          "afterHooks": [],
          "tests": [
            {
              "title": "Verifica se o elemento da cor preta possui, inicialmente, a `classe` `selected`",
              "fullTitle": "6 - Defina a cor preta como cor inicial. Ao carregar a página a cor preta já deve estar selecionada para pintar os pixels Verifica se o elemento da cor preta possui, inicialmente, a `classe` `selected`",
              "timedOut": null,
              "duration": 131,
              "state": "passed",
              "speed": "slow",
              "pass": true,
              "fail": false,
              "pending": false,
              "context": null,
              "code": "cy.get('.selected').first().should('have.css', 'background-color', BLACK);",
              "err": {},
              "uuid": "efba54e8-4737-49fd-95b5-17555bba442f",
              "parentUUID": "8b07e1f7-6b34-4b28-906c-67f0d7fd7bd6",
              "isHook": false,
              "skipped": false
            },
            {
              "title": "Verifica se nenhuma outra cor da paleta tem a `classe` `selected`",
              "fullTitle": "6 - Defina a cor preta como cor inicial. Ao carregar a página a cor preta já deve estar selecionada para pintar os pixels Verifica se nenhuma outra cor da paleta tem a `classe` `selected`",
              "timedOut": null,
              "duration": 71,
              "state": "passed",
              "speed": "medium",
              "pass": true,
              "fail": false,
              "pending": false,
              "context": null,
              "code": "cy.get('.color:not(:first-child)').each(function (color) {\n  cy.wrap(color).should('not.have.class', 'selected');\n});",
              "err": {},
              "uuid": "8eaf8ce2-6fb9-4488-8dee-d286d63f50bf",
              "parentUUID": "8b07e1f7-6b34-4b28-906c-67f0d7fd7bd6",
              "isHook": false,
              "skipped": false
            }
          ],
          "suites": [],
          "passes": [
            "efba54e8-4737-49fd-95b5-17555bba442f",
            "8eaf8ce2-6fb9-4488-8dee-d286d63f50bf"
          ],
          "failures": [],
          "pending": [],
          "skipped": [],
          "duration": 202,
          "root": false,
          "rootEmpty": false,
          "_timeout": 2000
        },
        {
          "uuid": "2676c6fe-052e-432e-95f6-c168df6e4ec4",
          "title": "7 - Clicar em uma das cores da paleta, faz com que ela seja selecionada e utilizada para preencher os pixels no quadro.",
          "fullFile": "",
          "file": "",
          "beforeHooks": [],
          "afterHooks": [],
          "tests": [
            {
              "title": "Verifica se somente uma cor da paleta de cores tem a classe `selected` de cada vez",
              "fullTitle": "7 - Clicar em uma das cores da paleta, faz com que ela seja selecionada e utilizada para preencher os pixels no quadro. Verifica se somente uma cor da paleta de cores tem a classe `selected` de cada vez",
              "timedOut": null,
              "duration": 461,
              "state": "passed",
              "speed": "slow",
              "pass": true,
              "fail": false,
              "pending": false,
              "context": null,
              "code": "cy.get('.color').each(function (selectedColor, selectedColorIndex) {\n  cy.wrap(selectedColor).click();\n  cy.get('.color').each(function (color, colorIndex) {\n    if (colorIndex === selectedColorIndex) {\n      expect(color).to.have[\"class\"]('selected');\n    } else {\n      expect(color).not.to.have[\"class\"]('selected');\n    }\n  });\n});",
              "err": {},
              "uuid": "3f682f5e-5dcb-4cd0-93eb-fe841cd71581",
              "parentUUID": "2676c6fe-052e-432e-95f6-c168df6e4ec4",
              "isHook": false,
              "skipped": false
            },
            {
              "title": "Verifica se os pixels dentro do quadro não têm a classe `selected` quando são clicados",
              "fullTitle": "7 - Clicar em uma das cores da paleta, faz com que ela seja selecionada e utilizada para preencher os pixels no quadro. Verifica se os pixels dentro do quadro não têm a classe `selected` quando são clicados",
              "timedOut": null,
              "duration": 8629,
              "state": "passed",
              "speed": "slow",
              "pass": true,
              "fail": false,
              "pending": false,
              "context": null,
              "code": "cy.get('.color').each(function (color) {\n  var backgroundColor = color.css('background-color');\n  cy.wrap(color).click();\n  cy.get('.pixel').each(function (pixel) {\n    cy.wrap(pixel).click().should('not.have.class', 'selected');\n  });\n});",
              "err": {},
              "uuid": "a51205cb-655d-4a27-9df3-17b3ddbdf0a4",
              "parentUUID": "2676c6fe-052e-432e-95f6-c168df6e4ec4",
              "isHook": false,
              "skipped": false
            }
          ],
          "suites": [],
          "passes": [
            "3f682f5e-5dcb-4cd0-93eb-fe841cd71581",
            "a51205cb-655d-4a27-9df3-17b3ddbdf0a4"
          ],
          "failures": [],
          "pending": [],
          "skipped": [],
          "duration": 9090,
          "root": false,
          "rootEmpty": false,
          "_timeout": 2000
        },
        {
          "uuid": "b48dda86-8667-4c54-907a-20f9346022c7",
          "title": "8 - Clicar em um pixel dentro do quadro após selecionar uma cor na paleta, faz com que o pixel seja preenchido com a cor selecionada.",
          "fullFile": "",
          "file": "",
          "beforeHooks": [],
          "afterHooks": [],
          "tests": [
            {
              "title": "Verifica se ao carregar a página deve ser possível pintar os pixels de preto",
              "fullTitle": "8 - Clicar em um pixel dentro do quadro após selecionar uma cor na paleta, faz com que o pixel seja preenchido com a cor selecionada. Verifica se ao carregar a página deve ser possível pintar os pixels de preto",
              "timedOut": null,
              "duration": 4317,
              "state": "failed",
              "speed": null,
              "pass": false,
              "fail": true,
              "pending": false,
              "context": null,
              "code": "cy.get('.pixel').each(function (pixel) {\n  cy.wrap(pixel).click().should('have.css', 'background-color', BLACK);\n});",
              "err": {
                "message": "CypressError: Timed out retrying: expected '<td.pixel>' to have CSS property 'background-color' with the value 'rgb(0, 0, 0)', but the value was 'rgba(0, 0, 0, 0)'",
                "estack": "CypressError: Timed out retrying: expected '<td.pixel>' to have CSS property 'background-color' with the value 'rgb(0, 0, 0)', but the value was 'rgba(0, 0, 0, 0)'\n    at cypressErr (http://localhost:41979/__cypress/runner/cypress_runner.js:149934:9)\n    at throwErr (http://localhost:41979/__cypress/runner/cypress_runner.js:149867:11)\n    at Object.throwErrByPath (http://localhost:41979/__cypress/runner/cypress_runner.js:149915:3)\n    at retry (http://localhost:41979/__cypress/runner/cypress_runner.js:144197:19)\n    at onFailFn (http://localhost:41979/__cypress/runner/cypress_runner.js:132448:16)\n    at tryCatcher (http://localhost:41979/__cypress/runner/cypress_runner.js:167415:23)\n    at Promise._settlePromiseFromHandler (http://localhost:41979/__cypress/runner/cypress_runner.js:165351:31)\n    at Promise._settlePromise (http://localhost:41979/__cypress/runner/cypress_runner.js:165408:18)\n    at Promise._settlePromise0 (http://localhost:41979/__cypress/runner/cypress_runner.js:165453:10)\n    at Promise._settlePromises (http://localhost:41979/__cypress/runner/cypress_runner.js:165528:18)\n    at Async../node_modules/bluebird/js/release/async.js.Async._drainQueue (http://localhost:41979/__cypress/runner/cypress_runner.js:162140:16)\n    at Async../node_modules/bluebird/js/release/async.js.Async._drainQueues (http://localhost:41979/__cypress/runner/cypress_runner.js:162150:10)\n    at Async.drainQueues (http://localhost:41979/__cypress/runner/cypress_runner.js:162024:14)",
                "diff": null
              },
              "uuid": "d6301ec2-ca49-4dfd-9e62-876ccfda4147",
              "parentUUID": "b48dda86-8667-4c54-907a-20f9346022c7",
              "isHook": false,
              "skipped": false
            },
            {
              "title": "Verifica se após selecionar uma outra cor na paleta, é possível pintar os pixels com essa cor",
              "fullTitle": "8 - Clicar em um pixel dentro do quadro após selecionar uma cor na paleta, faz com que o pixel seja preenchido com a cor selecionada. Verifica se após selecionar uma outra cor na paleta, é possível pintar os pixels com essa cor",
              "timedOut": null,
              "duration": 4410,
              "state": "failed",
              "speed": null,
              "pass": false,
              "fail": true,
              "pending": false,
              "context": null,
              "code": "cy.get('.color').each(function (color) {\n  var backgroundColor = color.css('background-color');\n  cy.wrap(color).click();\n  cy.get('.pixel').each(function (pixel) {\n    cy.wrap(pixel).click().should('have.css', 'background-color', backgroundColor);\n  });\n});",
              "err": {
                "message": "CypressError: Timed out retrying: expected '<td.pixel>' to have CSS property 'background-color' with the value 'rgb(0, 0, 0)', but the value was 'rgba(0, 0, 0, 0)'",
                "estack": "CypressError: Timed out retrying: expected '<td.pixel>' to have CSS property 'background-color' with the value 'rgb(0, 0, 0)', but the value was 'rgba(0, 0, 0, 0)'\n    at cypressErr (http://localhost:41979/__cypress/runner/cypress_runner.js:149934:9)\n    at throwErr (http://localhost:41979/__cypress/runner/cypress_runner.js:149867:11)\n    at Object.throwErrByPath (http://localhost:41979/__cypress/runner/cypress_runner.js:149915:3)\n    at retry (http://localhost:41979/__cypress/runner/cypress_runner.js:144197:19)\n    at onFailFn (http://localhost:41979/__cypress/runner/cypress_runner.js:132448:16)\n    at tryCatcher (http://localhost:41979/__cypress/runner/cypress_runner.js:167415:23)\n    at Promise._settlePromiseFromHandler (http://localhost:41979/__cypress/runner/cypress_runner.js:165351:31)\n    at Promise._settlePromise (http://localhost:41979/__cypress/runner/cypress_runner.js:165408:18)\n    at Promise._settlePromise0 (http://localhost:41979/__cypress/runner/cypress_runner.js:165453:10)\n    at Promise._settlePromises (http://localhost:41979/__cypress/runner/cypress_runner.js:165528:18)\n    at Async../node_modules/bluebird/js/release/async.js.Async._drainQueue (http://localhost:41979/__cypress/runner/cypress_runner.js:162140:16)\n    at Async../node_modules/bluebird/js/release/async.js.Async._drainQueues (http://localhost:41979/__cypress/runner/cypress_runner.js:162150:10)\n    at Async.drainQueues (http://localhost:41979/__cypress/runner/cypress_runner.js:162024:14)",
                "diff": null
              },
              "uuid": "1c83c8eb-e8be-4135-8c7a-330e4b2cde22",
              "parentUUID": "b48dda86-8667-4c54-907a-20f9346022c7",
              "isHook": false,
              "skipped": false
            },
            {
              "title": "Verifica se somente o pixel que foi clicado foi preenchido com a cor selecionada, sem influenciar na cor dos demais pixels.",
              "fullTitle": "8 - Clicar em um pixel dentro do quadro após selecionar uma cor na paleta, faz com que o pixel seja preenchido com a cor selecionada. Verifica se somente o pixel que foi clicado foi preenchido com a cor selecionada, sem influenciar na cor dos demais pixels.",
              "timedOut": null,
              "duration": 1206,
              "state": "passed",
              "speed": "slow",
              "pass": true,
              "fail": false,
              "pending": false,
              "context": null,
              "code": "var colorToPixelIndexMap = {\n  0: 6,\n  1: 8,\n  2: 16,\n  3: 18\n};\ncy.get('.color').each(function (color, index) {\n  cy.wrap(color).click();\n  var backgroundColor = color.css('background-color');\n  var clickedPixelIndex = colorToPixelIndexMap[index];\n  cy.get('.pixel').eq(clickedPixelIndex).click();\n  cy.get('.pixel').eq(clickedPixelIndex - 1).should('not.have.css', 'background-color', backgroundColor);\n  cy.get('.pixel').eq(clickedPixelIndex + 1).should('not.have.css', 'background-color', backgroundColor);\n  cy.get('.pixel').eq(clickedPixelIndex - 5).should('not.have.css', 'background-color', backgroundColor);\n  cy.get('.pixel').eq(clickedPixelIndex + 5).should('not.have.css', 'background-color', backgroundColor);\n  cy.get('.pixel').eq(clickedPixelIndex - 6).should('not.have.css', 'background-color', backgroundColor);\n  cy.get('.pixel').eq(clickedPixelIndex - 4).should('not.have.css', 'background-color', backgroundColor);\n  cy.get('.pixel').eq(clickedPixelIndex + 4).should('not.have.css', 'background-color', backgroundColor);\n  cy.get('.pixel').eq(clickedPixelIndex + 6).should('not.have.css', 'background-color', backgroundColor);\n});",
              "err": {},
              "uuid": "b6066472-b19f-4eb1-bae1-d20d1ec6bfe7",
              "parentUUID": "b48dda86-8667-4c54-907a-20f9346022c7",
              "isHook": false,
              "skipped": false
            }
          ],
          "suites": [],
          "passes": [
            "b6066472-b19f-4eb1-bae1-d20d1ec6bfe7"
          ],
          "failures": [
            "d6301ec2-ca49-4dfd-9e62-876ccfda4147",
            "1c83c8eb-e8be-4135-8c7a-330e4b2cde22"
          ],
          "pending": [],
          "skipped": [],
          "duration": 9933,
          "root": false,
          "rootEmpty": false,
          "_timeout": 2000
        },
        {
          "uuid": "fdd5af64-2c26-4fac-a0ad-a1e6d687e112",
          "title": "9 - Crie um botão que, ao ser clicado, limpa o quadro preenchendo a cor de todos seus pixels com branco.",
          "fullFile": "",
          "file": "",
          "beforeHooks": [],
          "afterHooks": [],
          "tests": [
            {
              "title": "Verifica se o botão tem o `id` denominado `clear-board`",
              "fullTitle": "9 - Crie um botão que, ao ser clicado, limpa o quadro preenchendo a cor de todos seus pixels com branco. Verifica se o botão tem o `id` denominado `clear-board`",
              "timedOut": null,
              "duration": 112,
              "state": "passed",
              "speed": "slow",
              "pass": true,
              "fail": false,
              "pending": false,
              "context": null,
              "code": "cy.get('#clear-board').should('be.visible');",
              "err": {},
              "uuid": "2a462d2b-ad7f-4f56-a78e-c4a44125b769",
              "parentUUID": "fdd5af64-2c26-4fac-a0ad-a1e6d687e112",
              "isHook": false,
              "skipped": false
            },
            {
              "title": "Verifica se o botão está posicionado entre a paleta de cores e o quadro de pixels",
              "fullTitle": "9 - Crie um botão que, ao ser clicado, limpa o quadro preenchendo a cor de todos seus pixels com branco. Verifica se o botão está posicionado entre a paleta de cores e o quadro de pixels",
              "timedOut": null,
              "duration": 75,
              "state": "passed",
              "speed": "medium",
              "pass": true,
              "fail": false,
              "pending": false,
              "context": null,
              "code": "cy.get('#color-palette').then(function (palette) {\n  cy.get('#clear-board').should('be.belowOf', palette);\n});\ncy.get('#clear-board').then(function (clearBtn) {\n  cy.get('#pixel-board').should('be.belowOf', clearBtn);\n});",
              "err": {},
              "uuid": "289f707c-c503-45f9-830e-4235f246aefd",
              "parentUUID": "fdd5af64-2c26-4fac-a0ad-a1e6d687e112",
              "isHook": false,
              "skipped": false
            },
            {
              "title": "Verifica se o texto do botão é 'Limpar'",
              "fullTitle": "9 - Crie um botão que, ao ser clicado, limpa o quadro preenchendo a cor de todos seus pixels com branco. Verifica se o texto do botão é 'Limpar'",
              "timedOut": null,
              "duration": 78,
              "state": "passed",
              "speed": "slow",
              "pass": true,
              "fail": false,
              "pending": false,
              "context": null,
              "code": "cy.get('#clear-board').should('contain.text', 'Limpar');",
              "err": {},
              "uuid": "30062ec2-f414-4e17-a467-968795a51e49",
              "parentUUID": "fdd5af64-2c26-4fac-a0ad-a1e6d687e112",
              "isHook": false,
              "skipped": false
            },
            {
              "title": "Verifica se ao clicar no botão, o quadro de pixels é totalmente preenchido de branco",
              "fullTitle": "9 - Crie um botão que, ao ser clicado, limpa o quadro preenchendo a cor de todos seus pixels com branco. Verifica se ao clicar no botão, o quadro de pixels é totalmente preenchido de branco",
              "timedOut": null,
              "duration": 4318,
              "state": "failed",
              "speed": null,
              "pass": false,
              "fail": true,
              "pending": false,
              "context": null,
              "code": "cy.get('.color').eq(1).then(function (color) {\n  var backgroundColor = color.css('background-color');\n  cy.wrap(color).click();\n  cy.get('.pixel').each(function (pixel) {\n    cy.wrap(pixel).click().should('have.css', 'background-color', backgroundColor);\n  });\n});\ncy.get('#clear-board').click();\ncy.get('.pixel').each(function (pixel) {\n  cy.wrap(pixel).should('have.css', 'background-color', WHITE);\n});",
              "err": {
                "message": "CypressError: Timed out retrying: expected '<td.pixel>' to have CSS property 'background-color' with the value 'rgb(238, 130, 238)', but the value was 'rgba(0, 0, 0, 0)'",
                "estack": "CypressError: Timed out retrying: expected '<td.pixel>' to have CSS property 'background-color' with the value 'rgb(238, 130, 238)', but the value was 'rgba(0, 0, 0, 0)'\n    at cypressErr (http://localhost:41979/__cypress/runner/cypress_runner.js:149934:9)\n    at throwErr (http://localhost:41979/__cypress/runner/cypress_runner.js:149867:11)\n    at Object.throwErrByPath (http://localhost:41979/__cypress/runner/cypress_runner.js:149915:3)\n    at retry (http://localhost:41979/__cypress/runner/cypress_runner.js:144197:19)\n    at onFailFn (http://localhost:41979/__cypress/runner/cypress_runner.js:132448:16)\n    at tryCatcher (http://localhost:41979/__cypress/runner/cypress_runner.js:167415:23)\n    at Promise._settlePromiseFromHandler (http://localhost:41979/__cypress/runner/cypress_runner.js:165351:31)\n    at Promise._settlePromise (http://localhost:41979/__cypress/runner/cypress_runner.js:165408:18)\n    at Promise._settlePromise0 (http://localhost:41979/__cypress/runner/cypress_runner.js:165453:10)\n    at Promise._settlePromises (http://localhost:41979/__cypress/runner/cypress_runner.js:165528:18)\n    at Async../node_modules/bluebird/js/release/async.js.Async._drainQueue (http://localhost:41979/__cypress/runner/cypress_runner.js:162140:16)\n    at Async../node_modules/bluebird/js/release/async.js.Async._drainQueues (http://localhost:41979/__cypress/runner/cypress_runner.js:162150:10)\n    at Async.drainQueues (http://localhost:41979/__cypress/runner/cypress_runner.js:162024:14)",
                "diff": null
              },
              "uuid": "88de70b7-f890-4cbf-a4b5-c1632fb9cab3",
              "parentUUID": "fdd5af64-2c26-4fac-a0ad-a1e6d687e112",
              "isHook": false,
              "skipped": false
            }
          ],
          "suites": [],
          "passes": [
            "2a462d2b-ad7f-4f56-a78e-c4a44125b769",
            "289f707c-c503-45f9-830e-4235f246aefd",
            "30062ec2-f414-4e17-a467-968795a51e49"
          ],
          "failures": [
            "88de70b7-f890-4cbf-a4b5-c1632fb9cab3"
          ],
          "pending": [],
          "skipped": [],
          "duration": 4583,
          "root": false,
          "rootEmpty": false,
          "_timeout": 2000
        },
        {
          "uuid": "ab4f2b9b-08c4-4256-bb78-6a5c83308c15",
          "title": "10 - Faça o quadro de pixels ter seu tamanho definido pelo usuário.",
          "fullFile": "",
          "file": "",
          "beforeHooks": [],
          "afterHooks": [],
          "tests": [
            {
              "title": "Verifica se existe um input com o id `board-size`",
              "fullTitle": "10 - Faça o quadro de pixels ter seu tamanho definido pelo usuário. Verifica se existe um input com o id `board-size`",
              "timedOut": null,
              "duration": 4227,
              "state": "failed",
              "speed": null,
              "pass": false,
              "fail": true,
              "pending": false,
              "context": null,
              "code": "cy.get('#board-size').should('be.visible');",
              "err": {
                "message": "CypressError: Timed out retrying: Expected to find element: '#board-size', but never found it.",
                "estack": "CypressError: Timed out retrying: Expected to find element: '#board-size', but never found it.\n    at cypressErr (http://localhost:41979/__cypress/runner/cypress_runner.js:149934:9)\n    at throwErr (http://localhost:41979/__cypress/runner/cypress_runner.js:149867:11)\n    at Object.throwErrByPath (http://localhost:41979/__cypress/runner/cypress_runner.js:149915:3)\n    at retry (http://localhost:41979/__cypress/runner/cypress_runner.js:144197:19)\n    at onFailFn (http://localhost:41979/__cypress/runner/cypress_runner.js:132448:16)\n    at tryCatcher (http://localhost:41979/__cypress/runner/cypress_runner.js:167415:23)\n    at Promise._settlePromiseFromHandler (http://localhost:41979/__cypress/runner/cypress_runner.js:165351:31)\n    at Promise._settlePromise (http://localhost:41979/__cypress/runner/cypress_runner.js:165408:18)\n    at Promise._settlePromise0 (http://localhost:41979/__cypress/runner/cypress_runner.js:165453:10)\n    at Promise._settlePromises (http://localhost:41979/__cypress/runner/cypress_runner.js:165528:18)\n    at Async../node_modules/bluebird/js/release/async.js.Async._drainQueue (http://localhost:41979/__cypress/runner/cypress_runner.js:162140:16)\n    at Async../node_modules/bluebird/js/release/async.js.Async._drainQueues (http://localhost:41979/__cypress/runner/cypress_runner.js:162150:10)\n    at Async.drainQueues (http://localhost:41979/__cypress/runner/cypress_runner.js:162024:14)",
                "diff": null
              },
              "uuid": "85c5d963-a70d-434e-9645-8a14c4f38475",
              "parentUUID": "ab4f2b9b-08c4-4256-bb78-6a5c83308c15",
              "isHook": false,
              "skipped": false
            },
            {
              "title": "Verifica se existe um botão com o id `generate-board`",
              "fullTitle": "10 - Faça o quadro de pixels ter seu tamanho definido pelo usuário. Verifica se existe um botão com o id `generate-board`",
              "timedOut": null,
              "duration": 4263,
              "state": "failed",
              "speed": null,
              "pass": false,
              "fail": true,
              "pending": false,
              "context": null,
              "code": "cy.get('#generate-board').should('be.visible');",
              "err": {
                "message": "CypressError: Timed out retrying: Expected to find element: '#generate-board', but never found it.",
                "estack": "CypressError: Timed out retrying: Expected to find element: '#generate-board', but never found it.\n    at cypressErr (http://localhost:41979/__cypress/runner/cypress_runner.js:149934:9)\n    at throwErr (http://localhost:41979/__cypress/runner/cypress_runner.js:149867:11)\n    at Object.throwErrByPath (http://localhost:41979/__cypress/runner/cypress_runner.js:149915:3)\n    at retry (http://localhost:41979/__cypress/runner/cypress_runner.js:144197:19)\n    at onFailFn (http://localhost:41979/__cypress/runner/cypress_runner.js:132448:16)\n    at tryCatcher (http://localhost:41979/__cypress/runner/cypress_runner.js:167415:23)\n    at Promise._settlePromiseFromHandler (http://localhost:41979/__cypress/runner/cypress_runner.js:165351:31)\n    at Promise._settlePromise (http://localhost:41979/__cypress/runner/cypress_runner.js:165408:18)\n    at Promise._settlePromise0 (http://localhost:41979/__cypress/runner/cypress_runner.js:165453:10)\n    at Promise._settlePromises (http://localhost:41979/__cypress/runner/cypress_runner.js:165528:18)\n    at Async../node_modules/bluebird/js/release/async.js.Async._drainQueue (http://localhost:41979/__cypress/runner/cypress_runner.js:162140:16)\n    at Async../node_modules/bluebird/js/release/async.js.Async._drainQueues (http://localhost:41979/__cypress/runner/cypress_runner.js:162150:10)\n    at Async.drainQueues (http://localhost:41979/__cypress/runner/cypress_runner.js:162024:14)",
                "diff": null
              },
              "uuid": "5da7aec2-8506-4ffc-989f-9ce6bd1b9001",
              "parentUUID": "ab4f2b9b-08c4-4256-bb78-6a5c83308c15",
              "isHook": false,
              "skipped": false
            },
            {
              "title": "Verifica se o input só aceita número maiores que zero. Essa restrição deve ser feita usando os atributos do elemento `input`",
              "fullTitle": "10 - Faça o quadro de pixels ter seu tamanho definido pelo usuário. Verifica se o input só aceita número maiores que zero. Essa restrição deve ser feita usando os atributos do elemento `input`",
              "timedOut": null,
              "duration": 4220,
              "state": "failed",
              "speed": null,
              "pass": false,
              "fail": true,
              "pending": false,
              "context": null,
              "code": "cy.get('#board-size[type=\\'number\\'][min=\\'1\\']');",
              "err": {
                "message": "CypressError: Timed out retrying: Expected to find element: '#board-size[type='number'][min='1']', but never found it.",
                "estack": "CypressError: Timed out retrying: Expected to find element: '#board-size[type='number'][min='1']', but never found it.\n    at cypressErr (http://localhost:41979/__cypress/runner/cypress_runner.js:149934:9)\n    at throwErr (http://localhost:41979/__cypress/runner/cypress_runner.js:149867:11)\n    at Object.throwErrByPath (http://localhost:41979/__cypress/runner/cypress_runner.js:149915:3)\n    at retry (http://localhost:41979/__cypress/runner/cypress_runner.js:144197:19)\n    at onFailFn (http://localhost:41979/__cypress/runner/cypress_runner.js:132448:16)\n    at tryCatcher (http://localhost:41979/__cypress/runner/cypress_runner.js:167415:23)\n    at Promise._settlePromiseFromHandler (http://localhost:41979/__cypress/runner/cypress_runner.js:165351:31)\n    at Promise._settlePromise (http://localhost:41979/__cypress/runner/cypress_runner.js:165408:18)\n    at Promise._settlePromise0 (http://localhost:41979/__cypress/runner/cypress_runner.js:165453:10)\n    at Promise._settlePromises (http://localhost:41979/__cypress/runner/cypress_runner.js:165528:18)\n    at Async../node_modules/bluebird/js/release/async.js.Async._drainQueue (http://localhost:41979/__cypress/runner/cypress_runner.js:162140:16)\n    at Async../node_modules/bluebird/js/release/async.js.Async._drainQueues (http://localhost:41979/__cypress/runner/cypress_runner.js:162150:10)\n    at Async.drainQueues (http://localhost:41979/__cypress/runner/cypress_runner.js:162024:14)",
                "diff": null
              },
              "uuid": "7d9f88fc-d11f-4ee5-9cbf-d8851ee9377b",
              "parentUUID": "ab4f2b9b-08c4-4256-bb78-6a5c83308c15",
              "isHook": false,
              "skipped": false
            },
            {
              "title": "Verifica se o botão contém o texto 'VQV'",
              "fullTitle": "10 - Faça o quadro de pixels ter seu tamanho definido pelo usuário. Verifica se o botão contém o texto 'VQV'",
              "timedOut": null,
              "duration": 4203,
              "state": "failed",
              "speed": null,
              "pass": false,
              "fail": true,
              "pending": false,
              "context": null,
              "code": "cy.get('#generate-board').contains(/vqv/i);",
              "err": {
                "message": "CypressError: Timed out retrying: Expected to find element: '#generate-board', but never found it.",
                "estack": "CypressError: Timed out retrying: Expected to find element: '#generate-board', but never found it.\n    at cypressErr (http://localhost:41979/__cypress/runner/cypress_runner.js:149934:9)\n    at throwErr (http://localhost:41979/__cypress/runner/cypress_runner.js:149867:11)\n    at Object.throwErrByPath (http://localhost:41979/__cypress/runner/cypress_runner.js:149915:3)\n    at retry (http://localhost:41979/__cypress/runner/cypress_runner.js:144197:19)\n    at onFailFn (http://localhost:41979/__cypress/runner/cypress_runner.js:132448:16)\n    at tryCatcher (http://localhost:41979/__cypress/runner/cypress_runner.js:167415:23)\n    at Promise._settlePromiseFromHandler (http://localhost:41979/__cypress/runner/cypress_runner.js:165351:31)\n    at Promise._settlePromise (http://localhost:41979/__cypress/runner/cypress_runner.js:165408:18)\n    at Promise._settlePromise0 (http://localhost:41979/__cypress/runner/cypress_runner.js:165453:10)\n    at Promise._settlePromises (http://localhost:41979/__cypress/runner/cypress_runner.js:165528:18)\n    at Async../node_modules/bluebird/js/release/async.js.Async._drainQueue (http://localhost:41979/__cypress/runner/cypress_runner.js:162140:16)\n    at Async../node_modules/bluebird/js/release/async.js.Async._drainQueues (http://localhost:41979/__cypress/runner/cypress_runner.js:162150:10)\n    at Async.drainQueues (http://localhost:41979/__cypress/runner/cypress_runner.js:162024:14)",
                "diff": null
              },
              "uuid": "b167513b-aa6c-43f9-bbb4-4e384ab71c5a",
              "parentUUID": "ab4f2b9b-08c4-4256-bb78-6a5c83308c15",
              "isHook": false,
              "skipped": false
            },
            {
              "title": "Verifica se o input está posicionado entre a paleta de cores e o quadro de pixels",
              "fullTitle": "10 - Faça o quadro de pixels ter seu tamanho definido pelo usuário. Verifica se o input está posicionado entre a paleta de cores e o quadro de pixels",
              "timedOut": null,
              "duration": 4322,
              "state": "failed",
              "speed": null,
              "pass": false,
              "fail": true,
              "pending": false,
              "context": null,
              "code": "cy.get('#color-palette').then(function (palette) {\n  cy.get('#board-size').should('be.belowOf', palette);\n});\ncy.get('#board-size').then(function (palette) {\n  cy.get('#pixel-board').should('be.belowOf', palette);\n});",
              "err": {
                "message": "CypressError: Timed out retrying: Expected to find element: '#board-size', but never found it.",
                "estack": "CypressError: Timed out retrying: Expected to find element: '#board-size', but never found it.\n    at cypressErr (http://localhost:41979/__cypress/runner/cypress_runner.js:149934:9)\n    at throwErr (http://localhost:41979/__cypress/runner/cypress_runner.js:149867:11)\n    at Object.throwErrByPath (http://localhost:41979/__cypress/runner/cypress_runner.js:149915:3)\n    at retry (http://localhost:41979/__cypress/runner/cypress_runner.js:144197:19)\n    at onFailFn (http://localhost:41979/__cypress/runner/cypress_runner.js:132448:16)\n    at tryCatcher (http://localhost:41979/__cypress/runner/cypress_runner.js:167415:23)\n    at Promise._settlePromiseFromHandler (http://localhost:41979/__cypress/runner/cypress_runner.js:165351:31)\n    at Promise._settlePromise (http://localhost:41979/__cypress/runner/cypress_runner.js:165408:18)\n    at Promise._settlePromise0 (http://localhost:41979/__cypress/runner/cypress_runner.js:165453:10)\n    at Promise._settlePromises (http://localhost:41979/__cypress/runner/cypress_runner.js:165528:18)\n    at Async../node_modules/bluebird/js/release/async.js.Async._drainQueue (http://localhost:41979/__cypress/runner/cypress_runner.js:162140:16)\n    at Async../node_modules/bluebird/js/release/async.js.Async._drainQueues (http://localhost:41979/__cypress/runner/cypress_runner.js:162150:10)\n    at Async.drainQueues (http://localhost:41979/__cypress/runner/cypress_runner.js:162024:14)",
                "diff": null
              },
              "uuid": "53e6e4ab-2b3b-410f-bb15-33d9bb59b478",
              "parentUUID": "ab4f2b9b-08c4-4256-bb78-6a5c83308c15",
              "isHook": false,
              "skipped": false
            },
            {
              "title": "Verifica se o botão está posicionado ao lado do input",
              "fullTitle": "10 - Faça o quadro de pixels ter seu tamanho definido pelo usuário. Verifica se o botão está posicionado ao lado do input",
              "timedOut": null,
              "duration": 4270,
              "state": "failed",
              "speed": null,
              "pass": false,
              "fail": true,
              "pending": false,
              "context": null,
              "code": "cy.get('#board-size').then(function (board) {\n  cy.get('#generate-board').should('be.onTheRightOf', board);\n});",
              "err": {
                "message": "CypressError: Timed out retrying: Expected to find element: '#board-size', but never found it.",
                "estack": "CypressError: Timed out retrying: Expected to find element: '#board-size', but never found it.\n    at cypressErr (http://localhost:41979/__cypress/runner/cypress_runner.js:149934:9)\n    at throwErr (http://localhost:41979/__cypress/runner/cypress_runner.js:149867:11)\n    at Object.throwErrByPath (http://localhost:41979/__cypress/runner/cypress_runner.js:149915:3)\n    at retry (http://localhost:41979/__cypress/runner/cypress_runner.js:144197:19)\n    at onFailFn (http://localhost:41979/__cypress/runner/cypress_runner.js:132448:16)\n    at tryCatcher (http://localhost:41979/__cypress/runner/cypress_runner.js:167415:23)\n    at Promise._settlePromiseFromHandler (http://localhost:41979/__cypress/runner/cypress_runner.js:165351:31)\n    at Promise._settlePromise (http://localhost:41979/__cypress/runner/cypress_runner.js:165408:18)\n    at Promise._settlePromise0 (http://localhost:41979/__cypress/runner/cypress_runner.js:165453:10)\n    at Promise._settlePromises (http://localhost:41979/__cypress/runner/cypress_runner.js:165528:18)\n    at Async../node_modules/bluebird/js/release/async.js.Async._drainQueue (http://localhost:41979/__cypress/runner/cypress_runner.js:162140:16)\n    at Async../node_modules/bluebird/js/release/async.js.Async._drainQueues (http://localhost:41979/__cypress/runner/cypress_runner.js:162150:10)\n    at Async.drainQueues (http://localhost:41979/__cypress/runner/cypress_runner.js:162024:14)",
                "diff": null
              },
              "uuid": "b2cb557c-af7a-4e9e-b9ad-df774a12f8e2",
              "parentUUID": "ab4f2b9b-08c4-4256-bb78-6a5c83308c15",
              "isHook": false,
              "skipped": false
            },
            {
              "title": "Verifica se nenhum valor for colocado no input ao clicar no botão, um `alert` é exibido com o texto: 'Board inválido!'",
              "fullTitle": "10 - Faça o quadro de pixels ter seu tamanho definido pelo usuário. Verifica se nenhum valor for colocado no input ao clicar no botão, um `alert` é exibido com o texto: 'Board inválido!'",
              "timedOut": null,
              "duration": 4200,
              "state": "failed",
              "speed": null,
              "pass": false,
              "fail": true,
              "pending": false,
              "context": null,
              "code": "var alerted = false;\ncy.on('window:alert', function (msg) {\n  return alerted = msg;\n});\ncy.get('#generate-board').click().then(function () {\n  return expect(alerted).to.match(/Board inválido!/i);\n});",
              "err": {
                "message": "CypressError: Timed out retrying: Expected to find element: '#generate-board', but never found it.",
                "estack": "CypressError: Timed out retrying: Expected to find element: '#generate-board', but never found it.\n    at cypressErr (http://localhost:41979/__cypress/runner/cypress_runner.js:149934:9)\n    at throwErr (http://localhost:41979/__cypress/runner/cypress_runner.js:149867:11)\n    at Object.throwErrByPath (http://localhost:41979/__cypress/runner/cypress_runner.js:149915:3)\n    at retry (http://localhost:41979/__cypress/runner/cypress_runner.js:144197:19)\n    at onFailFn (http://localhost:41979/__cypress/runner/cypress_runner.js:132448:16)\n    at tryCatcher (http://localhost:41979/__cypress/runner/cypress_runner.js:167415:23)\n    at Promise._settlePromiseFromHandler (http://localhost:41979/__cypress/runner/cypress_runner.js:165351:31)\n    at Promise._settlePromise (http://localhost:41979/__cypress/runner/cypress_runner.js:165408:18)\n    at Promise._settlePromise0 (http://localhost:41979/__cypress/runner/cypress_runner.js:165453:10)\n    at Promise._settlePromises (http://localhost:41979/__cypress/runner/cypress_runner.js:165528:18)\n    at Async../node_modules/bluebird/js/release/async.js.Async._drainQueue (http://localhost:41979/__cypress/runner/cypress_runner.js:162140:16)\n    at Async../node_modules/bluebird/js/release/async.js.Async._drainQueues (http://localhost:41979/__cypress/runner/cypress_runner.js:162150:10)\n    at Async.drainQueues (http://localhost:41979/__cypress/runner/cypress_runner.js:162024:14)",
                "diff": null
              },
              "uuid": "de9005fc-17c6-40d2-ab78-405280819184",
              "parentUUID": "ab4f2b9b-08c4-4256-bb78-6a5c83308c15",
              "isHook": false,
              "skipped": false
            },
            {
              "title": "Verifica se ao clicar no botão com um valor preenchido, o tamanho do board muda.",
              "fullTitle": "10 - Faça o quadro de pixels ter seu tamanho definido pelo usuário. Verifica se ao clicar no botão com um valor preenchido, o tamanho do board muda.",
              "timedOut": null,
              "duration": 4217,
              "state": "failed",
              "speed": null,
              "pass": false,
              "fail": true,
              "pending": false,
              "context": null,
              "code": "cy.get('#board-size').clear().type(10);\ncy.get('#generate-board').click();\ncy.get('.pixel').should('have.length', 100);",
              "err": {
                "message": "CypressError: Timed out retrying: Expected to find element: '#board-size', but never found it.",
                "estack": "CypressError: Timed out retrying: Expected to find element: '#board-size', but never found it.\n    at cypressErr (http://localhost:41979/__cypress/runner/cypress_runner.js:149934:9)\n    at throwErr (http://localhost:41979/__cypress/runner/cypress_runner.js:149867:11)\n    at Object.throwErrByPath (http://localhost:41979/__cypress/runner/cypress_runner.js:149915:3)\n    at retry (http://localhost:41979/__cypress/runner/cypress_runner.js:144197:19)\n    at onFailFn (http://localhost:41979/__cypress/runner/cypress_runner.js:132448:16)\n    at tryCatcher (http://localhost:41979/__cypress/runner/cypress_runner.js:167415:23)\n    at Promise._settlePromiseFromHandler (http://localhost:41979/__cypress/runner/cypress_runner.js:165351:31)\n    at Promise._settlePromise (http://localhost:41979/__cypress/runner/cypress_runner.js:165408:18)\n    at Promise._settlePromise0 (http://localhost:41979/__cypress/runner/cypress_runner.js:165453:10)\n    at Promise._settlePromises (http://localhost:41979/__cypress/runner/cypress_runner.js:165528:18)\n    at Async../node_modules/bluebird/js/release/async.js.Async._drainQueue (http://localhost:41979/__cypress/runner/cypress_runner.js:162140:16)\n    at Async../node_modules/bluebird/js/release/async.js.Async._drainQueues (http://localhost:41979/__cypress/runner/cypress_runner.js:162150:10)\n    at Async.drainQueues (http://localhost:41979/__cypress/runner/cypress_runner.js:162024:14)",
                "diff": null
              },
              "uuid": "e7eae401-e17a-4e6c-b58e-5e86679bbc4c",
              "parentUUID": "ab4f2b9b-08c4-4256-bb78-6a5c83308c15",
              "isHook": false,
              "skipped": false
            },
            {
              "title": "Verifica se o novo quadro tem todos os pixels preenchidos com a cor branca",
              "fullTitle": "10 - Faça o quadro de pixels ter seu tamanho definido pelo usuário. Verifica se o novo quadro tem todos os pixels preenchidos com a cor branca",
              "timedOut": null,
              "duration": 4246,
              "state": "failed",
              "speed": null,
              "pass": false,
              "fail": true,
              "pending": false,
              "context": null,
              "code": "cy.get('#board-size').clear().type(6);\ncy.get('#generate-board').click();\ncy.get('.pixel').should('have.length', 36).each(function (pixel) {\n  expect(pixel).to.have.css('background-color', WHITE);\n});",
              "err": {
                "message": "CypressError: Timed out retrying: Expected to find element: '#board-size', but never found it.",
                "estack": "CypressError: Timed out retrying: Expected to find element: '#board-size', but never found it.\n    at cypressErr (http://localhost:41979/__cypress/runner/cypress_runner.js:149934:9)\n    at throwErr (http://localhost:41979/__cypress/runner/cypress_runner.js:149867:11)\n    at Object.throwErrByPath (http://localhost:41979/__cypress/runner/cypress_runner.js:149915:3)\n    at retry (http://localhost:41979/__cypress/runner/cypress_runner.js:144197:19)\n    at onFailFn (http://localhost:41979/__cypress/runner/cypress_runner.js:132448:16)\n    at tryCatcher (http://localhost:41979/__cypress/runner/cypress_runner.js:167415:23)\n    at Promise._settlePromiseFromHandler (http://localhost:41979/__cypress/runner/cypress_runner.js:165351:31)\n    at Promise._settlePromise (http://localhost:41979/__cypress/runner/cypress_runner.js:165408:18)\n    at Promise._settlePromise0 (http://localhost:41979/__cypress/runner/cypress_runner.js:165453:10)\n    at Promise._settlePromises (http://localhost:41979/__cypress/runner/cypress_runner.js:165528:18)\n    at Async../node_modules/bluebird/js/release/async.js.Async._drainQueue (http://localhost:41979/__cypress/runner/cypress_runner.js:162140:16)\n    at Async../node_modules/bluebird/js/release/async.js.Async._drainQueues (http://localhost:41979/__cypress/runner/cypress_runner.js:162150:10)\n    at Async.drainQueues (http://localhost:41979/__cypress/runner/cypress_runner.js:162024:14)",
                "diff": null
              },
              "uuid": "95147bfb-d6ef-46f4-a3e4-1f500d09c068",
              "parentUUID": "ab4f2b9b-08c4-4256-bb78-6a5c83308c15",
              "isHook": false,
              "skipped": false
            }
          ],
          "suites": [],
          "passes": [],
          "failures": [
            "85c5d963-a70d-434e-9645-8a14c4f38475",
            "5da7aec2-8506-4ffc-989f-9ce6bd1b9001",
            "7d9f88fc-d11f-4ee5-9cbf-d8851ee9377b",
            "b167513b-aa6c-43f9-bbb4-4e384ab71c5a",
            "53e6e4ab-2b3b-410f-bb15-33d9bb59b478",
            "b2cb557c-af7a-4e9e-b9ad-df774a12f8e2",
            "de9005fc-17c6-40d2-ab78-405280819184",
            "e7eae401-e17a-4e6c-b58e-5e86679bbc4c",
            "95147bfb-d6ef-46f4-a3e4-1f500d09c068"
          ],
          "pending": [],
          "skipped": [],
          "duration": 38168,
          "root": false,
          "rootEmpty": false,
          "_timeout": 2000
        },
        {
          "uuid": "26a4305e-33fb-4a0b-8826-25b1feda971f",
          "title": "11 - Limite o tamanho mínimo e máximo do board.",
          "fullFile": "",
          "file": "",
          "beforeHooks": [],
          "afterHooks": [],
          "tests": [
            {
              "title": "Verifica se a altura máxima do board é 50",
              "fullTitle": "11 - Limite o tamanho mínimo e máximo do board. Verifica se a altura máxima do board é 50",
              "timedOut": null,
              "duration": 4273,
              "state": "failed",
              "speed": null,
              "pass": false,
              "fail": true,
              "pending": false,
              "context": null,
              "code": "cy.get('#board-size').clear().type(50);\ncy.get('#generate-board').click();\ncy.get('.pixel').should('have.length', 2500);",
              "err": {
                "message": "CypressError: Timed out retrying: Expected to find element: '#board-size', but never found it.",
                "estack": "CypressError: Timed out retrying: Expected to find element: '#board-size', but never found it.\n    at cypressErr (http://localhost:41979/__cypress/runner/cypress_runner.js:149934:9)\n    at throwErr (http://localhost:41979/__cypress/runner/cypress_runner.js:149867:11)\n    at Object.throwErrByPath (http://localhost:41979/__cypress/runner/cypress_runner.js:149915:3)\n    at retry (http://localhost:41979/__cypress/runner/cypress_runner.js:144197:19)\n    at onFailFn (http://localhost:41979/__cypress/runner/cypress_runner.js:132448:16)\n    at tryCatcher (http://localhost:41979/__cypress/runner/cypress_runner.js:167415:23)\n    at Promise._settlePromiseFromHandler (http://localhost:41979/__cypress/runner/cypress_runner.js:165351:31)\n    at Promise._settlePromise (http://localhost:41979/__cypress/runner/cypress_runner.js:165408:18)\n    at Promise._settlePromise0 (http://localhost:41979/__cypress/runner/cypress_runner.js:165453:10)\n    at Promise._settlePromises (http://localhost:41979/__cypress/runner/cypress_runner.js:165528:18)\n    at Async../node_modules/bluebird/js/release/async.js.Async._drainQueue (http://localhost:41979/__cypress/runner/cypress_runner.js:162140:16)\n    at Async../node_modules/bluebird/js/release/async.js.Async._drainQueues (http://localhost:41979/__cypress/runner/cypress_runner.js:162150:10)\n    at Async.drainQueues (http://localhost:41979/__cypress/runner/cypress_runner.js:162024:14)",
                "diff": null
              },
              "uuid": "6561f5bf-08ab-4b7e-948e-3a4694af8f48",
              "parentUUID": "26a4305e-33fb-4a0b-8826-25b1feda971f",
              "isHook": false,
              "skipped": false
            },
            {
              "title": "Verifica se a altura do board é 5 quando um valor menor é colocado no input",
              "fullTitle": "11 - Limite o tamanho mínimo e máximo do board. Verifica se a altura do board é 5 quando um valor menor é colocado no input",
              "timedOut": null,
              "duration": 4204,
              "state": "failed",
              "speed": null,
              "pass": false,
              "fail": true,
              "pending": false,
              "context": null,
              "code": "cy.get('#board-size').clear().type(4);\ncy.get('#generate-board').click();\ncy.get('.pixel').should('have.length', 25);",
              "err": {
                "message": "CypressError: Timed out retrying: Expected to find element: '#board-size', but never found it.",
                "estack": "CypressError: Timed out retrying: Expected to find element: '#board-size', but never found it.\n    at cypressErr (http://localhost:41979/__cypress/runner/cypress_runner.js:149934:9)\n    at throwErr (http://localhost:41979/__cypress/runner/cypress_runner.js:149867:11)\n    at Object.throwErrByPath (http://localhost:41979/__cypress/runner/cypress_runner.js:149915:3)\n    at retry (http://localhost:41979/__cypress/runner/cypress_runner.js:144197:19)\n    at onFailFn (http://localhost:41979/__cypress/runner/cypress_runner.js:132448:16)\n    at tryCatcher (http://localhost:41979/__cypress/runner/cypress_runner.js:167415:23)\n    at Promise._settlePromiseFromHandler (http://localhost:41979/__cypress/runner/cypress_runner.js:165351:31)\n    at Promise._settlePromise (http://localhost:41979/__cypress/runner/cypress_runner.js:165408:18)\n    at Promise._settlePromise0 (http://localhost:41979/__cypress/runner/cypress_runner.js:165453:10)\n    at Promise._settlePromises (http://localhost:41979/__cypress/runner/cypress_runner.js:165528:18)\n    at Async../node_modules/bluebird/js/release/async.js.Async._drainQueue (http://localhost:41979/__cypress/runner/cypress_runner.js:162140:16)\n    at Async../node_modules/bluebird/js/release/async.js.Async._drainQueues (http://localhost:41979/__cypress/runner/cypress_runner.js:162150:10)\n    at Async.drainQueues (http://localhost:41979/__cypress/runner/cypress_runner.js:162024:14)",
                "diff": null
              },
              "uuid": "df0803e7-e5b4-4490-bf72-cfe967166269",
              "parentUUID": "26a4305e-33fb-4a0b-8826-25b1feda971f",
              "isHook": false,
              "skipped": false
            },
            {
              "title": "Verifica se a altura do board é 50 quando um valor maior é colocado no input",
              "fullTitle": "11 - Limite o tamanho mínimo e máximo do board. Verifica se a altura do board é 50 quando um valor maior é colocado no input",
              "timedOut": null,
              "duration": 4229,
              "state": "failed",
              "speed": null,
              "pass": false,
              "fail": true,
              "pending": false,
              "context": null,
              "code": "cy.get('#board-size').clear().type(51);\ncy.get('#generate-board').click();\ncy.get('.pixel').should('have.length', 2500);",
              "err": {
                "message": "CypressError: Timed out retrying: Expected to find element: '#board-size', but never found it.",
                "estack": "CypressError: Timed out retrying: Expected to find element: '#board-size', but never found it.\n    at cypressErr (http://localhost:41979/__cypress/runner/cypress_runner.js:149934:9)\n    at throwErr (http://localhost:41979/__cypress/runner/cypress_runner.js:149867:11)\n    at Object.throwErrByPath (http://localhost:41979/__cypress/runner/cypress_runner.js:149915:3)\n    at retry (http://localhost:41979/__cypress/runner/cypress_runner.js:144197:19)\n    at onFailFn (http://localhost:41979/__cypress/runner/cypress_runner.js:132448:16)\n    at tryCatcher (http://localhost:41979/__cypress/runner/cypress_runner.js:167415:23)\n    at Promise._settlePromiseFromHandler (http://localhost:41979/__cypress/runner/cypress_runner.js:165351:31)\n    at Promise._settlePromise (http://localhost:41979/__cypress/runner/cypress_runner.js:165408:18)\n    at Promise._settlePromise0 (http://localhost:41979/__cypress/runner/cypress_runner.js:165453:10)\n    at Promise._settlePromises (http://localhost:41979/__cypress/runner/cypress_runner.js:165528:18)\n    at Async../node_modules/bluebird/js/release/async.js.Async._drainQueue (http://localhost:41979/__cypress/runner/cypress_runner.js:162140:16)\n    at Async../node_modules/bluebird/js/release/async.js.Async._drainQueues (http://localhost:41979/__cypress/runner/cypress_runner.js:162150:10)\n    at Async.drainQueues (http://localhost:41979/__cypress/runner/cypress_runner.js:162024:14)",
                "diff": null
              },
              "uuid": "d5e188bb-951c-4ba1-989c-3cedf353a1c4",
              "parentUUID": "26a4305e-33fb-4a0b-8826-25b1feda971f",
              "isHook": false,
              "skipped": false
            }
          ],
          "suites": [],
          "passes": [],
          "failures": [
            "6561f5bf-08ab-4b7e-948e-3a4694af8f48",
            "df0803e7-e5b4-4490-bf72-cfe967166269",
            "d5e188bb-951c-4ba1-989c-3cedf353a1c4"
          ],
          "pending": [],
          "skipped": [],
          "duration": 12706,
          "root": false,
          "rootEmpty": false,
          "_timeout": 2000
        },
        {
          "uuid": "eb65a668-5866-4c82-b123-2e196524b0f0",
          "title": "12 - Faça com que as cores da paleta sejam geradas aleatoriamente ao carregar a página.",
          "fullFile": "",
          "file": "",
          "beforeHooks": [],
          "afterHooks": [],
          "tests": [
            {
              "title": "Verifica se as cores geradas na paleta são diferentes a cada carregamento da página",
              "fullTitle": "12 - Faça com que as cores da paleta sejam geradas aleatoriamente ao carregar a página. Verifica se as cores geradas na paleta são diferentes a cada carregamento da página",
              "timedOut": null,
              "duration": 320,
              "state": "failed",
              "speed": null,
              "pass": false,
              "fail": true,
              "pending": false,
              "context": null,
              "code": "cy.get('.color').then(function (colors) {\n  var currentColors;\n  var previousColors;\n  previousColors = Array.from(colors).map(function (color) {\n    return Cypress.$(color).css('background-color');\n  });\n  for (var i = 0; i < 5; i += 1) {\n    cy.reload();\n    cy.get('.color').then(function (colors) {\n      currentColors = Array.from(colors).map(function (color) {\n        return Cypress.$(color).css('background-color');\n      });\n      expect(currentColors).not.to.deep.equal(previousColors);\n      previousColors = currentColors;\n    });\n  }\n});",
              "err": {
                "message": "AssertionError: expected [ Array(4) ] to not deeply equal [ Array(4) ]",
                "estack": "AssertionError: expected [ Array(4) ] to not deeply equal [ Array(4) ]\n    at getRet (http://localhost:41979/__cypress/runner/cypress_runner.js:136585:16)\n    at tryCatcher (http://localhost:41979/__cypress/runner/cypress_runner.js:167415:23)\n    at Function.Promise.attempt.Promise.try (http://localhost:41979/__cypress/runner/cypress_runner.js:164690:29)\n    at Context.thenFn (http://localhost:41979/__cypress/runner/cypress_runner.js:136599:23)\n    at Context.then (http://localhost:41979/__cypress/runner/cypress_runner.js:136971:21)\n    at Context.<anonymous> (http://localhost:41979/__cypress/runner/cypress_runner.js:148875:21)\n    at http://localhost:41979/__cypress/runner/cypress_runner.js:148351:33\n    at tryCatcher (http://localhost:41979/__cypress/runner/cypress_runner.js:167415:23)\n    at Promise._settlePromiseFromHandler (http://localhost:41979/__cypress/runner/cypress_runner.js:165351:31)\n    at Promise._settlePromise (http://localhost:41979/__cypress/runner/cypress_runner.js:165408:18)\n    at Promise._settlePromiseCtx (http://localhost:41979/__cypress/runner/cypress_runner.js:165445:10)\n    at Async../node_modules/bluebird/js/release/async.js.Async._drainQueue (http://localhost:41979/__cypress/runner/cypress_runner.js:162145:12)\n    at Async../node_modules/bluebird/js/release/async.js.Async._drainQueues (http://localhost:41979/__cypress/runner/cypress_runner.js:162150:10)\n    at Async.drainQueues (http://localhost:41979/__cypress/runner/cypress_runner.js:162024:14)",
                "diff": ""
              },
              "uuid": "dabeb4a2-7f57-4542-8211-d17704fc18f3",
              "parentUUID": "eb65a668-5866-4c82-b123-2e196524b0f0",
              "isHook": false,
              "skipped": false
            },
            {
              "title": "Verifica se a cor preta ainda está presente e é a primeira na sua paleta de cores",
              "fullTitle": "12 - Faça com que as cores da paleta sejam geradas aleatoriamente ao carregar a página. Verifica se a cor preta ainda está presente e é a primeira na sua paleta de cores",
              "timedOut": null,
              "duration": 276,
              "state": "failed",
              "speed": null,
              "pass": false,
              "fail": true,
              "pending": false,
              "context": null,
              "code": "cy.get('.color').then(function (colors) {\n  var currentColors;\n  var previousColors;\n  previousColors = Array.from(colors).map(function (color) {\n    return Cypress.$(color).css('background-color');\n  });\n  expect(previousColors[0]).to.eq(BLACK);\n  for (var i = 0; i < 5; i += 1) {\n    cy.reload();\n    cy.get('.color').then(function (colors) {\n      currentColors = Array.from(colors).map(function (color) {\n        return Cypress.$(color).css('background-color');\n      });\n      expect(currentColors[0]).to.eq(BLACK);\n      expect(currentColors).not.to.deep.equal(previousColors);\n      previousColors = currentColors;\n    });\n  }\n});",
              "err": {
                "message": "AssertionError: expected [ Array(4) ] to not deeply equal [ Array(4) ]",
                "estack": "AssertionError: expected [ Array(4) ] to not deeply equal [ Array(4) ]\n    at getRet (http://localhost:41979/__cypress/runner/cypress_runner.js:136585:16)\n    at tryCatcher (http://localhost:41979/__cypress/runner/cypress_runner.js:167415:23)\n    at Function.Promise.attempt.Promise.try (http://localhost:41979/__cypress/runner/cypress_runner.js:164690:29)\n    at Context.thenFn (http://localhost:41979/__cypress/runner/cypress_runner.js:136599:23)\n    at Context.then (http://localhost:41979/__cypress/runner/cypress_runner.js:136971:21)\n    at Context.<anonymous> (http://localhost:41979/__cypress/runner/cypress_runner.js:148875:21)\n    at http://localhost:41979/__cypress/runner/cypress_runner.js:148351:33\n    at tryCatcher (http://localhost:41979/__cypress/runner/cypress_runner.js:167415:23)\n    at Promise._settlePromiseFromHandler (http://localhost:41979/__cypress/runner/cypress_runner.js:165351:31)\n    at Promise._settlePromise (http://localhost:41979/__cypress/runner/cypress_runner.js:165408:18)\n    at Promise._settlePromiseCtx (http://localhost:41979/__cypress/runner/cypress_runner.js:165445:10)\n    at Async../node_modules/bluebird/js/release/async.js.Async._drainQueue (http://localhost:41979/__cypress/runner/cypress_runner.js:162145:12)\n    at Async../node_modules/bluebird/js/release/async.js.Async._drainQueues (http://localhost:41979/__cypress/runner/cypress_runner.js:162150:10)\n    at Async.drainQueues (http://localhost:41979/__cypress/runner/cypress_runner.js:162024:14)",
                "diff": ""
              },
              "uuid": "e06712d8-47a2-40f2-8229-303e15f5c3c5",
              "parentUUID": "eb65a668-5866-4c82-b123-2e196524b0f0",
              "isHook": false,
              "skipped": false
            }
          ],
          "suites": [],
          "passes": [],
          "failures": [
            "dabeb4a2-7f57-4542-8211-d17704fc18f3",
            "e06712d8-47a2-40f2-8229-303e15f5c3c5"
          ],
          "pending": [],
          "skipped": [],
          "duration": 596,
          "root": false,
          "rootEmpty": false,
          "_timeout": 2000
        }
      ],
      "passes": [],
      "failures": [],
      "pending": [],
      "skipped": [],
      "duration": 0,
      "root": true,
      "rootEmpty": true,
      "_timeout": 2000
    }
  ],
  "meta": {
    "mocha": {
      "version": "7.0.1"
    },
    "mochawesome": {
      "options": {
        "quiet": false,
        "reportFilename": "mochawesome",
        "saveHtml": false,
        "saveJson": true,
        "consoleReporter": "spec",
        "useInlineDiffs": false
      },
      "version": "4.1.0"
    },
    "marge": {
      "options": {
        "id": "default",
        "reportDir": "cypress/reports",
        "overwrite": true,
        "html": false,
        "json": true
      },
      "version": "4.1.0"
    }
  }
}