{
  "stats": {
    "suites": 12,
    "tests": 41,
    "passes": 23,
    "pending": 0,
    "failures": 18,
    "start": "2021-07-11T01:31:32.190Z",
    "end": "2021-07-11T01:33:24.857Z",
    "duration": 112667,
    "testsRegistered": 41,
    "passPercent": 56.09756097560976,
    "pendingPercent": 0,
    "other": 0,
    "hasOther": false,
    "skipped": 0,
    "hasSkipped": false
  },
  "results": [
    {
      "uuid": "a1d90426-7d77-4057-b23e-f5176912a058",
      "title": "",
      "fullFile": "cypress/integration/project.spec.js",
      "file": "cypress/integration/project.spec.js",
      "beforeHooks": [],
      "afterHooks": [],
      "tests": [],
      "suites": [
        {
          "uuid": "ea926ca8-3044-4c51-b13a-30edf7ee87dd",
          "title": "1 - Adicione à página o título \"Paleta de Cores\".",
          "fullFile": "",
          "file": "",
          "beforeHooks": [],
          "afterHooks": [],
          "tests": [
            {
              "title": "Verifica se contém um elemento `h1` com o id `title` com o título correto",
              "fullTitle": "1 - Adicione à página o título \"Paleta de Cores\". Verifica se contém um elemento `h1` com o id `title` com o título correto",
              "timedOut": null,
              "duration": 421,
              "state": "passed",
              "speed": "slow",
              "pass": true,
              "fail": false,
              "pending": false,
              "context": null,
              "code": "cy.get('h1#title').should('contain.text', 'Paleta de Cores');",
              "err": {},
              "uuid": "315176cc-6539-4356-b75f-a191d8bb959a",
              "parentUUID": "ea926ca8-3044-4c51-b13a-30edf7ee87dd",
              "isHook": false,
              "skipped": false
            }
          ],
          "suites": [],
          "passes": [
            "315176cc-6539-4356-b75f-a191d8bb959a"
          ],
          "failures": [],
          "pending": [],
          "skipped": [],
          "duration": 421,
          "root": false,
          "rootEmpty": false,
          "_timeout": 2000
        },
        {
          "uuid": "fedc2fa2-c9bc-4794-9581-f3a9998014de",
          "title": "2 - Adicione à página uma paleta de quatro cores distintas.",
          "fullFile": "",
          "file": "",
          "beforeHooks": [],
          "afterHooks": [],
          "tests": [
            {
              "title": "A paleta de cores deve ser um elemento com `id` denominado `color-palette`",
              "fullTitle": "2 - Adicione à página uma paleta de quatro cores distintas. A paleta de cores deve ser um elemento com `id` denominado `color-palette`",
              "timedOut": null,
              "duration": 243,
              "state": "passed",
              "speed": "slow",
              "pass": true,
              "fail": false,
              "pending": false,
              "context": null,
              "code": "cy.get('#color-palette').should('be.visible');",
              "err": {},
              "uuid": "e3883764-38b3-40ae-a154-3b9a30206c98",
              "parentUUID": "fedc2fa2-c9bc-4794-9581-f3a9998014de",
              "isHook": false,
              "skipped": false
            },
            {
              "title": "Verifica se cada cor individual da paleta de cores possui a `classe` chamada `color`.",
              "fullTitle": "2 - Adicione à página uma paleta de quatro cores distintas. Verifica se cada cor individual da paleta de cores possui a `classe` chamada `color`.",
              "timedOut": null,
              "duration": 365,
              "state": "passed",
              "speed": "slow",
              "pass": true,
              "fail": false,
              "pending": false,
              "context": null,
              "code": "cy.get('.color').should('have.length', 4).then(function (colors) {\n  for (var i = 0; i < colors.length; i++) {\n    cy.wrap(colors[i]).should('be.visible');\n  }\n});",
              "err": {},
              "uuid": "45f45b36-00ae-44e9-9f0d-a3720092f09f",
              "parentUUID": "fedc2fa2-c9bc-4794-9581-f3a9998014de",
              "isHook": false,
              "skipped": false
            },
            {
              "title": "Verifica se a cor de fundo de cada elemento da paleta é a cor que o elemento representa. **A única cor não permitida na paleta é a cor branca.**",
              "fullTitle": "2 - Adicione à página uma paleta de quatro cores distintas. Verifica se a cor de fundo de cada elemento da paleta é a cor que o elemento representa. **A única cor não permitida na paleta é a cor branca.**",
              "timedOut": null,
              "duration": 388,
              "state": "passed",
              "speed": "slow",
              "pass": true,
              "fail": false,
              "pending": false,
              "context": null,
              "code": "cy.get('.color').each(function (color) {\n  cy.wrap(color).should('have.class', 'color').and('not.have.css', 'background-color', WHITE);\n  cy.wrap(color).should('have.css', 'background-color');\n});",
              "err": {},
              "uuid": "ecd1d063-1c4e-42f7-9c30-000ab0d2afea",
              "parentUUID": "fedc2fa2-c9bc-4794-9581-f3a9998014de",
              "isHook": false,
              "skipped": false
            },
            {
              "title": "Verifica se cada elemento da paleta de cores tem uma borda preta, sólida e com 1 pixel de largura;",
              "fullTitle": "2 - Adicione à página uma paleta de quatro cores distintas. Verifica se cada elemento da paleta de cores tem uma borda preta, sólida e com 1 pixel de largura;",
              "timedOut": null,
              "duration": 213,
              "state": "passed",
              "speed": "slow",
              "pass": true,
              "fail": false,
              "pending": false,
              "context": null,
              "code": "cy.get('.color').each(function (color) {\n  cy.wrap(color).and('have.css', 'border', \"1px solid \".concat(BLACK)).and('have.class', 'color');\n});",
              "err": {},
              "uuid": "b90ab7a8-a222-44b8-8ba5-91248140ecc8",
              "parentUUID": "fedc2fa2-c9bc-4794-9581-f3a9998014de",
              "isHook": false,
              "skipped": false
            },
            {
              "title": "Verifica se a paleta lista todas as cores disponíveis para utilização, lado a lado.",
              "fullTitle": "2 - Adicione à página uma paleta de quatro cores distintas. Verifica se a paleta lista todas as cores disponíveis para utilização, lado a lado.",
              "timedOut": null,
              "duration": 226,
              "state": "passed",
              "speed": "slow",
              "pass": true,
              "fail": false,
              "pending": false,
              "context": null,
              "code": "cy.get('.color').then(function (colors) {\n  for (var index = 1; index < colors.length; index += 1) {\n    var currentColor = colors[index];\n    var previousColor = colors[index - 1];\n    cy.wrap(currentColor).should('be.onTheRightOf', previousColor).and('be.horizontallyAlignedWith', previousColor);\n  }\n});",
              "err": {},
              "uuid": "9a634024-421d-4324-a6de-c95e0603b3e1",
              "parentUUID": "fedc2fa2-c9bc-4794-9581-f3a9998014de",
              "isHook": false,
              "skipped": false
            },
            {
              "title": "Verifica se a paleta de cores está posicionada abaixo do título 'Paleta de Cores'",
              "fullTitle": "2 - Adicione à página uma paleta de quatro cores distintas. Verifica se a paleta de cores está posicionada abaixo do título 'Paleta de Cores'",
              "timedOut": null,
              "duration": 172,
              "state": "passed",
              "speed": "slow",
              "pass": true,
              "fail": false,
              "pending": false,
              "context": null,
              "code": "cy.get('h1#title').then(function (title) {\n  cy.get('#color-palette').should('be.belowOf', title);\n});",
              "err": {},
              "uuid": "157a2462-e569-4abd-bd96-de53fda672e5",
              "parentUUID": "fedc2fa2-c9bc-4794-9581-f3a9998014de",
              "isHook": false,
              "skipped": false
            },
            {
              "title": "Verifica se a paleta de cores não contém cores repetidas.",
              "fullTitle": "2 - Adicione à página uma paleta de quatro cores distintas. Verifica se a paleta de cores não contém cores repetidas.",
              "timedOut": null,
              "duration": 227,
              "state": "passed",
              "speed": "slow",
              "pass": true,
              "fail": false,
              "pending": false,
              "context": null,
              "code": "cy.get('.color').then(function (colors) {\n  var allColors = Array.from(colors).map(function (color) {\n    return Cypress.$(color).css('background-color');\n  });\n  cy.log(allColors);\n  var uniqColors = (0, _toConsumableArray2[\"default\"])(new Set(allColors));\n  cy.log(uniqColors);\n  expect(allColors.length).to.eq(uniqColors.length);\n});",
              "err": {},
              "uuid": "7573c772-8636-4799-9e32-b123cc363897",
              "parentUUID": "fedc2fa2-c9bc-4794-9581-f3a9998014de",
              "isHook": false,
              "skipped": false
            }
          ],
          "suites": [],
          "passes": [
            "e3883764-38b3-40ae-a154-3b9a30206c98",
            "45f45b36-00ae-44e9-9f0d-a3720092f09f",
            "ecd1d063-1c4e-42f7-9c30-000ab0d2afea",
            "b90ab7a8-a222-44b8-8ba5-91248140ecc8",
            "9a634024-421d-4324-a6de-c95e0603b3e1",
            "157a2462-e569-4abd-bd96-de53fda672e5",
            "7573c772-8636-4799-9e32-b123cc363897"
          ],
          "failures": [],
          "pending": [],
          "skipped": [],
          "duration": 1834,
          "root": false,
          "rootEmpty": false,
          "_timeout": 2000
        },
        {
          "uuid": "57b21525-06ae-4d6b-9c3d-c9dc5670aee4",
          "title": "3 - Adicione a cor **preta** como a primeira cor da paleta de cores.",
          "fullFile": "",
          "file": "",
          "beforeHooks": [],
          "afterHooks": [],
          "tests": [
            {
              "title": "Verifica se a primeira cor da paleta é preta",
              "fullTitle": "3 - Adicione a cor **preta** como a primeira cor da paleta de cores. Verifica se a primeira cor da paleta é preta",
              "timedOut": null,
              "duration": 150,
              "state": "passed",
              "speed": "slow",
              "pass": true,
              "fail": false,
              "pending": false,
              "context": null,
              "code": "cy.get('.color').first().should('have.css', 'background-color', BLACK);",
              "err": {},
              "uuid": "e99e36c7-d502-4d50-91a6-2c4251ec20a4",
              "parentUUID": "57b21525-06ae-4d6b-9c3d-c9dc5670aee4",
              "isHook": false,
              "skipped": false
            },
            {
              "title": "Verifica se as demais cores podem ser escolhidas livremente.",
              "fullTitle": "3 - Adicione a cor **preta** como a primeira cor da paleta de cores. Verifica se as demais cores podem ser escolhidas livremente.",
              "timedOut": null,
              "duration": 379,
              "state": "passed",
              "speed": "slow",
              "pass": true,
              "fail": false,
              "pending": false,
              "context": null,
              "code": "cy.get('.color').eq(1).should('not.have.css', 'background-color', BLACK);\ncy.get('.color').eq(1).should('not.have.css', 'background-color', WHITE);\ncy.get('.color').eq(1).should('not.have.css', 'background-color', 'rgba(0, 0, 0, 0)');\ncy.get('.color').eq(1).should('have.css', 'background-color');\ncy.get('.color').eq(2).should('not.have.css', 'background-color', BLACK);\ncy.get('.color').eq(2).should('not.have.css', 'background-color', WHITE);\ncy.get('.color').eq(2).should('not.have.css', 'background-color', 'rgba(0, 0, 0, 0)');\ncy.get('.color').eq(2).should('have.css', 'background-color');\ncy.get('.color').eq(3).should('not.have.css', 'background-color', BLACK);\ncy.get('.color').eq(3).should('not.have.css', 'background-color', WHITE);\ncy.get('.color').eq(3).should('not.have.css', 'background-color', 'rgba(0, 0, 0, 0)');\ncy.get('.color').eq(3).should('have.css', 'background-color');",
              "err": {},
              "uuid": "ef6913e0-766a-442e-acd5-3031baab2005",
              "parentUUID": "57b21525-06ae-4d6b-9c3d-c9dc5670aee4",
              "isHook": false,
              "skipped": false
            }
          ],
          "suites": [],
          "passes": [
            "e99e36c7-d502-4d50-91a6-2c4251ec20a4",
            "ef6913e0-766a-442e-acd5-3031baab2005"
          ],
          "failures": [],
          "pending": [],
          "skipped": [],
          "duration": 529,
          "root": false,
          "rootEmpty": false,
          "_timeout": 2000
        },
        {
          "uuid": "9fecac4d-de30-484b-b830-238191850281",
          "title": "4 - Adicione à página um quadro de pixels, com 25 pixels.",
          "fullFile": "",
          "file": "",
          "beforeHooks": [],
          "afterHooks": [],
          "tests": [
            {
              "title": "Verifica se o quadro de pixels possui o `id` denominado `pixel-board`",
              "fullTitle": "4 - Adicione à página um quadro de pixels, com 25 pixels. Verifica se o quadro de pixels possui o `id` denominado `pixel-board`",
              "timedOut": null,
              "duration": 197,
              "state": "passed",
              "speed": "slow",
              "pass": true,
              "fail": false,
              "pending": false,
              "context": null,
              "code": "cy.get('#pixel-board').should('be.visible');",
              "err": {},
              "uuid": "74ad2cee-9d53-43bb-b5f6-def49d6e398c",
              "parentUUID": "9fecac4d-de30-484b-b830-238191850281",
              "isHook": false,
              "skipped": false
            },
            {
              "title": "Verifica se cada pixel individual dentro do quadro possui a `classe` denominada `pixel`.",
              "fullTitle": "4 - Adicione à página um quadro de pixels, com 25 pixels. Verifica se cada pixel individual dentro do quadro possui a `classe` denominada `pixel`.",
              "timedOut": null,
              "duration": 321,
              "state": "passed",
              "speed": "slow",
              "pass": true,
              "fail": false,
              "pending": false,
              "context": null,
              "code": "cy.get('.pixel').should('have.length', 25);",
              "err": {},
              "uuid": "00fc2fc0-c16a-4345-b6da-08bd4fd37cfc",
              "parentUUID": "9fecac4d-de30-484b-b830-238191850281",
              "isHook": false,
              "skipped": false
            },
            {
              "title": "Verifica se a cor inicial dos pixels dentro do quadro, ao abrir a página, é branca.",
              "fullTitle": "4 - Adicione à página um quadro de pixels, com 25 pixels. Verifica se a cor inicial dos pixels dentro do quadro, ao abrir a página, é branca.",
              "timedOut": null,
              "duration": 322,
              "state": "passed",
              "speed": "slow",
              "pass": true,
              "fail": false,
              "pending": false,
              "context": null,
              "code": "cy.get('.pixel').should('have.length', 25).each(function (pixel) {\n  expect(pixel).to.have.css('background-color', WHITE);\n});",
              "err": {},
              "uuid": "a56a03c4-c568-41ce-9588-1bf54f35e3a6",
              "parentUUID": "9fecac4d-de30-484b-b830-238191850281",
              "isHook": false,
              "skipped": false
            },
            {
              "title": "Verifica se o quadro de pixels aparece abaixo da paleta de cores",
              "fullTitle": "4 - Adicione à página um quadro de pixels, com 25 pixels. Verifica se o quadro de pixels aparece abaixo da paleta de cores",
              "timedOut": null,
              "duration": 153,
              "state": "passed",
              "speed": "slow",
              "pass": true,
              "fail": false,
              "pending": false,
              "context": null,
              "code": "cy.get('#color-palette').then(function (palette) {\n  cy.get('#pixel-board').should('be.belowOf', palette);\n});",
              "err": {},
              "uuid": "eb803392-29f9-46b9-bcdf-9ab531442de4",
              "parentUUID": "9fecac4d-de30-484b-b830-238191850281",
              "isHook": false,
              "skipped": false
            }
          ],
          "suites": [],
          "passes": [
            "74ad2cee-9d53-43bb-b5f6-def49d6e398c",
            "00fc2fc0-c16a-4345-b6da-08bd4fd37cfc",
            "a56a03c4-c568-41ce-9588-1bf54f35e3a6",
            "eb803392-29f9-46b9-bcdf-9ab531442de4"
          ],
          "failures": [],
          "pending": [],
          "skipped": [],
          "duration": 993,
          "root": false,
          "rootEmpty": false,
          "_timeout": 2000
        },
        {
          "uuid": "cda3545f-4a86-4c86-9d25-e62de401460b",
          "title": "5 - Faça com que cada elemento do quadro de pixels possua 40 pixels de largura, 40 pixels de altura e seja delimitado por uma borda preta de 1 pixel.",
          "fullFile": "",
          "file": "",
          "beforeHooks": [],
          "afterHooks": [],
          "tests": [
            {
              "title": "Verifica se o quadro de pixels tem altura e comprimento de 5 elementos",
              "fullTitle": "5 - Faça com que cada elemento do quadro de pixels possua 40 pixels de largura, 40 pixels de altura e seja delimitado por uma borda preta de 1 pixel. Verifica se o quadro de pixels tem altura e comprimento de 5 elementos",
              "timedOut": null,
              "duration": 639,
              "state": "passed",
              "speed": "slow",
              "pass": true,
              "fail": false,
              "pending": false,
              "context": null,
              "code": "cy.get('.pixel').should('have.length', 25).each(function (pixel) {\n  expect(pixel).to.have.css('background-color', WHITE);\n}).and(function (pixels) {\n  var rows = chunk(pixels, 5);\n  rows.forEach(function (row) {\n    for (var index = 1; index < row.length; index += 1) {\n      var current = pixels[index];\n      var previous = pixels[index - 1];\n      cy.wrap(current).should('be.onTheRightOf', previous).and('be.horizontallyAlignedWith', previous);\n    }\n  });\n  for (var index = 1; index < 5; index += 1) {\n    expect(pixels[index * 5]).to.be.belowOf(pixels[(index - 1) * 5]);\n  }\n});",
              "err": {},
              "uuid": "466d558b-53da-493e-b491-5068671a9348",
              "parentUUID": "cda3545f-4a86-4c86-9d25-e62de401460b",
              "isHook": false,
              "skipped": false
            },
            {
              "title": "Verifica se 40 pixels é o tamanho total do elemento, incluindo seu conteúdo e excluindo a borda preta, que deve ser criada à parte.",
              "fullTitle": "5 - Faça com que cada elemento do quadro de pixels possua 40 pixels de largura, 40 pixels de altura e seja delimitado por uma borda preta de 1 pixel. Verifica se 40 pixels é o tamanho total do elemento, incluindo seu conteúdo e excluindo a borda preta, que deve ser criada à parte.",
              "timedOut": null,
              "duration": 575,
              "state": "passed",
              "speed": "slow",
              "pass": true,
              "fail": false,
              "pending": false,
              "context": null,
              "code": "cy.get('.pixel').each(function (pixel) {\n  cy.wrap(pixel).should('have.css', 'height', '40px').and('have.css', 'width', '40px').and('have.css', 'border', \"1px solid \".concat(BLACK));\n});",
              "err": {},
              "uuid": "f7f72a0e-6607-4c20-8018-8d378de2dfbc",
              "parentUUID": "cda3545f-4a86-4c86-9d25-e62de401460b",
              "isHook": false,
              "skipped": false
            }
          ],
          "suites": [],
          "passes": [
            "466d558b-53da-493e-b491-5068671a9348",
            "f7f72a0e-6607-4c20-8018-8d378de2dfbc"
          ],
          "failures": [],
          "pending": [],
          "skipped": [],
          "duration": 1214,
          "root": false,
          "rootEmpty": false,
          "_timeout": 2000
        },
        {
          "uuid": "223e507e-e0cb-49ab-b202-b68f016dc6c7",
          "title": "6 - Defina a cor preta como cor inicial. Ao carregar a página a cor preta já deve estar selecionada para pintar os pixels",
          "fullFile": "",
          "file": "",
          "beforeHooks": [],
          "afterHooks": [],
          "tests": [
            {
              "title": "Verifica se o elemento da cor preta possui, inicialmente, a `classe` `selected`",
              "fullTitle": "6 - Defina a cor preta como cor inicial. Ao carregar a página a cor preta já deve estar selecionada para pintar os pixels Verifica se o elemento da cor preta possui, inicialmente, a `classe` `selected`",
              "timedOut": null,
              "duration": 169,
              "state": "passed",
              "speed": "slow",
              "pass": true,
              "fail": false,
              "pending": false,
              "context": null,
              "code": "cy.get('.selected').first().should('have.css', 'background-color', BLACK);",
              "err": {},
              "uuid": "5bf72b45-785a-475a-bc4f-97d67e251a1f",
              "parentUUID": "223e507e-e0cb-49ab-b202-b68f016dc6c7",
              "isHook": false,
              "skipped": false
            },
            {
              "title": "Verifica se nenhuma outra cor da paleta tem a `classe` `selected`",
              "fullTitle": "6 - Defina a cor preta como cor inicial. Ao carregar a página a cor preta já deve estar selecionada para pintar os pixels Verifica se nenhuma outra cor da paleta tem a `classe` `selected`",
              "timedOut": null,
              "duration": 196,
              "state": "passed",
              "speed": "slow",
              "pass": true,
              "fail": false,
              "pending": false,
              "context": null,
              "code": "cy.get('.color:not(:first-child)').each(function (color) {\n  cy.wrap(color).should('not.have.class', 'selected');\n});",
              "err": {},
              "uuid": "7ff5feb6-ef8f-4462-846e-d265c53c642d",
              "parentUUID": "223e507e-e0cb-49ab-b202-b68f016dc6c7",
              "isHook": false,
              "skipped": false
            }
          ],
          "suites": [],
          "passes": [
            "5bf72b45-785a-475a-bc4f-97d67e251a1f",
            "7ff5feb6-ef8f-4462-846e-d265c53c642d"
          ],
          "failures": [],
          "pending": [],
          "skipped": [],
          "duration": 365,
          "root": false,
          "rootEmpty": false,
          "_timeout": 2000
        },
        {
          "uuid": "73b6f169-0b86-40e5-8e83-605567c2c2ec",
          "title": "7 - Clicar em uma das cores da paleta, faz com que ela seja selecionada e utilizada para preencher os pixels no quadro.",
          "fullFile": "",
          "file": "",
          "beforeHooks": [],
          "afterHooks": [],
          "tests": [
            {
              "title": "Verifica se somente uma cor da paleta de cores tem a classe `selected` de cada vez",
              "fullTitle": "7 - Clicar em uma das cores da paleta, faz com que ela seja selecionada e utilizada para preencher os pixels no quadro. Verifica se somente uma cor da paleta de cores tem a classe `selected` de cada vez",
              "timedOut": null,
              "duration": 663,
              "state": "passed",
              "speed": "slow",
              "pass": true,
              "fail": false,
              "pending": false,
              "context": null,
              "code": "cy.get('.color').each(function (selectedColor, selectedColorIndex) {\n  cy.wrap(selectedColor).click();\n  cy.get('.color').each(function (color, colorIndex) {\n    if (colorIndex === selectedColorIndex) {\n      expect(color).to.have[\"class\"]('selected');\n    } else {\n      expect(color).not.to.have[\"class\"]('selected');\n    }\n  });\n});",
              "err": {},
              "uuid": "1157a623-61a1-4fc8-a682-76c288ba944d",
              "parentUUID": "73b6f169-0b86-40e5-8e83-605567c2c2ec",
              "isHook": false,
              "skipped": false
            },
            {
              "title": "Verifica se os pixels dentro do quadro não têm a classe `selected` quando são clicados",
              "fullTitle": "7 - Clicar em uma das cores da paleta, faz com que ela seja selecionada e utilizada para preencher os pixels no quadro. Verifica se os pixels dentro do quadro não têm a classe `selected` quando são clicados",
              "timedOut": null,
              "duration": 9976,
              "state": "passed",
              "speed": "slow",
              "pass": true,
              "fail": false,
              "pending": false,
              "context": null,
              "code": "cy.get('.color').each(function (color) {\n  var backgroundColor = color.css('background-color');\n  cy.wrap(color).click();\n  cy.get('.pixel').each(function (pixel) {\n    cy.wrap(pixel).click().should('not.have.class', 'selected');\n  });\n});",
              "err": {},
              "uuid": "e20f1cac-069a-42a6-81bd-3e0682bb3e4a",
              "parentUUID": "73b6f169-0b86-40e5-8e83-605567c2c2ec",
              "isHook": false,
              "skipped": false
            }
          ],
          "suites": [],
          "passes": [
            "1157a623-61a1-4fc8-a682-76c288ba944d",
            "e20f1cac-069a-42a6-81bd-3e0682bb3e4a"
          ],
          "failures": [],
          "pending": [],
          "skipped": [],
          "duration": 10639,
          "root": false,
          "rootEmpty": false,
          "_timeout": 2000
        },
        {
          "uuid": "36fc5e9f-abe4-4888-a87e-29065e59d854",
          "title": "8 - Clicar em um pixel dentro do quadro após selecionar uma cor na paleta, faz com que o pixel seja preenchido com a cor selecionada.",
          "fullFile": "",
          "file": "",
          "beforeHooks": [],
          "afterHooks": [],
          "tests": [
            {
              "title": "Verifica se ao carregar a página deve ser possível pintar os pixels de preto",
              "fullTitle": "8 - Clicar em um pixel dentro do quadro após selecionar uma cor na paleta, faz com que o pixel seja preenchido com a cor selecionada. Verifica se ao carregar a página deve ser possível pintar os pixels de preto",
              "timedOut": null,
              "duration": 2598,
              "state": "passed",
              "speed": "slow",
              "pass": true,
              "fail": false,
              "pending": false,
              "context": null,
              "code": "cy.get('.pixel').each(function (pixel) {\n  cy.wrap(pixel).click().should('have.css', 'background-color', BLACK);\n});",
              "err": {},
              "uuid": "ae53e39a-1a2b-4255-8851-5c42e3217787",
              "parentUUID": "36fc5e9f-abe4-4888-a87e-29065e59d854",
              "isHook": false,
              "skipped": false
            },
            {
              "title": "Verifica se após selecionar uma outra cor na paleta, é possível pintar os pixels com essa cor",
              "fullTitle": "8 - Clicar em um pixel dentro do quadro após selecionar uma cor na paleta, faz com que o pixel seja preenchido com a cor selecionada. Verifica se após selecionar uma outra cor na paleta, é possível pintar os pixels com essa cor",
              "timedOut": null,
              "duration": 9721,
              "state": "passed",
              "speed": "slow",
              "pass": true,
              "fail": false,
              "pending": false,
              "context": null,
              "code": "cy.get('.color').each(function (color) {\n  var backgroundColor = color.css('background-color');\n  cy.wrap(color).click();\n  cy.get('.pixel').each(function (pixel) {\n    cy.wrap(pixel).click().should('have.css', 'background-color', backgroundColor);\n  });\n});",
              "err": {},
              "uuid": "5afa8645-b483-4954-a52d-273e19c32653",
              "parentUUID": "36fc5e9f-abe4-4888-a87e-29065e59d854",
              "isHook": false,
              "skipped": false
            },
            {
              "title": "Verifica se somente o pixel que foi clicado foi preenchido com a cor selecionada, sem influenciar na cor dos demais pixels.",
              "fullTitle": "8 - Clicar em um pixel dentro do quadro após selecionar uma cor na paleta, faz com que o pixel seja preenchido com a cor selecionada. Verifica se somente o pixel que foi clicado foi preenchido com a cor selecionada, sem influenciar na cor dos demais pixels.",
              "timedOut": null,
              "duration": 2453,
              "state": "passed",
              "speed": "slow",
              "pass": true,
              "fail": false,
              "pending": false,
              "context": null,
              "code": "var colorToPixelIndexMap = {\n  0: 6,\n  1: 8,\n  2: 16,\n  3: 18\n};\ncy.get('.color').each(function (color, index) {\n  cy.wrap(color).click();\n  var backgroundColor = color.css('background-color');\n  var clickedPixelIndex = colorToPixelIndexMap[index];\n  cy.get('.pixel').eq(clickedPixelIndex).click();\n  cy.get('.pixel').eq(clickedPixelIndex - 1).should('not.have.css', 'background-color', backgroundColor);\n  cy.get('.pixel').eq(clickedPixelIndex + 1).should('not.have.css', 'background-color', backgroundColor);\n  cy.get('.pixel').eq(clickedPixelIndex - 5).should('not.have.css', 'background-color', backgroundColor);\n  cy.get('.pixel').eq(clickedPixelIndex + 5).should('not.have.css', 'background-color', backgroundColor);\n  cy.get('.pixel').eq(clickedPixelIndex - 6).should('not.have.css', 'background-color', backgroundColor);\n  cy.get('.pixel').eq(clickedPixelIndex - 4).should('not.have.css', 'background-color', backgroundColor);\n  cy.get('.pixel').eq(clickedPixelIndex + 4).should('not.have.css', 'background-color', backgroundColor);\n  cy.get('.pixel').eq(clickedPixelIndex + 6).should('not.have.css', 'background-color', backgroundColor);\n});",
              "err": {},
              "uuid": "637a4379-5093-4b4a-9be5-ae60d35c1c8c",
              "parentUUID": "36fc5e9f-abe4-4888-a87e-29065e59d854",
              "isHook": false,
              "skipped": false
            }
          ],
          "suites": [],
          "passes": [
            "ae53e39a-1a2b-4255-8851-5c42e3217787",
            "5afa8645-b483-4954-a52d-273e19c32653",
            "637a4379-5093-4b4a-9be5-ae60d35c1c8c"
          ],
          "failures": [],
          "pending": [],
          "skipped": [],
          "duration": 14772,
          "root": false,
          "rootEmpty": false,
          "_timeout": 2000
        },
        {
          "uuid": "558af9ee-b3e8-4b71-a1a1-be9880294bd2",
          "title": "9 - Crie um botão que, ao ser clicado, limpa o quadro preenchendo a cor de todos seus pixels com branco.",
          "fullFile": "",
          "file": "",
          "beforeHooks": [],
          "afterHooks": [],
          "tests": [
            {
              "title": "Verifica se o botão tem o `id` denominado `clear-board`",
              "fullTitle": "9 - Crie um botão que, ao ser clicado, limpa o quadro preenchendo a cor de todos seus pixels com branco. Verifica se o botão tem o `id` denominado `clear-board`",
              "timedOut": null,
              "duration": 4624,
              "state": "failed",
              "speed": null,
              "pass": false,
              "fail": true,
              "pending": false,
              "context": null,
              "code": "cy.get('#clear-board').should('be.visible');",
              "err": {
                "message": "CypressError: Timed out retrying: Expected to find element: '#clear-board', but never found it.",
                "estack": "CypressError: Timed out retrying: Expected to find element: '#clear-board', but never found it.\n    at cypressErr (http://localhost:42575/__cypress/runner/cypress_runner.js:149934:9)\n    at throwErr (http://localhost:42575/__cypress/runner/cypress_runner.js:149867:11)\n    at Object.throwErrByPath (http://localhost:42575/__cypress/runner/cypress_runner.js:149915:3)\n    at retry (http://localhost:42575/__cypress/runner/cypress_runner.js:144197:19)\n    at onFailFn (http://localhost:42575/__cypress/runner/cypress_runner.js:132448:16)\n    at tryCatcher (http://localhost:42575/__cypress/runner/cypress_runner.js:167415:23)\n    at Promise._settlePromiseFromHandler (http://localhost:42575/__cypress/runner/cypress_runner.js:165351:31)\n    at Promise._settlePromise (http://localhost:42575/__cypress/runner/cypress_runner.js:165408:18)\n    at Promise._settlePromise0 (http://localhost:42575/__cypress/runner/cypress_runner.js:165453:10)\n    at Promise._settlePromises (http://localhost:42575/__cypress/runner/cypress_runner.js:165528:18)\n    at Async../node_modules/bluebird/js/release/async.js.Async._drainQueue (http://localhost:42575/__cypress/runner/cypress_runner.js:162140:16)\n    at Async../node_modules/bluebird/js/release/async.js.Async._drainQueues (http://localhost:42575/__cypress/runner/cypress_runner.js:162150:10)\n    at Async.drainQueues (http://localhost:42575/__cypress/runner/cypress_runner.js:162024:14)",
                "diff": null
              },
              "uuid": "0d4d8f77-ea7b-4ace-890a-26c394e572b7",
              "parentUUID": "558af9ee-b3e8-4b71-a1a1-be9880294bd2",
              "isHook": false,
              "skipped": false
            },
            {
              "title": "Verifica se o botão está posicionado entre a paleta de cores e o quadro de pixels",
              "fullTitle": "9 - Crie um botão que, ao ser clicado, limpa o quadro preenchendo a cor de todos seus pixels com branco. Verifica se o botão está posicionado entre a paleta de cores e o quadro de pixels",
              "timedOut": null,
              "duration": 4592,
              "state": "failed",
              "speed": null,
              "pass": false,
              "fail": true,
              "pending": false,
              "context": null,
              "code": "cy.get('#color-palette').then(function (palette) {\n  cy.get('#clear-board').should('be.belowOf', palette);\n});\ncy.get('#clear-board').then(function (clearBtn) {\n  cy.get('#pixel-board').should('be.belowOf', clearBtn);\n});",
              "err": {
                "message": "CypressError: Timed out retrying: Expected to find element: '#clear-board', but never found it.",
                "estack": "CypressError: Timed out retrying: Expected to find element: '#clear-board', but never found it.\n    at cypressErr (http://localhost:42575/__cypress/runner/cypress_runner.js:149934:9)\n    at throwErr (http://localhost:42575/__cypress/runner/cypress_runner.js:149867:11)\n    at Object.throwErrByPath (http://localhost:42575/__cypress/runner/cypress_runner.js:149915:3)\n    at retry (http://localhost:42575/__cypress/runner/cypress_runner.js:144197:19)\n    at onFailFn (http://localhost:42575/__cypress/runner/cypress_runner.js:132448:16)\n    at tryCatcher (http://localhost:42575/__cypress/runner/cypress_runner.js:167415:23)\n    at Promise._settlePromiseFromHandler (http://localhost:42575/__cypress/runner/cypress_runner.js:165351:31)\n    at Promise._settlePromise (http://localhost:42575/__cypress/runner/cypress_runner.js:165408:18)\n    at Promise._settlePromise0 (http://localhost:42575/__cypress/runner/cypress_runner.js:165453:10)\n    at Promise._settlePromises (http://localhost:42575/__cypress/runner/cypress_runner.js:165528:18)\n    at Async../node_modules/bluebird/js/release/async.js.Async._drainQueue (http://localhost:42575/__cypress/runner/cypress_runner.js:162140:16)\n    at Async../node_modules/bluebird/js/release/async.js.Async._drainQueues (http://localhost:42575/__cypress/runner/cypress_runner.js:162150:10)\n    at Async.drainQueues (http://localhost:42575/__cypress/runner/cypress_runner.js:162024:14)",
                "diff": null
              },
              "uuid": "4450b5f7-4f26-4a37-8107-86050ef1799d",
              "parentUUID": "558af9ee-b3e8-4b71-a1a1-be9880294bd2",
              "isHook": false,
              "skipped": false
            },
            {
              "title": "Verifica se o texto do botão é 'Limpar'",
              "fullTitle": "9 - Crie um botão que, ao ser clicado, limpa o quadro preenchendo a cor de todos seus pixels com branco. Verifica se o texto do botão é 'Limpar'",
              "timedOut": null,
              "duration": 4592,
              "state": "failed",
              "speed": null,
              "pass": false,
              "fail": true,
              "pending": false,
              "context": null,
              "code": "cy.get('#clear-board').should('contain.text', 'Limpar');",
              "err": {
                "message": "CypressError: Timed out retrying: Expected to find element: '#clear-board', but never found it.",
                "estack": "CypressError: Timed out retrying: Expected to find element: '#clear-board', but never found it.\n    at cypressErr (http://localhost:42575/__cypress/runner/cypress_runner.js:149934:9)\n    at throwErr (http://localhost:42575/__cypress/runner/cypress_runner.js:149867:11)\n    at Object.throwErrByPath (http://localhost:42575/__cypress/runner/cypress_runner.js:149915:3)\n    at retry (http://localhost:42575/__cypress/runner/cypress_runner.js:144197:19)\n    at onFailFn (http://localhost:42575/__cypress/runner/cypress_runner.js:132448:16)\n    at tryCatcher (http://localhost:42575/__cypress/runner/cypress_runner.js:167415:23)\n    at Promise._settlePromiseFromHandler (http://localhost:42575/__cypress/runner/cypress_runner.js:165351:31)\n    at Promise._settlePromise (http://localhost:42575/__cypress/runner/cypress_runner.js:165408:18)\n    at Promise._settlePromise0 (http://localhost:42575/__cypress/runner/cypress_runner.js:165453:10)\n    at Promise._settlePromises (http://localhost:42575/__cypress/runner/cypress_runner.js:165528:18)\n    at Async../node_modules/bluebird/js/release/async.js.Async._drainQueue (http://localhost:42575/__cypress/runner/cypress_runner.js:162140:16)\n    at Async../node_modules/bluebird/js/release/async.js.Async._drainQueues (http://localhost:42575/__cypress/runner/cypress_runner.js:162150:10)\n    at Async.drainQueues (http://localhost:42575/__cypress/runner/cypress_runner.js:162024:14)",
                "diff": null
              },
              "uuid": "3e1b711f-51a2-426d-987e-fb62b7c6e5b0",
              "parentUUID": "558af9ee-b3e8-4b71-a1a1-be9880294bd2",
              "isHook": false,
              "skipped": false
            },
            {
              "title": "Verifica se ao clicar no botão, o quadro de pixels é totalmente preenchido de branco",
              "fullTitle": "9 - Crie um botão que, ao ser clicado, limpa o quadro preenchendo a cor de todos seus pixels com branco. Verifica se ao clicar no botão, o quadro de pixels é totalmente preenchido de branco",
              "timedOut": null,
              "duration": 7039,
              "state": "failed",
              "speed": null,
              "pass": false,
              "fail": true,
              "pending": false,
              "context": null,
              "code": "cy.get('.color').eq(1).then(function (color) {\n  var backgroundColor = color.css('background-color');\n  cy.wrap(color).click();\n  cy.get('.pixel').each(function (pixel) {\n    cy.wrap(pixel).click().should('have.css', 'background-color', backgroundColor);\n  });\n});\ncy.get('#clear-board').click();\ncy.get('.pixel').each(function (pixel) {\n  cy.wrap(pixel).should('have.css', 'background-color', WHITE);\n});",
              "err": {
                "message": "CypressError: Timed out retrying: Expected to find element: '#clear-board', but never found it.",
                "estack": "CypressError: Timed out retrying: Expected to find element: '#clear-board', but never found it.\n    at cypressErr (http://localhost:42575/__cypress/runner/cypress_runner.js:149934:9)\n    at throwErr (http://localhost:42575/__cypress/runner/cypress_runner.js:149867:11)\n    at Object.throwErrByPath (http://localhost:42575/__cypress/runner/cypress_runner.js:149915:3)\n    at retry (http://localhost:42575/__cypress/runner/cypress_runner.js:144197:19)\n    at onFailFn (http://localhost:42575/__cypress/runner/cypress_runner.js:132448:16)\n    at tryCatcher (http://localhost:42575/__cypress/runner/cypress_runner.js:167415:23)\n    at Promise._settlePromiseFromHandler (http://localhost:42575/__cypress/runner/cypress_runner.js:165351:31)\n    at Promise._settlePromise (http://localhost:42575/__cypress/runner/cypress_runner.js:165408:18)\n    at Promise._settlePromise0 (http://localhost:42575/__cypress/runner/cypress_runner.js:165453:10)\n    at Promise._settlePromises (http://localhost:42575/__cypress/runner/cypress_runner.js:165528:18)\n    at Async../node_modules/bluebird/js/release/async.js.Async._drainQueue (http://localhost:42575/__cypress/runner/cypress_runner.js:162140:16)\n    at Async../node_modules/bluebird/js/release/async.js.Async._drainQueues (http://localhost:42575/__cypress/runner/cypress_runner.js:162150:10)\n    at Async.drainQueues (http://localhost:42575/__cypress/runner/cypress_runner.js:162024:14)",
                "diff": null
              },
              "uuid": "19ad0dfd-2677-4210-a006-71c4d8ff80c2",
              "parentUUID": "558af9ee-b3e8-4b71-a1a1-be9880294bd2",
              "isHook": false,
              "skipped": false
            }
          ],
          "suites": [],
          "passes": [],
          "failures": [
            "0d4d8f77-ea7b-4ace-890a-26c394e572b7",
            "4450b5f7-4f26-4a37-8107-86050ef1799d",
            "3e1b711f-51a2-426d-987e-fb62b7c6e5b0",
            "19ad0dfd-2677-4210-a006-71c4d8ff80c2"
          ],
          "pending": [],
          "skipped": [],
          "duration": 20847,
          "root": false,
          "rootEmpty": false,
          "_timeout": 2000
        },
        {
          "uuid": "79640c01-e9c7-41fc-8bf0-334fe57fbd5c",
          "title": "10 - Faça o quadro de pixels ter seu tamanho definido pelo usuário.",
          "fullFile": "",
          "file": "",
          "beforeHooks": [],
          "afterHooks": [],
          "tests": [
            {
              "title": "Verifica se existe um input com o id `board-size`",
              "fullTitle": "10 - Faça o quadro de pixels ter seu tamanho definido pelo usuário. Verifica se existe um input com o id `board-size`",
              "timedOut": null,
              "duration": 4678,
              "state": "failed",
              "speed": null,
              "pass": false,
              "fail": true,
              "pending": false,
              "context": null,
              "code": "cy.get('#board-size').should('be.visible');",
              "err": {
                "message": "CypressError: Timed out retrying: Expected to find element: '#board-size', but never found it.",
                "estack": "CypressError: Timed out retrying: Expected to find element: '#board-size', but never found it.\n    at cypressErr (http://localhost:42575/__cypress/runner/cypress_runner.js:149934:9)\n    at throwErr (http://localhost:42575/__cypress/runner/cypress_runner.js:149867:11)\n    at Object.throwErrByPath (http://localhost:42575/__cypress/runner/cypress_runner.js:149915:3)\n    at retry (http://localhost:42575/__cypress/runner/cypress_runner.js:144197:19)\n    at onFailFn (http://localhost:42575/__cypress/runner/cypress_runner.js:132448:16)\n    at tryCatcher (http://localhost:42575/__cypress/runner/cypress_runner.js:167415:23)\n    at Promise._settlePromiseFromHandler (http://localhost:42575/__cypress/runner/cypress_runner.js:165351:31)\n    at Promise._settlePromise (http://localhost:42575/__cypress/runner/cypress_runner.js:165408:18)\n    at Promise._settlePromise0 (http://localhost:42575/__cypress/runner/cypress_runner.js:165453:10)\n    at Promise._settlePromises (http://localhost:42575/__cypress/runner/cypress_runner.js:165528:18)\n    at Async../node_modules/bluebird/js/release/async.js.Async._drainQueue (http://localhost:42575/__cypress/runner/cypress_runner.js:162140:16)\n    at Async../node_modules/bluebird/js/release/async.js.Async._drainQueues (http://localhost:42575/__cypress/runner/cypress_runner.js:162150:10)\n    at Async.drainQueues (http://localhost:42575/__cypress/runner/cypress_runner.js:162024:14)",
                "diff": null
              },
              "uuid": "b28a3e5d-da17-4107-81bf-9a0f70de1013",
              "parentUUID": "79640c01-e9c7-41fc-8bf0-334fe57fbd5c",
              "isHook": false,
              "skipped": false
            },
            {
              "title": "Verifica se existe um botão com o id `generate-board`",
              "fullTitle": "10 - Faça o quadro de pixels ter seu tamanho definido pelo usuário. Verifica se existe um botão com o id `generate-board`",
              "timedOut": null,
              "duration": 4819,
              "state": "failed",
              "speed": null,
              "pass": false,
              "fail": true,
              "pending": false,
              "context": null,
              "code": "cy.get('#generate-board').should('be.visible');",
              "err": {
                "message": "CypressError: Timed out retrying: Expected to find element: '#generate-board', but never found it.",
                "estack": "CypressError: Timed out retrying: Expected to find element: '#generate-board', but never found it.\n    at cypressErr (http://localhost:42575/__cypress/runner/cypress_runner.js:149934:9)\n    at throwErr (http://localhost:42575/__cypress/runner/cypress_runner.js:149867:11)\n    at Object.throwErrByPath (http://localhost:42575/__cypress/runner/cypress_runner.js:149915:3)\n    at retry (http://localhost:42575/__cypress/runner/cypress_runner.js:144197:19)\n    at onFailFn (http://localhost:42575/__cypress/runner/cypress_runner.js:132448:16)\n    at tryCatcher (http://localhost:42575/__cypress/runner/cypress_runner.js:167415:23)\n    at Promise._settlePromiseFromHandler (http://localhost:42575/__cypress/runner/cypress_runner.js:165351:31)\n    at Promise._settlePromise (http://localhost:42575/__cypress/runner/cypress_runner.js:165408:18)\n    at Promise._settlePromise0 (http://localhost:42575/__cypress/runner/cypress_runner.js:165453:10)\n    at Promise._settlePromises (http://localhost:42575/__cypress/runner/cypress_runner.js:165528:18)\n    at Async../node_modules/bluebird/js/release/async.js.Async._drainQueue (http://localhost:42575/__cypress/runner/cypress_runner.js:162140:16)\n    at Async../node_modules/bluebird/js/release/async.js.Async._drainQueues (http://localhost:42575/__cypress/runner/cypress_runner.js:162150:10)\n    at Async.drainQueues (http://localhost:42575/__cypress/runner/cypress_runner.js:162024:14)",
                "diff": null
              },
              "uuid": "04e06cae-105d-4205-b698-886e9dbc2afe",
              "parentUUID": "79640c01-e9c7-41fc-8bf0-334fe57fbd5c",
              "isHook": false,
              "skipped": false
            },
            {
              "title": "Verifica se o input só aceita número maiores que zero. Essa restrição deve ser feita usando os atributos do elemento `input`",
              "fullTitle": "10 - Faça o quadro de pixels ter seu tamanho definido pelo usuário. Verifica se o input só aceita número maiores que zero. Essa restrição deve ser feita usando os atributos do elemento `input`",
              "timedOut": null,
              "duration": 4703,
              "state": "failed",
              "speed": null,
              "pass": false,
              "fail": true,
              "pending": false,
              "context": null,
              "code": "cy.get('#board-size[type=\\'number\\'][min=\\'1\\']');",
              "err": {
                "message": "CypressError: Timed out retrying: Expected to find element: '#board-size[type='number'][min='1']', but never found it.",
                "estack": "CypressError: Timed out retrying: Expected to find element: '#board-size[type='number'][min='1']', but never found it.\n    at cypressErr (http://localhost:42575/__cypress/runner/cypress_runner.js:149934:9)\n    at throwErr (http://localhost:42575/__cypress/runner/cypress_runner.js:149867:11)\n    at Object.throwErrByPath (http://localhost:42575/__cypress/runner/cypress_runner.js:149915:3)\n    at retry (http://localhost:42575/__cypress/runner/cypress_runner.js:144197:19)\n    at onFailFn (http://localhost:42575/__cypress/runner/cypress_runner.js:132448:16)\n    at tryCatcher (http://localhost:42575/__cypress/runner/cypress_runner.js:167415:23)\n    at Promise._settlePromiseFromHandler (http://localhost:42575/__cypress/runner/cypress_runner.js:165351:31)\n    at Promise._settlePromise (http://localhost:42575/__cypress/runner/cypress_runner.js:165408:18)\n    at Promise._settlePromise0 (http://localhost:42575/__cypress/runner/cypress_runner.js:165453:10)\n    at Promise._settlePromises (http://localhost:42575/__cypress/runner/cypress_runner.js:165528:18)\n    at Async../node_modules/bluebird/js/release/async.js.Async._drainQueue (http://localhost:42575/__cypress/runner/cypress_runner.js:162140:16)\n    at Async../node_modules/bluebird/js/release/async.js.Async._drainQueues (http://localhost:42575/__cypress/runner/cypress_runner.js:162150:10)\n    at Async.drainQueues (http://localhost:42575/__cypress/runner/cypress_runner.js:162024:14)",
                "diff": null
              },
              "uuid": "a253826f-57f5-4c72-915c-969b9e896e45",
              "parentUUID": "79640c01-e9c7-41fc-8bf0-334fe57fbd5c",
              "isHook": false,
              "skipped": false
            },
            {
              "title": "Verifica se o botão contém o texto 'VQV'",
              "fullTitle": "10 - Faça o quadro de pixels ter seu tamanho definido pelo usuário. Verifica se o botão contém o texto 'VQV'",
              "timedOut": null,
              "duration": 4708,
              "state": "failed",
              "speed": null,
              "pass": false,
              "fail": true,
              "pending": false,
              "context": null,
              "code": "cy.get('#generate-board').contains(/vqv/i);",
              "err": {
                "message": "CypressError: Timed out retrying: Expected to find element: '#generate-board', but never found it.",
                "estack": "CypressError: Timed out retrying: Expected to find element: '#generate-board', but never found it.\n    at cypressErr (http://localhost:42575/__cypress/runner/cypress_runner.js:149934:9)\n    at throwErr (http://localhost:42575/__cypress/runner/cypress_runner.js:149867:11)\n    at Object.throwErrByPath (http://localhost:42575/__cypress/runner/cypress_runner.js:149915:3)\n    at retry (http://localhost:42575/__cypress/runner/cypress_runner.js:144197:19)\n    at onFailFn (http://localhost:42575/__cypress/runner/cypress_runner.js:132448:16)\n    at tryCatcher (http://localhost:42575/__cypress/runner/cypress_runner.js:167415:23)\n    at Promise._settlePromiseFromHandler (http://localhost:42575/__cypress/runner/cypress_runner.js:165351:31)\n    at Promise._settlePromise (http://localhost:42575/__cypress/runner/cypress_runner.js:165408:18)\n    at Promise._settlePromise0 (http://localhost:42575/__cypress/runner/cypress_runner.js:165453:10)\n    at Promise._settlePromises (http://localhost:42575/__cypress/runner/cypress_runner.js:165528:18)\n    at Async../node_modules/bluebird/js/release/async.js.Async._drainQueue (http://localhost:42575/__cypress/runner/cypress_runner.js:162140:16)\n    at Async../node_modules/bluebird/js/release/async.js.Async._drainQueues (http://localhost:42575/__cypress/runner/cypress_runner.js:162150:10)\n    at Async.drainQueues (http://localhost:42575/__cypress/runner/cypress_runner.js:162024:14)",
                "diff": null
              },
              "uuid": "773cf9a3-a267-4e60-a69d-6cd3970ed165",
              "parentUUID": "79640c01-e9c7-41fc-8bf0-334fe57fbd5c",
              "isHook": false,
              "skipped": false
            },
            {
              "title": "Verifica se o input está posicionado entre a paleta de cores e o quadro de pixels",
              "fullTitle": "10 - Faça o quadro de pixels ter seu tamanho definido pelo usuário. Verifica se o input está posicionado entre a paleta de cores e o quadro de pixels",
              "timedOut": null,
              "duration": 4744,
              "state": "failed",
              "speed": null,
              "pass": false,
              "fail": true,
              "pending": false,
              "context": null,
              "code": "cy.get('#color-palette').then(function (palette) {\n  cy.get('#board-size').should('be.belowOf', palette);\n});\ncy.get('#board-size').then(function (palette) {\n  cy.get('#pixel-board').should('be.belowOf', palette);\n});",
              "err": {
                "message": "CypressError: Timed out retrying: Expected to find element: '#board-size', but never found it.",
                "estack": "CypressError: Timed out retrying: Expected to find element: '#board-size', but never found it.\n    at cypressErr (http://localhost:42575/__cypress/runner/cypress_runner.js:149934:9)\n    at throwErr (http://localhost:42575/__cypress/runner/cypress_runner.js:149867:11)\n    at Object.throwErrByPath (http://localhost:42575/__cypress/runner/cypress_runner.js:149915:3)\n    at retry (http://localhost:42575/__cypress/runner/cypress_runner.js:144197:19)\n    at onFailFn (http://localhost:42575/__cypress/runner/cypress_runner.js:132448:16)\n    at tryCatcher (http://localhost:42575/__cypress/runner/cypress_runner.js:167415:23)\n    at Promise._settlePromiseFromHandler (http://localhost:42575/__cypress/runner/cypress_runner.js:165351:31)\n    at Promise._settlePromise (http://localhost:42575/__cypress/runner/cypress_runner.js:165408:18)\n    at Promise._settlePromise0 (http://localhost:42575/__cypress/runner/cypress_runner.js:165453:10)\n    at Promise._settlePromises (http://localhost:42575/__cypress/runner/cypress_runner.js:165528:18)\n    at Async../node_modules/bluebird/js/release/async.js.Async._drainQueue (http://localhost:42575/__cypress/runner/cypress_runner.js:162140:16)\n    at Async../node_modules/bluebird/js/release/async.js.Async._drainQueues (http://localhost:42575/__cypress/runner/cypress_runner.js:162150:10)\n    at Async.drainQueues (http://localhost:42575/__cypress/runner/cypress_runner.js:162024:14)",
                "diff": null
              },
              "uuid": "3ff21d94-03bc-4a82-b034-a230e5f820c9",
              "parentUUID": "79640c01-e9c7-41fc-8bf0-334fe57fbd5c",
              "isHook": false,
              "skipped": false
            },
            {
              "title": "Verifica se o botão está posicionado ao lado do input",
              "fullTitle": "10 - Faça o quadro de pixels ter seu tamanho definido pelo usuário. Verifica se o botão está posicionado ao lado do input",
              "timedOut": null,
              "duration": 4997,
              "state": "failed",
              "speed": null,
              "pass": false,
              "fail": true,
              "pending": false,
              "context": null,
              "code": "cy.get('#board-size').then(function (board) {\n  cy.get('#generate-board').should('be.onTheRightOf', board);\n});",
              "err": {
                "message": "CypressError: Timed out retrying: Expected to find element: '#board-size', but never found it.",
                "estack": "CypressError: Timed out retrying: Expected to find element: '#board-size', but never found it.\n    at cypressErr (http://localhost:42575/__cypress/runner/cypress_runner.js:149934:9)\n    at throwErr (http://localhost:42575/__cypress/runner/cypress_runner.js:149867:11)\n    at Object.throwErrByPath (http://localhost:42575/__cypress/runner/cypress_runner.js:149915:3)\n    at retry (http://localhost:42575/__cypress/runner/cypress_runner.js:144197:19)\n    at onFailFn (http://localhost:42575/__cypress/runner/cypress_runner.js:132448:16)\n    at tryCatcher (http://localhost:42575/__cypress/runner/cypress_runner.js:167415:23)\n    at Promise._settlePromiseFromHandler (http://localhost:42575/__cypress/runner/cypress_runner.js:165351:31)\n    at Promise._settlePromise (http://localhost:42575/__cypress/runner/cypress_runner.js:165408:18)\n    at Promise._settlePromise0 (http://localhost:42575/__cypress/runner/cypress_runner.js:165453:10)\n    at Promise._settlePromises (http://localhost:42575/__cypress/runner/cypress_runner.js:165528:18)\n    at Async../node_modules/bluebird/js/release/async.js.Async._drainQueue (http://localhost:42575/__cypress/runner/cypress_runner.js:162140:16)\n    at Async../node_modules/bluebird/js/release/async.js.Async._drainQueues (http://localhost:42575/__cypress/runner/cypress_runner.js:162150:10)\n    at Async.drainQueues (http://localhost:42575/__cypress/runner/cypress_runner.js:162024:14)",
                "diff": null
              },
              "uuid": "a3ac31c0-4ece-4cf7-89a7-1dbb31113349",
              "parentUUID": "79640c01-e9c7-41fc-8bf0-334fe57fbd5c",
              "isHook": false,
              "skipped": false
            },
            {
              "title": "Verifica se nenhum valor for colocado no input ao clicar no botão, um `alert` é exibido com o texto: 'Board inválido!'",
              "fullTitle": "10 - Faça o quadro de pixels ter seu tamanho definido pelo usuário. Verifica se nenhum valor for colocado no input ao clicar no botão, um `alert` é exibido com o texto: 'Board inválido!'",
              "timedOut": null,
              "duration": 4789,
              "state": "failed",
              "speed": null,
              "pass": false,
              "fail": true,
              "pending": false,
              "context": null,
              "code": "var alerted = false;\ncy.on('window:alert', function (msg) {\n  return alerted = msg;\n});\ncy.get('#generate-board').click().then(function () {\n  return expect(alerted).to.match(/Board inválido!/i);\n});",
              "err": {
                "message": "CypressError: Timed out retrying: Expected to find element: '#generate-board', but never found it.",
                "estack": "CypressError: Timed out retrying: Expected to find element: '#generate-board', but never found it.\n    at cypressErr (http://localhost:42575/__cypress/runner/cypress_runner.js:149934:9)\n    at throwErr (http://localhost:42575/__cypress/runner/cypress_runner.js:149867:11)\n    at Object.throwErrByPath (http://localhost:42575/__cypress/runner/cypress_runner.js:149915:3)\n    at retry (http://localhost:42575/__cypress/runner/cypress_runner.js:144197:19)\n    at onFailFn (http://localhost:42575/__cypress/runner/cypress_runner.js:132448:16)\n    at tryCatcher (http://localhost:42575/__cypress/runner/cypress_runner.js:167415:23)\n    at Promise._settlePromiseFromHandler (http://localhost:42575/__cypress/runner/cypress_runner.js:165351:31)\n    at Promise._settlePromise (http://localhost:42575/__cypress/runner/cypress_runner.js:165408:18)\n    at Promise._settlePromise0 (http://localhost:42575/__cypress/runner/cypress_runner.js:165453:10)\n    at Promise._settlePromises (http://localhost:42575/__cypress/runner/cypress_runner.js:165528:18)\n    at Async../node_modules/bluebird/js/release/async.js.Async._drainQueue (http://localhost:42575/__cypress/runner/cypress_runner.js:162140:16)\n    at Async../node_modules/bluebird/js/release/async.js.Async._drainQueues (http://localhost:42575/__cypress/runner/cypress_runner.js:162150:10)\n    at Async.drainQueues (http://localhost:42575/__cypress/runner/cypress_runner.js:162024:14)",
                "diff": null
              },
              "uuid": "e4db590a-3086-4788-91d7-06db50c21434",
              "parentUUID": "79640c01-e9c7-41fc-8bf0-334fe57fbd5c",
              "isHook": false,
              "skipped": false
            },
            {
              "title": "Verifica se ao clicar no botão com um valor preenchido, o tamanho do board muda.",
              "fullTitle": "10 - Faça o quadro de pixels ter seu tamanho definido pelo usuário. Verifica se ao clicar no botão com um valor preenchido, o tamanho do board muda.",
              "timedOut": null,
              "duration": 4780,
              "state": "failed",
              "speed": null,
              "pass": false,
              "fail": true,
              "pending": false,
              "context": null,
              "code": "cy.get('#board-size').clear().type(10);\ncy.get('#generate-board').click();\ncy.get('.pixel').should('have.length', 100);",
              "err": {
                "message": "CypressError: Timed out retrying: Expected to find element: '#board-size', but never found it.",
                "estack": "CypressError: Timed out retrying: Expected to find element: '#board-size', but never found it.\n    at cypressErr (http://localhost:42575/__cypress/runner/cypress_runner.js:149934:9)\n    at throwErr (http://localhost:42575/__cypress/runner/cypress_runner.js:149867:11)\n    at Object.throwErrByPath (http://localhost:42575/__cypress/runner/cypress_runner.js:149915:3)\n    at retry (http://localhost:42575/__cypress/runner/cypress_runner.js:144197:19)\n    at onFailFn (http://localhost:42575/__cypress/runner/cypress_runner.js:132448:16)\n    at tryCatcher (http://localhost:42575/__cypress/runner/cypress_runner.js:167415:23)\n    at Promise._settlePromiseFromHandler (http://localhost:42575/__cypress/runner/cypress_runner.js:165351:31)\n    at Promise._settlePromise (http://localhost:42575/__cypress/runner/cypress_runner.js:165408:18)\n    at Promise._settlePromise0 (http://localhost:42575/__cypress/runner/cypress_runner.js:165453:10)\n    at Promise._settlePromises (http://localhost:42575/__cypress/runner/cypress_runner.js:165528:18)\n    at Async../node_modules/bluebird/js/release/async.js.Async._drainQueue (http://localhost:42575/__cypress/runner/cypress_runner.js:162140:16)\n    at Async../node_modules/bluebird/js/release/async.js.Async._drainQueues (http://localhost:42575/__cypress/runner/cypress_runner.js:162150:10)\n    at Async.drainQueues (http://localhost:42575/__cypress/runner/cypress_runner.js:162024:14)",
                "diff": null
              },
              "uuid": "2f80b342-c7b7-48d6-a281-05dfe89e8eee",
              "parentUUID": "79640c01-e9c7-41fc-8bf0-334fe57fbd5c",
              "isHook": false,
              "skipped": false
            },
            {
              "title": "Verifica se o novo quadro tem todos os pixels preenchidos com a cor branca",
              "fullTitle": "10 - Faça o quadro de pixels ter seu tamanho definido pelo usuário. Verifica se o novo quadro tem todos os pixels preenchidos com a cor branca",
              "timedOut": null,
              "duration": 4835,
              "state": "failed",
              "speed": null,
              "pass": false,
              "fail": true,
              "pending": false,
              "context": null,
              "code": "cy.get('#board-size').clear().type(6);\ncy.get('#generate-board').click();\ncy.get('.pixel').should('have.length', 36).each(function (pixel) {\n  expect(pixel).to.have.css('background-color', WHITE);\n});",
              "err": {
                "message": "CypressError: Timed out retrying: Expected to find element: '#board-size', but never found it.",
                "estack": "CypressError: Timed out retrying: Expected to find element: '#board-size', but never found it.\n    at cypressErr (http://localhost:42575/__cypress/runner/cypress_runner.js:149934:9)\n    at throwErr (http://localhost:42575/__cypress/runner/cypress_runner.js:149867:11)\n    at Object.throwErrByPath (http://localhost:42575/__cypress/runner/cypress_runner.js:149915:3)\n    at retry (http://localhost:42575/__cypress/runner/cypress_runner.js:144197:19)\n    at onFailFn (http://localhost:42575/__cypress/runner/cypress_runner.js:132448:16)\n    at tryCatcher (http://localhost:42575/__cypress/runner/cypress_runner.js:167415:23)\n    at Promise._settlePromiseFromHandler (http://localhost:42575/__cypress/runner/cypress_runner.js:165351:31)\n    at Promise._settlePromise (http://localhost:42575/__cypress/runner/cypress_runner.js:165408:18)\n    at Promise._settlePromise0 (http://localhost:42575/__cypress/runner/cypress_runner.js:165453:10)\n    at Promise._settlePromises (http://localhost:42575/__cypress/runner/cypress_runner.js:165528:18)\n    at Async../node_modules/bluebird/js/release/async.js.Async._drainQueue (http://localhost:42575/__cypress/runner/cypress_runner.js:162140:16)\n    at Async../node_modules/bluebird/js/release/async.js.Async._drainQueues (http://localhost:42575/__cypress/runner/cypress_runner.js:162150:10)\n    at Async.drainQueues (http://localhost:42575/__cypress/runner/cypress_runner.js:162024:14)",
                "diff": null
              },
              "uuid": "89fd5625-2c25-4f02-bd13-d27660346400",
              "parentUUID": "79640c01-e9c7-41fc-8bf0-334fe57fbd5c",
              "isHook": false,
              "skipped": false
            }
          ],
          "suites": [],
          "passes": [],
          "failures": [
            "b28a3e5d-da17-4107-81bf-9a0f70de1013",
            "04e06cae-105d-4205-b698-886e9dbc2afe",
            "a253826f-57f5-4c72-915c-969b9e896e45",
            "773cf9a3-a267-4e60-a69d-6cd3970ed165",
            "3ff21d94-03bc-4a82-b034-a230e5f820c9",
            "a3ac31c0-4ece-4cf7-89a7-1dbb31113349",
            "e4db590a-3086-4788-91d7-06db50c21434",
            "2f80b342-c7b7-48d6-a281-05dfe89e8eee",
            "89fd5625-2c25-4f02-bd13-d27660346400"
          ],
          "pending": [],
          "skipped": [],
          "duration": 43053,
          "root": false,
          "rootEmpty": false,
          "_timeout": 2000
        },
        {
          "uuid": "1ec83a38-582b-4780-90b6-20bd5047fb24",
          "title": "11 - Limite o tamanho mínimo e máximo do board.",
          "fullFile": "",
          "file": "",
          "beforeHooks": [],
          "afterHooks": [],
          "tests": [
            {
              "title": "Verifica se a altura máxima do board é 50",
              "fullTitle": "11 - Limite o tamanho mínimo e máximo do board. Verifica se a altura máxima do board é 50",
              "timedOut": null,
              "duration": 4701,
              "state": "failed",
              "speed": null,
              "pass": false,
              "fail": true,
              "pending": false,
              "context": null,
              "code": "cy.get('#board-size').clear().type(50);\ncy.get('#generate-board').click();\ncy.get('.pixel').should('have.length', 2500);",
              "err": {
                "message": "CypressError: Timed out retrying: Expected to find element: '#board-size', but never found it.",
                "estack": "CypressError: Timed out retrying: Expected to find element: '#board-size', but never found it.\n    at cypressErr (http://localhost:42575/__cypress/runner/cypress_runner.js:149934:9)\n    at throwErr (http://localhost:42575/__cypress/runner/cypress_runner.js:149867:11)\n    at Object.throwErrByPath (http://localhost:42575/__cypress/runner/cypress_runner.js:149915:3)\n    at retry (http://localhost:42575/__cypress/runner/cypress_runner.js:144197:19)\n    at onFailFn (http://localhost:42575/__cypress/runner/cypress_runner.js:132448:16)\n    at tryCatcher (http://localhost:42575/__cypress/runner/cypress_runner.js:167415:23)\n    at Promise._settlePromiseFromHandler (http://localhost:42575/__cypress/runner/cypress_runner.js:165351:31)\n    at Promise._settlePromise (http://localhost:42575/__cypress/runner/cypress_runner.js:165408:18)\n    at Promise._settlePromise0 (http://localhost:42575/__cypress/runner/cypress_runner.js:165453:10)\n    at Promise._settlePromises (http://localhost:42575/__cypress/runner/cypress_runner.js:165528:18)\n    at Async../node_modules/bluebird/js/release/async.js.Async._drainQueue (http://localhost:42575/__cypress/runner/cypress_runner.js:162140:16)\n    at Async../node_modules/bluebird/js/release/async.js.Async._drainQueues (http://localhost:42575/__cypress/runner/cypress_runner.js:162150:10)\n    at Async.drainQueues (http://localhost:42575/__cypress/runner/cypress_runner.js:162024:14)",
                "diff": null
              },
              "uuid": "52f65269-84d8-4200-91a1-ee937c0e6f9f",
              "parentUUID": "1ec83a38-582b-4780-90b6-20bd5047fb24",
              "isHook": false,
              "skipped": false
            },
            {
              "title": "Verifica se a altura do board é 5 quando um valor menor é colocado no input",
              "fullTitle": "11 - Limite o tamanho mínimo e máximo do board. Verifica se a altura do board é 5 quando um valor menor é colocado no input",
              "timedOut": null,
              "duration": 4777,
              "state": "failed",
              "speed": null,
              "pass": false,
              "fail": true,
              "pending": false,
              "context": null,
              "code": "cy.get('#board-size').clear().type(4);\ncy.get('#generate-board').click();\ncy.get('.pixel').should('have.length', 25);",
              "err": {
                "message": "CypressError: Timed out retrying: Expected to find element: '#board-size', but never found it.",
                "estack": "CypressError: Timed out retrying: Expected to find element: '#board-size', but never found it.\n    at cypressErr (http://localhost:42575/__cypress/runner/cypress_runner.js:149934:9)\n    at throwErr (http://localhost:42575/__cypress/runner/cypress_runner.js:149867:11)\n    at Object.throwErrByPath (http://localhost:42575/__cypress/runner/cypress_runner.js:149915:3)\n    at retry (http://localhost:42575/__cypress/runner/cypress_runner.js:144197:19)\n    at onFailFn (http://localhost:42575/__cypress/runner/cypress_runner.js:132448:16)\n    at tryCatcher (http://localhost:42575/__cypress/runner/cypress_runner.js:167415:23)\n    at Promise._settlePromiseFromHandler (http://localhost:42575/__cypress/runner/cypress_runner.js:165351:31)\n    at Promise._settlePromise (http://localhost:42575/__cypress/runner/cypress_runner.js:165408:18)\n    at Promise._settlePromise0 (http://localhost:42575/__cypress/runner/cypress_runner.js:165453:10)\n    at Promise._settlePromises (http://localhost:42575/__cypress/runner/cypress_runner.js:165528:18)\n    at Async../node_modules/bluebird/js/release/async.js.Async._drainQueue (http://localhost:42575/__cypress/runner/cypress_runner.js:162140:16)\n    at Async../node_modules/bluebird/js/release/async.js.Async._drainQueues (http://localhost:42575/__cypress/runner/cypress_runner.js:162150:10)\n    at Async.drainQueues (http://localhost:42575/__cypress/runner/cypress_runner.js:162024:14)",
                "diff": null
              },
              "uuid": "ae65ab51-1515-440d-87be-a1afbe345d07",
              "parentUUID": "1ec83a38-582b-4780-90b6-20bd5047fb24",
              "isHook": false,
              "skipped": false
            },
            {
              "title": "Verifica se a altura do board é 50 quando um valor maior é colocado no input",
              "fullTitle": "11 - Limite o tamanho mínimo e máximo do board. Verifica se a altura do board é 50 quando um valor maior é colocado no input",
              "timedOut": null,
              "duration": 4737,
              "state": "failed",
              "speed": null,
              "pass": false,
              "fail": true,
              "pending": false,
              "context": null,
              "code": "cy.get('#board-size').clear().type(51);\ncy.get('#generate-board').click();\ncy.get('.pixel').should('have.length', 2500);",
              "err": {
                "message": "CypressError: Timed out retrying: Expected to find element: '#board-size', but never found it.",
                "estack": "CypressError: Timed out retrying: Expected to find element: '#board-size', but never found it.\n    at cypressErr (http://localhost:42575/__cypress/runner/cypress_runner.js:149934:9)\n    at throwErr (http://localhost:42575/__cypress/runner/cypress_runner.js:149867:11)\n    at Object.throwErrByPath (http://localhost:42575/__cypress/runner/cypress_runner.js:149915:3)\n    at retry (http://localhost:42575/__cypress/runner/cypress_runner.js:144197:19)\n    at onFailFn (http://localhost:42575/__cypress/runner/cypress_runner.js:132448:16)\n    at tryCatcher (http://localhost:42575/__cypress/runner/cypress_runner.js:167415:23)\n    at Promise._settlePromiseFromHandler (http://localhost:42575/__cypress/runner/cypress_runner.js:165351:31)\n    at Promise._settlePromise (http://localhost:42575/__cypress/runner/cypress_runner.js:165408:18)\n    at Promise._settlePromise0 (http://localhost:42575/__cypress/runner/cypress_runner.js:165453:10)\n    at Promise._settlePromises (http://localhost:42575/__cypress/runner/cypress_runner.js:165528:18)\n    at Async../node_modules/bluebird/js/release/async.js.Async._drainQueue (http://localhost:42575/__cypress/runner/cypress_runner.js:162140:16)\n    at Async../node_modules/bluebird/js/release/async.js.Async._drainQueues (http://localhost:42575/__cypress/runner/cypress_runner.js:162150:10)\n    at Async.drainQueues (http://localhost:42575/__cypress/runner/cypress_runner.js:162024:14)",
                "diff": null
              },
              "uuid": "23c4157e-6570-4d16-a647-609eb67a1bbb",
              "parentUUID": "1ec83a38-582b-4780-90b6-20bd5047fb24",
              "isHook": false,
              "skipped": false
            }
          ],
          "suites": [],
          "passes": [],
          "failures": [
            "52f65269-84d8-4200-91a1-ee937c0e6f9f",
            "ae65ab51-1515-440d-87be-a1afbe345d07",
            "23c4157e-6570-4d16-a647-609eb67a1bbb"
          ],
          "pending": [],
          "skipped": [],
          "duration": 14215,
          "root": false,
          "rootEmpty": false,
          "_timeout": 2000
        },
        {
          "uuid": "f14e79d1-704e-4922-bad2-b1d6abb9268b",
          "title": "12 - Faça com que as cores da paleta sejam geradas aleatoriamente ao carregar a página.",
          "fullFile": "",
          "file": "",
          "beforeHooks": [],
          "afterHooks": [],
          "tests": [
            {
              "title": "Verifica se as cores geradas na paleta são diferentes a cada carregamento da página",
              "fullTitle": "12 - Faça com que as cores da paleta sejam geradas aleatoriamente ao carregar a página. Verifica se as cores geradas na paleta são diferentes a cada carregamento da página",
              "timedOut": null,
              "duration": 1105,
              "state": "failed",
              "speed": null,
              "pass": false,
              "fail": true,
              "pending": false,
              "context": null,
              "code": "cy.get('.color').then(function (colors) {\n  var currentColors;\n  var previousColors;\n  previousColors = Array.from(colors).map(function (color) {\n    return Cypress.$(color).css('background-color');\n  });\n  for (var i = 0; i < 5; i += 1) {\n    cy.reload();\n    cy.get('.color').then(function (colors) {\n      currentColors = Array.from(colors).map(function (color) {\n        return Cypress.$(color).css('background-color');\n      });\n      expect(currentColors).not.to.deep.equal(previousColors);\n      previousColors = currentColors;\n    });\n  }\n});",
              "err": {
                "message": "AssertionError: expected [ Array(4) ] to not deeply equal [ Array(4) ]",
                "estack": "AssertionError: expected [ Array(4) ] to not deeply equal [ Array(4) ]\n    at getRet (http://localhost:42575/__cypress/runner/cypress_runner.js:136585:16)\n    at tryCatcher (http://localhost:42575/__cypress/runner/cypress_runner.js:167415:23)\n    at Function.Promise.attempt.Promise.try (http://localhost:42575/__cypress/runner/cypress_runner.js:164690:29)\n    at Context.thenFn (http://localhost:42575/__cypress/runner/cypress_runner.js:136599:23)\n    at Context.then (http://localhost:42575/__cypress/runner/cypress_runner.js:136971:21)\n    at Context.<anonymous> (http://localhost:42575/__cypress/runner/cypress_runner.js:148875:21)\n    at http://localhost:42575/__cypress/runner/cypress_runner.js:148351:33\n    at tryCatcher (http://localhost:42575/__cypress/runner/cypress_runner.js:167415:23)\n    at Promise._settlePromiseFromHandler (http://localhost:42575/__cypress/runner/cypress_runner.js:165351:31)\n    at Promise._settlePromise (http://localhost:42575/__cypress/runner/cypress_runner.js:165408:18)\n    at Promise._settlePromiseCtx (http://localhost:42575/__cypress/runner/cypress_runner.js:165445:10)\n    at Async../node_modules/bluebird/js/release/async.js.Async._drainQueue (http://localhost:42575/__cypress/runner/cypress_runner.js:162145:12)\n    at Async../node_modules/bluebird/js/release/async.js.Async._drainQueues (http://localhost:42575/__cypress/runner/cypress_runner.js:162150:10)\n    at Async.drainQueues (http://localhost:42575/__cypress/runner/cypress_runner.js:162024:14)",
                "diff": ""
              },
              "uuid": "eafb7438-2741-4d7d-a92e-fd24374167d9",
              "parentUUID": "f14e79d1-704e-4922-bad2-b1d6abb9268b",
              "isHook": false,
              "skipped": false
            },
            {
              "title": "Verifica se a cor preta ainda está presente e é a primeira na sua paleta de cores",
              "fullTitle": "12 - Faça com que as cores da paleta sejam geradas aleatoriamente ao carregar a página. Verifica se a cor preta ainda está presente e é a primeira na sua paleta de cores",
              "timedOut": null,
              "duration": 813,
              "state": "failed",
              "speed": null,
              "pass": false,
              "fail": true,
              "pending": false,
              "context": null,
              "code": "cy.get('.color').then(function (colors) {\n  var currentColors;\n  var previousColors;\n  previousColors = Array.from(colors).map(function (color) {\n    return Cypress.$(color).css('background-color');\n  });\n  expect(previousColors[0]).to.eq(BLACK);\n  for (var i = 0; i < 5; i += 1) {\n    cy.reload();\n    cy.get('.color').then(function (colors) {\n      currentColors = Array.from(colors).map(function (color) {\n        return Cypress.$(color).css('background-color');\n      });\n      expect(currentColors[0]).to.eq(BLACK);\n      expect(currentColors).not.to.deep.equal(previousColors);\n      previousColors = currentColors;\n    });\n  }\n});",
              "err": {
                "message": "AssertionError: expected [ Array(4) ] to not deeply equal [ Array(4) ]",
                "estack": "AssertionError: expected [ Array(4) ] to not deeply equal [ Array(4) ]\n    at getRet (http://localhost:42575/__cypress/runner/cypress_runner.js:136585:16)\n    at tryCatcher (http://localhost:42575/__cypress/runner/cypress_runner.js:167415:23)\n    at Function.Promise.attempt.Promise.try (http://localhost:42575/__cypress/runner/cypress_runner.js:164690:29)\n    at Context.thenFn (http://localhost:42575/__cypress/runner/cypress_runner.js:136599:23)\n    at Context.then (http://localhost:42575/__cypress/runner/cypress_runner.js:136971:21)\n    at Context.<anonymous> (http://localhost:42575/__cypress/runner/cypress_runner.js:148875:21)\n    at http://localhost:42575/__cypress/runner/cypress_runner.js:148351:33\n    at tryCatcher (http://localhost:42575/__cypress/runner/cypress_runner.js:167415:23)\n    at Promise._settlePromiseFromHandler (http://localhost:42575/__cypress/runner/cypress_runner.js:165351:31)\n    at Promise._settlePromise (http://localhost:42575/__cypress/runner/cypress_runner.js:165408:18)\n    at Promise._settlePromiseCtx (http://localhost:42575/__cypress/runner/cypress_runner.js:165445:10)\n    at Async../node_modules/bluebird/js/release/async.js.Async._drainQueue (http://localhost:42575/__cypress/runner/cypress_runner.js:162145:12)\n    at Async../node_modules/bluebird/js/release/async.js.Async._drainQueues (http://localhost:42575/__cypress/runner/cypress_runner.js:162150:10)\n    at Async.drainQueues (http://localhost:42575/__cypress/runner/cypress_runner.js:162024:14)",
                "diff": ""
              },
              "uuid": "68497aa4-cbb3-4ace-bcfe-939e076b9fdb",
              "parentUUID": "f14e79d1-704e-4922-bad2-b1d6abb9268b",
              "isHook": false,
              "skipped": false
            }
          ],
          "suites": [],
          "passes": [],
          "failures": [
            "eafb7438-2741-4d7d-a92e-fd24374167d9",
            "68497aa4-cbb3-4ace-bcfe-939e076b9fdb"
          ],
          "pending": [],
          "skipped": [],
          "duration": 1918,
          "root": false,
          "rootEmpty": false,
          "_timeout": 2000
        }
      ],
      "passes": [],
      "failures": [],
      "pending": [],
      "skipped": [],
      "duration": 0,
      "root": true,
      "rootEmpty": true,
      "_timeout": 2000
    }
  ],
  "meta": {
    "mocha": {
      "version": "7.0.1"
    },
    "mochawesome": {
      "options": {
        "quiet": false,
        "reportFilename": "mochawesome",
        "saveHtml": false,
        "saveJson": true,
        "consoleReporter": "spec",
        "useInlineDiffs": false
      },
      "version": "4.1.0"
    },
    "marge": {
      "options": {
        "id": "default",
        "reportDir": "cypress/reports",
        "overwrite": true,
        "html": false,
        "json": true
      },
      "version": "4.1.0"
    }
  }
}