{
  "stats": {
    "suites": 12,
    "tests": 41,
    "passes": 25,
    "pending": 0,
    "failures": 16,
    "start": "2021-07-09T15:37:46.176Z",
    "end": "2021-07-09T15:39:24.117Z",
    "duration": 97941,
    "testsRegistered": 41,
    "passPercent": 60.97560975609756,
    "pendingPercent": 0,
    "other": 0,
    "hasOther": false,
    "skipped": 0,
    "hasSkipped": false
  },
  "results": [
    {
      "uuid": "f3c9ecdd-0025-40a5-b1bf-50f7ed942012",
      "title": "",
      "fullFile": "cypress/integration/project.spec.js",
      "file": "cypress/integration/project.spec.js",
      "beforeHooks": [],
      "afterHooks": [],
      "tests": [],
      "suites": [
        {
          "uuid": "94103b71-ee73-4646-b906-7ee04f2d2895",
          "title": "1 - Adicione à página o título \"Paleta de Cores\".",
          "fullFile": "",
          "file": "",
          "beforeHooks": [],
          "afterHooks": [],
          "tests": [
            {
              "title": "Verifica se contém um elemento `h1` com o id `title` com o título correto",
              "fullTitle": "1 - Adicione à página o título \"Paleta de Cores\". Verifica se contém um elemento `h1` com o id `title` com o título correto",
              "timedOut": null,
              "duration": 186,
              "state": "passed",
              "speed": "slow",
              "pass": true,
              "fail": false,
              "pending": false,
              "context": null,
              "code": "cy.get('h1#title').should('contain.text', 'Paleta de Cores');",
              "err": {},
              "uuid": "dd64b3d3-5850-470b-80b5-ebed53714713",
              "parentUUID": "94103b71-ee73-4646-b906-7ee04f2d2895",
              "isHook": false,
              "skipped": false
            }
          ],
          "suites": [],
          "passes": [
            "dd64b3d3-5850-470b-80b5-ebed53714713"
          ],
          "failures": [],
          "pending": [],
          "skipped": [],
          "duration": 186,
          "root": false,
          "rootEmpty": false,
          "_timeout": 2000
        },
        {
          "uuid": "f90d1b1e-51b9-4dbe-97c8-c447fba51ec5",
          "title": "2 - Adicione à página uma paleta de quatro cores distintas.",
          "fullFile": "",
          "file": "",
          "beforeHooks": [],
          "afterHooks": [],
          "tests": [
            {
              "title": "A paleta de cores deve ser um elemento com `id` denominado `color-palette`",
              "fullTitle": "2 - Adicione à página uma paleta de quatro cores distintas. A paleta de cores deve ser um elemento com `id` denominado `color-palette`",
              "timedOut": null,
              "duration": 101,
              "state": "passed",
              "speed": "slow",
              "pass": true,
              "fail": false,
              "pending": false,
              "context": null,
              "code": "cy.get('#color-palette').should('be.visible');",
              "err": {},
              "uuid": "6c84daa2-b887-430a-b06d-4abfa19ca48b",
              "parentUUID": "f90d1b1e-51b9-4dbe-97c8-c447fba51ec5",
              "isHook": false,
              "skipped": false
            },
            {
              "title": "Verifica se cada cor individual da paleta de cores possui a `classe` chamada `color`.",
              "fullTitle": "2 - Adicione à página uma paleta de quatro cores distintas. Verifica se cada cor individual da paleta de cores possui a `classe` chamada `color`.",
              "timedOut": null,
              "duration": 118,
              "state": "passed",
              "speed": "slow",
              "pass": true,
              "fail": false,
              "pending": false,
              "context": null,
              "code": "cy.get('.color').should('have.length', 4).then(function (colors) {\n  for (var i = 0; i < colors.length; i++) {\n    cy.wrap(colors[i]).should('be.visible');\n  }\n});",
              "err": {},
              "uuid": "36848eb1-5317-4700-8a48-47bcc536a23c",
              "parentUUID": "f90d1b1e-51b9-4dbe-97c8-c447fba51ec5",
              "isHook": false,
              "skipped": false
            },
            {
              "title": "Verifica se a cor de fundo de cada elemento da paleta é a cor que o elemento representa. **A única cor não permitida na paleta é a cor branca.**",
              "fullTitle": "2 - Adicione à página uma paleta de quatro cores distintas. Verifica se a cor de fundo de cada elemento da paleta é a cor que o elemento representa. **A única cor não permitida na paleta é a cor branca.**",
              "timedOut": null,
              "duration": 210,
              "state": "passed",
              "speed": "slow",
              "pass": true,
              "fail": false,
              "pending": false,
              "context": null,
              "code": "cy.get('.color').each(function (color) {\n  cy.wrap(color).should('have.class', 'color').and('not.have.css', 'background-color', WHITE);\n  cy.wrap(color).should('have.css', 'background-color');\n});",
              "err": {},
              "uuid": "3ab0e919-bbbd-41e7-b6ae-d97b305fae66",
              "parentUUID": "f90d1b1e-51b9-4dbe-97c8-c447fba51ec5",
              "isHook": false,
              "skipped": false
            },
            {
              "title": "Verifica se cada elemento da paleta de cores tem uma borda preta, sólida e com 1 pixel de largura;",
              "fullTitle": "2 - Adicione à página uma paleta de quatro cores distintas. Verifica se cada elemento da paleta de cores tem uma borda preta, sólida e com 1 pixel de largura;",
              "timedOut": null,
              "duration": 126,
              "state": "passed",
              "speed": "slow",
              "pass": true,
              "fail": false,
              "pending": false,
              "context": null,
              "code": "cy.get('.color').each(function (color) {\n  cy.wrap(color).and('have.css', 'border', \"1px solid \".concat(BLACK)).and('have.class', 'color');\n});",
              "err": {},
              "uuid": "dc4744e1-d8b2-4283-b5cc-bd930930275f",
              "parentUUID": "f90d1b1e-51b9-4dbe-97c8-c447fba51ec5",
              "isHook": false,
              "skipped": false
            },
            {
              "title": "Verifica se a paleta lista todas as cores disponíveis para utilização, lado a lado.",
              "fullTitle": "2 - Adicione à página uma paleta de quatro cores distintas. Verifica se a paleta lista todas as cores disponíveis para utilização, lado a lado.",
              "timedOut": null,
              "duration": 132,
              "state": "passed",
              "speed": "slow",
              "pass": true,
              "fail": false,
              "pending": false,
              "context": null,
              "code": "cy.get('.color').then(function (colors) {\n  for (var index = 1; index < colors.length; index += 1) {\n    var currentColor = colors[index];\n    var previousColor = colors[index - 1];\n    cy.wrap(currentColor).should('be.onTheRightOf', previousColor).and('be.horizontallyAlignedWith', previousColor);\n  }\n});",
              "err": {},
              "uuid": "33e14a7d-8eb8-49a4-9a8a-1d22f389c27c",
              "parentUUID": "f90d1b1e-51b9-4dbe-97c8-c447fba51ec5",
              "isHook": false,
              "skipped": false
            },
            {
              "title": "Verifica se a paleta de cores está posicionada abaixo do título 'Paleta de Cores'",
              "fullTitle": "2 - Adicione à página uma paleta de quatro cores distintas. Verifica se a paleta de cores está posicionada abaixo do título 'Paleta de Cores'",
              "timedOut": null,
              "duration": 84,
              "state": "passed",
              "speed": "slow",
              "pass": true,
              "fail": false,
              "pending": false,
              "context": null,
              "code": "cy.get('h1#title').then(function (title) {\n  cy.get('#color-palette').should('be.belowOf', title);\n});",
              "err": {},
              "uuid": "39f0cb7a-b006-48a0-9a89-0e4bb5448856",
              "parentUUID": "f90d1b1e-51b9-4dbe-97c8-c447fba51ec5",
              "isHook": false,
              "skipped": false
            },
            {
              "title": "Verifica se a paleta de cores não contém cores repetidas.",
              "fullTitle": "2 - Adicione à página uma paleta de quatro cores distintas. Verifica se a paleta de cores não contém cores repetidas.",
              "timedOut": null,
              "duration": 109,
              "state": "passed",
              "speed": "slow",
              "pass": true,
              "fail": false,
              "pending": false,
              "context": null,
              "code": "cy.get('.color').then(function (colors) {\n  var allColors = Array.from(colors).map(function (color) {\n    return Cypress.$(color).css('background-color');\n  });\n  cy.log(allColors);\n  var uniqColors = (0, _toConsumableArray2[\"default\"])(new Set(allColors));\n  cy.log(uniqColors);\n  expect(allColors.length).to.eq(uniqColors.length);\n});",
              "err": {},
              "uuid": "9a8e3408-c57b-4c08-9bc9-9fd0940632ea",
              "parentUUID": "f90d1b1e-51b9-4dbe-97c8-c447fba51ec5",
              "isHook": false,
              "skipped": false
            }
          ],
          "suites": [],
          "passes": [
            "6c84daa2-b887-430a-b06d-4abfa19ca48b",
            "36848eb1-5317-4700-8a48-47bcc536a23c",
            "3ab0e919-bbbd-41e7-b6ae-d97b305fae66",
            "dc4744e1-d8b2-4283-b5cc-bd930930275f",
            "33e14a7d-8eb8-49a4-9a8a-1d22f389c27c",
            "39f0cb7a-b006-48a0-9a89-0e4bb5448856",
            "9a8e3408-c57b-4c08-9bc9-9fd0940632ea"
          ],
          "failures": [],
          "pending": [],
          "skipped": [],
          "duration": 880,
          "root": false,
          "rootEmpty": false,
          "_timeout": 2000
        },
        {
          "uuid": "860dcb71-b2fd-49ee-9eb0-57a9512e698a",
          "title": "3 - Adicione a cor **preta** como a primeira cor da paleta de cores.",
          "fullFile": "",
          "file": "",
          "beforeHooks": [],
          "afterHooks": [],
          "tests": [
            {
              "title": "Verifica se a primeira cor da paleta é preta",
              "fullTitle": "3 - Adicione a cor **preta** como a primeira cor da paleta de cores. Verifica se a primeira cor da paleta é preta",
              "timedOut": null,
              "duration": 101,
              "state": "passed",
              "speed": "slow",
              "pass": true,
              "fail": false,
              "pending": false,
              "context": null,
              "code": "cy.get('.color').first().should('have.css', 'background-color', BLACK);",
              "err": {},
              "uuid": "2f4125c8-049c-4746-b5d1-fac0d566d57f",
              "parentUUID": "860dcb71-b2fd-49ee-9eb0-57a9512e698a",
              "isHook": false,
              "skipped": false
            },
            {
              "title": "Verifica se as demais cores podem ser escolhidas livremente.",
              "fullTitle": "3 - Adicione a cor **preta** como a primeira cor da paleta de cores. Verifica se as demais cores podem ser escolhidas livremente.",
              "timedOut": null,
              "duration": 163,
              "state": "passed",
              "speed": "slow",
              "pass": true,
              "fail": false,
              "pending": false,
              "context": null,
              "code": "cy.get('.color').eq(1).should('not.have.css', 'background-color', BLACK);\ncy.get('.color').eq(1).should('not.have.css', 'background-color', WHITE);\ncy.get('.color').eq(1).should('not.have.css', 'background-color', 'rgba(0, 0, 0, 0)');\ncy.get('.color').eq(1).should('have.css', 'background-color');\ncy.get('.color').eq(2).should('not.have.css', 'background-color', BLACK);\ncy.get('.color').eq(2).should('not.have.css', 'background-color', WHITE);\ncy.get('.color').eq(2).should('not.have.css', 'background-color', 'rgba(0, 0, 0, 0)');\ncy.get('.color').eq(2).should('have.css', 'background-color');\ncy.get('.color').eq(3).should('not.have.css', 'background-color', BLACK);\ncy.get('.color').eq(3).should('not.have.css', 'background-color', WHITE);\ncy.get('.color').eq(3).should('not.have.css', 'background-color', 'rgba(0, 0, 0, 0)');\ncy.get('.color').eq(3).should('have.css', 'background-color');",
              "err": {},
              "uuid": "4b7d7f9f-2665-4e35-b8d4-9dd7e7b9de1c",
              "parentUUID": "860dcb71-b2fd-49ee-9eb0-57a9512e698a",
              "isHook": false,
              "skipped": false
            }
          ],
          "suites": [],
          "passes": [
            "2f4125c8-049c-4746-b5d1-fac0d566d57f",
            "4b7d7f9f-2665-4e35-b8d4-9dd7e7b9de1c"
          ],
          "failures": [],
          "pending": [],
          "skipped": [],
          "duration": 264,
          "root": false,
          "rootEmpty": false,
          "_timeout": 2000
        },
        {
          "uuid": "fddab3d7-18c9-4f55-b932-6e07d807d1a6",
          "title": "4 - Adicione à página um quadro de pixels, com 25 pixels.",
          "fullFile": "",
          "file": "",
          "beforeHooks": [],
          "afterHooks": [],
          "tests": [
            {
              "title": "Verifica se o quadro de pixels possui o `id` denominado `pixel-board`",
              "fullTitle": "4 - Adicione à página um quadro de pixels, com 25 pixels. Verifica se o quadro de pixels possui o `id` denominado `pixel-board`",
              "timedOut": null,
              "duration": 91,
              "state": "passed",
              "speed": "slow",
              "pass": true,
              "fail": false,
              "pending": false,
              "context": null,
              "code": "cy.get('#pixel-board').should('be.visible');",
              "err": {},
              "uuid": "1ddcd85e-8894-4baa-917f-eaafde4b88dc",
              "parentUUID": "fddab3d7-18c9-4f55-b932-6e07d807d1a6",
              "isHook": false,
              "skipped": false
            },
            {
              "title": "Verifica se cada pixel individual dentro do quadro possui a `classe` denominada `pixel`.",
              "fullTitle": "4 - Adicione à página um quadro de pixels, com 25 pixels. Verifica se cada pixel individual dentro do quadro possui a `classe` denominada `pixel`.",
              "timedOut": null,
              "duration": 101,
              "state": "passed",
              "speed": "slow",
              "pass": true,
              "fail": false,
              "pending": false,
              "context": null,
              "code": "cy.get('.pixel').should('have.length', 25);",
              "err": {},
              "uuid": "c86d3a1a-3754-4e4c-adc3-fe48b55fb7b2",
              "parentUUID": "fddab3d7-18c9-4f55-b932-6e07d807d1a6",
              "isHook": false,
              "skipped": false
            },
            {
              "title": "Verifica se a cor inicial dos pixels dentro do quadro, ao abrir a página, é branca.",
              "fullTitle": "4 - Adicione à página um quadro de pixels, com 25 pixels. Verifica se a cor inicial dos pixels dentro do quadro, ao abrir a página, é branca.",
              "timedOut": null,
              "duration": 181,
              "state": "passed",
              "speed": "slow",
              "pass": true,
              "fail": false,
              "pending": false,
              "context": null,
              "code": "cy.get('.pixel').should('have.length', 25).each(function (pixel) {\n  expect(pixel).to.have.css('background-color', WHITE);\n});",
              "err": {},
              "uuid": "08e70e33-c158-4714-b7f8-f0f49b1774a9",
              "parentUUID": "fddab3d7-18c9-4f55-b932-6e07d807d1a6",
              "isHook": false,
              "skipped": false
            },
            {
              "title": "Verifica se o quadro de pixels aparece abaixo da paleta de cores",
              "fullTitle": "4 - Adicione à página um quadro de pixels, com 25 pixels. Verifica se o quadro de pixels aparece abaixo da paleta de cores",
              "timedOut": null,
              "duration": 106,
              "state": "passed",
              "speed": "slow",
              "pass": true,
              "fail": false,
              "pending": false,
              "context": null,
              "code": "cy.get('#color-palette').then(function (palette) {\n  cy.get('#pixel-board').should('be.belowOf', palette);\n});",
              "err": {},
              "uuid": "991e3773-5368-4701-bb19-757d312f6feb",
              "parentUUID": "fddab3d7-18c9-4f55-b932-6e07d807d1a6",
              "isHook": false,
              "skipped": false
            }
          ],
          "suites": [],
          "passes": [
            "1ddcd85e-8894-4baa-917f-eaafde4b88dc",
            "c86d3a1a-3754-4e4c-adc3-fe48b55fb7b2",
            "08e70e33-c158-4714-b7f8-f0f49b1774a9",
            "991e3773-5368-4701-bb19-757d312f6feb"
          ],
          "failures": [],
          "pending": [],
          "skipped": [],
          "duration": 479,
          "root": false,
          "rootEmpty": false,
          "_timeout": 2000
        },
        {
          "uuid": "2a7cd0fc-99ee-4778-bcaa-1075201dad4b",
          "title": "5 - Faça com que cada elemento do quadro de pixels possua 40 pixels de largura, 40 pixels de altura e seja delimitado por uma borda preta de 1 pixel.",
          "fullFile": "",
          "file": "",
          "beforeHooks": [],
          "afterHooks": [],
          "tests": [
            {
              "title": "Verifica se o quadro de pixels tem altura e comprimento de 5 elementos",
              "fullTitle": "5 - Faça com que cada elemento do quadro de pixels possua 40 pixels de largura, 40 pixels de altura e seja delimitado por uma borda preta de 1 pixel. Verifica se o quadro de pixels tem altura e comprimento de 5 elementos",
              "timedOut": null,
              "duration": 425,
              "state": "passed",
              "speed": "slow",
              "pass": true,
              "fail": false,
              "pending": false,
              "context": null,
              "code": "cy.get('.pixel').should('have.length', 25).each(function (pixel) {\n  expect(pixel).to.have.css('background-color', WHITE);\n}).and(function (pixels) {\n  var rows = chunk(pixels, 5);\n  rows.forEach(function (row) {\n    for (var index = 1; index < row.length; index += 1) {\n      var current = pixels[index];\n      var previous = pixels[index - 1];\n      cy.wrap(current).should('be.onTheRightOf', previous).and('be.horizontallyAlignedWith', previous);\n    }\n  });\n  for (var index = 1; index < 5; index += 1) {\n    expect(pixels[index * 5]).to.be.belowOf(pixels[(index - 1) * 5]);\n  }\n});",
              "err": {},
              "uuid": "a60078e6-1f91-415d-84f7-e1a4ef331a02",
              "parentUUID": "2a7cd0fc-99ee-4778-bcaa-1075201dad4b",
              "isHook": false,
              "skipped": false
            },
            {
              "title": "Verifica se 40 pixels é o tamanho total do elemento, incluindo seu conteúdo e excluindo a borda preta, que deve ser criada à parte.",
              "fullTitle": "5 - Faça com que cada elemento do quadro de pixels possua 40 pixels de largura, 40 pixels de altura e seja delimitado por uma borda preta de 1 pixel. Verifica se 40 pixels é o tamanho total do elemento, incluindo seu conteúdo e excluindo a borda preta, que deve ser criada à parte.",
              "timedOut": null,
              "duration": 216,
              "state": "passed",
              "speed": "slow",
              "pass": true,
              "fail": false,
              "pending": false,
              "context": null,
              "code": "cy.get('.pixel').each(function (pixel) {\n  cy.wrap(pixel).should('have.css', 'height', '40px').and('have.css', 'width', '40px').and('have.css', 'border', \"1px solid \".concat(BLACK));\n});",
              "err": {},
              "uuid": "95d4a7b9-3c59-4ff8-aa49-bf967e96b9c9",
              "parentUUID": "2a7cd0fc-99ee-4778-bcaa-1075201dad4b",
              "isHook": false,
              "skipped": false
            }
          ],
          "suites": [],
          "passes": [
            "a60078e6-1f91-415d-84f7-e1a4ef331a02",
            "95d4a7b9-3c59-4ff8-aa49-bf967e96b9c9"
          ],
          "failures": [],
          "pending": [],
          "skipped": [],
          "duration": 641,
          "root": false,
          "rootEmpty": false,
          "_timeout": 2000
        },
        {
          "uuid": "fe34de96-c557-474c-9b6d-ea47bef6fd1a",
          "title": "6 - Defina a cor preta como cor inicial. Ao carregar a página a cor preta já deve estar selecionada para pintar os pixels",
          "fullFile": "",
          "file": "",
          "beforeHooks": [],
          "afterHooks": [],
          "tests": [
            {
              "title": "Verifica se o elemento da cor preta possui, inicialmente, a `classe` `selected`",
              "fullTitle": "6 - Defina a cor preta como cor inicial. Ao carregar a página a cor preta já deve estar selecionada para pintar os pixels Verifica se o elemento da cor preta possui, inicialmente, a `classe` `selected`",
              "timedOut": null,
              "duration": 70,
              "state": "passed",
              "speed": "medium",
              "pass": true,
              "fail": false,
              "pending": false,
              "context": null,
              "code": "cy.get('.selected').first().should('have.css', 'background-color', BLACK);",
              "err": {},
              "uuid": "67313d04-43af-4152-8bae-956f333a9cee",
              "parentUUID": "fe34de96-c557-474c-9b6d-ea47bef6fd1a",
              "isHook": false,
              "skipped": false
            },
            {
              "title": "Verifica se nenhuma outra cor da paleta tem a `classe` `selected`",
              "fullTitle": "6 - Defina a cor preta como cor inicial. Ao carregar a página a cor preta já deve estar selecionada para pintar os pixels Verifica se nenhuma outra cor da paleta tem a `classe` `selected`",
              "timedOut": null,
              "duration": 85,
              "state": "passed",
              "speed": "slow",
              "pass": true,
              "fail": false,
              "pending": false,
              "context": null,
              "code": "cy.get('.color:not(:first-child)').each(function (color) {\n  cy.wrap(color).should('not.have.class', 'selected');\n});",
              "err": {},
              "uuid": "65bf47b0-1428-4be8-9d5d-7f5ffd6388a6",
              "parentUUID": "fe34de96-c557-474c-9b6d-ea47bef6fd1a",
              "isHook": false,
              "skipped": false
            }
          ],
          "suites": [],
          "passes": [
            "67313d04-43af-4152-8bae-956f333a9cee",
            "65bf47b0-1428-4be8-9d5d-7f5ffd6388a6"
          ],
          "failures": [],
          "pending": [],
          "skipped": [],
          "duration": 155,
          "root": false,
          "rootEmpty": false,
          "_timeout": 2000
        },
        {
          "uuid": "96cf01d8-343c-4cad-9930-02ac221369a7",
          "title": "7 - Clicar em uma das cores da paleta, faz com que ela seja selecionada e utilizada para preencher os pixels no quadro.",
          "fullFile": "",
          "file": "",
          "beforeHooks": [],
          "afterHooks": [],
          "tests": [
            {
              "title": "Verifica se somente uma cor da paleta de cores tem a classe `selected` de cada vez",
              "fullTitle": "7 - Clicar em uma das cores da paleta, faz com que ela seja selecionada e utilizada para preencher os pixels no quadro. Verifica se somente uma cor da paleta de cores tem a classe `selected` de cada vez",
              "timedOut": null,
              "duration": 484,
              "state": "passed",
              "speed": "slow",
              "pass": true,
              "fail": false,
              "pending": false,
              "context": null,
              "code": "cy.get('.color').each(function (selectedColor, selectedColorIndex) {\n  cy.wrap(selectedColor).click();\n  cy.get('.color').each(function (color, colorIndex) {\n    if (colorIndex === selectedColorIndex) {\n      expect(color).to.have[\"class\"]('selected');\n    } else {\n      expect(color).not.to.have[\"class\"]('selected');\n    }\n  });\n});",
              "err": {},
              "uuid": "8ba24577-267d-47b0-a0ca-824e20bc2ac8",
              "parentUUID": "96cf01d8-343c-4cad-9930-02ac221369a7",
              "isHook": false,
              "skipped": false
            },
            {
              "title": "Verifica se os pixels dentro do quadro não têm a classe `selected` quando são clicados",
              "fullTitle": "7 - Clicar em uma das cores da paleta, faz com que ela seja selecionada e utilizada para preencher os pixels no quadro. Verifica se os pixels dentro do quadro não têm a classe `selected` quando são clicados",
              "timedOut": null,
              "duration": 8343,
              "state": "passed",
              "speed": "slow",
              "pass": true,
              "fail": false,
              "pending": false,
              "context": null,
              "code": "cy.get('.color').each(function (color) {\n  var backgroundColor = color.css('background-color');\n  cy.wrap(color).click();\n  cy.get('.pixel').each(function (pixel) {\n    cy.wrap(pixel).click().should('not.have.class', 'selected');\n  });\n});",
              "err": {},
              "uuid": "e1b3ea13-5628-41d2-86d8-6666d927bdf2",
              "parentUUID": "96cf01d8-343c-4cad-9930-02ac221369a7",
              "isHook": false,
              "skipped": false
            }
          ],
          "suites": [],
          "passes": [
            "8ba24577-267d-47b0-a0ca-824e20bc2ac8",
            "e1b3ea13-5628-41d2-86d8-6666d927bdf2"
          ],
          "failures": [],
          "pending": [],
          "skipped": [],
          "duration": 8827,
          "root": false,
          "rootEmpty": false,
          "_timeout": 2000
        },
        {
          "uuid": "64bf8902-e43b-486a-b114-def5dec5da1c",
          "title": "8 - Clicar em um pixel dentro do quadro após selecionar uma cor na paleta, faz com que o pixel seja preenchido com a cor selecionada.",
          "fullFile": "",
          "file": "",
          "beforeHooks": [],
          "afterHooks": [],
          "tests": [
            {
              "title": "Verifica se ao carregar a página deve ser possível pintar os pixels de preto",
              "fullTitle": "8 - Clicar em um pixel dentro do quadro após selecionar uma cor na paleta, faz com que o pixel seja preenchido com a cor selecionada. Verifica se ao carregar a página deve ser possível pintar os pixels de preto",
              "timedOut": null,
              "duration": 2252,
              "state": "passed",
              "speed": "slow",
              "pass": true,
              "fail": false,
              "pending": false,
              "context": null,
              "code": "cy.get('.pixel').each(function (pixel) {\n  cy.wrap(pixel).click().should('have.css', 'background-color', BLACK);\n});",
              "err": {},
              "uuid": "cfdba474-22a4-42d0-adfa-d5520a1113c8",
              "parentUUID": "64bf8902-e43b-486a-b114-def5dec5da1c",
              "isHook": false,
              "skipped": false
            },
            {
              "title": "Verifica se após selecionar uma outra cor na paleta, é possível pintar os pixels com essa cor",
              "fullTitle": "8 - Clicar em um pixel dentro do quadro após selecionar uma cor na paleta, faz com que o pixel seja preenchido com a cor selecionada. Verifica se após selecionar uma outra cor na paleta, é possível pintar os pixels com essa cor",
              "timedOut": null,
              "duration": 8241,
              "state": "passed",
              "speed": "slow",
              "pass": true,
              "fail": false,
              "pending": false,
              "context": null,
              "code": "cy.get('.color').each(function (color) {\n  var backgroundColor = color.css('background-color');\n  cy.wrap(color).click();\n  cy.get('.pixel').each(function (pixel) {\n    cy.wrap(pixel).click().should('have.css', 'background-color', backgroundColor);\n  });\n});",
              "err": {},
              "uuid": "9661246c-21d2-44c1-ad0f-70e3292c5081",
              "parentUUID": "64bf8902-e43b-486a-b114-def5dec5da1c",
              "isHook": false,
              "skipped": false
            },
            {
              "title": "Verifica se somente o pixel que foi clicado foi preenchido com a cor selecionada, sem influenciar na cor dos demais pixels.",
              "fullTitle": "8 - Clicar em um pixel dentro do quadro após selecionar uma cor na paleta, faz com que o pixel seja preenchido com a cor selecionada. Verifica se somente o pixel que foi clicado foi preenchido com a cor selecionada, sem influenciar na cor dos demais pixels.",
              "timedOut": null,
              "duration": 1209,
              "state": "passed",
              "speed": "slow",
              "pass": true,
              "fail": false,
              "pending": false,
              "context": null,
              "code": "var colorToPixelIndexMap = {\n  0: 6,\n  1: 8,\n  2: 16,\n  3: 18\n};\ncy.get('.color').each(function (color, index) {\n  cy.wrap(color).click();\n  var backgroundColor = color.css('background-color');\n  var clickedPixelIndex = colorToPixelIndexMap[index];\n  cy.get('.pixel').eq(clickedPixelIndex).click();\n  cy.get('.pixel').eq(clickedPixelIndex - 1).should('not.have.css', 'background-color', backgroundColor);\n  cy.get('.pixel').eq(clickedPixelIndex + 1).should('not.have.css', 'background-color', backgroundColor);\n  cy.get('.pixel').eq(clickedPixelIndex - 5).should('not.have.css', 'background-color', backgroundColor);\n  cy.get('.pixel').eq(clickedPixelIndex + 5).should('not.have.css', 'background-color', backgroundColor);\n  cy.get('.pixel').eq(clickedPixelIndex - 6).should('not.have.css', 'background-color', backgroundColor);\n  cy.get('.pixel').eq(clickedPixelIndex - 4).should('not.have.css', 'background-color', backgroundColor);\n  cy.get('.pixel').eq(clickedPixelIndex + 4).should('not.have.css', 'background-color', backgroundColor);\n  cy.get('.pixel').eq(clickedPixelIndex + 6).should('not.have.css', 'background-color', backgroundColor);\n});",
              "err": {},
              "uuid": "00a4da3d-04eb-4856-8d52-84c03f3a16e3",
              "parentUUID": "64bf8902-e43b-486a-b114-def5dec5da1c",
              "isHook": false,
              "skipped": false
            }
          ],
          "suites": [],
          "passes": [
            "cfdba474-22a4-42d0-adfa-d5520a1113c8",
            "9661246c-21d2-44c1-ad0f-70e3292c5081",
            "00a4da3d-04eb-4856-8d52-84c03f3a16e3"
          ],
          "failures": [],
          "pending": [],
          "skipped": [],
          "duration": 11702,
          "root": false,
          "rootEmpty": false,
          "_timeout": 2000
        },
        {
          "uuid": "63723f21-118e-425a-be44-f54e45076da0",
          "title": "9 - Crie um botão que, ao ser clicado, limpa o quadro preenchendo a cor de todos seus pixels com branco.",
          "fullFile": "",
          "file": "",
          "beforeHooks": [],
          "afterHooks": [],
          "tests": [
            {
              "title": "Verifica se o botão tem o `id` denominado `clear-board`",
              "fullTitle": "9 - Crie um botão que, ao ser clicado, limpa o quadro preenchendo a cor de todos seus pixels com branco. Verifica se o botão tem o `id` denominado `clear-board`",
              "timedOut": null,
              "duration": 4421,
              "state": "failed",
              "speed": null,
              "pass": false,
              "fail": true,
              "pending": false,
              "context": null,
              "code": "cy.get('#clear-board').should('be.visible');",
              "err": {
                "message": "CypressError: Timed out retrying: Expected to find element: '#clear-board', but never found it.",
                "estack": "CypressError: Timed out retrying: Expected to find element: '#clear-board', but never found it.\n    at cypressErr (http://localhost:57301/__cypress/runner/cypress_runner.js:149934:9)\n    at throwErr (http://localhost:57301/__cypress/runner/cypress_runner.js:149867:11)\n    at Object.throwErrByPath (http://localhost:57301/__cypress/runner/cypress_runner.js:149915:3)\n    at retry (http://localhost:57301/__cypress/runner/cypress_runner.js:144197:19)\n    at onFailFn (http://localhost:57301/__cypress/runner/cypress_runner.js:132448:16)\n    at tryCatcher (http://localhost:57301/__cypress/runner/cypress_runner.js:167415:23)\n    at Promise._settlePromiseFromHandler (http://localhost:57301/__cypress/runner/cypress_runner.js:165351:31)\n    at Promise._settlePromise (http://localhost:57301/__cypress/runner/cypress_runner.js:165408:18)\n    at Promise._settlePromise0 (http://localhost:57301/__cypress/runner/cypress_runner.js:165453:10)\n    at Promise._settlePromises (http://localhost:57301/__cypress/runner/cypress_runner.js:165528:18)\n    at Async../node_modules/bluebird/js/release/async.js.Async._drainQueue (http://localhost:57301/__cypress/runner/cypress_runner.js:162140:16)\n    at Async../node_modules/bluebird/js/release/async.js.Async._drainQueues (http://localhost:57301/__cypress/runner/cypress_runner.js:162150:10)\n    at Async.drainQueues (http://localhost:57301/__cypress/runner/cypress_runner.js:162024:14)",
                "diff": null
              },
              "uuid": "8fb22351-b122-4a65-8da0-75b8392cbc82",
              "parentUUID": "63723f21-118e-425a-be44-f54e45076da0",
              "isHook": false,
              "skipped": false
            },
            {
              "title": "Verifica se o botão está posicionado entre a paleta de cores e o quadro de pixels",
              "fullTitle": "9 - Crie um botão que, ao ser clicado, limpa o quadro preenchendo a cor de todos seus pixels com branco. Verifica se o botão está posicionado entre a paleta de cores e o quadro de pixels",
              "timedOut": null,
              "duration": 4446,
              "state": "failed",
              "speed": null,
              "pass": false,
              "fail": true,
              "pending": false,
              "context": null,
              "code": "cy.get('#color-palette').then(function (palette) {\n  cy.get('#clear-board').should('be.belowOf', palette);\n});\ncy.get('#clear-board').then(function (clearBtn) {\n  cy.get('#pixel-board').should('be.belowOf', clearBtn);\n});",
              "err": {
                "message": "CypressError: Timed out retrying: Expected to find element: '#clear-board', but never found it.",
                "estack": "CypressError: Timed out retrying: Expected to find element: '#clear-board', but never found it.\n    at cypressErr (http://localhost:57301/__cypress/runner/cypress_runner.js:149934:9)\n    at throwErr (http://localhost:57301/__cypress/runner/cypress_runner.js:149867:11)\n    at Object.throwErrByPath (http://localhost:57301/__cypress/runner/cypress_runner.js:149915:3)\n    at retry (http://localhost:57301/__cypress/runner/cypress_runner.js:144197:19)\n    at onFailFn (http://localhost:57301/__cypress/runner/cypress_runner.js:132448:16)\n    at tryCatcher (http://localhost:57301/__cypress/runner/cypress_runner.js:167415:23)\n    at Promise._settlePromiseFromHandler (http://localhost:57301/__cypress/runner/cypress_runner.js:165351:31)\n    at Promise._settlePromise (http://localhost:57301/__cypress/runner/cypress_runner.js:165408:18)\n    at Promise._settlePromise0 (http://localhost:57301/__cypress/runner/cypress_runner.js:165453:10)\n    at Promise._settlePromises (http://localhost:57301/__cypress/runner/cypress_runner.js:165528:18)\n    at Async../node_modules/bluebird/js/release/async.js.Async._drainQueue (http://localhost:57301/__cypress/runner/cypress_runner.js:162140:16)\n    at Async../node_modules/bluebird/js/release/async.js.Async._drainQueues (http://localhost:57301/__cypress/runner/cypress_runner.js:162150:10)\n    at Async.drainQueues (http://localhost:57301/__cypress/runner/cypress_runner.js:162024:14)",
                "diff": null
              },
              "uuid": "a2c4eb17-d2e3-4bf8-9ad1-f7f248f78dad",
              "parentUUID": "63723f21-118e-425a-be44-f54e45076da0",
              "isHook": false,
              "skipped": false
            },
            {
              "title": "Verifica se o texto do botão é 'Limpar'",
              "fullTitle": "9 - Crie um botão que, ao ser clicado, limpa o quadro preenchendo a cor de todos seus pixels com branco. Verifica se o texto do botão é 'Limpar'",
              "timedOut": null,
              "duration": 4410,
              "state": "failed",
              "speed": null,
              "pass": false,
              "fail": true,
              "pending": false,
              "context": null,
              "code": "cy.get('#clear-board').should('contain.text', 'Limpar');",
              "err": {
                "message": "CypressError: Timed out retrying: Expected to find element: '#clear-board', but never found it.",
                "estack": "CypressError: Timed out retrying: Expected to find element: '#clear-board', but never found it.\n    at cypressErr (http://localhost:57301/__cypress/runner/cypress_runner.js:149934:9)\n    at throwErr (http://localhost:57301/__cypress/runner/cypress_runner.js:149867:11)\n    at Object.throwErrByPath (http://localhost:57301/__cypress/runner/cypress_runner.js:149915:3)\n    at retry (http://localhost:57301/__cypress/runner/cypress_runner.js:144197:19)\n    at onFailFn (http://localhost:57301/__cypress/runner/cypress_runner.js:132448:16)\n    at tryCatcher (http://localhost:57301/__cypress/runner/cypress_runner.js:167415:23)\n    at Promise._settlePromiseFromHandler (http://localhost:57301/__cypress/runner/cypress_runner.js:165351:31)\n    at Promise._settlePromise (http://localhost:57301/__cypress/runner/cypress_runner.js:165408:18)\n    at Promise._settlePromise0 (http://localhost:57301/__cypress/runner/cypress_runner.js:165453:10)\n    at Promise._settlePromises (http://localhost:57301/__cypress/runner/cypress_runner.js:165528:18)\n    at Async../node_modules/bluebird/js/release/async.js.Async._drainQueue (http://localhost:57301/__cypress/runner/cypress_runner.js:162140:16)\n    at Async../node_modules/bluebird/js/release/async.js.Async._drainQueues (http://localhost:57301/__cypress/runner/cypress_runner.js:162150:10)\n    at Async.drainQueues (http://localhost:57301/__cypress/runner/cypress_runner.js:162024:14)",
                "diff": null
              },
              "uuid": "d6e4d19b-5bd9-4327-a49b-78fa81e00144",
              "parentUUID": "63723f21-118e-425a-be44-f54e45076da0",
              "isHook": false,
              "skipped": false
            },
            {
              "title": "Verifica se ao clicar no botão, o quadro de pixels é totalmente preenchido de branco",
              "fullTitle": "9 - Crie um botão que, ao ser clicado, limpa o quadro preenchendo a cor de todos seus pixels com branco. Verifica se ao clicar no botão, o quadro de pixels é totalmente preenchido de branco",
              "timedOut": null,
              "duration": 6520,
              "state": "failed",
              "speed": null,
              "pass": false,
              "fail": true,
              "pending": false,
              "context": null,
              "code": "cy.get('.color').eq(1).then(function (color) {\n  var backgroundColor = color.css('background-color');\n  cy.wrap(color).click();\n  cy.get('.pixel').each(function (pixel) {\n    cy.wrap(pixel).click().should('have.css', 'background-color', backgroundColor);\n  });\n});\ncy.get('#clear-board').click();\ncy.get('.pixel').each(function (pixel) {\n  cy.wrap(pixel).should('have.css', 'background-color', WHITE);\n});",
              "err": {
                "message": "CypressError: Timed out retrying: Expected to find element: '#clear-board', but never found it.",
                "estack": "CypressError: Timed out retrying: Expected to find element: '#clear-board', but never found it.\n    at cypressErr (http://localhost:57301/__cypress/runner/cypress_runner.js:149934:9)\n    at throwErr (http://localhost:57301/__cypress/runner/cypress_runner.js:149867:11)\n    at Object.throwErrByPath (http://localhost:57301/__cypress/runner/cypress_runner.js:149915:3)\n    at retry (http://localhost:57301/__cypress/runner/cypress_runner.js:144197:19)\n    at onFailFn (http://localhost:57301/__cypress/runner/cypress_runner.js:132448:16)\n    at tryCatcher (http://localhost:57301/__cypress/runner/cypress_runner.js:167415:23)\n    at Promise._settlePromiseFromHandler (http://localhost:57301/__cypress/runner/cypress_runner.js:165351:31)\n    at Promise._settlePromise (http://localhost:57301/__cypress/runner/cypress_runner.js:165408:18)\n    at Promise._settlePromise0 (http://localhost:57301/__cypress/runner/cypress_runner.js:165453:10)\n    at Promise._settlePromises (http://localhost:57301/__cypress/runner/cypress_runner.js:165528:18)\n    at Async../node_modules/bluebird/js/release/async.js.Async._drainQueue (http://localhost:57301/__cypress/runner/cypress_runner.js:162140:16)\n    at Async../node_modules/bluebird/js/release/async.js.Async._drainQueues (http://localhost:57301/__cypress/runner/cypress_runner.js:162150:10)\n    at Async.drainQueues (http://localhost:57301/__cypress/runner/cypress_runner.js:162024:14)",
                "diff": null
              },
              "uuid": "293bb48d-b0a1-4ae5-8ef5-dd80f90dfc18",
              "parentUUID": "63723f21-118e-425a-be44-f54e45076da0",
              "isHook": false,
              "skipped": false
            }
          ],
          "suites": [],
          "passes": [],
          "failures": [
            "8fb22351-b122-4a65-8da0-75b8392cbc82",
            "a2c4eb17-d2e3-4bf8-9ad1-f7f248f78dad",
            "d6e4d19b-5bd9-4327-a49b-78fa81e00144",
            "293bb48d-b0a1-4ae5-8ef5-dd80f90dfc18"
          ],
          "pending": [],
          "skipped": [],
          "duration": 19797,
          "root": false,
          "rootEmpty": false,
          "_timeout": 2000
        },
        {
          "uuid": "c6898dbe-4496-4e9a-862e-a6b1d4b60cfd",
          "title": "10 - Faça o quadro de pixels ter seu tamanho definido pelo usuário.",
          "fullFile": "",
          "file": "",
          "beforeHooks": [],
          "afterHooks": [],
          "tests": [
            {
              "title": "Verifica se existe um input com o id `board-size`",
              "fullTitle": "10 - Faça o quadro de pixels ter seu tamanho definido pelo usuário. Verifica se existe um input com o id `board-size`",
              "timedOut": null,
              "duration": 4513,
              "state": "failed",
              "speed": null,
              "pass": false,
              "fail": true,
              "pending": false,
              "context": null,
              "code": "cy.get('#board-size').should('be.visible');",
              "err": {
                "message": "CypressError: Timed out retrying: Expected to find element: '#board-size', but never found it.",
                "estack": "CypressError: Timed out retrying: Expected to find element: '#board-size', but never found it.\n    at cypressErr (http://localhost:57301/__cypress/runner/cypress_runner.js:149934:9)\n    at throwErr (http://localhost:57301/__cypress/runner/cypress_runner.js:149867:11)\n    at Object.throwErrByPath (http://localhost:57301/__cypress/runner/cypress_runner.js:149915:3)\n    at retry (http://localhost:57301/__cypress/runner/cypress_runner.js:144197:19)\n    at onFailFn (http://localhost:57301/__cypress/runner/cypress_runner.js:132448:16)\n    at tryCatcher (http://localhost:57301/__cypress/runner/cypress_runner.js:167415:23)\n    at Promise._settlePromiseFromHandler (http://localhost:57301/__cypress/runner/cypress_runner.js:165351:31)\n    at Promise._settlePromise (http://localhost:57301/__cypress/runner/cypress_runner.js:165408:18)\n    at Promise._settlePromise0 (http://localhost:57301/__cypress/runner/cypress_runner.js:165453:10)\n    at Promise._settlePromises (http://localhost:57301/__cypress/runner/cypress_runner.js:165528:18)\n    at Async../node_modules/bluebird/js/release/async.js.Async._drainQueue (http://localhost:57301/__cypress/runner/cypress_runner.js:162140:16)\n    at Async../node_modules/bluebird/js/release/async.js.Async._drainQueues (http://localhost:57301/__cypress/runner/cypress_runner.js:162150:10)\n    at Async.drainQueues (http://localhost:57301/__cypress/runner/cypress_runner.js:162024:14)",
                "diff": null
              },
              "uuid": "4d106f86-c7cc-4337-92a7-83cf5edd54ca",
              "parentUUID": "c6898dbe-4496-4e9a-862e-a6b1d4b60cfd",
              "isHook": false,
              "skipped": false
            },
            {
              "title": "Verifica se existe um botão com o id `generate-board`",
              "fullTitle": "10 - Faça o quadro de pixels ter seu tamanho definido pelo usuário. Verifica se existe um botão com o id `generate-board`",
              "timedOut": null,
              "duration": 4434,
              "state": "failed",
              "speed": null,
              "pass": false,
              "fail": true,
              "pending": false,
              "context": null,
              "code": "cy.get('#generate-board').should('be.visible');",
              "err": {
                "message": "CypressError: Timed out retrying: Expected to find element: '#generate-board', but never found it.",
                "estack": "CypressError: Timed out retrying: Expected to find element: '#generate-board', but never found it.\n    at cypressErr (http://localhost:57301/__cypress/runner/cypress_runner.js:149934:9)\n    at throwErr (http://localhost:57301/__cypress/runner/cypress_runner.js:149867:11)\n    at Object.throwErrByPath (http://localhost:57301/__cypress/runner/cypress_runner.js:149915:3)\n    at retry (http://localhost:57301/__cypress/runner/cypress_runner.js:144197:19)\n    at onFailFn (http://localhost:57301/__cypress/runner/cypress_runner.js:132448:16)\n    at tryCatcher (http://localhost:57301/__cypress/runner/cypress_runner.js:167415:23)\n    at Promise._settlePromiseFromHandler (http://localhost:57301/__cypress/runner/cypress_runner.js:165351:31)\n    at Promise._settlePromise (http://localhost:57301/__cypress/runner/cypress_runner.js:165408:18)\n    at Promise._settlePromise0 (http://localhost:57301/__cypress/runner/cypress_runner.js:165453:10)\n    at Promise._settlePromises (http://localhost:57301/__cypress/runner/cypress_runner.js:165528:18)\n    at Async../node_modules/bluebird/js/release/async.js.Async._drainQueue (http://localhost:57301/__cypress/runner/cypress_runner.js:162140:16)\n    at Async../node_modules/bluebird/js/release/async.js.Async._drainQueues (http://localhost:57301/__cypress/runner/cypress_runner.js:162150:10)\n    at Async.drainQueues (http://localhost:57301/__cypress/runner/cypress_runner.js:162024:14)",
                "diff": null
              },
              "uuid": "02e86ca3-6ab0-4198-bdc6-ce414bd6549d",
              "parentUUID": "c6898dbe-4496-4e9a-862e-a6b1d4b60cfd",
              "isHook": false,
              "skipped": false
            },
            {
              "title": "Verifica se o input só aceita número maiores que zero. Essa restrição deve ser feita usando os atributos do elemento `input`",
              "fullTitle": "10 - Faça o quadro de pixels ter seu tamanho definido pelo usuário. Verifica se o input só aceita número maiores que zero. Essa restrição deve ser feita usando os atributos do elemento `input`",
              "timedOut": null,
              "duration": 4400,
              "state": "failed",
              "speed": null,
              "pass": false,
              "fail": true,
              "pending": false,
              "context": null,
              "code": "cy.get('#board-size[type=\\'number\\'][min=\\'1\\']');",
              "err": {
                "message": "CypressError: Timed out retrying: Expected to find element: '#board-size[type='number'][min='1']', but never found it.",
                "estack": "CypressError: Timed out retrying: Expected to find element: '#board-size[type='number'][min='1']', but never found it.\n    at cypressErr (http://localhost:57301/__cypress/runner/cypress_runner.js:149934:9)\n    at throwErr (http://localhost:57301/__cypress/runner/cypress_runner.js:149867:11)\n    at Object.throwErrByPath (http://localhost:57301/__cypress/runner/cypress_runner.js:149915:3)\n    at retry (http://localhost:57301/__cypress/runner/cypress_runner.js:144197:19)\n    at onFailFn (http://localhost:57301/__cypress/runner/cypress_runner.js:132448:16)\n    at tryCatcher (http://localhost:57301/__cypress/runner/cypress_runner.js:167415:23)\n    at Promise._settlePromiseFromHandler (http://localhost:57301/__cypress/runner/cypress_runner.js:165351:31)\n    at Promise._settlePromise (http://localhost:57301/__cypress/runner/cypress_runner.js:165408:18)\n    at Promise._settlePromise0 (http://localhost:57301/__cypress/runner/cypress_runner.js:165453:10)\n    at Promise._settlePromises (http://localhost:57301/__cypress/runner/cypress_runner.js:165528:18)\n    at Async../node_modules/bluebird/js/release/async.js.Async._drainQueue (http://localhost:57301/__cypress/runner/cypress_runner.js:162140:16)\n    at Async../node_modules/bluebird/js/release/async.js.Async._drainQueues (http://localhost:57301/__cypress/runner/cypress_runner.js:162150:10)\n    at Async.drainQueues (http://localhost:57301/__cypress/runner/cypress_runner.js:162024:14)",
                "diff": null
              },
              "uuid": "93b1ba80-805d-47da-a151-40c542e492ce",
              "parentUUID": "c6898dbe-4496-4e9a-862e-a6b1d4b60cfd",
              "isHook": false,
              "skipped": false
            },
            {
              "title": "Verifica se o botão contém o texto 'VQV'",
              "fullTitle": "10 - Faça o quadro de pixels ter seu tamanho definido pelo usuário. Verifica se o botão contém o texto 'VQV'",
              "timedOut": null,
              "duration": 4443,
              "state": "failed",
              "speed": null,
              "pass": false,
              "fail": true,
              "pending": false,
              "context": null,
              "code": "cy.get('#generate-board').contains(/vqv/i);",
              "err": {
                "message": "CypressError: Timed out retrying: Expected to find element: '#generate-board', but never found it.",
                "estack": "CypressError: Timed out retrying: Expected to find element: '#generate-board', but never found it.\n    at cypressErr (http://localhost:57301/__cypress/runner/cypress_runner.js:149934:9)\n    at throwErr (http://localhost:57301/__cypress/runner/cypress_runner.js:149867:11)\n    at Object.throwErrByPath (http://localhost:57301/__cypress/runner/cypress_runner.js:149915:3)\n    at retry (http://localhost:57301/__cypress/runner/cypress_runner.js:144197:19)\n    at onFailFn (http://localhost:57301/__cypress/runner/cypress_runner.js:132448:16)\n    at tryCatcher (http://localhost:57301/__cypress/runner/cypress_runner.js:167415:23)\n    at Promise._settlePromiseFromHandler (http://localhost:57301/__cypress/runner/cypress_runner.js:165351:31)\n    at Promise._settlePromise (http://localhost:57301/__cypress/runner/cypress_runner.js:165408:18)\n    at Promise._settlePromise0 (http://localhost:57301/__cypress/runner/cypress_runner.js:165453:10)\n    at Promise._settlePromises (http://localhost:57301/__cypress/runner/cypress_runner.js:165528:18)\n    at Async../node_modules/bluebird/js/release/async.js.Async._drainQueue (http://localhost:57301/__cypress/runner/cypress_runner.js:162140:16)\n    at Async../node_modules/bluebird/js/release/async.js.Async._drainQueues (http://localhost:57301/__cypress/runner/cypress_runner.js:162150:10)\n    at Async.drainQueues (http://localhost:57301/__cypress/runner/cypress_runner.js:162024:14)",
                "diff": null
              },
              "uuid": "710a34d2-d253-4236-afdb-ad4f2f2c181e",
              "parentUUID": "c6898dbe-4496-4e9a-862e-a6b1d4b60cfd",
              "isHook": false,
              "skipped": false
            },
            {
              "title": "Verifica se o input está posicionado entre a paleta de cores e o quadro de pixels",
              "fullTitle": "10 - Faça o quadro de pixels ter seu tamanho definido pelo usuário. Verifica se o input está posicionado entre a paleta de cores e o quadro de pixels",
              "timedOut": null,
              "duration": 4457,
              "state": "failed",
              "speed": null,
              "pass": false,
              "fail": true,
              "pending": false,
              "context": null,
              "code": "cy.get('#color-palette').then(function (palette) {\n  cy.get('#board-size').should('be.belowOf', palette);\n});\ncy.get('#board-size').then(function (palette) {\n  cy.get('#pixel-board').should('be.belowOf', palette);\n});",
              "err": {
                "message": "CypressError: Timed out retrying: Expected to find element: '#board-size', but never found it.",
                "estack": "CypressError: Timed out retrying: Expected to find element: '#board-size', but never found it.\n    at cypressErr (http://localhost:57301/__cypress/runner/cypress_runner.js:149934:9)\n    at throwErr (http://localhost:57301/__cypress/runner/cypress_runner.js:149867:11)\n    at Object.throwErrByPath (http://localhost:57301/__cypress/runner/cypress_runner.js:149915:3)\n    at retry (http://localhost:57301/__cypress/runner/cypress_runner.js:144197:19)\n    at onFailFn (http://localhost:57301/__cypress/runner/cypress_runner.js:132448:16)\n    at tryCatcher (http://localhost:57301/__cypress/runner/cypress_runner.js:167415:23)\n    at Promise._settlePromiseFromHandler (http://localhost:57301/__cypress/runner/cypress_runner.js:165351:31)\n    at Promise._settlePromise (http://localhost:57301/__cypress/runner/cypress_runner.js:165408:18)\n    at Promise._settlePromise0 (http://localhost:57301/__cypress/runner/cypress_runner.js:165453:10)\n    at Promise._settlePromises (http://localhost:57301/__cypress/runner/cypress_runner.js:165528:18)\n    at Async../node_modules/bluebird/js/release/async.js.Async._drainQueue (http://localhost:57301/__cypress/runner/cypress_runner.js:162140:16)\n    at Async../node_modules/bluebird/js/release/async.js.Async._drainQueues (http://localhost:57301/__cypress/runner/cypress_runner.js:162150:10)\n    at Async.drainQueues (http://localhost:57301/__cypress/runner/cypress_runner.js:162024:14)",
                "diff": null
              },
              "uuid": "8d5de6a0-ec58-4852-9058-78e44caba63e",
              "parentUUID": "c6898dbe-4496-4e9a-862e-a6b1d4b60cfd",
              "isHook": false,
              "skipped": false
            },
            {
              "title": "Verifica se o botão está posicionado ao lado do input",
              "fullTitle": "10 - Faça o quadro de pixels ter seu tamanho definido pelo usuário. Verifica se o botão está posicionado ao lado do input",
              "timedOut": null,
              "duration": 4425,
              "state": "failed",
              "speed": null,
              "pass": false,
              "fail": true,
              "pending": false,
              "context": null,
              "code": "cy.get('#board-size').then(function (board) {\n  cy.get('#generate-board').should('be.onTheRightOf', board);\n});",
              "err": {
                "message": "CypressError: Timed out retrying: Expected to find element: '#board-size', but never found it.",
                "estack": "CypressError: Timed out retrying: Expected to find element: '#board-size', but never found it.\n    at cypressErr (http://localhost:57301/__cypress/runner/cypress_runner.js:149934:9)\n    at throwErr (http://localhost:57301/__cypress/runner/cypress_runner.js:149867:11)\n    at Object.throwErrByPath (http://localhost:57301/__cypress/runner/cypress_runner.js:149915:3)\n    at retry (http://localhost:57301/__cypress/runner/cypress_runner.js:144197:19)\n    at onFailFn (http://localhost:57301/__cypress/runner/cypress_runner.js:132448:16)\n    at tryCatcher (http://localhost:57301/__cypress/runner/cypress_runner.js:167415:23)\n    at Promise._settlePromiseFromHandler (http://localhost:57301/__cypress/runner/cypress_runner.js:165351:31)\n    at Promise._settlePromise (http://localhost:57301/__cypress/runner/cypress_runner.js:165408:18)\n    at Promise._settlePromise0 (http://localhost:57301/__cypress/runner/cypress_runner.js:165453:10)\n    at Promise._settlePromises (http://localhost:57301/__cypress/runner/cypress_runner.js:165528:18)\n    at Async../node_modules/bluebird/js/release/async.js.Async._drainQueue (http://localhost:57301/__cypress/runner/cypress_runner.js:162140:16)\n    at Async../node_modules/bluebird/js/release/async.js.Async._drainQueues (http://localhost:57301/__cypress/runner/cypress_runner.js:162150:10)\n    at Async.drainQueues (http://localhost:57301/__cypress/runner/cypress_runner.js:162024:14)",
                "diff": null
              },
              "uuid": "dd9717ee-cb21-48a6-a387-4b665805b6c4",
              "parentUUID": "c6898dbe-4496-4e9a-862e-a6b1d4b60cfd",
              "isHook": false,
              "skipped": false
            },
            {
              "title": "Verifica se nenhum valor for colocado no input ao clicar no botão, um `alert` é exibido com o texto: 'Board inválido!'",
              "fullTitle": "10 - Faça o quadro de pixels ter seu tamanho definido pelo usuário. Verifica se nenhum valor for colocado no input ao clicar no botão, um `alert` é exibido com o texto: 'Board inválido!'",
              "timedOut": null,
              "duration": 4400,
              "state": "failed",
              "speed": null,
              "pass": false,
              "fail": true,
              "pending": false,
              "context": null,
              "code": "var alerted = false;\ncy.on('window:alert', function (msg) {\n  return alerted = msg;\n});\ncy.get('#generate-board').click().then(function () {\n  return expect(alerted).to.match(/Board inválido!/i);\n});",
              "err": {
                "message": "CypressError: Timed out retrying: Expected to find element: '#generate-board', but never found it.",
                "estack": "CypressError: Timed out retrying: Expected to find element: '#generate-board', but never found it.\n    at cypressErr (http://localhost:57301/__cypress/runner/cypress_runner.js:149934:9)\n    at throwErr (http://localhost:57301/__cypress/runner/cypress_runner.js:149867:11)\n    at Object.throwErrByPath (http://localhost:57301/__cypress/runner/cypress_runner.js:149915:3)\n    at retry (http://localhost:57301/__cypress/runner/cypress_runner.js:144197:19)\n    at onFailFn (http://localhost:57301/__cypress/runner/cypress_runner.js:132448:16)\n    at tryCatcher (http://localhost:57301/__cypress/runner/cypress_runner.js:167415:23)\n    at Promise._settlePromiseFromHandler (http://localhost:57301/__cypress/runner/cypress_runner.js:165351:31)\n    at Promise._settlePromise (http://localhost:57301/__cypress/runner/cypress_runner.js:165408:18)\n    at Promise._settlePromise0 (http://localhost:57301/__cypress/runner/cypress_runner.js:165453:10)\n    at Promise._settlePromises (http://localhost:57301/__cypress/runner/cypress_runner.js:165528:18)\n    at Async../node_modules/bluebird/js/release/async.js.Async._drainQueue (http://localhost:57301/__cypress/runner/cypress_runner.js:162140:16)\n    at Async../node_modules/bluebird/js/release/async.js.Async._drainQueues (http://localhost:57301/__cypress/runner/cypress_runner.js:162150:10)\n    at Async.drainQueues (http://localhost:57301/__cypress/runner/cypress_runner.js:162024:14)",
                "diff": null
              },
              "uuid": "07466459-bbb6-4cfa-8b21-22c0f068a5b9",
              "parentUUID": "c6898dbe-4496-4e9a-862e-a6b1d4b60cfd",
              "isHook": false,
              "skipped": false
            },
            {
              "title": "Verifica se ao clicar no botão com um valor preenchido, o tamanho do board muda.",
              "fullTitle": "10 - Faça o quadro de pixels ter seu tamanho definido pelo usuário. Verifica se ao clicar no botão com um valor preenchido, o tamanho do board muda.",
              "timedOut": null,
              "duration": 4426,
              "state": "failed",
              "speed": null,
              "pass": false,
              "fail": true,
              "pending": false,
              "context": null,
              "code": "cy.get('#board-size').clear().type(10);\ncy.get('#generate-board').click();\ncy.get('.pixel').should('have.length', 100);",
              "err": {
                "message": "CypressError: Timed out retrying: Expected to find element: '#board-size', but never found it.",
                "estack": "CypressError: Timed out retrying: Expected to find element: '#board-size', but never found it.\n    at cypressErr (http://localhost:57301/__cypress/runner/cypress_runner.js:149934:9)\n    at throwErr (http://localhost:57301/__cypress/runner/cypress_runner.js:149867:11)\n    at Object.throwErrByPath (http://localhost:57301/__cypress/runner/cypress_runner.js:149915:3)\n    at retry (http://localhost:57301/__cypress/runner/cypress_runner.js:144197:19)\n    at onFailFn (http://localhost:57301/__cypress/runner/cypress_runner.js:132448:16)\n    at tryCatcher (http://localhost:57301/__cypress/runner/cypress_runner.js:167415:23)\n    at Promise._settlePromiseFromHandler (http://localhost:57301/__cypress/runner/cypress_runner.js:165351:31)\n    at Promise._settlePromise (http://localhost:57301/__cypress/runner/cypress_runner.js:165408:18)\n    at Promise._settlePromise0 (http://localhost:57301/__cypress/runner/cypress_runner.js:165453:10)\n    at Promise._settlePromises (http://localhost:57301/__cypress/runner/cypress_runner.js:165528:18)\n    at Async../node_modules/bluebird/js/release/async.js.Async._drainQueue (http://localhost:57301/__cypress/runner/cypress_runner.js:162140:16)\n    at Async../node_modules/bluebird/js/release/async.js.Async._drainQueues (http://localhost:57301/__cypress/runner/cypress_runner.js:162150:10)\n    at Async.drainQueues (http://localhost:57301/__cypress/runner/cypress_runner.js:162024:14)",
                "diff": null
              },
              "uuid": "e3d66f0c-dcc3-4f4e-9efa-b3521190659c",
              "parentUUID": "c6898dbe-4496-4e9a-862e-a6b1d4b60cfd",
              "isHook": false,
              "skipped": false
            },
            {
              "title": "Verifica se o novo quadro tem todos os pixels preenchidos com a cor branca",
              "fullTitle": "10 - Faça o quadro de pixels ter seu tamanho definido pelo usuário. Verifica se o novo quadro tem todos os pixels preenchidos com a cor branca",
              "timedOut": null,
              "duration": 4407,
              "state": "failed",
              "speed": null,
              "pass": false,
              "fail": true,
              "pending": false,
              "context": null,
              "code": "cy.get('#board-size').clear().type(6);\ncy.get('#generate-board').click();\ncy.get('.pixel').should('have.length', 36).each(function (pixel) {\n  expect(pixel).to.have.css('background-color', WHITE);\n});",
              "err": {
                "message": "CypressError: Timed out retrying: Expected to find element: '#board-size', but never found it.",
                "estack": "CypressError: Timed out retrying: Expected to find element: '#board-size', but never found it.\n    at cypressErr (http://localhost:57301/__cypress/runner/cypress_runner.js:149934:9)\n    at throwErr (http://localhost:57301/__cypress/runner/cypress_runner.js:149867:11)\n    at Object.throwErrByPath (http://localhost:57301/__cypress/runner/cypress_runner.js:149915:3)\n    at retry (http://localhost:57301/__cypress/runner/cypress_runner.js:144197:19)\n    at onFailFn (http://localhost:57301/__cypress/runner/cypress_runner.js:132448:16)\n    at tryCatcher (http://localhost:57301/__cypress/runner/cypress_runner.js:167415:23)\n    at Promise._settlePromiseFromHandler (http://localhost:57301/__cypress/runner/cypress_runner.js:165351:31)\n    at Promise._settlePromise (http://localhost:57301/__cypress/runner/cypress_runner.js:165408:18)\n    at Promise._settlePromise0 (http://localhost:57301/__cypress/runner/cypress_runner.js:165453:10)\n    at Promise._settlePromises (http://localhost:57301/__cypress/runner/cypress_runner.js:165528:18)\n    at Async../node_modules/bluebird/js/release/async.js.Async._drainQueue (http://localhost:57301/__cypress/runner/cypress_runner.js:162140:16)\n    at Async../node_modules/bluebird/js/release/async.js.Async._drainQueues (http://localhost:57301/__cypress/runner/cypress_runner.js:162150:10)\n    at Async.drainQueues (http://localhost:57301/__cypress/runner/cypress_runner.js:162024:14)",
                "diff": null
              },
              "uuid": "9317ae18-d751-4edb-8afe-27f6a0ad1d38",
              "parentUUID": "c6898dbe-4496-4e9a-862e-a6b1d4b60cfd",
              "isHook": false,
              "skipped": false
            }
          ],
          "suites": [],
          "passes": [],
          "failures": [
            "4d106f86-c7cc-4337-92a7-83cf5edd54ca",
            "02e86ca3-6ab0-4198-bdc6-ce414bd6549d",
            "93b1ba80-805d-47da-a151-40c542e492ce",
            "710a34d2-d253-4236-afdb-ad4f2f2c181e",
            "8d5de6a0-ec58-4852-9058-78e44caba63e",
            "dd9717ee-cb21-48a6-a387-4b665805b6c4",
            "07466459-bbb6-4cfa-8b21-22c0f068a5b9",
            "e3d66f0c-dcc3-4f4e-9efa-b3521190659c",
            "9317ae18-d751-4edb-8afe-27f6a0ad1d38"
          ],
          "pending": [],
          "skipped": [],
          "duration": 39905,
          "root": false,
          "rootEmpty": false,
          "_timeout": 2000
        },
        {
          "uuid": "c0a92160-3884-4369-8f07-7d2b25b1d01a",
          "title": "11 - Limite o tamanho mínimo e máximo do board.",
          "fullFile": "",
          "file": "",
          "beforeHooks": [],
          "afterHooks": [],
          "tests": [
            {
              "title": "Verifica se a altura máxima do board é 50",
              "fullTitle": "11 - Limite o tamanho mínimo e máximo do board. Verifica se a altura máxima do board é 50",
              "timedOut": null,
              "duration": 4416,
              "state": "failed",
              "speed": null,
              "pass": false,
              "fail": true,
              "pending": false,
              "context": null,
              "code": "cy.get('#board-size').clear().type(50);\ncy.get('#generate-board').click();\ncy.get('.pixel').should('have.length', 2500);",
              "err": {
                "message": "CypressError: Timed out retrying: Expected to find element: '#board-size', but never found it.",
                "estack": "CypressError: Timed out retrying: Expected to find element: '#board-size', but never found it.\n    at cypressErr (http://localhost:57301/__cypress/runner/cypress_runner.js:149934:9)\n    at throwErr (http://localhost:57301/__cypress/runner/cypress_runner.js:149867:11)\n    at Object.throwErrByPath (http://localhost:57301/__cypress/runner/cypress_runner.js:149915:3)\n    at retry (http://localhost:57301/__cypress/runner/cypress_runner.js:144197:19)\n    at onFailFn (http://localhost:57301/__cypress/runner/cypress_runner.js:132448:16)\n    at tryCatcher (http://localhost:57301/__cypress/runner/cypress_runner.js:167415:23)\n    at Promise._settlePromiseFromHandler (http://localhost:57301/__cypress/runner/cypress_runner.js:165351:31)\n    at Promise._settlePromise (http://localhost:57301/__cypress/runner/cypress_runner.js:165408:18)\n    at Promise._settlePromise0 (http://localhost:57301/__cypress/runner/cypress_runner.js:165453:10)\n    at Promise._settlePromises (http://localhost:57301/__cypress/runner/cypress_runner.js:165528:18)\n    at Async../node_modules/bluebird/js/release/async.js.Async._drainQueue (http://localhost:57301/__cypress/runner/cypress_runner.js:162140:16)\n    at Async../node_modules/bluebird/js/release/async.js.Async._drainQueues (http://localhost:57301/__cypress/runner/cypress_runner.js:162150:10)\n    at Async.drainQueues (http://localhost:57301/__cypress/runner/cypress_runner.js:162024:14)",
                "diff": null
              },
              "uuid": "7048b312-7d66-4e70-a3e4-06ddfd480aa0",
              "parentUUID": "c0a92160-3884-4369-8f07-7d2b25b1d01a",
              "isHook": false,
              "skipped": false
            },
            {
              "title": "Verifica se a altura do board é 5 quando um valor menor é colocado no input",
              "fullTitle": "11 - Limite o tamanho mínimo e máximo do board. Verifica se a altura do board é 5 quando um valor menor é colocado no input",
              "timedOut": null,
              "duration": 4413,
              "state": "failed",
              "speed": null,
              "pass": false,
              "fail": true,
              "pending": false,
              "context": null,
              "code": "cy.get('#board-size').clear().type(4);\ncy.get('#generate-board').click();\ncy.get('.pixel').should('have.length', 25);",
              "err": {
                "message": "CypressError: Timed out retrying: Expected to find element: '#board-size', but never found it.",
                "estack": "CypressError: Timed out retrying: Expected to find element: '#board-size', but never found it.\n    at cypressErr (http://localhost:57301/__cypress/runner/cypress_runner.js:149934:9)\n    at throwErr (http://localhost:57301/__cypress/runner/cypress_runner.js:149867:11)\n    at Object.throwErrByPath (http://localhost:57301/__cypress/runner/cypress_runner.js:149915:3)\n    at retry (http://localhost:57301/__cypress/runner/cypress_runner.js:144197:19)\n    at onFailFn (http://localhost:57301/__cypress/runner/cypress_runner.js:132448:16)\n    at tryCatcher (http://localhost:57301/__cypress/runner/cypress_runner.js:167415:23)\n    at Promise._settlePromiseFromHandler (http://localhost:57301/__cypress/runner/cypress_runner.js:165351:31)\n    at Promise._settlePromise (http://localhost:57301/__cypress/runner/cypress_runner.js:165408:18)\n    at Promise._settlePromise0 (http://localhost:57301/__cypress/runner/cypress_runner.js:165453:10)\n    at Promise._settlePromises (http://localhost:57301/__cypress/runner/cypress_runner.js:165528:18)\n    at Async../node_modules/bluebird/js/release/async.js.Async._drainQueue (http://localhost:57301/__cypress/runner/cypress_runner.js:162140:16)\n    at Async../node_modules/bluebird/js/release/async.js.Async._drainQueues (http://localhost:57301/__cypress/runner/cypress_runner.js:162150:10)\n    at Async.drainQueues (http://localhost:57301/__cypress/runner/cypress_runner.js:162024:14)",
                "diff": null
              },
              "uuid": "9bbd270d-339a-49d2-b7b6-9086739bcbc3",
              "parentUUID": "c0a92160-3884-4369-8f07-7d2b25b1d01a",
              "isHook": false,
              "skipped": false
            },
            {
              "title": "Verifica se a altura do board é 50 quando um valor maior é colocado no input",
              "fullTitle": "11 - Limite o tamanho mínimo e máximo do board. Verifica se a altura do board é 50 quando um valor maior é colocado no input",
              "timedOut": null,
              "duration": 4458,
              "state": "failed",
              "speed": null,
              "pass": false,
              "fail": true,
              "pending": false,
              "context": null,
              "code": "cy.get('#board-size').clear().type(51);\ncy.get('#generate-board').click();\ncy.get('.pixel').should('have.length', 2500);",
              "err": {
                "message": "CypressError: Timed out retrying: Expected to find element: '#board-size', but never found it.",
                "estack": "CypressError: Timed out retrying: Expected to find element: '#board-size', but never found it.\n    at cypressErr (http://localhost:57301/__cypress/runner/cypress_runner.js:149934:9)\n    at throwErr (http://localhost:57301/__cypress/runner/cypress_runner.js:149867:11)\n    at Object.throwErrByPath (http://localhost:57301/__cypress/runner/cypress_runner.js:149915:3)\n    at retry (http://localhost:57301/__cypress/runner/cypress_runner.js:144197:19)\n    at onFailFn (http://localhost:57301/__cypress/runner/cypress_runner.js:132448:16)\n    at tryCatcher (http://localhost:57301/__cypress/runner/cypress_runner.js:167415:23)\n    at Promise._settlePromiseFromHandler (http://localhost:57301/__cypress/runner/cypress_runner.js:165351:31)\n    at Promise._settlePromise (http://localhost:57301/__cypress/runner/cypress_runner.js:165408:18)\n    at Promise._settlePromise0 (http://localhost:57301/__cypress/runner/cypress_runner.js:165453:10)\n    at Promise._settlePromises (http://localhost:57301/__cypress/runner/cypress_runner.js:165528:18)\n    at Async../node_modules/bluebird/js/release/async.js.Async._drainQueue (http://localhost:57301/__cypress/runner/cypress_runner.js:162140:16)\n    at Async../node_modules/bluebird/js/release/async.js.Async._drainQueues (http://localhost:57301/__cypress/runner/cypress_runner.js:162150:10)\n    at Async.drainQueues (http://localhost:57301/__cypress/runner/cypress_runner.js:162024:14)",
                "diff": null
              },
              "uuid": "fc9e45b0-12f5-43d7-9e55-205386ff12f9",
              "parentUUID": "c0a92160-3884-4369-8f07-7d2b25b1d01a",
              "isHook": false,
              "skipped": false
            }
          ],
          "suites": [],
          "passes": [],
          "failures": [
            "7048b312-7d66-4e70-a3e4-06ddfd480aa0",
            "9bbd270d-339a-49d2-b7b6-9086739bcbc3",
            "fc9e45b0-12f5-43d7-9e55-205386ff12f9"
          ],
          "pending": [],
          "skipped": [],
          "duration": 13287,
          "root": false,
          "rootEmpty": false,
          "_timeout": 2000
        },
        {
          "uuid": "60114625-fd42-4bb7-831f-9675e71978f4",
          "title": "12 - Faça com que as cores da paleta sejam geradas aleatoriamente ao carregar a página.",
          "fullFile": "",
          "file": "",
          "beforeHooks": [],
          "afterHooks": [],
          "tests": [
            {
              "title": "Verifica se as cores geradas na paleta são diferentes a cada carregamento da página",
              "fullTitle": "12 - Faça com que as cores da paleta sejam geradas aleatoriamente ao carregar a página. Verifica se as cores geradas na paleta são diferentes a cada carregamento da página",
              "timedOut": null,
              "duration": 335,
              "state": "passed",
              "speed": "slow",
              "pass": true,
              "fail": false,
              "pending": false,
              "context": null,
              "code": "cy.get('.color').then(function (colors) {\n  var currentColors;\n  var previousColors;\n  previousColors = Array.from(colors).map(function (color) {\n    return Cypress.$(color).css('background-color');\n  });\n  for (var i = 0; i < 5; i += 1) {\n    cy.reload();\n    cy.get('.color').then(function (colors) {\n      currentColors = Array.from(colors).map(function (color) {\n        return Cypress.$(color).css('background-color');\n      });\n      expect(currentColors).not.to.deep.equal(previousColors);\n      previousColors = currentColors;\n    });\n  }\n});",
              "err": {},
              "uuid": "0d2c7d45-1354-471b-924a-100ca311b174",
              "parentUUID": "60114625-fd42-4bb7-831f-9675e71978f4",
              "isHook": false,
              "skipped": false
            },
            {
              "title": "Verifica se a cor preta ainda está presente e é a primeira na sua paleta de cores",
              "fullTitle": "12 - Faça com que as cores da paleta sejam geradas aleatoriamente ao carregar a página. Verifica se a cor preta ainda está presente e é a primeira na sua paleta de cores",
              "timedOut": null,
              "duration": 524,
              "state": "passed",
              "speed": "slow",
              "pass": true,
              "fail": false,
              "pending": false,
              "context": null,
              "code": "cy.get('.color').then(function (colors) {\n  var currentColors;\n  var previousColors;\n  previousColors = Array.from(colors).map(function (color) {\n    return Cypress.$(color).css('background-color');\n  });\n  expect(previousColors[0]).to.eq(BLACK);\n  for (var i = 0; i < 5; i += 1) {\n    cy.reload();\n    cy.get('.color').then(function (colors) {\n      currentColors = Array.from(colors).map(function (color) {\n        return Cypress.$(color).css('background-color');\n      });\n      expect(currentColors[0]).to.eq(BLACK);\n      expect(currentColors).not.to.deep.equal(previousColors);\n      previousColors = currentColors;\n    });\n  }\n});",
              "err": {},
              "uuid": "dd7237ad-f8ff-4785-8d91-80ad2b6ad2ad",
              "parentUUID": "60114625-fd42-4bb7-831f-9675e71978f4",
              "isHook": false,
              "skipped": false
            }
          ],
          "suites": [],
          "passes": [
            "0d2c7d45-1354-471b-924a-100ca311b174",
            "dd7237ad-f8ff-4785-8d91-80ad2b6ad2ad"
          ],
          "failures": [],
          "pending": [],
          "skipped": [],
          "duration": 859,
          "root": false,
          "rootEmpty": false,
          "_timeout": 2000
        }
      ],
      "passes": [],
      "failures": [],
      "pending": [],
      "skipped": [],
      "duration": 0,
      "root": true,
      "rootEmpty": true,
      "_timeout": 2000
    }
  ],
  "meta": {
    "mocha": {
      "version": "7.0.1"
    },
    "mochawesome": {
      "options": {
        "quiet": false,
        "reportFilename": "mochawesome",
        "saveHtml": false,
        "saveJson": true,
        "consoleReporter": "spec",
        "useInlineDiffs": false
      },
      "version": "4.1.0"
    },
    "marge": {
      "options": {
        "id": "default",
        "reportDir": "cypress/reports",
        "overwrite": true,
        "html": false,
        "json": true
      },
      "version": "4.1.0"
    }
  }
}