{
  "stats": {
    "suites": 12,
    "tests": 41,
    "passes": 23,
    "pending": 0,
    "failures": 18,
    "start": "2021-07-12T19:30:48.882Z",
    "end": "2021-07-12T19:32:26.546Z",
    "duration": 97664,
    "testsRegistered": 41,
    "passPercent": 56.09756097560976,
    "pendingPercent": 0,
    "other": 0,
    "hasOther": false,
    "skipped": 0,
    "hasSkipped": false
  },
  "results": [
    {
      "uuid": "70858a52-64fd-4d98-afce-f519491e1b52",
      "title": "",
      "fullFile": "cypress/integration/project.spec.js",
      "file": "cypress/integration/project.spec.js",
      "beforeHooks": [],
      "afterHooks": [],
      "tests": [],
      "suites": [
        {
          "uuid": "28400b19-e309-4de1-9493-912e9ff4b0cf",
          "title": "1 - Adicione à página o título \"Paleta de Cores\".",
          "fullFile": "",
          "file": "",
          "beforeHooks": [],
          "afterHooks": [],
          "tests": [
            {
              "title": "Verifica se contém um elemento `h1` com o id `title` com o título correto",
              "fullTitle": "1 - Adicione à página o título \"Paleta de Cores\". Verifica se contém um elemento `h1` com o id `title` com o título correto",
              "timedOut": null,
              "duration": 230,
              "state": "passed",
              "speed": "slow",
              "pass": true,
              "fail": false,
              "pending": false,
              "context": null,
              "code": "cy.get('h1#title').should('contain.text', 'Paleta de Cores');",
              "err": {},
              "uuid": "da7dbb51-3493-4a73-932d-c3a10ee09b97",
              "parentUUID": "28400b19-e309-4de1-9493-912e9ff4b0cf",
              "isHook": false,
              "skipped": false
            }
          ],
          "suites": [],
          "passes": [
            "da7dbb51-3493-4a73-932d-c3a10ee09b97"
          ],
          "failures": [],
          "pending": [],
          "skipped": [],
          "duration": 230,
          "root": false,
          "rootEmpty": false,
          "_timeout": 2000
        },
        {
          "uuid": "ee86c0fe-2591-49fb-a073-491f29abb955",
          "title": "2 - Adicione à página uma paleta de quatro cores distintas.",
          "fullFile": "",
          "file": "",
          "beforeHooks": [],
          "afterHooks": [],
          "tests": [
            {
              "title": "A paleta de cores deve ser um elemento com `id` denominado `color-palette`",
              "fullTitle": "2 - Adicione à página uma paleta de quatro cores distintas. A paleta de cores deve ser um elemento com `id` denominado `color-palette`",
              "timedOut": null,
              "duration": 200,
              "state": "passed",
              "speed": "slow",
              "pass": true,
              "fail": false,
              "pending": false,
              "context": null,
              "code": "cy.get('#color-palette').should('be.visible');",
              "err": {},
              "uuid": "fcdb08ed-7141-4799-b6ab-9edc5c8f34d4",
              "parentUUID": "ee86c0fe-2591-49fb-a073-491f29abb955",
              "isHook": false,
              "skipped": false
            },
            {
              "title": "Verifica se cada cor individual da paleta de cores possui a `classe` chamada `color`.",
              "fullTitle": "2 - Adicione à página uma paleta de quatro cores distintas. Verifica se cada cor individual da paleta de cores possui a `classe` chamada `color`.",
              "timedOut": null,
              "duration": 138,
              "state": "passed",
              "speed": "slow",
              "pass": true,
              "fail": false,
              "pending": false,
              "context": null,
              "code": "cy.get('.color').should('have.length', 4).then(function (colors) {\n  for (var i = 0; i < colors.length; i++) {\n    cy.wrap(colors[i]).should('be.visible');\n  }\n});",
              "err": {},
              "uuid": "20fc6f2d-8e52-42e3-9c40-2f6b725db5cf",
              "parentUUID": "ee86c0fe-2591-49fb-a073-491f29abb955",
              "isHook": false,
              "skipped": false
            },
            {
              "title": "Verifica se a cor de fundo de cada elemento da paleta é a cor que o elemento representa. **A única cor não permitida na paleta é a cor branca.**",
              "fullTitle": "2 - Adicione à página uma paleta de quatro cores distintas. Verifica se a cor de fundo de cada elemento da paleta é a cor que o elemento representa. **A única cor não permitida na paleta é a cor branca.**",
              "timedOut": null,
              "duration": 273,
              "state": "passed",
              "speed": "slow",
              "pass": true,
              "fail": false,
              "pending": false,
              "context": null,
              "code": "cy.get('.color').each(function (color) {\n  cy.wrap(color).should('have.class', 'color').and('not.have.css', 'background-color', WHITE);\n  cy.wrap(color).should('have.css', 'background-color');\n});",
              "err": {},
              "uuid": "60153658-3156-4132-97dc-025170caa444",
              "parentUUID": "ee86c0fe-2591-49fb-a073-491f29abb955",
              "isHook": false,
              "skipped": false
            },
            {
              "title": "Verifica se cada elemento da paleta de cores tem uma borda preta, sólida e com 1 pixel de largura;",
              "fullTitle": "2 - Adicione à página uma paleta de quatro cores distintas. Verifica se cada elemento da paleta de cores tem uma borda preta, sólida e com 1 pixel de largura;",
              "timedOut": null,
              "duration": 178,
              "state": "passed",
              "speed": "slow",
              "pass": true,
              "fail": false,
              "pending": false,
              "context": null,
              "code": "cy.get('.color').each(function (color) {\n  cy.wrap(color).and('have.css', 'border', \"1px solid \".concat(BLACK)).and('have.class', 'color');\n});",
              "err": {},
              "uuid": "ca45135d-76ab-464e-9926-61dd06cad40c",
              "parentUUID": "ee86c0fe-2591-49fb-a073-491f29abb955",
              "isHook": false,
              "skipped": false
            },
            {
              "title": "Verifica se a paleta lista todas as cores disponíveis para utilização, lado a lado.",
              "fullTitle": "2 - Adicione à página uma paleta de quatro cores distintas. Verifica se a paleta lista todas as cores disponíveis para utilização, lado a lado.",
              "timedOut": null,
              "duration": 125,
              "state": "passed",
              "speed": "slow",
              "pass": true,
              "fail": false,
              "pending": false,
              "context": null,
              "code": "cy.get('.color').then(function (colors) {\n  for (var index = 1; index < colors.length; index += 1) {\n    var currentColor = colors[index];\n    var previousColor = colors[index - 1];\n    cy.wrap(currentColor).should('be.onTheRightOf', previousColor).and('be.horizontallyAlignedWith', previousColor);\n  }\n});",
              "err": {},
              "uuid": "a35ce910-66d2-4718-be24-55b12030adb8",
              "parentUUID": "ee86c0fe-2591-49fb-a073-491f29abb955",
              "isHook": false,
              "skipped": false
            },
            {
              "title": "Verifica se a paleta de cores está posicionada abaixo do título 'Paleta de Cores'",
              "fullTitle": "2 - Adicione à página uma paleta de quatro cores distintas. Verifica se a paleta de cores está posicionada abaixo do título 'Paleta de Cores'",
              "timedOut": null,
              "duration": 119,
              "state": "passed",
              "speed": "slow",
              "pass": true,
              "fail": false,
              "pending": false,
              "context": null,
              "code": "cy.get('h1#title').then(function (title) {\n  cy.get('#color-palette').should('be.belowOf', title);\n});",
              "err": {},
              "uuid": "14b81afe-8c7b-49d8-ad7c-7da26710fbde",
              "parentUUID": "ee86c0fe-2591-49fb-a073-491f29abb955",
              "isHook": false,
              "skipped": false
            },
            {
              "title": "Verifica se a paleta de cores não contém cores repetidas.",
              "fullTitle": "2 - Adicione à página uma paleta de quatro cores distintas. Verifica se a paleta de cores não contém cores repetidas.",
              "timedOut": null,
              "duration": 137,
              "state": "passed",
              "speed": "slow",
              "pass": true,
              "fail": false,
              "pending": false,
              "context": null,
              "code": "cy.get('.color').then(function (colors) {\n  var allColors = Array.from(colors).map(function (color) {\n    return Cypress.$(color).css('background-color');\n  });\n  cy.log(allColors);\n  var uniqColors = (0, _toConsumableArray2[\"default\"])(new Set(allColors));\n  cy.log(uniqColors);\n  expect(allColors.length).to.eq(uniqColors.length);\n});",
              "err": {},
              "uuid": "5193a42f-fb62-47e4-a893-637f024691ae",
              "parentUUID": "ee86c0fe-2591-49fb-a073-491f29abb955",
              "isHook": false,
              "skipped": false
            }
          ],
          "suites": [],
          "passes": [
            "fcdb08ed-7141-4799-b6ab-9edc5c8f34d4",
            "20fc6f2d-8e52-42e3-9c40-2f6b725db5cf",
            "60153658-3156-4132-97dc-025170caa444",
            "ca45135d-76ab-464e-9926-61dd06cad40c",
            "a35ce910-66d2-4718-be24-55b12030adb8",
            "14b81afe-8c7b-49d8-ad7c-7da26710fbde",
            "5193a42f-fb62-47e4-a893-637f024691ae"
          ],
          "failures": [],
          "pending": [],
          "skipped": [],
          "duration": 1170,
          "root": false,
          "rootEmpty": false,
          "_timeout": 2000
        },
        {
          "uuid": "4e2bc6df-d5b5-4227-855c-bb4f4a736e09",
          "title": "3 - Adicione a cor **preta** como a primeira cor da paleta de cores.",
          "fullFile": "",
          "file": "",
          "beforeHooks": [],
          "afterHooks": [],
          "tests": [
            {
              "title": "Verifica se a primeira cor da paleta é preta",
              "fullTitle": "3 - Adicione a cor **preta** como a primeira cor da paleta de cores. Verifica se a primeira cor da paleta é preta",
              "timedOut": null,
              "duration": 119,
              "state": "passed",
              "speed": "slow",
              "pass": true,
              "fail": false,
              "pending": false,
              "context": null,
              "code": "cy.get('.color').first().should('have.css', 'background-color', BLACK);",
              "err": {},
              "uuid": "536ff868-a2a4-46bf-afd3-e9b4d5ccfcdc",
              "parentUUID": "4e2bc6df-d5b5-4227-855c-bb4f4a736e09",
              "isHook": false,
              "skipped": false
            },
            {
              "title": "Verifica se as demais cores podem ser escolhidas livremente.",
              "fullTitle": "3 - Adicione a cor **preta** como a primeira cor da paleta de cores. Verifica se as demais cores podem ser escolhidas livremente.",
              "timedOut": null,
              "duration": 236,
              "state": "passed",
              "speed": "slow",
              "pass": true,
              "fail": false,
              "pending": false,
              "context": null,
              "code": "cy.get('.color').eq(1).should('not.have.css', 'background-color', BLACK);\ncy.get('.color').eq(1).should('not.have.css', 'background-color', WHITE);\ncy.get('.color').eq(1).should('not.have.css', 'background-color', 'rgba(0, 0, 0, 0)');\ncy.get('.color').eq(1).should('have.css', 'background-color');\ncy.get('.color').eq(2).should('not.have.css', 'background-color', BLACK);\ncy.get('.color').eq(2).should('not.have.css', 'background-color', WHITE);\ncy.get('.color').eq(2).should('not.have.css', 'background-color', 'rgba(0, 0, 0, 0)');\ncy.get('.color').eq(2).should('have.css', 'background-color');\ncy.get('.color').eq(3).should('not.have.css', 'background-color', BLACK);\ncy.get('.color').eq(3).should('not.have.css', 'background-color', WHITE);\ncy.get('.color').eq(3).should('not.have.css', 'background-color', 'rgba(0, 0, 0, 0)');\ncy.get('.color').eq(3).should('have.css', 'background-color');",
              "err": {},
              "uuid": "d05e968f-f5a1-4d85-abe2-d08c94df0653",
              "parentUUID": "4e2bc6df-d5b5-4227-855c-bb4f4a736e09",
              "isHook": false,
              "skipped": false
            }
          ],
          "suites": [],
          "passes": [
            "536ff868-a2a4-46bf-afd3-e9b4d5ccfcdc",
            "d05e968f-f5a1-4d85-abe2-d08c94df0653"
          ],
          "failures": [],
          "pending": [],
          "skipped": [],
          "duration": 355,
          "root": false,
          "rootEmpty": false,
          "_timeout": 2000
        },
        {
          "uuid": "26572eaf-5a94-4988-b0b0-0e7b4f336d06",
          "title": "4 - Adicione à página um quadro de pixels, com 25 pixels.",
          "fullFile": "",
          "file": "",
          "beforeHooks": [],
          "afterHooks": [],
          "tests": [
            {
              "title": "Verifica se o quadro de pixels possui o `id` denominado `pixel-board`",
              "fullTitle": "4 - Adicione à página um quadro de pixels, com 25 pixels. Verifica se o quadro de pixels possui o `id` denominado `pixel-board`",
              "timedOut": null,
              "duration": 188,
              "state": "passed",
              "speed": "slow",
              "pass": true,
              "fail": false,
              "pending": false,
              "context": null,
              "code": "cy.get('#pixel-board').should('be.visible');",
              "err": {},
              "uuid": "018a0186-ab8b-417b-ae8a-98d1a622de43",
              "parentUUID": "26572eaf-5a94-4988-b0b0-0e7b4f336d06",
              "isHook": false,
              "skipped": false
            },
            {
              "title": "Verifica se cada pixel individual dentro do quadro possui a `classe` denominada `pixel`.",
              "fullTitle": "4 - Adicione à página um quadro de pixels, com 25 pixels. Verifica se cada pixel individual dentro do quadro possui a `classe` denominada `pixel`.",
              "timedOut": null,
              "duration": 162,
              "state": "passed",
              "speed": "slow",
              "pass": true,
              "fail": false,
              "pending": false,
              "context": null,
              "code": "cy.get('.pixel').should('have.length', 25);",
              "err": {},
              "uuid": "61d9f9d9-5301-4218-ae47-d9ff8ac94900",
              "parentUUID": "26572eaf-5a94-4988-b0b0-0e7b4f336d06",
              "isHook": false,
              "skipped": false
            },
            {
              "title": "Verifica se a cor inicial dos pixels dentro do quadro, ao abrir a página, é branca.",
              "fullTitle": "4 - Adicione à página um quadro de pixels, com 25 pixels. Verifica se a cor inicial dos pixels dentro do quadro, ao abrir a página, é branca.",
              "timedOut": null,
              "duration": 232,
              "state": "passed",
              "speed": "slow",
              "pass": true,
              "fail": false,
              "pending": false,
              "context": null,
              "code": "cy.get('.pixel').should('have.length', 25).each(function (pixel) {\n  expect(pixel).to.have.css('background-color', WHITE);\n});",
              "err": {},
              "uuid": "7e73e70e-363a-4e63-917a-a2a378dce6f1",
              "parentUUID": "26572eaf-5a94-4988-b0b0-0e7b4f336d06",
              "isHook": false,
              "skipped": false
            },
            {
              "title": "Verifica se o quadro de pixels aparece abaixo da paleta de cores",
              "fullTitle": "4 - Adicione à página um quadro de pixels, com 25 pixels. Verifica se o quadro de pixels aparece abaixo da paleta de cores",
              "timedOut": null,
              "duration": 92,
              "state": "passed",
              "speed": "slow",
              "pass": true,
              "fail": false,
              "pending": false,
              "context": null,
              "code": "cy.get('#color-palette').then(function (palette) {\n  cy.get('#pixel-board').should('be.belowOf', palette);\n});",
              "err": {},
              "uuid": "e921851a-895b-4c17-8b58-acdf5051899f",
              "parentUUID": "26572eaf-5a94-4988-b0b0-0e7b4f336d06",
              "isHook": false,
              "skipped": false
            }
          ],
          "suites": [],
          "passes": [
            "018a0186-ab8b-417b-ae8a-98d1a622de43",
            "61d9f9d9-5301-4218-ae47-d9ff8ac94900",
            "7e73e70e-363a-4e63-917a-a2a378dce6f1",
            "e921851a-895b-4c17-8b58-acdf5051899f"
          ],
          "failures": [],
          "pending": [],
          "skipped": [],
          "duration": 674,
          "root": false,
          "rootEmpty": false,
          "_timeout": 2000
        },
        {
          "uuid": "2e686f73-debb-49fb-a263-6864042d60c0",
          "title": "5 - Faça com que cada elemento do quadro de pixels possua 40 pixels de largura, 40 pixels de altura e seja delimitado por uma borda preta de 1 pixel.",
          "fullFile": "",
          "file": "",
          "beforeHooks": [],
          "afterHooks": [],
          "tests": [
            {
              "title": "Verifica se o quadro de pixels tem altura e comprimento de 5 elementos",
              "fullTitle": "5 - Faça com que cada elemento do quadro de pixels possua 40 pixels de largura, 40 pixels de altura e seja delimitado por uma borda preta de 1 pixel. Verifica se o quadro de pixels tem altura e comprimento de 5 elementos",
              "timedOut": null,
              "duration": 364,
              "state": "passed",
              "speed": "slow",
              "pass": true,
              "fail": false,
              "pending": false,
              "context": null,
              "code": "cy.get('.pixel').should('have.length', 25).each(function (pixel) {\n  expect(pixel).to.have.css('background-color', WHITE);\n}).and(function (pixels) {\n  var rows = chunk(pixels, 5);\n  rows.forEach(function (row) {\n    for (var index = 1; index < row.length; index += 1) {\n      var current = pixels[index];\n      var previous = pixels[index - 1];\n      cy.wrap(current).should('be.onTheRightOf', previous).and('be.horizontallyAlignedWith', previous);\n    }\n  });\n  for (var index = 1; index < 5; index += 1) {\n    expect(pixels[index * 5]).to.be.belowOf(pixels[(index - 1) * 5]);\n  }\n});",
              "err": {},
              "uuid": "841807b9-7e69-4bf0-acc1-302d1d5d2e9a",
              "parentUUID": "2e686f73-debb-49fb-a263-6864042d60c0",
              "isHook": false,
              "skipped": false
            },
            {
              "title": "Verifica se 40 pixels é o tamanho total do elemento, incluindo seu conteúdo e excluindo a borda preta, que deve ser criada à parte.",
              "fullTitle": "5 - Faça com que cada elemento do quadro de pixels possua 40 pixels de largura, 40 pixels de altura e seja delimitado por uma borda preta de 1 pixel. Verifica se 40 pixels é o tamanho total do elemento, incluindo seu conteúdo e excluindo a borda preta, que deve ser criada à parte.",
              "timedOut": null,
              "duration": 321,
              "state": "passed",
              "speed": "slow",
              "pass": true,
              "fail": false,
              "pending": false,
              "context": null,
              "code": "cy.get('.pixel').each(function (pixel) {\n  cy.wrap(pixel).should('have.css', 'height', '40px').and('have.css', 'width', '40px').and('have.css', 'border', \"1px solid \".concat(BLACK));\n});",
              "err": {},
              "uuid": "757bd432-cacc-49c5-9ac9-cd2478b14830",
              "parentUUID": "2e686f73-debb-49fb-a263-6864042d60c0",
              "isHook": false,
              "skipped": false
            }
          ],
          "suites": [],
          "passes": [
            "841807b9-7e69-4bf0-acc1-302d1d5d2e9a",
            "757bd432-cacc-49c5-9ac9-cd2478b14830"
          ],
          "failures": [],
          "pending": [],
          "skipped": [],
          "duration": 685,
          "root": false,
          "rootEmpty": false,
          "_timeout": 2000
        },
        {
          "uuid": "9689d875-e062-4176-af6a-460004b9805b",
          "title": "6 - Defina a cor preta como cor inicial. Ao carregar a página a cor preta já deve estar selecionada para pintar os pixels",
          "fullFile": "",
          "file": "",
          "beforeHooks": [],
          "afterHooks": [],
          "tests": [
            {
              "title": "Verifica se o elemento da cor preta possui, inicialmente, a `classe` `selected`",
              "fullTitle": "6 - Defina a cor preta como cor inicial. Ao carregar a página a cor preta já deve estar selecionada para pintar os pixels Verifica se o elemento da cor preta possui, inicialmente, a `classe` `selected`",
              "timedOut": null,
              "duration": 136,
              "state": "passed",
              "speed": "slow",
              "pass": true,
              "fail": false,
              "pending": false,
              "context": null,
              "code": "cy.get('.selected').first().should('have.css', 'background-color', BLACK);",
              "err": {},
              "uuid": "ad91b727-f087-4532-b39b-6455960f21a8",
              "parentUUID": "9689d875-e062-4176-af6a-460004b9805b",
              "isHook": false,
              "skipped": false
            },
            {
              "title": "Verifica se nenhuma outra cor da paleta tem a `classe` `selected`",
              "fullTitle": "6 - Defina a cor preta como cor inicial. Ao carregar a página a cor preta já deve estar selecionada para pintar os pixels Verifica se nenhuma outra cor da paleta tem a `classe` `selected`",
              "timedOut": null,
              "duration": 113,
              "state": "passed",
              "speed": "slow",
              "pass": true,
              "fail": false,
              "pending": false,
              "context": null,
              "code": "cy.get('.color:not(:first-child)').each(function (color) {\n  cy.wrap(color).should('not.have.class', 'selected');\n});",
              "err": {},
              "uuid": "b08b354d-79d9-4043-87ce-c2e3c431fbff",
              "parentUUID": "9689d875-e062-4176-af6a-460004b9805b",
              "isHook": false,
              "skipped": false
            }
          ],
          "suites": [],
          "passes": [
            "ad91b727-f087-4532-b39b-6455960f21a8",
            "b08b354d-79d9-4043-87ce-c2e3c431fbff"
          ],
          "failures": [],
          "pending": [],
          "skipped": [],
          "duration": 249,
          "root": false,
          "rootEmpty": false,
          "_timeout": 2000
        },
        {
          "uuid": "bb3b4043-6171-4e61-a392-962f9a6603a5",
          "title": "7 - Clicar em uma das cores da paleta, faz com que ela seja selecionada e utilizada para preencher os pixels no quadro.",
          "fullFile": "",
          "file": "",
          "beforeHooks": [],
          "afterHooks": [],
          "tests": [
            {
              "title": "Verifica se somente uma cor da paleta de cores tem a classe `selected` de cada vez",
              "fullTitle": "7 - Clicar em uma das cores da paleta, faz com que ela seja selecionada e utilizada para preencher os pixels no quadro. Verifica se somente uma cor da paleta de cores tem a classe `selected` de cada vez",
              "timedOut": null,
              "duration": 499,
              "state": "passed",
              "speed": "slow",
              "pass": true,
              "fail": false,
              "pending": false,
              "context": null,
              "code": "cy.get('.color').each(function (selectedColor, selectedColorIndex) {\n  cy.wrap(selectedColor).click();\n  cy.get('.color').each(function (color, colorIndex) {\n    if (colorIndex === selectedColorIndex) {\n      expect(color).to.have[\"class\"]('selected');\n    } else {\n      expect(color).not.to.have[\"class\"]('selected');\n    }\n  });\n});",
              "err": {},
              "uuid": "bbfc989e-a189-4e4e-b37d-cabfdb1d7a12",
              "parentUUID": "bb3b4043-6171-4e61-a392-962f9a6603a5",
              "isHook": false,
              "skipped": false
            },
            {
              "title": "Verifica se os pixels dentro do quadro não têm a classe `selected` quando são clicados",
              "fullTitle": "7 - Clicar em uma das cores da paleta, faz com que ela seja selecionada e utilizada para preencher os pixels no quadro. Verifica se os pixels dentro do quadro não têm a classe `selected` quando são clicados",
              "timedOut": null,
              "duration": 8407,
              "state": "passed",
              "speed": "slow",
              "pass": true,
              "fail": false,
              "pending": false,
              "context": null,
              "code": "cy.get('.color').each(function (color) {\n  var backgroundColor = color.css('background-color');\n  cy.wrap(color).click();\n  cy.get('.pixel').each(function (pixel) {\n    cy.wrap(pixel).click().should('not.have.class', 'selected');\n  });\n});",
              "err": {},
              "uuid": "5746f607-6256-4778-9a6e-d8c9eb06d048",
              "parentUUID": "bb3b4043-6171-4e61-a392-962f9a6603a5",
              "isHook": false,
              "skipped": false
            }
          ],
          "suites": [],
          "passes": [
            "bbfc989e-a189-4e4e-b37d-cabfdb1d7a12",
            "5746f607-6256-4778-9a6e-d8c9eb06d048"
          ],
          "failures": [],
          "pending": [],
          "skipped": [],
          "duration": 8906,
          "root": false,
          "rootEmpty": false,
          "_timeout": 2000
        },
        {
          "uuid": "4d9519df-a327-40a3-9a49-ae3e9f77071b",
          "title": "8 - Clicar em um pixel dentro do quadro após selecionar uma cor na paleta, faz com que o pixel seja preenchido com a cor selecionada.",
          "fullFile": "",
          "file": "",
          "beforeHooks": [],
          "afterHooks": [],
          "tests": [
            {
              "title": "Verifica se ao carregar a página deve ser possível pintar os pixels de preto",
              "fullTitle": "8 - Clicar em um pixel dentro do quadro após selecionar uma cor na paleta, faz com que o pixel seja preenchido com a cor selecionada. Verifica se ao carregar a página deve ser possível pintar os pixels de preto",
              "timedOut": null,
              "duration": 2168,
              "state": "passed",
              "speed": "slow",
              "pass": true,
              "fail": false,
              "pending": false,
              "context": null,
              "code": "cy.get('.pixel').each(function (pixel) {\n  cy.wrap(pixel).click().should('have.css', 'background-color', BLACK);\n});",
              "err": {},
              "uuid": "11ea1914-f9fe-4e11-9e28-33578ae26390",
              "parentUUID": "4d9519df-a327-40a3-9a49-ae3e9f77071b",
              "isHook": false,
              "skipped": false
            },
            {
              "title": "Verifica se após selecionar uma outra cor na paleta, é possível pintar os pixels com essa cor",
              "fullTitle": "8 - Clicar em um pixel dentro do quadro após selecionar uma cor na paleta, faz com que o pixel seja preenchido com a cor selecionada. Verifica se após selecionar uma outra cor na paleta, é possível pintar os pixels com essa cor",
              "timedOut": null,
              "duration": 8340,
              "state": "passed",
              "speed": "slow",
              "pass": true,
              "fail": false,
              "pending": false,
              "context": null,
              "code": "cy.get('.color').each(function (color) {\n  var backgroundColor = color.css('background-color');\n  cy.wrap(color).click();\n  cy.get('.pixel').each(function (pixel) {\n    cy.wrap(pixel).click().should('have.css', 'background-color', backgroundColor);\n  });\n});",
              "err": {},
              "uuid": "49ad9ce8-7a50-4100-8ac2-aa8fa709d523",
              "parentUUID": "4d9519df-a327-40a3-9a49-ae3e9f77071b",
              "isHook": false,
              "skipped": false
            },
            {
              "title": "Verifica se somente o pixel que foi clicado foi preenchido com a cor selecionada, sem influenciar na cor dos demais pixels.",
              "fullTitle": "8 - Clicar em um pixel dentro do quadro após selecionar uma cor na paleta, faz com que o pixel seja preenchido com a cor selecionada. Verifica se somente o pixel que foi clicado foi preenchido com a cor selecionada, sem influenciar na cor dos demais pixels.",
              "timedOut": null,
              "duration": 1770,
              "state": "passed",
              "speed": "slow",
              "pass": true,
              "fail": false,
              "pending": false,
              "context": null,
              "code": "var colorToPixelIndexMap = {\n  0: 6,\n  1: 8,\n  2: 16,\n  3: 18\n};\ncy.get('.color').each(function (color, index) {\n  cy.wrap(color).click();\n  var backgroundColor = color.css('background-color');\n  var clickedPixelIndex = colorToPixelIndexMap[index];\n  cy.get('.pixel').eq(clickedPixelIndex).click();\n  cy.get('.pixel').eq(clickedPixelIndex - 1).should('not.have.css', 'background-color', backgroundColor);\n  cy.get('.pixel').eq(clickedPixelIndex + 1).should('not.have.css', 'background-color', backgroundColor);\n  cy.get('.pixel').eq(clickedPixelIndex - 5).should('not.have.css', 'background-color', backgroundColor);\n  cy.get('.pixel').eq(clickedPixelIndex + 5).should('not.have.css', 'background-color', backgroundColor);\n  cy.get('.pixel').eq(clickedPixelIndex - 6).should('not.have.css', 'background-color', backgroundColor);\n  cy.get('.pixel').eq(clickedPixelIndex - 4).should('not.have.css', 'background-color', backgroundColor);\n  cy.get('.pixel').eq(clickedPixelIndex + 4).should('not.have.css', 'background-color', backgroundColor);\n  cy.get('.pixel').eq(clickedPixelIndex + 6).should('not.have.css', 'background-color', backgroundColor);\n});",
              "err": {},
              "uuid": "6405e56b-e896-44f1-bc87-56d4dce14c57",
              "parentUUID": "4d9519df-a327-40a3-9a49-ae3e9f77071b",
              "isHook": false,
              "skipped": false
            }
          ],
          "suites": [],
          "passes": [
            "11ea1914-f9fe-4e11-9e28-33578ae26390",
            "49ad9ce8-7a50-4100-8ac2-aa8fa709d523",
            "6405e56b-e896-44f1-bc87-56d4dce14c57"
          ],
          "failures": [],
          "pending": [],
          "skipped": [],
          "duration": 12278,
          "root": false,
          "rootEmpty": false,
          "_timeout": 2000
        },
        {
          "uuid": "fd0a2765-23c7-4725-917e-df6d7b14ff9e",
          "title": "9 - Crie um botão que, ao ser clicado, limpa o quadro preenchendo a cor de todos seus pixels com branco.",
          "fullFile": "",
          "file": "",
          "beforeHooks": [],
          "afterHooks": [],
          "tests": [
            {
              "title": "Verifica se o botão tem o `id` denominado `clear-board`",
              "fullTitle": "9 - Crie um botão que, ao ser clicado, limpa o quadro preenchendo a cor de todos seus pixels com branco. Verifica se o botão tem o `id` denominado `clear-board`",
              "timedOut": null,
              "duration": 4357,
              "state": "failed",
              "speed": null,
              "pass": false,
              "fail": true,
              "pending": false,
              "context": null,
              "code": "cy.get('#clear-board').should('be.visible');",
              "err": {
                "message": "CypressError: Timed out retrying: Expected to find element: '#clear-board', but never found it.",
                "estack": "CypressError: Timed out retrying: Expected to find element: '#clear-board', but never found it.\n    at cypressErr (http://localhost:39307/__cypress/runner/cypress_runner.js:149934:9)\n    at throwErr (http://localhost:39307/__cypress/runner/cypress_runner.js:149867:11)\n    at Object.throwErrByPath (http://localhost:39307/__cypress/runner/cypress_runner.js:149915:3)\n    at retry (http://localhost:39307/__cypress/runner/cypress_runner.js:144197:19)\n    at onFailFn (http://localhost:39307/__cypress/runner/cypress_runner.js:132448:16)\n    at tryCatcher (http://localhost:39307/__cypress/runner/cypress_runner.js:167415:23)\n    at Promise._settlePromiseFromHandler (http://localhost:39307/__cypress/runner/cypress_runner.js:165351:31)\n    at Promise._settlePromise (http://localhost:39307/__cypress/runner/cypress_runner.js:165408:18)\n    at Promise._settlePromise0 (http://localhost:39307/__cypress/runner/cypress_runner.js:165453:10)\n    at Promise._settlePromises (http://localhost:39307/__cypress/runner/cypress_runner.js:165528:18)\n    at Async../node_modules/bluebird/js/release/async.js.Async._drainQueue (http://localhost:39307/__cypress/runner/cypress_runner.js:162140:16)\n    at Async../node_modules/bluebird/js/release/async.js.Async._drainQueues (http://localhost:39307/__cypress/runner/cypress_runner.js:162150:10)\n    at Async.drainQueues (http://localhost:39307/__cypress/runner/cypress_runner.js:162024:14)",
                "diff": null
              },
              "uuid": "ed439a8f-e8bf-4cdf-9005-9f897621cd5b",
              "parentUUID": "fd0a2765-23c7-4725-917e-df6d7b14ff9e",
              "isHook": false,
              "skipped": false
            },
            {
              "title": "Verifica se o botão está posicionado entre a paleta de cores e o quadro de pixels",
              "fullTitle": "9 - Crie um botão que, ao ser clicado, limpa o quadro preenchendo a cor de todos seus pixels com branco. Verifica se o botão está posicionado entre a paleta de cores e o quadro de pixels",
              "timedOut": null,
              "duration": 4328,
              "state": "failed",
              "speed": null,
              "pass": false,
              "fail": true,
              "pending": false,
              "context": null,
              "code": "cy.get('#color-palette').then(function (palette) {\n  cy.get('#clear-board').should('be.belowOf', palette);\n});\ncy.get('#clear-board').then(function (clearBtn) {\n  cy.get('#pixel-board').should('be.belowOf', clearBtn);\n});",
              "err": {
                "message": "CypressError: Timed out retrying: Expected to find element: '#clear-board', but never found it.",
                "estack": "CypressError: Timed out retrying: Expected to find element: '#clear-board', but never found it.\n    at cypressErr (http://localhost:39307/__cypress/runner/cypress_runner.js:149934:9)\n    at throwErr (http://localhost:39307/__cypress/runner/cypress_runner.js:149867:11)\n    at Object.throwErrByPath (http://localhost:39307/__cypress/runner/cypress_runner.js:149915:3)\n    at retry (http://localhost:39307/__cypress/runner/cypress_runner.js:144197:19)\n    at onFailFn (http://localhost:39307/__cypress/runner/cypress_runner.js:132448:16)\n    at tryCatcher (http://localhost:39307/__cypress/runner/cypress_runner.js:167415:23)\n    at Promise._settlePromiseFromHandler (http://localhost:39307/__cypress/runner/cypress_runner.js:165351:31)\n    at Promise._settlePromise (http://localhost:39307/__cypress/runner/cypress_runner.js:165408:18)\n    at Promise._settlePromise0 (http://localhost:39307/__cypress/runner/cypress_runner.js:165453:10)\n    at Promise._settlePromises (http://localhost:39307/__cypress/runner/cypress_runner.js:165528:18)\n    at Async../node_modules/bluebird/js/release/async.js.Async._drainQueue (http://localhost:39307/__cypress/runner/cypress_runner.js:162140:16)\n    at Async../node_modules/bluebird/js/release/async.js.Async._drainQueues (http://localhost:39307/__cypress/runner/cypress_runner.js:162150:10)\n    at Async.drainQueues (http://localhost:39307/__cypress/runner/cypress_runner.js:162024:14)",
                "diff": null
              },
              "uuid": "c60c2fb0-f301-40ce-9e60-6e34d75c2d3d",
              "parentUUID": "fd0a2765-23c7-4725-917e-df6d7b14ff9e",
              "isHook": false,
              "skipped": false
            },
            {
              "title": "Verifica se o texto do botão é 'Limpar'",
              "fullTitle": "9 - Crie um botão que, ao ser clicado, limpa o quadro preenchendo a cor de todos seus pixels com branco. Verifica se o texto do botão é 'Limpar'",
              "timedOut": null,
              "duration": 4329,
              "state": "failed",
              "speed": null,
              "pass": false,
              "fail": true,
              "pending": false,
              "context": null,
              "code": "cy.get('#clear-board').should('contain.text', 'Limpar');",
              "err": {
                "message": "CypressError: Timed out retrying: Expected to find element: '#clear-board', but never found it.",
                "estack": "CypressError: Timed out retrying: Expected to find element: '#clear-board', but never found it.\n    at cypressErr (http://localhost:39307/__cypress/runner/cypress_runner.js:149934:9)\n    at throwErr (http://localhost:39307/__cypress/runner/cypress_runner.js:149867:11)\n    at Object.throwErrByPath (http://localhost:39307/__cypress/runner/cypress_runner.js:149915:3)\n    at retry (http://localhost:39307/__cypress/runner/cypress_runner.js:144197:19)\n    at onFailFn (http://localhost:39307/__cypress/runner/cypress_runner.js:132448:16)\n    at tryCatcher (http://localhost:39307/__cypress/runner/cypress_runner.js:167415:23)\n    at Promise._settlePromiseFromHandler (http://localhost:39307/__cypress/runner/cypress_runner.js:165351:31)\n    at Promise._settlePromise (http://localhost:39307/__cypress/runner/cypress_runner.js:165408:18)\n    at Promise._settlePromise0 (http://localhost:39307/__cypress/runner/cypress_runner.js:165453:10)\n    at Promise._settlePromises (http://localhost:39307/__cypress/runner/cypress_runner.js:165528:18)\n    at Async../node_modules/bluebird/js/release/async.js.Async._drainQueue (http://localhost:39307/__cypress/runner/cypress_runner.js:162140:16)\n    at Async../node_modules/bluebird/js/release/async.js.Async._drainQueues (http://localhost:39307/__cypress/runner/cypress_runner.js:162150:10)\n    at Async.drainQueues (http://localhost:39307/__cypress/runner/cypress_runner.js:162024:14)",
                "diff": null
              },
              "uuid": "a7ea8b0e-39ea-4c99-be70-8b8350b79265",
              "parentUUID": "fd0a2765-23c7-4725-917e-df6d7b14ff9e",
              "isHook": false,
              "skipped": false
            },
            {
              "title": "Verifica se ao clicar no botão, o quadro de pixels é totalmente preenchido de branco",
              "fullTitle": "9 - Crie um botão que, ao ser clicado, limpa o quadro preenchendo a cor de todos seus pixels com branco. Verifica se ao clicar no botão, o quadro de pixels é totalmente preenchido de branco",
              "timedOut": null,
              "duration": 6365,
              "state": "failed",
              "speed": null,
              "pass": false,
              "fail": true,
              "pending": false,
              "context": null,
              "code": "cy.get('.color').eq(1).then(function (color) {\n  var backgroundColor = color.css('background-color');\n  cy.wrap(color).click();\n  cy.get('.pixel').each(function (pixel) {\n    cy.wrap(pixel).click().should('have.css', 'background-color', backgroundColor);\n  });\n});\ncy.get('#clear-board').click();\ncy.get('.pixel').each(function (pixel) {\n  cy.wrap(pixel).should('have.css', 'background-color', WHITE);\n});",
              "err": {
                "message": "CypressError: Timed out retrying: Expected to find element: '#clear-board', but never found it.",
                "estack": "CypressError: Timed out retrying: Expected to find element: '#clear-board', but never found it.\n    at cypressErr (http://localhost:39307/__cypress/runner/cypress_runner.js:149934:9)\n    at throwErr (http://localhost:39307/__cypress/runner/cypress_runner.js:149867:11)\n    at Object.throwErrByPath (http://localhost:39307/__cypress/runner/cypress_runner.js:149915:3)\n    at retry (http://localhost:39307/__cypress/runner/cypress_runner.js:144197:19)\n    at onFailFn (http://localhost:39307/__cypress/runner/cypress_runner.js:132448:16)\n    at tryCatcher (http://localhost:39307/__cypress/runner/cypress_runner.js:167415:23)\n    at Promise._settlePromiseFromHandler (http://localhost:39307/__cypress/runner/cypress_runner.js:165351:31)\n    at Promise._settlePromise (http://localhost:39307/__cypress/runner/cypress_runner.js:165408:18)\n    at Promise._settlePromise0 (http://localhost:39307/__cypress/runner/cypress_runner.js:165453:10)\n    at Promise._settlePromises (http://localhost:39307/__cypress/runner/cypress_runner.js:165528:18)\n    at Async../node_modules/bluebird/js/release/async.js.Async._drainQueue (http://localhost:39307/__cypress/runner/cypress_runner.js:162140:16)\n    at Async../node_modules/bluebird/js/release/async.js.Async._drainQueues (http://localhost:39307/__cypress/runner/cypress_runner.js:162150:10)\n    at Async.drainQueues (http://localhost:39307/__cypress/runner/cypress_runner.js:162024:14)",
                "diff": null
              },
              "uuid": "9c968012-17bd-4cdb-b8d2-9baead09aa38",
              "parentUUID": "fd0a2765-23c7-4725-917e-df6d7b14ff9e",
              "isHook": false,
              "skipped": false
            }
          ],
          "suites": [],
          "passes": [],
          "failures": [
            "ed439a8f-e8bf-4cdf-9005-9f897621cd5b",
            "c60c2fb0-f301-40ce-9e60-6e34d75c2d3d",
            "a7ea8b0e-39ea-4c99-be70-8b8350b79265",
            "9c968012-17bd-4cdb-b8d2-9baead09aa38"
          ],
          "pending": [],
          "skipped": [],
          "duration": 19379,
          "root": false,
          "rootEmpty": false,
          "_timeout": 2000
        },
        {
          "uuid": "207cf4c1-f0b6-4bf6-ac1b-ab285d6bfa2c",
          "title": "10 - Faça o quadro de pixels ter seu tamanho definido pelo usuário.",
          "fullFile": "",
          "file": "",
          "beforeHooks": [],
          "afterHooks": [],
          "tests": [
            {
              "title": "Verifica se existe um input com o id `board-size`",
              "fullTitle": "10 - Faça o quadro de pixels ter seu tamanho definido pelo usuário. Verifica se existe um input com o id `board-size`",
              "timedOut": null,
              "duration": 4264,
              "state": "failed",
              "speed": null,
              "pass": false,
              "fail": true,
              "pending": false,
              "context": null,
              "code": "cy.get('#board-size').should('be.visible');",
              "err": {
                "message": "CypressError: Timed out retrying: Expected to find element: '#board-size', but never found it.",
                "estack": "CypressError: Timed out retrying: Expected to find element: '#board-size', but never found it.\n    at cypressErr (http://localhost:39307/__cypress/runner/cypress_runner.js:149934:9)\n    at throwErr (http://localhost:39307/__cypress/runner/cypress_runner.js:149867:11)\n    at Object.throwErrByPath (http://localhost:39307/__cypress/runner/cypress_runner.js:149915:3)\n    at retry (http://localhost:39307/__cypress/runner/cypress_runner.js:144197:19)\n    at onFailFn (http://localhost:39307/__cypress/runner/cypress_runner.js:132448:16)\n    at tryCatcher (http://localhost:39307/__cypress/runner/cypress_runner.js:167415:23)\n    at Promise._settlePromiseFromHandler (http://localhost:39307/__cypress/runner/cypress_runner.js:165351:31)\n    at Promise._settlePromise (http://localhost:39307/__cypress/runner/cypress_runner.js:165408:18)\n    at Promise._settlePromise0 (http://localhost:39307/__cypress/runner/cypress_runner.js:165453:10)\n    at Promise._settlePromises (http://localhost:39307/__cypress/runner/cypress_runner.js:165528:18)\n    at Async../node_modules/bluebird/js/release/async.js.Async._drainQueue (http://localhost:39307/__cypress/runner/cypress_runner.js:162140:16)\n    at Async../node_modules/bluebird/js/release/async.js.Async._drainQueues (http://localhost:39307/__cypress/runner/cypress_runner.js:162150:10)\n    at Async.drainQueues (http://localhost:39307/__cypress/runner/cypress_runner.js:162024:14)",
                "diff": null
              },
              "uuid": "8a0e0030-7c82-4acc-bf38-a70f899c5559",
              "parentUUID": "207cf4c1-f0b6-4bf6-ac1b-ab285d6bfa2c",
              "isHook": false,
              "skipped": false
            },
            {
              "title": "Verifica se existe um botão com o id `generate-board`",
              "fullTitle": "10 - Faça o quadro de pixels ter seu tamanho definido pelo usuário. Verifica se existe um botão com o id `generate-board`",
              "timedOut": null,
              "duration": 4336,
              "state": "failed",
              "speed": null,
              "pass": false,
              "fail": true,
              "pending": false,
              "context": null,
              "code": "cy.get('#generate-board').should('be.visible');",
              "err": {
                "message": "CypressError: Timed out retrying: Expected to find element: '#generate-board', but never found it.",
                "estack": "CypressError: Timed out retrying: Expected to find element: '#generate-board', but never found it.\n    at cypressErr (http://localhost:39307/__cypress/runner/cypress_runner.js:149934:9)\n    at throwErr (http://localhost:39307/__cypress/runner/cypress_runner.js:149867:11)\n    at Object.throwErrByPath (http://localhost:39307/__cypress/runner/cypress_runner.js:149915:3)\n    at retry (http://localhost:39307/__cypress/runner/cypress_runner.js:144197:19)\n    at onFailFn (http://localhost:39307/__cypress/runner/cypress_runner.js:132448:16)\n    at tryCatcher (http://localhost:39307/__cypress/runner/cypress_runner.js:167415:23)\n    at Promise._settlePromiseFromHandler (http://localhost:39307/__cypress/runner/cypress_runner.js:165351:31)\n    at Promise._settlePromise (http://localhost:39307/__cypress/runner/cypress_runner.js:165408:18)\n    at Promise._settlePromise0 (http://localhost:39307/__cypress/runner/cypress_runner.js:165453:10)\n    at Promise._settlePromises (http://localhost:39307/__cypress/runner/cypress_runner.js:165528:18)\n    at Async../node_modules/bluebird/js/release/async.js.Async._drainQueue (http://localhost:39307/__cypress/runner/cypress_runner.js:162140:16)\n    at Async../node_modules/bluebird/js/release/async.js.Async._drainQueues (http://localhost:39307/__cypress/runner/cypress_runner.js:162150:10)\n    at Async.drainQueues (http://localhost:39307/__cypress/runner/cypress_runner.js:162024:14)",
                "diff": null
              },
              "uuid": "0d403d00-efda-45ae-9c87-849a16cc79c5",
              "parentUUID": "207cf4c1-f0b6-4bf6-ac1b-ab285d6bfa2c",
              "isHook": false,
              "skipped": false
            },
            {
              "title": "Verifica se o input só aceita número maiores que zero. Essa restrição deve ser feita usando os atributos do elemento `input`",
              "fullTitle": "10 - Faça o quadro de pixels ter seu tamanho definido pelo usuário. Verifica se o input só aceita número maiores que zero. Essa restrição deve ser feita usando os atributos do elemento `input`",
              "timedOut": null,
              "duration": 4334,
              "state": "failed",
              "speed": null,
              "pass": false,
              "fail": true,
              "pending": false,
              "context": null,
              "code": "cy.get('#board-size[type=\\'number\\'][min=\\'1\\']');",
              "err": {
                "message": "CypressError: Timed out retrying: Expected to find element: '#board-size[type='number'][min='1']', but never found it.",
                "estack": "CypressError: Timed out retrying: Expected to find element: '#board-size[type='number'][min='1']', but never found it.\n    at cypressErr (http://localhost:39307/__cypress/runner/cypress_runner.js:149934:9)\n    at throwErr (http://localhost:39307/__cypress/runner/cypress_runner.js:149867:11)\n    at Object.throwErrByPath (http://localhost:39307/__cypress/runner/cypress_runner.js:149915:3)\n    at retry (http://localhost:39307/__cypress/runner/cypress_runner.js:144197:19)\n    at onFailFn (http://localhost:39307/__cypress/runner/cypress_runner.js:132448:16)\n    at tryCatcher (http://localhost:39307/__cypress/runner/cypress_runner.js:167415:23)\n    at Promise._settlePromiseFromHandler (http://localhost:39307/__cypress/runner/cypress_runner.js:165351:31)\n    at Promise._settlePromise (http://localhost:39307/__cypress/runner/cypress_runner.js:165408:18)\n    at Promise._settlePromise0 (http://localhost:39307/__cypress/runner/cypress_runner.js:165453:10)\n    at Promise._settlePromises (http://localhost:39307/__cypress/runner/cypress_runner.js:165528:18)\n    at Async../node_modules/bluebird/js/release/async.js.Async._drainQueue (http://localhost:39307/__cypress/runner/cypress_runner.js:162140:16)\n    at Async../node_modules/bluebird/js/release/async.js.Async._drainQueues (http://localhost:39307/__cypress/runner/cypress_runner.js:162150:10)\n    at Async.drainQueues (http://localhost:39307/__cypress/runner/cypress_runner.js:162024:14)",
                "diff": null
              },
              "uuid": "034032af-628d-4679-9285-598008d4f3ed",
              "parentUUID": "207cf4c1-f0b6-4bf6-ac1b-ab285d6bfa2c",
              "isHook": false,
              "skipped": false
            },
            {
              "title": "Verifica se o botão contém o texto 'VQV'",
              "fullTitle": "10 - Faça o quadro de pixels ter seu tamanho definido pelo usuário. Verifica se o botão contém o texto 'VQV'",
              "timedOut": null,
              "duration": 4322,
              "state": "failed",
              "speed": null,
              "pass": false,
              "fail": true,
              "pending": false,
              "context": null,
              "code": "cy.get('#generate-board').contains(/vqv/i);",
              "err": {
                "message": "CypressError: Timed out retrying: Expected to find element: '#generate-board', but never found it.",
                "estack": "CypressError: Timed out retrying: Expected to find element: '#generate-board', but never found it.\n    at cypressErr (http://localhost:39307/__cypress/runner/cypress_runner.js:149934:9)\n    at throwErr (http://localhost:39307/__cypress/runner/cypress_runner.js:149867:11)\n    at Object.throwErrByPath (http://localhost:39307/__cypress/runner/cypress_runner.js:149915:3)\n    at retry (http://localhost:39307/__cypress/runner/cypress_runner.js:144197:19)\n    at onFailFn (http://localhost:39307/__cypress/runner/cypress_runner.js:132448:16)\n    at tryCatcher (http://localhost:39307/__cypress/runner/cypress_runner.js:167415:23)\n    at Promise._settlePromiseFromHandler (http://localhost:39307/__cypress/runner/cypress_runner.js:165351:31)\n    at Promise._settlePromise (http://localhost:39307/__cypress/runner/cypress_runner.js:165408:18)\n    at Promise._settlePromise0 (http://localhost:39307/__cypress/runner/cypress_runner.js:165453:10)\n    at Promise._settlePromises (http://localhost:39307/__cypress/runner/cypress_runner.js:165528:18)\n    at Async../node_modules/bluebird/js/release/async.js.Async._drainQueue (http://localhost:39307/__cypress/runner/cypress_runner.js:162140:16)\n    at Async../node_modules/bluebird/js/release/async.js.Async._drainQueues (http://localhost:39307/__cypress/runner/cypress_runner.js:162150:10)\n    at Async.drainQueues (http://localhost:39307/__cypress/runner/cypress_runner.js:162024:14)",
                "diff": null
              },
              "uuid": "3e6e584d-2eee-4c5e-b05d-e9725c26f6fc",
              "parentUUID": "207cf4c1-f0b6-4bf6-ac1b-ab285d6bfa2c",
              "isHook": false,
              "skipped": false
            },
            {
              "title": "Verifica se o input está posicionado entre a paleta de cores e o quadro de pixels",
              "fullTitle": "10 - Faça o quadro de pixels ter seu tamanho definido pelo usuário. Verifica se o input está posicionado entre a paleta de cores e o quadro de pixels",
              "timedOut": null,
              "duration": 4295,
              "state": "failed",
              "speed": null,
              "pass": false,
              "fail": true,
              "pending": false,
              "context": null,
              "code": "cy.get('#color-palette').then(function (palette) {\n  cy.get('#board-size').should('be.belowOf', palette);\n});\ncy.get('#board-size').then(function (palette) {\n  cy.get('#pixel-board').should('be.belowOf', palette);\n});",
              "err": {
                "message": "CypressError: Timed out retrying: Expected to find element: '#board-size', but never found it.",
                "estack": "CypressError: Timed out retrying: Expected to find element: '#board-size', but never found it.\n    at cypressErr (http://localhost:39307/__cypress/runner/cypress_runner.js:149934:9)\n    at throwErr (http://localhost:39307/__cypress/runner/cypress_runner.js:149867:11)\n    at Object.throwErrByPath (http://localhost:39307/__cypress/runner/cypress_runner.js:149915:3)\n    at retry (http://localhost:39307/__cypress/runner/cypress_runner.js:144197:19)\n    at onFailFn (http://localhost:39307/__cypress/runner/cypress_runner.js:132448:16)\n    at tryCatcher (http://localhost:39307/__cypress/runner/cypress_runner.js:167415:23)\n    at Promise._settlePromiseFromHandler (http://localhost:39307/__cypress/runner/cypress_runner.js:165351:31)\n    at Promise._settlePromise (http://localhost:39307/__cypress/runner/cypress_runner.js:165408:18)\n    at Promise._settlePromise0 (http://localhost:39307/__cypress/runner/cypress_runner.js:165453:10)\n    at Promise._settlePromises (http://localhost:39307/__cypress/runner/cypress_runner.js:165528:18)\n    at Async../node_modules/bluebird/js/release/async.js.Async._drainQueue (http://localhost:39307/__cypress/runner/cypress_runner.js:162140:16)\n    at Async../node_modules/bluebird/js/release/async.js.Async._drainQueues (http://localhost:39307/__cypress/runner/cypress_runner.js:162150:10)\n    at Async.drainQueues (http://localhost:39307/__cypress/runner/cypress_runner.js:162024:14)",
                "diff": null
              },
              "uuid": "3ac19528-ca14-4465-86f4-436866d0958e",
              "parentUUID": "207cf4c1-f0b6-4bf6-ac1b-ab285d6bfa2c",
              "isHook": false,
              "skipped": false
            },
            {
              "title": "Verifica se o botão está posicionado ao lado do input",
              "fullTitle": "10 - Faça o quadro de pixels ter seu tamanho definido pelo usuário. Verifica se o botão está posicionado ao lado do input",
              "timedOut": null,
              "duration": 4372,
              "state": "failed",
              "speed": null,
              "pass": false,
              "fail": true,
              "pending": false,
              "context": null,
              "code": "cy.get('#board-size').then(function (board) {\n  cy.get('#generate-board').should('be.onTheRightOf', board);\n});",
              "err": {
                "message": "CypressError: Timed out retrying: Expected to find element: '#board-size', but never found it.",
                "estack": "CypressError: Timed out retrying: Expected to find element: '#board-size', but never found it.\n    at cypressErr (http://localhost:39307/__cypress/runner/cypress_runner.js:149934:9)\n    at throwErr (http://localhost:39307/__cypress/runner/cypress_runner.js:149867:11)\n    at Object.throwErrByPath (http://localhost:39307/__cypress/runner/cypress_runner.js:149915:3)\n    at retry (http://localhost:39307/__cypress/runner/cypress_runner.js:144197:19)\n    at onFailFn (http://localhost:39307/__cypress/runner/cypress_runner.js:132448:16)\n    at tryCatcher (http://localhost:39307/__cypress/runner/cypress_runner.js:167415:23)\n    at Promise._settlePromiseFromHandler (http://localhost:39307/__cypress/runner/cypress_runner.js:165351:31)\n    at Promise._settlePromise (http://localhost:39307/__cypress/runner/cypress_runner.js:165408:18)\n    at Promise._settlePromise0 (http://localhost:39307/__cypress/runner/cypress_runner.js:165453:10)\n    at Promise._settlePromises (http://localhost:39307/__cypress/runner/cypress_runner.js:165528:18)\n    at Async../node_modules/bluebird/js/release/async.js.Async._drainQueue (http://localhost:39307/__cypress/runner/cypress_runner.js:162140:16)\n    at Async../node_modules/bluebird/js/release/async.js.Async._drainQueues (http://localhost:39307/__cypress/runner/cypress_runner.js:162150:10)\n    at Async.drainQueues (http://localhost:39307/__cypress/runner/cypress_runner.js:162024:14)",
                "diff": null
              },
              "uuid": "717125e9-abc2-483d-9b0a-b2455a33cda5",
              "parentUUID": "207cf4c1-f0b6-4bf6-ac1b-ab285d6bfa2c",
              "isHook": false,
              "skipped": false
            },
            {
              "title": "Verifica se nenhum valor for colocado no input ao clicar no botão, um `alert` é exibido com o texto: 'Board inválido!'",
              "fullTitle": "10 - Faça o quadro de pixels ter seu tamanho definido pelo usuário. Verifica se nenhum valor for colocado no input ao clicar no botão, um `alert` é exibido com o texto: 'Board inválido!'",
              "timedOut": null,
              "duration": 4300,
              "state": "failed",
              "speed": null,
              "pass": false,
              "fail": true,
              "pending": false,
              "context": null,
              "code": "var alerted = false;\ncy.on('window:alert', function (msg) {\n  return alerted = msg;\n});\ncy.get('#generate-board').click().then(function () {\n  return expect(alerted).to.match(/Board inválido!/i);\n});",
              "err": {
                "message": "CypressError: Timed out retrying: Expected to find element: '#generate-board', but never found it.",
                "estack": "CypressError: Timed out retrying: Expected to find element: '#generate-board', but never found it.\n    at cypressErr (http://localhost:39307/__cypress/runner/cypress_runner.js:149934:9)\n    at throwErr (http://localhost:39307/__cypress/runner/cypress_runner.js:149867:11)\n    at Object.throwErrByPath (http://localhost:39307/__cypress/runner/cypress_runner.js:149915:3)\n    at retry (http://localhost:39307/__cypress/runner/cypress_runner.js:144197:19)\n    at onFailFn (http://localhost:39307/__cypress/runner/cypress_runner.js:132448:16)\n    at tryCatcher (http://localhost:39307/__cypress/runner/cypress_runner.js:167415:23)\n    at Promise._settlePromiseFromHandler (http://localhost:39307/__cypress/runner/cypress_runner.js:165351:31)\n    at Promise._settlePromise (http://localhost:39307/__cypress/runner/cypress_runner.js:165408:18)\n    at Promise._settlePromise0 (http://localhost:39307/__cypress/runner/cypress_runner.js:165453:10)\n    at Promise._settlePromises (http://localhost:39307/__cypress/runner/cypress_runner.js:165528:18)\n    at Async../node_modules/bluebird/js/release/async.js.Async._drainQueue (http://localhost:39307/__cypress/runner/cypress_runner.js:162140:16)\n    at Async../node_modules/bluebird/js/release/async.js.Async._drainQueues (http://localhost:39307/__cypress/runner/cypress_runner.js:162150:10)\n    at Async.drainQueues (http://localhost:39307/__cypress/runner/cypress_runner.js:162024:14)",
                "diff": null
              },
              "uuid": "b926de43-735f-4c1d-8f92-4c574c2809a6",
              "parentUUID": "207cf4c1-f0b6-4bf6-ac1b-ab285d6bfa2c",
              "isHook": false,
              "skipped": false
            },
            {
              "title": "Verifica se ao clicar no botão com um valor preenchido, o tamanho do board muda.",
              "fullTitle": "10 - Faça o quadro de pixels ter seu tamanho definido pelo usuário. Verifica se ao clicar no botão com um valor preenchido, o tamanho do board muda.",
              "timedOut": null,
              "duration": 4308,
              "state": "failed",
              "speed": null,
              "pass": false,
              "fail": true,
              "pending": false,
              "context": null,
              "code": "cy.get('#board-size').clear().type(10);\ncy.get('#generate-board').click();\ncy.get('.pixel').should('have.length', 100);",
              "err": {
                "message": "CypressError: Timed out retrying: Expected to find element: '#board-size', but never found it.",
                "estack": "CypressError: Timed out retrying: Expected to find element: '#board-size', but never found it.\n    at cypressErr (http://localhost:39307/__cypress/runner/cypress_runner.js:149934:9)\n    at throwErr (http://localhost:39307/__cypress/runner/cypress_runner.js:149867:11)\n    at Object.throwErrByPath (http://localhost:39307/__cypress/runner/cypress_runner.js:149915:3)\n    at retry (http://localhost:39307/__cypress/runner/cypress_runner.js:144197:19)\n    at onFailFn (http://localhost:39307/__cypress/runner/cypress_runner.js:132448:16)\n    at tryCatcher (http://localhost:39307/__cypress/runner/cypress_runner.js:167415:23)\n    at Promise._settlePromiseFromHandler (http://localhost:39307/__cypress/runner/cypress_runner.js:165351:31)\n    at Promise._settlePromise (http://localhost:39307/__cypress/runner/cypress_runner.js:165408:18)\n    at Promise._settlePromise0 (http://localhost:39307/__cypress/runner/cypress_runner.js:165453:10)\n    at Promise._settlePromises (http://localhost:39307/__cypress/runner/cypress_runner.js:165528:18)\n    at Async../node_modules/bluebird/js/release/async.js.Async._drainQueue (http://localhost:39307/__cypress/runner/cypress_runner.js:162140:16)\n    at Async../node_modules/bluebird/js/release/async.js.Async._drainQueues (http://localhost:39307/__cypress/runner/cypress_runner.js:162150:10)\n    at Async.drainQueues (http://localhost:39307/__cypress/runner/cypress_runner.js:162024:14)",
                "diff": null
              },
              "uuid": "a9e58a83-9fc1-4962-aa51-375ff50d495e",
              "parentUUID": "207cf4c1-f0b6-4bf6-ac1b-ab285d6bfa2c",
              "isHook": false,
              "skipped": false
            },
            {
              "title": "Verifica se o novo quadro tem todos os pixels preenchidos com a cor branca",
              "fullTitle": "10 - Faça o quadro de pixels ter seu tamanho definido pelo usuário. Verifica se o novo quadro tem todos os pixels preenchidos com a cor branca",
              "timedOut": null,
              "duration": 4369,
              "state": "failed",
              "speed": null,
              "pass": false,
              "fail": true,
              "pending": false,
              "context": null,
              "code": "cy.get('#board-size').clear().type(6);\ncy.get('#generate-board').click();\ncy.get('.pixel').should('have.length', 36).each(function (pixel) {\n  expect(pixel).to.have.css('background-color', WHITE);\n});",
              "err": {
                "message": "CypressError: Timed out retrying: Expected to find element: '#board-size', but never found it.",
                "estack": "CypressError: Timed out retrying: Expected to find element: '#board-size', but never found it.\n    at cypressErr (http://localhost:39307/__cypress/runner/cypress_runner.js:149934:9)\n    at throwErr (http://localhost:39307/__cypress/runner/cypress_runner.js:149867:11)\n    at Object.throwErrByPath (http://localhost:39307/__cypress/runner/cypress_runner.js:149915:3)\n    at retry (http://localhost:39307/__cypress/runner/cypress_runner.js:144197:19)\n    at onFailFn (http://localhost:39307/__cypress/runner/cypress_runner.js:132448:16)\n    at tryCatcher (http://localhost:39307/__cypress/runner/cypress_runner.js:167415:23)\n    at Promise._settlePromiseFromHandler (http://localhost:39307/__cypress/runner/cypress_runner.js:165351:31)\n    at Promise._settlePromise (http://localhost:39307/__cypress/runner/cypress_runner.js:165408:18)\n    at Promise._settlePromise0 (http://localhost:39307/__cypress/runner/cypress_runner.js:165453:10)\n    at Promise._settlePromises (http://localhost:39307/__cypress/runner/cypress_runner.js:165528:18)\n    at Async../node_modules/bluebird/js/release/async.js.Async._drainQueue (http://localhost:39307/__cypress/runner/cypress_runner.js:162140:16)\n    at Async../node_modules/bluebird/js/release/async.js.Async._drainQueues (http://localhost:39307/__cypress/runner/cypress_runner.js:162150:10)\n    at Async.drainQueues (http://localhost:39307/__cypress/runner/cypress_runner.js:162024:14)",
                "diff": null
              },
              "uuid": "baa82fc9-81ba-4bce-9d5b-304eff17b81b",
              "parentUUID": "207cf4c1-f0b6-4bf6-ac1b-ab285d6bfa2c",
              "isHook": false,
              "skipped": false
            }
          ],
          "suites": [],
          "passes": [],
          "failures": [
            "8a0e0030-7c82-4acc-bf38-a70f899c5559",
            "0d403d00-efda-45ae-9c87-849a16cc79c5",
            "034032af-628d-4679-9285-598008d4f3ed",
            "3e6e584d-2eee-4c5e-b05d-e9725c26f6fc",
            "3ac19528-ca14-4465-86f4-436866d0958e",
            "717125e9-abc2-483d-9b0a-b2455a33cda5",
            "b926de43-735f-4c1d-8f92-4c574c2809a6",
            "a9e58a83-9fc1-4962-aa51-375ff50d495e",
            "baa82fc9-81ba-4bce-9d5b-304eff17b81b"
          ],
          "pending": [],
          "skipped": [],
          "duration": 38900,
          "root": false,
          "rootEmpty": false,
          "_timeout": 2000
        },
        {
          "uuid": "5a4ed732-ab32-40e8-8d9a-4ebd15e92653",
          "title": "11 - Limite o tamanho mínimo e máximo do board.",
          "fullFile": "",
          "file": "",
          "beforeHooks": [],
          "afterHooks": [],
          "tests": [
            {
              "title": "Verifica se a altura máxima do board é 50",
              "fullTitle": "11 - Limite o tamanho mínimo e máximo do board. Verifica se a altura máxima do board é 50",
              "timedOut": null,
              "duration": 4300,
              "state": "failed",
              "speed": null,
              "pass": false,
              "fail": true,
              "pending": false,
              "context": null,
              "code": "cy.get('#board-size').clear().type(50);\ncy.get('#generate-board').click();\ncy.get('.pixel').should('have.length', 2500);",
              "err": {
                "message": "CypressError: Timed out retrying: Expected to find element: '#board-size', but never found it.",
                "estack": "CypressError: Timed out retrying: Expected to find element: '#board-size', but never found it.\n    at cypressErr (http://localhost:39307/__cypress/runner/cypress_runner.js:149934:9)\n    at throwErr (http://localhost:39307/__cypress/runner/cypress_runner.js:149867:11)\n    at Object.throwErrByPath (http://localhost:39307/__cypress/runner/cypress_runner.js:149915:3)\n    at retry (http://localhost:39307/__cypress/runner/cypress_runner.js:144197:19)\n    at onFailFn (http://localhost:39307/__cypress/runner/cypress_runner.js:132448:16)\n    at tryCatcher (http://localhost:39307/__cypress/runner/cypress_runner.js:167415:23)\n    at Promise._settlePromiseFromHandler (http://localhost:39307/__cypress/runner/cypress_runner.js:165351:31)\n    at Promise._settlePromise (http://localhost:39307/__cypress/runner/cypress_runner.js:165408:18)\n    at Promise._settlePromise0 (http://localhost:39307/__cypress/runner/cypress_runner.js:165453:10)\n    at Promise._settlePromises (http://localhost:39307/__cypress/runner/cypress_runner.js:165528:18)\n    at Async../node_modules/bluebird/js/release/async.js.Async._drainQueue (http://localhost:39307/__cypress/runner/cypress_runner.js:162140:16)\n    at Async../node_modules/bluebird/js/release/async.js.Async._drainQueues (http://localhost:39307/__cypress/runner/cypress_runner.js:162150:10)\n    at Async.drainQueues (http://localhost:39307/__cypress/runner/cypress_runner.js:162024:14)",
                "diff": null
              },
              "uuid": "d7e387c3-b53f-43ee-a490-74615f2d69ce",
              "parentUUID": "5a4ed732-ab32-40e8-8d9a-4ebd15e92653",
              "isHook": false,
              "skipped": false
            },
            {
              "title": "Verifica se a altura do board é 5 quando um valor menor é colocado no input",
              "fullTitle": "11 - Limite o tamanho mínimo e máximo do board. Verifica se a altura do board é 5 quando um valor menor é colocado no input",
              "timedOut": null,
              "duration": 4302,
              "state": "failed",
              "speed": null,
              "pass": false,
              "fail": true,
              "pending": false,
              "context": null,
              "code": "cy.get('#board-size').clear().type(4);\ncy.get('#generate-board').click();\ncy.get('.pixel').should('have.length', 25);",
              "err": {
                "message": "CypressError: Timed out retrying: Expected to find element: '#board-size', but never found it.",
                "estack": "CypressError: Timed out retrying: Expected to find element: '#board-size', but never found it.\n    at cypressErr (http://localhost:39307/__cypress/runner/cypress_runner.js:149934:9)\n    at throwErr (http://localhost:39307/__cypress/runner/cypress_runner.js:149867:11)\n    at Object.throwErrByPath (http://localhost:39307/__cypress/runner/cypress_runner.js:149915:3)\n    at retry (http://localhost:39307/__cypress/runner/cypress_runner.js:144197:19)\n    at onFailFn (http://localhost:39307/__cypress/runner/cypress_runner.js:132448:16)\n    at tryCatcher (http://localhost:39307/__cypress/runner/cypress_runner.js:167415:23)\n    at Promise._settlePromiseFromHandler (http://localhost:39307/__cypress/runner/cypress_runner.js:165351:31)\n    at Promise._settlePromise (http://localhost:39307/__cypress/runner/cypress_runner.js:165408:18)\n    at Promise._settlePromise0 (http://localhost:39307/__cypress/runner/cypress_runner.js:165453:10)\n    at Promise._settlePromises (http://localhost:39307/__cypress/runner/cypress_runner.js:165528:18)\n    at Async../node_modules/bluebird/js/release/async.js.Async._drainQueue (http://localhost:39307/__cypress/runner/cypress_runner.js:162140:16)\n    at Async../node_modules/bluebird/js/release/async.js.Async._drainQueues (http://localhost:39307/__cypress/runner/cypress_runner.js:162150:10)\n    at Async.drainQueues (http://localhost:39307/__cypress/runner/cypress_runner.js:162024:14)",
                "diff": null
              },
              "uuid": "8455f8dd-84c8-42e1-bdd9-08a7d65b0ba4",
              "parentUUID": "5a4ed732-ab32-40e8-8d9a-4ebd15e92653",
              "isHook": false,
              "skipped": false
            },
            {
              "title": "Verifica se a altura do board é 50 quando um valor maior é colocado no input",
              "fullTitle": "11 - Limite o tamanho mínimo e máximo do board. Verifica se a altura do board é 50 quando um valor maior é colocado no input",
              "timedOut": null,
              "duration": 4317,
              "state": "failed",
              "speed": null,
              "pass": false,
              "fail": true,
              "pending": false,
              "context": null,
              "code": "cy.get('#board-size').clear().type(51);\ncy.get('#generate-board').click();\ncy.get('.pixel').should('have.length', 2500);",
              "err": {
                "message": "CypressError: Timed out retrying: Expected to find element: '#board-size', but never found it.",
                "estack": "CypressError: Timed out retrying: Expected to find element: '#board-size', but never found it.\n    at cypressErr (http://localhost:39307/__cypress/runner/cypress_runner.js:149934:9)\n    at throwErr (http://localhost:39307/__cypress/runner/cypress_runner.js:149867:11)\n    at Object.throwErrByPath (http://localhost:39307/__cypress/runner/cypress_runner.js:149915:3)\n    at retry (http://localhost:39307/__cypress/runner/cypress_runner.js:144197:19)\n    at onFailFn (http://localhost:39307/__cypress/runner/cypress_runner.js:132448:16)\n    at tryCatcher (http://localhost:39307/__cypress/runner/cypress_runner.js:167415:23)\n    at Promise._settlePromiseFromHandler (http://localhost:39307/__cypress/runner/cypress_runner.js:165351:31)\n    at Promise._settlePromise (http://localhost:39307/__cypress/runner/cypress_runner.js:165408:18)\n    at Promise._settlePromise0 (http://localhost:39307/__cypress/runner/cypress_runner.js:165453:10)\n    at Promise._settlePromises (http://localhost:39307/__cypress/runner/cypress_runner.js:165528:18)\n    at Async../node_modules/bluebird/js/release/async.js.Async._drainQueue (http://localhost:39307/__cypress/runner/cypress_runner.js:162140:16)\n    at Async../node_modules/bluebird/js/release/async.js.Async._drainQueues (http://localhost:39307/__cypress/runner/cypress_runner.js:162150:10)\n    at Async.drainQueues (http://localhost:39307/__cypress/runner/cypress_runner.js:162024:14)",
                "diff": null
              },
              "uuid": "44b90aa5-a45f-48e1-904a-9e4861a17573",
              "parentUUID": "5a4ed732-ab32-40e8-8d9a-4ebd15e92653",
              "isHook": false,
              "skipped": false
            }
          ],
          "suites": [],
          "passes": [],
          "failures": [
            "d7e387c3-b53f-43ee-a490-74615f2d69ce",
            "8455f8dd-84c8-42e1-bdd9-08a7d65b0ba4",
            "44b90aa5-a45f-48e1-904a-9e4861a17573"
          ],
          "pending": [],
          "skipped": [],
          "duration": 12919,
          "root": false,
          "rootEmpty": false,
          "_timeout": 2000
        },
        {
          "uuid": "3e515159-439b-4664-b020-5261f653aef1",
          "title": "12 - Faça com que as cores da paleta sejam geradas aleatoriamente ao carregar a página.",
          "fullFile": "",
          "file": "",
          "beforeHooks": [],
          "afterHooks": [],
          "tests": [
            {
              "title": "Verifica se as cores geradas na paleta são diferentes a cada carregamento da página",
              "fullTitle": "12 - Faça com que as cores da paleta sejam geradas aleatoriamente ao carregar a página. Verifica se as cores geradas na paleta são diferentes a cada carregamento da página",
              "timedOut": null,
              "duration": 426,
              "state": "failed",
              "speed": null,
              "pass": false,
              "fail": true,
              "pending": false,
              "context": null,
              "code": "cy.get('.color').then(function (colors) {\n  var currentColors;\n  var previousColors;\n  previousColors = Array.from(colors).map(function (color) {\n    return Cypress.$(color).css('background-color');\n  });\n  for (var i = 0; i < 5; i += 1) {\n    cy.reload();\n    cy.get('.color').then(function (colors) {\n      currentColors = Array.from(colors).map(function (color) {\n        return Cypress.$(color).css('background-color');\n      });\n      expect(currentColors).not.to.deep.equal(previousColors);\n      previousColors = currentColors;\n    });\n  }\n});",
              "err": {
                "message": "AssertionError: expected [ Array(4) ] to not deeply equal [ Array(4) ]",
                "estack": "AssertionError: expected [ Array(4) ] to not deeply equal [ Array(4) ]\n    at getRet (http://localhost:39307/__cypress/runner/cypress_runner.js:136585:16)\n    at tryCatcher (http://localhost:39307/__cypress/runner/cypress_runner.js:167415:23)\n    at Function.Promise.attempt.Promise.try (http://localhost:39307/__cypress/runner/cypress_runner.js:164690:29)\n    at Context.thenFn (http://localhost:39307/__cypress/runner/cypress_runner.js:136599:23)\n    at Context.then (http://localhost:39307/__cypress/runner/cypress_runner.js:136971:21)\n    at Context.<anonymous> (http://localhost:39307/__cypress/runner/cypress_runner.js:148875:21)\n    at http://localhost:39307/__cypress/runner/cypress_runner.js:148351:33\n    at tryCatcher (http://localhost:39307/__cypress/runner/cypress_runner.js:167415:23)\n    at Promise._settlePromiseFromHandler (http://localhost:39307/__cypress/runner/cypress_runner.js:165351:31)\n    at Promise._settlePromise (http://localhost:39307/__cypress/runner/cypress_runner.js:165408:18)\n    at Promise._settlePromiseCtx (http://localhost:39307/__cypress/runner/cypress_runner.js:165445:10)\n    at Async../node_modules/bluebird/js/release/async.js.Async._drainQueue (http://localhost:39307/__cypress/runner/cypress_runner.js:162145:12)\n    at Async../node_modules/bluebird/js/release/async.js.Async._drainQueues (http://localhost:39307/__cypress/runner/cypress_runner.js:162150:10)\n    at Async.drainQueues (http://localhost:39307/__cypress/runner/cypress_runner.js:162024:14)",
                "diff": ""
              },
              "uuid": "3c3a9e52-e5f6-4071-8066-3cba36c286c9",
              "parentUUID": "3e515159-439b-4664-b020-5261f653aef1",
              "isHook": false,
              "skipped": false
            },
            {
              "title": "Verifica se a cor preta ainda está presente e é a primeira na sua paleta de cores",
              "fullTitle": "12 - Faça com que as cores da paleta sejam geradas aleatoriamente ao carregar a página. Verifica se a cor preta ainda está presente e é a primeira na sua paleta de cores",
              "timedOut": null,
              "duration": 402,
              "state": "failed",
              "speed": null,
              "pass": false,
              "fail": true,
              "pending": false,
              "context": null,
              "code": "cy.get('.color').then(function (colors) {\n  var currentColors;\n  var previousColors;\n  previousColors = Array.from(colors).map(function (color) {\n    return Cypress.$(color).css('background-color');\n  });\n  expect(previousColors[0]).to.eq(BLACK);\n  for (var i = 0; i < 5; i += 1) {\n    cy.reload();\n    cy.get('.color').then(function (colors) {\n      currentColors = Array.from(colors).map(function (color) {\n        return Cypress.$(color).css('background-color');\n      });\n      expect(currentColors[0]).to.eq(BLACK);\n      expect(currentColors).not.to.deep.equal(previousColors);\n      previousColors = currentColors;\n    });\n  }\n});",
              "err": {
                "message": "AssertionError: expected [ Array(4) ] to not deeply equal [ Array(4) ]",
                "estack": "AssertionError: expected [ Array(4) ] to not deeply equal [ Array(4) ]\n    at getRet (http://localhost:39307/__cypress/runner/cypress_runner.js:136585:16)\n    at tryCatcher (http://localhost:39307/__cypress/runner/cypress_runner.js:167415:23)\n    at Function.Promise.attempt.Promise.try (http://localhost:39307/__cypress/runner/cypress_runner.js:164690:29)\n    at Context.thenFn (http://localhost:39307/__cypress/runner/cypress_runner.js:136599:23)\n    at Context.then (http://localhost:39307/__cypress/runner/cypress_runner.js:136971:21)\n    at Context.<anonymous> (http://localhost:39307/__cypress/runner/cypress_runner.js:148875:21)\n    at http://localhost:39307/__cypress/runner/cypress_runner.js:148351:33\n    at tryCatcher (http://localhost:39307/__cypress/runner/cypress_runner.js:167415:23)\n    at Promise._settlePromiseFromHandler (http://localhost:39307/__cypress/runner/cypress_runner.js:165351:31)\n    at Promise._settlePromise (http://localhost:39307/__cypress/runner/cypress_runner.js:165408:18)\n    at Promise._settlePromiseCtx (http://localhost:39307/__cypress/runner/cypress_runner.js:165445:10)\n    at Async../node_modules/bluebird/js/release/async.js.Async._drainQueue (http://localhost:39307/__cypress/runner/cypress_runner.js:162145:12)\n    at Async../node_modules/bluebird/js/release/async.js.Async._drainQueues (http://localhost:39307/__cypress/runner/cypress_runner.js:162150:10)\n    at Async.drainQueues (http://localhost:39307/__cypress/runner/cypress_runner.js:162024:14)",
                "diff": ""
              },
              "uuid": "b8f0b56e-da8e-4edb-8136-42e7d03d222d",
              "parentUUID": "3e515159-439b-4664-b020-5261f653aef1",
              "isHook": false,
              "skipped": false
            }
          ],
          "suites": [],
          "passes": [],
          "failures": [
            "3c3a9e52-e5f6-4071-8066-3cba36c286c9",
            "b8f0b56e-da8e-4edb-8136-42e7d03d222d"
          ],
          "pending": [],
          "skipped": [],
          "duration": 828,
          "root": false,
          "rootEmpty": false,
          "_timeout": 2000
        }
      ],
      "passes": [],
      "failures": [],
      "pending": [],
      "skipped": [],
      "duration": 0,
      "root": true,
      "rootEmpty": true,
      "_timeout": 2000
    }
  ],
  "meta": {
    "mocha": {
      "version": "7.0.1"
    },
    "mochawesome": {
      "options": {
        "quiet": false,
        "reportFilename": "mochawesome",
        "saveHtml": false,
        "saveJson": true,
        "consoleReporter": "spec",
        "useInlineDiffs": false
      },
      "version": "4.1.0"
    },
    "marge": {
      "options": {
        "id": "default",
        "reportDir": "cypress/reports",
        "overwrite": true,
        "html": false,
        "json": true
      },
      "version": "4.1.0"
    }
  }
}