{
  "stats": {
    "suites": 12,
    "tests": 41,
    "passes": 3,
    "pending": 0,
    "failures": 38,
    "start": "2021-07-08T22:24:59.930Z",
    "end": "2021-07-08T22:27:56.530Z",
    "duration": 176600,
    "testsRegistered": 41,
    "passPercent": 7.317073170731707,
    "pendingPercent": 0,
    "other": 0,
    "hasOther": false,
    "skipped": 0,
    "hasSkipped": false
  },
  "results": [
    {
      "uuid": "52f1c1d6-e471-42bf-a5ed-e65fe16bfe23",
      "title": "",
      "fullFile": "cypress/integration/project.spec.js",
      "file": "cypress/integration/project.spec.js",
      "beforeHooks": [],
      "afterHooks": [],
      "tests": [],
      "suites": [
        {
          "uuid": "93b38287-99cf-4958-9541-5ca305b5632f",
          "title": "1 - Adicione à página o título \"Paleta de Cores\".",
          "fullFile": "",
          "file": "",
          "beforeHooks": [],
          "afterHooks": [],
          "tests": [
            {
              "title": "Verifica se contém um elemento `h1` com o id `title` com o título correto",
              "fullTitle": "1 - Adicione à página o título \"Paleta de Cores\". Verifica se contém um elemento `h1` com o id `title` com o título correto",
              "timedOut": null,
              "duration": 429,
              "state": "passed",
              "speed": "slow",
              "pass": true,
              "fail": false,
              "pending": false,
              "context": null,
              "code": "cy.get('h1#title').should('contain.text', 'Paleta de Cores');",
              "err": {},
              "uuid": "93a0a6b2-7f03-4daf-913b-79df7c027d24",
              "parentUUID": "93b38287-99cf-4958-9541-5ca305b5632f",
              "isHook": false,
              "skipped": false
            }
          ],
          "suites": [],
          "passes": [
            "93a0a6b2-7f03-4daf-913b-79df7c027d24"
          ],
          "failures": [],
          "pending": [],
          "skipped": [],
          "duration": 429,
          "root": false,
          "rootEmpty": false,
          "_timeout": 2000
        },
        {
          "uuid": "3dfce928-709d-41d3-a26b-74bc53212f31",
          "title": "2 - Adicione à página uma paleta de quatro cores distintas.",
          "fullFile": "",
          "file": "",
          "beforeHooks": [],
          "afterHooks": [],
          "tests": [
            {
              "title": "A paleta de cores deve ser um elemento com `id` denominado `color-palette`",
              "fullTitle": "2 - Adicione à página uma paleta de quatro cores distintas. A paleta de cores deve ser um elemento com `id` denominado `color-palette`",
              "timedOut": null,
              "duration": 234,
              "state": "passed",
              "speed": "slow",
              "pass": true,
              "fail": false,
              "pending": false,
              "context": null,
              "code": "cy.get('#color-palette').should('be.visible');",
              "err": {},
              "uuid": "3c362ab0-5c0c-4bd9-bf87-917d03206994",
              "parentUUID": "3dfce928-709d-41d3-a26b-74bc53212f31",
              "isHook": false,
              "skipped": false
            },
            {
              "title": "Verifica se cada cor individual da paleta de cores possui a `classe` chamada `color`.",
              "fullTitle": "2 - Adicione à página uma paleta de quatro cores distintas. Verifica se cada cor individual da paleta de cores possui a `classe` chamada `color`.",
              "timedOut": null,
              "duration": 4498,
              "state": "failed",
              "speed": null,
              "pass": false,
              "fail": true,
              "pending": false,
              "context": null,
              "code": "cy.get('.color').should('have.length', 4).then(function (colors) {\n  for (var i = 0; i < colors.length; i++) {\n    cy.wrap(colors[i]).should('be.visible');\n  }\n});",
              "err": {
                "message": "CypressError: Timed out retrying: Expected to find element: '.color', but never found it.",
                "estack": "CypressError: Timed out retrying: Expected to find element: '.color', but never found it.\n    at cypressErr (http://localhost:34967/__cypress/runner/cypress_runner.js:149934:9)\n    at throwErr (http://localhost:34967/__cypress/runner/cypress_runner.js:149867:11)\n    at Object.throwErrByPath (http://localhost:34967/__cypress/runner/cypress_runner.js:149915:3)\n    at retry (http://localhost:34967/__cypress/runner/cypress_runner.js:144197:19)\n    at onFailFn (http://localhost:34967/__cypress/runner/cypress_runner.js:132448:16)\n    at tryCatcher (http://localhost:34967/__cypress/runner/cypress_runner.js:167415:23)\n    at Promise._settlePromiseFromHandler (http://localhost:34967/__cypress/runner/cypress_runner.js:165351:31)\n    at Promise._settlePromise (http://localhost:34967/__cypress/runner/cypress_runner.js:165408:18)\n    at Promise._settlePromise0 (http://localhost:34967/__cypress/runner/cypress_runner.js:165453:10)\n    at Promise._settlePromises (http://localhost:34967/__cypress/runner/cypress_runner.js:165528:18)\n    at Async../node_modules/bluebird/js/release/async.js.Async._drainQueue (http://localhost:34967/__cypress/runner/cypress_runner.js:162140:16)\n    at Async../node_modules/bluebird/js/release/async.js.Async._drainQueues (http://localhost:34967/__cypress/runner/cypress_runner.js:162150:10)\n    at Async.drainQueues (http://localhost:34967/__cypress/runner/cypress_runner.js:162024:14)",
                "diff": null
              },
              "uuid": "d773c5e8-c3ae-4c02-a0f2-530e0bfbb0d8",
              "parentUUID": "3dfce928-709d-41d3-a26b-74bc53212f31",
              "isHook": false,
              "skipped": false
            },
            {
              "title": "Verifica se a cor de fundo de cada elemento da paleta é a cor que o elemento representa. **A única cor não permitida na paleta é a cor branca.**",
              "fullTitle": "2 - Adicione à página uma paleta de quatro cores distintas. Verifica se a cor de fundo de cada elemento da paleta é a cor que o elemento representa. **A única cor não permitida na paleta é a cor branca.**",
              "timedOut": null,
              "duration": 4509,
              "state": "failed",
              "speed": null,
              "pass": false,
              "fail": true,
              "pending": false,
              "context": null,
              "code": "cy.get('.color').each(function (color) {\n  cy.wrap(color).should('have.class', 'color').and('not.have.css', 'background-color', WHITE);\n  cy.wrap(color).should('have.css', 'background-color');\n});",
              "err": {
                "message": "CypressError: Timed out retrying: Expected to find element: '.color', but never found it.",
                "estack": "CypressError: Timed out retrying: Expected to find element: '.color', but never found it.\n    at cypressErr (http://localhost:34967/__cypress/runner/cypress_runner.js:149934:9)\n    at throwErr (http://localhost:34967/__cypress/runner/cypress_runner.js:149867:11)\n    at Object.throwErrByPath (http://localhost:34967/__cypress/runner/cypress_runner.js:149915:3)\n    at retry (http://localhost:34967/__cypress/runner/cypress_runner.js:144197:19)\n    at onFailFn (http://localhost:34967/__cypress/runner/cypress_runner.js:132448:16)\n    at tryCatcher (http://localhost:34967/__cypress/runner/cypress_runner.js:167415:23)\n    at Promise._settlePromiseFromHandler (http://localhost:34967/__cypress/runner/cypress_runner.js:165351:31)\n    at Promise._settlePromise (http://localhost:34967/__cypress/runner/cypress_runner.js:165408:18)\n    at Promise._settlePromise0 (http://localhost:34967/__cypress/runner/cypress_runner.js:165453:10)\n    at Promise._settlePromises (http://localhost:34967/__cypress/runner/cypress_runner.js:165528:18)\n    at Async../node_modules/bluebird/js/release/async.js.Async._drainQueue (http://localhost:34967/__cypress/runner/cypress_runner.js:162140:16)\n    at Async../node_modules/bluebird/js/release/async.js.Async._drainQueues (http://localhost:34967/__cypress/runner/cypress_runner.js:162150:10)\n    at Async.drainQueues (http://localhost:34967/__cypress/runner/cypress_runner.js:162024:14)",
                "diff": null
              },
              "uuid": "fc5cfa88-def9-4fe0-8f24-c011a0e535d4",
              "parentUUID": "3dfce928-709d-41d3-a26b-74bc53212f31",
              "isHook": false,
              "skipped": false
            },
            {
              "title": "Verifica se cada elemento da paleta de cores tem uma borda preta, sólida e com 1 pixel de largura;",
              "fullTitle": "2 - Adicione à página uma paleta de quatro cores distintas. Verifica se cada elemento da paleta de cores tem uma borda preta, sólida e com 1 pixel de largura;",
              "timedOut": null,
              "duration": 4473,
              "state": "failed",
              "speed": null,
              "pass": false,
              "fail": true,
              "pending": false,
              "context": null,
              "code": "cy.get('.color').each(function (color) {\n  cy.wrap(color).and('have.css', 'border', \"1px solid \".concat(BLACK)).and('have.class', 'color');\n});",
              "err": {
                "message": "CypressError: Timed out retrying: Expected to find element: '.color', but never found it.",
                "estack": "CypressError: Timed out retrying: Expected to find element: '.color', but never found it.\n    at cypressErr (http://localhost:34967/__cypress/runner/cypress_runner.js:149934:9)\n    at throwErr (http://localhost:34967/__cypress/runner/cypress_runner.js:149867:11)\n    at Object.throwErrByPath (http://localhost:34967/__cypress/runner/cypress_runner.js:149915:3)\n    at retry (http://localhost:34967/__cypress/runner/cypress_runner.js:144197:19)\n    at onFailFn (http://localhost:34967/__cypress/runner/cypress_runner.js:132448:16)\n    at tryCatcher (http://localhost:34967/__cypress/runner/cypress_runner.js:167415:23)\n    at Promise._settlePromiseFromHandler (http://localhost:34967/__cypress/runner/cypress_runner.js:165351:31)\n    at Promise._settlePromise (http://localhost:34967/__cypress/runner/cypress_runner.js:165408:18)\n    at Promise._settlePromise0 (http://localhost:34967/__cypress/runner/cypress_runner.js:165453:10)\n    at Promise._settlePromises (http://localhost:34967/__cypress/runner/cypress_runner.js:165528:18)\n    at Async../node_modules/bluebird/js/release/async.js.Async._drainQueue (http://localhost:34967/__cypress/runner/cypress_runner.js:162140:16)\n    at Async../node_modules/bluebird/js/release/async.js.Async._drainQueues (http://localhost:34967/__cypress/runner/cypress_runner.js:162150:10)\n    at Async.drainQueues (http://localhost:34967/__cypress/runner/cypress_runner.js:162024:14)",
                "diff": null
              },
              "uuid": "1c520739-77e5-4ade-97ed-5fe8e0919f9f",
              "parentUUID": "3dfce928-709d-41d3-a26b-74bc53212f31",
              "isHook": false,
              "skipped": false
            },
            {
              "title": "Verifica se a paleta lista todas as cores disponíveis para utilização, lado a lado.",
              "fullTitle": "2 - Adicione à página uma paleta de quatro cores distintas. Verifica se a paleta lista todas as cores disponíveis para utilização, lado a lado.",
              "timedOut": null,
              "duration": 4497,
              "state": "failed",
              "speed": null,
              "pass": false,
              "fail": true,
              "pending": false,
              "context": null,
              "code": "cy.get('.color').then(function (colors) {\n  for (var index = 1; index < colors.length; index += 1) {\n    var currentColor = colors[index];\n    var previousColor = colors[index - 1];\n    cy.wrap(currentColor).should('be.onTheRightOf', previousColor).and('be.horizontallyAlignedWith', previousColor);\n  }\n});",
              "err": {
                "message": "CypressError: Timed out retrying: Expected to find element: '.color', but never found it.",
                "estack": "CypressError: Timed out retrying: Expected to find element: '.color', but never found it.\n    at cypressErr (http://localhost:34967/__cypress/runner/cypress_runner.js:149934:9)\n    at throwErr (http://localhost:34967/__cypress/runner/cypress_runner.js:149867:11)\n    at Object.throwErrByPath (http://localhost:34967/__cypress/runner/cypress_runner.js:149915:3)\n    at retry (http://localhost:34967/__cypress/runner/cypress_runner.js:144197:19)\n    at onFailFn (http://localhost:34967/__cypress/runner/cypress_runner.js:132448:16)\n    at tryCatcher (http://localhost:34967/__cypress/runner/cypress_runner.js:167415:23)\n    at Promise._settlePromiseFromHandler (http://localhost:34967/__cypress/runner/cypress_runner.js:165351:31)\n    at Promise._settlePromise (http://localhost:34967/__cypress/runner/cypress_runner.js:165408:18)\n    at Promise._settlePromise0 (http://localhost:34967/__cypress/runner/cypress_runner.js:165453:10)\n    at Promise._settlePromises (http://localhost:34967/__cypress/runner/cypress_runner.js:165528:18)\n    at Async../node_modules/bluebird/js/release/async.js.Async._drainQueue (http://localhost:34967/__cypress/runner/cypress_runner.js:162140:16)\n    at Async../node_modules/bluebird/js/release/async.js.Async._drainQueues (http://localhost:34967/__cypress/runner/cypress_runner.js:162150:10)\n    at Async.drainQueues (http://localhost:34967/__cypress/runner/cypress_runner.js:162024:14)",
                "diff": null
              },
              "uuid": "12579cb1-2038-4f2f-9c4d-720424127501",
              "parentUUID": "3dfce928-709d-41d3-a26b-74bc53212f31",
              "isHook": false,
              "skipped": false
            },
            {
              "title": "Verifica se a paleta de cores está posicionada abaixo do título 'Paleta de Cores'",
              "fullTitle": "2 - Adicione à página uma paleta de quatro cores distintas. Verifica se a paleta de cores está posicionada abaixo do título 'Paleta de Cores'",
              "timedOut": null,
              "duration": 306,
              "state": "passed",
              "speed": "slow",
              "pass": true,
              "fail": false,
              "pending": false,
              "context": null,
              "code": "cy.get('h1#title').then(function (title) {\n  cy.get('#color-palette').should('be.belowOf', title);\n});",
              "err": {},
              "uuid": "098bb4cf-f2c4-415b-8727-459d877924a7",
              "parentUUID": "3dfce928-709d-41d3-a26b-74bc53212f31",
              "isHook": false,
              "skipped": false
            },
            {
              "title": "Verifica se a paleta de cores não contém cores repetidas.",
              "fullTitle": "2 - Adicione à página uma paleta de quatro cores distintas. Verifica se a paleta de cores não contém cores repetidas.",
              "timedOut": null,
              "duration": 4428,
              "state": "failed",
              "speed": null,
              "pass": false,
              "fail": true,
              "pending": false,
              "context": null,
              "code": "cy.get('.color').then(function (colors) {\n  var allColors = Array.from(colors).map(function (color) {\n    return Cypress.$(color).css('background-color');\n  });\n  cy.log(allColors);\n  var uniqColors = (0, _toConsumableArray2[\"default\"])(new Set(allColors));\n  cy.log(uniqColors);\n  expect(allColors.length).to.eq(uniqColors.length);\n});",
              "err": {
                "message": "CypressError: Timed out retrying: Expected to find element: '.color', but never found it.",
                "estack": "CypressError: Timed out retrying: Expected to find element: '.color', but never found it.\n    at cypressErr (http://localhost:34967/__cypress/runner/cypress_runner.js:149934:9)\n    at throwErr (http://localhost:34967/__cypress/runner/cypress_runner.js:149867:11)\n    at Object.throwErrByPath (http://localhost:34967/__cypress/runner/cypress_runner.js:149915:3)\n    at retry (http://localhost:34967/__cypress/runner/cypress_runner.js:144197:19)\n    at onFailFn (http://localhost:34967/__cypress/runner/cypress_runner.js:132448:16)\n    at tryCatcher (http://localhost:34967/__cypress/runner/cypress_runner.js:167415:23)\n    at Promise._settlePromiseFromHandler (http://localhost:34967/__cypress/runner/cypress_runner.js:165351:31)\n    at Promise._settlePromise (http://localhost:34967/__cypress/runner/cypress_runner.js:165408:18)\n    at Promise._settlePromise0 (http://localhost:34967/__cypress/runner/cypress_runner.js:165453:10)\n    at Promise._settlePromises (http://localhost:34967/__cypress/runner/cypress_runner.js:165528:18)\n    at Async../node_modules/bluebird/js/release/async.js.Async._drainQueue (http://localhost:34967/__cypress/runner/cypress_runner.js:162140:16)\n    at Async../node_modules/bluebird/js/release/async.js.Async._drainQueues (http://localhost:34967/__cypress/runner/cypress_runner.js:162150:10)\n    at Async.drainQueues (http://localhost:34967/__cypress/runner/cypress_runner.js:162024:14)",
                "diff": null
              },
              "uuid": "5b37f2dd-f3a3-42ac-a224-834644a92996",
              "parentUUID": "3dfce928-709d-41d3-a26b-74bc53212f31",
              "isHook": false,
              "skipped": false
            }
          ],
          "suites": [],
          "passes": [
            "3c362ab0-5c0c-4bd9-bf87-917d03206994",
            "098bb4cf-f2c4-415b-8727-459d877924a7"
          ],
          "failures": [
            "d773c5e8-c3ae-4c02-a0f2-530e0bfbb0d8",
            "fc5cfa88-def9-4fe0-8f24-c011a0e535d4",
            "1c520739-77e5-4ade-97ed-5fe8e0919f9f",
            "12579cb1-2038-4f2f-9c4d-720424127501",
            "5b37f2dd-f3a3-42ac-a224-834644a92996"
          ],
          "pending": [],
          "skipped": [],
          "duration": 22945,
          "root": false,
          "rootEmpty": false,
          "_timeout": 2000
        },
        {
          "uuid": "e15fde30-9f4d-4b7a-a0d6-41691b8d554d",
          "title": "3 - Adicione a cor **preta** como a primeira cor da paleta de cores.",
          "fullFile": "",
          "file": "",
          "beforeHooks": [],
          "afterHooks": [],
          "tests": [
            {
              "title": "Verifica se a primeira cor da paleta é preta",
              "fullTitle": "3 - Adicione a cor **preta** como a primeira cor da paleta de cores. Verifica se a primeira cor da paleta é preta",
              "timedOut": null,
              "duration": 4598,
              "state": "failed",
              "speed": null,
              "pass": false,
              "fail": true,
              "pending": false,
              "context": null,
              "code": "cy.get('.color').first().should('have.css', 'background-color', BLACK);",
              "err": {
                "message": "CypressError: Timed out retrying: Expected to find element: '.color', but never found it.",
                "estack": "CypressError: Timed out retrying: Expected to find element: '.color', but never found it.\n    at cypressErr (http://localhost:34967/__cypress/runner/cypress_runner.js:149934:9)\n    at throwErr (http://localhost:34967/__cypress/runner/cypress_runner.js:149867:11)\n    at Object.throwErrByPath (http://localhost:34967/__cypress/runner/cypress_runner.js:149915:3)\n    at retry (http://localhost:34967/__cypress/runner/cypress_runner.js:144197:19)\n    at onFailFn (http://localhost:34967/__cypress/runner/cypress_runner.js:132448:16)\n    at tryCatcher (http://localhost:34967/__cypress/runner/cypress_runner.js:167415:23)\n    at Promise._settlePromiseFromHandler (http://localhost:34967/__cypress/runner/cypress_runner.js:165351:31)\n    at Promise._settlePromise (http://localhost:34967/__cypress/runner/cypress_runner.js:165408:18)\n    at Promise._settlePromise0 (http://localhost:34967/__cypress/runner/cypress_runner.js:165453:10)\n    at Promise._settlePromises (http://localhost:34967/__cypress/runner/cypress_runner.js:165528:18)\n    at Async../node_modules/bluebird/js/release/async.js.Async._drainQueue (http://localhost:34967/__cypress/runner/cypress_runner.js:162140:16)\n    at Async../node_modules/bluebird/js/release/async.js.Async._drainQueues (http://localhost:34967/__cypress/runner/cypress_runner.js:162150:10)\n    at Async.drainQueues (http://localhost:34967/__cypress/runner/cypress_runner.js:162024:14)",
                "diff": null
              },
              "uuid": "dd17232d-9a4d-426d-b213-695db31ac2c5",
              "parentUUID": "e15fde30-9f4d-4b7a-a0d6-41691b8d554d",
              "isHook": false,
              "skipped": false
            },
            {
              "title": "Verifica se as demais cores podem ser escolhidas livremente.",
              "fullTitle": "3 - Adicione a cor **preta** como a primeira cor da paleta de cores. Verifica se as demais cores podem ser escolhidas livremente.",
              "timedOut": null,
              "duration": 4520,
              "state": "failed",
              "speed": null,
              "pass": false,
              "fail": true,
              "pending": false,
              "context": null,
              "code": "cy.get('.color').eq(1).should('not.have.css', 'background-color', BLACK);\ncy.get('.color').eq(1).should('not.have.css', 'background-color', WHITE);\ncy.get('.color').eq(1).should('not.have.css', 'background-color', 'rgba(0, 0, 0, 0)');\ncy.get('.color').eq(1).should('have.css', 'background-color');\ncy.get('.color').eq(2).should('not.have.css', 'background-color', BLACK);\ncy.get('.color').eq(2).should('not.have.css', 'background-color', WHITE);\ncy.get('.color').eq(2).should('not.have.css', 'background-color', 'rgba(0, 0, 0, 0)');\ncy.get('.color').eq(2).should('have.css', 'background-color');\ncy.get('.color').eq(3).should('not.have.css', 'background-color', BLACK);\ncy.get('.color').eq(3).should('not.have.css', 'background-color', WHITE);\ncy.get('.color').eq(3).should('not.have.css', 'background-color', 'rgba(0, 0, 0, 0)');\ncy.get('.color').eq(3).should('have.css', 'background-color');",
              "err": {
                "message": "CypressError: Timed out retrying: Expected to find element: '.color', but never found it.",
                "estack": "CypressError: Timed out retrying: Expected to find element: '.color', but never found it.\n    at cypressErr (http://localhost:34967/__cypress/runner/cypress_runner.js:149934:9)\n    at throwErr (http://localhost:34967/__cypress/runner/cypress_runner.js:149867:11)\n    at Object.throwErrByPath (http://localhost:34967/__cypress/runner/cypress_runner.js:149915:3)\n    at retry (http://localhost:34967/__cypress/runner/cypress_runner.js:144197:19)\n    at onFailFn (http://localhost:34967/__cypress/runner/cypress_runner.js:132448:16)\n    at tryCatcher (http://localhost:34967/__cypress/runner/cypress_runner.js:167415:23)\n    at Promise._settlePromiseFromHandler (http://localhost:34967/__cypress/runner/cypress_runner.js:165351:31)\n    at Promise._settlePromise (http://localhost:34967/__cypress/runner/cypress_runner.js:165408:18)\n    at Promise._settlePromise0 (http://localhost:34967/__cypress/runner/cypress_runner.js:165453:10)\n    at Promise._settlePromises (http://localhost:34967/__cypress/runner/cypress_runner.js:165528:18)\n    at Async../node_modules/bluebird/js/release/async.js.Async._drainQueue (http://localhost:34967/__cypress/runner/cypress_runner.js:162140:16)\n    at Async../node_modules/bluebird/js/release/async.js.Async._drainQueues (http://localhost:34967/__cypress/runner/cypress_runner.js:162150:10)\n    at Async.drainQueues (http://localhost:34967/__cypress/runner/cypress_runner.js:162024:14)",
                "diff": null
              },
              "uuid": "0b31c8d8-7f72-4581-b8f6-bed204581783",
              "parentUUID": "e15fde30-9f4d-4b7a-a0d6-41691b8d554d",
              "isHook": false,
              "skipped": false
            }
          ],
          "suites": [],
          "passes": [],
          "failures": [
            "dd17232d-9a4d-426d-b213-695db31ac2c5",
            "0b31c8d8-7f72-4581-b8f6-bed204581783"
          ],
          "pending": [],
          "skipped": [],
          "duration": 9118,
          "root": false,
          "rootEmpty": false,
          "_timeout": 2000
        },
        {
          "uuid": "21721ddb-3921-44a7-b8c2-1950e1672b8c",
          "title": "4 - Adicione à página um quadro de pixels, com 25 pixels.",
          "fullFile": "",
          "file": "",
          "beforeHooks": [],
          "afterHooks": [],
          "tests": [
            {
              "title": "Verifica se o quadro de pixels possui o `id` denominado `pixel-board`",
              "fullTitle": "4 - Adicione à página um quadro de pixels, com 25 pixels. Verifica se o quadro de pixels possui o `id` denominado `pixel-board`",
              "timedOut": null,
              "duration": 4614,
              "state": "failed",
              "speed": null,
              "pass": false,
              "fail": true,
              "pending": false,
              "context": null,
              "code": "cy.get('#pixel-board').should('be.visible');",
              "err": {
                "message": "CypressError: Timed out retrying: Expected to find element: '#pixel-board', but never found it.",
                "estack": "CypressError: Timed out retrying: Expected to find element: '#pixel-board', but never found it.\n    at cypressErr (http://localhost:34967/__cypress/runner/cypress_runner.js:149934:9)\n    at throwErr (http://localhost:34967/__cypress/runner/cypress_runner.js:149867:11)\n    at Object.throwErrByPath (http://localhost:34967/__cypress/runner/cypress_runner.js:149915:3)\n    at retry (http://localhost:34967/__cypress/runner/cypress_runner.js:144197:19)\n    at onFailFn (http://localhost:34967/__cypress/runner/cypress_runner.js:132448:16)\n    at tryCatcher (http://localhost:34967/__cypress/runner/cypress_runner.js:167415:23)\n    at Promise._settlePromiseFromHandler (http://localhost:34967/__cypress/runner/cypress_runner.js:165351:31)\n    at Promise._settlePromise (http://localhost:34967/__cypress/runner/cypress_runner.js:165408:18)\n    at Promise._settlePromise0 (http://localhost:34967/__cypress/runner/cypress_runner.js:165453:10)\n    at Promise._settlePromises (http://localhost:34967/__cypress/runner/cypress_runner.js:165528:18)\n    at Async../node_modules/bluebird/js/release/async.js.Async._drainQueue (http://localhost:34967/__cypress/runner/cypress_runner.js:162140:16)\n    at Async../node_modules/bluebird/js/release/async.js.Async._drainQueues (http://localhost:34967/__cypress/runner/cypress_runner.js:162150:10)\n    at Async.drainQueues (http://localhost:34967/__cypress/runner/cypress_runner.js:162024:14)",
                "diff": null
              },
              "uuid": "75c4789d-3fb6-4f27-91ea-bcf38a875d7b",
              "parentUUID": "21721ddb-3921-44a7-b8c2-1950e1672b8c",
              "isHook": false,
              "skipped": false
            },
            {
              "title": "Verifica se cada pixel individual dentro do quadro possui a `classe` denominada `pixel`.",
              "fullTitle": "4 - Adicione à página um quadro de pixels, com 25 pixels. Verifica se cada pixel individual dentro do quadro possui a `classe` denominada `pixel`.",
              "timedOut": null,
              "duration": 4517,
              "state": "failed",
              "speed": null,
              "pass": false,
              "fail": true,
              "pending": false,
              "context": null,
              "code": "cy.get('.pixel').should('have.length', 25);",
              "err": {
                "message": "CypressError: Timed out retrying: Expected to find element: '.pixel', but never found it.",
                "estack": "CypressError: Timed out retrying: Expected to find element: '.pixel', but never found it.\n    at cypressErr (http://localhost:34967/__cypress/runner/cypress_runner.js:149934:9)\n    at throwErr (http://localhost:34967/__cypress/runner/cypress_runner.js:149867:11)\n    at Object.throwErrByPath (http://localhost:34967/__cypress/runner/cypress_runner.js:149915:3)\n    at retry (http://localhost:34967/__cypress/runner/cypress_runner.js:144197:19)\n    at onFailFn (http://localhost:34967/__cypress/runner/cypress_runner.js:132448:16)\n    at tryCatcher (http://localhost:34967/__cypress/runner/cypress_runner.js:167415:23)\n    at Promise._settlePromiseFromHandler (http://localhost:34967/__cypress/runner/cypress_runner.js:165351:31)\n    at Promise._settlePromise (http://localhost:34967/__cypress/runner/cypress_runner.js:165408:18)\n    at Promise._settlePromise0 (http://localhost:34967/__cypress/runner/cypress_runner.js:165453:10)\n    at Promise._settlePromises (http://localhost:34967/__cypress/runner/cypress_runner.js:165528:18)\n    at Async../node_modules/bluebird/js/release/async.js.Async._drainQueue (http://localhost:34967/__cypress/runner/cypress_runner.js:162140:16)\n    at Async../node_modules/bluebird/js/release/async.js.Async._drainQueues (http://localhost:34967/__cypress/runner/cypress_runner.js:162150:10)\n    at Async.drainQueues (http://localhost:34967/__cypress/runner/cypress_runner.js:162024:14)",
                "diff": null
              },
              "uuid": "554b8f2c-44e1-4735-be41-12c46bd30356",
              "parentUUID": "21721ddb-3921-44a7-b8c2-1950e1672b8c",
              "isHook": false,
              "skipped": false
            },
            {
              "title": "Verifica se a cor inicial dos pixels dentro do quadro, ao abrir a página, é branca.",
              "fullTitle": "4 - Adicione à página um quadro de pixels, com 25 pixels. Verifica se a cor inicial dos pixels dentro do quadro, ao abrir a página, é branca.",
              "timedOut": null,
              "duration": 4505,
              "state": "failed",
              "speed": null,
              "pass": false,
              "fail": true,
              "pending": false,
              "context": null,
              "code": "cy.get('.pixel').should('have.length', 25).each(function (pixel) {\n  expect(pixel).to.have.css('background-color', WHITE);\n});",
              "err": {
                "message": "CypressError: Timed out retrying: Expected to find element: '.pixel', but never found it.",
                "estack": "CypressError: Timed out retrying: Expected to find element: '.pixel', but never found it.\n    at cypressErr (http://localhost:34967/__cypress/runner/cypress_runner.js:149934:9)\n    at throwErr (http://localhost:34967/__cypress/runner/cypress_runner.js:149867:11)\n    at Object.throwErrByPath (http://localhost:34967/__cypress/runner/cypress_runner.js:149915:3)\n    at retry (http://localhost:34967/__cypress/runner/cypress_runner.js:144197:19)\n    at onFailFn (http://localhost:34967/__cypress/runner/cypress_runner.js:132448:16)\n    at tryCatcher (http://localhost:34967/__cypress/runner/cypress_runner.js:167415:23)\n    at Promise._settlePromiseFromHandler (http://localhost:34967/__cypress/runner/cypress_runner.js:165351:31)\n    at Promise._settlePromise (http://localhost:34967/__cypress/runner/cypress_runner.js:165408:18)\n    at Promise._settlePromise0 (http://localhost:34967/__cypress/runner/cypress_runner.js:165453:10)\n    at Promise._settlePromises (http://localhost:34967/__cypress/runner/cypress_runner.js:165528:18)\n    at Async../node_modules/bluebird/js/release/async.js.Async._drainQueue (http://localhost:34967/__cypress/runner/cypress_runner.js:162140:16)\n    at Async../node_modules/bluebird/js/release/async.js.Async._drainQueues (http://localhost:34967/__cypress/runner/cypress_runner.js:162150:10)\n    at Async.drainQueues (http://localhost:34967/__cypress/runner/cypress_runner.js:162024:14)",
                "diff": null
              },
              "uuid": "428aa26c-57ec-41a0-a700-697af40ec0fe",
              "parentUUID": "21721ddb-3921-44a7-b8c2-1950e1672b8c",
              "isHook": false,
              "skipped": false
            },
            {
              "title": "Verifica se o quadro de pixels aparece abaixo da paleta de cores",
              "fullTitle": "4 - Adicione à página um quadro de pixels, com 25 pixels. Verifica se o quadro de pixels aparece abaixo da paleta de cores",
              "timedOut": null,
              "duration": 4790,
              "state": "failed",
              "speed": null,
              "pass": false,
              "fail": true,
              "pending": false,
              "context": null,
              "code": "cy.get('#color-palette').then(function (palette) {\n  cy.get('#pixel-board').should('be.belowOf', palette);\n});",
              "err": {
                "message": "CypressError: Timed out retrying: Expected to find element: '#pixel-board', but never found it.",
                "estack": "CypressError: Timed out retrying: Expected to find element: '#pixel-board', but never found it.\n    at cypressErr (http://localhost:34967/__cypress/runner/cypress_runner.js:149934:9)\n    at throwErr (http://localhost:34967/__cypress/runner/cypress_runner.js:149867:11)\n    at Object.throwErrByPath (http://localhost:34967/__cypress/runner/cypress_runner.js:149915:3)\n    at retry (http://localhost:34967/__cypress/runner/cypress_runner.js:144197:19)\n    at onFailFn (http://localhost:34967/__cypress/runner/cypress_runner.js:132448:16)\n    at tryCatcher (http://localhost:34967/__cypress/runner/cypress_runner.js:167415:23)\n    at Promise._settlePromiseFromHandler (http://localhost:34967/__cypress/runner/cypress_runner.js:165351:31)\n    at Promise._settlePromise (http://localhost:34967/__cypress/runner/cypress_runner.js:165408:18)\n    at Promise._settlePromise0 (http://localhost:34967/__cypress/runner/cypress_runner.js:165453:10)\n    at Promise._settlePromises (http://localhost:34967/__cypress/runner/cypress_runner.js:165528:18)\n    at Async../node_modules/bluebird/js/release/async.js.Async._drainQueue (http://localhost:34967/__cypress/runner/cypress_runner.js:162140:16)\n    at Async../node_modules/bluebird/js/release/async.js.Async._drainQueues (http://localhost:34967/__cypress/runner/cypress_runner.js:162150:10)\n    at Async.drainQueues (http://localhost:34967/__cypress/runner/cypress_runner.js:162024:14)",
                "diff": null
              },
              "uuid": "acf745d3-fc1a-4a30-b74b-f646307a0fc9",
              "parentUUID": "21721ddb-3921-44a7-b8c2-1950e1672b8c",
              "isHook": false,
              "skipped": false
            }
          ],
          "suites": [],
          "passes": [],
          "failures": [
            "75c4789d-3fb6-4f27-91ea-bcf38a875d7b",
            "554b8f2c-44e1-4735-be41-12c46bd30356",
            "428aa26c-57ec-41a0-a700-697af40ec0fe",
            "acf745d3-fc1a-4a30-b74b-f646307a0fc9"
          ],
          "pending": [],
          "skipped": [],
          "duration": 18426,
          "root": false,
          "rootEmpty": false,
          "_timeout": 2000
        },
        {
          "uuid": "38123430-1ed2-49bf-97e4-8ac10b8dfe19",
          "title": "5 - Faça com que cada elemento do quadro de pixels possua 40 pixels de largura, 40 pixels de altura e seja delimitado por uma borda preta de 1 pixel.",
          "fullFile": "",
          "file": "",
          "beforeHooks": [],
          "afterHooks": [],
          "tests": [
            {
              "title": "Verifica se o quadro de pixels tem altura e comprimento de 5 elementos",
              "fullTitle": "5 - Faça com que cada elemento do quadro de pixels possua 40 pixels de largura, 40 pixels de altura e seja delimitado por uma borda preta de 1 pixel. Verifica se o quadro de pixels tem altura e comprimento de 5 elementos",
              "timedOut": null,
              "duration": 4839,
              "state": "failed",
              "speed": null,
              "pass": false,
              "fail": true,
              "pending": false,
              "context": null,
              "code": "cy.get('.pixel').should('have.length', 25).each(function (pixel) {\n  expect(pixel).to.have.css('background-color', WHITE);\n}).and(function (pixels) {\n  var rows = chunk(pixels, 5);\n  rows.forEach(function (row) {\n    for (var index = 1; index < row.length; index += 1) {\n      var current = pixels[index];\n      var previous = pixels[index - 1];\n      cy.wrap(current).should('be.onTheRightOf', previous).and('be.horizontallyAlignedWith', previous);\n    }\n  });\n  for (var index = 1; index < 5; index += 1) {\n    expect(pixels[index * 5]).to.be.belowOf(pixels[(index - 1) * 5]);\n  }\n});",
              "err": {
                "message": "CypressError: Timed out retrying: Expected to find element: '.pixel', but never found it.",
                "estack": "CypressError: Timed out retrying: Expected to find element: '.pixel', but never found it.\n    at cypressErr (http://localhost:34967/__cypress/runner/cypress_runner.js:149934:9)\n    at throwErr (http://localhost:34967/__cypress/runner/cypress_runner.js:149867:11)\n    at Object.throwErrByPath (http://localhost:34967/__cypress/runner/cypress_runner.js:149915:3)\n    at retry (http://localhost:34967/__cypress/runner/cypress_runner.js:144197:19)\n    at onFailFn (http://localhost:34967/__cypress/runner/cypress_runner.js:132448:16)\n    at tryCatcher (http://localhost:34967/__cypress/runner/cypress_runner.js:167415:23)\n    at Promise._settlePromiseFromHandler (http://localhost:34967/__cypress/runner/cypress_runner.js:165351:31)\n    at Promise._settlePromise (http://localhost:34967/__cypress/runner/cypress_runner.js:165408:18)\n    at Promise._settlePromise0 (http://localhost:34967/__cypress/runner/cypress_runner.js:165453:10)\n    at Promise._settlePromises (http://localhost:34967/__cypress/runner/cypress_runner.js:165528:18)\n    at Async../node_modules/bluebird/js/release/async.js.Async._drainQueue (http://localhost:34967/__cypress/runner/cypress_runner.js:162140:16)\n    at Async../node_modules/bluebird/js/release/async.js.Async._drainQueues (http://localhost:34967/__cypress/runner/cypress_runner.js:162150:10)\n    at Async.drainQueues (http://localhost:34967/__cypress/runner/cypress_runner.js:162024:14)",
                "diff": null
              },
              "uuid": "7ac7080d-05a6-439a-b21f-281d68963153",
              "parentUUID": "38123430-1ed2-49bf-97e4-8ac10b8dfe19",
              "isHook": false,
              "skipped": false
            },
            {
              "title": "Verifica se 40 pixels é o tamanho total do elemento, incluindo seu conteúdo e excluindo a borda preta, que deve ser criada à parte.",
              "fullTitle": "5 - Faça com que cada elemento do quadro de pixels possua 40 pixels de largura, 40 pixels de altura e seja delimitado por uma borda preta de 1 pixel. Verifica se 40 pixels é o tamanho total do elemento, incluindo seu conteúdo e excluindo a borda preta, que deve ser criada à parte.",
              "timedOut": null,
              "duration": 4648,
              "state": "failed",
              "speed": null,
              "pass": false,
              "fail": true,
              "pending": false,
              "context": null,
              "code": "cy.get('.pixel').each(function (pixel) {\n  cy.wrap(pixel).should('have.css', 'height', '40px').and('have.css', 'width', '40px').and('have.css', 'border', \"1px solid \".concat(BLACK));\n});",
              "err": {
                "message": "CypressError: Timed out retrying: Expected to find element: '.pixel', but never found it.",
                "estack": "CypressError: Timed out retrying: Expected to find element: '.pixel', but never found it.\n    at cypressErr (http://localhost:34967/__cypress/runner/cypress_runner.js:149934:9)\n    at throwErr (http://localhost:34967/__cypress/runner/cypress_runner.js:149867:11)\n    at Object.throwErrByPath (http://localhost:34967/__cypress/runner/cypress_runner.js:149915:3)\n    at retry (http://localhost:34967/__cypress/runner/cypress_runner.js:144197:19)\n    at onFailFn (http://localhost:34967/__cypress/runner/cypress_runner.js:132448:16)\n    at tryCatcher (http://localhost:34967/__cypress/runner/cypress_runner.js:167415:23)\n    at Promise._settlePromiseFromHandler (http://localhost:34967/__cypress/runner/cypress_runner.js:165351:31)\n    at Promise._settlePromise (http://localhost:34967/__cypress/runner/cypress_runner.js:165408:18)\n    at Promise._settlePromise0 (http://localhost:34967/__cypress/runner/cypress_runner.js:165453:10)\n    at Promise._settlePromises (http://localhost:34967/__cypress/runner/cypress_runner.js:165528:18)\n    at Async../node_modules/bluebird/js/release/async.js.Async._drainQueue (http://localhost:34967/__cypress/runner/cypress_runner.js:162140:16)\n    at Async../node_modules/bluebird/js/release/async.js.Async._drainQueues (http://localhost:34967/__cypress/runner/cypress_runner.js:162150:10)\n    at Async.drainQueues (http://localhost:34967/__cypress/runner/cypress_runner.js:162024:14)",
                "diff": null
              },
              "uuid": "8b3dc26f-3bf0-461f-8148-4d0f48b2bc93",
              "parentUUID": "38123430-1ed2-49bf-97e4-8ac10b8dfe19",
              "isHook": false,
              "skipped": false
            }
          ],
          "suites": [],
          "passes": [],
          "failures": [
            "7ac7080d-05a6-439a-b21f-281d68963153",
            "8b3dc26f-3bf0-461f-8148-4d0f48b2bc93"
          ],
          "pending": [],
          "skipped": [],
          "duration": 9487,
          "root": false,
          "rootEmpty": false,
          "_timeout": 2000
        },
        {
          "uuid": "4e69b503-542c-4b3b-a03d-c34f1797dd1f",
          "title": "6 - Defina a cor preta como cor inicial. Ao carregar a página a cor preta já deve estar selecionada para pintar os pixels",
          "fullFile": "",
          "file": "",
          "beforeHooks": [],
          "afterHooks": [],
          "tests": [
            {
              "title": "Verifica se o elemento da cor preta possui, inicialmente, a `classe` `selected`",
              "fullTitle": "6 - Defina a cor preta como cor inicial. Ao carregar a página a cor preta já deve estar selecionada para pintar os pixels Verifica se o elemento da cor preta possui, inicialmente, a `classe` `selected`",
              "timedOut": null,
              "duration": 4636,
              "state": "failed",
              "speed": null,
              "pass": false,
              "fail": true,
              "pending": false,
              "context": null,
              "code": "cy.get('.selected').first().should('have.css', 'background-color', BLACK);",
              "err": {
                "message": "CypressError: Timed out retrying: Expected to find element: '.selected', but never found it.",
                "estack": "CypressError: Timed out retrying: Expected to find element: '.selected', but never found it.\n    at cypressErr (http://localhost:34967/__cypress/runner/cypress_runner.js:149934:9)\n    at throwErr (http://localhost:34967/__cypress/runner/cypress_runner.js:149867:11)\n    at Object.throwErrByPath (http://localhost:34967/__cypress/runner/cypress_runner.js:149915:3)\n    at retry (http://localhost:34967/__cypress/runner/cypress_runner.js:144197:19)\n    at onFailFn (http://localhost:34967/__cypress/runner/cypress_runner.js:132448:16)\n    at tryCatcher (http://localhost:34967/__cypress/runner/cypress_runner.js:167415:23)\n    at Promise._settlePromiseFromHandler (http://localhost:34967/__cypress/runner/cypress_runner.js:165351:31)\n    at Promise._settlePromise (http://localhost:34967/__cypress/runner/cypress_runner.js:165408:18)\n    at Promise._settlePromise0 (http://localhost:34967/__cypress/runner/cypress_runner.js:165453:10)\n    at Promise._settlePromises (http://localhost:34967/__cypress/runner/cypress_runner.js:165528:18)\n    at Async../node_modules/bluebird/js/release/async.js.Async._drainQueue (http://localhost:34967/__cypress/runner/cypress_runner.js:162140:16)\n    at Async../node_modules/bluebird/js/release/async.js.Async._drainQueues (http://localhost:34967/__cypress/runner/cypress_runner.js:162150:10)\n    at Async.drainQueues (http://localhost:34967/__cypress/runner/cypress_runner.js:162024:14)",
                "diff": null
              },
              "uuid": "5538e751-0118-441c-b1ea-db11d994b915",
              "parentUUID": "4e69b503-542c-4b3b-a03d-c34f1797dd1f",
              "isHook": false,
              "skipped": false
            },
            {
              "title": "Verifica se nenhuma outra cor da paleta tem a `classe` `selected`",
              "fullTitle": "6 - Defina a cor preta como cor inicial. Ao carregar a página a cor preta já deve estar selecionada para pintar os pixels Verifica se nenhuma outra cor da paleta tem a `classe` `selected`",
              "timedOut": null,
              "duration": 4492,
              "state": "failed",
              "speed": null,
              "pass": false,
              "fail": true,
              "pending": false,
              "context": null,
              "code": "cy.get('.color:not(:first-child)').each(function (color) {\n  cy.wrap(color).should('not.have.class', 'selected');\n});",
              "err": {
                "message": "CypressError: Timed out retrying: Expected to find element: '.color:not(:first-child)', but never found it.",
                "estack": "CypressError: Timed out retrying: Expected to find element: '.color:not(:first-child)', but never found it.\n    at cypressErr (http://localhost:34967/__cypress/runner/cypress_runner.js:149934:9)\n    at throwErr (http://localhost:34967/__cypress/runner/cypress_runner.js:149867:11)\n    at Object.throwErrByPath (http://localhost:34967/__cypress/runner/cypress_runner.js:149915:3)\n    at retry (http://localhost:34967/__cypress/runner/cypress_runner.js:144197:19)\n    at onFailFn (http://localhost:34967/__cypress/runner/cypress_runner.js:132448:16)\n    at tryCatcher (http://localhost:34967/__cypress/runner/cypress_runner.js:167415:23)\n    at Promise._settlePromiseFromHandler (http://localhost:34967/__cypress/runner/cypress_runner.js:165351:31)\n    at Promise._settlePromise (http://localhost:34967/__cypress/runner/cypress_runner.js:165408:18)\n    at Promise._settlePromise0 (http://localhost:34967/__cypress/runner/cypress_runner.js:165453:10)\n    at Promise._settlePromises (http://localhost:34967/__cypress/runner/cypress_runner.js:165528:18)\n    at Async../node_modules/bluebird/js/release/async.js.Async._drainQueue (http://localhost:34967/__cypress/runner/cypress_runner.js:162140:16)\n    at Async../node_modules/bluebird/js/release/async.js.Async._drainQueues (http://localhost:34967/__cypress/runner/cypress_runner.js:162150:10)\n    at Async.drainQueues (http://localhost:34967/__cypress/runner/cypress_runner.js:162024:14)",
                "diff": null
              },
              "uuid": "ba7dc69e-f5ca-4640-b9b8-890c4010d207",
              "parentUUID": "4e69b503-542c-4b3b-a03d-c34f1797dd1f",
              "isHook": false,
              "skipped": false
            }
          ],
          "suites": [],
          "passes": [],
          "failures": [
            "5538e751-0118-441c-b1ea-db11d994b915",
            "ba7dc69e-f5ca-4640-b9b8-890c4010d207"
          ],
          "pending": [],
          "skipped": [],
          "duration": 9128,
          "root": false,
          "rootEmpty": false,
          "_timeout": 2000
        },
        {
          "uuid": "a3c95864-9044-431f-8f17-aab7cc9a469c",
          "title": "7 - Clicar em uma das cores da paleta, faz com que ela seja selecionada e utilizada para preencher os pixels no quadro.",
          "fullFile": "",
          "file": "",
          "beforeHooks": [],
          "afterHooks": [],
          "tests": [
            {
              "title": "Verifica se somente uma cor da paleta de cores tem a classe `selected` de cada vez",
              "fullTitle": "7 - Clicar em uma das cores da paleta, faz com que ela seja selecionada e utilizada para preencher os pixels no quadro. Verifica se somente uma cor da paleta de cores tem a classe `selected` de cada vez",
              "timedOut": null,
              "duration": 4547,
              "state": "failed",
              "speed": null,
              "pass": false,
              "fail": true,
              "pending": false,
              "context": null,
              "code": "cy.get('.color').each(function (selectedColor, selectedColorIndex) {\n  cy.wrap(selectedColor).click();\n  cy.get('.color').each(function (color, colorIndex) {\n    if (colorIndex === selectedColorIndex) {\n      expect(color).to.have[\"class\"]('selected');\n    } else {\n      expect(color).not.to.have[\"class\"]('selected');\n    }\n  });\n});",
              "err": {
                "message": "CypressError: Timed out retrying: Expected to find element: '.color', but never found it.",
                "estack": "CypressError: Timed out retrying: Expected to find element: '.color', but never found it.\n    at cypressErr (http://localhost:34967/__cypress/runner/cypress_runner.js:149934:9)\n    at throwErr (http://localhost:34967/__cypress/runner/cypress_runner.js:149867:11)\n    at Object.throwErrByPath (http://localhost:34967/__cypress/runner/cypress_runner.js:149915:3)\n    at retry (http://localhost:34967/__cypress/runner/cypress_runner.js:144197:19)\n    at onFailFn (http://localhost:34967/__cypress/runner/cypress_runner.js:132448:16)\n    at tryCatcher (http://localhost:34967/__cypress/runner/cypress_runner.js:167415:23)\n    at Promise._settlePromiseFromHandler (http://localhost:34967/__cypress/runner/cypress_runner.js:165351:31)\n    at Promise._settlePromise (http://localhost:34967/__cypress/runner/cypress_runner.js:165408:18)\n    at Promise._settlePromise0 (http://localhost:34967/__cypress/runner/cypress_runner.js:165453:10)\n    at Promise._settlePromises (http://localhost:34967/__cypress/runner/cypress_runner.js:165528:18)\n    at Async../node_modules/bluebird/js/release/async.js.Async._drainQueue (http://localhost:34967/__cypress/runner/cypress_runner.js:162140:16)\n    at Async../node_modules/bluebird/js/release/async.js.Async._drainQueues (http://localhost:34967/__cypress/runner/cypress_runner.js:162150:10)\n    at Async.drainQueues (http://localhost:34967/__cypress/runner/cypress_runner.js:162024:14)",
                "diff": null
              },
              "uuid": "2d1d295f-2d4d-4220-a23d-a40d6d63e1b0",
              "parentUUID": "a3c95864-9044-431f-8f17-aab7cc9a469c",
              "isHook": false,
              "skipped": false
            },
            {
              "title": "Verifica se os pixels dentro do quadro não têm a classe `selected` quando são clicados",
              "fullTitle": "7 - Clicar em uma das cores da paleta, faz com que ela seja selecionada e utilizada para preencher os pixels no quadro. Verifica se os pixels dentro do quadro não têm a classe `selected` quando são clicados",
              "timedOut": null,
              "duration": 4522,
              "state": "failed",
              "speed": null,
              "pass": false,
              "fail": true,
              "pending": false,
              "context": null,
              "code": "cy.get('.color').each(function (color) {\n  var backgroundColor = color.css('background-color');\n  cy.wrap(color).click();\n  cy.get('.pixel').each(function (pixel) {\n    cy.wrap(pixel).click().should('not.have.class', 'selected');\n  });\n});",
              "err": {
                "message": "CypressError: Timed out retrying: Expected to find element: '.color', but never found it.",
                "estack": "CypressError: Timed out retrying: Expected to find element: '.color', but never found it.\n    at cypressErr (http://localhost:34967/__cypress/runner/cypress_runner.js:149934:9)\n    at throwErr (http://localhost:34967/__cypress/runner/cypress_runner.js:149867:11)\n    at Object.throwErrByPath (http://localhost:34967/__cypress/runner/cypress_runner.js:149915:3)\n    at retry (http://localhost:34967/__cypress/runner/cypress_runner.js:144197:19)\n    at onFailFn (http://localhost:34967/__cypress/runner/cypress_runner.js:132448:16)\n    at tryCatcher (http://localhost:34967/__cypress/runner/cypress_runner.js:167415:23)\n    at Promise._settlePromiseFromHandler (http://localhost:34967/__cypress/runner/cypress_runner.js:165351:31)\n    at Promise._settlePromise (http://localhost:34967/__cypress/runner/cypress_runner.js:165408:18)\n    at Promise._settlePromise0 (http://localhost:34967/__cypress/runner/cypress_runner.js:165453:10)\n    at Promise._settlePromises (http://localhost:34967/__cypress/runner/cypress_runner.js:165528:18)\n    at Async../node_modules/bluebird/js/release/async.js.Async._drainQueue (http://localhost:34967/__cypress/runner/cypress_runner.js:162140:16)\n    at Async../node_modules/bluebird/js/release/async.js.Async._drainQueues (http://localhost:34967/__cypress/runner/cypress_runner.js:162150:10)\n    at Async.drainQueues (http://localhost:34967/__cypress/runner/cypress_runner.js:162024:14)",
                "diff": null
              },
              "uuid": "5d566ba3-37f2-484b-bf27-21bd709f599c",
              "parentUUID": "a3c95864-9044-431f-8f17-aab7cc9a469c",
              "isHook": false,
              "skipped": false
            }
          ],
          "suites": [],
          "passes": [],
          "failures": [
            "2d1d295f-2d4d-4220-a23d-a40d6d63e1b0",
            "5d566ba3-37f2-484b-bf27-21bd709f599c"
          ],
          "pending": [],
          "skipped": [],
          "duration": 9069,
          "root": false,
          "rootEmpty": false,
          "_timeout": 2000
        },
        {
          "uuid": "5523ef55-5dd1-4dfc-8b05-8a05a2429b70",
          "title": "8 - Clicar em um pixel dentro do quadro após selecionar uma cor na paleta, faz com que o pixel seja preenchido com a cor selecionada.",
          "fullFile": "",
          "file": "",
          "beforeHooks": [],
          "afterHooks": [],
          "tests": [
            {
              "title": "Verifica se ao carregar a página deve ser possível pintar os pixels de preto",
              "fullTitle": "8 - Clicar em um pixel dentro do quadro após selecionar uma cor na paleta, faz com que o pixel seja preenchido com a cor selecionada. Verifica se ao carregar a página deve ser possível pintar os pixels de preto",
              "timedOut": null,
              "duration": 4495,
              "state": "failed",
              "speed": null,
              "pass": false,
              "fail": true,
              "pending": false,
              "context": null,
              "code": "cy.get('.pixel').each(function (pixel) {\n  cy.wrap(pixel).click().should('have.css', 'background-color', BLACK);\n});",
              "err": {
                "message": "CypressError: Timed out retrying: Expected to find element: '.pixel', but never found it.",
                "estack": "CypressError: Timed out retrying: Expected to find element: '.pixel', but never found it.\n    at cypressErr (http://localhost:34967/__cypress/runner/cypress_runner.js:149934:9)\n    at throwErr (http://localhost:34967/__cypress/runner/cypress_runner.js:149867:11)\n    at Object.throwErrByPath (http://localhost:34967/__cypress/runner/cypress_runner.js:149915:3)\n    at retry (http://localhost:34967/__cypress/runner/cypress_runner.js:144197:19)\n    at onFailFn (http://localhost:34967/__cypress/runner/cypress_runner.js:132448:16)\n    at tryCatcher (http://localhost:34967/__cypress/runner/cypress_runner.js:167415:23)\n    at Promise._settlePromiseFromHandler (http://localhost:34967/__cypress/runner/cypress_runner.js:165351:31)\n    at Promise._settlePromise (http://localhost:34967/__cypress/runner/cypress_runner.js:165408:18)\n    at Promise._settlePromise0 (http://localhost:34967/__cypress/runner/cypress_runner.js:165453:10)\n    at Promise._settlePromises (http://localhost:34967/__cypress/runner/cypress_runner.js:165528:18)\n    at Async../node_modules/bluebird/js/release/async.js.Async._drainQueue (http://localhost:34967/__cypress/runner/cypress_runner.js:162140:16)\n    at Async../node_modules/bluebird/js/release/async.js.Async._drainQueues (http://localhost:34967/__cypress/runner/cypress_runner.js:162150:10)\n    at Async.drainQueues (http://localhost:34967/__cypress/runner/cypress_runner.js:162024:14)",
                "diff": null
              },
              "uuid": "559deafa-f5d6-4779-995c-779b97ed568a",
              "parentUUID": "5523ef55-5dd1-4dfc-8b05-8a05a2429b70",
              "isHook": false,
              "skipped": false
            },
            {
              "title": "Verifica se após selecionar uma outra cor na paleta, é possível pintar os pixels com essa cor",
              "fullTitle": "8 - Clicar em um pixel dentro do quadro após selecionar uma cor na paleta, faz com que o pixel seja preenchido com a cor selecionada. Verifica se após selecionar uma outra cor na paleta, é possível pintar os pixels com essa cor",
              "timedOut": null,
              "duration": 4550,
              "state": "failed",
              "speed": null,
              "pass": false,
              "fail": true,
              "pending": false,
              "context": null,
              "code": "cy.get('.color').each(function (color) {\n  var backgroundColor = color.css('background-color');\n  cy.wrap(color).click();\n  cy.get('.pixel').each(function (pixel) {\n    cy.wrap(pixel).click().should('have.css', 'background-color', backgroundColor);\n  });\n});",
              "err": {
                "message": "CypressError: Timed out retrying: Expected to find element: '.color', but never found it.",
                "estack": "CypressError: Timed out retrying: Expected to find element: '.color', but never found it.\n    at cypressErr (http://localhost:34967/__cypress/runner/cypress_runner.js:149934:9)\n    at throwErr (http://localhost:34967/__cypress/runner/cypress_runner.js:149867:11)\n    at Object.throwErrByPath (http://localhost:34967/__cypress/runner/cypress_runner.js:149915:3)\n    at retry (http://localhost:34967/__cypress/runner/cypress_runner.js:144197:19)\n    at onFailFn (http://localhost:34967/__cypress/runner/cypress_runner.js:132448:16)\n    at tryCatcher (http://localhost:34967/__cypress/runner/cypress_runner.js:167415:23)\n    at Promise._settlePromiseFromHandler (http://localhost:34967/__cypress/runner/cypress_runner.js:165351:31)\n    at Promise._settlePromise (http://localhost:34967/__cypress/runner/cypress_runner.js:165408:18)\n    at Promise._settlePromise0 (http://localhost:34967/__cypress/runner/cypress_runner.js:165453:10)\n    at Promise._settlePromises (http://localhost:34967/__cypress/runner/cypress_runner.js:165528:18)\n    at Async../node_modules/bluebird/js/release/async.js.Async._drainQueue (http://localhost:34967/__cypress/runner/cypress_runner.js:162140:16)\n    at Async../node_modules/bluebird/js/release/async.js.Async._drainQueues (http://localhost:34967/__cypress/runner/cypress_runner.js:162150:10)\n    at Async.drainQueues (http://localhost:34967/__cypress/runner/cypress_runner.js:162024:14)",
                "diff": null
              },
              "uuid": "90fdece0-5a4c-4ca3-b3e8-bb00af79370c",
              "parentUUID": "5523ef55-5dd1-4dfc-8b05-8a05a2429b70",
              "isHook": false,
              "skipped": false
            },
            {
              "title": "Verifica se somente o pixel que foi clicado foi preenchido com a cor selecionada, sem influenciar na cor dos demais pixels.",
              "fullTitle": "8 - Clicar em um pixel dentro do quadro após selecionar uma cor na paleta, faz com que o pixel seja preenchido com a cor selecionada. Verifica se somente o pixel que foi clicado foi preenchido com a cor selecionada, sem influenciar na cor dos demais pixels.",
              "timedOut": null,
              "duration": 4530,
              "state": "failed",
              "speed": null,
              "pass": false,
              "fail": true,
              "pending": false,
              "context": null,
              "code": "var colorToPixelIndexMap = {\n  0: 6,\n  1: 8,\n  2: 16,\n  3: 18\n};\ncy.get('.color').each(function (color, index) {\n  cy.wrap(color).click();\n  var backgroundColor = color.css('background-color');\n  var clickedPixelIndex = colorToPixelIndexMap[index];\n  cy.get('.pixel').eq(clickedPixelIndex).click();\n  cy.get('.pixel').eq(clickedPixelIndex - 1).should('not.have.css', 'background-color', backgroundColor);\n  cy.get('.pixel').eq(clickedPixelIndex + 1).should('not.have.css', 'background-color', backgroundColor);\n  cy.get('.pixel').eq(clickedPixelIndex - 5).should('not.have.css', 'background-color', backgroundColor);\n  cy.get('.pixel').eq(clickedPixelIndex + 5).should('not.have.css', 'background-color', backgroundColor);\n  cy.get('.pixel').eq(clickedPixelIndex - 6).should('not.have.css', 'background-color', backgroundColor);\n  cy.get('.pixel').eq(clickedPixelIndex - 4).should('not.have.css', 'background-color', backgroundColor);\n  cy.get('.pixel').eq(clickedPixelIndex + 4).should('not.have.css', 'background-color', backgroundColor);\n  cy.get('.pixel').eq(clickedPixelIndex + 6).should('not.have.css', 'background-color', backgroundColor);\n});",
              "err": {
                "message": "CypressError: Timed out retrying: Expected to find element: '.color', but never found it.",
                "estack": "CypressError: Timed out retrying: Expected to find element: '.color', but never found it.\n    at cypressErr (http://localhost:34967/__cypress/runner/cypress_runner.js:149934:9)\n    at throwErr (http://localhost:34967/__cypress/runner/cypress_runner.js:149867:11)\n    at Object.throwErrByPath (http://localhost:34967/__cypress/runner/cypress_runner.js:149915:3)\n    at retry (http://localhost:34967/__cypress/runner/cypress_runner.js:144197:19)\n    at onFailFn (http://localhost:34967/__cypress/runner/cypress_runner.js:132448:16)\n    at tryCatcher (http://localhost:34967/__cypress/runner/cypress_runner.js:167415:23)\n    at Promise._settlePromiseFromHandler (http://localhost:34967/__cypress/runner/cypress_runner.js:165351:31)\n    at Promise._settlePromise (http://localhost:34967/__cypress/runner/cypress_runner.js:165408:18)\n    at Promise._settlePromise0 (http://localhost:34967/__cypress/runner/cypress_runner.js:165453:10)\n    at Promise._settlePromises (http://localhost:34967/__cypress/runner/cypress_runner.js:165528:18)\n    at Async../node_modules/bluebird/js/release/async.js.Async._drainQueue (http://localhost:34967/__cypress/runner/cypress_runner.js:162140:16)\n    at Async../node_modules/bluebird/js/release/async.js.Async._drainQueues (http://localhost:34967/__cypress/runner/cypress_runner.js:162150:10)\n    at Async.drainQueues (http://localhost:34967/__cypress/runner/cypress_runner.js:162024:14)",
                "diff": null
              },
              "uuid": "f943b1cb-7d28-434a-ab1e-ac7936754a72",
              "parentUUID": "5523ef55-5dd1-4dfc-8b05-8a05a2429b70",
              "isHook": false,
              "skipped": false
            }
          ],
          "suites": [],
          "passes": [],
          "failures": [
            "559deafa-f5d6-4779-995c-779b97ed568a",
            "90fdece0-5a4c-4ca3-b3e8-bb00af79370c",
            "f943b1cb-7d28-434a-ab1e-ac7936754a72"
          ],
          "pending": [],
          "skipped": [],
          "duration": 13575,
          "root": false,
          "rootEmpty": false,
          "_timeout": 2000
        },
        {
          "uuid": "3d6b11a2-ef2c-427d-b94c-7af1d7f52119",
          "title": "9 - Crie um botão que, ao ser clicado, limpa o quadro preenchendo a cor de todos seus pixels com branco.",
          "fullFile": "",
          "file": "",
          "beforeHooks": [],
          "afterHooks": [],
          "tests": [
            {
              "title": "Verifica se o botão tem o `id` denominado `clear-board`",
              "fullTitle": "9 - Crie um botão que, ao ser clicado, limpa o quadro preenchendo a cor de todos seus pixels com branco. Verifica se o botão tem o `id` denominado `clear-board`",
              "timedOut": null,
              "duration": 4596,
              "state": "failed",
              "speed": null,
              "pass": false,
              "fail": true,
              "pending": false,
              "context": null,
              "code": "cy.get('#clear-board').should('be.visible');",
              "err": {
                "message": "CypressError: Timed out retrying: Expected to find element: '#clear-board', but never found it.",
                "estack": "CypressError: Timed out retrying: Expected to find element: '#clear-board', but never found it.\n    at cypressErr (http://localhost:34967/__cypress/runner/cypress_runner.js:149934:9)\n    at throwErr (http://localhost:34967/__cypress/runner/cypress_runner.js:149867:11)\n    at Object.throwErrByPath (http://localhost:34967/__cypress/runner/cypress_runner.js:149915:3)\n    at retry (http://localhost:34967/__cypress/runner/cypress_runner.js:144197:19)\n    at onFailFn (http://localhost:34967/__cypress/runner/cypress_runner.js:132448:16)\n    at tryCatcher (http://localhost:34967/__cypress/runner/cypress_runner.js:167415:23)\n    at Promise._settlePromiseFromHandler (http://localhost:34967/__cypress/runner/cypress_runner.js:165351:31)\n    at Promise._settlePromise (http://localhost:34967/__cypress/runner/cypress_runner.js:165408:18)\n    at Promise._settlePromise0 (http://localhost:34967/__cypress/runner/cypress_runner.js:165453:10)\n    at Promise._settlePromises (http://localhost:34967/__cypress/runner/cypress_runner.js:165528:18)\n    at Async../node_modules/bluebird/js/release/async.js.Async._drainQueue (http://localhost:34967/__cypress/runner/cypress_runner.js:162140:16)\n    at Async../node_modules/bluebird/js/release/async.js.Async._drainQueues (http://localhost:34967/__cypress/runner/cypress_runner.js:162150:10)\n    at Async.drainQueues (http://localhost:34967/__cypress/runner/cypress_runner.js:162024:14)",
                "diff": null
              },
              "uuid": "9cee301f-1199-4dee-92d1-307b62633179",
              "parentUUID": "3d6b11a2-ef2c-427d-b94c-7af1d7f52119",
              "isHook": false,
              "skipped": false
            },
            {
              "title": "Verifica se o botão está posicionado entre a paleta de cores e o quadro de pixels",
              "fullTitle": "9 - Crie um botão que, ao ser clicado, limpa o quadro preenchendo a cor de todos seus pixels com branco. Verifica se o botão está posicionado entre a paleta de cores e o quadro de pixels",
              "timedOut": null,
              "duration": 4569,
              "state": "failed",
              "speed": null,
              "pass": false,
              "fail": true,
              "pending": false,
              "context": null,
              "code": "cy.get('#color-palette').then(function (palette) {\n  cy.get('#clear-board').should('be.belowOf', palette);\n});\ncy.get('#clear-board').then(function (clearBtn) {\n  cy.get('#pixel-board').should('be.belowOf', clearBtn);\n});",
              "err": {
                "message": "CypressError: Timed out retrying: Expected to find element: '#clear-board', but never found it.",
                "estack": "CypressError: Timed out retrying: Expected to find element: '#clear-board', but never found it.\n    at cypressErr (http://localhost:34967/__cypress/runner/cypress_runner.js:149934:9)\n    at throwErr (http://localhost:34967/__cypress/runner/cypress_runner.js:149867:11)\n    at Object.throwErrByPath (http://localhost:34967/__cypress/runner/cypress_runner.js:149915:3)\n    at retry (http://localhost:34967/__cypress/runner/cypress_runner.js:144197:19)\n    at onFailFn (http://localhost:34967/__cypress/runner/cypress_runner.js:132448:16)\n    at tryCatcher (http://localhost:34967/__cypress/runner/cypress_runner.js:167415:23)\n    at Promise._settlePromiseFromHandler (http://localhost:34967/__cypress/runner/cypress_runner.js:165351:31)\n    at Promise._settlePromise (http://localhost:34967/__cypress/runner/cypress_runner.js:165408:18)\n    at Promise._settlePromise0 (http://localhost:34967/__cypress/runner/cypress_runner.js:165453:10)\n    at Promise._settlePromises (http://localhost:34967/__cypress/runner/cypress_runner.js:165528:18)\n    at Async../node_modules/bluebird/js/release/async.js.Async._drainQueue (http://localhost:34967/__cypress/runner/cypress_runner.js:162140:16)\n    at Async../node_modules/bluebird/js/release/async.js.Async._drainQueues (http://localhost:34967/__cypress/runner/cypress_runner.js:162150:10)\n    at Async.drainQueues (http://localhost:34967/__cypress/runner/cypress_runner.js:162024:14)",
                "diff": null
              },
              "uuid": "35ca7258-23b7-43f4-bcde-065c3cc3a2de",
              "parentUUID": "3d6b11a2-ef2c-427d-b94c-7af1d7f52119",
              "isHook": false,
              "skipped": false
            },
            {
              "title": "Verifica se o texto do botão é 'Limpar'",
              "fullTitle": "9 - Crie um botão que, ao ser clicado, limpa o quadro preenchendo a cor de todos seus pixels com branco. Verifica se o texto do botão é 'Limpar'",
              "timedOut": null,
              "duration": 4505,
              "state": "failed",
              "speed": null,
              "pass": false,
              "fail": true,
              "pending": false,
              "context": null,
              "code": "cy.get('#clear-board').should('contain.text', 'Limpar');",
              "err": {
                "message": "CypressError: Timed out retrying: Expected to find element: '#clear-board', but never found it.",
                "estack": "CypressError: Timed out retrying: Expected to find element: '#clear-board', but never found it.\n    at cypressErr (http://localhost:34967/__cypress/runner/cypress_runner.js:149934:9)\n    at throwErr (http://localhost:34967/__cypress/runner/cypress_runner.js:149867:11)\n    at Object.throwErrByPath (http://localhost:34967/__cypress/runner/cypress_runner.js:149915:3)\n    at retry (http://localhost:34967/__cypress/runner/cypress_runner.js:144197:19)\n    at onFailFn (http://localhost:34967/__cypress/runner/cypress_runner.js:132448:16)\n    at tryCatcher (http://localhost:34967/__cypress/runner/cypress_runner.js:167415:23)\n    at Promise._settlePromiseFromHandler (http://localhost:34967/__cypress/runner/cypress_runner.js:165351:31)\n    at Promise._settlePromise (http://localhost:34967/__cypress/runner/cypress_runner.js:165408:18)\n    at Promise._settlePromise0 (http://localhost:34967/__cypress/runner/cypress_runner.js:165453:10)\n    at Promise._settlePromises (http://localhost:34967/__cypress/runner/cypress_runner.js:165528:18)\n    at Async../node_modules/bluebird/js/release/async.js.Async._drainQueue (http://localhost:34967/__cypress/runner/cypress_runner.js:162140:16)\n    at Async../node_modules/bluebird/js/release/async.js.Async._drainQueues (http://localhost:34967/__cypress/runner/cypress_runner.js:162150:10)\n    at Async.drainQueues (http://localhost:34967/__cypress/runner/cypress_runner.js:162024:14)",
                "diff": null
              },
              "uuid": "3f0548f7-58ca-416e-a0b7-c20e0235603c",
              "parentUUID": "3d6b11a2-ef2c-427d-b94c-7af1d7f52119",
              "isHook": false,
              "skipped": false
            },
            {
              "title": "Verifica se ao clicar no botão, o quadro de pixels é totalmente preenchido de branco",
              "fullTitle": "9 - Crie um botão que, ao ser clicado, limpa o quadro preenchendo a cor de todos seus pixels com branco. Verifica se ao clicar no botão, o quadro de pixels é totalmente preenchido de branco",
              "timedOut": null,
              "duration": 4589,
              "state": "failed",
              "speed": null,
              "pass": false,
              "fail": true,
              "pending": false,
              "context": null,
              "code": "cy.get('.color').eq(1).then(function (color) {\n  var backgroundColor = color.css('background-color');\n  cy.wrap(color).click();\n  cy.get('.pixel').each(function (pixel) {\n    cy.wrap(pixel).click().should('have.css', 'background-color', backgroundColor);\n  });\n});\ncy.get('#clear-board').click();\ncy.get('.pixel').each(function (pixel) {\n  cy.wrap(pixel).should('have.css', 'background-color', WHITE);\n});",
              "err": {
                "message": "CypressError: Timed out retrying: Expected to find element: '.color', but never found it.",
                "estack": "CypressError: Timed out retrying: Expected to find element: '.color', but never found it.\n    at cypressErr (http://localhost:34967/__cypress/runner/cypress_runner.js:149934:9)\n    at throwErr (http://localhost:34967/__cypress/runner/cypress_runner.js:149867:11)\n    at Object.throwErrByPath (http://localhost:34967/__cypress/runner/cypress_runner.js:149915:3)\n    at retry (http://localhost:34967/__cypress/runner/cypress_runner.js:144197:19)\n    at onFailFn (http://localhost:34967/__cypress/runner/cypress_runner.js:132448:16)\n    at tryCatcher (http://localhost:34967/__cypress/runner/cypress_runner.js:167415:23)\n    at Promise._settlePromiseFromHandler (http://localhost:34967/__cypress/runner/cypress_runner.js:165351:31)\n    at Promise._settlePromise (http://localhost:34967/__cypress/runner/cypress_runner.js:165408:18)\n    at Promise._settlePromise0 (http://localhost:34967/__cypress/runner/cypress_runner.js:165453:10)\n    at Promise._settlePromises (http://localhost:34967/__cypress/runner/cypress_runner.js:165528:18)\n    at Async../node_modules/bluebird/js/release/async.js.Async._drainQueue (http://localhost:34967/__cypress/runner/cypress_runner.js:162140:16)\n    at Async../node_modules/bluebird/js/release/async.js.Async._drainQueues (http://localhost:34967/__cypress/runner/cypress_runner.js:162150:10)\n    at Async.drainQueues (http://localhost:34967/__cypress/runner/cypress_runner.js:162024:14)",
                "diff": null
              },
              "uuid": "b33d77aa-d680-4433-ba12-15810adcc1e3",
              "parentUUID": "3d6b11a2-ef2c-427d-b94c-7af1d7f52119",
              "isHook": false,
              "skipped": false
            }
          ],
          "suites": [],
          "passes": [],
          "failures": [
            "9cee301f-1199-4dee-92d1-307b62633179",
            "35ca7258-23b7-43f4-bcde-065c3cc3a2de",
            "3f0548f7-58ca-416e-a0b7-c20e0235603c",
            "b33d77aa-d680-4433-ba12-15810adcc1e3"
          ],
          "pending": [],
          "skipped": [],
          "duration": 18259,
          "root": false,
          "rootEmpty": false,
          "_timeout": 2000
        },
        {
          "uuid": "1e41b2e5-22c1-4dd6-b48b-b51897daddfa",
          "title": "10 - Faça o quadro de pixels ter seu tamanho definido pelo usuário.",
          "fullFile": "",
          "file": "",
          "beforeHooks": [],
          "afterHooks": [],
          "tests": [
            {
              "title": "Verifica se existe um input com o id `board-size`",
              "fullTitle": "10 - Faça o quadro de pixels ter seu tamanho definido pelo usuário. Verifica se existe um input com o id `board-size`",
              "timedOut": null,
              "duration": 4615,
              "state": "failed",
              "speed": null,
              "pass": false,
              "fail": true,
              "pending": false,
              "context": null,
              "code": "cy.get('#board-size').should('be.visible');",
              "err": {
                "message": "CypressError: Timed out retrying: Expected to find element: '#board-size', but never found it.",
                "estack": "CypressError: Timed out retrying: Expected to find element: '#board-size', but never found it.\n    at cypressErr (http://localhost:34967/__cypress/runner/cypress_runner.js:149934:9)\n    at throwErr (http://localhost:34967/__cypress/runner/cypress_runner.js:149867:11)\n    at Object.throwErrByPath (http://localhost:34967/__cypress/runner/cypress_runner.js:149915:3)\n    at retry (http://localhost:34967/__cypress/runner/cypress_runner.js:144197:19)\n    at onFailFn (http://localhost:34967/__cypress/runner/cypress_runner.js:132448:16)\n    at tryCatcher (http://localhost:34967/__cypress/runner/cypress_runner.js:167415:23)\n    at Promise._settlePromiseFromHandler (http://localhost:34967/__cypress/runner/cypress_runner.js:165351:31)\n    at Promise._settlePromise (http://localhost:34967/__cypress/runner/cypress_runner.js:165408:18)\n    at Promise._settlePromise0 (http://localhost:34967/__cypress/runner/cypress_runner.js:165453:10)\n    at Promise._settlePromises (http://localhost:34967/__cypress/runner/cypress_runner.js:165528:18)\n    at Async../node_modules/bluebird/js/release/async.js.Async._drainQueue (http://localhost:34967/__cypress/runner/cypress_runner.js:162140:16)\n    at Async../node_modules/bluebird/js/release/async.js.Async._drainQueues (http://localhost:34967/__cypress/runner/cypress_runner.js:162150:10)\n    at Async.drainQueues (http://localhost:34967/__cypress/runner/cypress_runner.js:162024:14)",
                "diff": null
              },
              "uuid": "38ac3ec7-1ec5-439e-8345-b27627f60ff9",
              "parentUUID": "1e41b2e5-22c1-4dd6-b48b-b51897daddfa",
              "isHook": false,
              "skipped": false
            },
            {
              "title": "Verifica se existe um botão com o id `generate-board`",
              "fullTitle": "10 - Faça o quadro de pixels ter seu tamanho definido pelo usuário. Verifica se existe um botão com o id `generate-board`",
              "timedOut": null,
              "duration": 4628,
              "state": "failed",
              "speed": null,
              "pass": false,
              "fail": true,
              "pending": false,
              "context": null,
              "code": "cy.get('#generate-board').should('be.visible');",
              "err": {
                "message": "CypressError: Timed out retrying: Expected to find element: '#generate-board', but never found it.",
[...]
                "diff": null
              },
              "uuid": "aff51ad7-6990-4d2b-8ae5-d1a7d2f4d03f",
              "parentUUID": "1e41b2e5-22c1-4dd6-b48b-b51897daddfa",
              "isHook": false,
              "skipped": false
            },
            {
              "title": "Verifica se o novo quadro tem todos os pixels preenchidos com a cor branca",
              "fullTitle": "10 - Faça o quadro de pixels ter seu tamanho definido pelo usuário. Verifica se o novo quadro tem todos os pixels preenchidos com a cor branca",
              "timedOut": null,
              "duration": 4638,
              "state": "failed",
              "speed": null,
              "pass": false,
              "fail": true,
              "pending": false,
              "context": null,
              "code": "cy.get('#board-size').clear().type(6);\ncy.get('#generate-board').click();\ncy.get('.pixel').should('have.length', 36).each(function (pixel) {\n  expect(pixel).to.have.css('background-color', WHITE);\n});",
              "err": {
                "message": "CypressError: Timed out retrying: Expected to find element: '#board-size', but never found it.",
                "estack": "CypressError: Timed out retrying: Expected to find element: '#board-size', but never found it.\n    at cypressErr (http://localhost:34967/__cypress/runner/cypress_runner.js:149934:9)\n    at throwErr (http://localhost:34967/__cypress/runner/cypress_runner.js:149867:11)\n    at Object.throwErrByPath (http://localhost:34967/__cypress/runner/cypress_runner.js:149915:3)\n    at retry (http://localhost:34967/__cypress/runner/cypress_runner.js:144197:19)\n    at onFailFn (http://localhost:34967/__cypress/runner/cypress_runner.js:132448:16)\n    at tryCatcher (http://localhost:34967/__cypress/runner/cypress_runner.js:167415:23)\n    at Promise._settlePromiseFromHandler (http://localhost:34967/__cypress/runner/cypress_runner.js:165351:31)\n    at Promise._settlePromise (http://localhost:34967/__cypress/runner/cypress_runner.js:165408:18)\n    at Promise._settlePromise0 (http://localhost:34967/__cypress/runner/cypress_runner.js:165453:10)\n    at Promise._settlePromises (http://localhost:34967/__cypress/runner/cypress_runner.js:165528:18)\n    at Async../node_modules/bluebird/js/release/async.js.Async._drainQueue (http://localhost:34967/__cypress/runner/cypress_runner.js:162140:16)\n    at Async../node_modules/bluebird/js/release/async.js.Async._drainQueues (http://localhost:34967/__cypress/runner/cypress_runner.js:162150:10)\n    at Async.drainQueues (http://localhost:34967/__cypress/runner/cypress_runner.js:162024:14)",
                "diff": null
              },
              "uuid": "f69042e7-68c5-43e3-8b8c-8a70a89dbe93",
              "parentUUID": "1e41b2e5-22c1-4dd6-b48b-b51897daddfa",
              "isHook": false,
              "skipped": false
            }
          ],
          "suites": [],
          "passes": [],
          "failures": [
            "38ac3ec7-1ec5-439e-8345-b27627f60ff9",
            "f3838009-859e-4c83-9761-740e947d62dc",
            "8cccbd21-bec0-4588-a586-196b193d5d52",
            "a60f3107-ec24-4de6-a623-cb6b45db6c8a",
            "64399888-68ca-45e3-bacb-5c5aaa04ddd9",
            "5ca20a03-a655-496b-97e4-f8f3d1da6999",
            "ee0c0be2-fc60-4612-b27f-83b2a19aeb18",
            "aff51ad7-6990-4d2b-8ae5-d1a7d2f4d03f",
            "f69042e7-68c5-43e3-8b8c-8a70a89dbe93"
          ],
          "pending": [],
          "skipped": [],
          "duration": 41261,
          "root": false,
          "rootEmpty": false,
          "_timeout": 2000
        },
        {
          "uuid": "f8a18352-bc3c-40c0-b3e1-60ec1123ce5c",
          "title": "11 - Limite o tamanho mínimo e máximo do board.",
          "fullFile": "",
          "file": "",
          "beforeHooks": [],
          "afterHooks": [],
          "tests": [
            {
              "title": "Verifica se a altura máxima do board é 50",
              "fullTitle": "11 - Limite o tamanho mínimo e máximo do board. Verifica se a altura máxima do board é 50",
              "timedOut": null,
              "duration": 4590,
              "state": "failed",
              "speed": null,
              "pass": false,
              "fail": true,
              "pending": false,
              "context": null,
              "code": "cy.get('#board-size').clear().type(50);\ncy.get('#generate-board').click();\ncy.get('.pixel').should('have.length', 2500);",
              "err": {
                "message": "CypressError: Timed out retrying: Expected to find element: '#board-size', but never found it.",
                "estack": "CypressError: Timed out retrying: Expected to find element: '#board-size', but never found it.\n    at cypressErr (http://localhost:34967/__cypress/runner/cypress_runner.js:149934:9)\n    at throwErr (http://localhost:34967/__cypress/runner/cypress_runner.js:149867:11)\n    at Object.throwErrByPath (http://localhost:34967/__cypress/runner/cypress_runner.js:149915:3)\n    at retry (http://localhost:34967/__cypress/runner/cypress_runner.js:144197:19)\n    at onFailFn (http://localhost:34967/__cypress/runner/cypress_runner.js:132448:16)\n    at tryCatcher (http://localhost:34967/__cypress/runner/cypress_runner.js:167415:23)\n    at Promise._settlePromiseFromHandler (http://localhost:34967/__cypress/runner/cypress_runner.js:165351:31)\n    at Promise._settlePromise (http://localhost:34967/__cypress/runner/cypress_runner.js:165408:18)\n    at Promise._settlePromise0 (http://localhost:34967/__cypress/runner/cypress_runner.js:165453:10)\n    at Promise._settlePromises (http://localhost:34967/__cypress/runner/cypress_runner.js:165528:18)\n    at Async../node_modules/bluebird/js/release/async.js.Async._drainQueue (http://localhost:34967/__cypress/runner/cypress_runner.js:162140:16)\n    at Async../node_modules/bluebird/js/release/async.js.Async._drainQueues (http://localhost:34967/__cypress/runner/cypress_runner.js:162150:10)\n    at Async.drainQueues (http://localhost:34967/__cypress/runner/cypress_runner.js:162024:14)",
                "diff": null
              },
              "uuid": "5d9bcdd4-c760-444b-a7a9-59634a48d715",
              "parentUUID": "f8a18352-bc3c-40c0-b3e1-60ec1123ce5c",
              "isHook": false,
              "skipped": false
            },
            {
              "title": "Verifica se a altura do board é 5 quando um valor menor é colocado no input",
              "fullTitle": "11 - Limite o tamanho mínimo e máximo do board. Verifica se a altura do board é 5 quando um valor menor é colocado no input",
              "timedOut": null,
              "duration": 4611,
              "state": "failed",
              "speed": null,
              "pass": false,
              "fail": true,
              "pending": false,
              "context": null,
              "code": "cy.get('#board-size').clear().type(4);\ncy.get('#generate-board').click();\ncy.get('.pixel').should('have.length', 25);",
              "err": {
                "message": "CypressError: Timed out retrying: Expected to find element: '#board-size', but never found it.",
                "estack": "CypressError: Timed out retrying: Expected to find element: '#board-size', but never found it.\n    at cypressErr (http://localhost:34967/__cypress/runner/cypress_runner.js:149934:9)\n    at throwErr (http://localhost:34967/__cypress/runner/cypress_runner.js:149867:11)\n    at Object.throwErrByPath (http://localhost:34967/__cypress/runner/cypress_runner.js:149915:3)\n    at retry (http://localhost:34967/__cypress/runner/cypress_runner.js:144197:19)\n    at onFailFn (http://localhost:34967/__cypress/runner/cypress_runner.js:132448:16)\n    at tryCatcher (http://localhost:34967/__cypress/runner/cypress_runner.js:167415:23)\n    at Promise._settlePromiseFromHandler (http://localhost:34967/__cypress/runner/cypress_runner.js:165351:31)\n    at Promise._settlePromise (http://localhost:34967/__cypress/runner/cypress_runner.js:165408:18)\n    at Promise._settlePromise0 (http://localhost:34967/__cypress/runner/cypress_runner.js:165453:10)\n    at Promise._settlePromises (http://localhost:34967/__cypress/runner/cypress_runner.js:165528:18)\n    at Async../node_modules/bluebird/js/release/async.js.Async._drainQueue (http://localhost:34967/__cypress/runner/cypress_runner.js:162140:16)\n    at Async../node_modules/bluebird/js/release/async.js.Async._drainQueues (http://localhost:34967/__cypress/runner/cypress_runner.js:162150:10)\n    at Async.drainQueues (http://localhost:34967/__cypress/runner/cypress_runner.js:162024:14)",
                "diff": null
              },
              "uuid": "95c81347-110a-4e2c-8466-649e0518fb57",
              "parentUUID": "f8a18352-bc3c-40c0-b3e1-60ec1123ce5c",
              "isHook": false,
              "skipped": false
            },
            {
              "title": "Verifica se a altura do board é 50 quando um valor maior é colocado no input",
              "fullTitle": "11 - Limite o tamanho mínimo e máximo do board. Verifica se a altura do board é 50 quando um valor maior é colocado no input",
              "timedOut": null,
              "duration": 4612,
              "state": "failed",
              "speed": null,
              "pass": false,
              "fail": true,
              "pending": false,
              "context": null,
              "code": "cy.get('#board-size').clear().type(51);\ncy.get('#generate-board').click();\ncy.get('.pixel').should('have.length', 2500);",
              "err": {
                "message": "CypressError: Timed out retrying: Expected to find element: '#board-size', but never found it.",
                "estack": "CypressError: Timed out retrying: Expected to find element: '#board-size', but never found it.\n    at cypressErr (http://localhost:34967/__cypress/runner/cypress_runner.js:149934:9)\n    at throwErr (http://localhost:34967/__cypress/runner/cypress_runner.js:149867:11)\n    at Object.throwErrByPath (http://localhost:34967/__cypress/runner/cypress_runner.js:149915:3)\n    at retry (http://localhost:34967/__cypress/runner/cypress_runner.js:144197:19)\n    at onFailFn (http://localhost:34967/__cypress/runner/cypress_runner.js:132448:16)\n    at tryCatcher (http://localhost:34967/__cypress/runner/cypress_runner.js:167415:23)\n    at Promise._settlePromiseFromHandler (http://localhost:34967/__cypress/runner/cypress_runner.js:165351:31)\n    at Promise._settlePromise (http://localhost:34967/__cypress/runner/cypress_runner.js:165408:18)\n    at Promise._settlePromise0 (http://localhost:34967/__cypress/runner/cypress_runner.js:165453:10)\n    at Promise._settlePromises (http://localhost:34967/__cypress/runner/cypress_runner.js:165528:18)\n    at Async../node_modules/bluebird/js/release/async.js.Async._drainQueue (http://localhost:34967/__cypress/runner/cypress_runner.js:162140:16)\n    at Async../node_modules/bluebird/js/release/async.js.Async._drainQueues (http://localhost:34967/__cypress/runner/cypress_runner.js:162150:10)\n    at Async.drainQueues (http://localhost:34967/__cypress/runner/cypress_runner.js:162024:14)",
                "diff": null
              },
              "uuid": "2f783c87-36be-4812-8d01-279767b08d55",
              "parentUUID": "f8a18352-bc3c-40c0-b3e1-60ec1123ce5c",
              "isHook": false,
              "skipped": false
            }
          ],
          "suites": [],
          "passes": [],
          "failures": [
            "5d9bcdd4-c760-444b-a7a9-59634a48d715",
            "95c81347-110a-4e2c-8466-649e0518fb57",
            "2f783c87-36be-4812-8d01-279767b08d55"
          ],
          "pending": [],
          "skipped": [],
          "duration": 13813,
          "root": false,
          "rootEmpty": false,
          "_timeout": 2000
        },
        {
          "uuid": "79059b98-e5c9-485e-94d3-004510bfff05",
          "title": "12 - Faça com que as cores da paleta sejam geradas aleatoriamente ao carregar a página.",
          "fullFile": "",
          "file": "",
          "beforeHooks": [],
          "afterHooks": [],
          "tests": [
            {
              "title": "Verifica se as cores geradas na paleta são diferentes a cada carregamento da página",
              "fullTitle": "12 - Faça com que as cores da paleta sejam geradas aleatoriamente ao carregar a página. Verifica se as cores geradas na paleta são diferentes a cada carregamento da página",
              "timedOut": null,
              "duration": 4639,
              "state": "failed",
              "speed": null,
              "pass": false,
              "fail": true,
              "pending": false,
              "context": null,
              "code": "cy.get('.color').then(function (colors) {\n  var currentColors;\n  var previousColors;\n  previousColors = Array.from(colors).map(function (color) {\n    return Cypress.$(color).css('background-color');\n  });\n  for (var i = 0; i < 5; i += 1) {\n    cy.reload();\n    cy.get('.color').then(function (colors) {\n      currentColors = Array.from(colors).map(function (color) {\n        return Cypress.$(color).css('background-color');\n      });\n      expect(currentColors).not.to.deep.equal(previousColors);\n      previousColors = currentColors;\n    });\n  }\n});",
              "err": {
                "message": "CypressError: Timed out retrying: Expected to find element: '.color', but never found it.",
                "estack": "CypressError: Timed out retrying: Expected to find element: '.color', but never found it.\n    at cypressErr (http://localhost:34967/__cypress/runner/cypress_runner.js:149934:9)\n    at throwErr (http://localhost:34967/__cypress/runner/cypress_runner.js:149867:11)\n    at Object.throwErrByPath (http://localhost:34967/__cypress/runner/cypress_runner.js:149915:3)\n    at retry (http://localhost:34967/__cypress/runner/cypress_runner.js:144197:19)\n    at onFailFn (http://localhost:34967/__cypress/runner/cypress_runner.js:132448:16)\n    at tryCatcher (http://localhost:34967/__cypress/runner/cypress_runner.js:167415:23)\n    at Promise._settlePromiseFromHandler (http://localhost:34967/__cypress/runner/cypress_runner.js:165351:31)\n    at Promise._settlePromise (http://localhost:34967/__cypress/runner/cypress_runner.js:165408:18)\n    at Promise._settlePromise0 (http://localhost:34967/__cypress/runner/cypress_runner.js:165453:10)\n    at Promise._settlePromises (http://localhost:34967/__cypress/runner/cypress_runner.js:165528:18)\n    at Async../node_modules/bluebird/js/release/async.js.Async._drainQueue (http://localhost:34967/__cypress/runner/cypress_runner.js:162140:16)\n    at Async../node_modules/bluebird/js/release/async.js.Async._drainQueues (http://localhost:34967/__cypress/runner/cypress_runner.js:162150:10)\n    at Async.drainQueues (http://localhost:34967/__cypress/runner/cypress_runner.js:162024:14)",
                "diff": null
              },
              "uuid": "6b92d53e-7634-4c1e-946a-552d753e8130",
              "parentUUID": "79059b98-e5c9-485e-94d3-004510bfff05",
              "isHook": false,
              "skipped": false
            },
            {
              "title": "Verifica se a cor preta ainda está presente e é a primeira na sua paleta de cores",
              "fullTitle": "12 - Faça com que as cores da paleta sejam geradas aleatoriamente ao carregar a página. Verifica se a cor preta ainda está presente e é a primeira na sua paleta de cores",
              "timedOut": null,
              "duration": 4606,
              "state": "failed",
              "speed": null,
              "pass": false,
              "fail": true,
              "pending": false,
              "context": null,
              "code": "cy.get('.color').then(function (colors) {\n  var currentColors;\n  var previousColors;\n  previousColors = Array.from(colors).map(function (color) {\n    return Cypress.$(color).css('background-color');\n  });\n  expect(previousColors[0]).to.eq(BLACK);\n  for (var i = 0; i < 5; i += 1) {\n    cy.reload();\n    cy.get('.color').then(function (colors) {\n      currentColors = Array.from(colors).map(function (color) {\n        return Cypress.$(color).css('background-color');\n      });\n      expect(currentColors[0]).to.eq(BLACK);\n      expect(currentColors).not.to.deep.equal(previousColors);\n      previousColors = currentColors;\n    });\n  }\n});",
              "err": {
                "message": "CypressError: Timed out retrying: Expected to find element: '.color', but never found it.",
                "estack": "CypressError: Timed out retrying: Expected to find element: '.color', but never found it.\n    at cypressErr (http://localhost:34967/__cypress/runner/cypress_runner.js:149934:9)\n    at throwErr (http://localhost:34967/__cypress/runner/cypress_runner.js:149867:11)\n    at Object.throwErrByPath (http://localhost:34967/__cypress/runner/cypress_runner.js:149915:3)\n    at retry (http://localhost:34967/__cypress/runner/cypress_runner.js:144197:19)\n    at onFailFn (http://localhost:34967/__cypress/runner/cypress_runner.js:132448:16)\n    at tryCatcher (http://localhost:34967/__cypress/runner/cypress_runner.js:167415:23)\n    at Promise._settlePromiseFromHandler (http://localhost:34967/__cypress/runner/cypress_runner.js:165351:31)\n    at Promise._settlePromise (http://localhost:34967/__cypress/runner/cypress_runner.js:165408:18)\n    at Promise._settlePromise0 (http://localhost:34967/__cypress/runner/cypress_runner.js:165453:10)\n    at Promise._settlePromises (http://localhost:34967/__cypress/runner/cypress_runner.js:165528:18)\n    at Async../node_modules/bluebird/js/release/async.js.Async._drainQueue (http://localhost:34967/__cypress/runner/cypress_runner.js:162140:16)\n    at Async../node_modules/bluebird/js/release/async.js.Async._drainQueues (http://localhost:34967/__cypress/runner/cypress_runner.js:162150:10)\n    at Async.drainQueues (http://localhost:34967/__cypress/runner/cypress_runner.js:162024:14)",
                "diff": null
              },
              "uuid": "33f1d160-e58b-458b-b205-23896e970f95",
              "parentUUID": "79059b98-e5c9-485e-94d3-004510bfff05",
              "isHook": false,
              "skipped": false
            }
          ],
          "suites": [],
          "passes": [],
          "failures": [
            "6b92d53e-7634-4c1e-946a-552d753e8130",
            "33f1d160-e58b-458b-b205-23896e970f95"
          ],
          "pending": [],
          "skipped": [],
          "duration": 9245,
          "root": false,
          "rootEmpty": false,
          "_timeout": 2000
        }
      ],
      "passes": [],
      "failures": [],
      "pending": [],
      "skipped": [],
      "duration": 0,
      "root": true,
      "rootEmpty": true,
      "_timeout": 2000
    }
  ],
  "meta": {
    "mocha": {
      "version": "7.0.1"
    },
    "mochawesome": {
      "options": {
        "quiet": false,
        "reportFilename": "mochawesome",
        "saveHtml": false,
        "saveJson": true,
        "consoleReporter": "spec",
        "useInlineDiffs": false
      },
      "version": "4.1.0"
    },
    "marge": {
      "options": {
        "id": "default",
        "reportDir": "cypress/reports",
        "overwrite": true,
        "html": false,
        "json": true
      },
      "version": "4.1.0"
    }
  }
}