{
  "stats": {
    "suites": 12,
    "tests": 41,
    "passes": 8,
    "pending": 0,
    "failures": 33,
    "start": "2021-07-08T20:16:42.821Z",
    "end": "2021-07-08T20:18:55.561Z",
    "duration": 132740,
    "testsRegistered": 41,
    "passPercent": 19.51219512195122,
    "pendingPercent": 0,
    "other": 0,
    "hasOther": false,
    "skipped": 0,
    "hasSkipped": false
  },
  "results": [
    {
      "uuid": "b4ef8247-451a-43e3-b6ce-fe613a68df86",
      "title": "",
      "fullFile": "cypress/integration/project.spec.js",
      "file": "cypress/integration/project.spec.js",
      "beforeHooks": [],
      "afterHooks": [],
      "tests": [],
      "suites": [
        {
          "uuid": "bb22a426-5e24-45c3-a071-83294e9ff820",
          "title": "1 - Adicione à página o título \"Paleta de Cores\".",
          "fullFile": "",
          "file": "",
          "beforeHooks": [],
          "afterHooks": [],
          "tests": [
            {
              "title": "Verifica se contém um elemento `h1` com o id `title` com o título correto",
              "fullTitle": "1 - Adicione à página o título \"Paleta de Cores\". Verifica se contém um elemento `h1` com o id `title` com o título correto",
              "timedOut": null,
              "duration": 116,
              "state": "passed",
              "speed": "slow",
              "pass": true,
              "fail": false,
              "pending": false,
              "context": null,
              "code": "cy.get('h1#title').should('contain.text', 'Paleta de Cores');",
              "err": {},
              "uuid": "89e58b87-5479-4b3a-9731-ce8a703d1b19",
              "parentUUID": "bb22a426-5e24-45c3-a071-83294e9ff820",
              "isHook": false,
              "skipped": false
            }
          ],
          "suites": [],
          "passes": [
            "89e58b87-5479-4b3a-9731-ce8a703d1b19"
          ],
          "failures": [],
          "pending": [],
          "skipped": [],
          "duration": 116,
          "root": false,
          "rootEmpty": false,
          "_timeout": 2000
        },
        {
          "uuid": "ac6e05cc-703a-4bd8-ad58-03befb31eeaa",
          "title": "2 - Adicione à página uma paleta de quatro cores distintas.",
          "fullFile": "",
          "file": "",
          "beforeHooks": [],
          "afterHooks": [],
          "tests": [
            {
              "title": "A paleta de cores deve ser um elemento com `id` denominado `color-palette`",
              "fullTitle": "2 - Adicione à página uma paleta de quatro cores distintas. A paleta de cores deve ser um elemento com `id` denominado `color-palette`",
              "timedOut": null,
              "duration": 51,
              "state": "passed",
              "speed": "medium",
              "pass": true,
              "fail": false,
              "pending": false,
              "context": null,
              "code": "cy.get('#color-palette').should('be.visible');",
              "err": {},
              "uuid": "a1111e02-9822-4a20-a0b1-cafd8c9c42ef",
              "parentUUID": "ac6e05cc-703a-4bd8-ad58-03befb31eeaa",
              "isHook": false,
              "skipped": false
            },
            {
              "title": "Verifica se cada cor individual da paleta de cores possui a `classe` chamada `color`.",
              "fullTitle": "2 - Adicione à página uma paleta de quatro cores distintas. Verifica se cada cor individual da paleta de cores possui a `classe` chamada `color`.",
              "timedOut": null,
              "duration": 4168,
              "state": "failed",
              "speed": null,
              "pass": false,
              "fail": true,
              "pending": false,
              "context": null,
              "code": "cy.get('.color').should('have.length', 4).then(function (colors) {\n  for (var i = 0; i < colors.length; i++) {\n    cy.wrap(colors[i]).should('be.visible');\n  }\n});",
              "err": {
                "message": "CypressError: Timed out retrying: expected '<div#black.color>' to be 'visible'\n\nThis element '<div#black.color>' is not visible because it has an effective width and height of: '1348 x 0' pixels.",
                "estack": "CypressError: Timed out retrying: expected '<div#black.color>' to be 'visible'\n\nThis element '<div#black.color>' is not visible because it has an effective width and height of: '1348 x 0' pixels.\n    at cypressErr (http://localhost:46307/__cypress/runner/cypress_runner.js:149934:9)\n    at throwErr (http://localhost:46307/__cypress/runner/cypress_runner.js:149867:11)\n    at Object.throwErrByPath (http://localhost:46307/__cypress/runner/cypress_runner.js:149915:3)\n    at retry (http://localhost:46307/__cypress/runner/cypress_runner.js:144197:19)\n    at onFailFn (http://localhost:46307/__cypress/runner/cypress_runner.js:132448:16)\n    at tryCatcher (http://localhost:46307/__cypress/runner/cypress_runner.js:167415:23)\n    at Promise._settlePromiseFromHandler (http://localhost:46307/__cypress/runner/cypress_runner.js:165351:31)\n    at Promise._settlePromise (http://localhost:46307/__cypress/runner/cypress_runner.js:165408:18)\n    at Promise._settlePromise0 (http://localhost:46307/__cypress/runner/cypress_runner.js:165453:10)\n    at Promise._settlePromises (http://localhost:46307/__cypress/runner/cypress_runner.js:165528:18)\n    at Async../node_modules/bluebird/js/release/async.js.Async._drainQueue (http://localhost:46307/__cypress/runner/cypress_runner.js:162140:16)\n    at Async../node_modules/bluebird/js/release/async.js.Async._drainQueues (http://localhost:46307/__cypress/runner/cypress_runner.js:162150:10)\n    at Async.drainQueues (http://localhost:46307/__cypress/runner/cypress_runner.js:162024:14)",
                "diff": null
              },
              "uuid": "03647710-8ae5-4926-8c89-36f659183666",
              "parentUUID": "ac6e05cc-703a-4bd8-ad58-03befb31eeaa",
              "isHook": false,
              "skipped": false
            },
            {
              "title": "Verifica se a cor de fundo de cada elemento da paleta é a cor que o elemento representa. **A única cor não permitida na paleta é a cor branca.**",
              "fullTitle": "2 - Adicione à página uma paleta de quatro cores distintas. Verifica se a cor de fundo de cada elemento da paleta é a cor que o elemento representa. **A única cor não permitida na paleta é a cor branca.**",
              "timedOut": null,
              "duration": 112,
              "state": "passed",
              "speed": "slow",
              "pass": true,
              "fail": false,
              "pending": false,
              "context": null,
              "code": "cy.get('.color').each(function (color) {\n  cy.wrap(color).should('have.class', 'color').and('not.have.css', 'background-color', WHITE);\n  cy.wrap(color).should('have.css', 'background-color');\n});",
              "err": {},
              "uuid": "c17b26b1-964a-40d3-bb73-0ee80919224c",
              "parentUUID": "ac6e05cc-703a-4bd8-ad58-03befb31eeaa",
              "isHook": false,
              "skipped": false
            },
            {
              "title": "Verifica se cada elemento da paleta de cores tem uma borda preta, sólida e com 1 pixel de largura;",
              "fullTitle": "2 - Adicione à página uma paleta de quatro cores distintas. Verifica se cada elemento da paleta de cores tem uma borda preta, sólida e com 1 pixel de largura;",
              "timedOut": null,
              "duration": 4165,
              "state": "failed",
              "speed": null,
              "pass": false,
              "fail": true,
              "pending": false,
              "context": null,
              "code": "cy.get('.color').each(function (color) {\n  cy.wrap(color).and('have.css', 'border', \"1px solid \".concat(BLACK)).and('have.class', 'color');\n});",
              "err": {
                "message": "CypressError: Timed out retrying: expected '<div#black.color>' to have CSS property 'border' with the value '1px solid rgb(0, 0, 0)', but the value was '0px none rgb(0, 0, 0)'",
                "estack": "CypressError: Timed out retrying: expected '<div#black.color>' to have CSS property 'border' with the value '1px solid rgb(0, 0, 0)', but the value was '0px none rgb(0, 0, 0)'\n    at cypressErr (http://localhost:46307/__cypress/runner/cypress_runner.js:149934:9)\n    at throwErr (http://localhost:46307/__cypress/runner/cypress_runner.js:149867:11)\n    at Object.throwErrByPath (http://localhost:46307/__cypress/runner/cypress_runner.js:149915:3)\n    at retry (http://localhost:46307/__cypress/runner/cypress_runner.js:144197:19)\n    at onFailFn (http://localhost:46307/__cypress/runner/cypress_runner.js:132448:16)\n    at tryCatcher (http://localhost:46307/__cypress/runner/cypress_runner.js:167415:23)\n    at Promise._settlePromiseFromHandler (http://localhost:46307/__cypress/runner/cypress_runner.js:165351:31)\n    at Promise._settlePromise (http://localhost:46307/__cypress/runner/cypress_runner.js:165408:18)\n    at Promise._settlePromise0 (http://localhost:46307/__cypress/runner/cypress_runner.js:165453:10)\n    at Promise._settlePromises (http://localhost:46307/__cypress/runner/cypress_runner.js:165528:18)\n    at Async../node_modules/bluebird/js/release/async.js.Async._drainQueue (http://localhost:46307/__cypress/runner/cypress_runner.js:162140:16)\n    at Async../node_modules/bluebird/js/release/async.js.Async._drainQueues (http://localhost:46307/__cypress/runner/cypress_runner.js:162150:10)\n    at Async.drainQueues (http://localhost:46307/__cypress/runner/cypress_runner.js:162024:14)",
                "diff": null
              },
              "uuid": "cf7d06d1-0eae-4171-a290-e559ed313593",
              "parentUUID": "ac6e05cc-703a-4bd8-ad58-03befb31eeaa",
              "isHook": false,
              "skipped": false
            },
            {
              "title": "Verifica se a paleta lista todas as cores disponíveis para utilização, lado a lado.",
              "fullTitle": "2 - Adicione à página uma paleta de quatro cores distintas. Verifica se a paleta lista todas as cores disponíveis para utilização, lado a lado.",
              "timedOut": null,
              "duration": 4185,
              "state": "failed",
              "speed": null,
              "pass": false,
              "fail": true,
              "pending": false,
              "context": null,
              "code": "cy.get('.color').then(function (colors) {\n  for (var index = 1; index < colors.length; index += 1) {\n    var currentColor = colors[index];\n    var previousColor = colors[index - 1];\n    cy.wrap(currentColor).should('be.onTheRightOf', previousColor).and('be.horizontallyAlignedWith', previousColor);\n  }\n});",
              "err": {
                "message": "CypressError: Timed out retrying: expected '<div#red.color>' to be on the right of <div id=\"black\" class=\"color\"></div>",
                "estack": "CypressError: Timed out retrying: expected '<div#red.color>' to be on the right of <div id=\"black\" class=\"color\"></div>\n    at cypressErr (http://localhost:46307/__cypress/runner/cypress_runner.js:149934:9)\n    at throwErr (http://localhost:46307/__cypress/runner/cypress_runner.js:149867:11)\n    at Object.throwErrByPath (http://localhost:46307/__cypress/runner/cypress_runner.js:149915:3)\n    at retry (http://localhost:46307/__cypress/runner/cypress_runner.js:144197:19)\n    at onFailFn (http://localhost:46307/__cypress/runner/cypress_runner.js:132448:16)\n    at tryCatcher (http://localhost:46307/__cypress/runner/cypress_runner.js:167415:23)\n    at Promise._settlePromiseFromHandler (http://localhost:46307/__cypress/runner/cypress_runner.js:165351:31)\n    at Promise._settlePromise (http://localhost:46307/__cypress/runner/cypress_runner.js:165408:18)\n    at Promise._settlePromise0 (http://localhost:46307/__cypress/runner/cypress_runner.js:165453:10)\n    at Promise._settlePromises (http://localhost:46307/__cypress/runner/cypress_runner.js:165528:18)\n    at Async../node_modules/bluebird/js/release/async.js.Async._drainQueue (http://localhost:46307/__cypress/runner/cypress_runner.js:162140:16)\n    at Async../node_modules/bluebird/js/release/async.js.Async._drainQueues (http://localhost:46307/__cypress/runner/cypress_runner.js:162150:10)\n    at Async.drainQueues (http://localhost:46307/__cypress/runner/cypress_runner.js:162024:14)",
                "diff": null
              },
              "uuid": "cecfa482-6692-41d0-9da7-17d16446e15b",
              "parentUUID": "ac6e05cc-703a-4bd8-ad58-03befb31eeaa",
              "isHook": false,
              "skipped": false
            },
            {
              "title": "Verifica se a paleta de cores está posicionada abaixo do título 'Paleta de Cores'",
              "fullTitle": "2 - Adicione à página uma paleta de quatro cores distintas. Verifica se a paleta de cores está posicionada abaixo do título 'Paleta de Cores'",
              "timedOut": null,
              "duration": 89,
              "state": "passed",
              "speed": "slow",
              "pass": true,
              "fail": false,
              "pending": false,
              "context": null,
              "code": "cy.get('h1#title').then(function (title) {\n  cy.get('#color-palette').should('be.belowOf', title);\n});",
              "err": {},
              "uuid": "00ec99bc-5574-4197-82b0-20875c13d2d8",
              "parentUUID": "ac6e05cc-703a-4bd8-ad58-03befb31eeaa",
              "isHook": false,
              "skipped": false
            },
            {
              "title": "Verifica se a paleta de cores não contém cores repetidas.",
              "fullTitle": "2 - Adicione à página uma paleta de quatro cores distintas. Verifica se a paleta de cores não contém cores repetidas.",
              "timedOut": null,
              "duration": 54,
              "state": "passed",
              "speed": "medium",
              "pass": true,
              "fail": false,
              "pending": false,
              "context": null,
              "code": "cy.get('.color').then(function (colors) {\n  var allColors = Array.from(colors).map(function (color) {\n    return Cypress.$(color).css('background-color');\n  });\n  cy.log(allColors);\n  var uniqColors = (0, _toConsumableArray2[\"default\"])(new Set(allColors));\n  cy.log(uniqColors);\n  expect(allColors.length).to.eq(uniqColors.length);\n});",
              "err": {},
              "uuid": "fa297c68-4bc0-406e-966a-aa8ceb079d63",
              "parentUUID": "ac6e05cc-703a-4bd8-ad58-03befb31eeaa",
              "isHook": false,
              "skipped": false
            }
          ],
          "suites": [],
          "passes": [
            "a1111e02-9822-4a20-a0b1-cafd8c9c42ef",
            "c17b26b1-964a-40d3-bb73-0ee80919224c",
            "00ec99bc-5574-4197-82b0-20875c13d2d8",
            "fa297c68-4bc0-406e-966a-aa8ceb079d63"
          ],
          "failures": [
            "03647710-8ae5-4926-8c89-36f659183666",
            "cf7d06d1-0eae-4171-a290-e559ed313593",
            "cecfa482-6692-41d0-9da7-17d16446e15b"
          ],
          "pending": [],
          "skipped": [],
          "duration": 12824,
          "root": false,
          "rootEmpty": false,
          "_timeout": 2000
        },
        {
          "uuid": "4ceb7257-e8ba-470a-9e2e-b2c3fbab9b7d",
          "title": "3 - Adicione a cor **preta** como a primeira cor da paleta de cores.",
          "fullFile": "",
          "file": "",
          "beforeHooks": [],
          "afterHooks": [],
          "tests": [
            {
              "title": "Verifica se a primeira cor da paleta é preta",
              "fullTitle": "3 - Adicione a cor **preta** como a primeira cor da paleta de cores. Verifica se a primeira cor da paleta é preta",
              "timedOut": null,
              "duration": 61,
              "state": "passed",
              "speed": "medium",
              "pass": true,
              "fail": false,
              "pending": false,
              "context": null,
              "code": "cy.get('.color').first().should('have.css', 'background-color', BLACK);",
              "err": {},
              "uuid": "d559b758-8dec-434c-9c29-b3776091d91d",
              "parentUUID": "4ceb7257-e8ba-470a-9e2e-b2c3fbab9b7d",
              "isHook": false,
              "skipped": false
            },
            {
              "title": "Verifica se as demais cores podem ser escolhidas livremente.",
              "fullTitle": "3 - Adicione a cor **preta** como a primeira cor da paleta de cores. Verifica se as demais cores podem ser escolhidas livremente.",
              "timedOut": null,
              "duration": 81,
              "state": "passed",
              "speed": "slow",
              "pass": true,
              "fail": false,
              "pending": false,
              "context": null,
              "code": "cy.get('.color').eq(1).should('not.have.css', 'background-color', BLACK);\ncy.get('.color').eq(1).should('not.have.css', 'background-color', WHITE);\ncy.get('.color').eq(1).should('not.have.css', 'background-color', 'rgba(0, 0, 0, 0)');\ncy.get('.color').eq(1).should('have.css', 'background-color');\ncy.get('.color').eq(2).should('not.have.css', 'background-color', BLACK);\ncy.get('.color').eq(2).should('not.have.css', 'background-color', WHITE);\ncy.get('.color').eq(2).should('not.have.css', 'background-color', 'rgba(0, 0, 0, 0)');\ncy.get('.color').eq(2).should('have.css', 'background-color');\ncy.get('.color').eq(3).should('not.have.css', 'background-color', BLACK);\ncy.get('.color').eq(3).should('not.have.css', 'background-color', WHITE);\ncy.get('.color').eq(3).should('not.have.css', 'background-color', 'rgba(0, 0, 0, 0)');\ncy.get('.color').eq(3).should('have.css', 'background-color');",
              "err": {},
              "uuid": "5e65919b-630a-49a7-b64a-47516a0884da",
              "parentUUID": "4ceb7257-e8ba-470a-9e2e-b2c3fbab9b7d",
              "isHook": false,
              "skipped": false
            }
          ],
          "suites": [],
          "passes": [
            "d559b758-8dec-434c-9c29-b3776091d91d",
            "5e65919b-630a-49a7-b64a-47516a0884da"
          ],
          "failures": [],
          "pending": [],
          "skipped": [],
          "duration": 142,
          "root": false,
          "rootEmpty": false,
          "_timeout": 2000
        },
        {
          "uuid": "46527996-d74b-417b-8d70-7edf2af592bd",
          "title": "4 - Adicione à página um quadro de pixels, com 25 pixels.",
          "fullFile": "",
          "file": "",
          "beforeHooks": [],
          "afterHooks": [],
          "tests": [
            {
              "title": "Verifica se o quadro de pixels possui o `id` denominado `pixel-board`",
              "fullTitle": "4 - Adicione à página um quadro de pixels, com 25 pixels. Verifica se o quadro de pixels possui o `id` denominado `pixel-board`",
              "timedOut": null,
              "duration": 4198,
              "state": "failed",
              "speed": null,
              "pass": false,
              "fail": true,
              "pending": false,
              "context": null,
              "code": "cy.get('#pixel-board').should('be.visible');",
              "err": {
                "message": "CypressError: Timed out retrying: Expected to find element: '#pixel-board', but never found it.",
                "estack": "CypressError: Timed out retrying: Expected to find element: '#pixel-board', but never found it.\n    at cypressErr (http://localhost:46307/__cypress/runner/cypress_runner.js:149934:9)\n    at throwErr (http://localhost:46307/__cypress/runner/cypress_runner.js:149867:11)\n    at Object.throwErrByPath (http://localhost:46307/__cypress/runner/cypress_runner.js:149915:3)\n    at retry (http://localhost:46307/__cypress/runner/cypress_runner.js:144197:19)\n    at onFailFn (http://localhost:46307/__cypress/runner/cypress_runner.js:132448:16)\n    at tryCatcher (http://localhost:46307/__cypress/runner/cypress_runner.js:167415:23)\n    at Promise._settlePromiseFromHandler (http://localhost:46307/__cypress/runner/cypress_runner.js:165351:31)\n    at Promise._settlePromise (http://localhost:46307/__cypress/runner/cypress_runner.js:165408:18)\n    at Promise._settlePromise0 (http://localhost:46307/__cypress/runner/cypress_runner.js:165453:10)\n    at Promise._settlePromises (http://localhost:46307/__cypress/runner/cypress_runner.js:165528:18)\n    at Async../node_modules/bluebird/js/release/async.js.Async._drainQueue (http://localhost:46307/__cypress/runner/cypress_runner.js:162140:16)\n    at Async../node_modules/bluebird/js/release/async.js.Async._drainQueues (http://localhost:46307/__cypress/runner/cypress_runner.js:162150:10)\n    at Async.drainQueues (http://localhost:46307/__cypress/runner/cypress_runner.js:162024:14)",
                "diff": null
              },
              "uuid": "9ab0e47b-dee8-4901-a158-e4e8a1ce3153",
              "parentUUID": "46527996-d74b-417b-8d70-7edf2af592bd",
              "isHook": false,
              "skipped": false
            },
            {
              "title": "Verifica se cada pixel individual dentro do quadro possui a `classe` denominada `pixel`.",
              "fullTitle": "4 - Adicione à página um quadro de pixels, com 25 pixels. Verifica se cada pixel individual dentro do quadro possui a `classe` denominada `pixel`.",
              "timedOut": null,
              "duration": 4203,
              "state": "failed",
              "speed": null,
              "pass": false,
              "fail": true,
              "pending": false,
              "context": null,
              "code": "cy.get('.pixel').should('have.length', 25);",
              "err": {
                "message": "CypressError: Timed out retrying: Expected to find element: '.pixel', but never found it.",
                "estack": "CypressError: Timed out retrying: Expected to find element: '.pixel', but never found it.\n    at cypressErr (http://localhost:46307/__cypress/runner/cypress_runner.js:149934:9)\n    at throwErr (http://localhost:46307/__cypress/runner/cypress_runner.js:149867:11)\n    at Object.throwErrByPath (http://localhost:46307/__cypress/runner/cypress_runner.js:149915:3)\n    at retry (http://localhost:46307/__cypress/runner/cypress_runner.js:144197:19)\n    at onFailFn (http://localhost:46307/__cypress/runner/cypress_runner.js:132448:16)\n    at tryCatcher (http://localhost:46307/__cypress/runner/cypress_runner.js:167415:23)\n    at Promise._settlePromiseFromHandler (http://localhost:46307/__cypress/runner/cypress_runner.js:165351:31)\n    at Promise._settlePromise (http://localhost:46307/__cypress/runner/cypress_runner.js:165408:18)\n    at Promise._settlePromise0 (http://localhost:46307/__cypress/runner/cypress_runner.js:165453:10)\n    at Promise._settlePromises (http://localhost:46307/__cypress/runner/cypress_runner.js:165528:18)\n    at Async../node_modules/bluebird/js/release/async.js.Async._drainQueue (http://localhost:46307/__cypress/runner/cypress_runner.js:162140:16)\n    at Async../node_modules/bluebird/js/release/async.js.Async._drainQueues (http://localhost:46307/__cypress/runner/cypress_runner.js:162150:10)\n    at Async.drainQueues (http://localhost:46307/__cypress/runner/cypress_runner.js:162024:14)",
                "diff": null
              },
              "uuid": "850cd963-deea-477c-8f97-624da8516e81",
              "parentUUID": "46527996-d74b-417b-8d70-7edf2af592bd",
              "isHook": false,
              "skipped": false
            },
            {
              "title": "Verifica se a cor inicial dos pixels dentro do quadro, ao abrir a página, é branca.",
              "fullTitle": "4 - Adicione à página um quadro de pixels, com 25 pixels. Verifica se a cor inicial dos pixels dentro do quadro, ao abrir a página, é branca.",
              "timedOut": null,
              "duration": 4199,
              "state": "failed",
              "speed": null,
              "pass": false,
              "fail": true,
              "pending": false,
              "context": null,
              "code": "cy.get('.pixel').should('have.length', 25).each(function (pixel) {\n  expect(pixel).to.have.css('background-color', WHITE);\n});",
              "err": {
                "message": "CypressError: Timed out retrying: Expected to find element: '.pixel', but never found it.",
                "estack": "CypressError: Timed out retrying: Expected to find element: '.pixel', but never found it.\n    at cypressErr (http://localhost:46307/__cypress/runner/cypress_runner.js:149934:9)\n    at throwErr (http://localhost:46307/__cypress/runner/cypress_runner.js:149867:11)\n    at Object.throwErrByPath (http://localhost:46307/__cypress/runner/cypress_runner.js:149915:3)\n    at retry (http://localhost:46307/__cypress/runner/cypress_runner.js:144197:19)\n    at onFailFn (http://localhost:46307/__cypress/runner/cypress_runner.js:132448:16)\n    at tryCatcher (http://localhost:46307/__cypress/runner/cypress_runner.js:167415:23)\n    at Promise._settlePromiseFromHandler (http://localhost:46307/__cypress/runner/cypress_runner.js:165351:31)\n    at Promise._settlePromise (http://localhost:46307/__cypress/runner/cypress_runner.js:165408:18)\n    at Promise._settlePromise0 (http://localhost:46307/__cypress/runner/cypress_runner.js:165453:10)\n    at Promise._settlePromises (http://localhost:46307/__cypress/runner/cypress_runner.js:165528:18)\n    at Async../node_modules/bluebird/js/release/async.js.Async._drainQueue (http://localhost:46307/__cypress/runner/cypress_runner.js:162140:16)\n    at Async../node_modules/bluebird/js/release/async.js.Async._drainQueues (http://localhost:46307/__cypress/runner/cypress_runner.js:162150:10)\n    at Async.drainQueues (http://localhost:46307/__cypress/runner/cypress_runner.js:162024:14)",
                "diff": null
              },
              "uuid": "9624afc8-76fe-433e-9a1d-8526664aaf12",
              "parentUUID": "46527996-d74b-417b-8d70-7edf2af592bd",
              "isHook": false,
              "skipped": false
            },
            {
              "title": "Verifica se o quadro de pixels aparece abaixo da paleta de cores",
              "fullTitle": "4 - Adicione à página um quadro de pixels, com 25 pixels. Verifica se o quadro de pixels aparece abaixo da paleta de cores",
              "timedOut": null,
              "duration": 4180,
              "state": "failed",
              "speed": null,
              "pass": false,
              "fail": true,
              "pending": false,
              "context": null,
              "code": "cy.get('#color-palette').then(function (palette) {\n  cy.get('#pixel-board').should('be.belowOf', palette);\n});",
              "err": {
                "message": "CypressError: Timed out retrying: Expected to find element: '#pixel-board', but never found it.",
                "estack": "CypressError: Timed out retrying: Expected to find element: '#pixel-board', but never found it.\n    at cypressErr (http://localhost:46307/__cypress/runner/cypress_runner.js:149934:9)\n    at throwErr (http://localhost:46307/__cypress/runner/cypress_runner.js:149867:11)\n    at Object.throwErrByPath (http://localhost:46307/__cypress/runner/cypress_runner.js:149915:3)\n    at retry (http://localhost:46307/__cypress/runner/cypress_runner.js:144197:19)\n    at onFailFn (http://localhost:46307/__cypress/runner/cypress_runner.js:132448:16)\n    at tryCatcher (http://localhost:46307/__cypress/runner/cypress_runner.js:167415:23)\n    at Promise._settlePromiseFromHandler (http://localhost:46307/__cypress/runner/cypress_runner.js:165351:31)\n    at Promise._settlePromise (http://localhost:46307/__cypress/runner/cypress_runner.js:165408:18)\n    at Promise._settlePromise0 (http://localhost:46307/__cypress/runner/cypress_runner.js:165453:10)\n    at Promise._settlePromises (http://localhost:46307/__cypress/runner/cypress_runner.js:165528:18)\n    at Async../node_modules/bluebird/js/release/async.js.Async._drainQueue (http://localhost:46307/__cypress/runner/cypress_runner.js:162140:16)\n    at Async../node_modules/bluebird/js/release/async.js.Async._drainQueues (http://localhost:46307/__cypress/runner/cypress_runner.js:162150:10)\n    at Async.drainQueues (http://localhost:46307/__cypress/runner/cypress_runner.js:162024:14)",
                "diff": null
              },
              "uuid": "3d5ce278-02d8-4a7c-9fb8-5c6712985660",
              "parentUUID": "46527996-d74b-417b-8d70-7edf2af592bd",
              "isHook": false,
              "skipped": false
            }
          ],
          "suites": [],
          "passes": [],
          "failures": [
            "9ab0e47b-dee8-4901-a158-e4e8a1ce3153",
            "850cd963-deea-477c-8f97-624da8516e81",
            "9624afc8-76fe-433e-9a1d-8526664aaf12",
            "3d5ce278-02d8-4a7c-9fb8-5c6712985660"
          ],
          "pending": [],
          "skipped": [],
          "duration": 16780,
          "root": false,
          "rootEmpty": false,
          "_timeout": 2000
        },
        {
          "uuid": "413ed6ef-5345-42f8-a6e9-96fb7d31c4fe",
          "title": "5 - Faça com que cada elemento do quadro de pixels possua 40 pixels de largura, 40 pixels de altura e seja delimitado por uma borda preta de 1 pixel.",
          "fullFile": "",
          "file": "",
          "beforeHooks": [],
          "afterHooks": [],
          "tests": [
            {
              "title": "Verifica se o quadro de pixels tem altura e comprimento de 5 elementos",
              "fullTitle": "5 - Faça com que cada elemento do quadro de pixels possua 40 pixels de largura, 40 pixels de altura e seja delimitado por uma borda preta de 1 pixel. Verifica se o quadro de pixels tem altura e comprimento de 5 elementos",
              "timedOut": null,
              "duration": 4238,
              "state": "failed",
              "speed": null,
              "pass": false,
              "fail": true,
              "pending": false,
              "context": null,
              "code": "cy.get('.pixel').should('have.length', 25).each(function (pixel) {\n  expect(pixel).to.have.css('background-color', WHITE);\n}).and(function (pixels) {\n  var rows = chunk(pixels, 5);\n  rows.forEach(function (row) {\n    for (var index = 1; index < row.length; index += 1) {\n      var current = pixels[index];\n      var previous = pixels[index - 1];\n      cy.wrap(current).should('be.onTheRightOf', previous).and('be.horizontallyAlignedWith', previous);\n    }\n  });\n  for (var index = 1; index < 5; index += 1) {\n    expect(pixels[index * 5]).to.be.belowOf(pixels[(index - 1) * 5]);\n  }\n});",
              "err": {
                "message": "CypressError: Timed out retrying: Expected to find element: '.pixel', but never found it.",
                "estack": "CypressError: Timed out retrying: Expected to find element: '.pixel', but never found it.\n    at cypressErr (http://localhost:46307/__cypress/runner/cypress_runner.js:149934:9)\n    at throwErr (http://localhost:46307/__cypress/runner/cypress_runner.js:149867:11)\n    at Object.throwErrByPath (http://localhost:46307/__cypress/runner/cypress_runner.js:149915:3)\n    at retry (http://localhost:46307/__cypress/runner/cypress_runner.js:144197:19)\n    at onFailFn (http://localhost:46307/__cypress/runner/cypress_runner.js:132448:16)\n    at tryCatcher (http://localhost:46307/__cypress/runner/cypress_runner.js:167415:23)\n    at Promise._settlePromiseFromHandler (http://localhost:46307/__cypress/runner/cypress_runner.js:165351:31)\n    at Promise._settlePromise (http://localhost:46307/__cypress/runner/cypress_runner.js:165408:18)\n    at Promise._settlePromise0 (http://localhost:46307/__cypress/runner/cypress_runner.js:165453:10)\n    at Promise._settlePromises (http://localhost:46307/__cypress/runner/cypress_runner.js:165528:18)\n    at Async../node_modules/bluebird/js/release/async.js.Async._drainQueue (http://localhost:46307/__cypress/runner/cypress_runner.js:162140:16)\n    at Async../node_modules/bluebird/js/release/async.js.Async._drainQueues (http://localhost:46307/__cypress/runner/cypress_runner.js:162150:10)\n    at Async.drainQueues (http://localhost:46307/__cypress/runner/cypress_runner.js:162024:14)",
                "diff": null
              },
              "uuid": "9ba70ebd-42df-4615-ba34-3dc3f1510909",
              "parentUUID": "413ed6ef-5345-42f8-a6e9-96fb7d31c4fe",
              "isHook": false,
              "skipped": false
            },
            {
              "title": "Verifica se 40 pixels é o tamanho total do elemento, incluindo seu conteúdo e excluindo a borda preta, que deve ser criada à parte.",
              "fullTitle": "5 - Faça com que cada elemento do quadro de pixels possua 40 pixels de largura, 40 pixels de altura e seja delimitado por uma borda preta de 1 pixel. Verifica se 40 pixels é o tamanho total do elemento, incluindo seu conteúdo e excluindo a borda preta, que deve ser criada à parte.",
              "timedOut": null,
              "duration": 4215,
              "state": "failed",
              "speed": null,
              "pass": false,
              "fail": true,
              "pending": false,
              "context": null,
              "code": "cy.get('.pixel').each(function (pixel) {\n  cy.wrap(pixel).should('have.css', 'height', '40px').and('have.css', 'width', '40px').and('have.css', 'border', \"1px solid \".concat(BLACK));\n});",
              "err": {
                "message": "CypressError: Timed out retrying: Expected to find element: '.pixel', but never found it.",
                "estack": "CypressError: Timed out retrying: Expected to find element: '.pixel', but never found it.\n    at cypressErr (http://localhost:46307/__cypress/runner/cypress_runner.js:149934:9)\n    at throwErr (http://localhost:46307/__cypress/runner/cypress_runner.js:149867:11)\n    at Object.throwErrByPath (http://localhost:46307/__cypress/runner/cypress_runner.js:149915:3)\n    at retry (http://localhost:46307/__cypress/runner/cypress_runner.js:144197:19)\n    at onFailFn (http://localhost:46307/__cypress/runner/cypress_runner.js:132448:16)\n    at tryCatcher (http://localhost:46307/__cypress/runner/cypress_runner.js:167415:23)\n    at Promise._settlePromiseFromHandler (http://localhost:46307/__cypress/runner/cypress_runner.js:165351:31)\n    at Promise._settlePromise (http://localhost:46307/__cypress/runner/cypress_runner.js:165408:18)\n    at Promise._settlePromise0 (http://localhost:46307/__cypress/runner/cypress_runner.js:165453:10)\n    at Promise._settlePromises (http://localhost:46307/__cypress/runner/cypress_runner.js:165528:18)\n    at Async../node_modules/bluebird/js/release/async.js.Async._drainQueue (http://localhost:46307/__cypress/runner/cypress_runner.js:162140:16)\n    at Async../node_modules/bluebird/js/release/async.js.Async._drainQueues (http://localhost:46307/__cypress/runner/cypress_runner.js:162150:10)\n    at Async.drainQueues (http://localhost:46307/__cypress/runner/cypress_runner.js:162024:14)",
                "diff": null
              },
              "uuid": "6c41827d-e615-48e8-ba74-c979b67b4f1f",
              "parentUUID": "413ed6ef-5345-42f8-a6e9-96fb7d31c4fe",
              "isHook": false,
              "skipped": false
            }
          ],
          "suites": [],
          "passes": [],
          "failures": [
            "9ba70ebd-42df-4615-ba34-3dc3f1510909",
            "6c41827d-e615-48e8-ba74-c979b67b4f1f"
          ],
          "pending": [],
          "skipped": [],
          "duration": 8453,
          "root": false,
          "rootEmpty": false,
          "_timeout": 2000
        },
        {
          "uuid": "e0918cb2-d281-4e98-ba3a-aaccf0671cad",
          "title": "6 - Defina a cor preta como cor inicial. Ao carregar a página a cor preta já deve estar selecionada para pintar os pixels",
          "fullFile": "",
          "file": "",
          "beforeHooks": [],
          "afterHooks": [],
          "tests": [
            {
              "title": "Verifica se o elemento da cor preta possui, inicialmente, a `classe` `selected`",
              "fullTitle": "6 - Defina a cor preta como cor inicial. Ao carregar a página a cor preta já deve estar selecionada para pintar os pixels Verifica se o elemento da cor preta possui, inicialmente, a `classe` `selected`",
              "timedOut": null,
              "duration": 4217,
              "state": "failed",
              "speed": null,
              "pass": false,
              "fail": true,
              "pending": false,
              "context": null,
              "code": "cy.get('.selected').first().should('have.css', 'background-color', BLACK);",
              "err": {
                "message": "CypressError: Timed out retrying: Expected to find element: '.selected', but never found it.",
                "estack": "CypressError: Timed out retrying: Expected to find element: '.selected', but never found it.\n    at cypressErr (http://localhost:46307/__cypress/runner/cypress_runner.js:149934:9)\n    at throwErr (http://localhost:46307/__cypress/runner/cypress_runner.js:149867:11)\n    at Object.throwErrByPath (http://localhost:46307/__cypress/runner/cypress_runner.js:149915:3)\n    at retry (http://localhost:46307/__cypress/runner/cypress_runner.js:144197:19)\n    at onFailFn (http://localhost:46307/__cypress/runner/cypress_runner.js:132448:16)\n    at tryCatcher (http://localhost:46307/__cypress/runner/cypress_runner.js:167415:23)\n    at Promise._settlePromiseFromHandler (http://localhost:46307/__cypress/runner/cypress_runner.js:165351:31)\n    at Promise._settlePromise (http://localhost:46307/__cypress/runner/cypress_runner.js:165408:18)\n    at Promise._settlePromise0 (http://localhost:46307/__cypress/runner/cypress_runner.js:165453:10)\n    at Promise._settlePromises (http://localhost:46307/__cypress/runner/cypress_runner.js:165528:18)\n    at Async../node_modules/bluebird/js/release/async.js.Async._drainQueue (http://localhost:46307/__cypress/runner/cypress_runner.js:162140:16)\n    at Async../node_modules/bluebird/js/release/async.js.Async._drainQueues (http://localhost:46307/__cypress/runner/cypress_runner.js:162150:10)\n    at Async.drainQueues (http://localhost:46307/__cypress/runner/cypress_runner.js:162024:14)",
                "diff": null
              },
              "uuid": "2d152bb8-5506-4e07-a724-0856c713783b",
              "parentUUID": "e0918cb2-d281-4e98-ba3a-aaccf0671cad",
              "isHook": false,
              "skipped": false
            },
            {
              "title": "Verifica se nenhuma outra cor da paleta tem a `classe` `selected`",
              "fullTitle": "6 - Defina a cor preta como cor inicial. Ao carregar a página a cor preta já deve estar selecionada para pintar os pixels Verifica se nenhuma outra cor da paleta tem a `classe` `selected`",
              "timedOut": null,
              "duration": 112,
              "state": "passed",
              "speed": "slow",
              "pass": true,
              "fail": false,
              "pending": false,
              "context": null,
              "code": "cy.get('.color:not(:first-child)').each(function (color) {\n  cy.wrap(color).should('not.have.class', 'selected');\n});",
              "err": {},
              "uuid": "4c22e477-7498-413c-b801-bc53056977cc",
              "parentUUID": "e0918cb2-d281-4e98-ba3a-aaccf0671cad",
              "isHook": false,
              "skipped": false
            }
          ],
          "suites": [],
          "passes": [
            "4c22e477-7498-413c-b801-bc53056977cc"
          ],
          "failures": [
            "2d152bb8-5506-4e07-a724-0856c713783b"
          ],
          "pending": [],
          "skipped": [],
          "duration": 4329,
          "root": false,
          "rootEmpty": false,
          "_timeout": 2000
        },
        {
          "uuid": "7f68fdcc-fb3d-4282-a07b-025a601a3427",
          "title": "7 - Clicar em uma das cores da paleta, faz com que ela seja selecionada e utilizada para preencher os pixels no quadro.",
          "fullFile": "",
          "file": "",
          "beforeHooks": [],
          "afterHooks": [],
          "tests": [
            {
              "title": "Verifica se somente uma cor da paleta de cores tem a classe `selected` de cada vez",
              "fullTitle": "7 - Clicar em uma das cores da paleta, faz com que ela seja selecionada e utilizada para preencher os pixels no quadro. Verifica se somente uma cor da paleta de cores tem a classe `selected` de cada vez",
              "timedOut": null,
              "duration": 4216,
              "state": "failed",
              "speed": null,
              "pass": false,
              "fail": true,
              "pending": false,
              "context": null,
              "code": "cy.get('.color').each(function (selectedColor, selectedColorIndex) {\n  cy.wrap(selectedColor).click();\n  cy.get('.color').each(function (color, colorIndex) {\n    if (colorIndex === selectedColorIndex) {\n      expect(color).to.have[\"class\"]('selected');\n    } else {\n      expect(color).not.to.have[\"class\"]('selected');\n    }\n  });\n});",
              "err": {
                "message": "CypressError: Timed out retrying: cy.click() failed because this element is not visible:\n\n<div id=\"black\" class=\"color\"></div>\n\nThis element '<div#black.color>' is not visible because it has an effective width and height of: '1348 x 0' pixels.\n\nFix this problem, or use {force: true} to disable error checking.\n\nhttps://on.cypress.io/element-cannot-be-interacted-with",
                "estack": "CypressError: Timed out retrying: cy.click() failed because this element is not visible:\n\n<div id=\"black\" class=\"color\"></div>\n\nThis element '<div#black.color>' is not visible because it has an effective width and height of: '1348 x 0' pixels.\n\nFix this problem, or use {force: true} to disable error checking.\n\nhttps://on.cypress.io/element-cannot-be-interacted-with\n    at cypressErr (http://localhost:46307/__cypress/runner/cypress_runner.js:149934:9)\n    at throwErr (http://localhost:46307/__cypress/runner/cypress_runner.js:149867:11)\n    at Object.throwErrByPath (http://localhost:46307/__cypress/runner/cypress_runner.js:149915:3)\n    at Object.retry (http://localhost:46307/__cypress/runner/cypress_runner.js:144197:19)\n    at retryActionability (http://localhost:46307/__cypress/runner/cypress_runner.js:132052:19)\n    at tryCatcher (http://localhost:46307/__cypress/runner/cypress_runner.js:167415:23)\n    at Function.Promise.attempt.Promise.try (http://localhost:46307/__cypress/runner/cypress_runner.js:164690:29)\n    at tryFn (http://localhost:46307/__cypress/runner/cypress_runner.js:144661:21)\n    at whenStable (http://localhost:46307/__cypress/runner/cypress_runner.js:144696:12)\n    at http://localhost:46307/__cypress/runner/cypress_runner.js:144240:16\n    at tryCatcher (http://localhost:46307/__cypress/runner/cypress_runner.js:167415:23)\n    at Promise._settlePromiseFromHandler (http://localhost:46307/__cypress/runner/cypress_runner.js:165351:31)\n    at Promise._settlePromise (http://localhost:46307/__cypress/runner/cypress_runner.js:165408:18)\n    at Promise._settlePromise0 (http://localhost:46307/__cypress/runner/cypress_runner.js:165453:10)\n    at Promise._settlePromises (http://localhost:46307/__cypress/runner/cypress_runner.js:165532:18)\n    at Promise._fulfill (http://localhost:46307/__cypress/runner/cypress_runner.js:165477:18)",
                "diff": null
              },
              "uuid": "487c526d-86dc-46b7-b1c8-3a393412de1b",
              "parentUUID": "7f68fdcc-fb3d-4282-a07b-025a601a3427",
              "isHook": false,
              "skipped": false
            },
            {
              "title": "Verifica se os pixels dentro do quadro não têm a classe `selected` quando são clicados",
              "fullTitle": "7 - Clicar em uma das cores da paleta, faz com que ela seja selecionada e utilizada para preencher os pixels no quadro. Verifica se os pixels dentro do quadro não têm a classe `selected` quando são clicados",
              "timedOut": null,
              "duration": 4242,
              "state": "failed",
              "speed": null,
              "pass": false,
              "fail": true,
              "pending": false,
              "context": null,
              "code": "cy.get('.color').each(function (color) {\n  var backgroundColor = color.css('background-color');\n  cy.wrap(color).click();\n  cy.get('.pixel').each(function (pixel) {\n    cy.wrap(pixel).click().should('not.have.class', 'selected');\n  });\n});",
              "err": {
                "message": "CypressError: Timed out retrying: cy.click() failed because this element is not visible:\n\n<div id=\"black\" class=\"color\"></div>\n\nThis element '<div#black.color>' is not visible because it has an effective width and height of: '1348 x 0' pixels.\n\nFix this problem, or use {force: true} to disable error checking.\n\nhttps://on.cypress.io/element-cannot-be-interacted-with",
                "estack": "CypressError: Timed out retrying: cy.click() failed because this element is not visible:\n\n<div id=\"black\" class=\"color\"></div>\n\nThis element '<div#black.color>' is not visible because it has an effective width and height of: '1348 x 0' pixels.\n\nFix this problem, or use {force: true} to disable error checking.\n\nhttps://on.cypress.io/element-cannot-be-interacted-with\n    at cypressErr (http://localhost:46307/__cypress/runner/cypress_runner.js:149934:9)\n    at throwErr (http://localhost:46307/__cypress/runner/cypress_runner.js:149867:11)\n    at Object.throwErrByPath (http://localhost:46307/__cypress/runner/cypress_runner.js:149915:3)\n    at Object.retry (http://localhost:46307/__cypress/runner/cypress_runner.js:144197:19)\n    at retryActionability (http://localhost:46307/__cypress/runner/cypress_runner.js:132052:19)\n    at tryCatcher (http://localhost:46307/__cypress/runner/cypress_runner.js:167415:23)\n    at Function.Promise.attempt.Promise.try (http://localhost:46307/__cypress/runner/cypress_runner.js:164690:29)\n    at tryFn (http://localhost:46307/__cypress/runner/cypress_runner.js:144661:21)\n    at whenStable (http://localhost:46307/__cypress/runner/cypress_runner.js:144696:12)\n    at http://localhost:46307/__cypress/runner/cypress_runner.js:144240:16\n    at tryCatcher (http://localhost:46307/__cypress/runner/cypress_runner.js:167415:23)\n    at Promise._settlePromiseFromHandler (http://localhost:46307/__cypress/runner/cypress_runner.js:165351:31)\n    at Promise._settlePromise (http://localhost:46307/__cypress/runner/cypress_runner.js:165408:18)\n    at Promise._settlePromise0 (http://localhost:46307/__cypress/runner/cypress_runner.js:165453:10)\n    at Promise._settlePromises (http://localhost:46307/__cypress/runner/cypress_runner.js:165532:18)\n    at Promise._fulfill (http://localhost:46307/__cypress/runner/cypress_runner.js:165477:18)",
                "diff": null
              },
              "uuid": "7a781383-e051-46f1-be68-0f9838cf7840",
              "parentUUID": "7f68fdcc-fb3d-4282-a07b-025a601a3427",
              "isHook": false,
              "skipped": false
            }
          ],
          "suites": [],
          "passes": [],
          "failures": [
            "487c526d-86dc-46b7-b1c8-3a393412de1b",
            "7a781383-e051-46f1-be68-0f9838cf7840"
          ],
          "pending": [],
          "skipped": [],
          "duration": 8458,
          "root": false,
          "rootEmpty": false,
          "_timeout": 2000
        },
        {
          "uuid": "7d396919-0f92-468a-a254-6dc5bb70194b",
          "title": "8 - Clicar em um pixel dentro do quadro após selecionar uma cor na paleta, faz com que o pixel seja preenchido com a cor selecionada.",
          "fullFile": "",
          "file": "",
          "beforeHooks": [],
          "afterHooks": [],
          "tests": [
            {
              "title": "Verifica se ao carregar a página deve ser possível pintar os pixels de preto",
              "fullTitle": "8 - Clicar em um pixel dentro do quadro após selecionar uma cor na paleta, faz com que o pixel seja preenchido com a cor selecionada. Verifica se ao carregar a página deve ser possível pintar os pixels de preto",
              "timedOut": null,
              "duration": 4217,
              "state": "failed",
              "speed": null,
              "pass": false,
              "fail": true,
              "pending": false,
              "context": null,
              "code": "cy.get('.pixel').each(function (pixel) {\n  cy.wrap(pixel).click().should('have.css', 'background-color', BLACK);\n});",
              "err": {
                "message": "CypressError: Timed out retrying: Expected to find element: '.pixel', but never found it.",
                "estack": "CypressError: Timed out retrying: Expected to find element: '.pixel', but never found it.\n    at cypressErr (http://localhost:46307/__cypress/runner/cypress_runner.js:149934:9)\n    at throwErr (http://localhost:46307/__cypress/runner/cypress_runner.js:149867:11)\n    at Object.throwErrByPath (http://localhost:46307/__cypress/runner/cypress_runner.js:149915:3)\n    at retry (http://localhost:46307/__cypress/runner/cypress_runner.js:144197:19)\n    at onFailFn (http://localhost:46307/__cypress/runner/cypress_runner.js:132448:16)\n    at tryCatcher (http://localhost:46307/__cypress/runner/cypress_runner.js:167415:23)\n    at Promise._settlePromiseFromHandler (http://localhost:46307/__cypress/runner/cypress_runner.js:165351:31)\n    at Promise._settlePromise (http://localhost:46307/__cypress/runner/cypress_runner.js:165408:18)\n    at Promise._settlePromise0 (http://localhost:46307/__cypress/runner/cypress_runner.js:165453:10)\n    at Promise._settlePromises (http://localhost:46307/__cypress/runner/cypress_runner.js:165528:18)\n    at Async../node_modules/bluebird/js/release/async.js.Async._drainQueue (http://localhost:46307/__cypress/runner/cypress_runner.js:162140:16)\n    at Async../node_modules/bluebird/js/release/async.js.Async._drainQueues (http://localhost:46307/__cypress/runner/cypress_runner.js:162150:10)\n    at Async.drainQueues (http://localhost:46307/__cypress/runner/cypress_runner.js:162024:14)",
                "diff": null
              },
              "uuid": "9ffd3408-bf18-49a4-bc39-a512aa8a068a",
              "parentUUID": "7d396919-0f92-468a-a254-6dc5bb70194b",
              "isHook": false,
              "skipped": false
            },
            {
              "title": "Verifica se após selecionar uma outra cor na paleta, é possível pintar os pixels com essa cor",
              "fullTitle": "8 - Clicar em um pixel dentro do quadro após selecionar uma cor na paleta, faz com que o pixel seja preenchido com a cor selecionada. Verifica se após selecionar uma outra cor na paleta, é possível pintar os pixels com essa cor",
              "timedOut": null,
              "duration": 4280,
              "state": "failed",
              "speed": null,
              "pass": false,
              "fail": true,
              "pending": false,
              "context": null,
              "code": "cy.get('.color').each(function (color) {\n  var backgroundColor = color.css('background-color');\n  cy.wrap(color).click();\n  cy.get('.pixel').each(function (pixel) {\n    cy.wrap(pixel).click().should('have.css', 'background-color', backgroundColor);\n  });\n});",
              "err": {
                "message": "CypressError: Timed out retrying: cy.click() failed because this element is not visible:\n\n<div id=\"black\" class=\"color\"></div>\n\nThis element '<div#black.color>' is not visible because it has an effective width and height of: '1348 x 0' pixels.\n\nFix this problem, or use {force: true} to disable error checking.\n\nhttps://on.cypress.io/element-cannot-be-interacted-with",
                "estack": "CypressError: Timed out retrying: cy.click() failed because this element is not visible:\n\n<div id=\"black\" class=\"color\"></div>\n\nThis element '<div#black.color>' is not visible because it has an effective width and height of: '1348 x 0' pixels.\n\nFix this problem, or use {force: true} to disable error checking.\n\nhttps://on.cypress.io/element-cannot-be-interacted-with\n    at cypressErr (http://localhost:46307/__cypress/runner/cypress_runner.js:149934:9)\n    at throwErr (http://localhost:46307/__cypress/runner/cypress_runner.js:149867:11)\n    at Object.throwErrByPath (http://localhost:46307/__cypress/runner/cypress_runner.js:149915:3)\n    at Object.retry (http://localhost:46307/__cypress/runner/cypress_runner.js:144197:19)\n    at retryActionability (http://localhost:46307/__cypress/runner/cypress_runner.js:132052:19)\n    at tryCatcher (http://localhost:46307/__cypress/runner/cypress_runner.js:167415:23)\n    at Function.Promise.attempt.Promise.try (http://localhost:46307/__cypress/runner/cypress_runner.js:164690:29)\n    at tryFn (http://localhost:46307/__cypress/runner/cypress_runner.js:144661:21)\n    at whenStable (http://localhost:46307/__cypress/runner/cypress_runner.js:144696:12)\n    at http://localhost:46307/__cypress/runner/cypress_runner.js:144240:16\n    at tryCatcher (http://localhost:46307/__cypress/runner/cypress_runner.js:167415:23)\n    at Promise._settlePromiseFromHandler (http://localhost:46307/__cypress/runner/cypress_runner.js:165351:31)\n    at Promise._settlePromise (http://localhost:46307/__cypress/runner/cypress_runner.js:165408:18)\n    at Promise._settlePromise0 (http://localhost:46307/__cypress/runner/cypress_runner.js:165453:10)\n    at Promise._settlePromises (http://localhost:46307/__cypress/runner/cypress_runner.js:165532:18)\n    at Promise._fulfill (http://localhost:46307/__cypress/runner/cypress_runner.js:165477:18)",
                "diff": null
              },
              "uuid": "8acc970e-1fc1-4b51-bbcc-87a0ac412be4",
              "parentUUID": "7d396919-0f92-468a-a254-6dc5bb70194b",
              "isHook": false,
              "skipped": false
            },
            {
              "title": "Verifica se somente o pixel que foi clicado foi preenchido com a cor selecionada, sem influenciar na cor dos demais pixels.",
              "fullTitle": "8 - Clicar em um pixel dentro do quadro após selecionar uma cor na paleta, faz com que o pixel seja preenchido com a cor selecionada. Verifica se somente o pixel que foi clicado foi preenchido com a cor selecionada, sem influenciar na cor dos demais pixels.",
              "timedOut": null,
              "duration": 4275,
              "state": "failed",
              "speed": null,
              "pass": false,
              "fail": true,
              "pending": false,
              "context": null,
              "code": "var colorToPixelIndexMap = {\n  0: 6,\n  1: 8,\n  2: 16,\n  3: 18\n};\ncy.get('.color').each(function (color, index) {\n  cy.wrap(color).click();\n  var backgroundColor = color.css('background-color');\n  var clickedPixelIndex = colorToPixelIndexMap[index];\n  cy.get('.pixel').eq(clickedPixelIndex).click();\n  cy.get('.pixel').eq(clickedPixelIndex - 1).should('not.have.css', 'background-color', backgroundColor);\n  cy.get('.pixel').eq(clickedPixelIndex + 1).should('not.have.css', 'background-color', backgroundColor);\n  cy.get('.pixel').eq(clickedPixelIndex - 5).should('not.have.css', 'background-color', backgroundColor);\n  cy.get('.pixel').eq(clickedPixelIndex + 5).should('not.have.css', 'background-color', backgroundColor);\n  cy.get('.pixel').eq(clickedPixelIndex - 6).should('not.have.css', 'background-color', backgroundColor);\n  cy.get('.pixel').eq(clickedPixelIndex - 4).should('not.have.css', 'background-color', backgroundColor);\n  cy.get('.pixel').eq(clickedPixelIndex + 4).should('not.have.css', 'background-color', backgroundColor);\n  cy.get('.pixel').eq(clickedPixelIndex + 6).should('not.have.css', 'background-color', backgroundColor);\n});",
              "err": {
                "message": "CypressError: Timed out retrying: cy.click() failed because this element is not visible:\n\n<div id=\"black\" class=\"color\"></div>\n\nThis element '<div#black.color>' is not visible because it has an effective width and height of: '1348 x 0' pixels.\n\nFix this problem, or use {force: true} to disable error checking.\n\nhttps://on.cypress.io/element-cannot-be-interacted-with",
                "estack": "CypressError: Timed out retrying: cy.click() failed because this element is not visible:\n\n<div id=\"black\" class=\"color\"></div>\n\nThis element '<div#black.color>' is not visible because it has an effective width and height of: '1348 x 0' pixels.\n\nFix this problem, or use {force: true} to disable error checking.\n\nhttps://on.cypress.io/element-cannot-be-interacted-with\n    at cypressErr (http://localhost:46307/__cypress/runner/cypress_runner.js:149934:9)\n    at throwErr (http://localhost:46307/__cypress/runner/cypress_runner.js:149867:11)\n    at Object.throwErrByPath (http://localhost:46307/__cypress/runner/cypress_runner.js:149915:3)\n    at Object.retry (http://localhost:46307/__cypress/runner/cypress_runner.js:144197:19)\n    at retryActionability (http://localhost:46307/__cypress/runner/cypress_runner.js:132052:19)\n    at tryCatcher (http://localhost:46307/__cypress/runner/cypress_runner.js:167415:23)\n    at Function.Promise.attempt.Promise.try (http://localhost:46307/__cypress/runner/cypress_runner.js:164690:29)\n    at tryFn (http://localhost:46307/__cypress/runner/cypress_runner.js:144661:21)\n    at whenStable (http://localhost:46307/__cypress/runner/cypress_runner.js:144696:12)\n    at http://localhost:46307/__cypress/runner/cypress_runner.js:144240:16\n    at tryCatcher (http://localhost:46307/__cypress/runner/cypress_runner.js:167415:23)\n    at Promise._settlePromiseFromHandler (http://localhost:46307/__cypress/runner/cypress_runner.js:165351:31)\n    at Promise._settlePromise (http://localhost:46307/__cypress/runner/cypress_runner.js:165408:18)\n    at Promise._settlePromise0 (http://localhost:46307/__cypress/runner/cypress_runner.js:165453:10)\n    at Promise._settlePromises (http://localhost:46307/__cypress/runner/cypress_runner.js:165532:18)\n    at Promise._fulfill (http://localhost:46307/__cypress/runner/cypress_runner.js:165477:18)",
                "diff": null
              },
              "uuid": "9fe1cfd0-23ef-4012-b52f-86d7155e0fb8",
              "parentUUID": "7d396919-0f92-468a-a254-6dc5bb70194b",
              "isHook": false,
              "skipped": false
            }
          ],
          "suites": [],
          "passes": [],
          "failures": [
            "9ffd3408-bf18-49a4-bc39-a512aa8a068a",
            "8acc970e-1fc1-4b51-bbcc-87a0ac412be4",
            "9fe1cfd0-23ef-4012-b52f-86d7155e0fb8"
          ],
          "pending": [],
          "skipped": [],
          "duration": 12772,
          "root": false,
          "rootEmpty": false,
          "_timeout": 2000
        },
        {
          "uuid": "7874e470-9059-4181-b106-fc153c77a7a3",
          "title": "9 - Crie um botão que, ao ser clicado, limpa o quadro preenchendo a cor de todos seus pixels com branco.",
          "fullFile": "",
          "file": "",
          "beforeHooks": [],
          "afterHooks": [],
          "tests": [
            {
              "title": "Verifica se o botão tem o `id` denominado `clear-board`",
              "fullTitle": "9 - Crie um botão que, ao ser clicado, limpa o quadro preenchendo a cor de todos seus pixels com branco. Verifica se o botão tem o `id` denominado `clear-board`",
              "timedOut": null,
              "duration": 4226,
              "state": "failed",
              "speed": null,
              "pass": false,
              "fail": true,
              "pending": false,
              "context": null,
              "code": "cy.get('#clear-board').should('be.visible');",
              "err": {
                "message": "CypressError: Timed out retrying: Expected to find element: '#clear-board', but never found it.",
                "estack": "CypressError: Timed out retrying: Expected to find element: '#clear-board', but never found it.\n    at cypressErr (http://localhost:46307/__cypress/runner/cypress_runner.js:149934:9)\n    at throwErr (http://localhost:46307/__cypress/runner/cypress_runner.js:149867:11)\n    at Object.throwErrByPath (http://localhost:46307/__cypress/runner/cypress_runner.js:149915:3)\n    at retry (http://localhost:46307/__cypress/runner/cypress_runner.js:144197:19)\n    at onFailFn (http://localhost:46307/__cypress/runner/cypress_runner.js:132448:16)\n    at tryCatcher (http://localhost:46307/__cypress/runner/cypress_runner.js:167415:23)\n    at Promise._settlePromiseFromHandler (http://localhost:46307/__cypress/runner/cypress_runner.js:165351:31)\n    at Promise._settlePromise (http://localhost:46307/__cypress/runner/cypress_runner.js:165408:18)\n    at Promise._settlePromise0 (http://localhost:46307/__cypress/runner/cypress_runner.js:165453:10)\n    at Promise._settlePromises (http://localhost:46307/__cypress/runner/cypress_runner.js:165528:18)\n    at Async../node_modules/bluebird/js/release/async.js.Async._drainQueue (http://localhost:46307/__cypress/runner/cypress_runner.js:162140:16)\n    at Async../node_modules/bluebird/js/release/async.js.Async._drainQueues (http://localhost:46307/__cypress/runner/cypress_runner.js:162150:10)\n    at Async.drainQueues (http://localhost:46307/__cypress/runner/cypress_runner.js:162024:14)",
                "diff": null
              },
              "uuid": "9e2f73b7-838f-40de-97b5-a6361c92ee66",
              "parentUUID": "7874e470-9059-4181-b106-fc153c77a7a3",
              "isHook": false,
              "skipped": false
            },
            {
              "title": "Verifica se o botão está posicionado entre a paleta de cores e o quadro de pixels",
              "fullTitle": "9 - Crie um botão que, ao ser clicado, limpa o quadro preenchendo a cor de todos seus pixels com branco. Verifica se o botão está posicionado entre a paleta de cores e o quadro de pixels",
              "timedOut": null,
              "duration": 4242,
              "state": "failed",
              "speed": null,
              "pass": false,
              "fail": true,
              "pending": false,
              "context": null,
              "code": "cy.get('#color-palette').then(function (palette) {\n  cy.get('#clear-board').should('be.belowOf', palette);\n});\ncy.get('#clear-board').then(function (clearBtn) {\n  cy.get('#pixel-board').should('be.belowOf', clearBtn);\n});",
              "err": {
                "message": "CypressError: Timed out retrying: Expected to find element: '#clear-board', but never found it.",
                "estack": "CypressError: Timed out retrying: Expected to find element: '#clear-board', but never found it.\n    at cypressErr (http://localhost:46307/__cypress/runner/cypress_runner.js:149934:9)\n    at throwErr (http://localhost:46307/__cypress/runner/cypress_runner.js:149867:11)\n    at Object.throwErrByPath (http://localhost:46307/__cypress/runner/cypress_runner.js:149915:3)\n    at retry (http://localhost:46307/__cypress/runner/cypress_runner.js:144197:19)\n    at onFailFn (http://localhost:46307/__cypress/runner/cypress_runner.js:132448:16)\n    at tryCatcher (http://localhost:46307/__cypress/runner/cypress_runner.js:167415:23)\n    at Promise._settlePromiseFromHandler (http://localhost:46307/__cypress/runner/cypress_runner.js:165351:31)\n    at Promise._settlePromise (http://localhost:46307/__cypress/runner/cypress_runner.js:165408:18)\n    at Promise._settlePromise0 (http://localhost:46307/__cypress/runner/cypress_runner.js:165453:10)\n    at Promise._settlePromises (http://localhost:46307/__cypress/runner/cypress_runner.js:165528:18)\n    at Async../node_modules/bluebird/js/release/async.js.Async._drainQueue (http://localhost:46307/__cypress/runner/cypress_runner.js:162140:16)\n    at Async../node_modules/bluebird/js/release/async.js.Async._drainQueues (http://localhost:46307/__cypress/runner/cypress_runner.js:162150:10)\n    at Async.drainQueues (http://localhost:46307/__cypress/runner/cypress_runner.js:162024:14)",
                "diff": null
              },
              "uuid": "87c354a5-9726-4995-89ec-7f0ba01b6d9b",
              "parentUUID": "7874e470-9059-4181-b106-fc153c77a7a3",
              "isHook": false,
              "skipped": false
            },
            {
              "title": "Verifica se o texto do botão é 'Limpar'",
              "fullTitle": "9 - Crie um botão que, ao ser clicado, limpa o quadro preenchendo a cor de todos seus pixels com branco. Verifica se o texto do botão é 'Limpar'",
              "timedOut": null,
              "duration": 4213,
              "state": "failed",
              "speed": null,
              "pass": false,
              "fail": true,
              "pending": false,
              "context": null,
              "code": "cy.get('#clear-board').should('contain.text', 'Limpar');",
              "err": {
                "message": "CypressError: Timed out retrying: Expected to find element: '#clear-board', but never found it.",
                "estack": "CypressError: Timed out retrying: Expected to find element: '#clear-board', but never found it.\n    at cypressErr (http://localhost:46307/__cypress/runner/cypress_runner.js:149934:9)\n    at throwErr (http://localhost:46307/__cypress/runner/cypress_runner.js:149867:11)\n    at Object.throwErrByPath (http://localhost:46307/__cypress/runner/cypress_runner.js:149915:3)\n    at retry (http://localhost:46307/__cypress/runner/cypress_runner.js:144197:19)\n    at onFailFn (http://localhost:46307/__cypress/runner/cypress_runner.js:132448:16)\n    at tryCatcher (http://localhost:46307/__cypress/runner/cypress_runner.js:167415:23)\n    at Promise._settlePromiseFromHandler (http://localhost:46307/__cypress/runner/cypress_runner.js:165351:31)\n    at Promise._settlePromise (http://localhost:46307/__cypress/runner/cypress_runner.js:165408:18)\n    at Promise._settlePromise0 (http://localhost:46307/__cypress/runner/cypress_runner.js:165453:10)\n    at Promise._settlePromises (http://localhost:46307/__cypress/runner/cypress_runner.js:165528:18)\n    at Async../node_modules/bluebird/js/release/async.js.Async._drainQueue (http://localhost:46307/__cypress/runner/cypress_runner.js:162140:16)\n    at Async../node_modules/bluebird/js/release/async.js.Async._drainQueues (http://localhost:46307/__cypress/runner/cypress_runner.js:162150:10)\n    at Async.drainQueues (http://localhost:46307/__cypress/runner/cypress_runner.js:162024:14)",
                "diff": null
              },
              "uuid": "b268da3d-7cbd-48b9-b404-a3a69ed0071c",
              "parentUUID": "7874e470-9059-4181-b106-fc153c77a7a3",
              "isHook": false,
              "skipped": false
            },
            {
              "title": "Verifica se ao clicar no botão, o quadro de pixels é totalmente preenchido de branco",
              "fullTitle": "9 - Crie um botão que, ao ser clicado, limpa o quadro preenchendo a cor de todos seus pixels com branco. Verifica se ao clicar no botão, o quadro de pixels é totalmente preenchido de branco",
              "timedOut": null,
              "duration": 4283,
              "state": "failed",
              "speed": null,
              "pass": false,
              "fail": true,
              "pending": false,
              "context": null,
              "code": "cy.get('.color').eq(1).then(function (color) {\n  var backgroundColor = color.css('background-color');\n  cy.wrap(color).click();\n  cy.get('.pixel').each(function (pixel) {\n    cy.wrap(pixel).click().should('have.css', 'background-color', backgroundColor);\n  });\n});\ncy.get('#clear-board').click();\ncy.get('.pixel').each(function (pixel) {\n  cy.wrap(pixel).should('have.css', 'background-color', WHITE);\n});",
              "err": {
                "message": "CypressError: Timed out retrying: cy.click() failed because this element is not visible:\n\n<div id=\"red\" class=\"color\"></div>\n\nThis element '<div#red.color>' is not visible because it has an effective width and height of: '1348 x 0' pixels.\n\nFix this problem, or use {force: true} to disable error checking.\n\nhttps://on.cypress.io/element-cannot-be-interacted-with",
                "estack": "CypressError: Timed out retrying: cy.click() failed because this element is not visible:\n\n<div id=\"red\" class=\"color\"></div>\n\nThis element '<div#red.color>' is not visible because it has an effective width and height of: '1348 x 0' pixels.\n\nFix this problem, or use {force: true} to disable error checking.\n\nhttps://on.cypress.io/element-cannot-be-interacted-with\n    at cypressErr (http://localhost:46307/__cypress/runner/cypress_runner.js:149934:9)\n    at throwErr (http://localhost:46307/__cypress/runner/cypress_runner.js:149867:11)\n    at Object.throwErrByPath (http://localhost:46307/__cypress/runner/cypress_runner.js:149915:3)\n    at Object.retry (http://localhost:46307/__cypress/runner/cypress_runner.js:144197:19)\n    at retryActionability (http://localhost:46307/__cypress/runner/cypress_runner.js:132052:19)\n    at tryCatcher (http://localhost:46307/__cypress/runner/cypress_runner.js:167415:23)\n    at Function.Promise.attempt.Promise.try (http://localhost:46307/__cypress/runner/cypress_runner.js:164690:29)\n    at tryFn (http://localhost:46307/__cypress/runner/cypress_runner.js:144661:21)\n    at whenStable (http://localhost:46307/__cypress/runner/cypress_runner.js:144696:12)\n    at http://localhost:46307/__cypress/runner/cypress_runner.js:144240:16\n    at tryCatcher (http://localhost:46307/__cypress/runner/cypress_runner.js:167415:23)\n    at Promise._settlePromiseFromHandler (http://localhost:46307/__cypress/runner/cypress_runner.js:165351:31)\n    at Promise._settlePromise (http://localhost:46307/__cypress/runner/cypress_runner.js:165408:18)\n    at Promise._settlePromise0 (http://localhost:46307/__cypress/runner/cypress_runner.js:165453:10)\n    at Promise._settlePromises (http://localhost:46307/__cypress/runner/cypress_runner.js:165532:18)\n    at Promise._fulfill (http://localhost:46307/__cypress/runner/cypress_runner.js:165477:18)",
                "diff": null
              },
              "uuid": "a86c3304-e4ac-4d22-aca8-a922bbe6c0c4",
              "parentUUID": "7874e470-9059-4181-b106-fc153c77a7a3",
              "isHook": false,
              "skipped": false
            }
          ],
          "suites": [],
          "passes": [],
          "failures": [
            "9e2f73b7-838f-40de-97b5-a6361c92ee66",
            "87c354a5-9726-4995-89ec-7f0ba01b6d9b",
            "b268da3d-7cbd-48b9-b404-a3a69ed0071c",
            "a86c3304-e4ac-4d22-aca8-a922bbe6c0c4"
          ],
          "pending": [],
          "skipped": [],
          "duration": 16964,
          "root": false,
          "rootEmpty": false,
          "_timeout": 2000
        },
        {
          "uuid": "5780efde-16bd-4006-87e7-343dbe4816aa",
          "title": "10 - Faça o quadro de pixels ter seu tamanho definido pelo usuário.",
          "fullFile": "",
          "file": "",
          "beforeHooks": [],
          "afterHooks": [],
          "tests": [
            {
              "title": "Verifica se existe um input com o id `board-size`",
              "fullTitle": "10 - Faça o quadro de pixels ter seu tamanho definido pelo usuário. Verifica se existe um input com o id `board-size`",
              "timedOut": null,
              "duration": 4263,
              "state": "failed",
              "speed": null,
              "pass": false,
              "fail": true,
              "pending": false,
              "context": null,
              "code": "cy.get('#board-size').should('be.visible');",
              "err": {
                "message": "CypressError: Timed out retrying: Expected to find element: '#board-size', but never found it.",
                "estack": "CypressError: Timed out retrying: Expected to find element: '#board-size', but never found it.\n    at cypressErr (http://localhost:46307/__cypress/runner/cypress_runner.js:149934:9)\n    at throwErr (http://localhost:46307/__cypress/runner/cypress_runner.js:149867:11)\n    at Object.throwErrByPath (http://localhost:46307/__cypress/runner/cypress_runner.js:149915:3)\n    at retry (http://localhost:46307/__cypress/runner/cypress_runner.js:144197:19)\n    at onFailFn (http://localhost:46307/__cypress/runner/cypress_runner.js:132448:16)\n    at tryCatcher (http://localhost:46307/__cypress/runner/cypress_runner.js:167415:23)\n    at Promise._settlePromiseFromHandler (http://localhost:46307/__cypress/runner/cypress_runner.js:165351:31)\n    at Promise._settlePromise (http://localhost:46307/__cypress/runner/cypress_runner.js:165408:18)\n    at Promise._settlePromise0 (http://localhost:46307/__cypress/runner/cypress_runner.js:165453:10)\n    at Promise._settlePromises (http://localhost:46307/__cypress/runner/cypress_runner.js:165528:18)\n    at Async../node_modules/bluebird/js/release/async.js.Async._drainQueue (http://localhost:46307/__cypress/runner/cypress_runner.js:162140:16)\n    at Async../node_modules/bluebird/js/release/async.js.Async._drainQueues (http://localhost:46307/__cypress/runner/cypress_runner.js:162150:10)\n    at Async.drainQueues (http://localhost:46307/__cypress/runner/cypress_runner.js:162024:14)",
                "diff": null
              },
              "uuid": "bd707fa6-7bd8-46a6-afb3-e775283278fe",
              "parentUUID": "5780efde-16bd-4006-87e7-343dbe4816aa",
              "isHook": false,
              "skipped": false
            },
            {
              "title": "Verifica se existe um botão com o id `generate-board`",
              "fullTitle": "10 - Faça o quadro de pixels ter seu tamanho definido pelo usuário. Verifica se existe um botão com o id `generate-board`",
              "timedOut": null,
              "duration": 4218,
              "state": "failed",
              "speed": null,
              "pass": false,
              "fail": true,
              "pending": false,
              "context": null,
              "code": "cy.get('#generate-board').should('be.visible');",
              "err": {
                "message": "CypressError: Timed out retrying: Expected to find element: '#generate-board', but never found it.",
                "estack": "CypressError: Timed out retrying: Expected to find element: '#generate-board', but never found it.\n    at cypressErr (http://localhost:46307/__cypress/runner/cypress_runner.js:149934:9)\n    at throwErr (http://localhost:46307/__cypress/runner/cypress_runner.js:149867:11)\n    at Object.throwErrByPath (http://localhost:46307/__cypress/runner/cypress_runner.js:149915:3)\n    at retry (http://localhost:46307/__cypress/runner/cypress_runner.js:144197:19)\n    at onFailFn (http://localhost:46307/__cypress/runner/cypress_runner.js:132448:16)\n    at tryCatcher (http://localhost:46307/__cypress/runner/cypress_runner.js:167415:23)\n    at Promise._settlePromiseFromHandler (http://localhost:46307/__cypress/runner/cypress_runner.js:165351:31)\n    at Promise._settlePromise (http://localhost:46307/__cypress/runner/cypress_runner.js:165408:18)\n    at Promise._settlePromise0 (http://localhost:46307/__cypress/runner/cypress_runner.js:165453:10)\n    at Promise._settlePromises (http://localhost:46307/__cypress/runner/cypress_runner.js:165528:18)\n    at Async../node_modules/bluebird/js/release/async.js.Async._drainQueue (http://localhost:46307/__cypress/runner/cypress_runner.js:162140:16)\n    at Async../node_modules/bluebird/js/release/async.js.Async._drainQueues (http://localhost:46307/__cypress/runner/cypress_runner.js:162150:10)\n    at Async.drainQueues (http://localhost:46307/__cypress/runner/cypress_runner.js:162024:14)",
                "diff": null
              },
              "uuid": "9f76e0e5-3a0c-4c2a-855f-4e1ad4a9f694",
              "parentUUID": "5780efde-16bd-4006-87e7-343dbe4816aa",
              "isHook": false,
              "skipped": false
            },
            {
              "title": "Verifica se o input só aceita número maiores que zero. Essa restrição deve ser feita usando os atributos do elemento `input`",
              "fullTitle": "10 - Faça o quadro de pixels ter seu tamanho definido pelo usuário. Verifica se o input só aceita número maiores que zero. Essa restrição deve ser feita usando os atributos do elemento `input`",
              "timedOut": null,
              "duration": 4216,
              "state": "failed",
              "speed": null,
              "pass": false,
              "fail": true,
              "pending": false,
              "context": null,
              "code": "cy.get('#board-size[type=\\'number\\'][min=\\'1\\']');",
              "err": {
                "message": "CypressError: Timed out retrying: Expected to find element: '#board-size[type='number'][min='1']', but never found it.",
                "estack": "CypressError: Timed out retrying: Expected to find element: '#board-size[type='number'][min='1']', but never found it.\n    at cypressErr (http://localhost:46307/__cypress/runner/cypress_runner.js:149934:9)\n    at throwErr (http://localhost:46307/__cypress/runner/cypress_runner.js:149867:11)\n    at Object.throwErrByPath (http://localhost:46307/__cypress/runner/cypress_runner.js:149915:3)\n    at retry (http://localhost:46307/__cypress/runner/cypress_runner.js:144197:19)\n    at onFailFn (http://localhost:46307/__cypress/runner/cypress_runner.js:132448:16)\n    at tryCatcher (http://localhost:46307/__cypress/runner/cypress_runner.js:167415:23)\n    at Promise._settlePromiseFromHandler (http://localhost:46307/__cypress/runner/cypress_runner.js:165351:31)\n    at Promise._settlePromise (http://localhost:46307/__cypress/runner/cypress_runner.js:165408:18)\n    at Promise._settlePromise0 (http://localhost:46307/__cypress/runner/cypress_runner.js:165453:10)\n    at Promise._settlePromises (http://localhost:46307/__cypress/runner/cypress_runner.js:165528:18)\n    at Async../node_modules/bluebird/js/release/async.js.Async._drainQueue (http://localhost:46307/__cypress/runner/cypress_runner.js:162140:16)\n    at Async../node_modules/bluebird/js/release/async.js.Async._drainQueues (http://localhost:46307/__cypress/runner/cypress_runner.js:162150:10)\n    at Async.drainQueues (http://localhost:46307/__cypress/runner/cypress_runner.js:162024:14)",
                "diff": null
              },
              "uuid": "22d377d7-0c1c-412d-b2a7-52cd627e491a",
              "parentUUID": "5780efde-16bd-4006-87e7-343dbe4816aa",
              "isHook": false,
              "skipped": false
            },
            {
              "title": "Verifica se o botão contém o texto 'VQV'",
              "fullTitle": "10 - Faça o quadro de pixels ter seu tamanho definido pelo usuário. Verifica se o botão contém o texto 'VQV'",
              "timedOut": null,
              "duration": 4211,
              "state": "failed",
              "speed": null,
              "pass": false,
              "fail": true,
              "pending": false,
              "context": null,
              "code": "cy.get('#generate-board').contains(/vqv/i);",
              "err": {
                "message": "CypressError: Timed out retrying: Expected to find element: '#generate-board', but never found it.",
[...]
                "diff": null
              },
              "uuid": "a6b61ff6-0cfd-4481-8b45-f09a0a729d14",
              "parentUUID": "5780efde-16bd-4006-87e7-343dbe4816aa",
              "isHook": false,
              "skipped": false
            },
            {
              "title": "Verifica se o novo quadro tem todos os pixels preenchidos com a cor branca",
              "fullTitle": "10 - Faça o quadro de pixels ter seu tamanho definido pelo usuário. Verifica se o novo quadro tem todos os pixels preenchidos com a cor branca",
              "timedOut": null,
              "duration": 4198,
              "state": "failed",
              "speed": null,
              "pass": false,
              "fail": true,
              "pending": false,
              "context": null,
              "code": "cy.get('#board-size').clear().type(6);\ncy.get('#generate-board').click();\ncy.get('.pixel').should('have.length', 36).each(function (pixel) {\n  expect(pixel).to.have.css('background-color', WHITE);\n});",
              "err": {
                "message": "CypressError: Timed out retrying: Expected to find element: '#board-size', but never found it.",
                "estack": "CypressError: Timed out retrying: Expected to find element: '#board-size', but never found it.\n    at cypressErr (http://localhost:46307/__cypress/runner/cypress_runner.js:149934:9)\n    at throwErr (http://localhost:46307/__cypress/runner/cypress_runner.js:149867:11)\n    at Object.throwErrByPath (http://localhost:46307/__cypress/runner/cypress_runner.js:149915:3)\n    at retry (http://localhost:46307/__cypress/runner/cypress_runner.js:144197:19)\n    at onFailFn (http://localhost:46307/__cypress/runner/cypress_runner.js:132448:16)\n    at tryCatcher (http://localhost:46307/__cypress/runner/cypress_runner.js:167415:23)\n    at Promise._settlePromiseFromHandler (http://localhost:46307/__cypress/runner/cypress_runner.js:165351:31)\n    at Promise._settlePromise (http://localhost:46307/__cypress/runner/cypress_runner.js:165408:18)\n    at Promise._settlePromise0 (http://localhost:46307/__cypress/runner/cypress_runner.js:165453:10)\n    at Promise._settlePromises (http://localhost:46307/__cypress/runner/cypress_runner.js:165528:18)\n    at Async../node_modules/bluebird/js/release/async.js.Async._drainQueue (http://localhost:46307/__cypress/runner/cypress_runner.js:162140:16)\n    at Async../node_modules/bluebird/js/release/async.js.Async._drainQueues (http://localhost:46307/__cypress/runner/cypress_runner.js:162150:10)\n    at Async.drainQueues (http://localhost:46307/__cypress/runner/cypress_runner.js:162024:14)",
                "diff": null
              },
              "uuid": "10b64a6a-3c52-4fa8-9d58-62cadba9e1f4",
              "parentUUID": "5780efde-16bd-4006-87e7-343dbe4816aa",
              "isHook": false,
              "skipped": false
            }
          ],
          "suites": [],
          "passes": [],
          "failures": [
            "bd707fa6-7bd8-46a6-afb3-e775283278fe",
            "9f76e0e5-3a0c-4c2a-855f-4e1ad4a9f694",
            "22d377d7-0c1c-412d-b2a7-52cd627e491a",
            "ab788ba4-47a3-4638-aaf0-02493d4794d4",
            "ed9eb890-aee6-4f31-85f9-50deb67c0373",
            "ca8ff21c-078d-463a-843a-4c5ed48d8f15",
            "a33fd4d2-6365-434b-941f-6076c76a3e77",
            "a6b61ff6-0cfd-4481-8b45-f09a0a729d14",
            "10b64a6a-3c52-4fa8-9d58-62cadba9e1f4"
          ],
          "pending": [],
          "skipped": [],
          "duration": 37955,
          "root": false,
          "rootEmpty": false,
          "_timeout": 2000
        },
        {
          "uuid": "22e6c14b-a001-444e-9303-88db41e2c082",
          "title": "11 - Limite o tamanho mínimo e máximo do board.",
          "fullFile": "",
          "file": "",
          "beforeHooks": [],
          "afterHooks": [],
          "tests": [
            {
              "title": "Verifica se a altura máxima do board é 50",
              "fullTitle": "11 - Limite o tamanho mínimo e máximo do board. Verifica se a altura máxima do board é 50",
              "timedOut": null,
              "duration": 4209,
              "state": "failed",
              "speed": null,
              "pass": false,
              "fail": true,
              "pending": false,
              "context": null,
              "code": "cy.get('#board-size').clear().type(50);\ncy.get('#generate-board').click();\ncy.get('.pixel').should('have.length', 2500);",
              "err": {
                "message": "CypressError: Timed out retrying: Expected to find element: '#board-size', but never found it.",
                "estack": "CypressError: Timed out retrying: Expected to find element: '#board-size', but never found it.\n    at cypressErr (http://localhost:46307/__cypress/runner/cypress_runner.js:149934:9)\n    at throwErr (http://localhost:46307/__cypress/runner/cypress_runner.js:149867:11)\n    at Object.throwErrByPath (http://localhost:46307/__cypress/runner/cypress_runner.js:149915:3)\n    at retry (http://localhost:46307/__cypress/runner/cypress_runner.js:144197:19)\n    at onFailFn (http://localhost:46307/__cypress/runner/cypress_runner.js:132448:16)\n    at tryCatcher (http://localhost:46307/__cypress/runner/cypress_runner.js:167415:23)\n    at Promise._settlePromiseFromHandler (http://localhost:46307/__cypress/runner/cypress_runner.js:165351:31)\n    at Promise._settlePromise (http://localhost:46307/__cypress/runner/cypress_runner.js:165408:18)\n    at Promise._settlePromise0 (http://localhost:46307/__cypress/runner/cypress_runner.js:165453:10)\n    at Promise._settlePromises (http://localhost:46307/__cypress/runner/cypress_runner.js:165528:18)\n    at Async../node_modules/bluebird/js/release/async.js.Async._drainQueue (http://localhost:46307/__cypress/runner/cypress_runner.js:162140:16)\n    at Async../node_modules/bluebird/js/release/async.js.Async._drainQueues (http://localhost:46307/__cypress/runner/cypress_runner.js:162150:10)\n    at Async.drainQueues (http://localhost:46307/__cypress/runner/cypress_runner.js:162024:14)",
                "diff": null
              },
              "uuid": "f16afb33-fe4b-480f-829b-a1710e0aa0ec",
              "parentUUID": "22e6c14b-a001-444e-9303-88db41e2c082",
              "isHook": false,
              "skipped": false
            },
            {
              "title": "Verifica se a altura do board é 5 quando um valor menor é colocado no input",
              "fullTitle": "11 - Limite o tamanho mínimo e máximo do board. Verifica se a altura do board é 5 quando um valor menor é colocado no input",
              "timedOut": null,
              "duration": 4196,
              "state": "failed",
              "speed": null,
              "pass": false,
              "fail": true,
              "pending": false,
              "context": null,
              "code": "cy.get('#board-size').clear().type(4);\ncy.get('#generate-board').click();\ncy.get('.pixel').should('have.length', 25);",
              "err": {
                "message": "CypressError: Timed out retrying: Expected to find element: '#board-size', but never found it.",
                "estack": "CypressError: Timed out retrying: Expected to find element: '#board-size', but never found it.\n    at cypressErr (http://localhost:46307/__cypress/runner/cypress_runner.js:149934:9)\n    at throwErr (http://localhost:46307/__cypress/runner/cypress_runner.js:149867:11)\n    at Object.throwErrByPath (http://localhost:46307/__cypress/runner/cypress_runner.js:149915:3)\n    at retry (http://localhost:46307/__cypress/runner/cypress_runner.js:144197:19)\n    at onFailFn (http://localhost:46307/__cypress/runner/cypress_runner.js:132448:16)\n    at tryCatcher (http://localhost:46307/__cypress/runner/cypress_runner.js:167415:23)\n    at Promise._settlePromiseFromHandler (http://localhost:46307/__cypress/runner/cypress_runner.js:165351:31)\n    at Promise._settlePromise (http://localhost:46307/__cypress/runner/cypress_runner.js:165408:18)\n    at Promise._settlePromise0 (http://localhost:46307/__cypress/runner/cypress_runner.js:165453:10)\n    at Promise._settlePromises (http://localhost:46307/__cypress/runner/cypress_runner.js:165528:18)\n    at Async../node_modules/bluebird/js/release/async.js.Async._drainQueue (http://localhost:46307/__cypress/runner/cypress_runner.js:162140:16)\n    at Async../node_modules/bluebird/js/release/async.js.Async._drainQueues (http://localhost:46307/__cypress/runner/cypress_runner.js:162150:10)\n    at Async.drainQueues (http://localhost:46307/__cypress/runner/cypress_runner.js:162024:14)",
                "diff": null
              },
              "uuid": "99e357f4-b785-4167-b60e-8652c05b98b0",
              "parentUUID": "22e6c14b-a001-444e-9303-88db41e2c082",
              "isHook": false,
              "skipped": false
            },
            {
              "title": "Verifica se a altura do board é 50 quando um valor maior é colocado no input",
              "fullTitle": "11 - Limite o tamanho mínimo e máximo do board. Verifica se a altura do board é 50 quando um valor maior é colocado no input",
              "timedOut": null,
              "duration": 4227,
              "state": "failed",
              "speed": null,
              "pass": false,
              "fail": true,
              "pending": false,
              "context": null,
              "code": "cy.get('#board-size').clear().type(51);\ncy.get('#generate-board').click();\ncy.get('.pixel').should('have.length', 2500);",
              "err": {
                "message": "CypressError: Timed out retrying: Expected to find element: '#board-size', but never found it.",
                "estack": "CypressError: Timed out retrying: Expected to find element: '#board-size', but never found it.\n    at cypressErr (http://localhost:46307/__cypress/runner/cypress_runner.js:149934:9)\n    at throwErr (http://localhost:46307/__cypress/runner/cypress_runner.js:149867:11)\n    at Object.throwErrByPath (http://localhost:46307/__cypress/runner/cypress_runner.js:149915:3)\n    at retry (http://localhost:46307/__cypress/runner/cypress_runner.js:144197:19)\n    at onFailFn (http://localhost:46307/__cypress/runner/cypress_runner.js:132448:16)\n    at tryCatcher (http://localhost:46307/__cypress/runner/cypress_runner.js:167415:23)\n    at Promise._settlePromiseFromHandler (http://localhost:46307/__cypress/runner/cypress_runner.js:165351:31)\n    at Promise._settlePromise (http://localhost:46307/__cypress/runner/cypress_runner.js:165408:18)\n    at Promise._settlePromise0 (http://localhost:46307/__cypress/runner/cypress_runner.js:165453:10)\n    at Promise._settlePromises (http://localhost:46307/__cypress/runner/cypress_runner.js:165528:18)\n    at Async../node_modules/bluebird/js/release/async.js.Async._drainQueue (http://localhost:46307/__cypress/runner/cypress_runner.js:162140:16)\n    at Async../node_modules/bluebird/js/release/async.js.Async._drainQueues (http://localhost:46307/__cypress/runner/cypress_runner.js:162150:10)\n    at Async.drainQueues (http://localhost:46307/__cypress/runner/cypress_runner.js:162024:14)",
                "diff": null
              },
              "uuid": "aa575c49-592d-4e8c-a590-742f965afa92",
              "parentUUID": "22e6c14b-a001-444e-9303-88db41e2c082",
              "isHook": false,
              "skipped": false
            }
          ],
          "suites": [],
          "passes": [],
          "failures": [
            "f16afb33-fe4b-480f-829b-a1710e0aa0ec",
            "99e357f4-b785-4167-b60e-8652c05b98b0",
            "aa575c49-592d-4e8c-a590-742f965afa92"
          ],
          "pending": [],
          "skipped": [],
          "duration": 12632,
          "root": false,
          "rootEmpty": false,
          "_timeout": 2000
        },
        {
          "uuid": "b4aaf3d5-65a3-40cc-bd07-dee2052ee718",
          "title": "12 - Faça com que as cores da paleta sejam geradas aleatoriamente ao carregar a página.",
          "fullFile": "",
          "file": "",
          "beforeHooks": [],
          "afterHooks": [],
          "tests": [
            {
              "title": "Verifica se as cores geradas na paleta são diferentes a cada carregamento da página",
              "fullTitle": "12 - Faça com que as cores da paleta sejam geradas aleatoriamente ao carregar a página. Verifica se as cores geradas na paleta são diferentes a cada carregamento da página",
              "timedOut": null,
              "duration": 319,
              "state": "failed",
              "speed": null,
              "pass": false,
              "fail": true,
              "pending": false,
              "context": null,
              "code": "cy.get('.color').then(function (colors) {\n  var currentColors;\n  var previousColors;\n  previousColors = Array.from(colors).map(function (color) {\n    return Cypress.$(color).css('background-color');\n  });\n  for (var i = 0; i < 5; i += 1) {\n    cy.reload();\n    cy.get('.color').then(function (colors) {\n      currentColors = Array.from(colors).map(function (color) {\n        return Cypress.$(color).css('background-color');\n      });\n      expect(currentColors).not.to.deep.equal(previousColors);\n      previousColors = currentColors;\n    });\n  }\n});",
              "err": {
                "message": "AssertionError: expected [ Array(4) ] to not deeply equal [ Array(4) ]",
                "estack": "AssertionError: expected [ Array(4) ] to not deeply equal [ Array(4) ]\n    at getRet (http://localhost:46307/__cypress/runner/cypress_runner.js:136585:16)\n    at tryCatcher (http://localhost:46307/__cypress/runner/cypress_runner.js:167415:23)\n    at Function.Promise.attempt.Promise.try (http://localhost:46307/__cypress/runner/cypress_runner.js:164690:29)\n    at Context.thenFn (http://localhost:46307/__cypress/runner/cypress_runner.js:136599:23)\n    at Context.then (http://localhost:46307/__cypress/runner/cypress_runner.js:136971:21)\n    at Context.<anonymous> (http://localhost:46307/__cypress/runner/cypress_runner.js:148875:21)\n    at http://localhost:46307/__cypress/runner/cypress_runner.js:148351:33\n    at tryCatcher (http://localhost:46307/__cypress/runner/cypress_runner.js:167415:23)\n    at Promise._settlePromiseFromHandler (http://localhost:46307/__cypress/runner/cypress_runner.js:165351:31)\n    at Promise._settlePromise (http://localhost:46307/__cypress/runner/cypress_runner.js:165408:18)\n    at Promise._settlePromiseCtx (http://localhost:46307/__cypress/runner/cypress_runner.js:165445:10)\n    at Async../node_modules/bluebird/js/release/async.js.Async._drainQueue (http://localhost:46307/__cypress/runner/cypress_runner.js:162145:12)\n    at Async../node_modules/bluebird/js/release/async.js.Async._drainQueues (http://localhost:46307/__cypress/runner/cypress_runner.js:162150:10)\n    at Async.drainQueues (http://localhost:46307/__cypress/runner/cypress_runner.js:162024:14)",
                "diff": ""
              },
              "uuid": "32b9bfee-4f52-4be7-8e45-5107978c7251",
              "parentUUID": "b4aaf3d5-65a3-40cc-bd07-dee2052ee718",
              "isHook": false,
              "skipped": false
            },
            {
              "title": "Verifica se a cor preta ainda está presente e é a primeira na sua paleta de cores",
              "fullTitle": "12 - Faça com que as cores da paleta sejam geradas aleatoriamente ao carregar a página. Verifica se a cor preta ainda está presente e é a primeira na sua paleta de cores",
              "timedOut": null,
              "duration": 261,
              "state": "failed",
              "speed": null,
              "pass": false,
              "fail": true,
              "pending": false,
              "context": null,
              "code": "cy.get('.color').then(function (colors) {\n  var currentColors;\n  var previousColors;\n  previousColors = Array.from(colors).map(function (color) {\n    return Cypress.$(color).css('background-color');\n  });\n  expect(previousColors[0]).to.eq(BLACK);\n  for (var i = 0; i < 5; i += 1) {\n    cy.reload();\n    cy.get('.color').then(function (colors) {\n      currentColors = Array.from(colors).map(function (color) {\n        return Cypress.$(color).css('background-color');\n      });\n      expect(currentColors[0]).to.eq(BLACK);\n      expect(currentColors).not.to.deep.equal(previousColors);\n      previousColors = currentColors;\n    });\n  }\n});",
              "err": {
                "message": "AssertionError: expected [ Array(4) ] to not deeply equal [ Array(4) ]",
                "estack": "AssertionError: expected [ Array(4) ] to not deeply equal [ Array(4) ]\n    at getRet (http://localhost:46307/__cypress/runner/cypress_runner.js:136585:16)\n    at tryCatcher (http://localhost:46307/__cypress/runner/cypress_runner.js:167415:23)\n    at Function.Promise.attempt.Promise.try (http://localhost:46307/__cypress/runner/cypress_runner.js:164690:29)\n    at Context.thenFn (http://localhost:46307/__cypress/runner/cypress_runner.js:136599:23)\n    at Context.then (http://localhost:46307/__cypress/runner/cypress_runner.js:136971:21)\n    at Context.<anonymous> (http://localhost:46307/__cypress/runner/cypress_runner.js:148875:21)\n    at http://localhost:46307/__cypress/runner/cypress_runner.js:148351:33\n    at tryCatcher (http://localhost:46307/__cypress/runner/cypress_runner.js:167415:23)\n    at Promise._settlePromiseFromHandler (http://localhost:46307/__cypress/runner/cypress_runner.js:165351:31)\n    at Promise._settlePromise (http://localhost:46307/__cypress/runner/cypress_runner.js:165408:18)\n    at Promise._settlePromiseCtx (http://localhost:46307/__cypress/runner/cypress_runner.js:165445:10)\n    at Async../node_modules/bluebird/js/release/async.js.Async._drainQueue (http://localhost:46307/__cypress/runner/cypress_runner.js:162145:12)\n    at Async../node_modules/bluebird/js/release/async.js.Async._drainQueues (http://localhost:46307/__cypress/runner/cypress_runner.js:162150:10)\n    at Async.drainQueues (http://localhost:46307/__cypress/runner/cypress_runner.js:162024:14)",
                "diff": ""
              },
              "uuid": "ca525991-ad44-4abb-8b6d-55f5e659d271",
              "parentUUID": "b4aaf3d5-65a3-40cc-bd07-dee2052ee718",
              "isHook": false,
              "skipped": false
            }
          ],
          "suites": [],
          "passes": [],
          "failures": [
            "32b9bfee-4f52-4be7-8e45-5107978c7251",
            "ca525991-ad44-4abb-8b6d-55f5e659d271"
          ],
          "pending": [],
          "skipped": [],
          "duration": 580,
          "root": false,
          "rootEmpty": false,
          "_timeout": 2000
        }
      ],
      "passes": [],
      "failures": [],
      "pending": [],
      "skipped": [],
      "duration": 0,
      "root": true,
      "rootEmpty": true,
      "_timeout": 2000
    }
  ],
  "meta": {
    "mocha": {
      "version": "7.0.1"
    },
    "mochawesome": {
      "options": {
        "quiet": false,
        "reportFilename": "mochawesome",
        "saveHtml": false,
        "saveJson": true,
        "consoleReporter": "spec",
        "useInlineDiffs": false
      },
      "version": "4.1.0"
    },
    "marge": {
      "options": {
        "id": "default",
        "reportDir": "cypress/reports",
        "overwrite": true,
        "html": false,
        "json": true
      },
      "version": "4.1.0"
    }
  }
}