{
  "stats": {
    "suites": 12,
    "tests": 41,
    "passes": 21,
    "pending": 0,
    "failures": 20,
    "start": "2021-07-09T13:27:10.292Z",
    "end": "2021-07-09T13:28:50.008Z",
    "duration": 99716,
    "testsRegistered": 41,
    "passPercent": 51.21951219512195,
    "pendingPercent": 0,
    "other": 0,
    "hasOther": false,
    "skipped": 0,
    "hasSkipped": false
  },
  "results": [
    {
      "uuid": "e241a743-119b-4195-b92a-37b1c0a24f06",
      "title": "",
      "fullFile": "cypress/integration/project.spec.js",
      "file": "cypress/integration/project.spec.js",
      "beforeHooks": [],
      "afterHooks": [],
      "tests": [],
      "suites": [
        {
          "uuid": "0ea3245c-4cc2-44d8-8604-eea5532f812d",
          "title": "1 - Adicione à página o título \"Paleta de Cores\".",
          "fullFile": "",
          "file": "",
          "beforeHooks": [],
          "afterHooks": [],
          "tests": [
            {
              "title": "Verifica se contém um elemento `h1` com o id `title` com o título correto",
              "fullTitle": "1 - Adicione à página o título \"Paleta de Cores\". Verifica se contém um elemento `h1` com o id `title` com o título correto",
              "timedOut": null,
              "duration": 319,
              "state": "passed",
              "speed": "slow",
              "pass": true,
              "fail": false,
              "pending": false,
              "context": null,
              "code": "cy.get('h1#title').should('contain.text', 'Paleta de Cores');",
              "err": {},
              "uuid": "31fe69c6-4163-4f1b-ae27-d993164cbf0f",
              "parentUUID": "0ea3245c-4cc2-44d8-8604-eea5532f812d",
              "isHook": false,
              "skipped": false
            }
          ],
          "suites": [],
          "passes": [
            "31fe69c6-4163-4f1b-ae27-d993164cbf0f"
          ],
          "failures": [],
          "pending": [],
          "skipped": [],
          "duration": 319,
          "root": false,
          "rootEmpty": false,
          "_timeout": 2000
        },
        {
          "uuid": "bb421675-63c0-447e-88bb-acea1f216183",
          "title": "2 - Adicione à página uma paleta de quatro cores distintas.",
          "fullFile": "",
          "file": "",
          "beforeHooks": [],
          "afterHooks": [],
          "tests": [
            {
              "title": "A paleta de cores deve ser um elemento com `id` denominado `color-palette`",
              "fullTitle": "2 - Adicione à página uma paleta de quatro cores distintas. A paleta de cores deve ser um elemento com `id` denominado `color-palette`",
              "timedOut": null,
              "duration": 117,
              "state": "passed",
              "speed": "slow",
              "pass": true,
              "fail": false,
              "pending": false,
              "context": null,
              "code": "cy.get('#color-palette').should('be.visible');",
              "err": {},
              "uuid": "a043b07f-7360-44b1-a261-ae2ddfdc43e0",
              "parentUUID": "bb421675-63c0-447e-88bb-acea1f216183",
              "isHook": false,
              "skipped": false
            },
            {
              "title": "Verifica se cada cor individual da paleta de cores possui a `classe` chamada `color`.",
              "fullTitle": "2 - Adicione à página uma paleta de quatro cores distintas. Verifica se cada cor individual da paleta de cores possui a `classe` chamada `color`.",
              "timedOut": null,
              "duration": 220,
              "state": "passed",
              "speed": "slow",
              "pass": true,
              "fail": false,
              "pending": false,
              "context": null,
              "code": "cy.get('.color').should('have.length', 4).then(function (colors) {\n  for (var i = 0; i < colors.length; i++) {\n    cy.wrap(colors[i]).should('be.visible');\n  }\n});",
              "err": {},
              "uuid": "1eb67816-6c2c-441f-9138-af2e7ef8afd6",
              "parentUUID": "bb421675-63c0-447e-88bb-acea1f216183",
              "isHook": false,
              "skipped": false
            },
            {
              "title": "Verifica se a cor de fundo de cada elemento da paleta é a cor que o elemento representa. **A única cor não permitida na paleta é a cor branca.**",
              "fullTitle": "2 - Adicione à página uma paleta de quatro cores distintas. Verifica se a cor de fundo de cada elemento da paleta é a cor que o elemento representa. **A única cor não permitida na paleta é a cor branca.**",
              "timedOut": null,
              "duration": 172,
              "state": "passed",
              "speed": "slow",
              "pass": true,
              "fail": false,
              "pending": false,
              "context": null,
              "code": "cy.get('.color').each(function (color) {\n  cy.wrap(color).should('have.class', 'color').and('not.have.css', 'background-color', WHITE);\n  cy.wrap(color).should('have.css', 'background-color');\n});",
              "err": {},
              "uuid": "37c8fe56-4bd7-4476-812a-306cc79ee2a4",
              "parentUUID": "bb421675-63c0-447e-88bb-acea1f216183",
              "isHook": false,
              "skipped": false
            },
            {
              "title": "Verifica se cada elemento da paleta de cores tem uma borda preta, sólida e com 1 pixel de largura;",
              "fullTitle": "2 - Adicione à página uma paleta de quatro cores distintas. Verifica se cada elemento da paleta de cores tem uma borda preta, sólida e com 1 pixel de largura;",
              "timedOut": null,
              "duration": 153,
              "state": "passed",
              "speed": "slow",
              "pass": true,
              "fail": false,
              "pending": false,
              "context": null,
              "code": "cy.get('.color').each(function (color) {\n  cy.wrap(color).and('have.css', 'border', \"1px solid \".concat(BLACK)).and('have.class', 'color');\n});",
              "err": {},
              "uuid": "1c1c93e3-10a1-4f57-ae14-47d5ac8b4441",
              "parentUUID": "bb421675-63c0-447e-88bb-acea1f216183",
              "isHook": false,
              "skipped": false
            },
            {
              "title": "Verifica se a paleta lista todas as cores disponíveis para utilização, lado a lado.",
              "fullTitle": "2 - Adicione à página uma paleta de quatro cores distintas. Verifica se a paleta lista todas as cores disponíveis para utilização, lado a lado.",
              "timedOut": null,
              "duration": 134,
              "state": "passed",
              "speed": "slow",
              "pass": true,
              "fail": false,
              "pending": false,
              "context": null,
              "code": "cy.get('.color').then(function (colors) {\n  for (var index = 1; index < colors.length; index += 1) {\n    var currentColor = colors[index];\n    var previousColor = colors[index - 1];\n    cy.wrap(currentColor).should('be.onTheRightOf', previousColor).and('be.horizontallyAlignedWith', previousColor);\n  }\n});",
              "err": {},
              "uuid": "78a63653-9968-40f7-94a5-7c987404bbee",
              "parentUUID": "bb421675-63c0-447e-88bb-acea1f216183",
              "isHook": false,
              "skipped": false
            },
            {
              "title": "Verifica se a paleta de cores está posicionada abaixo do título 'Paleta de Cores'",
              "fullTitle": "2 - Adicione à página uma paleta de quatro cores distintas. Verifica se a paleta de cores está posicionada abaixo do título 'Paleta de Cores'",
              "timedOut": null,
              "duration": 129,
              "state": "passed",
              "speed": "slow",
              "pass": true,
              "fail": false,
              "pending": false,
              "context": null,
              "code": "cy.get('h1#title').then(function (title) {\n  cy.get('#color-palette').should('be.belowOf', title);\n});",
              "err": {},
              "uuid": "469082c9-01a7-463e-8144-d3df40b17b98",
              "parentUUID": "bb421675-63c0-447e-88bb-acea1f216183",
              "isHook": false,
              "skipped": false
            },
            {
              "title": "Verifica se a paleta de cores não contém cores repetidas.",
              "fullTitle": "2 - Adicione à página uma paleta de quatro cores distintas. Verifica se a paleta de cores não contém cores repetidas.",
              "timedOut": null,
              "duration": 125,
              "state": "passed",
              "speed": "slow",
              "pass": true,
              "fail": false,
              "pending": false,
              "context": null,
              "code": "cy.get('.color').then(function (colors) {\n  var allColors = Array.from(colors).map(function (color) {\n    return Cypress.$(color).css('background-color');\n  });\n  cy.log(allColors);\n  var uniqColors = (0, _toConsumableArray2[\"default\"])(new Set(allColors));\n  cy.log(uniqColors);\n  expect(allColors.length).to.eq(uniqColors.length);\n});",
              "err": {},
              "uuid": "79f325df-4b3d-463b-a91f-4fcd903354ca",
              "parentUUID": "bb421675-63c0-447e-88bb-acea1f216183",
              "isHook": false,
              "skipped": false
            }
          ],
          "suites": [],
          "passes": [
            "a043b07f-7360-44b1-a261-ae2ddfdc43e0",
            "1eb67816-6c2c-441f-9138-af2e7ef8afd6",
            "37c8fe56-4bd7-4476-812a-306cc79ee2a4",
            "1c1c93e3-10a1-4f57-ae14-47d5ac8b4441",
            "78a63653-9968-40f7-94a5-7c987404bbee",
            "469082c9-01a7-463e-8144-d3df40b17b98",
            "79f325df-4b3d-463b-a91f-4fcd903354ca"
          ],
          "failures": [],
          "pending": [],
          "skipped": [],
          "duration": 1050,
          "root": false,
          "rootEmpty": false,
          "_timeout": 2000
        },
        {
          "uuid": "0e82ca97-30e1-447d-a338-e25caa32b51e",
          "title": "3 - Adicione a cor **preta** como a primeira cor da paleta de cores.",
          "fullFile": "",
          "file": "",
          "beforeHooks": [],
          "afterHooks": [],
          "tests": [
            {
              "title": "Verifica se a primeira cor da paleta é preta",
              "fullTitle": "3 - Adicione a cor **preta** como a primeira cor da paleta de cores. Verifica se a primeira cor da paleta é preta",
              "timedOut": null,
              "duration": 134,
              "state": "passed",
              "speed": "slow",
              "pass": true,
              "fail": false,
              "pending": false,
              "context": null,
              "code": "cy.get('.color').first().should('have.css', 'background-color', BLACK);",
              "err": {},
              "uuid": "55c59177-af57-474b-ad16-da8c82e443f8",
              "parentUUID": "0e82ca97-30e1-447d-a338-e25caa32b51e",
              "isHook": false,
              "skipped": false
            },
            {
              "title": "Verifica se as demais cores podem ser escolhidas livremente.",
              "fullTitle": "3 - Adicione a cor **preta** como a primeira cor da paleta de cores. Verifica se as demais cores podem ser escolhidas livremente.",
              "timedOut": null,
              "duration": 240,
              "state": "passed",
              "speed": "slow",
              "pass": true,
              "fail": false,
              "pending": false,
              "context": null,
              "code": "cy.get('.color').eq(1).should('not.have.css', 'background-color', BLACK);\ncy.get('.color').eq(1).should('not.have.css', 'background-color', WHITE);\ncy.get('.color').eq(1).should('not.have.css', 'background-color', 'rgba(0, 0, 0, 0)');\ncy.get('.color').eq(1).should('have.css', 'background-color');\ncy.get('.color').eq(2).should('not.have.css', 'background-color', BLACK);\ncy.get('.color').eq(2).should('not.have.css', 'background-color', WHITE);\ncy.get('.color').eq(2).should('not.have.css', 'background-color', 'rgba(0, 0, 0, 0)');\ncy.get('.color').eq(2).should('have.css', 'background-color');\ncy.get('.color').eq(3).should('not.have.css', 'background-color', BLACK);\ncy.get('.color').eq(3).should('not.have.css', 'background-color', WHITE);\ncy.get('.color').eq(3).should('not.have.css', 'background-color', 'rgba(0, 0, 0, 0)');\ncy.get('.color').eq(3).should('have.css', 'background-color');",
              "err": {},
              "uuid": "62795dec-d411-446d-9b75-ca31b00732a1",
              "parentUUID": "0e82ca97-30e1-447d-a338-e25caa32b51e",
              "isHook": false,
              "skipped": false
            }
          ],
          "suites": [],
          "passes": [
            "55c59177-af57-474b-ad16-da8c82e443f8",
            "62795dec-d411-446d-9b75-ca31b00732a1"
          ],
          "failures": [],
          "pending": [],
          "skipped": [],
          "duration": 374,
          "root": false,
          "rootEmpty": false,
          "_timeout": 2000
        },
        {
          "uuid": "3cc19755-011f-4d64-ad47-a83d197fa092",
          "title": "4 - Adicione à página um quadro de pixels, com 25 pixels.",
          "fullFile": "",
          "file": "",
          "beforeHooks": [],
          "afterHooks": [],
          "tests": [
            {
              "title": "Verifica se o quadro de pixels possui o `id` denominado `pixel-board`",
              "fullTitle": "4 - Adicione à página um quadro de pixels, com 25 pixels. Verifica se o quadro de pixels possui o `id` denominado `pixel-board`",
              "timedOut": null,
              "duration": 93,
              "state": "passed",
              "speed": "slow",
              "pass": true,
              "fail": false,
              "pending": false,
              "context": null,
              "code": "cy.get('#pixel-board').should('be.visible');",
              "err": {},
              "uuid": "81441fb4-47d5-4c1c-bb97-3053b8d9c3ab",
              "parentUUID": "3cc19755-011f-4d64-ad47-a83d197fa092",
              "isHook": false,
              "skipped": false
            },
            {
              "title": "Verifica se cada pixel individual dentro do quadro possui a `classe` denominada `pixel`.",
              "fullTitle": "4 - Adicione à página um quadro de pixels, com 25 pixels. Verifica se cada pixel individual dentro do quadro possui a `classe` denominada `pixel`.",
              "timedOut": null,
              "duration": 147,
              "state": "passed",
              "speed": "slow",
              "pass": true,
              "fail": false,
              "pending": false,
              "context": null,
              "code": "cy.get('.pixel').should('have.length', 25);",
              "err": {},
              "uuid": "467bddac-8665-48ed-8699-2be639c1415f",
              "parentUUID": "3cc19755-011f-4d64-ad47-a83d197fa092",
              "isHook": false,
              "skipped": false
            },
            {
              "title": "Verifica se a cor inicial dos pixels dentro do quadro, ao abrir a página, é branca.",
              "fullTitle": "4 - Adicione à página um quadro de pixels, com 25 pixels. Verifica se a cor inicial dos pixels dentro do quadro, ao abrir a página, é branca.",
              "timedOut": null,
              "duration": 373,
              "state": "failed",
              "speed": null,
              "pass": false,
              "fail": true,
              "pending": false,
              "context": null,
              "code": "cy.get('.pixel').should('have.length', 25).each(function (pixel) {\n  expect(pixel).to.have.css('background-color', WHITE);\n});",
              "err": {
                "message": "AssertionError: expected '<td.pixel>' to have CSS property 'background-color' with the value 'rgb(255, 255, 255)', but the value was 'rgba(0, 0, 0, 0)'",
                "estack": "AssertionError: expected '<td.pixel>' to have CSS property 'background-color' with the value 'rgb(255, 255, 255)', but the value was 'rgba(0, 0, 0, 0)'\n    at callback (http://localhost:35965/__cypress/runner/cypress_runner.js:136947:20)\n    at getRet (http://localhost:35965/__cypress/runner/cypress_runner.js:136585:16)\n    at tryCatcher (http://localhost:35965/__cypress/runner/cypress_runner.js:167415:23)\n    at Function.Promise.attempt.Promise.try (http://localhost:35965/__cypress/runner/cypress_runner.js:164690:29)\n    at thenFn (http://localhost:35965/__cypress/runner/cypress_runner.js:136599:23)\n    at yieldItem (http://localhost:35965/__cypress/runner/cypress_runner.js:136954:16)\n    at tryCatcher (http://localhost:35965/__cypress/runner/cypress_runner.js:167415:23)\n    at Object.gotValue (http://localhost:35965/__cypress/runner/cypress_runner.js:166557:18)\n    at Object.gotAccum (http://localhost:35965/__cypress/runner/cypress_runner.js:166546:25)\n    at Object.tryCatcher (http://localhost:35965/__cypress/runner/cypress_runner.js:167415:23)\n    at Promise._settlePromiseFromHandler (http://localhost:35965/__cypress/runner/cypress_runner.js:165351:31)\n    at Promise._settlePromise (http://localhost:35965/__cypress/runner/cypress_runner.js:165408:18)\n    at Promise._settlePromiseCtx (http://localhost:35965/__cypress/runner/cypress_runner.js:165445:10)\n    at Async../node_modules/bluebird/js/release/async.js.Async._drainQueue (http://localhost:35965/__cypress/runner/cypress_runner.js:162145:12)\n    at Async../node_modules/bluebird/js/release/async.js.Async._drainQueues (http://localhost:35965/__cypress/runner/cypress_runner.js:162150:10)\n    at Async.drainQueues (http://localhost:35965/__cypress/runner/cypress_runner.js:162024:14)",
                "diff": "- 'rgba(0, 0, 0, 0)'\n+ 'rgb(255, 255, 255)'\n"
              },
              "uuid": "ceacd2e8-e827-4cf5-9032-b60f3cea9d8a",
              "parentUUID": "3cc19755-011f-4d64-ad47-a83d197fa092",
              "isHook": false,
              "skipped": false
            },
            {
              "title": "Verifica se o quadro de pixels aparece abaixo da paleta de cores",
              "fullTitle": "4 - Adicione à página um quadro de pixels, com 25 pixels. Verifica se o quadro de pixels aparece abaixo da paleta de cores",
              "timedOut": null,
              "duration": 95,
              "state": "passed",
              "speed": "slow",
              "pass": true,
              "fail": false,
              "pending": false,
              "context": null,
              "code": "cy.get('#color-palette').then(function (palette) {\n  cy.get('#pixel-board').should('be.belowOf', palette);\n});",
              "err": {},
              "uuid": "e318a3cc-67a8-419a-904f-6c7524686deb",
              "parentUUID": "3cc19755-011f-4d64-ad47-a83d197fa092",
              "isHook": false,
              "skipped": false
            }
          ],
          "suites": [],
          "passes": [
            "81441fb4-47d5-4c1c-bb97-3053b8d9c3ab",
            "467bddac-8665-48ed-8699-2be639c1415f",
            "e318a3cc-67a8-419a-904f-6c7524686deb"
          ],
          "failures": [
            "ceacd2e8-e827-4cf5-9032-b60f3cea9d8a"
          ],
          "pending": [],
          "skipped": [],
          "duration": 708,
          "root": false,
          "rootEmpty": false,
          "_timeout": 2000
        },
        {
          "uuid": "b956aefd-2cbc-4ab4-9cf5-50b3d813bdab",
          "title": "5 - Faça com que cada elemento do quadro de pixels possua 40 pixels de largura, 40 pixels de altura e seja delimitado por uma borda preta de 1 pixel.",
          "fullFile": "",
          "file": "",
          "beforeHooks": [],
          "afterHooks": [],
          "tests": [
            {
              "title": "Verifica se o quadro de pixels tem altura e comprimento de 5 elementos",
              "fullTitle": "5 - Faça com que cada elemento do quadro de pixels possua 40 pixels de largura, 40 pixels de altura e seja delimitado por uma borda preta de 1 pixel. Verifica se o quadro de pixels tem altura e comprimento de 5 elementos",
              "timedOut": null,
              "duration": 304,
              "state": "failed",
              "speed": null,
              "pass": false,
              "fail": true,
              "pending": false,
              "context": null,
              "code": "cy.get('.pixel').should('have.length', 25).each(function (pixel) {\n  expect(pixel).to.have.css('background-color', WHITE);\n}).and(function (pixels) {\n  var rows = chunk(pixels, 5);\n  rows.forEach(function (row) {\n    for (var index = 1; index < row.length; index += 1) {\n      var current = pixels[index];\n      var previous = pixels[index - 1];\n      cy.wrap(current).should('be.onTheRightOf', previous).and('be.horizontallyAlignedWith', previous);\n    }\n  });\n  for (var index = 1; index < 5; index += 1) {\n    expect(pixels[index * 5]).to.be.belowOf(pixels[(index - 1) * 5]);\n  }\n});",
              "err": {
                "message": "AssertionError: expected '<td.pixel>' to have CSS property 'background-color' with the value 'rgb(255, 255, 255)', but the value was 'rgba(0, 0, 0, 0)'",
                "estack": "AssertionError: expected '<td.pixel>' to have CSS property 'background-color' with the value 'rgb(255, 255, 255)', but the value was 'rgba(0, 0, 0, 0)'\n    at callback (http://localhost:35965/__cypress/runner/cypress_runner.js:136947:20)\n    at getRet (http://localhost:35965/__cypress/runner/cypress_runner.js:136585:16)\n    at tryCatcher (http://localhost:35965/__cypress/runner/cypress_runner.js:167415:23)\n    at Function.Promise.attempt.Promise.try (http://localhost:35965/__cypress/runner/cypress_runner.js:164690:29)\n    at thenFn (http://localhost:35965/__cypress/runner/cypress_runner.js:136599:23)\n    at yieldItem (http://localhost:35965/__cypress/runner/cypress_runner.js:136954:16)\n    at tryCatcher (http://localhost:35965/__cypress/runner/cypress_runner.js:167415:23)\n    at Object.gotValue (http://localhost:35965/__cypress/runner/cypress_runner.js:166557:18)\n    at Object.gotAccum (http://localhost:35965/__cypress/runner/cypress_runner.js:166546:25)\n    at Object.tryCatcher (http://localhost:35965/__cypress/runner/cypress_runner.js:167415:23)\n    at Promise._settlePromiseFromHandler (http://localhost:35965/__cypress/runner/cypress_runner.js:165351:31)\n    at Promise._settlePromise (http://localhost:35965/__cypress/runner/cypress_runner.js:165408:18)\n    at Promise._settlePromiseCtx (http://localhost:35965/__cypress/runner/cypress_runner.js:165445:10)\n    at Async../node_modules/bluebird/js/release/async.js.Async._drainQueue (http://localhost:35965/__cypress/runner/cypress_runner.js:162145:12)\n    at Async../node_modules/bluebird/js/release/async.js.Async._drainQueues (http://localhost:35965/__cypress/runner/cypress_runner.js:162150:10)\n    at Async.drainQueues (http://localhost:35965/__cypress/runner/cypress_runner.js:162024:14)",
                "diff": "- 'rgba(0, 0, 0, 0)'\n+ 'rgb(255, 255, 255)'\n"
              },
              "uuid": "dce852cd-6e38-433a-8471-5b8f50935ab5",
              "parentUUID": "b956aefd-2cbc-4ab4-9cf5-50b3d813bdab",
              "isHook": false,
              "skipped": false
            },
            {
              "title": "Verifica se 40 pixels é o tamanho total do elemento, incluindo seu conteúdo e excluindo a borda preta, que deve ser criada à parte.",
              "fullTitle": "5 - Faça com que cada elemento do quadro de pixels possua 40 pixels de largura, 40 pixels de altura e seja delimitado por uma borda preta de 1 pixel. Verifica se 40 pixels é o tamanho total do elemento, incluindo seu conteúdo e excluindo a borda preta, que deve ser criada à parte.",
              "timedOut": null,
              "duration": 281,
              "state": "passed",
              "speed": "slow",
              "pass": true,
              "fail": false,
              "pending": false,
              "context": null,
              "code": "cy.get('.pixel').each(function (pixel) {\n  cy.wrap(pixel).should('have.css', 'height', '40px').and('have.css', 'width', '40px').and('have.css', 'border', \"1px solid \".concat(BLACK));\n});",
              "err": {},
              "uuid": "03b4b8c3-153a-4ac9-a344-e2c911ea1777",
              "parentUUID": "b956aefd-2cbc-4ab4-9cf5-50b3d813bdab",
              "isHook": false,
              "skipped": false
            }
          ],
          "suites": [],
          "passes": [
            "03b4b8c3-153a-4ac9-a344-e2c911ea1777"
          ],
          "failures": [
            "dce852cd-6e38-433a-8471-5b8f50935ab5"
          ],
          "pending": [],
          "skipped": [],
          "duration": 585,
          "root": false,
          "rootEmpty": false,
          "_timeout": 2000
        },
        {
          "uuid": "2596c763-709f-4a16-b600-26f253b017c3",
          "title": "6 - Defina a cor preta como cor inicial. Ao carregar a página a cor preta já deve estar selecionada para pintar os pixels",
          "fullFile": "",
          "file": "",
          "beforeHooks": [],
          "afterHooks": [],
          "tests": [
            {
              "title": "Verifica se o elemento da cor preta possui, inicialmente, a `classe` `selected`",
              "fullTitle": "6 - Defina a cor preta como cor inicial. Ao carregar a página a cor preta já deve estar selecionada para pintar os pixels Verifica se o elemento da cor preta possui, inicialmente, a `classe` `selected`",
              "timedOut": null,
              "duration": 94,
              "state": "passed",
              "speed": "slow",
              "pass": true,
              "fail": false,
              "pending": false,
              "context": null,
              "code": "cy.get('.selected').first().should('have.css', 'background-color', BLACK);",
              "err": {},
              "uuid": "d98a1bcb-d531-40c5-adc1-9430928f7a77",
              "parentUUID": "2596c763-709f-4a16-b600-26f253b017c3",
              "isHook": false,
              "skipped": false
            },
            {
              "title": "Verifica se nenhuma outra cor da paleta tem a `classe` `selected`",
              "fullTitle": "6 - Defina a cor preta como cor inicial. Ao carregar a página a cor preta já deve estar selecionada para pintar os pixels Verifica se nenhuma outra cor da paleta tem a `classe` `selected`",
              "timedOut": null,
              "duration": 116,
              "state": "passed",
              "speed": "slow",
              "pass": true,
              "fail": false,
              "pending": false,
              "context": null,
              "code": "cy.get('.color:not(:first-child)').each(function (color) {\n  cy.wrap(color).should('not.have.class', 'selected');\n});",
              "err": {},
              "uuid": "6f3dd490-304a-431e-ae34-6fb4d204ae86",
              "parentUUID": "2596c763-709f-4a16-b600-26f253b017c3",
              "isHook": false,
              "skipped": false
            }
          ],
          "suites": [],
          "passes": [
            "d98a1bcb-d531-40c5-adc1-9430928f7a77",
            "6f3dd490-304a-431e-ae34-6fb4d204ae86"
          ],
          "failures": [],
          "pending": [],
          "skipped": [],
          "duration": 210,
          "root": false,
          "rootEmpty": false,
          "_timeout": 2000
        },
        {
          "uuid": "1c68cebf-bc5d-4333-a865-74926477814b",
          "title": "7 - Clicar em uma das cores da paleta, faz com que ela seja selecionada e utilizada para preencher os pixels no quadro.",
          "fullFile": "",
          "file": "",
          "beforeHooks": [],
          "afterHooks": [],
          "tests": [
            {
              "title": "Verifica se somente uma cor da paleta de cores tem a classe `selected` de cada vez",
              "fullTitle": "7 - Clicar em uma das cores da paleta, faz com que ela seja selecionada e utilizada para preencher os pixels no quadro. Verifica se somente uma cor da paleta de cores tem a classe `selected` de cada vez",
              "timedOut": null,
              "duration": 485,
              "state": "passed",
              "speed": "slow",
              "pass": true,
              "fail": false,
              "pending": false,
              "context": null,
              "code": "cy.get('.color').each(function (selectedColor, selectedColorIndex) {\n  cy.wrap(selectedColor).click();\n  cy.get('.color').each(function (color, colorIndex) {\n    if (colorIndex === selectedColorIndex) {\n      expect(color).to.have[\"class\"]('selected');\n    } else {\n      expect(color).not.to.have[\"class\"]('selected');\n    }\n  });\n});",
              "err": {},
              "uuid": "04bf9944-666c-4e34-bb18-6ecf141da75f",
              "parentUUID": "1c68cebf-bc5d-4333-a865-74926477814b",
              "isHook": false,
              "skipped": false
            },
            {
              "title": "Verifica se os pixels dentro do quadro não têm a classe `selected` quando são clicados",
              "fullTitle": "7 - Clicar em uma das cores da paleta, faz com que ela seja selecionada e utilizada para preencher os pixels no quadro. Verifica se os pixels dentro do quadro não têm a classe `selected` quando são clicados",
              "timedOut": null,
              "duration": 9191,
              "state": "passed",
              "speed": "slow",
              "pass": true,
              "fail": false,
              "pending": false,
              "context": null,
              "code": "cy.get('.color').each(function (color) {\n  var backgroundColor = color.css('background-color');\n  cy.wrap(color).click();\n  cy.get('.pixel').each(function (pixel) {\n    cy.wrap(pixel).click().should('not.have.class', 'selected');\n  });\n});",
              "err": {},
              "uuid": "e6a8ef20-d9d0-4e54-8228-332e3d30aaef",
              "parentUUID": "1c68cebf-bc5d-4333-a865-74926477814b",
              "isHook": false,
              "skipped": false
            }
          ],
          "suites": [],
          "passes": [
            "04bf9944-666c-4e34-bb18-6ecf141da75f",
            "e6a8ef20-d9d0-4e54-8228-332e3d30aaef"
          ],
          "failures": [],
          "pending": [],
          "skipped": [],
          "duration": 9676,
          "root": false,
          "rootEmpty": false,
          "_timeout": 2000
        },
        {
          "uuid": "69513e27-f3cc-4dce-bfb7-b012664a0aad",
          "title": "8 - Clicar em um pixel dentro do quadro após selecionar uma cor na paleta, faz com que o pixel seja preenchido com a cor selecionada.",
          "fullFile": "",
          "file": "",
          "beforeHooks": [],
          "afterHooks": [],
          "tests": [
            {
              "title": "Verifica se ao carregar a página deve ser possível pintar os pixels de preto",
              "fullTitle": "8 - Clicar em um pixel dentro do quadro após selecionar uma cor na paleta, faz com que o pixel seja preenchido com a cor selecionada. Verifica se ao carregar a página deve ser possível pintar os pixels de preto",
              "timedOut": null,
              "duration": 2369,
              "state": "passed",
              "speed": "slow",
              "pass": true,
              "fail": false,
              "pending": false,
              "context": null,
              "code": "cy.get('.pixel').each(function (pixel) {\n  cy.wrap(pixel).click().should('have.css', 'background-color', BLACK);\n});",
              "err": {},
              "uuid": "be7c2b04-76f3-4325-b99a-0ed5589d8196",
              "parentUUID": "69513e27-f3cc-4dce-bfb7-b012664a0aad",
              "isHook": false,
              "skipped": false
            },
            {
              "title": "Verifica se após selecionar uma outra cor na paleta, é possível pintar os pixels com essa cor",
              "fullTitle": "8 - Clicar em um pixel dentro do quadro após selecionar uma cor na paleta, faz com que o pixel seja preenchido com a cor selecionada. Verifica se após selecionar uma outra cor na paleta, é possível pintar os pixels com essa cor",
              "timedOut": null,
              "duration": 9142,
              "state": "passed",
              "speed": "slow",
              "pass": true,
              "fail": false,
              "pending": false,
              "context": null,
              "code": "cy.get('.color').each(function (color) {\n  var backgroundColor = color.css('background-color');\n  cy.wrap(color).click();\n  cy.get('.pixel').each(function (pixel) {\n    cy.wrap(pixel).click().should('have.css', 'background-color', backgroundColor);\n  });\n});",
              "err": {},
              "uuid": "6effb899-d606-466e-94c9-3eb47f714412",
              "parentUUID": "69513e27-f3cc-4dce-bfb7-b012664a0aad",
              "isHook": false,
              "skipped": false
            },
            {
              "title": "Verifica se somente o pixel que foi clicado foi preenchido com a cor selecionada, sem influenciar na cor dos demais pixels.",
              "fullTitle": "8 - Clicar em um pixel dentro do quadro após selecionar uma cor na paleta, faz com que o pixel seja preenchido com a cor selecionada. Verifica se somente o pixel que foi clicado foi preenchido com a cor selecionada, sem influenciar na cor dos demais pixels.",
              "timedOut": null,
              "duration": 1481,
              "state": "passed",
              "speed": "slow",
              "pass": true,
              "fail": false,
              "pending": false,
              "context": null,
              "code": "var colorToPixelIndexMap = {\n  0: 6,\n  1: 8,\n  2: 16,\n  3: 18\n};\ncy.get('.color').each(function (color, index) {\n  cy.wrap(color).click();\n  var backgroundColor = color.css('background-color');\n  var clickedPixelIndex = colorToPixelIndexMap[index];\n  cy.get('.pixel').eq(clickedPixelIndex).click();\n  cy.get('.pixel').eq(clickedPixelIndex - 1).should('not.have.css', 'background-color', backgroundColor);\n  cy.get('.pixel').eq(clickedPixelIndex + 1).should('not.have.css', 'background-color', backgroundColor);\n  cy.get('.pixel').eq(clickedPixelIndex - 5).should('not.have.css', 'background-color', backgroundColor);\n  cy.get('.pixel').eq(clickedPixelIndex + 5).should('not.have.css', 'background-color', backgroundColor);\n  cy.get('.pixel').eq(clickedPixelIndex - 6).should('not.have.css', 'background-color', backgroundColor);\n  cy.get('.pixel').eq(clickedPixelIndex - 4).should('not.have.css', 'background-color', backgroundColor);\n  cy.get('.pixel').eq(clickedPixelIndex + 4).should('not.have.css', 'background-color', backgroundColor);\n  cy.get('.pixel').eq(clickedPixelIndex + 6).should('not.have.css', 'background-color', backgroundColor);\n});",
              "err": {},
              "uuid": "7898419e-8634-4ffb-b5d3-06a7e8f6cf50",
              "parentUUID": "69513e27-f3cc-4dce-bfb7-b012664a0aad",
              "isHook": false,
              "skipped": false
            }
          ],
          "suites": [],
          "passes": [
            "be7c2b04-76f3-4325-b99a-0ed5589d8196",
            "6effb899-d606-466e-94c9-3eb47f714412",
            "7898419e-8634-4ffb-b5d3-06a7e8f6cf50"
          ],
          "failures": [],
          "pending": [],
          "skipped": [],
          "duration": 12992,
          "root": false,
          "rootEmpty": false,
          "_timeout": 2000
        },
        {
          "uuid": "eebfa60b-cc07-40aa-8a15-b4e1c0ab10c2",
          "title": "9 - Crie um botão que, ao ser clicado, limpa o quadro preenchendo a cor de todos seus pixels com branco.",
          "fullFile": "",
          "file": "",
          "beforeHooks": [],
          "afterHooks": [],
          "tests": [
            {
              "title": "Verifica se o botão tem o `id` denominado `clear-board`",
              "fullTitle": "9 - Crie um botão que, ao ser clicado, limpa o quadro preenchendo a cor de todos seus pixels com branco. Verifica se o botão tem o `id` denominado `clear-board`",
              "timedOut": null,
              "duration": 4339,
              "state": "failed",
              "speed": null,
              "pass": false,
              "fail": true,
              "pending": false,
              "context": null,
              "code": "cy.get('#clear-board').should('be.visible');",
              "err": {
                "message": "CypressError: Timed out retrying: Expected to find element: '#clear-board', but never found it.",
                "estack": "CypressError: Timed out retrying: Expected to find element: '#clear-board', but never found it.\n    at cypressErr (http://localhost:35965/__cypress/runner/cypress_runner.js:149934:9)\n    at throwErr (http://localhost:35965/__cypress/runner/cypress_runner.js:149867:11)\n    at Object.throwErrByPath (http://localhost:35965/__cypress/runner/cypress_runner.js:149915:3)\n    at retry (http://localhost:35965/__cypress/runner/cypress_runner.js:144197:19)\n    at onFailFn (http://localhost:35965/__cypress/runner/cypress_runner.js:132448:16)\n    at tryCatcher (http://localhost:35965/__cypress/runner/cypress_runner.js:167415:23)\n    at Promise._settlePromiseFromHandler (http://localhost:35965/__cypress/runner/cypress_runner.js:165351:31)\n    at Promise._settlePromise (http://localhost:35965/__cypress/runner/cypress_runner.js:165408:18)\n    at Promise._settlePromise0 (http://localhost:35965/__cypress/runner/cypress_runner.js:165453:10)\n    at Promise._settlePromises (http://localhost:35965/__cypress/runner/cypress_runner.js:165528:18)\n    at Async../node_modules/bluebird/js/release/async.js.Async._drainQueue (http://localhost:35965/__cypress/runner/cypress_runner.js:162140:16)\n    at Async../node_modules/bluebird/js/release/async.js.Async._drainQueues (http://localhost:35965/__cypress/runner/cypress_runner.js:162150:10)\n    at Async.drainQueues (http://localhost:35965/__cypress/runner/cypress_runner.js:162024:14)",
                "diff": null
              },
              "uuid": "1a68dd38-484a-4bc9-9973-de484f80ff57",
              "parentUUID": "eebfa60b-cc07-40aa-8a15-b4e1c0ab10c2",
              "isHook": false,
              "skipped": false
            },
            {
              "title": "Verifica se o botão está posicionado entre a paleta de cores e o quadro de pixels",
              "fullTitle": "9 - Crie um botão que, ao ser clicado, limpa o quadro preenchendo a cor de todos seus pixels com branco. Verifica se o botão está posicionado entre a paleta de cores e o quadro de pixels",
              "timedOut": null,
              "duration": 4311,
              "state": "failed",
              "speed": null,
              "pass": false,
              "fail": true,
              "pending": false,
              "context": null,
              "code": "cy.get('#color-palette').then(function (palette) {\n  cy.get('#clear-board').should('be.belowOf', palette);\n});\ncy.get('#clear-board').then(function (clearBtn) {\n  cy.get('#pixel-board').should('be.belowOf', clearBtn);\n});",
              "err": {
                "message": "CypressError: Timed out retrying: Expected to find element: '#clear-board', but never found it.",
                "estack": "CypressError: Timed out retrying: Expected to find element: '#clear-board', but never found it.\n    at cypressErr (http://localhost:35965/__cypress/runner/cypress_runner.js:149934:9)\n    at throwErr (http://localhost:35965/__cypress/runner/cypress_runner.js:149867:11)\n    at Object.throwErrByPath (http://localhost:35965/__cypress/runner/cypress_runner.js:149915:3)\n    at retry (http://localhost:35965/__cypress/runner/cypress_runner.js:144197:19)\n    at onFailFn (http://localhost:35965/__cypress/runner/cypress_runner.js:132448:16)\n    at tryCatcher (http://localhost:35965/__cypress/runner/cypress_runner.js:167415:23)\n    at Promise._settlePromiseFromHandler (http://localhost:35965/__cypress/runner/cypress_runner.js:165351:31)\n    at Promise._settlePromise (http://localhost:35965/__cypress/runner/cypress_runner.js:165408:18)\n    at Promise._settlePromise0 (http://localhost:35965/__cypress/runner/cypress_runner.js:165453:10)\n    at Promise._settlePromises (http://localhost:35965/__cypress/runner/cypress_runner.js:165528:18)\n    at Async../node_modules/bluebird/js/release/async.js.Async._drainQueue (http://localhost:35965/__cypress/runner/cypress_runner.js:162140:16)\n    at Async../node_modules/bluebird/js/release/async.js.Async._drainQueues (http://localhost:35965/__cypress/runner/cypress_runner.js:162150:10)\n    at Async.drainQueues (http://localhost:35965/__cypress/runner/cypress_runner.js:162024:14)",
                "diff": null
              },
              "uuid": "6d308b53-77d1-4966-bde2-acd5a5047c17",
              "parentUUID": "eebfa60b-cc07-40aa-8a15-b4e1c0ab10c2",
              "isHook": false,
              "skipped": false
            },
            {
              "title": "Verifica se o texto do botão é 'Limpar'",
              "fullTitle": "9 - Crie um botão que, ao ser clicado, limpa o quadro preenchendo a cor de todos seus pixels com branco. Verifica se o texto do botão é 'Limpar'",
              "timedOut": null,
              "duration": 4291,
              "state": "failed",
              "speed": null,
              "pass": false,
              "fail": true,
              "pending": false,
              "context": null,
              "code": "cy.get('#clear-board').should('contain.text', 'Limpar');",
              "err": {
                "message": "CypressError: Timed out retrying: Expected to find element: '#clear-board', but never found it.",
                "estack": "CypressError: Timed out retrying: Expected to find element: '#clear-board', but never found it.\n    at cypressErr (http://localhost:35965/__cypress/runner/cypress_runner.js:149934:9)\n    at throwErr (http://localhost:35965/__cypress/runner/cypress_runner.js:149867:11)\n    at Object.throwErrByPath (http://localhost:35965/__cypress/runner/cypress_runner.js:149915:3)\n    at retry (http://localhost:35965/__cypress/runner/cypress_runner.js:144197:19)\n    at onFailFn (http://localhost:35965/__cypress/runner/cypress_runner.js:132448:16)\n    at tryCatcher (http://localhost:35965/__cypress/runner/cypress_runner.js:167415:23)\n    at Promise._settlePromiseFromHandler (http://localhost:35965/__cypress/runner/cypress_runner.js:165351:31)\n    at Promise._settlePromise (http://localhost:35965/__cypress/runner/cypress_runner.js:165408:18)\n    at Promise._settlePromise0 (http://localhost:35965/__cypress/runner/cypress_runner.js:165453:10)\n    at Promise._settlePromises (http://localhost:35965/__cypress/runner/cypress_runner.js:165528:18)\n    at Async../node_modules/bluebird/js/release/async.js.Async._drainQueue (http://localhost:35965/__cypress/runner/cypress_runner.js:162140:16)\n    at Async../node_modules/bluebird/js/release/async.js.Async._drainQueues (http://localhost:35965/__cypress/runner/cypress_runner.js:162150:10)\n    at Async.drainQueues (http://localhost:35965/__cypress/runner/cypress_runner.js:162024:14)",
                "diff": null
              },
              "uuid": "4e165449-13da-41f0-b8e6-17e30c7f48ca",
              "parentUUID": "eebfa60b-cc07-40aa-8a15-b4e1c0ab10c2",
              "isHook": false,
              "skipped": false
            },
            {
              "title": "Verifica se ao clicar no botão, o quadro de pixels é totalmente preenchido de branco",
              "fullTitle": "9 - Crie um botão que, ao ser clicado, limpa o quadro preenchendo a cor de todos seus pixels com branco. Verifica se ao clicar no botão, o quadro de pixels é totalmente preenchido de branco",
              "timedOut": null,
              "duration": 6515,
              "state": "failed",
              "speed": null,
              "pass": false,
              "fail": true,
              "pending": false,
              "context": null,
              "code": "cy.get('.color').eq(1).then(function (color) {\n  var backgroundColor = color.css('background-color');\n  cy.wrap(color).click();\n  cy.get('.pixel').each(function (pixel) {\n    cy.wrap(pixel).click().should('have.css', 'background-color', backgroundColor);\n  });\n});\ncy.get('#clear-board').click();\ncy.get('.pixel').each(function (pixel) {\n  cy.wrap(pixel).should('have.css', 'background-color', WHITE);\n});",
              "err": {
                "message": "CypressError: Timed out retrying: Expected to find element: '#clear-board', but never found it.",
                "estack": "CypressError: Timed out retrying: Expected to find element: '#clear-board', but never found it.\n    at cypressErr (http://localhost:35965/__cypress/runner/cypress_runner.js:149934:9)\n    at throwErr (http://localhost:35965/__cypress/runner/cypress_runner.js:149867:11)\n    at Object.throwErrByPath (http://localhost:35965/__cypress/runner/cypress_runner.js:149915:3)\n    at retry (http://localhost:35965/__cypress/runner/cypress_runner.js:144197:19)\n    at onFailFn (http://localhost:35965/__cypress/runner/cypress_runner.js:132448:16)\n    at tryCatcher (http://localhost:35965/__cypress/runner/cypress_runner.js:167415:23)\n    at Promise._settlePromiseFromHandler (http://localhost:35965/__cypress/runner/cypress_runner.js:165351:31)\n    at Promise._settlePromise (http://localhost:35965/__cypress/runner/cypress_runner.js:165408:18)\n    at Promise._settlePromise0 (http://localhost:35965/__cypress/runner/cypress_runner.js:165453:10)\n    at Promise._settlePromises (http://localhost:35965/__cypress/runner/cypress_runner.js:165528:18)\n    at Async../node_modules/bluebird/js/release/async.js.Async._drainQueue (http://localhost:35965/__cypress/runner/cypress_runner.js:162140:16)\n    at Async../node_modules/bluebird/js/release/async.js.Async._drainQueues (http://localhost:35965/__cypress/runner/cypress_runner.js:162150:10)\n    at Async.drainQueues (http://localhost:35965/__cypress/runner/cypress_runner.js:162024:14)",
                "diff": null
              },
              "uuid": "d830064c-5c84-4d7c-821a-091adc6fc944",
              "parentUUID": "eebfa60b-cc07-40aa-8a15-b4e1c0ab10c2",
              "isHook": false,
              "skipped": false
            }
          ],
          "suites": [],
          "passes": [],
          "failures": [
            "1a68dd38-484a-4bc9-9973-de484f80ff57",
            "6d308b53-77d1-4966-bde2-acd5a5047c17",
            "4e165449-13da-41f0-b8e6-17e30c7f48ca",
            "d830064c-5c84-4d7c-821a-091adc6fc944"
          ],
          "pending": [],
          "skipped": [],
          "duration": 19456,
          "root": false,
          "rootEmpty": false,
          "_timeout": 2000
        },
        {
          "uuid": "12b97e05-bc1e-4947-8044-95d89b3fdd7a",
          "title": "10 - Faça o quadro de pixels ter seu tamanho definido pelo usuário.",
          "fullFile": "",
          "file": "",
          "beforeHooks": [],
          "afterHooks": [],
          "tests": [
            {
              "title": "Verifica se existe um input com o id `board-size`",
              "fullTitle": "10 - Faça o quadro de pixels ter seu tamanho definido pelo usuário. Verifica se existe um input com o id `board-size`",
              "timedOut": null,
              "duration": 4312,
              "state": "failed",
              "speed": null,
              "pass": false,
              "fail": true,
              "pending": false,
              "context": null,
              "code": "cy.get('#board-size').should('be.visible');",
              "err": {
                "message": "CypressError: Timed out retrying: Expected to find element: '#board-size', but never found it.",
                "estack": "CypressError: Timed out retrying: Expected to find element: '#board-size', but never found it.\n    at cypressErr (http://localhost:35965/__cypress/runner/cypress_runner.js:149934:9)\n    at throwErr (http://localhost:35965/__cypress/runner/cypress_runner.js:149867:11)\n    at Object.throwErrByPath (http://localhost:35965/__cypress/runner/cypress_runner.js:149915:3)\n    at retry (http://localhost:35965/__cypress/runner/cypress_runner.js:144197:19)\n    at onFailFn (http://localhost:35965/__cypress/runner/cypress_runner.js:132448:16)\n    at tryCatcher (http://localhost:35965/__cypress/runner/cypress_runner.js:167415:23)\n    at Promise._settlePromiseFromHandler (http://localhost:35965/__cypress/runner/cypress_runner.js:165351:31)\n    at Promise._settlePromise (http://localhost:35965/__cypress/runner/cypress_runner.js:165408:18)\n    at Promise._settlePromise0 (http://localhost:35965/__cypress/runner/cypress_runner.js:165453:10)\n    at Promise._settlePromises (http://localhost:35965/__cypress/runner/cypress_runner.js:165528:18)\n    at Async../node_modules/bluebird/js/release/async.js.Async._drainQueue (http://localhost:35965/__cypress/runner/cypress_runner.js:162140:16)\n    at Async../node_modules/bluebird/js/release/async.js.Async._drainQueues (http://localhost:35965/__cypress/runner/cypress_runner.js:162150:10)\n    at Async.drainQueues (http://localhost:35965/__cypress/runner/cypress_runner.js:162024:14)",
                "diff": null
              },
              "uuid": "d7fd8979-0563-400f-918a-bf33f336cc5c",
              "parentUUID": "12b97e05-bc1e-4947-8044-95d89b3fdd7a",
              "isHook": false,
              "skipped": false
            },
            {
              "title": "Verifica se existe um botão com o id `generate-board`",
              "fullTitle": "10 - Faça o quadro de pixels ter seu tamanho definido pelo usuário. Verifica se existe um botão com o id `generate-board`",
              "timedOut": null,
              "duration": 4318,
              "state": "failed",
              "speed": null,
              "pass": false,
              "fail": true,
              "pending": false,
              "context": null,
              "code": "cy.get('#generate-board').should('be.visible');",
              "err": {
                "message": "CypressError: Timed out retrying: Expected to find element: '#generate-board', but never found it.",
                "estack": "CypressError: Timed out retrying: Expected to find element: '#generate-board', but never found it.\n    at cypressErr (http://localhost:35965/__cypress/runner/cypress_runner.js:149934:9)\n    at throwErr (http://localhost:35965/__cypress/runner/cypress_runner.js:149867:11)\n    at Object.throwErrByPath (http://localhost:35965/__cypress/runner/cypress_runner.js:149915:3)\n    at retry (http://localhost:35965/__cypress/runner/cypress_runner.js:144197:19)\n    at onFailFn (http://localhost:35965/__cypress/runner/cypress_runner.js:132448:16)\n    at tryCatcher (http://localhost:35965/__cypress/runner/cypress_runner.js:167415:23)\n    at Promise._settlePromiseFromHandler (http://localhost:35965/__cypress/runner/cypress_runner.js:165351:31)\n    at Promise._settlePromise (http://localhost:35965/__cypress/runner/cypress_runner.js:165408:18)\n    at Promise._settlePromise0 (http://localhost:35965/__cypress/runner/cypress_runner.js:165453:10)\n    at Promise._settlePromises (http://localhost:35965/__cypress/runner/cypress_runner.js:165528:18)\n    at Async../node_modules/bluebird/js/release/async.js.Async._drainQueue (http://localhost:35965/__cypress/runner/cypress_runner.js:162140:16)\n    at Async../node_modules/bluebird/js/release/async.js.Async._drainQueues (http://localhost:35965/__cypress/runner/cypress_runner.js:162150:10)\n    at Async.drainQueues (http://localhost:35965/__cypress/runner/cypress_runner.js:162024:14)",
                "diff": null
              },
              "uuid": "6268d676-6a98-458f-b9df-6a86738b3c92",
              "parentUUID": "12b97e05-bc1e-4947-8044-95d89b3fdd7a",
              "isHook": false,
              "skipped": false
            },
            {
              "title": "Verifica se o input só aceita número maiores que zero. Essa restrição deve ser feita usando os atributos do elemento `input`",
              "fullTitle": "10 - Faça o quadro de pixels ter seu tamanho definido pelo usuário. Verifica se o input só aceita número maiores que zero. Essa restrição deve ser feita usando os atributos do elemento `input`",
              "timedOut": null,
              "duration": 4362,
              "state": "failed",
              "speed": null,
              "pass": false,
              "fail": true,
              "pending": false,
              "context": null,
              "code": "cy.get('#board-size[type=\\'number\\'][min=\\'1\\']');",
              "err": {
                "message": "CypressError: Timed out retrying: Expected to find element: '#board-size[type='number'][min='1']', but never found it.",
                "estack": "CypressError: Timed out retrying: Expected to find element: '#board-size[type='number'][min='1']', but never found it.\n    at cypressErr (http://localhost:35965/__cypress/runner/cypress_runner.js:149934:9)\n    at throwErr (http://localhost:35965/__cypress/runner/cypress_runner.js:149867:11)\n    at Object.throwErrByPath (http://localhost:35965/__cypress/runner/cypress_runner.js:149915:3)\n    at retry (http://localhost:35965/__cypress/runner/cypress_runner.js:144197:19)\n    at onFailFn (http://localhost:35965/__cypress/runner/cypress_runner.js:132448:16)\n    at tryCatcher (http://localhost:35965/__cypress/runner/cypress_runner.js:167415:23)\n    at Promise._settlePromiseFromHandler (http://localhost:35965/__cypress/runner/cypress_runner.js:165351:31)\n    at Promise._settlePromise (http://localhost:35965/__cypress/runner/cypress_runner.js:165408:18)\n    at Promise._settlePromise0 (http://localhost:35965/__cypress/runner/cypress_runner.js:165453:10)\n    at Promise._settlePromises (http://localhost:35965/__cypress/runner/cypress_runner.js:165528:18)\n    at Async../node_modules/bluebird/js/release/async.js.Async._drainQueue (http://localhost:35965/__cypress/runner/cypress_runner.js:162140:16)\n    at Async../node_modules/bluebird/js/release/async.js.Async._drainQueues (http://localhost:35965/__cypress/runner/cypress_runner.js:162150:10)\n    at Async.drainQueues (http://localhost:35965/__cypress/runner/cypress_runner.js:162024:14)",
                "diff": null
              },
              "uuid": "8bec7d76-9684-42a6-bfca-de23bdc6213c",
              "parentUUID": "12b97e05-bc1e-4947-8044-95d89b3fdd7a",
              "isHook": false,
              "skipped": false
            },
            {
              "title": "Verifica se o botão contém o texto 'VQV'",
              "fullTitle": "10 - Faça o quadro de pixels ter seu tamanho definido pelo usuário. Verifica se o botão contém o texto 'VQV'",
              "timedOut": null,
              "duration": 4316,
              "state": "failed",
              "speed": null,
              "pass": false,
              "fail": true,
              "pending": false,
              "context": null,
              "code": "cy.get('#generate-board').contains(/vqv/i);",
              "err": {
                "message": "CypressError: Timed out retrying: Expected to find element: '#generate-board', but never found it.",
                "estack": "CypressError: Timed out retrying: Expected to find element: '#generate-board', but never found it.\n    at cypressErr (http://localhost:35965/__cypress/runner/cypress_runner.js:149934:9)\n    at throwErr (http://localhost:35965/__cypress/runner/cypress_runner.js:149867:11)\n    at Object.throwErrByPath (http://localhost:35965/__cypress/runner/cypress_runner.js:149915:3)\n    at retry (http://localhost:35965/__cypress/runner/cypress_runner.js:144197:19)\n    at onFailFn (http://localhost:35965/__cypress/runner/cypress_runner.js:132448:16)\n    at tryCatcher (http://localhost:35965/__cypress/runner/cypress_runner.js:167415:23)\n    at Promise._settlePromiseFromHandler (http://localhost:35965/__cypress/runner/cypress_runner.js:165351:31)\n    at Promise._settlePromise (http://localhost:35965/__cypress/runner/cypress_runner.js:165408:18)\n    at Promise._settlePromise0 (http://localhost:35965/__cypress/runner/cypress_runner.js:165453:10)\n    at Promise._settlePromises (http://localhost:35965/__cypress/runner/cypress_runner.js:165528:18)\n    at Async../node_modules/bluebird/js/release/async.js.Async._drainQueue (http://localhost:35965/__cypress/runner/cypress_runner.js:162140:16)\n    at Async../node_modules/bluebird/js/release/async.js.Async._drainQueues (http://localhost:35965/__cypress/runner/cypress_runner.js:162150:10)\n    at Async.drainQueues (http://localhost:35965/__cypress/runner/cypress_runner.js:162024:14)",
                "diff": null
              },
              "uuid": "10d1c8ec-9be0-4ec0-bae9-974be8c55346",
              "parentUUID": "12b97e05-bc1e-4947-8044-95d89b3fdd7a",
              "isHook": false,
              "skipped": false
            },
            {
              "title": "Verifica se o input está posicionado entre a paleta de cores e o quadro de pixels",
              "fullTitle": "10 - Faça o quadro de pixels ter seu tamanho definido pelo usuário. Verifica se o input está posicionado entre a paleta de cores e o quadro de pixels",
              "timedOut": null,
              "duration": 4289,
              "state": "failed",
              "speed": null,
              "pass": false,
              "fail": true,
              "pending": false,
              "context": null,
              "code": "cy.get('#color-palette').then(function (palette) {\n  cy.get('#board-size').should('be.belowOf', palette);\n});\ncy.get('#board-size').then(function (palette) {\n  cy.get('#pixel-board').should('be.belowOf', palette);\n});",
              "err": {
                "message": "CypressError: Timed out retrying: Expected to find element: '#board-size', but never found it.",
                "estack": "CypressError: Timed out retrying: Expected to find element: '#board-size', but never found it.\n    at cypressErr (http://localhost:35965/__cypress/runner/cypress_runner.js:149934:9)\n    at throwErr (http://localhost:35965/__cypress/runner/cypress_runner.js:149867:11)\n    at Object.throwErrByPath (http://localhost:35965/__cypress/runner/cypress_runner.js:149915:3)\n    at retry (http://localhost:35965/__cypress/runner/cypress_runner.js:144197:19)\n    at onFailFn (http://localhost:35965/__cypress/runner/cypress_runner.js:132448:16)\n    at tryCatcher (http://localhost:35965/__cypress/runner/cypress_runner.js:167415:23)\n    at Promise._settlePromiseFromHandler (http://localhost:35965/__cypress/runner/cypress_runner.js:165351:31)\n    at Promise._settlePromise (http://localhost:35965/__cypress/runner/cypress_runner.js:165408:18)\n    at Promise._settlePromise0 (http://localhost:35965/__cypress/runner/cypress_runner.js:165453:10)\n    at Promise._settlePromises (http://localhost:35965/__cypress/runner/cypress_runner.js:165528:18)\n    at Async../node_modules/bluebird/js/release/async.js.Async._drainQueue (http://localhost:35965/__cypress/runner/cypress_runner.js:162140:16)\n    at Async../node_modules/bluebird/js/release/async.js.Async._drainQueues (http://localhost:35965/__cypress/runner/cypress_runner.js:162150:10)\n    at Async.drainQueues (http://localhost:35965/__cypress/runner/cypress_runner.js:162024:14)",
                "diff": null
              },
              "uuid": "a2278679-36db-458f-a93e-87e39ecaaa73",
              "parentUUID": "12b97e05-bc1e-4947-8044-95d89b3fdd7a",
              "isHook": false,
              "skipped": false
            },
            {
              "title": "Verifica se o botão está posicionado ao lado do input",
              "fullTitle": "10 - Faça o quadro de pixels ter seu tamanho definido pelo usuário. Verifica se o botão está posicionado ao lado do input",
              "timedOut": null,
              "duration": 4373,
              "state": "failed",
              "speed": null,
              "pass": false,
              "fail": true,
              "pending": false,
              "context": null,
              "code": "cy.get('#board-size').then(function (board) {\n  cy.get('#generate-board').should('be.onTheRightOf', board);\n});",
              "err": {
                "message": "CypressError: Timed out retrying: Expected to find element: '#board-size', but never found it.",
                "estack": "CypressError: Timed out retrying: Expected to find element: '#board-size', but never found it.\n    at cypressErr (http://localhost:35965/__cypress/runner/cypress_runner.js:149934:9)\n    at throwErr (http://localhost:35965/__cypress/runner/cypress_runner.js:149867:11)\n    at Object.throwErrByPath (http://localhost:35965/__cypress/runner/cypress_runner.js:149915:3)\n    at retry (http://localhost:35965/__cypress/runner/cypress_runner.js:144197:19)\n    at onFailFn (http://localhost:35965/__cypress/runner/cypress_runner.js:132448:16)\n    at tryCatcher (http://localhost:35965/__cypress/runner/cypress_runner.js:167415:23)\n    at Promise._settlePromiseFromHandler (http://localhost:35965/__cypress/runner/cypress_runner.js:165351:31)\n    at Promise._settlePromise (http://localhost:35965/__cypress/runner/cypress_runner.js:165408:18)\n    at Promise._settlePromise0 (http://localhost:35965/__cypress/runner/cypress_runner.js:165453:10)\n    at Promise._settlePromises (http://localhost:35965/__cypress/runner/cypress_runner.js:165528:18)\n    at Async../node_modules/bluebird/js/release/async.js.Async._drainQueue (http://localhost:35965/__cypress/runner/cypress_runner.js:162140:16)\n    at Async../node_modules/bluebird/js/release/async.js.Async._drainQueues (http://localhost:35965/__cypress/runner/cypress_runner.js:162150:10)\n    at Async.drainQueues (http://localhost:35965/__cypress/runner/cypress_runner.js:162024:14)",
                "diff": null
              },
              "uuid": "b893c30e-ad70-449a-9051-4188ddfbcdbf",
              "parentUUID": "12b97e05-bc1e-4947-8044-95d89b3fdd7a",
              "isHook": false,
              "skipped": false
            },
            {
              "title": "Verifica se nenhum valor for colocado no input ao clicar no botão, um `alert` é exibido com o texto: 'Board inválido!'",
              "fullTitle": "10 - Faça o quadro de pixels ter seu tamanho definido pelo usuário. Verifica se nenhum valor for colocado no input ao clicar no botão, um `alert` é exibido com o texto: 'Board inválido!'",
              "timedOut": null,
              "duration": 4444,
              "state": "failed",
              "speed": null,
              "pass": false,
              "fail": true,
              "pending": false,
              "context": null,
              "code": "var alerted = false;\ncy.on('window:alert', function (msg) {\n  return alerted = msg;\n});\ncy.get('#generate-board').click().then(function () {\n  return expect(alerted).to.match(/Board inválido!/i);\n});",
              "err": {
                "message": "CypressError: Timed out retrying: Expected to find element: '#generate-board', but never found it.",
                "estack": "CypressError: Timed out retrying: Expected to find element: '#generate-board', but never found it.\n    at cypressErr (http://localhost:35965/__cypress/runner/cypress_runner.js:149934:9)\n    at throwErr (http://localhost:35965/__cypress/runner/cypress_runner.js:149867:11)\n    at Object.throwErrByPath (http://localhost:35965/__cypress/runner/cypress_runner.js:149915:3)\n    at retry (http://localhost:35965/__cypress/runner/cypress_runner.js:144197:19)\n    at onFailFn (http://localhost:35965/__cypress/runner/cypress_runner.js:132448:16)\n    at tryCatcher (http://localhost:35965/__cypress/runner/cypress_runner.js:167415:23)\n    at Promise._settlePromiseFromHandler (http://localhost:35965/__cypress/runner/cypress_runner.js:165351:31)\n    at Promise._settlePromise (http://localhost:35965/__cypress/runner/cypress_runner.js:165408:18)\n    at Promise._settlePromise0 (http://localhost:35965/__cypress/runner/cypress_runner.js:165453:10)\n    at Promise._settlePromises (http://localhost:35965/__cypress/runner/cypress_runner.js:165528:18)\n    at Async../node_modules/bluebird/js/release/async.js.Async._drainQueue (http://localhost:35965/__cypress/runner/cypress_runner.js:162140:16)\n    at Async../node_modules/bluebird/js/release/async.js.Async._drainQueues (http://localhost:35965/__cypress/runner/cypress_runner.js:162150:10)\n    at Async.drainQueues (http://localhost:35965/__cypress/runner/cypress_runner.js:162024:14)",
                "diff": null
              },
              "uuid": "0286fba7-d390-42fe-a04f-58a3c3262a93",
              "parentUUID": "12b97e05-bc1e-4947-8044-95d89b3fdd7a",
              "isHook": false,
              "skipped": false
            },
            {
              "title": "Verifica se ao clicar no botão com um valor preenchido, o tamanho do board muda.",
              "fullTitle": "10 - Faça o quadro de pixels ter seu tamanho definido pelo usuário. Verifica se ao clicar no botão com um valor preenchido, o tamanho do board muda.",
              "timedOut": null,
              "duration": 4403,
              "state": "failed",
              "speed": null,
              "pass": false,
              "fail": true,
              "pending": false,
              "context": null,
              "code": "cy.get('#board-size').clear().type(10);\ncy.get('#generate-board').click();\ncy.get('.pixel').should('have.length', 100);",
              "err": {
                "message": "CypressError: Timed out retrying: Expected to find element: '#board-size', but never found it.",
                "estack": "CypressError: Timed out retrying: Expected to find element: '#board-size', but never found it.\n    at cypressErr (http://localhost:35965/__cypress/runner/cypress_runner.js:149934:9)\n    at throwErr (http://localhost:35965/__cypress/runner/cypress_runner.js:149867:11)\n    at Object.throwErrByPath (http://localhost:35965/__cypress/runner/cypress_runner.js:149915:3)\n    at retry (http://localhost:35965/__cypress/runner/cypress_runner.js:144197:19)\n    at onFailFn (http://localhost:35965/__cypress/runner/cypress_runner.js:132448:16)\n    at tryCatcher (http://localhost:35965/__cypress/runner/cypress_runner.js:167415:23)\n    at Promise._settlePromiseFromHandler (http://localhost:35965/__cypress/runner/cypress_runner.js:165351:31)\n    at Promise._settlePromise (http://localhost:35965/__cypress/runner/cypress_runner.js:165408:18)\n    at Promise._settlePromise0 (http://localhost:35965/__cypress/runner/cypress_runner.js:165453:10)\n    at Promise._settlePromises (http://localhost:35965/__cypress/runner/cypress_runner.js:165528:18)\n    at Async../node_modules/bluebird/js/release/async.js.Async._drainQueue (http://localhost:35965/__cypress/runner/cypress_runner.js:162140:16)\n    at Async../node_modules/bluebird/js/release/async.js.Async._drainQueues (http://localhost:35965/__cypress/runner/cypress_runner.js:162150:10)\n    at Async.drainQueues (http://localhost:35965/__cypress/runner/cypress_runner.js:162024:14)",
                "diff": null
              },
              "uuid": "823a5913-32cd-46a8-b492-ce96fb9638cb",
              "parentUUID": "12b97e05-bc1e-4947-8044-95d89b3fdd7a",
              "isHook": false,
              "skipped": false
            },
            {
              "title": "Verifica se o novo quadro tem todos os pixels preenchidos com a cor branca",
              "fullTitle": "10 - Faça o quadro de pixels ter seu tamanho definido pelo usuário. Verifica se o novo quadro tem todos os pixels preenchidos com a cor branca",
              "timedOut": null,
              "duration": 4412,
              "state": "failed",
              "speed": null,
              "pass": false,
              "fail": true,
              "pending": false,
              "context": null,
              "code": "cy.get('#board-size').clear().type(6);\ncy.get('#generate-board').click();\ncy.get('.pixel').should('have.length', 36).each(function (pixel) {\n  expect(pixel).to.have.css('background-color', WHITE);\n});",
              "err": {
                "message": "CypressError: Timed out retrying: Expected to find element: '#board-size', but never found it.",
                "estack": "CypressError: Timed out retrying: Expected to find element: '#board-size', but never found it.\n    at cypressErr (http://localhost:35965/__cypress/runner/cypress_runner.js:149934:9)\n    at throwErr (http://localhost:35965/__cypress/runner/cypress_runner.js:149867:11)\n    at Object.throwErrByPath (http://localhost:35965/__cypress/runner/cypress_runner.js:149915:3)\n    at retry (http://localhost:35965/__cypress/runner/cypress_runner.js:144197:19)\n    at onFailFn (http://localhost:35965/__cypress/runner/cypress_runner.js:132448:16)\n    at tryCatcher (http://localhost:35965/__cypress/runner/cypress_runner.js:167415:23)\n    at Promise._settlePromiseFromHandler (http://localhost:35965/__cypress/runner/cypress_runner.js:165351:31)\n    at Promise._settlePromise (http://localhost:35965/__cypress/runner/cypress_runner.js:165408:18)\n    at Promise._settlePromise0 (http://localhost:35965/__cypress/runner/cypress_runner.js:165453:10)\n    at Promise._settlePromises (http://localhost:35965/__cypress/runner/cypress_runner.js:165528:18)\n    at Async../node_modules/bluebird/js/release/async.js.Async._drainQueue (http://localhost:35965/__cypress/runner/cypress_runner.js:162140:16)\n    at Async../node_modules/bluebird/js/release/async.js.Async._drainQueues (http://localhost:35965/__cypress/runner/cypress_runner.js:162150:10)\n    at Async.drainQueues (http://localhost:35965/__cypress/runner/cypress_runner.js:162024:14)",
                "diff": null
              },
              "uuid": "f78f42fa-02d7-4559-8c07-d415e2a732b1",
              "parentUUID": "12b97e05-bc1e-4947-8044-95d89b3fdd7a",
              "isHook": false,
              "skipped": false
            }
          ],
          "suites": [],
          "passes": [],
          "failures": [
            "d7fd8979-0563-400f-918a-bf33f336cc5c",
            "6268d676-6a98-458f-b9df-6a86738b3c92",
            "8bec7d76-9684-42a6-bfca-de23bdc6213c",
            "10d1c8ec-9be0-4ec0-bae9-974be8c55346",
            "a2278679-36db-458f-a93e-87e39ecaaa73",
            "b893c30e-ad70-449a-9051-4188ddfbcdbf",
            "0286fba7-d390-42fe-a04f-58a3c3262a93",
            "823a5913-32cd-46a8-b492-ce96fb9638cb",
            "f78f42fa-02d7-4559-8c07-d415e2a732b1"
          ],
          "pending": [],
          "skipped": [],
          "duration": 39229,
          "root": false,
          "rootEmpty": false,
          "_timeout": 2000
        },
        {
          "uuid": "ef0f13b4-16f8-4283-8c1c-31ebad0c36cf",
          "title": "11 - Limite o tamanho mínimo e máximo do board.",
          "fullFile": "",
          "file": "",
          "beforeHooks": [],
          "afterHooks": [],
          "tests": [
            {
              "title": "Verifica se a altura máxima do board é 50",
              "fullTitle": "11 - Limite o tamanho mínimo e máximo do board. Verifica se a altura máxima do board é 50",
              "timedOut": null,
              "duration": 4353,
              "state": "failed",
              "speed": null,
              "pass": false,
              "fail": true,
              "pending": false,
              "context": null,
              "code": "cy.get('#board-size').clear().type(50);\ncy.get('#generate-board').click();\ncy.get('.pixel').should('have.length', 2500);",
              "err": {
                "message": "CypressError: Timed out retrying: Expected to find element: '#board-size', but never found it.",
                "estack": "CypressError: Timed out retrying: Expected to find element: '#board-size', but never found it.\n    at cypressErr (http://localhost:35965/__cypress/runner/cypress_runner.js:149934:9)\n    at throwErr (http://localhost:35965/__cypress/runner/cypress_runner.js:149867:11)\n    at Object.throwErrByPath (http://localhost:35965/__cypress/runner/cypress_runner.js:149915:3)\n    at retry (http://localhost:35965/__cypress/runner/cypress_runner.js:144197:19)\n    at onFailFn (http://localhost:35965/__cypress/runner/cypress_runner.js:132448:16)\n    at tryCatcher (http://localhost:35965/__cypress/runner/cypress_runner.js:167415:23)\n    at Promise._settlePromiseFromHandler (http://localhost:35965/__cypress/runner/cypress_runner.js:165351:31)\n    at Promise._settlePromise (http://localhost:35965/__cypress/runner/cypress_runner.js:165408:18)\n    at Promise._settlePromise0 (http://localhost:35965/__cypress/runner/cypress_runner.js:165453:10)\n    at Promise._settlePromises (http://localhost:35965/__cypress/runner/cypress_runner.js:165528:18)\n    at Async../node_modules/bluebird/js/release/async.js.Async._drainQueue (http://localhost:35965/__cypress/runner/cypress_runner.js:162140:16)\n    at Async../node_modules/bluebird/js/release/async.js.Async._drainQueues (http://localhost:35965/__cypress/runner/cypress_runner.js:162150:10)\n    at Async.drainQueues (http://localhost:35965/__cypress/runner/cypress_runner.js:162024:14)",
                "diff": null
              },
              "uuid": "ada2f2f6-a696-46bc-beb2-6aedad0e15d1",
              "parentUUID": "ef0f13b4-16f8-4283-8c1c-31ebad0c36cf",
              "isHook": false,
              "skipped": false
            },
            {
              "title": "Verifica se a altura do board é 5 quando um valor menor é colocado no input",
              "fullTitle": "11 - Limite o tamanho mínimo e máximo do board. Verifica se a altura do board é 5 quando um valor menor é colocado no input",
              "timedOut": null,
              "duration": 4351,
              "state": "failed",
              "speed": null,
              "pass": false,
              "fail": true,
              "pending": false,
              "context": null,
              "code": "cy.get('#board-size').clear().type(4);\ncy.get('#generate-board').click();\ncy.get('.pixel').should('have.length', 25);",
              "err": {
                "message": "CypressError: Timed out retrying: Expected to find element: '#board-size', but never found it.",
                "estack": "CypressError: Timed out retrying: Expected to find element: '#board-size', but never found it.\n    at cypressErr (http://localhost:35965/__cypress/runner/cypress_runner.js:149934:9)\n    at throwErr (http://localhost:35965/__cypress/runner/cypress_runner.js:149867:11)\n    at Object.throwErrByPath (http://localhost:35965/__cypress/runner/cypress_runner.js:149915:3)\n    at retry (http://localhost:35965/__cypress/runner/cypress_runner.js:144197:19)\n    at onFailFn (http://localhost:35965/__cypress/runner/cypress_runner.js:132448:16)\n    at tryCatcher (http://localhost:35965/__cypress/runner/cypress_runner.js:167415:23)\n    at Promise._settlePromiseFromHandler (http://localhost:35965/__cypress/runner/cypress_runner.js:165351:31)\n    at Promise._settlePromise (http://localhost:35965/__cypress/runner/cypress_runner.js:165408:18)\n    at Promise._settlePromise0 (http://localhost:35965/__cypress/runner/cypress_runner.js:165453:10)\n    at Promise._settlePromises (http://localhost:35965/__cypress/runner/cypress_runner.js:165528:18)\n    at Async../node_modules/bluebird/js/release/async.js.Async._drainQueue (http://localhost:35965/__cypress/runner/cypress_runner.js:162140:16)\n    at Async../node_modules/bluebird/js/release/async.js.Async._drainQueues (http://localhost:35965/__cypress/runner/cypress_runner.js:162150:10)\n    at Async.drainQueues (http://localhost:35965/__cypress/runner/cypress_runner.js:162024:14)",
                "diff": null
              },
              "uuid": "f8c90881-86d4-4185-a9f1-1f03e5f39b26",
              "parentUUID": "ef0f13b4-16f8-4283-8c1c-31ebad0c36cf",
              "isHook": false,
              "skipped": false
            },
            {
              "title": "Verifica se a altura do board é 50 quando um valor maior é colocado no input",
              "fullTitle": "11 - Limite o tamanho mínimo e máximo do board. Verifica se a altura do board é 50 quando um valor maior é colocado no input",
              "timedOut": null,
              "duration": 4313,
              "state": "failed",
              "speed": null,
              "pass": false,
              "fail": true,
              "pending": false,
              "context": null,
              "code": "cy.get('#board-size').clear().type(51);\ncy.get('#generate-board').click();\ncy.get('.pixel').should('have.length', 2500);",
              "err": {
                "message": "CypressError: Timed out retrying: Expected to find element: '#board-size', but never found it.",
                "estack": "CypressError: Timed out retrying: Expected to find element: '#board-size', but never found it.\n    at cypressErr (http://localhost:35965/__cypress/runner/cypress_runner.js:149934:9)\n    at throwErr (http://localhost:35965/__cypress/runner/cypress_runner.js:149867:11)\n    at Object.throwErrByPath (http://localhost:35965/__cypress/runner/cypress_runner.js:149915:3)\n    at retry (http://localhost:35965/__cypress/runner/cypress_runner.js:144197:19)\n    at onFailFn (http://localhost:35965/__cypress/runner/cypress_runner.js:132448:16)\n    at tryCatcher (http://localhost:35965/__cypress/runner/cypress_runner.js:167415:23)\n    at Promise._settlePromiseFromHandler (http://localhost:35965/__cypress/runner/cypress_runner.js:165351:31)\n    at Promise._settlePromise (http://localhost:35965/__cypress/runner/cypress_runner.js:165408:18)\n    at Promise._settlePromise0 (http://localhost:35965/__cypress/runner/cypress_runner.js:165453:10)\n    at Promise._settlePromises (http://localhost:35965/__cypress/runner/cypress_runner.js:165528:18)\n    at Async../node_modules/bluebird/js/release/async.js.Async._drainQueue (http://localhost:35965/__cypress/runner/cypress_runner.js:162140:16)\n    at Async../node_modules/bluebird/js/release/async.js.Async._drainQueues (http://localhost:35965/__cypress/runner/cypress_runner.js:162150:10)\n    at Async.drainQueues (http://localhost:35965/__cypress/runner/cypress_runner.js:162024:14)",
                "diff": null
              },
              "uuid": "c21be94c-b959-48e7-927f-f9119d655e65",
              "parentUUID": "ef0f13b4-16f8-4283-8c1c-31ebad0c36cf",
              "isHook": false,
              "skipped": false
            }
          ],
          "suites": [],
          "passes": [],
          "failures": [
            "ada2f2f6-a696-46bc-beb2-6aedad0e15d1",
            "f8c90881-86d4-4185-a9f1-1f03e5f39b26",
            "c21be94c-b959-48e7-927f-f9119d655e65"
          ],
          "pending": [],
          "skipped": [],
          "duration": 13017,
          "root": false,
          "rootEmpty": false,
          "_timeout": 2000
        },
        {
          "uuid": "301228e2-a2c0-4a4a-af36-9a48632968d9",
          "title": "12 - Faça com que as cores da paleta sejam geradas aleatoriamente ao carregar a página.",
          "fullFile": "",
          "file": "",
          "beforeHooks": [],
          "afterHooks": [],
          "tests": [
            {
              "title": "Verifica se as cores geradas na paleta são diferentes a cada carregamento da página",
              "fullTitle": "12 - Faça com que as cores da paleta sejam geradas aleatoriamente ao carregar a página. Verifica se as cores geradas na paleta são diferentes a cada carregamento da página",
              "timedOut": null,
              "duration": 464,
              "state": "failed",
              "speed": null,
              "pass": false,
              "fail": true,
              "pending": false,
              "context": null,
              "code": "cy.get('.color').then(function (colors) {\n  var currentColors;\n  var previousColors;\n  previousColors = Array.from(colors).map(function (color) {\n    return Cypress.$(color).css('background-color');\n  });\n  for (var i = 0; i < 5; i += 1) {\n    cy.reload();\n    cy.get('.color').then(function (colors) {\n      currentColors = Array.from(colors).map(function (color) {\n        return Cypress.$(color).css('background-color');\n      });\n      expect(currentColors).not.to.deep.equal(previousColors);\n      previousColors = currentColors;\n    });\n  }\n});",
              "err": {
                "message": "AssertionError: expected [ Array(4) ] to not deeply equal [ Array(4) ]",
                "estack": "AssertionError: expected [ Array(4) ] to not deeply equal [ Array(4) ]\n    at getRet (http://localhost:35965/__cypress/runner/cypress_runner.js:136585:16)\n    at tryCatcher (http://localhost:35965/__cypress/runner/cypress_runner.js:167415:23)\n    at Function.Promise.attempt.Promise.try (http://localhost:35965/__cypress/runner/cypress_runner.js:164690:29)\n    at Context.thenFn (http://localhost:35965/__cypress/runner/cypress_runner.js:136599:23)\n    at Context.then (http://localhost:35965/__cypress/runner/cypress_runner.js:136971:21)\n    at Context.<anonymous> (http://localhost:35965/__cypress/runner/cypress_runner.js:148875:21)\n    at http://localhost:35965/__cypress/runner/cypress_runner.js:148351:33\n    at tryCatcher (http://localhost:35965/__cypress/runner/cypress_runner.js:167415:23)\n    at Promise._settlePromiseFromHandler (http://localhost:35965/__cypress/runner/cypress_runner.js:165351:31)\n    at Promise._settlePromise (http://localhost:35965/__cypress/runner/cypress_runner.js:165408:18)\n    at Promise._settlePromiseCtx (http://localhost:35965/__cypress/runner/cypress_runner.js:165445:10)\n    at Async../node_modules/bluebird/js/release/async.js.Async._drainQueue (http://localhost:35965/__cypress/runner/cypress_runner.js:162145:12)\n    at Async../node_modules/bluebird/js/release/async.js.Async._drainQueues (http://localhost:35965/__cypress/runner/cypress_runner.js:162150:10)\n    at Async.drainQueues (http://localhost:35965/__cypress/runner/cypress_runner.js:162024:14)",
                "diff": ""
              },
              "uuid": "c5279a61-39de-4f6f-8f3c-e89745905404",
              "parentUUID": "301228e2-a2c0-4a4a-af36-9a48632968d9",
              "isHook": false,
              "skipped": false
            },
            {
              "title": "Verifica se a cor preta ainda está presente e é a primeira na sua paleta de cores",
              "fullTitle": "12 - Faça com que as cores da paleta sejam geradas aleatoriamente ao carregar a página. Verifica se a cor preta ainda está presente e é a primeira na sua paleta de cores",
              "timedOut": null,
              "duration": 421,
              "state": "failed",
              "speed": null,
              "pass": false,
              "fail": true,
              "pending": false,
              "context": null,
              "code": "cy.get('.color').then(function (colors) {\n  var currentColors;\n  var previousColors;\n  previousColors = Array.from(colors).map(function (color) {\n    return Cypress.$(color).css('background-color');\n  });\n  expect(previousColors[0]).to.eq(BLACK);\n  for (var i = 0; i < 5; i += 1) {\n    cy.reload();\n    cy.get('.color').then(function (colors) {\n      currentColors = Array.from(colors).map(function (color) {\n        return Cypress.$(color).css('background-color');\n      });\n      expect(currentColors[0]).to.eq(BLACK);\n      expect(currentColors).not.to.deep.equal(previousColors);\n      previousColors = currentColors;\n    });\n  }\n});",
              "err": {
                "message": "AssertionError: expected [ Array(4) ] to not deeply equal [ Array(4) ]",
                "estack": "AssertionError: expected [ Array(4) ] to not deeply equal [ Array(4) ]\n    at getRet (http://localhost:35965/__cypress/runner/cypress_runner.js:136585:16)\n    at tryCatcher (http://localhost:35965/__cypress/runner/cypress_runner.js:167415:23)\n    at Function.Promise.attempt.Promise.try (http://localhost:35965/__cypress/runner/cypress_runner.js:164690:29)\n    at Context.thenFn (http://localhost:35965/__cypress/runner/cypress_runner.js:136599:23)\n    at Context.then (http://localhost:35965/__cypress/runner/cypress_runner.js:136971:21)\n    at Context.<anonymous> (http://localhost:35965/__cypress/runner/cypress_runner.js:148875:21)\n    at http://localhost:35965/__cypress/runner/cypress_runner.js:148351:33\n    at tryCatcher (http://localhost:35965/__cypress/runner/cypress_runner.js:167415:23)\n    at Promise._settlePromiseFromHandler (http://localhost:35965/__cypress/runner/cypress_runner.js:165351:31)\n    at Promise._settlePromise (http://localhost:35965/__cypress/runner/cypress_runner.js:165408:18)\n    at Promise._settlePromiseCtx (http://localhost:35965/__cypress/runner/cypress_runner.js:165445:10)\n    at Async../node_modules/bluebird/js/release/async.js.Async._drainQueue (http://localhost:35965/__cypress/runner/cypress_runner.js:162145:12)\n    at Async../node_modules/bluebird/js/release/async.js.Async._drainQueues (http://localhost:35965/__cypress/runner/cypress_runner.js:162150:10)\n    at Async.drainQueues (http://localhost:35965/__cypress/runner/cypress_runner.js:162024:14)",
                "diff": ""
              },
              "uuid": "ebe7d37f-999f-45fa-a30f-c11af2a48390",
              "parentUUID": "301228e2-a2c0-4a4a-af36-9a48632968d9",
              "isHook": false,
              "skipped": false
            }
          ],
          "suites": [],
          "passes": [],
          "failures": [
            "c5279a61-39de-4f6f-8f3c-e89745905404",
            "ebe7d37f-999f-45fa-a30f-c11af2a48390"
          ],
          "pending": [],
          "skipped": [],
          "duration": 885,
          "root": false,
          "rootEmpty": false,
          "_timeout": 2000
        }
      ],
      "passes": [],
      "failures": [],
      "pending": [],
      "skipped": [],
      "duration": 0,
      "root": true,
      "rootEmpty": true,
      "_timeout": 2000
    }
  ],
  "meta": {
    "mocha": {
      "version": "7.0.1"
    },
    "mochawesome": {
      "options": {
        "quiet": false,
        "reportFilename": "mochawesome",
        "saveHtml": false,
        "saveJson": true,
        "consoleReporter": "spec",
        "useInlineDiffs": false
      },
      "version": "4.1.0"
    },
    "marge": {
      "options": {
        "id": "default",
        "reportDir": "cypress/reports",
        "overwrite": true,
        "html": false,
        "json": true
      },
      "version": "4.1.0"
    }
  }
}