{
  "stats": {
    "suites": 12,
    "tests": 41,
    "passes": 27,
    "pending": 0,
    "failures": 14,
    "start": "2021-07-09T19:10:12.231Z",
    "end": "2021-07-09T19:11:47.775Z",
    "duration": 95544,
    "testsRegistered": 41,
    "passPercent": 65.85365853658537,
    "pendingPercent": 0,
    "other": 0,
    "hasOther": false,
    "skipped": 0,
    "hasSkipped": false
  },
  "results": [
    {
      "uuid": "d35ed944-9143-45b3-83d6-9e81c0aec277",
      "title": "",
      "fullFile": "cypress/integration/project.spec.js",
      "file": "cypress/integration/project.spec.js",
      "beforeHooks": [],
      "afterHooks": [],
      "tests": [],
      "suites": [
        {
          "uuid": "ebeec702-8833-482b-bc38-78c06b9b776f",
          "title": "1 - Adicione à página o título \"Paleta de Cores\".",
          "fullFile": "",
          "file": "",
          "beforeHooks": [],
          "afterHooks": [],
          "tests": [
            {
              "title": "Verifica se contém um elemento `h1` com o id `title` com o título correto",
              "fullTitle": "1 - Adicione à página o título \"Paleta de Cores\". Verifica se contém um elemento `h1` com o id `title` com o título correto",
              "timedOut": null,
              "duration": 2790,
              "state": "passed",
              "speed": "slow",
              "pass": true,
              "fail": false,
              "pending": false,
              "context": null,
              "code": "cy.get('h1#title').should('contain.text', 'Paleta de Cores');",
              "err": {},
              "uuid": "01783466-a57b-4473-a05d-10ebb4cf2f39",
              "parentUUID": "ebeec702-8833-482b-bc38-78c06b9b776f",
              "isHook": false,
              "skipped": false
            }
          ],
          "suites": [],
          "passes": [
            "01783466-a57b-4473-a05d-10ebb4cf2f39"
          ],
          "failures": [],
          "pending": [],
          "skipped": [],
          "duration": 2790,
          "root": false,
          "rootEmpty": false,
          "_timeout": 2000
        },
        {
          "uuid": "834f48f3-0e3a-48d1-8cf3-4fc656fc0d66",
          "title": "2 - Adicione à página uma paleta de quatro cores distintas.",
          "fullFile": "",
          "file": "",
          "beforeHooks": [],
          "afterHooks": [],
          "tests": [
            {
              "title": "A paleta de cores deve ser um elemento com `id` denominado `color-palette`",
              "fullTitle": "2 - Adicione à página uma paleta de quatro cores distintas. A paleta de cores deve ser um elemento com `id` denominado `color-palette`",
              "timedOut": null,
              "duration": 239,
              "state": "passed",
              "speed": "slow",
              "pass": true,
              "fail": false,
              "pending": false,
              "context": null,
              "code": "cy.get('#color-palette').should('be.visible');",
              "err": {},
              "uuid": "b41303d4-85a0-466f-9768-ee14d100d630",
              "parentUUID": "834f48f3-0e3a-48d1-8cf3-4fc656fc0d66",
              "isHook": false,
              "skipped": false
            },
            {
              "title": "Verifica se cada cor individual da paleta de cores possui a `classe` chamada `color`.",
              "fullTitle": "2 - Adicione à página uma paleta de quatro cores distintas. Verifica se cada cor individual da paleta de cores possui a `classe` chamada `color`.",
              "timedOut": null,
              "duration": 238,
              "state": "passed",
              "speed": "slow",
              "pass": true,
              "fail": false,
              "pending": false,
              "context": null,
              "code": "cy.get('.color').should('have.length', 4).then(function (colors) {\n  for (var i = 0; i < colors.length; i++) {\n    cy.wrap(colors[i]).should('be.visible');\n  }\n});",
              "err": {},
              "uuid": "a008c1d0-ca53-4338-aef6-9c319d025797",
              "parentUUID": "834f48f3-0e3a-48d1-8cf3-4fc656fc0d66",
              "isHook": false,
              "skipped": false
            },
            {
              "title": "Verifica se a cor de fundo de cada elemento da paleta é a cor que o elemento representa. **A única cor não permitida na paleta é a cor branca.**",
              "fullTitle": "2 - Adicione à página uma paleta de quatro cores distintas. Verifica se a cor de fundo de cada elemento da paleta é a cor que o elemento representa. **A única cor não permitida na paleta é a cor branca.**",
              "timedOut": null,
              "duration": 244,
              "state": "passed",
              "speed": "slow",
              "pass": true,
              "fail": false,
              "pending": false,
              "context": null,
              "code": "cy.get('.color').each(function (color) {\n  cy.wrap(color).should('have.class', 'color').and('not.have.css', 'background-color', WHITE);\n  cy.wrap(color).should('have.css', 'background-color');\n});",
              "err": {},
              "uuid": "ed6c9221-61bf-4796-b36c-6794a839d3ca",
              "parentUUID": "834f48f3-0e3a-48d1-8cf3-4fc656fc0d66",
              "isHook": false,
              "skipped": false
            },
            {
              "title": "Verifica se cada elemento da paleta de cores tem uma borda preta, sólida e com 1 pixel de largura;",
              "fullTitle": "2 - Adicione à página uma paleta de quatro cores distintas. Verifica se cada elemento da paleta de cores tem uma borda preta, sólida e com 1 pixel de largura;",
              "timedOut": null,
              "duration": 218,
              "state": "passed",
              "speed": "slow",
              "pass": true,
              "fail": false,
              "pending": false,
              "context": null,
              "code": "cy.get('.color').each(function (color) {\n  cy.wrap(color).and('have.css', 'border', \"1px solid \".concat(BLACK)).and('have.class', 'color');\n});",
              "err": {},
              "uuid": "73540058-7191-412b-8dbe-0af6f8b48176",
              "parentUUID": "834f48f3-0e3a-48d1-8cf3-4fc656fc0d66",
              "isHook": false,
              "skipped": false
            },
            {
              "title": "Verifica se a paleta lista todas as cores disponíveis para utilização, lado a lado.",
              "fullTitle": "2 - Adicione à página uma paleta de quatro cores distintas. Verifica se a paleta lista todas as cores disponíveis para utilização, lado a lado.",
              "timedOut": null,
              "duration": 221,
              "state": "passed",
              "speed": "slow",
              "pass": true,
              "fail": false,
              "pending": false,
              "context": null,
              "code": "cy.get('.color').then(function (colors) {\n  for (var index = 1; index < colors.length; index += 1) {\n    var currentColor = colors[index];\n    var previousColor = colors[index - 1];\n    cy.wrap(currentColor).should('be.onTheRightOf', previousColor).and('be.horizontallyAlignedWith', previousColor);\n  }\n});",
              "err": {},
              "uuid": "6eee80cf-f7fc-4cee-8145-03db22259653",
              "parentUUID": "834f48f3-0e3a-48d1-8cf3-4fc656fc0d66",
              "isHook": false,
              "skipped": false
            },
            {
              "title": "Verifica se a paleta de cores está posicionada abaixo do título 'Paleta de Cores'",
              "fullTitle": "2 - Adicione à página uma paleta de quatro cores distintas. Verifica se a paleta de cores está posicionada abaixo do título 'Paleta de Cores'",
              "timedOut": null,
              "duration": 199,
              "state": "passed",
              "speed": "slow",
              "pass": true,
              "fail": false,
              "pending": false,
              "context": null,
              "code": "cy.get('h1#title').then(function (title) {\n  cy.get('#color-palette').should('be.belowOf', title);\n});",
              "err": {},
              "uuid": "c2bedfaa-29f0-4406-92ec-e396444076ba",
              "parentUUID": "834f48f3-0e3a-48d1-8cf3-4fc656fc0d66",
              "isHook": false,
              "skipped": false
            },
            {
              "title": "Verifica se a paleta de cores não contém cores repetidas.",
              "fullTitle": "2 - Adicione à página uma paleta de quatro cores distintas. Verifica se a paleta de cores não contém cores repetidas.",
              "timedOut": null,
              "duration": 125,
              "state": "passed",
              "speed": "slow",
              "pass": true,
              "fail": false,
              "pending": false,
              "context": null,
              "code": "cy.get('.color').then(function (colors) {\n  var allColors = Array.from(colors).map(function (color) {\n    return Cypress.$(color).css('background-color');\n  });\n  cy.log(allColors);\n  var uniqColors = (0, _toConsumableArray2[\"default\"])(new Set(allColors));\n  cy.log(uniqColors);\n  expect(allColors.length).to.eq(uniqColors.length);\n});",
              "err": {},
              "uuid": "61137ef3-4af1-4587-82f6-70bfc0606d3a",
              "parentUUID": "834f48f3-0e3a-48d1-8cf3-4fc656fc0d66",
              "isHook": false,
              "skipped": false
            }
          ],
          "suites": [],
          "passes": [
            "b41303d4-85a0-466f-9768-ee14d100d630",
            "a008c1d0-ca53-4338-aef6-9c319d025797",
            "ed6c9221-61bf-4796-b36c-6794a839d3ca",
            "73540058-7191-412b-8dbe-0af6f8b48176",
            "6eee80cf-f7fc-4cee-8145-03db22259653",
            "c2bedfaa-29f0-4406-92ec-e396444076ba",
            "61137ef3-4af1-4587-82f6-70bfc0606d3a"
          ],
          "failures": [],
          "pending": [],
          "skipped": [],
          "duration": 1484,
          "root": false,
          "rootEmpty": false,
          "_timeout": 2000
        },
        {
          "uuid": "53868cc9-e99e-4f90-a37f-38581dcab0a5",
          "title": "3 - Adicione a cor **preta** como a primeira cor da paleta de cores.",
          "fullFile": "",
          "file": "",
          "beforeHooks": [],
          "afterHooks": [],
          "tests": [
            {
              "title": "Verifica se a primeira cor da paleta é preta",
              "fullTitle": "3 - Adicione a cor **preta** como a primeira cor da paleta de cores. Verifica se a primeira cor da paleta é preta",
              "timedOut": null,
              "duration": 160,
              "state": "passed",
              "speed": "slow",
              "pass": true,
              "fail": false,
              "pending": false,
              "context": null,
              "code": "cy.get('.color').first().should('have.css', 'background-color', BLACK);",
              "err": {},
              "uuid": "b5261408-dee4-4dfa-8127-5e65b01fc575",
              "parentUUID": "53868cc9-e99e-4f90-a37f-38581dcab0a5",
              "isHook": false,
              "skipped": false
            },
            {
              "title": "Verifica se as demais cores podem ser escolhidas livremente.",
              "fullTitle": "3 - Adicione a cor **preta** como a primeira cor da paleta de cores. Verifica se as demais cores podem ser escolhidas livremente.",
              "timedOut": null,
              "duration": 333,
              "state": "passed",
              "speed": "slow",
              "pass": true,
              "fail": false,
              "pending": false,
              "context": null,
              "code": "cy.get('.color').eq(1).should('not.have.css', 'background-color', BLACK);\ncy.get('.color').eq(1).should('not.have.css', 'background-color', WHITE);\ncy.get('.color').eq(1).should('not.have.css', 'background-color', 'rgba(0, 0, 0, 0)');\ncy.get('.color').eq(1).should('have.css', 'background-color');\ncy.get('.color').eq(2).should('not.have.css', 'background-color', BLACK);\ncy.get('.color').eq(2).should('not.have.css', 'background-color', WHITE);\ncy.get('.color').eq(2).should('not.have.css', 'background-color', 'rgba(0, 0, 0, 0)');\ncy.get('.color').eq(2).should('have.css', 'background-color');\ncy.get('.color').eq(3).should('not.have.css', 'background-color', BLACK);\ncy.get('.color').eq(3).should('not.have.css', 'background-color', WHITE);\ncy.get('.color').eq(3).should('not.have.css', 'background-color', 'rgba(0, 0, 0, 0)');\ncy.get('.color').eq(3).should('have.css', 'background-color');",
              "err": {},
              "uuid": "e773e373-e0da-45aa-9df6-00a08e1c1fd7",
              "parentUUID": "53868cc9-e99e-4f90-a37f-38581dcab0a5",
              "isHook": false,
              "skipped": false
            }
          ],
          "suites": [],
          "passes": [
            "b5261408-dee4-4dfa-8127-5e65b01fc575",
            "e773e373-e0da-45aa-9df6-00a08e1c1fd7"
          ],
          "failures": [],
          "pending": [],
          "skipped": [],
          "duration": 493,
          "root": false,
          "rootEmpty": false,
          "_timeout": 2000
        },
        {
          "uuid": "949c9ad8-403d-4953-a126-7f12c93fb354",
          "title": "4 - Adicione à página um quadro de pixels, com 25 pixels.",
          "fullFile": "",
          "file": "",
          "beforeHooks": [],
          "afterHooks": [],
          "tests": [
            {
              "title": "Verifica se o quadro de pixels possui o `id` denominado `pixel-board`",
              "fullTitle": "4 - Adicione à página um quadro de pixels, com 25 pixels. Verifica se o quadro de pixels possui o `id` denominado `pixel-board`",
              "timedOut": null,
              "duration": 209,
              "state": "passed",
              "speed": "slow",
              "pass": true,
              "fail": false,
              "pending": false,
              "context": null,
              "code": "cy.get('#pixel-board').should('be.visible');",
              "err": {},
              "uuid": "c6e294a7-cf1e-4860-b34e-b28d33939e0e",
              "parentUUID": "949c9ad8-403d-4953-a126-7f12c93fb354",
              "isHook": false,
              "skipped": false
            },
            {
              "title": "Verifica se cada pixel individual dentro do quadro possui a `classe` denominada `pixel`.",
              "fullTitle": "4 - Adicione à página um quadro de pixels, com 25 pixels. Verifica se cada pixel individual dentro do quadro possui a `classe` denominada `pixel`.",
              "timedOut": null,
              "duration": 219,
              "state": "passed",
              "speed": "slow",
              "pass": true,
              "fail": false,
              "pending": false,
              "context": null,
              "code": "cy.get('.pixel').should('have.length', 25);",
              "err": {},
              "uuid": "6c156a69-67eb-4f54-afd5-9a5a00eb2727",
              "parentUUID": "949c9ad8-403d-4953-a126-7f12c93fb354",
              "isHook": false,
              "skipped": false
            },
            {
              "title": "Verifica se a cor inicial dos pixels dentro do quadro, ao abrir a página, é branca.",
              "fullTitle": "4 - Adicione à página um quadro de pixels, com 25 pixels. Verifica se a cor inicial dos pixels dentro do quadro, ao abrir a página, é branca.",
              "timedOut": null,
              "duration": 337,
              "state": "passed",
              "speed": "slow",
              "pass": true,
              "fail": false,
              "pending": false,
              "context": null,
              "code": "cy.get('.pixel').should('have.length', 25).each(function (pixel) {\n  expect(pixel).to.have.css('background-color', WHITE);\n});",
              "err": {},
              "uuid": "8f0a91e5-3e7e-4e49-a48d-d06ec4037822",
              "parentUUID": "949c9ad8-403d-4953-a126-7f12c93fb354",
              "isHook": false,
              "skipped": false
            },
            {
              "title": "Verifica se o quadro de pixels aparece abaixo da paleta de cores",
              "fullTitle": "4 - Adicione à página um quadro de pixels, com 25 pixels. Verifica se o quadro de pixels aparece abaixo da paleta de cores",
              "timedOut": null,
              "duration": 279,
              "state": "passed",
              "speed": "slow",
              "pass": true,
              "fail": false,
              "pending": false,
              "context": null,
              "code": "cy.get('#color-palette').then(function (palette) {\n  cy.get('#pixel-board').should('be.belowOf', palette);\n});",
              "err": {},
              "uuid": "fef123d3-4626-4110-b52c-f218c66073ab",
              "parentUUID": "949c9ad8-403d-4953-a126-7f12c93fb354",
              "isHook": false,
              "skipped": false
            }
          ],
          "suites": [],
          "passes": [
            "c6e294a7-cf1e-4860-b34e-b28d33939e0e",
            "6c156a69-67eb-4f54-afd5-9a5a00eb2727",
            "8f0a91e5-3e7e-4e49-a48d-d06ec4037822",
            "fef123d3-4626-4110-b52c-f218c66073ab"
          ],
          "failures": [],
          "pending": [],
          "skipped": [],
          "duration": 1044,
          "root": false,
          "rootEmpty": false,
          "_timeout": 2000
        },
        {
          "uuid": "30d1e959-a8e3-4b40-afaa-77168e363203",
          "title": "5 - Faça com que cada elemento do quadro de pixels possua 40 pixels de largura, 40 pixels de altura e seja delimitado por uma borda preta de 1 pixel.",
          "fullFile": "",
          "file": "",
          "beforeHooks": [],
          "afterHooks": [],
          "tests": [
            {
              "title": "Verifica se o quadro de pixels tem altura e comprimento de 5 elementos",
              "fullTitle": "5 - Faça com que cada elemento do quadro de pixels possua 40 pixels de largura, 40 pixels de altura e seja delimitado por uma borda preta de 1 pixel. Verifica se o quadro de pixels tem altura e comprimento de 5 elementos",
              "timedOut": null,
              "duration": 543,
              "state": "passed",
              "speed": "slow",
              "pass": true,
              "fail": false,
              "pending": false,
              "context": null,
              "code": "cy.get('.pixel').should('have.length', 25).each(function (pixel) {\n  expect(pixel).to.have.css('background-color', WHITE);\n}).and(function (pixels) {\n  var rows = chunk(pixels, 5);\n  rows.forEach(function (row) {\n    for (var index = 1; index < row.length; index += 1) {\n      var current = pixels[index];\n      var previous = pixels[index - 1];\n      cy.wrap(current).should('be.onTheRightOf', previous).and('be.horizontallyAlignedWith', previous);\n    }\n  });\n  for (var index = 1; index < 5; index += 1) {\n    expect(pixels[index * 5]).to.be.belowOf(pixels[(index - 1) * 5]);\n  }\n});",
              "err": {},
              "uuid": "d35b3b51-5160-4655-a39b-aa3b4342e499",
              "parentUUID": "30d1e959-a8e3-4b40-afaa-77168e363203",
              "isHook": false,
              "skipped": false
            },
            {
              "title": "Verifica se 40 pixels é o tamanho total do elemento, incluindo seu conteúdo e excluindo a borda preta, que deve ser criada à parte.",
              "fullTitle": "5 - Faça com que cada elemento do quadro de pixels possua 40 pixels de largura, 40 pixels de altura e seja delimitado por uma borda preta de 1 pixel. Verifica se 40 pixels é o tamanho total do elemento, incluindo seu conteúdo e excluindo a borda preta, que deve ser criada à parte.",
              "timedOut": null,
              "duration": 519,
              "state": "passed",
              "speed": "slow",
              "pass": true,
              "fail": false,
              "pending": false,
              "context": null,
              "code": "cy.get('.pixel').each(function (pixel) {\n  cy.wrap(pixel).should('have.css', 'height', '40px').and('have.css', 'width', '40px').and('have.css', 'border', \"1px solid \".concat(BLACK));\n});",
              "err": {},
              "uuid": "9caccc6d-a65b-46c8-aa02-f2b0941ea909",
              "parentUUID": "30d1e959-a8e3-4b40-afaa-77168e363203",
              "isHook": false,
              "skipped": false
            }
          ],
          "suites": [],
          "passes": [
            "d35b3b51-5160-4655-a39b-aa3b4342e499",
            "9caccc6d-a65b-46c8-aa02-f2b0941ea909"
          ],
          "failures": [],
          "pending": [],
          "skipped": [],
          "duration": 1062,
          "root": false,
          "rootEmpty": false,
          "_timeout": 2000
        },
        {
          "uuid": "1260b6bb-d680-4b26-810f-cbefc22d4e5a",
          "title": "6 - Defina a cor preta como cor inicial. Ao carregar a página a cor preta já deve estar selecionada para pintar os pixels",
          "fullFile": "",
          "file": "",
          "beforeHooks": [],
          "afterHooks": [],
          "tests": [
            {
              "title": "Verifica se o elemento da cor preta possui, inicialmente, a `classe` `selected`",
              "fullTitle": "6 - Defina a cor preta como cor inicial. Ao carregar a página a cor preta já deve estar selecionada para pintar os pixels Verifica se o elemento da cor preta possui, inicialmente, a `classe` `selected`",
              "timedOut": null,
              "duration": 131,
              "state": "passed",
              "speed": "slow",
              "pass": true,
              "fail": false,
              "pending": false,
              "context": null,
              "code": "cy.get('.selected').first().should('have.css', 'background-color', BLACK);",
              "err": {},
              "uuid": "0be08bae-c223-4f96-8915-c638aff10055",
              "parentUUID": "1260b6bb-d680-4b26-810f-cbefc22d4e5a",
              "isHook": false,
              "skipped": false
            },
            {
              "title": "Verifica se nenhuma outra cor da paleta tem a `classe` `selected`",
              "fullTitle": "6 - Defina a cor preta como cor inicial. Ao carregar a página a cor preta já deve estar selecionada para pintar os pixels Verifica se nenhuma outra cor da paleta tem a `classe` `selected`",
              "timedOut": null,
              "duration": 230,
              "state": "passed",
              "speed": "slow",
              "pass": true,
              "fail": false,
              "pending": false,
              "context": null,
              "code": "cy.get('.color:not(:first-child)').each(function (color) {\n  cy.wrap(color).should('not.have.class', 'selected');\n});",
              "err": {},
              "uuid": "8fe33a0e-505f-474d-920d-5a88ce847160",
              "parentUUID": "1260b6bb-d680-4b26-810f-cbefc22d4e5a",
              "isHook": false,
              "skipped": false
            }
          ],
          "suites": [],
          "passes": [
            "0be08bae-c223-4f96-8915-c638aff10055",
            "8fe33a0e-505f-474d-920d-5a88ce847160"
          ],
          "failures": [],
          "pending": [],
          "skipped": [],
          "duration": 361,
          "root": false,
          "rootEmpty": false,
          "_timeout": 2000
        },
        {
          "uuid": "612401b9-3c5d-4bfb-9ea6-270dd44854d6",
          "title": "7 - Clicar em uma das cores da paleta, faz com que ela seja selecionada e utilizada para preencher os pixels no quadro.",
          "fullFile": "",
          "file": "",
          "beforeHooks": [],
          "afterHooks": [],
          "tests": [
            {
              "title": "Verifica se somente uma cor da paleta de cores tem a classe `selected` de cada vez",
              "fullTitle": "7 - Clicar em uma das cores da paleta, faz com que ela seja selecionada e utilizada para preencher os pixels no quadro. Verifica se somente uma cor da paleta de cores tem a classe `selected` de cada vez",
              "timedOut": null,
              "duration": 580,
              "state": "passed",
              "speed": "slow",
              "pass": true,
              "fail": false,
              "pending": false,
              "context": null,
              "code": "cy.get('.color').each(function (selectedColor, selectedColorIndex) {\n  cy.wrap(selectedColor).click();\n  cy.get('.color').each(function (color, colorIndex) {\n    if (colorIndex === selectedColorIndex) {\n      expect(color).to.have[\"class\"]('selected');\n    } else {\n      expect(color).not.to.have[\"class\"]('selected');\n    }\n  });\n});",
              "err": {},
              "uuid": "4285470c-245b-4e7e-a6f4-9239ebd1114f",
              "parentUUID": "612401b9-3c5d-4bfb-9ea6-270dd44854d6",
              "isHook": false,
              "skipped": false
            },
            {
              "title": "Verifica se os pixels dentro do quadro não têm a classe `selected` quando são clicados",
              "fullTitle": "7 - Clicar em uma das cores da paleta, faz com que ela seja selecionada e utilizada para preencher os pixels no quadro. Verifica se os pixels dentro do quadro não têm a classe `selected` quando são clicados",
              "timedOut": null,
              "duration": 9821,
              "state": "passed",
              "speed": "slow",
              "pass": true,
              "fail": false,
              "pending": false,
              "context": null,
              "code": "cy.get('.color').each(function (color) {\n  var backgroundColor = color.css('background-color');\n  cy.wrap(color).click();\n  cy.get('.pixel').each(function (pixel) {\n    cy.wrap(pixel).click().should('not.have.class', 'selected');\n  });\n});",
              "err": {},
              "uuid": "765675b7-89da-4acd-9148-85db94487e12",
              "parentUUID": "612401b9-3c5d-4bfb-9ea6-270dd44854d6",
              "isHook": false,
              "skipped": false
            }
          ],
          "suites": [],
          "passes": [
            "4285470c-245b-4e7e-a6f4-9239ebd1114f",
            "765675b7-89da-4acd-9148-85db94487e12"
          ],
          "failures": [],
          "pending": [],
          "skipped": [],
          "duration": 10401,
          "root": false,
          "rootEmpty": false,
          "_timeout": 2000
        },
        {
          "uuid": "d6f7806f-85eb-4729-8c92-3f262eb7a756",
          "title": "8 - Clicar em um pixel dentro do quadro após selecionar uma cor na paleta, faz com que o pixel seja preenchido com a cor selecionada.",
          "fullFile": "",
          "file": "",
          "beforeHooks": [],
          "afterHooks": [],
          "tests": [
            {
              "title": "Verifica se ao carregar a página deve ser possível pintar os pixels de preto",
              "fullTitle": "8 - Clicar em um pixel dentro do quadro após selecionar uma cor na paleta, faz com que o pixel seja preenchido com a cor selecionada. Verifica se ao carregar a página deve ser possível pintar os pixels de preto",
              "timedOut": null,
              "duration": 2561,
              "state": "passed",
              "speed": "slow",
              "pass": true,
              "fail": false,
              "pending": false,
              "context": null,
              "code": "cy.get('.pixel').each(function (pixel) {\n  cy.wrap(pixel).click().should('have.css', 'background-color', BLACK);\n});",
              "err": {},
              "uuid": "fcd95446-0e15-4975-a030-7c353d485e7f",
              "parentUUID": "d6f7806f-85eb-4729-8c92-3f262eb7a756",
              "isHook": false,
              "skipped": false
            },
            {
              "title": "Verifica se após selecionar uma outra cor na paleta, é possível pintar os pixels com essa cor",
              "fullTitle": "8 - Clicar em um pixel dentro do quadro após selecionar uma cor na paleta, faz com que o pixel seja preenchido com a cor selecionada. Verifica se após selecionar uma outra cor na paleta, é possível pintar os pixels com essa cor",
              "timedOut": null,
              "duration": 9154,
              "state": "passed",
              "speed": "slow",
              "pass": true,
              "fail": false,
              "pending": false,
              "context": null,
              "code": "cy.get('.color').each(function (color) {\n  var backgroundColor = color.css('background-color');\n  cy.wrap(color).click();\n  cy.get('.pixel').each(function (pixel) {\n    cy.wrap(pixel).click().should('have.css', 'background-color', backgroundColor);\n  });\n});",
              "err": {},
              "uuid": "1db3b45f-b667-4e0d-b20d-bdd193d1b561",
              "parentUUID": "d6f7806f-85eb-4729-8c92-3f262eb7a756",
              "isHook": false,
              "skipped": false
            },
            {
              "title": "Verifica se somente o pixel que foi clicado foi preenchido com a cor selecionada, sem influenciar na cor dos demais pixels.",
              "fullTitle": "8 - Clicar em um pixel dentro do quadro após selecionar uma cor na paleta, faz com que o pixel seja preenchido com a cor selecionada. Verifica se somente o pixel que foi clicado foi preenchido com a cor selecionada, sem influenciar na cor dos demais pixels.",
              "timedOut": null,
              "duration": 2401,
              "state": "passed",
              "speed": "slow",
              "pass": true,
              "fail": false,
              "pending": false,
              "context": null,
              "code": "var colorToPixelIndexMap = {\n  0: 6,\n  1: 8,\n  2: 16,\n  3: 18\n};\ncy.get('.color').each(function (color, index) {\n  cy.wrap(color).click();\n  var backgroundColor = color.css('background-color');\n  var clickedPixelIndex = colorToPixelIndexMap[index];\n  cy.get('.pixel').eq(clickedPixelIndex).click();\n  cy.get('.pixel').eq(clickedPixelIndex - 1).should('not.have.css', 'background-color', backgroundColor);\n  cy.get('.pixel').eq(clickedPixelIndex + 1).should('not.have.css', 'background-color', backgroundColor);\n  cy.get('.pixel').eq(clickedPixelIndex - 5).should('not.have.css', 'background-color', backgroundColor);\n  cy.get('.pixel').eq(clickedPixelIndex + 5).should('not.have.css', 'background-color', backgroundColor);\n  cy.get('.pixel').eq(clickedPixelIndex - 6).should('not.have.css', 'background-color', backgroundColor);\n  cy.get('.pixel').eq(clickedPixelIndex - 4).should('not.have.css', 'background-color', backgroundColor);\n  cy.get('.pixel').eq(clickedPixelIndex + 4).should('not.have.css', 'background-color', backgroundColor);\n  cy.get('.pixel').eq(clickedPixelIndex + 6).should('not.have.css', 'background-color', backgroundColor);\n});",
              "err": {},
              "uuid": "33316ee3-8de2-40b8-bc7b-832e8a84925a",
              "parentUUID": "d6f7806f-85eb-4729-8c92-3f262eb7a756",
              "isHook": false,
              "skipped": false
            }
          ],
          "suites": [],
          "passes": [
            "fcd95446-0e15-4975-a030-7c353d485e7f",
            "1db3b45f-b667-4e0d-b20d-bdd193d1b561",
            "33316ee3-8de2-40b8-bc7b-832e8a84925a"
          ],
          "failures": [],
          "pending": [],
          "skipped": [],
          "duration": 14116,
          "root": false,
          "rootEmpty": false,
          "_timeout": 2000
        },
        {
          "uuid": "661ef83c-aff2-443b-b57b-790aff90ba99",
          "title": "9 - Crie um botão que, ao ser clicado, limpa o quadro preenchendo a cor de todos seus pixels com branco.",
          "fullFile": "",
          "file": "",
          "beforeHooks": [],
          "afterHooks": [],
          "tests": [
            {
              "title": "Verifica se o botão tem o `id` denominado `clear-board`",
              "fullTitle": "9 - Crie um botão que, ao ser clicado, limpa o quadro preenchendo a cor de todos seus pixels com branco. Verifica se o botão tem o `id` denominado `clear-board`",
              "timedOut": null,
              "duration": 315,
              "state": "passed",
              "speed": "slow",
              "pass": true,
              "fail": false,
              "pending": false,
              "context": null,
              "code": "cy.get('#clear-board').should('be.visible');",
              "err": {},
              "uuid": "2a56a0cc-38f7-4f21-ae88-0939189178da",
              "parentUUID": "661ef83c-aff2-443b-b57b-790aff90ba99",
              "isHook": false,
              "skipped": false
            },
            {
              "title": "Verifica se o botão está posicionado entre a paleta de cores e o quadro de pixels",
              "fullTitle": "9 - Crie um botão que, ao ser clicado, limpa o quadro preenchendo a cor de todos seus pixels com branco. Verifica se o botão está posicionado entre a paleta de cores e o quadro de pixels",
              "timedOut": null,
              "duration": 152,
              "state": "passed",
              "speed": "slow",
              "pass": true,
              "fail": false,
              "pending": false,
              "context": null,
              "code": "cy.get('#color-palette').then(function (palette) {\n  cy.get('#clear-board').should('be.belowOf', palette);\n});\ncy.get('#clear-board').then(function (clearBtn) {\n  cy.get('#pixel-board').should('be.belowOf', clearBtn);\n});",
              "err": {},
              "uuid": "c54f51ee-e912-4b33-906c-e8c719955c5c",
              "parentUUID": "661ef83c-aff2-443b-b57b-790aff90ba99",
              "isHook": false,
              "skipped": false
            },
            {
              "title": "Verifica se o texto do botão é 'Limpar'",
              "fullTitle": "9 - Crie um botão que, ao ser clicado, limpa o quadro preenchendo a cor de todos seus pixels com branco. Verifica se o texto do botão é 'Limpar'",
              "timedOut": null,
              "duration": 4405,
              "state": "failed",
              "speed": null,
              "pass": false,
              "fail": true,
              "pending": false,
              "context": null,
              "code": "cy.get('#clear-board').should('contain.text', 'Limpar');",
              "err": {
                "message": "CypressError: Timed out retrying: expected '<button#clear-board.toolsButton>' to contain text 'Limpar', but the text was '\\n        \\n      '",
                "estack": "CypressError: Timed out retrying: expected '<button#clear-board.toolsButton>' to contain text 'Limpar', but the text was '\\n        \\n      '\n    at cypressErr (http://localhost:44531/__cypress/runner/cypress_runner.js:149934:9)\n    at throwErr (http://localhost:44531/__cypress/runner/cypress_runner.js:149867:11)\n    at Object.throwErrByPath (http://localhost:44531/__cypress/runner/cypress_runner.js:149915:3)\n    at retry (http://localhost:44531/__cypress/runner/cypress_runner.js:144197:19)\n    at onFailFn (http://localhost:44531/__cypress/runner/cypress_runner.js:132448:16)\n    at tryCatcher (http://localhost:44531/__cypress/runner/cypress_runner.js:167415:23)\n    at Promise._settlePromiseFromHandler (http://localhost:44531/__cypress/runner/cypress_runner.js:165351:31)\n    at Promise._settlePromise (http://localhost:44531/__cypress/runner/cypress_runner.js:165408:18)\n    at Promise._settlePromise0 (http://localhost:44531/__cypress/runner/cypress_runner.js:165453:10)\n    at Promise._settlePromises (http://localhost:44531/__cypress/runner/cypress_runner.js:165528:18)\n    at Async../node_modules/bluebird/js/release/async.js.Async._drainQueue (http://localhost:44531/__cypress/runner/cypress_runner.js:162140:16)\n    at Async../node_modules/bluebird/js/release/async.js.Async._drainQueues (http://localhost:44531/__cypress/runner/cypress_runner.js:162150:10)\n    at Async.drainQueues (http://localhost:44531/__cypress/runner/cypress_runner.js:162024:14)",
                "diff": null
              },
              "uuid": "00154e3d-250a-4d67-ae5e-90242bd990c1",
              "parentUUID": "661ef83c-aff2-443b-b57b-790aff90ba99",
              "isHook": false,
              "skipped": false
            },
            {
              "title": "Verifica se ao clicar no botão, o quadro de pixels é totalmente preenchido de branco",
              "fullTitle": "9 - Crie um botão que, ao ser clicado, limpa o quadro preenchendo a cor de todos seus pixels com branco. Verifica se ao clicar no botão, o quadro de pixels é totalmente preenchido de branco",
              "timedOut": null,
              "duration": 2753,
              "state": "passed",
              "speed": "slow",
              "pass": true,
              "fail": false,
              "pending": false,
              "context": null,
              "code": "cy.get('.color').eq(1).then(function (color) {\n  var backgroundColor = color.css('background-color');\n  cy.wrap(color).click();\n  cy.get('.pixel').each(function (pixel) {\n    cy.wrap(pixel).click().should('have.css', 'background-color', backgroundColor);\n  });\n});\ncy.get('#clear-board').click();\ncy.get('.pixel').each(function (pixel) {\n  cy.wrap(pixel).should('have.css', 'background-color', WHITE);\n});",
              "err": {},
              "uuid": "d67650ca-2256-4bff-bddf-abc9a32c0b3f",
              "parentUUID": "661ef83c-aff2-443b-b57b-790aff90ba99",
              "isHook": false,
              "skipped": false
            }
          ],
          "suites": [],
          "passes": [
            "2a56a0cc-38f7-4f21-ae88-0939189178da",
            "c54f51ee-e912-4b33-906c-e8c719955c5c",
            "d67650ca-2256-4bff-bddf-abc9a32c0b3f"
          ],
          "failures": [
            "00154e3d-250a-4d67-ae5e-90242bd990c1"
          ],
          "pending": [],
          "skipped": [],
          "duration": 7625,
          "root": false,
          "rootEmpty": false,
          "_timeout": 2000
        },
        {
          "uuid": "6235a03b-26b3-488f-b236-f15bb40d3ebe",
          "title": "10 - Faça o quadro de pixels ter seu tamanho definido pelo usuário.",
          "fullFile": "",
          "file": "",
          "beforeHooks": [],
          "afterHooks": [],
          "tests": [
            {
              "title": "Verifica se existe um input com o id `board-size`",
              "fullTitle": "10 - Faça o quadro de pixels ter seu tamanho definido pelo usuário. Verifica se existe um input com o id `board-size`",
              "timedOut": null,
              "duration": 227,
              "state": "passed",
              "speed": "slow",
              "pass": true,
              "fail": false,
              "pending": false,
              "context": null,
              "code": "cy.get('#board-size').should('be.visible');",
              "err": {},
              "uuid": "c1c74174-4cb6-48c6-ba8f-84f92280d0de",
              "parentUUID": "6235a03b-26b3-488f-b236-f15bb40d3ebe",
              "isHook": false,
              "skipped": false
            },
            {
              "title": "Verifica se existe um botão com o id `generate-board`",
              "fullTitle": "10 - Faça o quadro de pixels ter seu tamanho definido pelo usuário. Verifica se existe um botão com o id `generate-board`",
              "timedOut": null,
              "duration": 4376,
              "state": "failed",
              "speed": null,
              "pass": false,
              "fail": true,
              "pending": false,
              "context": null,
              "code": "cy.get('#generate-board').should('be.visible');",
              "err": {
                "message": "CypressError: Timed out retrying: Expected to find element: '#generate-board', but never found it.",
                "estack": "CypressError: Timed out retrying: Expected to find element: '#generate-board', but never found it.\n    at cypressErr (http://localhost:44531/__cypress/runner/cypress_runner.js:149934:9)\n    at throwErr (http://localhost:44531/__cypress/runner/cypress_runner.js:149867:11)\n    at Object.throwErrByPath (http://localhost:44531/__cypress/runner/cypress_runner.js:149915:3)\n    at retry (http://localhost:44531/__cypress/runner/cypress_runner.js:144197:19)\n    at onFailFn (http://localhost:44531/__cypress/runner/cypress_runner.js:132448:16)\n    at tryCatcher (http://localhost:44531/__cypress/runner/cypress_runner.js:167415:23)\n    at Promise._settlePromiseFromHandler (http://localhost:44531/__cypress/runner/cypress_runner.js:165351:31)\n    at Promise._settlePromise (http://localhost:44531/__cypress/runner/cypress_runner.js:165408:18)\n    at Promise._settlePromise0 (http://localhost:44531/__cypress/runner/cypress_runner.js:165453:10)\n    at Promise._settlePromises (http://localhost:44531/__cypress/runner/cypress_runner.js:165528:18)\n    at Async../node_modules/bluebird/js/release/async.js.Async._drainQueue (http://localhost:44531/__cypress/runner/cypress_runner.js:162140:16)\n    at Async../node_modules/bluebird/js/release/async.js.Async._drainQueues (http://localhost:44531/__cypress/runner/cypress_runner.js:162150:10)\n    at Async.drainQueues (http://localhost:44531/__cypress/runner/cypress_runner.js:162024:14)",
                "diff": null
              },
              "uuid": "cb7cd908-9be6-4e46-8752-92b7fab58496",
              "parentUUID": "6235a03b-26b3-488f-b236-f15bb40d3ebe",
              "isHook": false,
              "skipped": false
            },
            {
              "title": "Verifica se o input só aceita número maiores que zero. Essa restrição deve ser feita usando os atributos do elemento `input`",
              "fullTitle": "10 - Faça o quadro de pixels ter seu tamanho definido pelo usuário. Verifica se o input só aceita número maiores que zero. Essa restrição deve ser feita usando os atributos do elemento `input`",
              "timedOut": null,
              "duration": 4366,
              "state": "failed",
              "speed": null,
              "pass": false,
              "fail": true,
              "pending": false,
              "context": null,
              "code": "cy.get('#board-size[type=\\'number\\'][min=\\'1\\']');",
              "err": {
                "message": "CypressError: Timed out retrying: Expected to find element: '#board-size[type='number'][min='1']', but never found it.",
                "estack": "CypressError: Timed out retrying: Expected to find element: '#board-size[type='number'][min='1']', but never found it.\n    at cypressErr (http://localhost:44531/__cypress/runner/cypress_runner.js:149934:9)\n    at throwErr (http://localhost:44531/__cypress/runner/cypress_runner.js:149867:11)\n    at Object.throwErrByPath (http://localhost:44531/__cypress/runner/cypress_runner.js:149915:3)\n    at retry (http://localhost:44531/__cypress/runner/cypress_runner.js:144197:19)\n    at onFailFn (http://localhost:44531/__cypress/runner/cypress_runner.js:132448:16)\n    at tryCatcher (http://localhost:44531/__cypress/runner/cypress_runner.js:167415:23)\n    at Promise._settlePromiseFromHandler (http://localhost:44531/__cypress/runner/cypress_runner.js:165351:31)\n    at Promise._settlePromise (http://localhost:44531/__cypress/runner/cypress_runner.js:165408:18)\n    at Promise._settlePromise0 (http://localhost:44531/__cypress/runner/cypress_runner.js:165453:10)\n    at Promise._settlePromises (http://localhost:44531/__cypress/runner/cypress_runner.js:165528:18)\n    at Async../node_modules/bluebird/js/release/async.js.Async._drainQueue (http://localhost:44531/__cypress/runner/cypress_runner.js:162140:16)\n    at Async../node_modules/bluebird/js/release/async.js.Async._drainQueues (http://localhost:44531/__cypress/runner/cypress_runner.js:162150:10)\n    at Async.drainQueues (http://localhost:44531/__cypress/runner/cypress_runner.js:162024:14)",
                "diff": null
              },
              "uuid": "cc0e322b-b694-41ae-b1e2-645015585276",
              "parentUUID": "6235a03b-26b3-488f-b236-f15bb40d3ebe",
              "isHook": false,
              "skipped": false
            },
            {
              "title": "Verifica se o botão contém o texto 'VQV'",
              "fullTitle": "10 - Faça o quadro de pixels ter seu tamanho definido pelo usuário. Verifica se o botão contém o texto 'VQV'",
              "timedOut": null,
              "duration": 4464,
              "state": "failed",
              "speed": null,
              "pass": false,
              "fail": true,
              "pending": false,
              "context": null,
              "code": "cy.get('#generate-board').contains(/vqv/i);",
              "err": {
                "message": "CypressError: Timed out retrying: Expected to find element: '#generate-board', but never found it.",
                "estack": "CypressError: Timed out retrying: Expected to find element: '#generate-board', but never found it.\n    at cypressErr (http://localhost:44531/__cypress/runner/cypress_runner.js:149934:9)\n    at throwErr (http://localhost:44531/__cypress/runner/cypress_runner.js:149867:11)\n    at Object.throwErrByPath (http://localhost:44531/__cypress/runner/cypress_runner.js:149915:3)\n    at retry (http://localhost:44531/__cypress/runner/cypress_runner.js:144197:19)\n    at onFailFn (http://localhost:44531/__cypress/runner/cypress_runner.js:132448:16)\n    at tryCatcher (http://localhost:44531/__cypress/runner/cypress_runner.js:167415:23)\n    at Promise._settlePromiseFromHandler (http://localhost:44531/__cypress/runner/cypress_runner.js:165351:31)\n    at Promise._settlePromise (http://localhost:44531/__cypress/runner/cypress_runner.js:165408:18)\n    at Promise._settlePromise0 (http://localhost:44531/__cypress/runner/cypress_runner.js:165453:10)\n    at Promise._settlePromises (http://localhost:44531/__cypress/runner/cypress_runner.js:165528:18)\n    at Async../node_modules/bluebird/js/release/async.js.Async._drainQueue (http://localhost:44531/__cypress/runner/cypress_runner.js:162140:16)\n    at Async../node_modules/bluebird/js/release/async.js.Async._drainQueues (http://localhost:44531/__cypress/runner/cypress_runner.js:162150:10)\n    at Async.drainQueues (http://localhost:44531/__cypress/runner/cypress_runner.js:162024:14)",
                "diff": null
              },
              "uuid": "90328538-9460-4624-89cb-42bfab98526a",
              "parentUUID": "6235a03b-26b3-488f-b236-f15bb40d3ebe",
              "isHook": false,
              "skipped": false
            },
            {
              "title": "Verifica se o input está posicionado entre a paleta de cores e o quadro de pixels",
              "fullTitle": "10 - Faça o quadro de pixels ter seu tamanho definido pelo usuário. Verifica se o input está posicionado entre a paleta de cores e o quadro de pixels",
              "timedOut": null,
              "duration": 4448,
              "state": "failed",
              "speed": null,
              "pass": false,
              "fail": true,
              "pending": false,
              "context": null,
              "code": "cy.get('#color-palette').then(function (palette) {\n  cy.get('#board-size').should('be.belowOf', palette);\n});\ncy.get('#board-size').then(function (palette) {\n  cy.get('#pixel-board').should('be.belowOf', palette);\n});",
              "err": {
                "message": "CypressError: Timed out retrying: expected '<table#pixel-board>' to be below of { Object (0, length, ...) }",
                "estack": "CypressError: Timed out retrying: expected '<table#pixel-board>' to be below of { Object (0, length, ...) }\n    at cypressErr (http://localhost:44531/__cypress/runner/cypress_runner.js:149934:9)\n    at throwErr (http://localhost:44531/__cypress/runner/cypress_runner.js:149867:11)\n    at Object.throwErrByPath (http://localhost:44531/__cypress/runner/cypress_runner.js:149915:3)\n    at retry (http://localhost:44531/__cypress/runner/cypress_runner.js:144197:19)\n    at onFailFn (http://localhost:44531/__cypress/runner/cypress_runner.js:132448:16)\n    at tryCatcher (http://localhost:44531/__cypress/runner/cypress_runner.js:167415:23)\n    at Promise._settlePromiseFromHandler (http://localhost:44531/__cypress/runner/cypress_runner.js:165351:31)\n    at Promise._settlePromise (http://localhost:44531/__cypress/runner/cypress_runner.js:165408:18)\n    at Promise._settlePromise0 (http://localhost:44531/__cypress/runner/cypress_runner.js:165453:10)\n    at Promise._settlePromises (http://localhost:44531/__cypress/runner/cypress_runner.js:165528:18)\n    at Async../node_modules/bluebird/js/release/async.js.Async._drainQueue (http://localhost:44531/__cypress/runner/cypress_runner.js:162140:16)\n    at Async../node_modules/bluebird/js/release/async.js.Async._drainQueues (http://localhost:44531/__cypress/runner/cypress_runner.js:162150:10)\n    at Async.drainQueues (http://localhost:44531/__cypress/runner/cypress_runner.js:162024:14)",
                "diff": null
              },
              "uuid": "31c257d5-cbd0-4632-9b18-37be945d0d54",
              "parentUUID": "6235a03b-26b3-488f-b236-f15bb40d3ebe",
              "isHook": false,
              "skipped": false
            },
            {
              "title": "Verifica se o botão está posicionado ao lado do input",
              "fullTitle": "10 - Faça o quadro de pixels ter seu tamanho definido pelo usuário. Verifica se o botão está posicionado ao lado do input",
              "timedOut": null,
              "duration": 4411,
              "state": "failed",
              "speed": null,
              "pass": false,
              "fail": true,
              "pending": false,
              "context": null,
              "code": "cy.get('#board-size').then(function (board) {\n  cy.get('#generate-board').should('be.onTheRightOf', board);\n});",
              "err": {
                "message": "CypressError: Timed out retrying: Expected to find element: '#generate-board', but never found it.",
                "estack": "CypressError: Timed out retrying: Expected to find element: '#generate-board', but never found it.\n    at cypressErr (http://localhost:44531/__cypress/runner/cypress_runner.js:149934:9)\n    at throwErr (http://localhost:44531/__cypress/runner/cypress_runner.js:149867:11)\n    at Object.throwErrByPath (http://localhost:44531/__cypress/runner/cypress_runner.js:149915:3)\n    at retry (http://localhost:44531/__cypress/runner/cypress_runner.js:144197:19)\n    at onFailFn (http://localhost:44531/__cypress/runner/cypress_runner.js:132448:16)\n    at tryCatcher (http://localhost:44531/__cypress/runner/cypress_runner.js:167415:23)\n    at Promise._settlePromiseFromHandler (http://localhost:44531/__cypress/runner/cypress_runner.js:165351:31)\n    at Promise._settlePromise (http://localhost:44531/__cypress/runner/cypress_runner.js:165408:18)\n    at Promise._settlePromise0 (http://localhost:44531/__cypress/runner/cypress_runner.js:165453:10)\n    at Promise._settlePromises (http://localhost:44531/__cypress/runner/cypress_runner.js:165528:18)\n    at Async../node_modules/bluebird/js/release/async.js.Async._drainQueue (http://localhost:44531/__cypress/runner/cypress_runner.js:162140:16)\n    at Async../node_modules/bluebird/js/release/async.js.Async._drainQueues (http://localhost:44531/__cypress/runner/cypress_runner.js:162150:10)\n    at Async.drainQueues (http://localhost:44531/__cypress/runner/cypress_runner.js:162024:14)",
                "diff": null
              },
              "uuid": "b6a485cd-caf4-4bf7-9d20-a3bdb777077f",
              "parentUUID": "6235a03b-26b3-488f-b236-f15bb40d3ebe",
              "isHook": false,
              "skipped": false
            },
            {
              "title": "Verifica se nenhum valor for colocado no input ao clicar no botão, um `alert` é exibido com o texto: 'Board inválido!'",
              "fullTitle": "10 - Faça o quadro de pixels ter seu tamanho definido pelo usuário. Verifica se nenhum valor for colocado no input ao clicar no botão, um `alert` é exibido com o texto: 'Board inválido!'",
              "timedOut": null,
              "duration": 4780,
              "state": "failed",
              "speed": null,
              "pass": false,
              "fail": true,
              "pending": false,
              "context": null,
              "code": "var alerted = false;\ncy.on('window:alert', function (msg) {\n  return alerted = msg;\n});\ncy.get('#generate-board').click().then(function () {\n  return expect(alerted).to.match(/Board inválido!/i);\n});",
              "err": {
                "message": "CypressError: Timed out retrying: Expected to find element: '#generate-board', but never found it.",
                "estack": "CypressError: Timed out retrying: Expected to find element: '#generate-board', but never found it.\n    at cypressErr (http://localhost:44531/__cypress/runner/cypress_runner.js:149934:9)\n    at throwErr (http://localhost:44531/__cypress/runner/cypress_runner.js:149867:11)\n    at Object.throwErrByPath (http://localhost:44531/__cypress/runner/cypress_runner.js:149915:3)\n    at retry (http://localhost:44531/__cypress/runner/cypress_runner.js:144197:19)\n    at onFailFn (http://localhost:44531/__cypress/runner/cypress_runner.js:132448:16)\n    at tryCatcher (http://localhost:44531/__cypress/runner/cypress_runner.js:167415:23)\n    at Promise._settlePromiseFromHandler (http://localhost:44531/__cypress/runner/cypress_runner.js:165351:31)\n    at Promise._settlePromise (http://localhost:44531/__cypress/runner/cypress_runner.js:165408:18)\n    at Promise._settlePromise0 (http://localhost:44531/__cypress/runner/cypress_runner.js:165453:10)\n    at Promise._settlePromises (http://localhost:44531/__cypress/runner/cypress_runner.js:165528:18)\n    at Async../node_modules/bluebird/js/release/async.js.Async._drainQueue (http://localhost:44531/__cypress/runner/cypress_runner.js:162140:16)\n    at Async../node_modules/bluebird/js/release/async.js.Async._drainQueues (http://localhost:44531/__cypress/runner/cypress_runner.js:162150:10)\n    at Async.drainQueues (http://localhost:44531/__cypress/runner/cypress_runner.js:162024:14)",
                "diff": null
              },
              "uuid": "e9614f18-748b-4e1a-afc2-c4c286c7d024",
              "parentUUID": "6235a03b-26b3-488f-b236-f15bb40d3ebe",
              "isHook": false,
              "skipped": false
            },
            {
              "title": "Verifica se ao clicar no botão com um valor preenchido, o tamanho do board muda.",
              "fullTitle": "10 - Faça o quadro de pixels ter seu tamanho definido pelo usuário. Verifica se ao clicar no botão com um valor preenchido, o tamanho do board muda.",
              "timedOut": null,
              "duration": 4694,
              "state": "failed",
              "speed": null,
              "pass": false,
              "fail": true,
              "pending": false,
              "context": null,
              "code": "cy.get('#board-size').clear().type(10);\ncy.get('#generate-board').click();\ncy.get('.pixel').should('have.length', 100);",
              "err": {
                "message": "CypressError: Timed out retrying: Expected to find element: '#generate-board', but never found it.",
                "estack": "CypressError: Timed out retrying: Expected to find element: '#generate-board', but never found it.\n    at cypressErr (http://localhost:44531/__cypress/runner/cypress_runner.js:149934:9)\n    at throwErr (http://localhost:44531/__cypress/runner/cypress_runner.js:149867:11)\n    at Object.throwErrByPath (http://localhost:44531/__cypress/runner/cypress_runner.js:149915:3)\n    at retry (http://localhost:44531/__cypress/runner/cypress_runner.js:144197:19)\n    at onFailFn (http://localhost:44531/__cypress/runner/cypress_runner.js:132448:16)\n    at tryCatcher (http://localhost:44531/__cypress/runner/cypress_runner.js:167415:23)\n    at Promise._settlePromiseFromHandler (http://localhost:44531/__cypress/runner/cypress_runner.js:165351:31)\n    at Promise._settlePromise (http://localhost:44531/__cypress/runner/cypress_runner.js:165408:18)\n    at Promise._settlePromise0 (http://localhost:44531/__cypress/runner/cypress_runner.js:165453:10)\n    at Promise._settlePromises (http://localhost:44531/__cypress/runner/cypress_runner.js:165528:18)\n    at Async../node_modules/bluebird/js/release/async.js.Async._drainQueue (http://localhost:44531/__cypress/runner/cypress_runner.js:162140:16)\n    at Async../node_modules/bluebird/js/release/async.js.Async._drainQueues (http://localhost:44531/__cypress/runner/cypress_runner.js:162150:10)\n    at Async.drainQueues (http://localhost:44531/__cypress/runner/cypress_runner.js:162024:14)",
                "diff": null
              },
              "uuid": "845bce43-f889-45c0-ad8c-da3b46aede11",
              "parentUUID": "6235a03b-26b3-488f-b236-f15bb40d3ebe",
              "isHook": false,
              "skipped": false
            },
            {
              "title": "Verifica se o novo quadro tem todos os pixels preenchidos com a cor branca",
              "fullTitle": "10 - Faça o quadro de pixels ter seu tamanho definido pelo usuário. Verifica se o novo quadro tem todos os pixels preenchidos com a cor branca",
              "timedOut": null,
              "duration": 4744,
              "state": "failed",
              "speed": null,
              "pass": false,
              "fail": true,
              "pending": false,
              "context": null,
              "code": "cy.get('#board-size').clear().type(6);\ncy.get('#generate-board').click();\ncy.get('.pixel').should('have.length', 36).each(function (pixel) {\n  expect(pixel).to.have.css('background-color', WHITE);\n});",
              "err": {
                "message": "CypressError: Timed out retrying: Expected to find element: '#generate-board', but never found it.",
                "estack": "CypressError: Timed out retrying: Expected to find element: '#generate-board', but never found it.\n    at cypressErr (http://localhost:44531/__cypress/runner/cypress_runner.js:149934:9)\n    at throwErr (http://localhost:44531/__cypress/runner/cypress_runner.js:149867:11)\n    at Object.throwErrByPath (http://localhost:44531/__cypress/runner/cypress_runner.js:149915:3)\n    at retry (http://localhost:44531/__cypress/runner/cypress_runner.js:144197:19)\n    at onFailFn (http://localhost:44531/__cypress/runner/cypress_runner.js:132448:16)\n    at tryCatcher (http://localhost:44531/__cypress/runner/cypress_runner.js:167415:23)\n    at Promise._settlePromiseFromHandler (http://localhost:44531/__cypress/runner/cypress_runner.js:165351:31)\n    at Promise._settlePromise (http://localhost:44531/__cypress/runner/cypress_runner.js:165408:18)\n    at Promise._settlePromise0 (http://localhost:44531/__cypress/runner/cypress_runner.js:165453:10)\n    at Promise._settlePromises (http://localhost:44531/__cypress/runner/cypress_runner.js:165528:18)\n    at Async../node_modules/bluebird/js/release/async.js.Async._drainQueue (http://localhost:44531/__cypress/runner/cypress_runner.js:162140:16)\n    at Async../node_modules/bluebird/js/release/async.js.Async._drainQueues (http://localhost:44531/__cypress/runner/cypress_runner.js:162150:10)\n    at Async.drainQueues (http://localhost:44531/__cypress/runner/cypress_runner.js:162024:14)",
                "diff": null
              },
              "uuid": "d6b8797f-5eb2-4c0a-8e62-fe5a07f7f023",
              "parentUUID": "6235a03b-26b3-488f-b236-f15bb40d3ebe",
              "isHook": false,
              "skipped": false
            }
          ],
          "suites": [],
          "passes": [
            "c1c74174-4cb6-48c6-ba8f-84f92280d0de"
          ],
          "failures": [
            "cb7cd908-9be6-4e46-8752-92b7fab58496",
            "cc0e322b-b694-41ae-b1e2-645015585276",
            "90328538-9460-4624-89cb-42bfab98526a",
            "31c257d5-cbd0-4632-9b18-37be945d0d54",
            "b6a485cd-caf4-4bf7-9d20-a3bdb777077f",
            "e9614f18-748b-4e1a-afc2-c4c286c7d024",
            "845bce43-f889-45c0-ad8c-da3b46aede11",
            "d6b8797f-5eb2-4c0a-8e62-fe5a07f7f023"
          ],
          "pending": [],
          "skipped": [],
          "duration": 36510,
          "root": false,
          "rootEmpty": false,
          "_timeout": 2000
        },
        {
          "uuid": "e54ee0fa-68f5-4e7a-b338-69245061db10",
          "title": "11 - Limite o tamanho mínimo e máximo do board.",
          "fullFile": "",
          "file": "",
          "beforeHooks": [],
          "afterHooks": [],
          "tests": [
            {
              "title": "Verifica se a altura máxima do board é 50",
              "fullTitle": "11 - Limite o tamanho mínimo e máximo do board. Verifica se a altura máxima do board é 50",
              "timedOut": null,
              "duration": 5286,
              "state": "failed",
              "speed": null,
              "pass": false,
              "fail": true,
              "pending": false,
              "context": null,
              "code": "cy.get('#board-size').clear().type(50);\ncy.get('#generate-board').click();\ncy.get('.pixel').should('have.length', 2500);",
              "err": {
                "message": "CypressError: Timed out retrying: Expected to find element: '#generate-board', but never found it.",
                "estack": "CypressError: Timed out retrying: Expected to find element: '#generate-board', but never found it.\n    at cypressErr (http://localhost:44531/__cypress/runner/cypress_runner.js:149934:9)\n    at throwErr (http://localhost:44531/__cypress/runner/cypress_runner.js:149867:11)\n    at Object.throwErrByPath (http://localhost:44531/__cypress/runner/cypress_runner.js:149915:3)\n    at retry (http://localhost:44531/__cypress/runner/cypress_runner.js:144197:19)\n    at onFailFn (http://localhost:44531/__cypress/runner/cypress_runner.js:132448:16)\n    at tryCatcher (http://localhost:44531/__cypress/runner/cypress_runner.js:167415:23)\n    at Promise._settlePromiseFromHandler (http://localhost:44531/__cypress/runner/cypress_runner.js:165351:31)\n    at Promise._settlePromise (http://localhost:44531/__cypress/runner/cypress_runner.js:165408:18)\n    at Promise._settlePromise0 (http://localhost:44531/__cypress/runner/cypress_runner.js:165453:10)\n    at Promise._settlePromises (http://localhost:44531/__cypress/runner/cypress_runner.js:165528:18)\n    at Async../node_modules/bluebird/js/release/async.js.Async._drainQueue (http://localhost:44531/__cypress/runner/cypress_runner.js:162140:16)\n    at Async../node_modules/bluebird/js/release/async.js.Async._drainQueues (http://localhost:44531/__cypress/runner/cypress_runner.js:162150:10)\n    at Async.drainQueues (http://localhost:44531/__cypress/runner/cypress_runner.js:162024:14)",
                "diff": null
              },
              "uuid": "43954709-af5a-4b63-9787-9217e1d157c6",
              "parentUUID": "e54ee0fa-68f5-4e7a-b338-69245061db10",
              "isHook": false,
              "skipped": false
            },
            {
              "title": "Verifica se a altura do board é 5 quando um valor menor é colocado no input",
              "fullTitle": "11 - Limite o tamanho mínimo e máximo do board. Verifica se a altura do board é 5 quando um valor menor é colocado no input",
              "timedOut": null,
              "duration": 5153,
              "state": "failed",
              "speed": null,
              "pass": false,
              "fail": true,
              "pending": false,
              "context": null,
              "code": "cy.get('#board-size').clear().type(4);\ncy.get('#generate-board').click();\ncy.get('.pixel').should('have.length', 25);",
              "err": {
                "message": "CypressError: Timed out retrying: Expected to find element: '#generate-board', but never found it.",
                "estack": "CypressError: Timed out retrying: Expected to find element: '#generate-board', but never found it.\n    at cypressErr (http://localhost:44531/__cypress/runner/cypress_runner.js:149934:9)\n    at throwErr (http://localhost:44531/__cypress/runner/cypress_runner.js:149867:11)\n    at Object.throwErrByPath (http://localhost:44531/__cypress/runner/cypress_runner.js:149915:3)\n    at retry (http://localhost:44531/__cypress/runner/cypress_runner.js:144197:19)\n    at onFailFn (http://localhost:44531/__cypress/runner/cypress_runner.js:132448:16)\n    at tryCatcher (http://localhost:44531/__cypress/runner/cypress_runner.js:167415:23)\n    at Promise._settlePromiseFromHandler (http://localhost:44531/__cypress/runner/cypress_runner.js:165351:31)\n    at Promise._settlePromise (http://localhost:44531/__cypress/runner/cypress_runner.js:165408:18)\n    at Promise._settlePromise0 (http://localhost:44531/__cypress/runner/cypress_runner.js:165453:10)\n    at Promise._settlePromises (http://localhost:44531/__cypress/runner/cypress_runner.js:165528:18)\n    at Async../node_modules/bluebird/js/release/async.js.Async._drainQueue (http://localhost:44531/__cypress/runner/cypress_runner.js:162140:16)\n    at Async../node_modules/bluebird/js/release/async.js.Async._drainQueues (http://localhost:44531/__cypress/runner/cypress_runner.js:162150:10)\n    at Async.drainQueues (http://localhost:44531/__cypress/runner/cypress_runner.js:162024:14)",
                "diff": null
              },
              "uuid": "a06d6553-2e41-414a-9bbc-40a37469da1c",
              "parentUUID": "e54ee0fa-68f5-4e7a-b338-69245061db10",
              "isHook": false,
              "skipped": false
            },
            {
              "title": "Verifica se a altura do board é 50 quando um valor maior é colocado no input",
              "fullTitle": "11 - Limite o tamanho mínimo e máximo do board. Verifica se a altura do board é 50 quando um valor maior é colocado no input",
              "timedOut": null,
              "duration": 5493,
              "state": "failed",
              "speed": null,
              "pass": false,
              "fail": true,
              "pending": false,
              "context": null,
              "code": "cy.get('#board-size').clear().type(51);\ncy.get('#generate-board').click();\ncy.get('.pixel').should('have.length', 2500);",
              "err": {
                "message": "CypressError: Timed out retrying: Expected to find element: '#generate-board', but never found it.",
                "estack": "CypressError: Timed out retrying: Expected to find element: '#generate-board', but never found it.\n    at cypressErr (http://localhost:44531/__cypress/runner/cypress_runner.js:149934:9)\n    at throwErr (http://localhost:44531/__cypress/runner/cypress_runner.js:149867:11)\n    at Object.throwErrByPath (http://localhost:44531/__cypress/runner/cypress_runner.js:149915:3)\n    at retry (http://localhost:44531/__cypress/runner/cypress_runner.js:144197:19)\n    at onFailFn (http://localhost:44531/__cypress/runner/cypress_runner.js:132448:16)\n    at tryCatcher (http://localhost:44531/__cypress/runner/cypress_runner.js:167415:23)\n    at Promise._settlePromiseFromHandler (http://localhost:44531/__cypress/runner/cypress_runner.js:165351:31)\n    at Promise._settlePromise (http://localhost:44531/__cypress/runner/cypress_runner.js:165408:18)\n    at Promise._settlePromise0 (http://localhost:44531/__cypress/runner/cypress_runner.js:165453:10)\n    at Promise._settlePromises (http://localhost:44531/__cypress/runner/cypress_runner.js:165528:18)\n    at Async../node_modules/bluebird/js/release/async.js.Async._drainQueue (http://localhost:44531/__cypress/runner/cypress_runner.js:162140:16)\n    at Async../node_modules/bluebird/js/release/async.js.Async._drainQueues (http://localhost:44531/__cypress/runner/cypress_runner.js:162150:10)\n    at Async.drainQueues (http://localhost:44531/__cypress/runner/cypress_runner.js:162024:14)",
                "diff": null
              },
              "uuid": "eddfe7f1-badf-4569-bb05-27aa1bc64777",
              "parentUUID": "e54ee0fa-68f5-4e7a-b338-69245061db10",
              "isHook": false,
              "skipped": false
            }
          ],
          "suites": [],
          "passes": [],
          "failures": [
            "43954709-af5a-4b63-9787-9217e1d157c6",
            "a06d6553-2e41-414a-9bbc-40a37469da1c",
            "eddfe7f1-badf-4569-bb05-27aa1bc64777"
          ],
          "pending": [],
          "skipped": [],
          "duration": 15932,
          "root": false,
          "rootEmpty": false,
          "_timeout": 2000
        },
        {
          "uuid": "2cb61825-58db-4f0f-bb59-ae060db459ea",
          "title": "12 - Faça com que as cores da paleta sejam geradas aleatoriamente ao carregar a página.",
          "fullFile": "",
          "file": "",
          "beforeHooks": [],
          "afterHooks": [],
          "tests": [
            {
              "title": "Verifica se as cores geradas na paleta são diferentes a cada carregamento da página",
              "fullTitle": "12 - Faça com que as cores da paleta sejam geradas aleatoriamente ao carregar a página. Verifica se as cores geradas na paleta são diferentes a cada carregamento da página",
              "timedOut": null,
              "duration": 1007,
              "state": "failed",
              "speed": null,
              "pass": false,
              "fail": true,
              "pending": false,
              "context": null,
              "code": "cy.get('.color').then(function (colors) {\n  var currentColors;\n  var previousColors;\n  previousColors = Array.from(colors).map(function (color) {\n    return Cypress.$(color).css('background-color');\n  });\n  for (var i = 0; i < 5; i += 1) {\n    cy.reload();\n    cy.get('.color').then(function (colors) {\n      currentColors = Array.from(colors).map(function (color) {\n        return Cypress.$(color).css('background-color');\n      });\n      expect(currentColors).not.to.deep.equal(previousColors);\n      previousColors = currentColors;\n    });\n  }\n});",
              "err": {
                "message": "AssertionError: expected [ Array(4) ] to not deeply equal [ Array(4) ]",
                "estack": "AssertionError: expected [ Array(4) ] to not deeply equal [ Array(4) ]\n    at getRet (http://localhost:44531/__cypress/runner/cypress_runner.js:136585:16)\n    at tryCatcher (http://localhost:44531/__cypress/runner/cypress_runner.js:167415:23)\n    at Function.Promise.attempt.Promise.try (http://localhost:44531/__cypress/runner/cypress_runner.js:164690:29)\n    at Context.thenFn (http://localhost:44531/__cypress/runner/cypress_runner.js:136599:23)\n    at Context.then (http://localhost:44531/__cypress/runner/cypress_runner.js:136971:21)\n    at Context.<anonymous> (http://localhost:44531/__cypress/runner/cypress_runner.js:148875:21)\n    at http://localhost:44531/__cypress/runner/cypress_runner.js:148351:33\n    at tryCatcher (http://localhost:44531/__cypress/runner/cypress_runner.js:167415:23)\n    at Promise._settlePromiseFromHandler (http://localhost:44531/__cypress/runner/cypress_runner.js:165351:31)\n    at Promise._settlePromise (http://localhost:44531/__cypress/runner/cypress_runner.js:165408:18)\n    at Promise._settlePromiseCtx (http://localhost:44531/__cypress/runner/cypress_runner.js:165445:10)\n    at Async../node_modules/bluebird/js/release/async.js.Async._drainQueue (http://localhost:44531/__cypress/runner/cypress_runner.js:162145:12)\n    at Async../node_modules/bluebird/js/release/async.js.Async._drainQueues (http://localhost:44531/__cypress/runner/cypress_runner.js:162150:10)\n    at Async.drainQueues (http://localhost:44531/__cypress/runner/cypress_runner.js:162024:14)",
                "diff": ""
              },
              "uuid": "24bee85f-fca0-4620-b10c-3bba3478676f",
              "parentUUID": "2cb61825-58db-4f0f-bb59-ae060db459ea",
              "isHook": false,
              "skipped": false
            },
            {
              "title": "Verifica se a cor preta ainda está presente e é a primeira na sua paleta de cores",
              "fullTitle": "12 - Faça com que as cores da paleta sejam geradas aleatoriamente ao carregar a página. Verifica se a cor preta ainda está presente e é a primeira na sua paleta de cores",
              "timedOut": null,
              "duration": 1096,
              "state": "failed",
              "speed": null,
              "pass": false,
              "fail": true,
              "pending": false,
              "context": null,
              "code": "cy.get('.color').then(function (colors) {\n  var currentColors;\n  var previousColors;\n  previousColors = Array.from(colors).map(function (color) {\n    return Cypress.$(color).css('background-color');\n  });\n  expect(previousColors[0]).to.eq(BLACK);\n  for (var i = 0; i < 5; i += 1) {\n    cy.reload();\n    cy.get('.color').then(function (colors) {\n      currentColors = Array.from(colors).map(function (color) {\n        return Cypress.$(color).css('background-color');\n      });\n      expect(currentColors[0]).to.eq(BLACK);\n      expect(currentColors).not.to.deep.equal(previousColors);\n      previousColors = currentColors;\n    });\n  }\n});",
              "err": {
                "message": "AssertionError: expected [ Array(4) ] to not deeply equal [ Array(4) ]",
                "estack": "AssertionError: expected [ Array(4) ] to not deeply equal [ Array(4) ]\n    at getRet (http://localhost:44531/__cypress/runner/cypress_runner.js:136585:16)\n    at tryCatcher (http://localhost:44531/__cypress/runner/cypress_runner.js:167415:23)\n    at Function.Promise.attempt.Promise.try (http://localhost:44531/__cypress/runner/cypress_runner.js:164690:29)\n    at Context.thenFn (http://localhost:44531/__cypress/runner/cypress_runner.js:136599:23)\n    at Context.then (http://localhost:44531/__cypress/runner/cypress_runner.js:136971:21)\n    at Context.<anonymous> (http://localhost:44531/__cypress/runner/cypress_runner.js:148875:21)\n    at http://localhost:44531/__cypress/runner/cypress_runner.js:148351:33\n    at tryCatcher (http://localhost:44531/__cypress/runner/cypress_runner.js:167415:23)\n    at Promise._settlePromiseFromHandler (http://localhost:44531/__cypress/runner/cypress_runner.js:165351:31)\n    at Promise._settlePromise (http://localhost:44531/__cypress/runner/cypress_runner.js:165408:18)\n    at Promise._settlePromiseCtx (http://localhost:44531/__cypress/runner/cypress_runner.js:165445:10)\n    at Async../node_modules/bluebird/js/release/async.js.Async._drainQueue (http://localhost:44531/__cypress/runner/cypress_runner.js:162145:12)\n    at Async../node_modules/bluebird/js/release/async.js.Async._drainQueues (http://localhost:44531/__cypress/runner/cypress_runner.js:162150:10)\n    at Async.drainQueues (http://localhost:44531/__cypress/runner/cypress_runner.js:162024:14)",
                "diff": ""
              },
              "uuid": "65a10b55-6db2-41aa-b5ef-a27c02dee2ba",
              "parentUUID": "2cb61825-58db-4f0f-bb59-ae060db459ea",
              "isHook": false,
              "skipped": false
            }
          ],
          "suites": [],
          "passes": [],
          "failures": [
            "24bee85f-fca0-4620-b10c-3bba3478676f",
            "65a10b55-6db2-41aa-b5ef-a27c02dee2ba"
          ],
          "pending": [],
          "skipped": [],
          "duration": 2103,
          "root": false,
          "rootEmpty": false,
          "_timeout": 2000
        }
      ],
      "passes": [],
      "failures": [],
      "pending": [],
      "skipped": [],
      "duration": 0,
      "root": true,
      "rootEmpty": true,
      "_timeout": 2000
    }
  ],
  "meta": {
    "mocha": {
      "version": "7.0.1"
    },
    "mochawesome": {
      "options": {
        "quiet": false,
        "reportFilename": "mochawesome",
        "saveHtml": false,
        "saveJson": true,
        "consoleReporter": "spec",
        "useInlineDiffs": false
      },
      "version": "4.1.0"
    },
    "marge": {
      "options": {
        "id": "default",
        "reportDir": "cypress/reports",
        "overwrite": true,
        "html": false,
        "json": true
      },
      "version": "4.1.0"
    }
  }
}