{
  "stats": {
    "suites": 12,
    "tests": 41,
    "passes": 1,
    "pending": 0,
    "failures": 40,
    "start": "2021-07-08T19:01:47.380Z",
    "end": "2021-07-08T19:05:34.252Z",
    "duration": 226872,
    "testsRegistered": 41,
    "passPercent": 2.4390243902439024,
    "pendingPercent": 0,
    "other": 0,
    "hasOther": false,
    "skipped": 0,
    "hasSkipped": false
  },
  "results": [
    {
      "uuid": "e45c4fb6-d4aa-42fb-b3ae-dc3e77a0726a",
      "title": "",
      "fullFile": "cypress/integration/project.spec.js",
      "file": "cypress/integration/project.spec.js",
      "beforeHooks": [],
      "afterHooks": [],
      "tests": [],
      "suites": [
        {
          "uuid": "e1933a44-a744-489d-b348-9d04941888d8",
          "title": "1 - Adicione à página o título \"Paleta de Cores\".",
          "fullFile": "",
          "file": "",
          "beforeHooks": [],
          "afterHooks": [],
          "tests": [
            {
              "title": "Verifica se contém um elemento `h1` com o id `title` com o título correto",
              "fullTitle": "1 - Adicione à página o título \"Paleta de Cores\". Verifica se contém um elemento `h1` com o id `title` com o título correto",
              "timedOut": null,
              "duration": 1389,
              "state": "passed",
              "speed": "slow",
              "pass": true,
              "fail": false,
              "pending": false,
              "context": null,
              "code": "cy.get('h1#title').should('contain.text', 'Paleta de Cores');",
              "err": {},
              "uuid": "69be9c4c-6b08-41b1-bafa-85d4d66f39cb",
              "parentUUID": "e1933a44-a744-489d-b348-9d04941888d8",
              "isHook": false,
              "skipped": false
            }
          ],
          "suites": [],
          "passes": [
            "69be9c4c-6b08-41b1-bafa-85d4d66f39cb"
          ],
          "failures": [],
          "pending": [],
          "skipped": [],
          "duration": 1389,
          "root": false,
          "rootEmpty": false,
          "_timeout": 2000
        },
        {
          "uuid": "7b39df69-b97c-4875-8aca-2ed2805dc2e0",
          "title": "2 - Adicione à página uma paleta de quatro cores distintas.",
          "fullFile": "",
          "file": "",
          "beforeHooks": [],
          "afterHooks": [],
          "tests": [
            {
              "title": "A paleta de cores deve ser um elemento com `id` denominado `color-palette`",
              "fullTitle": "2 - Adicione à página uma paleta de quatro cores distintas. A paleta de cores deve ser um elemento com `id` denominado `color-palette`",
              "timedOut": null,
              "duration": 5634,
              "state": "failed",
              "speed": null,
              "pass": false,
              "fail": true,
              "pending": false,
              "context": null,
              "code": "cy.get('#color-palette').should('be.visible');",
              "err": {
                "message": "CypressError: Timed out retrying: Expected to find element: '#color-palette', but never found it.",
                "estack": "CypressError: Timed out retrying: Expected to find element: '#color-palette', but never found it.\n    at cypressErr (http://localhost:45477/__cypress/runner/cypress_runner.js:149934:9)\n    at throwErr (http://localhost:45477/__cypress/runner/cypress_runner.js:149867:11)\n    at Object.throwErrByPath (http://localhost:45477/__cypress/runner/cypress_runner.js:149915:3)\n    at retry (http://localhost:45477/__cypress/runner/cypress_runner.js:144197:19)\n    at onFailFn (http://localhost:45477/__cypress/runner/cypress_runner.js:132448:16)\n    at tryCatcher (http://localhost:45477/__cypress/runner/cypress_runner.js:167415:23)\n    at Promise._settlePromiseFromHandler (http://localhost:45477/__cypress/runner/cypress_runner.js:165351:31)\n    at Promise._settlePromise (http://localhost:45477/__cypress/runner/cypress_runner.js:165408:18)\n    at Promise._settlePromise0 (http://localhost:45477/__cypress/runner/cypress_runner.js:165453:10)\n    at Promise._settlePromises (http://localhost:45477/__cypress/runner/cypress_runner.js:165528:18)\n    at Async../node_modules/bluebird/js/release/async.js.Async._drainQueue (http://localhost:45477/__cypress/runner/cypress_runner.js:162140:16)\n    at Async../node_modules/bluebird/js/release/async.js.Async._drainQueues (http://localhost:45477/__cypress/runner/cypress_runner.js:162150:10)\n    at Async.drainQueues (http://localhost:45477/__cypress/runner/cypress_runner.js:162024:14)",
                "diff": null
              },
              "uuid": "8a7d078f-9f72-4603-83a9-319d6900d315",
              "parentUUID": "7b39df69-b97c-4875-8aca-2ed2805dc2e0",
              "isHook": false,
              "skipped": false
            },
            {
              "title": "Verifica se cada cor individual da paleta de cores possui a `classe` chamada `color`.",
              "fullTitle": "2 - Adicione à página uma paleta de quatro cores distintas. Verifica se cada cor individual da paleta de cores possui a `classe` chamada `color`.",
              "timedOut": null,
              "duration": 5364,
              "state": "failed",
              "speed": null,
              "pass": false,
              "fail": true,
              "pending": false,
              "context": null,
              "code": "cy.get('.color').should('have.length', 4).then(function (colors) {\n  for (var i = 0; i < colors.length; i++) {\n    cy.wrap(colors[i]).should('be.visible');\n  }\n});",
              "err": {
                "message": "CypressError: Timed out retrying: Expected to find element: '.color', but never found it.",
                "estack": "CypressError: Timed out retrying: Expected to find element: '.color', but never found it.\n    at cypressErr (http://localhost:45477/__cypress/runner/cypress_runner.js:149934:9)\n    at throwErr (http://localhost:45477/__cypress/runner/cypress_runner.js:149867:11)\n    at Object.throwErrByPath (http://localhost:45477/__cypress/runner/cypress_runner.js:149915:3)\n    at retry (http://localhost:45477/__cypress/runner/cypress_runner.js:144197:19)\n    at onFailFn (http://localhost:45477/__cypress/runner/cypress_runner.js:132448:16)\n    at tryCatcher (http://localhost:45477/__cypress/runner/cypress_runner.js:167415:23)\n    at Promise._settlePromiseFromHandler (http://localhost:45477/__cypress/runner/cypress_runner.js:165351:31)\n    at Promise._settlePromise (http://localhost:45477/__cypress/runner/cypress_runner.js:165408:18)\n    at Promise._settlePromise0 (http://localhost:45477/__cypress/runner/cypress_runner.js:165453:10)\n    at Promise._settlePromises (http://localhost:45477/__cypress/runner/cypress_runner.js:165528:18)\n    at Async../node_modules/bluebird/js/release/async.js.Async._drainQueue (http://localhost:45477/__cypress/runner/cypress_runner.js:162140:16)\n    at Async../node_modules/bluebird/js/release/async.js.Async._drainQueues (http://localhost:45477/__cypress/runner/cypress_runner.js:162150:10)\n    at Async.drainQueues (http://localhost:45477/__cypress/runner/cypress_runner.js:162024:14)",
                "diff": null
              },
              "uuid": "46642174-041f-42a9-a738-e0dba24226e8",
              "parentUUID": "7b39df69-b97c-4875-8aca-2ed2805dc2e0",
              "isHook": false,
              "skipped": false
            },
            {
              "title": "Verifica se a cor de fundo de cada elemento da paleta é a cor que o elemento representa. **A única cor não permitida na paleta é a cor branca.**",
              "fullTitle": "2 - Adicione à página uma paleta de quatro cores distintas. Verifica se a cor de fundo de cada elemento da paleta é a cor que o elemento representa. **A única cor não permitida na paleta é a cor branca.**",
              "timedOut": null,
              "duration": 5287,
              "state": "failed",
              "speed": null,
              "pass": false,
              "fail": true,
              "pending": false,
              "context": null,
              "code": "cy.get('.color').each(function (color) {\n  cy.wrap(color).should('have.class', 'color').and('not.have.css', 'background-color', WHITE);\n  cy.wrap(color).should('have.css', 'background-color');\n});",
              "err": {
                "message": "CypressError: Timed out retrying: Expected to find element: '.color', but never found it.",
                "estack": "CypressError: Timed out retrying: Expected to find element: '.color', but never found it.\n    at cypressErr (http://localhost:45477/__cypress/runner/cypress_runner.js:149934:9)\n    at throwErr (http://localhost:45477/__cypress/runner/cypress_runner.js:149867:11)\n    at Object.throwErrByPath (http://localhost:45477/__cypress/runner/cypress_runner.js:149915:3)\n    at retry (http://localhost:45477/__cypress/runner/cypress_runner.js:144197:19)\n    at onFailFn (http://localhost:45477/__cypress/runner/cypress_runner.js:132448:16)\n    at tryCatcher (http://localhost:45477/__cypress/runner/cypress_runner.js:167415:23)\n    at Promise._settlePromiseFromHandler (http://localhost:45477/__cypress/runner/cypress_runner.js:165351:31)\n    at Promise._settlePromise (http://localhost:45477/__cypress/runner/cypress_runner.js:165408:18)\n    at Promise._settlePromise0 (http://localhost:45477/__cypress/runner/cypress_runner.js:165453:10)\n    at Promise._settlePromises (http://localhost:45477/__cypress/runner/cypress_runner.js:165528:18)\n    at Async../node_modules/bluebird/js/release/async.js.Async._drainQueue (http://localhost:45477/__cypress/runner/cypress_runner.js:162140:16)\n    at Async../node_modules/bluebird/js/release/async.js.Async._drainQueues (http://localhost:45477/__cypress/runner/cypress_runner.js:162150:10)\n    at Async.drainQueues (http://localhost:45477/__cypress/runner/cypress_runner.js:162024:14)",
                "diff": null
              },
              "uuid": "db71d2a6-6b25-4fc7-a40d-00c252ea70e4",
              "parentUUID": "7b39df69-b97c-4875-8aca-2ed2805dc2e0",
              "isHook": false,
              "skipped": false
            },
            {
              "title": "Verifica se cada elemento da paleta de cores tem uma borda preta, sólida e com 1 pixel de largura;",
              "fullTitle": "2 - Adicione à página uma paleta de quatro cores distintas. Verifica se cada elemento da paleta de cores tem uma borda preta, sólida e com 1 pixel de largura;",
              "timedOut": null,
              "duration": 5283,
              "state": "failed",
              "speed": null,
              "pass": false,
              "fail": true,
              "pending": false,
              "context": null,
              "code": "cy.get('.color').each(function (color) {\n  cy.wrap(color).and('have.css', 'border', \"1px solid \".concat(BLACK)).and('have.class', 'color');\n});",
              "err": {
                "message": "CypressError: Timed out retrying: Expected to find element: '.color', but never found it.",
                "estack": "CypressError: Timed out retrying: Expected to find element: '.color', but never found it.\n    at cypressErr (http://localhost:45477/__cypress/runner/cypress_runner.js:149934:9)\n    at throwErr (http://localhost:45477/__cypress/runner/cypress_runner.js:149867:11)\n    at Object.throwErrByPath (http://localhost:45477/__cypress/runner/cypress_runner.js:149915:3)\n    at retry (http://localhost:45477/__cypress/runner/cypress_runner.js:144197:19)\n    at onFailFn (http://localhost:45477/__cypress/runner/cypress_runner.js:132448:16)\n    at tryCatcher (http://localhost:45477/__cypress/runner/cypress_runner.js:167415:23)\n    at Promise._settlePromiseFromHandler (http://localhost:45477/__cypress/runner/cypress_runner.js:165351:31)\n    at Promise._settlePromise (http://localhost:45477/__cypress/runner/cypress_runner.js:165408:18)\n    at Promise._settlePromise0 (http://localhost:45477/__cypress/runner/cypress_runner.js:165453:10)\n    at Promise._settlePromises (http://localhost:45477/__cypress/runner/cypress_runner.js:165528:18)\n    at Async../node_modules/bluebird/js/release/async.js.Async._drainQueue (http://localhost:45477/__cypress/runner/cypress_runner.js:162140:16)\n    at Async../node_modules/bluebird/js/release/async.js.Async._drainQueues (http://localhost:45477/__cypress/runner/cypress_runner.js:162150:10)\n    at Async.drainQueues (http://localhost:45477/__cypress/runner/cypress_runner.js:162024:14)",
                "diff": null
              },
              "uuid": "18409358-3567-459f-a85b-d532feb8fb22",
              "parentUUID": "7b39df69-b97c-4875-8aca-2ed2805dc2e0",
              "isHook": false,
              "skipped": false
            },
            {
              "title": "Verifica se a paleta lista todas as cores disponíveis para utilização, lado a lado.",
              "fullTitle": "2 - Adicione à página uma paleta de quatro cores distintas. Verifica se a paleta lista todas as cores disponíveis para utilização, lado a lado.",
              "timedOut": null,
              "duration": 6314,
              "state": "failed",
              "speed": null,
              "pass": false,
              "fail": true,
              "pending": false,
              "context": null,
              "code": "cy.get('.color').then(function (colors) {\n  for (var index = 1; index < colors.length; index += 1) {\n    var currentColor = colors[index];\n    var previousColor = colors[index - 1];\n    cy.wrap(currentColor).should('be.onTheRightOf', previousColor).and('be.horizontallyAlignedWith', previousColor);\n  }\n});",
              "err": {
                "message": "CypressError: Timed out retrying: Expected to find element: '.color', but never found it.",
                "estack": "CypressError: Timed out retrying: Expected to find element: '.color', but never found it.\n    at cypressErr (http://localhost:45477/__cypress/runner/cypress_runner.js:149934:9)\n    at throwErr (http://localhost:45477/__cypress/runner/cypress_runner.js:149867:11)\n    at Object.throwErrByPath (http://localhost:45477/__cypress/runner/cypress_runner.js:149915:3)\n    at retry (http://localhost:45477/__cypress/runner/cypress_runner.js:144197:19)\n    at onFailFn (http://localhost:45477/__cypress/runner/cypress_runner.js:132448:16)\n    at tryCatcher (http://localhost:45477/__cypress/runner/cypress_runner.js:167415:23)\n    at Promise._settlePromiseFromHandler (http://localhost:45477/__cypress/runner/cypress_runner.js:165351:31)\n    at Promise._settlePromise (http://localhost:45477/__cypress/runner/cypress_runner.js:165408:18)\n    at Promise._settlePromise0 (http://localhost:45477/__cypress/runner/cypress_runner.js:165453:10)\n    at Promise._settlePromises (http://localhost:45477/__cypress/runner/cypress_runner.js:165528:18)\n    at Async../node_modules/bluebird/js/release/async.js.Async._drainQueue (http://localhost:45477/__cypress/runner/cypress_runner.js:162140:16)\n    at Async../node_modules/bluebird/js/release/async.js.Async._drainQueues (http://localhost:45477/__cypress/runner/cypress_runner.js:162150:10)\n    at Async.drainQueues (http://localhost:45477/__cypress/runner/cypress_runner.js:162024:14)",
                "diff": null
              },
              "uuid": "baa2ac75-56e8-4b94-afa7-9fa2dd3950bb",
              "parentUUID": "7b39df69-b97c-4875-8aca-2ed2805dc2e0",
              "isHook": false,
              "skipped": false
            },
            {
              "title": "Verifica se a paleta de cores está posicionada abaixo do título 'Paleta de Cores'",
              "fullTitle": "2 - Adicione à página uma paleta de quatro cores distintas. Verifica se a paleta de cores está posicionada abaixo do título 'Paleta de Cores'",
              "timedOut": null,
              "duration": 5179,
              "state": "failed",
              "speed": null,
              "pass": false,
              "fail": true,
              "pending": false,
              "context": null,
              "code": "cy.get('h1#title').then(function (title) {\n  cy.get('#color-palette').should('be.belowOf', title);\n});",
              "err": {
                "message": "CypressError: Timed out retrying: Expected to find element: '#color-palette', but never found it.",
                "estack": "CypressError: Timed out retrying: Expected to find element: '#color-palette', but never found it.\n    at cypressErr (http://localhost:45477/__cypress/runner/cypress_runner.js:149934:9)\n    at throwErr (http://localhost:45477/__cypress/runner/cypress_runner.js:149867:11)\n    at Object.throwErrByPath (http://localhost:45477/__cypress/runner/cypress_runner.js:149915:3)\n    at retry (http://localhost:45477/__cypress/runner/cypress_runner.js:144197:19)\n    at onFailFn (http://localhost:45477/__cypress/runner/cypress_runner.js:132448:16)\n    at tryCatcher (http://localhost:45477/__cypress/runner/cypress_runner.js:167415:23)\n    at Promise._settlePromiseFromHandler (http://localhost:45477/__cypress/runner/cypress_runner.js:165351:31)\n    at Promise._settlePromise (http://localhost:45477/__cypress/runner/cypress_runner.js:165408:18)\n    at Promise._settlePromise0 (http://localhost:45477/__cypress/runner/cypress_runner.js:165453:10)\n    at Promise._settlePromises (http://localhost:45477/__cypress/runner/cypress_runner.js:165528:18)\n    at Async../node_modules/bluebird/js/release/async.js.Async._drainQueue (http://localhost:45477/__cypress/runner/cypress_runner.js:162140:16)\n    at Async../node_modules/bluebird/js/release/async.js.Async._drainQueues (http://localhost:45477/__cypress/runner/cypress_runner.js:162150:10)\n    at Async.drainQueues (http://localhost:45477/__cypress/runner/cypress_runner.js:162024:14)",
                "diff": null
              },
              "uuid": "e8e7966c-8a7b-4e7d-b966-06ff5a9cdec9",
              "parentUUID": "7b39df69-b97c-4875-8aca-2ed2805dc2e0",
              "isHook": false,
              "skipped": false
            },
            {
              "title": "Verifica se a paleta de cores não contém cores repetidas.",
              "fullTitle": "2 - Adicione à página uma paleta de quatro cores distintas. Verifica se a paleta de cores não contém cores repetidas.",
              "timedOut": null,
              "duration": 5593,
              "state": "failed",
              "speed": null,
              "pass": false,
              "fail": true,
              "pending": false,
              "context": null,
              "code": "cy.get('.color').then(function (colors) {\n  var allColors = Array.from(colors).map(function (color) {\n    return Cypress.$(color).css('background-color');\n  });\n  cy.log(allColors);\n  var uniqColors = (0, _toConsumableArray2[\"default\"])(new Set(allColors));\n  cy.log(uniqColors);\n  expect(allColors.length).to.eq(uniqColors.length);\n});",
              "err": {
                "message": "CypressError: Timed out retrying: Expected to find element: '.color', but never found it.",
                "estack": "CypressError: Timed out retrying: Expected to find element: '.color', but never found it.\n    at cypressErr (http://localhost:45477/__cypress/runner/cypress_runner.js:149934:9)\n    at throwErr (http://localhost:45477/__cypress/runner/cypress_runner.js:149867:11)\n    at Object.throwErrByPath (http://localhost:45477/__cypress/runner/cypress_runner.js:149915:3)\n    at retry (http://localhost:45477/__cypress/runner/cypress_runner.js:144197:19)\n    at onFailFn (http://localhost:45477/__cypress/runner/cypress_runner.js:132448:16)\n    at tryCatcher (http://localhost:45477/__cypress/runner/cypress_runner.js:167415:23)\n    at Promise._settlePromiseFromHandler (http://localhost:45477/__cypress/runner/cypress_runner.js:165351:31)\n    at Promise._settlePromise (http://localhost:45477/__cypress/runner/cypress_runner.js:165408:18)\n    at Promise._settlePromise0 (http://localhost:45477/__cypress/runner/cypress_runner.js:165453:10)\n    at Promise._settlePromises (http://localhost:45477/__cypress/runner/cypress_runner.js:165528:18)\n    at Async../node_modules/bluebird/js/release/async.js.Async._drainQueue (http://localhost:45477/__cypress/runner/cypress_runner.js:162140:16)\n    at Async../node_modules/bluebird/js/release/async.js.Async._drainQueues (http://localhost:45477/__cypress/runner/cypress_runner.js:162150:10)\n    at Async.drainQueues (http://localhost:45477/__cypress/runner/cypress_runner.js:162024:14)",
                "diff": null
              },
              "uuid": "568932cc-b21f-4609-8355-04c9ed903e92",
              "parentUUID": "7b39df69-b97c-4875-8aca-2ed2805dc2e0",
              "isHook": false,
              "skipped": false
            }
          ],
          "suites": [],
          "passes": [],
          "failures": [
            "8a7d078f-9f72-4603-83a9-319d6900d315",
            "46642174-041f-42a9-a738-e0dba24226e8",
            "db71d2a6-6b25-4fc7-a40d-00c252ea70e4",
            "18409358-3567-459f-a85b-d532feb8fb22",
            "baa2ac75-56e8-4b94-afa7-9fa2dd3950bb",
            "e8e7966c-8a7b-4e7d-b966-06ff5a9cdec9",
            "568932cc-b21f-4609-8355-04c9ed903e92"
          ],
          "pending": [],
          "skipped": [],
          "duration": 38654,
          "root": false,
          "rootEmpty": false,
          "_timeout": 2000
        },
        {
          "uuid": "84764707-8cce-4f01-8f61-657e40fb5f25",
          "title": "3 - Adicione a cor **preta** como a primeira cor da paleta de cores.",
          "fullFile": "",
          "file": "",
          "beforeHooks": [],
          "afterHooks": [],
          "tests": [
            {
              "title": "Verifica se a primeira cor da paleta é preta",
              "fullTitle": "3 - Adicione a cor **preta** como a primeira cor da paleta de cores. Verifica se a primeira cor da paleta é preta",
              "timedOut": null,
              "duration": 5280,
              "state": "failed",
              "speed": null,
              "pass": false,
              "fail": true,
              "pending": false,
              "context": null,
              "code": "cy.get('.color').first().should('have.css', 'background-color', BLACK);",
              "err": {
                "message": "CypressError: Timed out retrying: Expected to find element: '.color', but never found it.",
                "estack": "CypressError: Timed out retrying: Expected to find element: '.color', but never found it.\n    at cypressErr (http://localhost:45477/__cypress/runner/cypress_runner.js:149934:9)\n    at throwErr (http://localhost:45477/__cypress/runner/cypress_runner.js:149867:11)\n    at Object.throwErrByPath (http://localhost:45477/__cypress/runner/cypress_runner.js:149915:3)\n    at retry (http://localhost:45477/__cypress/runner/cypress_runner.js:144197:19)\n    at onFailFn (http://localhost:45477/__cypress/runner/cypress_runner.js:132448:16)\n    at tryCatcher (http://localhost:45477/__cypress/runner/cypress_runner.js:167415:23)\n    at Promise._settlePromiseFromHandler (http://localhost:45477/__cypress/runner/cypress_runner.js:165351:31)\n    at Promise._settlePromise (http://localhost:45477/__cypress/runner/cypress_runner.js:165408:18)\n    at Promise._settlePromise0 (http://localhost:45477/__cypress/runner/cypress_runner.js:165453:10)\n    at Promise._settlePromises (http://localhost:45477/__cypress/runner/cypress_runner.js:165528:18)\n    at Async../node_modules/bluebird/js/release/async.js.Async._drainQueue (http://localhost:45477/__cypress/runner/cypress_runner.js:162140:16)\n    at Async../node_modules/bluebird/js/release/async.js.Async._drainQueues (http://localhost:45477/__cypress/runner/cypress_runner.js:162150:10)\n    at Async.drainQueues (http://localhost:45477/__cypress/runner/cypress_runner.js:162024:14)",
                "diff": null
              },
              "uuid": "cf32c11a-f182-448c-94a5-e85ceda22544",
              "parentUUID": "84764707-8cce-4f01-8f61-657e40fb5f25",
              "isHook": false,
              "skipped": false
            },
            {
              "title": "Verifica se as demais cores podem ser escolhidas livremente.",
              "fullTitle": "3 - Adicione a cor **preta** como a primeira cor da paleta de cores. Verifica se as demais cores podem ser escolhidas livremente.",
              "timedOut": null,
              "duration": 5317,
              "state": "failed",
              "speed": null,
              "pass": false,
              "fail": true,
              "pending": false,
              "context": null,
              "code": "cy.get('.color').eq(1).should('not.have.css', 'background-color', BLACK);\ncy.get('.color').eq(1).should('not.have.css', 'background-color', WHITE);\ncy.get('.color').eq(1).should('not.have.css', 'background-color', 'rgba(0, 0, 0, 0)');\ncy.get('.color').eq(1).should('have.css', 'background-color');\ncy.get('.color').eq(2).should('not.have.css', 'background-color', BLACK);\ncy.get('.color').eq(2).should('not.have.css', 'background-color', WHITE);\ncy.get('.color').eq(2).should('not.have.css', 'background-color', 'rgba(0, 0, 0, 0)');\ncy.get('.color').eq(2).should('have.css', 'background-color');\ncy.get('.color').eq(3).should('not.have.css', 'background-color', BLACK);\ncy.get('.color').eq(3).should('not.have.css', 'background-color', WHITE);\ncy.get('.color').eq(3).should('not.have.css', 'background-color', 'rgba(0, 0, 0, 0)');\ncy.get('.color').eq(3).should('have.css', 'background-color');",
              "err": {
                "message": "CypressError: Timed out retrying: Expected to find element: '.color', but never found it.",
                "estack": "CypressError: Timed out retrying: Expected to find element: '.color', but never found it.\n    at cypressErr (http://localhost:45477/__cypress/runner/cypress_runner.js:149934:9)\n    at throwErr (http://localhost:45477/__cypress/runner/cypress_runner.js:149867:11)\n    at Object.throwErrByPath (http://localhost:45477/__cypress/runner/cypress_runner.js:149915:3)\n    at retry (http://localhost:45477/__cypress/runner/cypress_runner.js:144197:19)\n    at onFailFn (http://localhost:45477/__cypress/runner/cypress_runner.js:132448:16)\n    at tryCatcher (http://localhost:45477/__cypress/runner/cypress_runner.js:167415:23)\n    at Promise._settlePromiseFromHandler (http://localhost:45477/__cypress/runner/cypress_runner.js:165351:31)\n    at Promise._settlePromise (http://localhost:45477/__cypress/runner/cypress_runner.js:165408:18)\n    at Promise._settlePromise0 (http://localhost:45477/__cypress/runner/cypress_runner.js:165453:10)\n    at Promise._settlePromises (http://localhost:45477/__cypress/runner/cypress_runner.js:165528:18)\n    at Async../node_modules/bluebird/js/release/async.js.Async._drainQueue (http://localhost:45477/__cypress/runner/cypress_runner.js:162140:16)\n    at Async../node_modules/bluebird/js/release/async.js.Async._drainQueues (http://localhost:45477/__cypress/runner/cypress_runner.js:162150:10)\n    at Async.drainQueues (http://localhost:45477/__cypress/runner/cypress_runner.js:162024:14)",
                "diff": null
              },
              "uuid": "00f059c7-7e41-4e36-8b79-2a41aa5c339f",
              "parentUUID": "84764707-8cce-4f01-8f61-657e40fb5f25",
              "isHook": false,
              "skipped": false
            }
          ],
          "suites": [],
          "passes": [],
          "failures": [
            "cf32c11a-f182-448c-94a5-e85ceda22544",
            "00f059c7-7e41-4e36-8b79-2a41aa5c339f"
          ],
          "pending": [],
          "skipped": [],
          "duration": 10597,
          "root": false,
          "rootEmpty": false,
          "_timeout": 2000
        },
        {
          "uuid": "09bdb8d2-905b-4883-a696-80e5fae6fc06",
          "title": "4 - Adicione à página um quadro de pixels, com 25 pixels.",
          "fullFile": "",
          "file": "",
          "beforeHooks": [],
          "afterHooks": [],
          "tests": [
            {
              "title": "Verifica se o quadro de pixels possui o `id` denominado `pixel-board`",
              "fullTitle": "4 - Adicione à página um quadro de pixels, com 25 pixels. Verifica se o quadro de pixels possui o `id` denominado `pixel-board`",
              "timedOut": null,
              "duration": 5627,
              "state": "failed",
              "speed": null,
              "pass": false,
              "fail": true,
              "pending": false,
              "context": null,
              "code": "cy.get('#pixel-board').should('be.visible');",
              "err": {
                "message": "CypressError: Timed out retrying: Expected to find element: '#pixel-board', but never found it.",
                "estack": "CypressError: Timed out retrying: Expected to find element: '#pixel-board', but never found it.\n    at cypressErr (http://localhost:45477/__cypress/runner/cypress_runner.js:149934:9)\n    at throwErr (http://localhost:45477/__cypress/runner/cypress_runner.js:149867:11)\n    at Object.throwErrByPath (http://localhost:45477/__cypress/runner/cypress_runner.js:149915:3)\n    at retry (http://localhost:45477/__cypress/runner/cypress_runner.js:144197:19)\n    at onFailFn (http://localhost:45477/__cypress/runner/cypress_runner.js:132448:16)\n    at tryCatcher (http://localhost:45477/__cypress/runner/cypress_runner.js:167415:23)\n    at Promise._settlePromiseFromHandler (http://localhost:45477/__cypress/runner/cypress_runner.js:165351:31)\n    at Promise._settlePromise (http://localhost:45477/__cypress/runner/cypress_runner.js:165408:18)\n    at Promise._settlePromise0 (http://localhost:45477/__cypress/runner/cypress_runner.js:165453:10)\n    at Promise._settlePromises (http://localhost:45477/__cypress/runner/cypress_runner.js:165528:18)\n    at Async../node_modules/bluebird/js/release/async.js.Async._drainQueue (http://localhost:45477/__cypress/runner/cypress_runner.js:162140:16)\n    at Async../node_modules/bluebird/js/release/async.js.Async._drainQueues (http://localhost:45477/__cypress/runner/cypress_runner.js:162150:10)\n    at Async.drainQueues (http://localhost:45477/__cypress/runner/cypress_runner.js:162024:14)",
                "diff": null
              },
              "uuid": "8809b93f-dd72-40af-abd4-f9f585154e4c",
              "parentUUID": "09bdb8d2-905b-4883-a696-80e5fae6fc06",
              "isHook": false,
              "skipped": false
            },
            {
              "title": "Verifica se cada pixel individual dentro do quadro possui a `classe` denominada `pixel`.",
              "fullTitle": "4 - Adicione à página um quadro de pixels, com 25 pixels. Verifica se cada pixel individual dentro do quadro possui a `classe` denominada `pixel`.",
              "timedOut": null,
              "duration": 5460,
              "state": "failed",
              "speed": null,
              "pass": false,
              "fail": true,
              "pending": false,
              "context": null,
              "code": "cy.get('.pixel').should('have.length', 25);",
              "err": {
                "message": "CypressError: Timed out retrying: Expected to find element: '.pixel', but never found it.",
                "estack": "CypressError: Timed out retrying: Expected to find element: '.pixel', but never found it.\n    at cypressErr (http://localhost:45477/__cypress/runner/cypress_runner.js:149934:9)\n    at throwErr (http://localhost:45477/__cypress/runner/cypress_runner.js:149867:11)\n    at Object.throwErrByPath (http://localhost:45477/__cypress/runner/cypress_runner.js:149915:3)\n    at retry (http://localhost:45477/__cypress/runner/cypress_runner.js:144197:19)\n    at onFailFn (http://localhost:45477/__cypress/runner/cypress_runner.js:132448:16)\n    at tryCatcher (http://localhost:45477/__cypress/runner/cypress_runner.js:167415:23)\n    at Promise._settlePromiseFromHandler (http://localhost:45477/__cypress/runner/cypress_runner.js:165351:31)\n    at Promise._settlePromise (http://localhost:45477/__cypress/runner/cypress_runner.js:165408:18)\n    at Promise._settlePromise0 (http://localhost:45477/__cypress/runner/cypress_runner.js:165453:10)\n    at Promise._settlePromises (http://localhost:45477/__cypress/runner/cypress_runner.js:165528:18)\n    at Async../node_modules/bluebird/js/release/async.js.Async._drainQueue (http://localhost:45477/__cypress/runner/cypress_runner.js:162140:16)\n    at Async../node_modules/bluebird/js/release/async.js.Async._drainQueues (http://localhost:45477/__cypress/runner/cypress_runner.js:162150:10)\n    at Async.drainQueues (http://localhost:45477/__cypress/runner/cypress_runner.js:162024:14)",
                "diff": null
              },
              "uuid": "57d90243-2af1-43e0-97b4-5d487fb46db3",
              "parentUUID": "09bdb8d2-905b-4883-a696-80e5fae6fc06",
              "isHook": false,
              "skipped": false
            },
            {
              "title": "Verifica se a cor inicial dos pixels dentro do quadro, ao abrir a página, é branca.",
              "fullTitle": "4 - Adicione à página um quadro de pixels, com 25 pixels. Verifica se a cor inicial dos pixels dentro do quadro, ao abrir a página, é branca.",
              "timedOut": null,
              "duration": 5460,
              "state": "failed",
              "speed": null,
              "pass": false,
              "fail": true,
              "pending": false,
              "context": null,
              "code": "cy.get('.pixel').should('have.length', 25).each(function (pixel) {\n  expect(pixel).to.have.css('background-color', WHITE);\n});",
              "err": {
                "message": "CypressError: Timed out retrying: Expected to find element: '.pixel', but never found it.",
                "estack": "CypressError: Timed out retrying: Expected to find element: '.pixel', but never found it.\n    at cypressErr (http://localhost:45477/__cypress/runner/cypress_runner.js:149934:9)\n    at throwErr (http://localhost:45477/__cypress/runner/cypress_runner.js:149867:11)\n    at Object.throwErrByPath (http://localhost:45477/__cypress/runner/cypress_runner.js:149915:3)\n    at retry (http://localhost:45477/__cypress/runner/cypress_runner.js:144197:19)\n    at onFailFn (http://localhost:45477/__cypress/runner/cypress_runner.js:132448:16)\n    at tryCatcher (http://localhost:45477/__cypress/runner/cypress_runner.js:167415:23)\n    at Promise._settlePromiseFromHandler (http://localhost:45477/__cypress/runner/cypress_runner.js:165351:31)\n    at Promise._settlePromise (http://localhost:45477/__cypress/runner/cypress_runner.js:165408:18)\n    at Promise._settlePromise0 (http://localhost:45477/__cypress/runner/cypress_runner.js:165453:10)\n    at Promise._settlePromises (http://localhost:45477/__cypress/runner/cypress_runner.js:165528:18)\n    at Async../node_modules/bluebird/js/release/async.js.Async._drainQueue (http://localhost:45477/__cypress/runner/cypress_runner.js:162140:16)\n    at Async../node_modules/bluebird/js/release/async.js.Async._drainQueues (http://localhost:45477/__cypress/runner/cypress_runner.js:162150:10)\n    at Async.drainQueues (http://localhost:45477/__cypress/runner/cypress_runner.js:162024:14)",
                "diff": null
              },
              "uuid": "40f6502a-c630-461c-b73a-02ee23270819",
              "parentUUID": "09bdb8d2-905b-4883-a696-80e5fae6fc06",
              "isHook": false,
              "skipped": false
            },
            {
              "title": "Verifica se o quadro de pixels aparece abaixo da paleta de cores",
              "fullTitle": "4 - Adicione à página um quadro de pixels, com 25 pixels. Verifica se o quadro de pixels aparece abaixo da paleta de cores",
              "timedOut": null,
              "duration": 6297,
              "state": "failed",
              "speed": null,
              "pass": false,
              "fail": true,
              "pending": false,
              "context": null,
              "code": "cy.get('#color-palette').then(function (palette) {\n  cy.get('#pixel-board').should('be.belowOf', palette);\n});",
              "err": {
                "message": "CypressError: Timed out retrying: Expected to find element: '#color-palette', but never found it.",
                "estack": "CypressError: Timed out retrying: Expected to find element: '#color-palette', but never found it.\n    at cypressErr (http://localhost:45477/__cypress/runner/cypress_runner.js:149934:9)\n    at throwErr (http://localhost:45477/__cypress/runner/cypress_runner.js:149867:11)\n    at Object.throwErrByPath (http://localhost:45477/__cypress/runner/cypress_runner.js:149915:3)\n    at retry (http://localhost:45477/__cypress/runner/cypress_runner.js:144197:19)\n    at onFailFn (http://localhost:45477/__cypress/runner/cypress_runner.js:132448:16)\n    at tryCatcher (http://localhost:45477/__cypress/runner/cypress_runner.js:167415:23)\n    at Promise._settlePromiseFromHandler (http://localhost:45477/__cypress/runner/cypress_runner.js:165351:31)\n    at Promise._settlePromise (http://localhost:45477/__cypress/runner/cypress_runner.js:165408:18)\n    at Promise._settlePromise0 (http://localhost:45477/__cypress/runner/cypress_runner.js:165453:10)\n    at Promise._settlePromises (http://localhost:45477/__cypress/runner/cypress_runner.js:165528:18)\n    at Async../node_modules/bluebird/js/release/async.js.Async._drainQueue (http://localhost:45477/__cypress/runner/cypress_runner.js:162140:16)\n    at Async../node_modules/bluebird/js/release/async.js.Async._drainQueues (http://localhost:45477/__cypress/runner/cypress_runner.js:162150:10)\n    at Async.drainQueues (http://localhost:45477/__cypress/runner/cypress_runner.js:162024:14)",
                "diff": null
              },
              "uuid": "339051ce-51e6-4a5e-8729-b76977b1a7d0",
              "parentUUID": "09bdb8d2-905b-4883-a696-80e5fae6fc06",
              "isHook": false,
              "skipped": false
            }
          ],
          "suites": [],
          "passes": [],
          "failures": [
            "8809b93f-dd72-40af-abd4-f9f585154e4c",
            "57d90243-2af1-43e0-97b4-5d487fb46db3",
            "40f6502a-c630-461c-b73a-02ee23270819",
            "339051ce-51e6-4a5e-8729-b76977b1a7d0"
          ],
          "pending": [],
          "skipped": [],
          "duration": 22844,
          "root": false,
          "rootEmpty": false,
          "_timeout": 2000
        },
        {
          "uuid": "37c286b7-c29f-4495-8d06-850443b92f0b",
          "title": "5 - Faça com que cada elemento do quadro de pixels possua 40 pixels de largura, 40 pixels de altura e seja delimitado por uma borda preta de 1 pixel.",
          "fullFile": "",
          "file": "",
          "beforeHooks": [],
          "afterHooks": [],
          "tests": [
            {
              "title": "Verifica se o quadro de pixels tem altura e comprimento de 5 elementos",
              "fullTitle": "5 - Faça com que cada elemento do quadro de pixels possua 40 pixels de largura, 40 pixels de altura e seja delimitado por uma borda preta de 1 pixel. Verifica se o quadro de pixels tem altura e comprimento de 5 elementos",
              "timedOut": null,
              "duration": 5387,
              "state": "failed",
              "speed": null,
              "pass": false,
              "fail": true,
              "pending": false,
              "context": null,
              "code": "cy.get('.pixel').should('have.length', 25).each(function (pixel) {\n  expect(pixel).to.have.css('background-color', WHITE);\n}).and(function (pixels) {\n  var rows = chunk(pixels, 5);\n  rows.forEach(function (row) {\n    for (var index = 1; index < row.length; index += 1) {\n      var current = pixels[index];\n      var previous = pixels[index - 1];\n      cy.wrap(current).should('be.onTheRightOf', previous).and('be.horizontallyAlignedWith', previous);\n    }\n  });\n  for (var index = 1; index < 5; index += 1) {\n    expect(pixels[index * 5]).to.be.belowOf(pixels[(index - 1) * 5]);\n  }\n});",
              "err": {
                "message": "CypressError: Timed out retrying: Expected to find element: '.pixel', but never found it.",
                "estack": "CypressError: Timed out retrying: Expected to find element: '.pixel', but never found it.\n    at cypressErr (http://localhost:45477/__cypress/runner/cypress_runner.js:149934:9)\n    at throwErr (http://localhost:45477/__cypress/runner/cypress_runner.js:149867:11)\n    at Object.throwErrByPath (http://localhost:45477/__cypress/runner/cypress_runner.js:149915:3)\n    at retry (http://localhost:45477/__cypress/runner/cypress_runner.js:144197:19)\n    at onFailFn (http://localhost:45477/__cypress/runner/cypress_runner.js:132448:16)\n    at tryCatcher (http://localhost:45477/__cypress/runner/cypress_runner.js:167415:23)\n    at Promise._settlePromiseFromHandler (http://localhost:45477/__cypress/runner/cypress_runner.js:165351:31)\n    at Promise._settlePromise (http://localhost:45477/__cypress/runner/cypress_runner.js:165408:18)\n    at Promise._settlePromise0 (http://localhost:45477/__cypress/runner/cypress_runner.js:165453:10)\n    at Promise._settlePromises (http://localhost:45477/__cypress/runner/cypress_runner.js:165528:18)\n    at Async../node_modules/bluebird/js/release/async.js.Async._drainQueue (http://localhost:45477/__cypress/runner/cypress_runner.js:162140:16)\n    at Async../node_modules/bluebird/js/release/async.js.Async._drainQueues (http://localhost:45477/__cypress/runner/cypress_runner.js:162150:10)\n    at Async.drainQueues (http://localhost:45477/__cypress/runner/cypress_runner.js:162024:14)",
                "diff": null
              },
              "uuid": "08f2050a-13bf-4f43-b027-b34350e8d56b",
              "parentUUID": "37c286b7-c29f-4495-8d06-850443b92f0b",
              "isHook": false,
              "skipped": false
            },
            {
              "title": "Verifica se 40 pixels é o tamanho total do elemento, incluindo seu conteúdo e excluindo a borda preta, que deve ser criada à parte.",
              "fullTitle": "5 - Faça com que cada elemento do quadro de pixels possua 40 pixels de largura, 40 pixels de altura e seja delimitado por uma borda preta de 1 pixel. Verifica se 40 pixels é o tamanho total do elemento, incluindo seu conteúdo e excluindo a borda preta, que deve ser criada à parte.",
              "timedOut": null,
              "duration": 5373,
              "state": "failed",
              "speed": null,
              "pass": false,
              "fail": true,
              "pending": false,
              "context": null,
              "code": "cy.get('.pixel').each(function (pixel) {\n  cy.wrap(pixel).should('have.css', 'height', '40px').and('have.css', 'width', '40px').and('have.css', 'border', \"1px solid \".concat(BLACK));\n});",
              "err": {
                "message": "CypressError: Timed out retrying: Expected to find element: '.pixel', but never found it.",
                "estack": "CypressError: Timed out retrying: Expected to find element: '.pixel', but never found it.\n    at cypressErr (http://localhost:45477/__cypress/runner/cypress_runner.js:149934:9)\n    at throwErr (http://localhost:45477/__cypress/runner/cypress_runner.js:149867:11)\n    at Object.throwErrByPath (http://localhost:45477/__cypress/runner/cypress_runner.js:149915:3)\n    at retry (http://localhost:45477/__cypress/runner/cypress_runner.js:144197:19)\n    at onFailFn (http://localhost:45477/__cypress/runner/cypress_runner.js:132448:16)\n    at tryCatcher (http://localhost:45477/__cypress/runner/cypress_runner.js:167415:23)\n    at Promise._settlePromiseFromHandler (http://localhost:45477/__cypress/runner/cypress_runner.js:165351:31)\n    at Promise._settlePromise (http://localhost:45477/__cypress/runner/cypress_runner.js:165408:18)\n    at Promise._settlePromise0 (http://localhost:45477/__cypress/runner/cypress_runner.js:165453:10)\n    at Promise._settlePromises (http://localhost:45477/__cypress/runner/cypress_runner.js:165528:18)\n    at Async../node_modules/bluebird/js/release/async.js.Async._drainQueue (http://localhost:45477/__cypress/runner/cypress_runner.js:162140:16)\n    at Async../node_modules/bluebird/js/release/async.js.Async._drainQueues (http://localhost:45477/__cypress/runner/cypress_runner.js:162150:10)\n    at Async.drainQueues (http://localhost:45477/__cypress/runner/cypress_runner.js:162024:14)",
                "diff": null
              },
              "uuid": "cd3df9a8-f77f-492d-81f1-d545de881ac3",
              "parentUUID": "37c286b7-c29f-4495-8d06-850443b92f0b",
              "isHook": false,
              "skipped": false
            }
          ],
          "suites": [],
          "passes": [],
          "failures": [
            "08f2050a-13bf-4f43-b027-b34350e8d56b",
            "cd3df9a8-f77f-492d-81f1-d545de881ac3"
          ],
          "pending": [],
          "skipped": [],
          "duration": 10760,
          "root": false,
          "rootEmpty": false,
          "_timeout": 2000
        },
        {
          "uuid": "679c62bc-731c-44c9-a245-c4456acccc71",
          "title": "6 - Defina a cor preta como cor inicial. Ao carregar a página a cor preta já deve estar selecionada para pintar os pixels",
          "fullFile": "",
          "file": "",
          "beforeHooks": [],
          "afterHooks": [],
          "tests": [
            {
              "title": "Verifica se o elemento da cor preta possui, inicialmente, a `classe` `selected`",
              "fullTitle": "6 - Defina a cor preta como cor inicial. Ao carregar a página a cor preta já deve estar selecionada para pintar os pixels Verifica se o elemento da cor preta possui, inicialmente, a `classe` `selected`",
              "timedOut": null,
              "duration": 5444,
              "state": "failed",
              "speed": null,
              "pass": false,
              "fail": true,
              "pending": false,
              "context": null,
              "code": "cy.get('.selected').first().should('have.css', 'background-color', BLACK);",
              "err": {
                "message": "CypressError: Timed out retrying: Expected to find element: '.selected', but never found it.",
                "estack": "CypressError: Timed out retrying: Expected to find element: '.selected', but never found it.\n    at cypressErr (http://localhost:45477/__cypress/runner/cypress_runner.js:149934:9)\n    at throwErr (http://localhost:45477/__cypress/runner/cypress_runner.js:149867:11)\n    at Object.throwErrByPath (http://localhost:45477/__cypress/runner/cypress_runner.js:149915:3)\n    at retry (http://localhost:45477/__cypress/runner/cypress_runner.js:144197:19)\n    at onFailFn (http://localhost:45477/__cypress/runner/cypress_runner.js:132448:16)\n    at tryCatcher (http://localhost:45477/__cypress/runner/cypress_runner.js:167415:23)\n    at Promise._settlePromiseFromHandler (http://localhost:45477/__cypress/runner/cypress_runner.js:165351:31)\n    at Promise._settlePromise (http://localhost:45477/__cypress/runner/cypress_runner.js:165408:18)\n    at Promise._settlePromise0 (http://localhost:45477/__cypress/runner/cypress_runner.js:165453:10)\n    at Promise._settlePromises (http://localhost:45477/__cypress/runner/cypress_runner.js:165528:18)\n    at Async../node_modules/bluebird/js/release/async.js.Async._drainQueue (http://localhost:45477/__cypress/runner/cypress_runner.js:162140:16)\n    at Async../node_modules/bluebird/js/release/async.js.Async._drainQueues (http://localhost:45477/__cypress/runner/cypress_runner.js:162150:10)\n    at Async.drainQueues (http://localhost:45477/__cypress/runner/cypress_runner.js:162024:14)",
                "diff": null
              },
              "uuid": "a1fbb0a5-0901-4264-b28a-1b31ccc07635",
              "parentUUID": "679c62bc-731c-44c9-a245-c4456acccc71",
              "isHook": false,
              "skipped": false
            },
            {
              "title": "Verifica se nenhuma outra cor da paleta tem a `classe` `selected`",
              "fullTitle": "6 - Defina a cor preta como cor inicial. Ao carregar a página a cor preta já deve estar selecionada para pintar os pixels Verifica se nenhuma outra cor da paleta tem a `classe` `selected`",
              "timedOut": null,
              "duration": 5335,
              "state": "failed",
              "speed": null,
              "pass": false,
              "fail": true,
              "pending": false,
              "context": null,
              "code": "cy.get('.color:not(:first-child)').each(function (color) {\n  cy.wrap(color).should('not.have.class', 'selected');\n});",
              "err": {
                "message": "CypressError: Timed out retrying: Expected to find element: '.color:not(:first-child)', but never found it.",
                "estack": "CypressError: Timed out retrying: Expected to find element: '.color:not(:first-child)', but never found it.\n    at cypressErr (http://localhost:45477/__cypress/runner/cypress_runner.js:149934:9)\n    at throwErr (http://localhost:45477/__cypress/runner/cypress_runner.js:149867:11)\n    at Object.throwErrByPath (http://localhost:45477/__cypress/runner/cypress_runner.js:149915:3)\n    at retry (http://localhost:45477/__cypress/runner/cypress_runner.js:144197:19)\n    at onFailFn (http://localhost:45477/__cypress/runner/cypress_runner.js:132448:16)\n    at tryCatcher (http://localhost:45477/__cypress/runner/cypress_runner.js:167415:23)\n    at Promise._settlePromiseFromHandler (http://localhost:45477/__cypress/runner/cypress_runner.js:165351:31)\n    at Promise._settlePromise (http://localhost:45477/__cypress/runner/cypress_runner.js:165408:18)\n    at Promise._settlePromise0 (http://localhost:45477/__cypress/runner/cypress_runner.js:165453:10)\n    at Promise._settlePromises (http://localhost:45477/__cypress/runner/cypress_runner.js:165528:18)\n    at Async../node_modules/bluebird/js/release/async.js.Async._drainQueue (http://localhost:45477/__cypress/runner/cypress_runner.js:162140:16)\n    at Async../node_modules/bluebird/js/release/async.js.Async._drainQueues (http://localhost:45477/__cypress/runner/cypress_runner.js:162150:10)\n    at Async.drainQueues (http://localhost:45477/__cypress/runner/cypress_runner.js:162024:14)",
                "diff": null
              },
              "uuid": "f9eb47ad-1834-40c3-8c79-02f9fdcb81b2",
              "parentUUID": "679c62bc-731c-44c9-a245-c4456acccc71",
              "isHook": false,
              "skipped": false
            }
          ],
          "suites": [],
          "passes": [],
          "failures": [
            "a1fbb0a5-0901-4264-b28a-1b31ccc07635",
            "f9eb47ad-1834-40c3-8c79-02f9fdcb81b2"
          ],
          "pending": [],
          "skipped": [],
          "duration": 10779,
          "root": false,
          "rootEmpty": false,
          "_timeout": 2000
        },
        {
          "uuid": "f0fbfd58-ef9a-4e4b-987c-de81eb10178b",
          "title": "7 - Clicar em uma das cores da paleta, faz com que ela seja selecionada e utilizada para preencher os pixels no quadro.",
          "fullFile": "",
          "file": "",
          "beforeHooks": [],
          "afterHooks": [],
          "tests": [
            {
              "title": "Verifica se somente uma cor da paleta de cores tem a classe `selected` de cada vez",
              "fullTitle": "7 - Clicar em uma das cores da paleta, faz com que ela seja selecionada e utilizada para preencher os pixels no quadro. Verifica se somente uma cor da paleta de cores tem a classe `selected` de cada vez",
              "timedOut": null,
              "duration": 5171,
              "state": "failed",
              "speed": null,
              "pass": false,
              "fail": true,
              "pending": false,
              "context": null,
              "code": "cy.get('.color').each(function (selectedColor, selectedColorIndex) {\n  cy.wrap(selectedColor).click();\n  cy.get('.color').each(function (color, colorIndex) {\n    if (colorIndex === selectedColorIndex) {\n      expect(color).to.have[\"class\"]('selected');\n    } else {\n      expect(color).not.to.have[\"class\"]('selected');\n    }\n  });\n});",
              "err": {
                "message": "CypressError: Timed out retrying: Expected to find element: '.color', but never found it.",
                "estack": "CypressError: Timed out retrying: Expected to find element: '.color', but never found it.\n    at cypressErr (http://localhost:45477/__cypress/runner/cypress_runner.js:149934:9)\n    at throwErr (http://localhost:45477/__cypress/runner/cypress_runner.js:149867:11)\n    at Object.throwErrByPath (http://localhost:45477/__cypress/runner/cypress_runner.js:149915:3)\n    at retry (http://localhost:45477/__cypress/runner/cypress_runner.js:144197:19)\n    at onFailFn (http://localhost:45477/__cypress/runner/cypress_runner.js:132448:16)\n    at tryCatcher (http://localhost:45477/__cypress/runner/cypress_runner.js:167415:23)\n    at Promise._settlePromiseFromHandler (http://localhost:45477/__cypress/runner/cypress_runner.js:165351:31)\n    at Promise._settlePromise (http://localhost:45477/__cypress/runner/cypress_runner.js:165408:18)\n    at Promise._settlePromise0 (http://localhost:45477/__cypress/runner/cypress_runner.js:165453:10)\n    at Promise._settlePromises (http://localhost:45477/__cypress/runner/cypress_runner.js:165528:18)\n    at Async../node_modules/bluebird/js/release/async.js.Async._drainQueue (http://localhost:45477/__cypress/runner/cypress_runner.js:162140:16)\n    at Async../node_modules/bluebird/js/release/async.js.Async._drainQueues (http://localhost:45477/__cypress/runner/cypress_runner.js:162150:10)\n    at Async.drainQueues (http://localhost:45477/__cypress/runner/cypress_runner.js:162024:14)",
                "diff": null
              },
              "uuid": "977a78b3-ba77-44c0-8d45-f78df17a0bc8",
              "parentUUID": "f0fbfd58-ef9a-4e4b-987c-de81eb10178b",
              "isHook": false,
              "skipped": false
            },
            {
              "title": "Verifica se os pixels dentro do quadro não têm a classe `selected` quando são clicados",
              "fullTitle": "7 - Clicar em uma das cores da paleta, faz com que ela seja selecionada e utilizada para preencher os pixels no quadro. Verifica se os pixels dentro do quadro não têm a classe `selected` quando são clicados",
              "timedOut": null,
              "duration": 5327,
              "state": "failed",
              "speed": null,
              "pass": false,
              "fail": true,
              "pending": false,
              "context": null,
              "code": "cy.get('.color').each(function (color) {\n  var backgroundColor = color.css('background-color');\n  cy.wrap(color).click();\n  cy.get('.pixel').each(function (pixel) {\n    cy.wrap(pixel).click().should('not.have.class', 'selected');\n  });\n});",
              "err": {
                "message": "CypressError: Timed out retrying: Expected to find element: '.color', but never found it.",
                "estack": "CypressError: Timed out retrying: Expected to find element: '.color', but never found it.\n    at cypressErr (http://localhost:45477/__cypress/runner/cypress_runner.js:149934:9)\n    at throwErr (http://localhost:45477/__cypress/runner/cypress_runner.js:149867:11)\n    at Object.throwErrByPath (http://localhost:45477/__cypress/runner/cypress_runner.js:149915:3)\n    at retry (http://localhost:45477/__cypress/runner/cypress_runner.js:144197:19)\n    at onFailFn (http://localhost:45477/__cypress/runner/cypress_runner.js:132448:16)\n    at tryCatcher (http://localhost:45477/__cypress/runner/cypress_runner.js:167415:23)\n    at Promise._settlePromiseFromHandler (http://localhost:45477/__cypress/runner/cypress_runner.js:165351:31)\n    at Promise._settlePromise (http://localhost:45477/__cypress/runner/cypress_runner.js:165408:18)\n    at Promise._settlePromise0 (http://localhost:45477/__cypress/runner/cypress_runner.js:165453:10)\n    at Promise._settlePromises (http://localhost:45477/__cypress/runner/cypress_runner.js:165528:18)\n    at Async../node_modules/bluebird/js/release/async.js.Async._drainQueue (http://localhost:45477/__cypress/runner/cypress_runner.js:162140:16)\n    at Async../node_modules/bluebird/js/release/async.js.Async._drainQueues (http://localhost:45477/__cypress/runner/cypress_runner.js:162150:10)\n    at Async.drainQueues (http://localhost:45477/__cypress/runner/cypress_runner.js:162024:14)",
                "diff": null
              },
              "uuid": "6958fbc2-2e52-4ad9-995b-3701c1cc20f3",
              "parentUUID": "f0fbfd58-ef9a-4e4b-987c-de81eb10178b",
              "isHook": false,
              "skipped": false
            }
          ],
          "suites": [],
          "passes": [],
          "failures": [
            "977a78b3-ba77-44c0-8d45-f78df17a0bc8",
            "6958fbc2-2e52-4ad9-995b-3701c1cc20f3"
          ],
          "pending": [],
          "skipped": [],
          "duration": 10498,
          "root": false,
          "rootEmpty": false,
          "_timeout": 2000
        },
        {
          "uuid": "2786f990-10db-474d-80cc-86f4ef23cb56",
          "title": "8 - Clicar em um pixel dentro do quadro após selecionar uma cor na paleta, faz com que o pixel seja preenchido com a cor selecionada.",
          "fullFile": "",
          "file": "",
          "beforeHooks": [],
          "afterHooks": [],
          "tests": [
            {
              "title": "Verifica se ao carregar a página deve ser possível pintar os pixels de preto",
              "fullTitle": "8 - Clicar em um pixel dentro do quadro após selecionar uma cor na paleta, faz com que o pixel seja preenchido com a cor selecionada. Verifica se ao carregar a página deve ser possível pintar os pixels de preto",
              "timedOut": null,
              "duration": 5282,
              "state": "failed",
              "speed": null,
              "pass": false,
              "fail": true,
              "pending": false,
              "context": null,
              "code": "cy.get('.pixel').each(function (pixel) {\n  cy.wrap(pixel).click().should('have.css', 'background-color', BLACK);\n});",
              "err": {
                "message": "CypressError: Timed out retrying: Expected to find element: '.pixel', but never found it.",
                "estack": "CypressError: Timed out retrying: Expected to find element: '.pixel', but never found it.\n    at cypressErr (http://localhost:45477/__cypress/runner/cypress_runner.js:149934:9)\n    at throwErr (http://localhost:45477/__cypress/runner/cypress_runner.js:149867:11)\n    at Object.throwErrByPath (http://localhost:45477/__cypress/runner/cypress_runner.js:149915:3)\n    at retry (http://localhost:45477/__cypress/runner/cypress_runner.js:144197:19)\n    at onFailFn (http://localhost:45477/__cypress/runner/cypress_runner.js:132448:16)\n    at tryCatcher (http://localhost:45477/__cypress/runner/cypress_runner.js:167415:23)\n    at Promise._settlePromiseFromHandler (http://localhost:45477/__cypress/runner/cypress_runner.js:165351:31)\n    at Promise._settlePromise (http://localhost:45477/__cypress/runner/cypress_runner.js:165408:18)\n    at Promise._settlePromise0 (http://localhost:45477/__cypress/runner/cypress_runner.js:165453:10)\n    at Promise._settlePromises (http://localhost:45477/__cypress/runner/cypress_runner.js:165528:18)\n    at Async../node_modules/bluebird/js/release/async.js.Async._drainQueue (http://localhost:45477/__cypress/runner/cypress_runner.js:162140:16)\n    at Async../node_modules/bluebird/js/release/async.js.Async._drainQueues (http://localhost:45477/__cypress/runner/cypress_runner.js:162150:10)\n    at Async.drainQueues (http://localhost:45477/__cypress/runner/cypress_runner.js:162024:14)",
                "diff": null
              },
              "uuid": "4563e6b3-0677-4fb5-ad31-a80d9bd8d619",
              "parentUUID": "2786f990-10db-474d-80cc-86f4ef23cb56",
              "isHook": false,
              "skipped": false
            },
            {
              "title": "Verifica se após selecionar uma outra cor na paleta, é possível pintar os pixels com essa cor",
              "fullTitle": "8 - Clicar em um pixel dentro do quadro após selecionar uma cor na paleta, faz com que o pixel seja preenchido com a cor selecionada. Verifica se após selecionar uma outra cor na paleta, é possível pintar os pixels com essa cor",
              "timedOut": null,
              "duration": 5314,
              "state": "failed",
              "speed": null,
              "pass": false,
              "fail": true,
              "pending": false,
              "context": null,
              "code": "cy.get('.color').each(function (color) {\n  var backgroundColor = color.css('background-color');\n  cy.wrap(color).click();\n  cy.get('.pixel').each(function (pixel) {\n    cy.wrap(pixel).click().should('have.css', 'background-color', backgroundColor);\n  });\n});",
              "err": {
                "message": "CypressError: Timed out retrying: Expected to find element: '.color', but never found it.",
                "estack": "CypressError: Timed out retrying: Expected to find element: '.color', but never found it.\n    at cypressErr (http://localhost:45477/__cypress/runner/cypress_runner.js:149934:9)\n    at throwErr (http://localhost:45477/__cypress/runner/cypress_runner.js:149867:11)\n    at Object.throwErrByPath (http://localhost:45477/__cypress/runner/cypress_runner.js:149915:3)\n    at retry (http://localhost:45477/__cypress/runner/cypress_runner.js:144197:19)\n    at onFailFn (http://localhost:45477/__cypress/runner/cypress_runner.js:132448:16)\n    at tryCatcher (http://localhost:45477/__cypress/runner/cypress_runner.js:167415:23)\n    at Promise._settlePromiseFromHandler (http://localhost:45477/__cypress/runner/cypress_runner.js:165351:31)\n    at Promise._settlePromise (http://localhost:45477/__cypress/runner/cypress_runner.js:165408:18)\n    at Promise._settlePromise0 (http://localhost:45477/__cypress/runner/cypress_runner.js:165453:10)\n    at Promise._settlePromises (http://localhost:45477/__cypress/runner/cypress_runner.js:165528:18)\n    at Async../node_modules/bluebird/js/release/async.js.Async._drainQueue (http://localhost:45477/__cypress/runner/cypress_runner.js:162140:16)\n    at Async../node_modules/bluebird/js/release/async.js.Async._drainQueues (http://localhost:45477/__cypress/runner/cypress_runner.js:162150:10)\n    at Async.drainQueues (http://localhost:45477/__cypress/runner/cypress_runner.js:162024:14)",
                "diff": null
              },
              "uuid": "c5dcdaaa-328a-47e3-aa40-53ed73ede1f1",
              "parentUUID": "2786f990-10db-474d-80cc-86f4ef23cb56",
              "isHook": false,
              "skipped": false
            },
            {
              "title": "Verifica se somente o pixel que foi clicado foi preenchido com a cor selecionada, sem influenciar na cor dos demais pixels.",
              "fullTitle": "8 - Clicar em um pixel dentro do quadro após selecionar uma cor na paleta, faz com que o pixel seja preenchido com a cor selecionada. Verifica se somente o pixel que foi clicado foi preenchido com a cor selecionada, sem influenciar na cor dos demais pixels.",
              "timedOut": null,
              "duration": 5616,
              "state": "failed",
              "speed": null,
              "pass": false,
              "fail": true,
              "pending": false,
              "context": null,
              "code": "var colorToPixelIndexMap = {\n  0: 6,\n  1: 8,\n  2: 16,\n  3: 18\n};\ncy.get('.color').each(function (color, index) {\n  cy.wrap(color).click();\n  var backgroundColor = color.css('background-color');\n  var clickedPixelIndex = colorToPixelIndexMap[index];\n  cy.get('.pixel').eq(clickedPixelIndex).click();\n  cy.get('.pixel').eq(clickedPixelIndex - 1).should('not.have.css', 'background-color', backgroundColor);\n  cy.get('.pixel').eq(clickedPixelIndex + 1).should('not.have.css', 'background-color', backgroundColor);\n  cy.get('.pixel').eq(clickedPixelIndex - 5).should('not.have.css', 'background-color', backgroundColor);\n  cy.get('.pixel').eq(clickedPixelIndex + 5).should('not.have.css', 'background-color', backgroundColor);\n  cy.get('.pixel').eq(clickedPixelIndex - 6).should('not.have.css', 'background-color', backgroundColor);\n  cy.get('.pixel').eq(clickedPixelIndex - 4).should('not.have.css', 'background-color', backgroundColor);\n  cy.get('.pixel').eq(clickedPixelIndex + 4).should('not.have.css', 'background-color', backgroundColor);\n  cy.get('.pixel').eq(clickedPixelIndex + 6).should('not.have.css', 'background-color', backgroundColor);\n});",
              "err": {
                "message": "CypressError: Timed out retrying: Expected to find element: '.color', but never found it.",
                "estack": "CypressError: Timed out retrying: Expected to find element: '.color', but never found it.\n    at cypressErr (http://localhost:45477/__cypress/runner/cypress_runner.js:149934:9)\n    at throwErr (http://localhost:45477/__cypress/runner/cypress_runner.js:149867:11)\n    at Object.throwErrByPath (http://localhost:45477/__cypress/runner/cypress_runner.js:149915:3)\n    at retry (http://localhost:45477/__cypress/runner/cypress_runner.js:144197:19)\n    at onFailFn (http://localhost:45477/__cypress/runner/cypress_runner.js:132448:16)\n    at tryCatcher (http://localhost:45477/__cypress/runner/cypress_runner.js:167415:23)\n    at Promise._settlePromiseFromHandler (http://localhost:45477/__cypress/runner/cypress_runner.js:165351:31)\n    at Promise._settlePromise (http://localhost:45477/__cypress/runner/cypress_runner.js:165408:18)\n    at Promise._settlePromise0 (http://localhost:45477/__cypress/runner/cypress_runner.js:165453:10)\n    at Promise._settlePromises (http://localhost:45477/__cypress/runner/cypress_runner.js:165528:18)\n    at Async../node_modules/bluebird/js/release/async.js.Async._drainQueue (http://localhost:45477/__cypress/runner/cypress_runner.js:162140:16)\n    at Async../node_modules/bluebird/js/release/async.js.Async._drainQueues (http://localhost:45477/__cypress/runner/cypress_runner.js:162150:10)\n    at Async.drainQueues (http://localhost:45477/__cypress/runner/cypress_runner.js:162024:14)",
                "diff": null
              },
              "uuid": "dd004539-3a84-4016-8af3-04cb8dbc296a",
              "parentUUID": "2786f990-10db-474d-80cc-86f4ef23cb56",
              "isHook": false,
              "skipped": false
            }
          ],
          "suites": [],
          "passes": [],
          "failures": [
            "4563e6b3-0677-4fb5-ad31-a80d9bd8d619",
            "c5dcdaaa-328a-47e3-aa40-53ed73ede1f1",
            "dd004539-3a84-4016-8af3-04cb8dbc296a"
          ],
          "pending": [],
          "skipped": [],
          "duration": 16212,
          "root": false,
          "rootEmpty": false,
          "_timeout": 2000
        },
        {
          "uuid": "3e1a64fd-c37b-4d97-a1a4-da1f00fac932",
          "title": "9 - Crie um botão que, ao ser clicado, limpa o quadro preenchendo a cor de todos seus pixels com branco.",
          "fullFile": "",
          "file": "",
          "beforeHooks": [],
          "afterHooks": [],
          "tests": [
            {
              "title": "Verifica se o botão tem o `id` denominado `clear-board`",
              "fullTitle": "9 - Crie um botão que, ao ser clicado, limpa o quadro preenchendo a cor de todos seus pixels com branco. Verifica se o botão tem o `id` denominado `clear-board`",
              "timedOut": null,
              "duration": 5390,
              "state": "failed",
              "speed": null,
              "pass": false,
              "fail": true,
              "pending": false,
              "context": null,
              "code": "cy.get('#clear-board').should('be.visible');",
              "err": {
                "message": "CypressError: Timed out retrying: Expected to find element: '#clear-board', but never found it.",
                "estack": "CypressError: Timed out retrying: Expected to find element: '#clear-board', but never found it.\n    at cypressErr (http://localhost:45477/__cypress/runner/cypress_runner.js:149934:9)\n    at throwErr (http://localhost:45477/__cypress/runner/cypress_runner.js:149867:11)\n    at Object.throwErrByPath (http://localhost:45477/__cypress/runner/cypress_runner.js:149915:3)\n    at retry (http://localhost:45477/__cypress/runner/cypress_runner.js:144197:19)\n    at onFailFn (http://localhost:45477/__cypress/runner/cypress_runner.js:132448:16)\n    at tryCatcher (http://localhost:45477/__cypress/runner/cypress_runner.js:167415:23)\n    at Promise._settlePromiseFromHandler (http://localhost:45477/__cypress/runner/cypress_runner.js:165351:31)\n    at Promise._settlePromise (http://localhost:45477/__cypress/runner/cypress_runner.js:165408:18)\n    at Promise._settlePromise0 (http://localhost:45477/__cypress/runner/cypress_runner.js:165453:10)\n    at Promise._settlePromises (http://localhost:45477/__cypress/runner/cypress_runner.js:165528:18)\n    at Async../node_modules/bluebird/js/release/async.js.Async._drainQueue (http://localhost:45477/__cypress/runner/cypress_runner.js:162140:16)\n    at Async../node_modules/bluebird/js/release/async.js.Async._drainQueues (http://localhost:45477/__cypress/runner/cypress_runner.js:162150:10)\n    at Async.drainQueues (http://localhost:45477/__cypress/runner/cypress_runner.js:162024:14)",
                "diff": null
              },
              "uuid": "96ff7b77-ae2b-4b0a-98a4-30763ef86b34",
              "parentUUID": "3e1a64fd-c37b-4d97-a1a4-da1f00fac932",
              "isHook": false,
              "skipped": false
            },
            {
              "title": "Verifica se o botão está posicionado entre a paleta de cores e o quadro de pixels",
              "fullTitle": "9 - Crie um botão que, ao ser clicado, limpa o quadro preenchendo a cor de todos seus pixels com branco. Verifica se o botão está posicionado entre a paleta de cores e o quadro de pixels",
              "timedOut": null,
              "duration": 5356,
              "state": "failed",
              "speed": null,
              "pass": false,
              "fail": true,
              "pending": false,
              "context": null,
              "code": "cy.get('#color-palette').then(function (palette) {\n  cy.get('#clear-board').should('be.belowOf', palette);\n});\ncy.get('#clear-board').then(function (clearBtn) {\n  cy.get('#pixel-board').should('be.belowOf', clearBtn);\n});",
              "err": {
                "message": "CypressError: Timed out retrying: Expected to find element: '#color-palette', but never found it.",
                "estack": "CypressError: Timed out retrying: Expected to find element: '#color-palette', but never found it.\n    at cypressErr (http://localhost:45477/__cypress/runner/cypress_runner.js:149934:9)\n    at throwErr (http://localhost:45477/__cypress/runner/cypress_runner.js:149867:11)\n    at Object.throwErrByPath (http://localhost:45477/__cypress/runner/cypress_runner.js:149915:3)\n    at retry (http://localhost:45477/__cypress/runner/cypress_runner.js:144197:19)\n    at onFailFn (http://localhost:45477/__cypress/runner/cypress_runner.js:132448:16)\n    at tryCatcher (http://localhost:45477/__cypress/runner/cypress_runner.js:167415:23)\n    at Promise._settlePromiseFromHandler (http://localhost:45477/__cypress/runner/cypress_runner.js:165351:31)\n    at Promise._settlePromise (http://localhost:45477/__cypress/runner/cypress_runner.js:165408:18)\n    at Promise._settlePromise0 (http://localhost:45477/__cypress/runner/cypress_runner.js:165453:10)\n    at Promise._settlePromises (http://localhost:45477/__cypress/runner/cypress_runner.js:165528:18)\n    at Async../node_modules/bluebird/js/release/async.js.Async._drainQueue (http://localhost:45477/__cypress/runner/cypress_runner.js:162140:16)\n    at Async../node_modules/bluebird/js/release/async.js.Async._drainQueues (http://localhost:45477/__cypress/runner/cypress_runner.js:162150:10)\n    at Async.drainQueues (http://localhost:45477/__cypress/runner/cypress_runner.js:162024:14)",
                "diff": null
              },
              "uuid": "8a07a9a7-abb3-45dd-8b10-02739618f8b2",
              "parentUUID": "3e1a64fd-c37b-4d97-a1a4-da1f00fac932",
              "isHook": false,
              "skipped": false
            },
            {
              "title": "Verifica se o texto do botão é 'Limpar'",
              "fullTitle": "9 - Crie um botão que, ao ser clicado, limpa o quadro preenchendo a cor de todos seus pixels com branco. Verifica se o texto do botão é 'Limpar'",
              "timedOut": null,
              "duration": 5337,
              "state": "failed",
              "speed": null,
              "pass": false,
              "fail": true,
              "pending": false,
              "context": null,
              "code": "cy.get('#clear-board').should('contain.text', 'Limpar');",
              "err": {
                "message": "CypressError: Timed out retrying: Expected to find element: '#clear-board', but never found it.",
                "estack": "CypressError: Timed out retrying: Expected to find element: '#clear-board', but never found it.\n    at cypressErr (http://localhost:45477/__cypress/runner/cypress_runner.js:149934:9)\n    at throwErr (http://localhost:45477/__cypress/runner/cypress_runner.js:149867:11)\n    at Object.throwErrByPath (http://localhost:45477/__cypress/runner/cypress_runner.js:149915:3)\n    at retry (http://localhost:45477/__cypress/runner/cypress_runner.js:144197:19)\n    at onFailFn (http://localhost:45477/__cypress/runner/cypress_runner.js:132448:16)\n    at tryCatcher (http://localhost:45477/__cypress/runner/cypress_runner.js:167415:23)\n    at Promise._settlePromiseFromHandler (http://localhost:45477/__cypress/runner/cypress_runner.js:165351:31)\n    at Promise._settlePromise (http://localhost:45477/__cypress/runner/cypress_runner.js:165408:18)\n    at Promise._settlePromise0 (http://localhost:45477/__cypress/runner/cypress_runner.js:165453:10)\n    at Promise._settlePromises (http://localhost:45477/__cypress/runner/cypress_runner.js:165528:18)\n    at Async../node_modules/bluebird/js/release/async.js.Async._drainQueue (http://localhost:45477/__cypress/runner/cypress_runner.js:162140:16)\n    at Async../node_modules/bluebird/js/release/async.js.Async._drainQueues (http://localhost:45477/__cypress/runner/cypress_runner.js:162150:10)\n    at Async.drainQueues (http://localhost:45477/__cypress/runner/cypress_runner.js:162024:14)",
                "diff": null
              },
              "uuid": "c2080ea7-5caa-4858-9b5f-55e44bbfe859",
              "parentUUID": "3e1a64fd-c37b-4d97-a1a4-da1f00fac932",
              "isHook": false,
              "skipped": false
            },
            {
              "title": "Verifica se ao clicar no botão, o quadro de pixels é totalmente preenchido de branco",
              "fullTitle": "9 - Crie um botão que, ao ser clicado, limpa o quadro preenchendo a cor de todos seus pixels com branco. Verifica se ao clicar no botão, o quadro de pixels é totalmente preenchido de branco",
              "timedOut": null,
              "duration": 5193,
              "state": "failed",
              "speed": null,
              "pass": false,
              "fail": true,
              "pending": false,
              "context": null,
              "code": "cy.get('.color').eq(1).then(function (color) {\n  var backgroundColor = color.css('background-color');\n  cy.wrap(color).click();\n  cy.get('.pixel').each(function (pixel) {\n    cy.wrap(pixel).click().should('have.css', 'background-color', backgroundColor);\n  });\n});\ncy.get('#clear-board').click();\ncy.get('.pixel').each(function (pixel) {\n  cy.wrap(pixel).should('have.css', 'background-color', WHITE);\n});",
              "err": {
                "message": "CypressError: Timed out retrying: Expected to find element: '.color', but never found it.",
                "estack": "CypressError: Timed out retrying: Expected to find element: '.color', but never found it.\n    at cypressErr (http://localhost:45477/__cypress/runner/cypress_runner.js:149934:9)\n    at throwErr (http://localhost:45477/__cypress/runner/cypress_runner.js:149867:11)\n    at Object.throwErrByPath (http://localhost:45477/__cypress/runner/cypress_runner.js:149915:3)\n    at retry (http://localhost:45477/__cypress/runner/cypress_runner.js:144197:19)\n    at onFailFn (http://localhost:45477/__cypress/runner/cypress_runner.js:132448:16)\n    at tryCatcher (http://localhost:45477/__cypress/runner/cypress_runner.js:167415:23)\n    at Promise._settlePromiseFromHandler (http://localhost:45477/__cypress/runner/cypress_runner.js:165351:31)\n    at Promise._settlePromise (http://localhost:45477/__cypress/runner/cypress_runner.js:165408:18)\n    at Promise._settlePromise0 (http://localhost:45477/__cypress/runner/cypress_runner.js:165453:10)\n    at Promise._settlePromises (http://localhost:45477/__cypress/runner/cypress_runner.js:165528:18)\n    at Async../node_modules/bluebird/js/release/async.js.Async._drainQueue (http://localhost:45477/__cypress/runner/cypress_runner.js:162140:16)\n    at Async../node_modules/bluebird/js/release/async.js.Async._drainQueues (http://localhost:45477/__cypress/runner/cypress_runner.js:162150:10)\n    at Async.drainQueues (http://localhost:45477/__cypress/runner/cypress_runner.js:162024:14)",
                "diff": null
              },
              "uuid": "ae47da4f-c911-474c-9dee-442705284303",
              "parentUUID": "3e1a64fd-c37b-4d97-a1a4-da1f00fac932",
              "isHook": false,
              "skipped": false
            }
          ],
          "suites": [],
          "passes": [],
          "failures": [
            "96ff7b77-ae2b-4b0a-98a4-30763ef86b34",
            "8a07a9a7-abb3-45dd-8b10-02739618f8b2",
            "c2080ea7-5caa-4858-9b5f-55e44bbfe859",
            "ae47da4f-c911-474c-9dee-442705284303"
          ],
          "pending": [],
          "skipped": [],
          "duration": 21276,
          "root": false,
          "rootEmpty": false,
          "_timeout": 2000
        },
        {
          "uuid": "4b28cf11-e2d2-4eb7-9e5f-22f96262a388",
          "title": "10 - Faça o quadro de pixels ter seu tamanho definido pelo usuário.",
          "fullFile": "",
          "file": "",
          "beforeHooks": [],
          "afterHooks": [],
          "tests": [
            {
              "title": "Verifica se existe um input com o id `board-size`",
              "fullTitle": "10 - Faça o quadro de pixels ter seu tamanho definido pelo usuário. Verifica se existe um input com o id `board-size`",
              "timedOut": null,
              "duration": 5424,
              "state": "failed",
              "speed": null,
              "pass": false,
              "fail": true,
              "pending": false,
              "context": null,
              "code": "cy.get('#board-size').should('be.visible');",
              "err": {
                "message": "CypressError: Timed out retrying: Expected to find element: '#board-size', but never found it.",
[...]
                "diff": null
              },
              "uuid": "607a0847-0af4-4d32-a18a-4a695700e789",
              "parentUUID": "4b28cf11-e2d2-4eb7-9e5f-22f96262a388",
              "isHook": false,
              "skipped": false
            },
            {
              "title": "Verifica se o novo quadro tem todos os pixels preenchidos com a cor branca",
              "fullTitle": "10 - Faça o quadro de pixels ter seu tamanho definido pelo usuário. Verifica se o novo quadro tem todos os pixels preenchidos com a cor branca",
              "timedOut": null,
              "duration": 5341,
              "state": "failed",
              "speed": null,
              "pass": false,
              "fail": true,
              "pending": false,
              "context": null,
              "code": "cy.get('#board-size').clear().type(6);\ncy.get('#generate-board').click();\ncy.get('.pixel').should('have.length', 36).each(function (pixel) {\n  expect(pixel).to.have.css('background-color', WHITE);\n});",
              "err": {
                "message": "CypressError: Timed out retrying: Expected to find element: '#board-size', but never found it.",
                "estack": "CypressError: Timed out retrying: Expected to find element: '#board-size', but never found it.\n    at cypressErr (http://localhost:45477/__cypress/runner/cypress_runner.js:149934:9)\n    at throwErr (http://localhost:45477/__cypress/runner/cypress_runner.js:149867:11)\n    at Object.throwErrByPath (http://localhost:45477/__cypress/runner/cypress_runner.js:149915:3)\n    at retry (http://localhost:45477/__cypress/runner/cypress_runner.js:144197:19)\n    at onFailFn (http://localhost:45477/__cypress/runner/cypress_runner.js:132448:16)\n    at tryCatcher (http://localhost:45477/__cypress/runner/cypress_runner.js:167415:23)\n    at Promise._settlePromiseFromHandler (http://localhost:45477/__cypress/runner/cypress_runner.js:165351:31)\n    at Promise._settlePromise (http://localhost:45477/__cypress/runner/cypress_runner.js:165408:18)\n    at Promise._settlePromise0 (http://localhost:45477/__cypress/runner/cypress_runner.js:165453:10)\n    at Promise._settlePromises (http://localhost:45477/__cypress/runner/cypress_runner.js:165528:18)\n    at Async../node_modules/bluebird/js/release/async.js.Async._drainQueue (http://localhost:45477/__cypress/runner/cypress_runner.js:162140:16)\n    at Async../node_modules/bluebird/js/release/async.js.Async._drainQueues (http://localhost:45477/__cypress/runner/cypress_runner.js:162150:10)\n    at Async.drainQueues (http://localhost:45477/__cypress/runner/cypress_runner.js:162024:14)",
                "diff": null
              },
              "uuid": "bae2c1aa-4623-4c8c-9fa3-476c5d750d96",
              "parentUUID": "4b28cf11-e2d2-4eb7-9e5f-22f96262a388",
              "isHook": false,
              "skipped": false
            }
          ],
          "suites": [],
          "passes": [],
          "failures": [
            "4eab9bdd-90ee-4267-973e-7f9baa2fd348",
            "15bb3bc2-f4da-425d-afaa-297a8e6ef879",
            "f2ef4117-5ddc-4dd2-9617-e7b93fdcb957",
            "b710a464-62c0-4b1d-93e3-4c4813339966",
            "68b05a2f-2810-4a95-8bd8-7002c61ce26e",
            "fb409aaa-4515-4704-a52c-4357aca5ef29",
            "c88814f1-e5b8-4f75-9c76-d303e7b130e6",
            "607a0847-0af4-4d32-a18a-4a695700e789",
            "bae2c1aa-4623-4c8c-9fa3-476c5d750d96"
          ],
          "pending": [],
          "skipped": [],
          "duration": 49312,
          "root": false,
          "rootEmpty": false,
          "_timeout": 2000
        },
        {
          "uuid": "06f712d9-6dbc-4150-b848-09bdde552ee4",
          "title": "11 - Limite o tamanho mínimo e máximo do board.",
          "fullFile": "",
          "file": "",
          "beforeHooks": [],
          "afterHooks": [],
          "tests": [
            {
              "title": "Verifica se a altura máxima do board é 50",
              "fullTitle": "11 - Limite o tamanho mínimo e máximo do board. Verifica se a altura máxima do board é 50",
              "timedOut": null,
              "duration": 5248,
              "state": "failed",
              "speed": null,
              "pass": false,
              "fail": true,
              "pending": false,
              "context": null,
              "code": "cy.get('#board-size').clear().type(50);\ncy.get('#generate-board').click();\ncy.get('.pixel').should('have.length', 2500);",
              "err": {
                "message": "CypressError: Timed out retrying: Expected to find element: '#board-size', but never found it.",
                "estack": "CypressError: Timed out retrying: Expected to find element: '#board-size', but never found it.\n    at cypressErr (http://localhost:45477/__cypress/runner/cypress_runner.js:149934:9)\n    at throwErr (http://localhost:45477/__cypress/runner/cypress_runner.js:149867:11)\n    at Object.throwErrByPath (http://localhost:45477/__cypress/runner/cypress_runner.js:149915:3)\n    at retry (http://localhost:45477/__cypress/runner/cypress_runner.js:144197:19)\n    at onFailFn (http://localhost:45477/__cypress/runner/cypress_runner.js:132448:16)\n    at tryCatcher (http://localhost:45477/__cypress/runner/cypress_runner.js:167415:23)\n    at Promise._settlePromiseFromHandler (http://localhost:45477/__cypress/runner/cypress_runner.js:165351:31)\n    at Promise._settlePromise (http://localhost:45477/__cypress/runner/cypress_runner.js:165408:18)\n    at Promise._settlePromise0 (http://localhost:45477/__cypress/runner/cypress_runner.js:165453:10)\n    at Promise._settlePromises (http://localhost:45477/__cypress/runner/cypress_runner.js:165528:18)\n    at Async../node_modules/bluebird/js/release/async.js.Async._drainQueue (http://localhost:45477/__cypress/runner/cypress_runner.js:162140:16)\n    at Async../node_modules/bluebird/js/release/async.js.Async._drainQueues (http://localhost:45477/__cypress/runner/cypress_runner.js:162150:10)\n    at Async.drainQueues (http://localhost:45477/__cypress/runner/cypress_runner.js:162024:14)",
                "diff": null
              },
              "uuid": "7f511757-4409-4c15-b8bf-1fc6badb4bd7",
              "parentUUID": "06f712d9-6dbc-4150-b848-09bdde552ee4",
              "isHook": false,
              "skipped": false
            },
            {
              "title": "Verifica se a altura do board é 5 quando um valor menor é colocado no input",
              "fullTitle": "11 - Limite o tamanho mínimo e máximo do board. Verifica se a altura do board é 5 quando um valor menor é colocado no input",
              "timedOut": null,
              "duration": 6663,
              "state": "failed",
              "speed": null,
              "pass": false,
              "fail": true,
              "pending": false,
              "context": null,
              "code": "cy.get('#board-size').clear().type(4);\ncy.get('#generate-board').click();\ncy.get('.pixel').should('have.length', 25);",
              "err": {
                "message": "CypressError: Timed out retrying: Expected to find element: '#board-size', but never found it.",
                "estack": "CypressError: Timed out retrying: Expected to find element: '#board-size', but never found it.\n    at cypressErr (http://localhost:45477/__cypress/runner/cypress_runner.js:149934:9)\n    at throwErr (http://localhost:45477/__cypress/runner/cypress_runner.js:149867:11)\n    at Object.throwErrByPath (http://localhost:45477/__cypress/runner/cypress_runner.js:149915:3)\n    at retry (http://localhost:45477/__cypress/runner/cypress_runner.js:144197:19)\n    at onFailFn (http://localhost:45477/__cypress/runner/cypress_runner.js:132448:16)\n    at tryCatcher (http://localhost:45477/__cypress/runner/cypress_runner.js:167415:23)\n    at Promise._settlePromiseFromHandler (http://localhost:45477/__cypress/runner/cypress_runner.js:165351:31)\n    at Promise._settlePromise (http://localhost:45477/__cypress/runner/cypress_runner.js:165408:18)\n    at Promise._settlePromise0 (http://localhost:45477/__cypress/runner/cypress_runner.js:165453:10)\n    at Promise._settlePromises (http://localhost:45477/__cypress/runner/cypress_runner.js:165528:18)\n    at Async../node_modules/bluebird/js/release/async.js.Async._drainQueue (http://localhost:45477/__cypress/runner/cypress_runner.js:162140:16)\n    at Async../node_modules/bluebird/js/release/async.js.Async._drainQueues (http://localhost:45477/__cypress/runner/cypress_runner.js:162150:10)\n    at Async.drainQueues (http://localhost:45477/__cypress/runner/cypress_runner.js:162024:14)",
                "diff": null
              },
              "uuid": "de49115d-574b-4187-94b0-9884b13e09dd",
              "parentUUID": "06f712d9-6dbc-4150-b848-09bdde552ee4",
              "isHook": false,
              "skipped": false
            },
            {
              "title": "Verifica se a altura do board é 50 quando um valor maior é colocado no input",
              "fullTitle": "11 - Limite o tamanho mínimo e máximo do board. Verifica se a altura do board é 50 quando um valor maior é colocado no input",
              "timedOut": null,
              "duration": 5230,
              "state": "failed",
              "speed": null,
              "pass": false,
              "fail": true,
              "pending": false,
              "context": null,
              "code": "cy.get('#board-size').clear().type(51);\ncy.get('#generate-board').click();\ncy.get('.pixel').should('have.length', 2500);",
              "err": {
                "message": "CypressError: Timed out retrying: Expected to find element: '#board-size', but never found it.",
                "estack": "CypressError: Timed out retrying: Expected to find element: '#board-size', but never found it.\n    at cypressErr (http://localhost:45477/__cypress/runner/cypress_runner.js:149934:9)\n    at throwErr (http://localhost:45477/__cypress/runner/cypress_runner.js:149867:11)\n    at Object.throwErrByPath (http://localhost:45477/__cypress/runner/cypress_runner.js:149915:3)\n    at retry (http://localhost:45477/__cypress/runner/cypress_runner.js:144197:19)\n    at onFailFn (http://localhost:45477/__cypress/runner/cypress_runner.js:132448:16)\n    at tryCatcher (http://localhost:45477/__cypress/runner/cypress_runner.js:167415:23)\n    at Promise._settlePromiseFromHandler (http://localhost:45477/__cypress/runner/cypress_runner.js:165351:31)\n    at Promise._settlePromise (http://localhost:45477/__cypress/runner/cypress_runner.js:165408:18)\n    at Promise._settlePromise0 (http://localhost:45477/__cypress/runner/cypress_runner.js:165453:10)\n    at Promise._settlePromises (http://localhost:45477/__cypress/runner/cypress_runner.js:165528:18)\n    at Async../node_modules/bluebird/js/release/async.js.Async._drainQueue (http://localhost:45477/__cypress/runner/cypress_runner.js:162140:16)\n    at Async../node_modules/bluebird/js/release/async.js.Async._drainQueues (http://localhost:45477/__cypress/runner/cypress_runner.js:162150:10)\n    at Async.drainQueues (http://localhost:45477/__cypress/runner/cypress_runner.js:162024:14)",
                "diff": null
              },
              "uuid": "05a26e94-dc62-4af9-b10e-0d5a4cc52f6d",
              "parentUUID": "06f712d9-6dbc-4150-b848-09bdde552ee4",
              "isHook": false,
              "skipped": false
            }
          ],
          "suites": [],
          "passes": [],
          "failures": [
            "7f511757-4409-4c15-b8bf-1fc6badb4bd7",
            "de49115d-574b-4187-94b0-9884b13e09dd",
            "05a26e94-dc62-4af9-b10e-0d5a4cc52f6d"
          ],
          "pending": [],
          "skipped": [],
          "duration": 17141,
          "root": false,
          "rootEmpty": false,
          "_timeout": 2000
        },
        {
          "uuid": "5748fa40-dfdd-45f2-9210-cb0b383c5645",
          "title": "12 - Faça com que as cores da paleta sejam geradas aleatoriamente ao carregar a página.",
          "fullFile": "",
          "file": "",
          "beforeHooks": [],
          "afterHooks": [],
          "tests": [
            {
              "title": "Verifica se as cores geradas na paleta são diferentes a cada carregamento da página",
              "fullTitle": "12 - Faça com que as cores da paleta sejam geradas aleatoriamente ao carregar a página. Verifica se as cores geradas na paleta são diferentes a cada carregamento da página",
              "timedOut": null,
              "duration": 5369,
              "state": "failed",
              "speed": null,
              "pass": false,
              "fail": true,
              "pending": false,
              "context": null,
              "code": "cy.get('.color').then(function (colors) {\n  var currentColors;\n  var previousColors;\n  previousColors = Array.from(colors).map(function (color) {\n    return Cypress.$(color).css('background-color');\n  });\n  for (var i = 0; i < 5; i += 1) {\n    cy.reload();\n    cy.get('.color').then(function (colors) {\n      currentColors = Array.from(colors).map(function (color) {\n        return Cypress.$(color).css('background-color');\n      });\n      expect(currentColors).not.to.deep.equal(previousColors);\n      previousColors = currentColors;\n    });\n  }\n});",
              "err": {
                "message": "CypressError: Timed out retrying: Expected to find element: '.color', but never found it.",
                "estack": "CypressError: Timed out retrying: Expected to find element: '.color', but never found it.\n    at cypressErr (http://localhost:45477/__cypress/runner/cypress_runner.js:149934:9)\n    at throwErr (http://localhost:45477/__cypress/runner/cypress_runner.js:149867:11)\n    at Object.throwErrByPath (http://localhost:45477/__cypress/runner/cypress_runner.js:149915:3)\n    at retry (http://localhost:45477/__cypress/runner/cypress_runner.js:144197:19)\n    at onFailFn (http://localhost:45477/__cypress/runner/cypress_runner.js:132448:16)\n    at tryCatcher (http://localhost:45477/__cypress/runner/cypress_runner.js:167415:23)\n    at Promise._settlePromiseFromHandler (http://localhost:45477/__cypress/runner/cypress_runner.js:165351:31)\n    at Promise._settlePromise (http://localhost:45477/__cypress/runner/cypress_runner.js:165408:18)\n    at Promise._settlePromise0 (http://localhost:45477/__cypress/runner/cypress_runner.js:165453:10)\n    at Promise._settlePromises (http://localhost:45477/__cypress/runner/cypress_runner.js:165528:18)\n    at Async../node_modules/bluebird/js/release/async.js.Async._drainQueue (http://localhost:45477/__cypress/runner/cypress_runner.js:162140:16)\n    at Async../node_modules/bluebird/js/release/async.js.Async._drainQueues (http://localhost:45477/__cypress/runner/cypress_runner.js:162150:10)\n    at Async.drainQueues (http://localhost:45477/__cypress/runner/cypress_runner.js:162024:14)",
                "diff": null
              },
              "uuid": "3ea7a841-df96-4d5f-aca2-9b9f983c4b7c",
              "parentUUID": "5748fa40-dfdd-45f2-9210-cb0b383c5645",
              "isHook": false,
              "skipped": false
            },
            {
              "title": "Verifica se a cor preta ainda está presente e é a primeira na sua paleta de cores",
              "fullTitle": "12 - Faça com que as cores da paleta sejam geradas aleatoriamente ao carregar a página. Verifica se a cor preta ainda está presente e é a primeira na sua paleta de cores",
              "timedOut": null,
              "duration": 5787,
              "state": "failed",
              "speed": null,
              "pass": false,
              "fail": true,
              "pending": false,
              "context": null,
              "code": "cy.get('.color').then(function (colors) {\n  var currentColors;\n  var previousColors;\n  previousColors = Array.from(colors).map(function (color) {\n    return Cypress.$(color).css('background-color');\n  });\n  expect(previousColors[0]).to.eq(BLACK);\n  for (var i = 0; i < 5; i += 1) {\n    cy.reload();\n    cy.get('.color').then(function (colors) {\n      currentColors = Array.from(colors).map(function (color) {\n        return Cypress.$(color).css('background-color');\n      });\n      expect(currentColors[0]).to.eq(BLACK);\n      expect(currentColors).not.to.deep.equal(previousColors);\n      previousColors = currentColors;\n    });\n  }\n});",
              "err": {
                "message": "CypressError: Timed out retrying: Expected to find element: '.color', but never found it.",
                "estack": "CypressError: Timed out retrying: Expected to find element: '.color', but never found it.\n    at cypressErr (http://localhost:45477/__cypress/runner/cypress_runner.js:149934:9)\n    at throwErr (http://localhost:45477/__cypress/runner/cypress_runner.js:149867:11)\n    at Object.throwErrByPath (http://localhost:45477/__cypress/runner/cypress_runner.js:149915:3)\n    at retry (http://localhost:45477/__cypress/runner/cypress_runner.js:144197:19)\n    at onFailFn (http://localhost:45477/__cypress/runner/cypress_runner.js:132448:16)\n    at tryCatcher (http://localhost:45477/__cypress/runner/cypress_runner.js:167415:23)\n    at Promise._settlePromiseFromHandler (http://localhost:45477/__cypress/runner/cypress_runner.js:165351:31)\n    at Promise._settlePromise (http://localhost:45477/__cypress/runner/cypress_runner.js:165408:18)\n    at Promise._settlePromise0 (http://localhost:45477/__cypress/runner/cypress_runner.js:165453:10)\n    at Promise._settlePromises (http://localhost:45477/__cypress/runner/cypress_runner.js:165528:18)\n    at Async../node_modules/bluebird/js/release/async.js.Async._drainQueue (http://localhost:45477/__cypress/runner/cypress_runner.js:162140:16)\n    at Async../node_modules/bluebird/js/release/async.js.Async._drainQueues (http://localhost:45477/__cypress/runner/cypress_runner.js:162150:10)\n    at Async.drainQueues (http://localhost:45477/__cypress/runner/cypress_runner.js:162024:14)",
                "diff": null
              },
              "uuid": "8c293152-c463-4ec9-ba15-163d1140b68f",
              "parentUUID": "5748fa40-dfdd-45f2-9210-cb0b383c5645",
              "isHook": false,
              "skipped": false
            }
          ],
          "suites": [],
          "passes": [],
          "failures": [
            "3ea7a841-df96-4d5f-aca2-9b9f983c4b7c",
            "8c293152-c463-4ec9-ba15-163d1140b68f"
          ],
          "pending": [],
          "skipped": [],
          "duration": 11156,
          "root": false,
          "rootEmpty": false,
          "_timeout": 2000
        }
      ],
      "passes": [],
      "failures": [],
      "pending": [],
      "skipped": [],
      "duration": 0,
      "root": true,
      "rootEmpty": true,
      "_timeout": 2000
    }
  ],
  "meta": {
    "mocha": {
      "version": "7.0.1"
    },
    "mochawesome": {
      "options": {
        "quiet": false,
        "reportFilename": "mochawesome",
        "saveHtml": false,
        "saveJson": true,
        "consoleReporter": "spec",
        "useInlineDiffs": false
      },
      "version": "4.1.0"
    },
    "marge": {
      "options": {
        "id": "default",
        "reportDir": "cypress/reports",
        "overwrite": true,
        "html": false,
        "json": true
      },
      "version": "4.1.0"
    }
  }
}