{
  "stats": {
    "suites": 12,
    "tests": 41,
    "passes": 21,
    "pending": 0,
    "failures": 20,
    "start": "2021-07-12T17:49:06.293Z",
    "end": "2021-07-12T17:50:39.224Z",
    "duration": 92931,
    "testsRegistered": 41,
    "passPercent": 51.21951219512195,
    "pendingPercent": 0,
    "other": 0,
    "hasOther": false,
    "skipped": 0,
    "hasSkipped": false
  },
  "results": [
    {
      "uuid": "c7f896e6-e9c6-4ef7-aaa0-06eddb87e9c0",
      "title": "",
      "fullFile": "cypress/integration/project.spec.js",
      "file": "cypress/integration/project.spec.js",
      "beforeHooks": [],
      "afterHooks": [],
      "tests": [],
      "suites": [
        {
          "uuid": "57bd95ba-e1bf-4ddb-88be-306ff8cfcf8a",
          "title": "1 - Adicione à página o título \"Paleta de Cores\".",
          "fullFile": "",
          "file": "",
          "beforeHooks": [],
          "afterHooks": [],
          "tests": [
            {
              "title": "Verifica se contém um elemento `h1` com o id `title` com o título correto",
              "fullTitle": "1 - Adicione à página o título \"Paleta de Cores\". Verifica se contém um elemento `h1` com o id `title` com o título correto",
              "timedOut": null,
              "duration": 229,
              "state": "passed",
              "speed": "slow",
              "pass": true,
              "fail": false,
              "pending": false,
              "context": null,
              "code": "cy.get('h1#title').should('contain.text', 'Paleta de Cores');",
              "err": {},
              "uuid": "81c9a32b-6d01-4b45-b870-7449982ce0f3",
              "parentUUID": "57bd95ba-e1bf-4ddb-88be-306ff8cfcf8a",
              "isHook": false,
              "skipped": false
            }
          ],
          "suites": [],
          "passes": [
            "81c9a32b-6d01-4b45-b870-7449982ce0f3"
          ],
          "failures": [],
          "pending": [],
          "skipped": [],
          "duration": 229,
          "root": false,
          "rootEmpty": false,
          "_timeout": 2000
        },
        {
          "uuid": "fbe85352-f005-4b95-918f-7cb231532d00",
          "title": "2 - Adicione à página uma paleta de quatro cores distintas.",
          "fullFile": "",
          "file": "",
          "beforeHooks": [],
          "afterHooks": [],
          "tests": [
            {
              "title": "A paleta de cores deve ser um elemento com `id` denominado `color-palette`",
              "fullTitle": "2 - Adicione à página uma paleta de quatro cores distintas. A paleta de cores deve ser um elemento com `id` denominado `color-palette`",
              "timedOut": null,
              "duration": 121,
              "state": "passed",
              "speed": "slow",
              "pass": true,
              "fail": false,
              "pending": false,
              "context": null,
              "code": "cy.get('#color-palette').should('be.visible');",
              "err": {},
              "uuid": "1125d597-1b8f-4915-a65f-ca74eaed3695",
              "parentUUID": "fbe85352-f005-4b95-918f-7cb231532d00",
              "isHook": false,
              "skipped": false
            },
            {
              "title": "Verifica se cada cor individual da paleta de cores possui a `classe` chamada `color`.",
              "fullTitle": "2 - Adicione à página uma paleta de quatro cores distintas. Verifica se cada cor individual da paleta de cores possui a `classe` chamada `color`.",
              "timedOut": null,
              "duration": 232,
              "state": "passed",
              "speed": "slow",
              "pass": true,
              "fail": false,
              "pending": false,
              "context": null,
              "code": "cy.get('.color').should('have.length', 4).then(function (colors) {\n  for (var i = 0; i < colors.length; i++) {\n    cy.wrap(colors[i]).should('be.visible');\n  }\n});",
              "err": {},
              "uuid": "80d6a6f3-dd69-4226-a445-2eb0279ac115",
              "parentUUID": "fbe85352-f005-4b95-918f-7cb231532d00",
              "isHook": false,
              "skipped": false
            },
            {
              "title": "Verifica se a cor de fundo de cada elemento da paleta é a cor que o elemento representa. **A única cor não permitida na paleta é a cor branca.**",
              "fullTitle": "2 - Adicione à página uma paleta de quatro cores distintas. Verifica se a cor de fundo de cada elemento da paleta é a cor que o elemento representa. **A única cor não permitida na paleta é a cor branca.**",
              "timedOut": null,
              "duration": 142,
              "state": "passed",
              "speed": "slow",
              "pass": true,
              "fail": false,
              "pending": false,
              "context": null,
              "code": "cy.get('.color').each(function (color) {\n  cy.wrap(color).should('have.class', 'color').and('not.have.css', 'background-color', WHITE);\n  cy.wrap(color).should('have.css', 'background-color');\n});",
              "err": {},
              "uuid": "77d9b8bc-9b9f-45f7-bc0d-9de376f24564",
              "parentUUID": "fbe85352-f005-4b95-918f-7cb231532d00",
              "isHook": false,
              "skipped": false
            },
            {
              "title": "Verifica se cada elemento da paleta de cores tem uma borda preta, sólida e com 1 pixel de largura;",
              "fullTitle": "2 - Adicione à página uma paleta de quatro cores distintas. Verifica se cada elemento da paleta de cores tem uma borda preta, sólida e com 1 pixel de largura;",
              "timedOut": null,
              "duration": 159,
              "state": "passed",
              "speed": "slow",
              "pass": true,
              "fail": false,
              "pending": false,
              "context": null,
              "code": "cy.get('.color').each(function (color) {\n  cy.wrap(color).and('have.css', 'border', \"1px solid \".concat(BLACK)).and('have.class', 'color');\n});",
              "err": {},
              "uuid": "18a74acf-b96c-4d25-9b9e-8de33742c159",
              "parentUUID": "fbe85352-f005-4b95-918f-7cb231532d00",
              "isHook": false,
              "skipped": false
            },
            {
              "title": "Verifica se a paleta lista todas as cores disponíveis para utilização, lado a lado.",
              "fullTitle": "2 - Adicione à página uma paleta de quatro cores distintas. Verifica se a paleta lista todas as cores disponíveis para utilização, lado a lado.",
              "timedOut": null,
              "duration": 160,
              "state": "passed",
              "speed": "slow",
              "pass": true,
              "fail": false,
              "pending": false,
              "context": null,
              "code": "cy.get('.color').then(function (colors) {\n  for (var index = 1; index < colors.length; index += 1) {\n    var currentColor = colors[index];\n    var previousColor = colors[index - 1];\n    cy.wrap(currentColor).should('be.onTheRightOf', previousColor).and('be.horizontallyAlignedWith', previousColor);\n  }\n});",
              "err": {},
              "uuid": "fbfbe3a2-4a64-4293-bf1b-d87f0f7ea643",
              "parentUUID": "fbe85352-f005-4b95-918f-7cb231532d00",
              "isHook": false,
              "skipped": false
            },
            {
              "title": "Verifica se a paleta de cores está posicionada abaixo do título 'Paleta de Cores'",
              "fullTitle": "2 - Adicione à página uma paleta de quatro cores distintas. Verifica se a paleta de cores está posicionada abaixo do título 'Paleta de Cores'",
              "timedOut": null,
              "duration": 148,
              "state": "passed",
              "speed": "slow",
              "pass": true,
              "fail": false,
              "pending": false,
              "context": null,
              "code": "cy.get('h1#title').then(function (title) {\n  cy.get('#color-palette').should('be.belowOf', title);\n});",
              "err": {},
              "uuid": "fcd0dcd7-4b0f-4189-ad9c-0c45682ca3a4",
              "parentUUID": "fbe85352-f005-4b95-918f-7cb231532d00",
              "isHook": false,
              "skipped": false
            },
            {
              "title": "Verifica se a paleta de cores não contém cores repetidas.",
              "fullTitle": "2 - Adicione à página uma paleta de quatro cores distintas. Verifica se a paleta de cores não contém cores repetidas.",
              "timedOut": null,
              "duration": 117,
              "state": "passed",
              "speed": "slow",
              "pass": true,
              "fail": false,
              "pending": false,
              "context": null,
              "code": "cy.get('.color').then(function (colors) {\n  var allColors = Array.from(colors).map(function (color) {\n    return Cypress.$(color).css('background-color');\n  });\n  cy.log(allColors);\n  var uniqColors = (0, _toConsumableArray2[\"default\"])(new Set(allColors));\n  cy.log(uniqColors);\n  expect(allColors.length).to.eq(uniqColors.length);\n});",
              "err": {},
              "uuid": "05d54178-72d6-4dde-9fcf-ccfea01c0799",
              "parentUUID": "fbe85352-f005-4b95-918f-7cb231532d00",
              "isHook": false,
              "skipped": false
            }
          ],
          "suites": [],
          "passes": [
            "1125d597-1b8f-4915-a65f-ca74eaed3695",
            "80d6a6f3-dd69-4226-a445-2eb0279ac115",
            "77d9b8bc-9b9f-45f7-bc0d-9de376f24564",
            "18a74acf-b96c-4d25-9b9e-8de33742c159",
            "fbfbe3a2-4a64-4293-bf1b-d87f0f7ea643",
            "fcd0dcd7-4b0f-4189-ad9c-0c45682ca3a4",
            "05d54178-72d6-4dde-9fcf-ccfea01c0799"
          ],
          "failures": [],
          "pending": [],
          "skipped": [],
          "duration": 1079,
          "root": false,
          "rootEmpty": false,
          "_timeout": 2000
        },
        {
          "uuid": "63509626-7a0e-4442-b57b-c7cc660221e2",
          "title": "3 - Adicione a cor **preta** como a primeira cor da paleta de cores.",
          "fullFile": "",
          "file": "",
          "beforeHooks": [],
          "afterHooks": [],
          "tests": [
            {
              "title": "Verifica se a primeira cor da paleta é preta",
              "fullTitle": "3 - Adicione a cor **preta** como a primeira cor da paleta de cores. Verifica se a primeira cor da paleta é preta",
              "timedOut": null,
              "duration": 134,
              "state": "passed",
              "speed": "slow",
              "pass": true,
              "fail": false,
              "pending": false,
              "context": null,
              "code": "cy.get('.color').first().should('have.css', 'background-color', BLACK);",
              "err": {},
              "uuid": "e6bfb6c0-1660-4ac3-bf85-7935bb6391c4",
              "parentUUID": "63509626-7a0e-4442-b57b-c7cc660221e2",
              "isHook": false,
              "skipped": false
            },
            {
              "title": "Verifica se as demais cores podem ser escolhidas livremente.",
              "fullTitle": "3 - Adicione a cor **preta** como a primeira cor da paleta de cores. Verifica se as demais cores podem ser escolhidas livremente.",
              "timedOut": null,
              "duration": 215,
              "state": "passed",
              "speed": "slow",
              "pass": true,
              "fail": false,
              "pending": false,
              "context": null,
              "code": "cy.get('.color').eq(1).should('not.have.css', 'background-color', BLACK);\ncy.get('.color').eq(1).should('not.have.css', 'background-color', WHITE);\ncy.get('.color').eq(1).should('not.have.css', 'background-color', 'rgba(0, 0, 0, 0)');\ncy.get('.color').eq(1).should('have.css', 'background-color');\ncy.get('.color').eq(2).should('not.have.css', 'background-color', BLACK);\ncy.get('.color').eq(2).should('not.have.css', 'background-color', WHITE);\ncy.get('.color').eq(2).should('not.have.css', 'background-color', 'rgba(0, 0, 0, 0)');\ncy.get('.color').eq(2).should('have.css', 'background-color');\ncy.get('.color').eq(3).should('not.have.css', 'background-color', BLACK);\ncy.get('.color').eq(3).should('not.have.css', 'background-color', WHITE);\ncy.get('.color').eq(3).should('not.have.css', 'background-color', 'rgba(0, 0, 0, 0)');\ncy.get('.color').eq(3).should('have.css', 'background-color');",
              "err": {},
              "uuid": "e06ddc6c-4cf2-42b7-bc4a-4af12f02910c",
              "parentUUID": "63509626-7a0e-4442-b57b-c7cc660221e2",
              "isHook": false,
              "skipped": false
            }
          ],
          "suites": [],
          "passes": [
            "e6bfb6c0-1660-4ac3-bf85-7935bb6391c4",
            "e06ddc6c-4cf2-42b7-bc4a-4af12f02910c"
          ],
          "failures": [],
          "pending": [],
          "skipped": [],
          "duration": 349,
          "root": false,
          "rootEmpty": false,
          "_timeout": 2000
        },
        {
          "uuid": "92f387af-06b1-449d-a3ab-b321b4a1fddd",
          "title": "4 - Adicione à página um quadro de pixels, com 25 pixels.",
          "fullFile": "",
          "file": "",
          "beforeHooks": [],
          "afterHooks": [],
          "tests": [
            {
              "title": "Verifica se o quadro de pixels possui o `id` denominado `pixel-board`",
              "fullTitle": "4 - Adicione à página um quadro de pixels, com 25 pixels. Verifica se o quadro de pixels possui o `id` denominado `pixel-board`",
              "timedOut": null,
              "duration": 155,
              "state": "passed",
              "speed": "slow",
              "pass": true,
              "fail": false,
              "pending": false,
              "context": null,
              "code": "cy.get('#pixel-board').should('be.visible');",
              "err": {},
              "uuid": "5a116c30-310c-4994-9b80-b4f69785b873",
              "parentUUID": "92f387af-06b1-449d-a3ab-b321b4a1fddd",
              "isHook": false,
              "skipped": false
            },
            {
              "title": "Verifica se cada pixel individual dentro do quadro possui a `classe` denominada `pixel`.",
              "fullTitle": "4 - Adicione à página um quadro de pixels, com 25 pixels. Verifica se cada pixel individual dentro do quadro possui a `classe` denominada `pixel`.",
              "timedOut": null,
              "duration": 141,
              "state": "passed",
              "speed": "slow",
              "pass": true,
              "fail": false,
              "pending": false,
              "context": null,
              "code": "cy.get('.pixel').should('have.length', 25);",
              "err": {},
              "uuid": "00f6c921-3c8d-4b7d-a772-7ce27ecf2ee9",
              "parentUUID": "92f387af-06b1-449d-a3ab-b321b4a1fddd",
              "isHook": false,
              "skipped": false
            },
            {
              "title": "Verifica se a cor inicial dos pixels dentro do quadro, ao abrir a página, é branca.",
              "fullTitle": "4 - Adicione à página um quadro de pixels, com 25 pixels. Verifica se a cor inicial dos pixels dentro do quadro, ao abrir a página, é branca.",
              "timedOut": null,
              "duration": 212,
              "state": "passed",
              "speed": "slow",
              "pass": true,
              "fail": false,
              "pending": false,
              "context": null,
              "code": "cy.get('.pixel').should('have.length', 25).each(function (pixel) {\n  expect(pixel).to.have.css('background-color', WHITE);\n});",
              "err": {},
              "uuid": "9657fc31-bdbd-4b9f-908c-2c76e35383ae",
              "parentUUID": "92f387af-06b1-449d-a3ab-b321b4a1fddd",
              "isHook": false,
              "skipped": false
            },
            {
              "title": "Verifica se o quadro de pixels aparece abaixo da paleta de cores",
              "fullTitle": "4 - Adicione à página um quadro de pixels, com 25 pixels. Verifica se o quadro de pixels aparece abaixo da paleta de cores",
              "timedOut": null,
              "duration": 99,
              "state": "passed",
              "speed": "slow",
              "pass": true,
              "fail": false,
              "pending": false,
              "context": null,
              "code": "cy.get('#color-palette').then(function (palette) {\n  cy.get('#pixel-board').should('be.belowOf', palette);\n});",
              "err": {},
              "uuid": "90ea0040-8638-446b-8088-4239fdf10d6e",
              "parentUUID": "92f387af-06b1-449d-a3ab-b321b4a1fddd",
              "isHook": false,
              "skipped": false
            }
          ],
          "suites": [],
          "passes": [
            "5a116c30-310c-4994-9b80-b4f69785b873",
            "00f6c921-3c8d-4b7d-a772-7ce27ecf2ee9",
            "9657fc31-bdbd-4b9f-908c-2c76e35383ae",
            "90ea0040-8638-446b-8088-4239fdf10d6e"
          ],
          "failures": [],
          "pending": [],
          "skipped": [],
          "duration": 607,
          "root": false,
          "rootEmpty": false,
          "_timeout": 2000
        },
        {
          "uuid": "a2de0001-9b05-4666-9e26-e9e772faae02",
          "title": "5 - Faça com que cada elemento do quadro de pixels possua 40 pixels de largura, 40 pixels de altura e seja delimitado por uma borda preta de 1 pixel.",
          "fullFile": "",
          "file": "",
          "beforeHooks": [],
          "afterHooks": [],
          "tests": [
            {
              "title": "Verifica se o quadro de pixels tem altura e comprimento de 5 elementos",
              "fullTitle": "5 - Faça com que cada elemento do quadro de pixels possua 40 pixels de largura, 40 pixels de altura e seja delimitado por uma borda preta de 1 pixel. Verifica se o quadro de pixels tem altura e comprimento de 5 elementos",
              "timedOut": null,
              "duration": 316,
              "state": "passed",
              "speed": "slow",
              "pass": true,
              "fail": false,
              "pending": false,
              "context": null,
              "code": "cy.get('.pixel').should('have.length', 25).each(function (pixel) {\n  expect(pixel).to.have.css('background-color', WHITE);\n}).and(function (pixels) {\n  var rows = chunk(pixels, 5);\n  rows.forEach(function (row) {\n    for (var index = 1; index < row.length; index += 1) {\n      var current = pixels[index];\n      var previous = pixels[index - 1];\n      cy.wrap(current).should('be.onTheRightOf', previous).and('be.horizontallyAlignedWith', previous);\n    }\n  });\n  for (var index = 1; index < 5; index += 1) {\n    expect(pixels[index * 5]).to.be.belowOf(pixels[(index - 1) * 5]);\n  }\n});",
              "err": {},
              "uuid": "f45ab99f-98c2-47fe-9c1f-d88bb51da030",
              "parentUUID": "a2de0001-9b05-4666-9e26-e9e772faae02",
              "isHook": false,
              "skipped": false
            },
            {
              "title": "Verifica se 40 pixels é o tamanho total do elemento, incluindo seu conteúdo e excluindo a borda preta, que deve ser criada à parte.",
              "fullTitle": "5 - Faça com que cada elemento do quadro de pixels possua 40 pixels de largura, 40 pixels de altura e seja delimitado por uma borda preta de 1 pixel. Verifica se 40 pixels é o tamanho total do elemento, incluindo seu conteúdo e excluindo a borda preta, que deve ser criada à parte.",
              "timedOut": null,
              "duration": 266,
              "state": "passed",
              "speed": "slow",
              "pass": true,
              "fail": false,
              "pending": false,
              "context": null,
              "code": "cy.get('.pixel').each(function (pixel) {\n  cy.wrap(pixel).should('have.css', 'height', '40px').and('have.css', 'width', '40px').and('have.css', 'border', \"1px solid \".concat(BLACK));\n});",
              "err": {},
              "uuid": "6ca3c4e4-3ff3-41af-8988-e5116f7df981",
              "parentUUID": "a2de0001-9b05-4666-9e26-e9e772faae02",
              "isHook": false,
              "skipped": false
            }
          ],
          "suites": [],
          "passes": [
            "f45ab99f-98c2-47fe-9c1f-d88bb51da030",
            "6ca3c4e4-3ff3-41af-8988-e5116f7df981"
          ],
          "failures": [],
          "pending": [],
          "skipped": [],
          "duration": 582,
          "root": false,
          "rootEmpty": false,
          "_timeout": 2000
        },
        {
          "uuid": "373544cc-0ef7-453b-9671-91c5dd020e06",
          "title": "6 - Defina a cor preta como cor inicial. Ao carregar a página a cor preta já deve estar selecionada para pintar os pixels",
          "fullFile": "",
          "file": "",
          "beforeHooks": [],
          "afterHooks": [],
          "tests": [
            {
              "title": "Verifica se o elemento da cor preta possui, inicialmente, a `classe` `selected`",
              "fullTitle": "6 - Defina a cor preta como cor inicial. Ao carregar a página a cor preta já deve estar selecionada para pintar os pixels Verifica se o elemento da cor preta possui, inicialmente, a `classe` `selected`",
              "timedOut": null,
              "duration": 184,
              "state": "passed",
              "speed": "slow",
              "pass": true,
              "fail": false,
              "pending": false,
              "context": null,
              "code": "cy.get('.selected').first().should('have.css', 'background-color', BLACK);",
              "err": {},
              "uuid": "262e06d0-f138-431a-a7d5-39b206de85af",
              "parentUUID": "373544cc-0ef7-453b-9671-91c5dd020e06",
              "isHook": false,
              "skipped": false
            },
            {
              "title": "Verifica se nenhuma outra cor da paleta tem a `classe` `selected`",
              "fullTitle": "6 - Defina a cor preta como cor inicial. Ao carregar a página a cor preta já deve estar selecionada para pintar os pixels Verifica se nenhuma outra cor da paleta tem a `classe` `selected`",
              "timedOut": null,
              "duration": 89,
              "state": "passed",
              "speed": "slow",
              "pass": true,
              "fail": false,
              "pending": false,
              "context": null,
              "code": "cy.get('.color:not(:first-child)').each(function (color) {\n  cy.wrap(color).should('not.have.class', 'selected');\n});",
              "err": {},
              "uuid": "dac524e4-f36d-4299-866e-f696017459c4",
              "parentUUID": "373544cc-0ef7-453b-9671-91c5dd020e06",
              "isHook": false,
              "skipped": false
            }
          ],
          "suites": [],
          "passes": [
            "262e06d0-f138-431a-a7d5-39b206de85af",
            "dac524e4-f36d-4299-866e-f696017459c4"
          ],
          "failures": [],
          "pending": [],
          "skipped": [],
          "duration": 273,
          "root": false,
          "rootEmpty": false,
          "_timeout": 2000
        },
        {
          "uuid": "9b830d1e-8b39-4726-aff4-d37d5882c8f5",
          "title": "7 - Clicar em uma das cores da paleta, faz com que ela seja selecionada e utilizada para preencher os pixels no quadro.",
          "fullFile": "",
          "file": "",
          "beforeHooks": [],
          "afterHooks": [],
          "tests": [
            {
              "title": "Verifica se somente uma cor da paleta de cores tem a classe `selected` de cada vez",
              "fullTitle": "7 - Clicar em uma das cores da paleta, faz com que ela seja selecionada e utilizada para preencher os pixels no quadro. Verifica se somente uma cor da paleta de cores tem a classe `selected` de cada vez",
              "timedOut": null,
              "duration": 495,
              "state": "passed",
              "speed": "slow",
              "pass": true,
              "fail": false,
              "pending": false,
              "context": null,
              "code": "cy.get('.color').each(function (selectedColor, selectedColorIndex) {\n  cy.wrap(selectedColor).click();\n  cy.get('.color').each(function (color, colorIndex) {\n    if (colorIndex === selectedColorIndex) {\n      expect(color).to.have[\"class\"]('selected');\n    } else {\n      expect(color).not.to.have[\"class\"]('selected');\n    }\n  });\n});",
              "err": {},
              "uuid": "edf9b108-c291-4489-9165-9245c1bea86d",
              "parentUUID": "9b830d1e-8b39-4726-aff4-d37d5882c8f5",
              "isHook": false,
              "skipped": false
            },
            {
              "title": "Verifica se os pixels dentro do quadro não têm a classe `selected` quando são clicados",
              "fullTitle": "7 - Clicar em uma das cores da paleta, faz com que ela seja selecionada e utilizada para preencher os pixels no quadro. Verifica se os pixels dentro do quadro não têm a classe `selected` quando são clicados",
              "timedOut": null,
              "duration": 8353,
              "state": "passed",
              "speed": "slow",
              "pass": true,
              "fail": false,
              "pending": false,
              "context": null,
              "code": "cy.get('.color').each(function (color) {\n  var backgroundColor = color.css('background-color');\n  cy.wrap(color).click();\n  cy.get('.pixel').each(function (pixel) {\n    cy.wrap(pixel).click().should('not.have.class', 'selected');\n  });\n});",
              "err": {},
              "uuid": "65d1ed8b-a5b8-49da-b1e9-ae87b542e4af",
              "parentUUID": "9b830d1e-8b39-4726-aff4-d37d5882c8f5",
              "isHook": false,
              "skipped": false
            }
          ],
          "suites": [],
          "passes": [
            "edf9b108-c291-4489-9165-9245c1bea86d",
            "65d1ed8b-a5b8-49da-b1e9-ae87b542e4af"
          ],
          "failures": [],
          "pending": [],
          "skipped": [],
          "duration": 8848,
          "root": false,
          "rootEmpty": false,
          "_timeout": 2000
        },
        {
          "uuid": "5f1276bd-33a3-4e27-8665-1202ce1e271a",
          "title": "8 - Clicar em um pixel dentro do quadro após selecionar uma cor na paleta, faz com que o pixel seja preenchido com a cor selecionada.",
          "fullFile": "",
          "file": "",
          "beforeHooks": [],
          "afterHooks": [],
          "tests": [
            {
              "title": "Verifica se ao carregar a página deve ser possível pintar os pixels de preto",
              "fullTitle": "8 - Clicar em um pixel dentro do quadro após selecionar uma cor na paleta, faz com que o pixel seja preenchido com a cor selecionada. Verifica se ao carregar a página deve ser possível pintar os pixels de preto",
              "timedOut": null,
              "duration": 4456,
              "state": "failed",
              "speed": null,
              "pass": false,
              "fail": true,
              "pending": false,
              "context": null,
              "code": "cy.get('.pixel').each(function (pixel) {\n  cy.wrap(pixel).click().should('have.css', 'background-color', BLACK);\n});",
              "err": {
                "message": "CypressError: Timed out retrying: expected '<td.pixel>' to have CSS property 'background-color' with the value 'rgb(0, 0, 0)', but the value was 'rgb(255, 255, 255)'",
                "estack": "CypressError: Timed out retrying: expected '<td.pixel>' to have CSS property 'background-color' with the value 'rgb(0, 0, 0)', but the value was 'rgb(255, 255, 255)'\n    at cypressErr (http://localhost:35273/__cypress/runner/cypress_runner.js:149934:9)\n    at throwErr (http://localhost:35273/__cypress/runner/cypress_runner.js:149867:11)\n    at Object.throwErrByPath (http://localhost:35273/__cypress/runner/cypress_runner.js:149915:3)\n    at retry (http://localhost:35273/__cypress/runner/cypress_runner.js:144197:19)\n    at onFailFn (http://localhost:35273/__cypress/runner/cypress_runner.js:132448:16)\n    at tryCatcher (http://localhost:35273/__cypress/runner/cypress_runner.js:167415:23)\n    at Promise._settlePromiseFromHandler (http://localhost:35273/__cypress/runner/cypress_runner.js:165351:31)\n    at Promise._settlePromise (http://localhost:35273/__cypress/runner/cypress_runner.js:165408:18)\n    at Promise._settlePromise0 (http://localhost:35273/__cypress/runner/cypress_runner.js:165453:10)\n    at Promise._settlePromises (http://localhost:35273/__cypress/runner/cypress_runner.js:165528:18)\n    at Async../node_modules/bluebird/js/release/async.js.Async._drainQueue (http://localhost:35273/__cypress/runner/cypress_runner.js:162140:16)\n    at Async../node_modules/bluebird/js/release/async.js.Async._drainQueues (http://localhost:35273/__cypress/runner/cypress_runner.js:162150:10)\n    at Async.drainQueues (http://localhost:35273/__cypress/runner/cypress_runner.js:162024:14)",
                "diff": null
              },
              "uuid": "bdcd4db1-af87-41d8-ba53-d067ba66b37d",
              "parentUUID": "5f1276bd-33a3-4e27-8665-1202ce1e271a",
              "isHook": false,
              "skipped": false
            },
            {
              "title": "Verifica se após selecionar uma outra cor na paleta, é possível pintar os pixels com essa cor",
              "fullTitle": "8 - Clicar em um pixel dentro do quadro após selecionar uma cor na paleta, faz com que o pixel seja preenchido com a cor selecionada. Verifica se após selecionar uma outra cor na paleta, é possível pintar os pixels com essa cor",
              "timedOut": null,
              "duration": 4471,
              "state": "failed",
              "speed": null,
              "pass": false,
              "fail": true,
              "pending": false,
              "context": null,
              "code": "cy.get('.color').each(function (color) {\n  var backgroundColor = color.css('background-color');\n  cy.wrap(color).click();\n  cy.get('.pixel').each(function (pixel) {\n    cy.wrap(pixel).click().should('have.css', 'background-color', backgroundColor);\n  });\n});",
              "err": {
                "message": "CypressError: Timed out retrying: expected '<td.pixel>' to have CSS property 'background-color' with the value 'rgb(0, 0, 0)', but the value was 'rgb(255, 255, 255)'",
                "estack": "CypressError: Timed out retrying: expected '<td.pixel>' to have CSS property 'background-color' with the value 'rgb(0, 0, 0)', but the value was 'rgb(255, 255, 255)'\n    at cypressErr (http://localhost:35273/__cypress/runner/cypress_runner.js:149934:9)\n    at throwErr (http://localhost:35273/__cypress/runner/cypress_runner.js:149867:11)\n    at Object.throwErrByPath (http://localhost:35273/__cypress/runner/cypress_runner.js:149915:3)\n    at retry (http://localhost:35273/__cypress/runner/cypress_runner.js:144197:19)\n    at onFailFn (http://localhost:35273/__cypress/runner/cypress_runner.js:132448:16)\n    at tryCatcher (http://localhost:35273/__cypress/runner/cypress_runner.js:167415:23)\n    at Promise._settlePromiseFromHandler (http://localhost:35273/__cypress/runner/cypress_runner.js:165351:31)\n    at Promise._settlePromise (http://localhost:35273/__cypress/runner/cypress_runner.js:165408:18)\n    at Promise._settlePromise0 (http://localhost:35273/__cypress/runner/cypress_runner.js:165453:10)\n    at Promise._settlePromises (http://localhost:35273/__cypress/runner/cypress_runner.js:165528:18)\n    at Async../node_modules/bluebird/js/release/async.js.Async._drainQueue (http://localhost:35273/__cypress/runner/cypress_runner.js:162140:16)\n    at Async../node_modules/bluebird/js/release/async.js.Async._drainQueues (http://localhost:35273/__cypress/runner/cypress_runner.js:162150:10)\n    at Async.drainQueues (http://localhost:35273/__cypress/runner/cypress_runner.js:162024:14)",
                "diff": null
              },
              "uuid": "117d140f-8f86-4e38-ae9a-2e8bfe17e05a",
              "parentUUID": "5f1276bd-33a3-4e27-8665-1202ce1e271a",
              "isHook": false,
              "skipped": false
            },
            {
              "title": "Verifica se somente o pixel que foi clicado foi preenchido com a cor selecionada, sem influenciar na cor dos demais pixels.",
              "fullTitle": "8 - Clicar em um pixel dentro do quadro após selecionar uma cor na paleta, faz com que o pixel seja preenchido com a cor selecionada. Verifica se somente o pixel que foi clicado foi preenchido com a cor selecionada, sem influenciar na cor dos demais pixels.",
              "timedOut": null,
              "duration": 1705,
              "state": "passed",
              "speed": "slow",
              "pass": true,
              "fail": false,
              "pending": false,
              "context": null,
              "code": "var colorToPixelIndexMap = {\n  0: 6,\n  1: 8,\n  2: 16,\n  3: 18\n};\ncy.get('.color').each(function (color, index) {\n  cy.wrap(color).click();\n  var backgroundColor = color.css('background-color');\n  var clickedPixelIndex = colorToPixelIndexMap[index];\n  cy.get('.pixel').eq(clickedPixelIndex).click();\n  cy.get('.pixel').eq(clickedPixelIndex - 1).should('not.have.css', 'background-color', backgroundColor);\n  cy.get('.pixel').eq(clickedPixelIndex + 1).should('not.have.css', 'background-color', backgroundColor);\n  cy.get('.pixel').eq(clickedPixelIndex - 5).should('not.have.css', 'background-color', backgroundColor);\n  cy.get('.pixel').eq(clickedPixelIndex + 5).should('not.have.css', 'background-color', backgroundColor);\n  cy.get('.pixel').eq(clickedPixelIndex - 6).should('not.have.css', 'background-color', backgroundColor);\n  cy.get('.pixel').eq(clickedPixelIndex - 4).should('not.have.css', 'background-color', backgroundColor);\n  cy.get('.pixel').eq(clickedPixelIndex + 4).should('not.have.css', 'background-color', backgroundColor);\n  cy.get('.pixel').eq(clickedPixelIndex + 6).should('not.have.css', 'background-color', backgroundColor);\n});",
              "err": {},
              "uuid": "f73d5497-a668-48fc-8056-bd5d6e713bd2",
              "parentUUID": "5f1276bd-33a3-4e27-8665-1202ce1e271a",
              "isHook": false,
              "skipped": false
            }
          ],
          "suites": [],
          "passes": [
            "f73d5497-a668-48fc-8056-bd5d6e713bd2"
          ],
          "failures": [
            "bdcd4db1-af87-41d8-ba53-d067ba66b37d",
            "117d140f-8f86-4e38-ae9a-2e8bfe17e05a"
          ],
          "pending": [],
          "skipped": [],
          "duration": 10632,
          "root": false,
          "rootEmpty": false,
          "_timeout": 2000
        },
        {
          "uuid": "eb5f5c8c-28b1-481b-aa56-a22f2e533b78",
          "title": "9 - Crie um botão que, ao ser clicado, limpa o quadro preenchendo a cor de todos seus pixels com branco.",
          "fullFile": "",
          "file": "",
          "beforeHooks": [],
          "afterHooks": [],
          "tests": [
            {
              "title": "Verifica se o botão tem o `id` denominado `clear-board`",
              "fullTitle": "9 - Crie um botão que, ao ser clicado, limpa o quadro preenchendo a cor de todos seus pixels com branco. Verifica se o botão tem o `id` denominado `clear-board`",
              "timedOut": null,
              "duration": 4314,
              "state": "failed",
              "speed": null,
              "pass": false,
              "fail": true,
              "pending": false,
              "context": null,
              "code": "cy.get('#clear-board').should('be.visible');",
              "err": {
                "message": "CypressError: Timed out retrying: Expected to find element: '#clear-board', but never found it.",
                "estack": "CypressError: Timed out retrying: Expected to find element: '#clear-board', but never found it.\n    at cypressErr (http://localhost:35273/__cypress/runner/cypress_runner.js:149934:9)\n    at throwErr (http://localhost:35273/__cypress/runner/cypress_runner.js:149867:11)\n    at Object.throwErrByPath (http://localhost:35273/__cypress/runner/cypress_runner.js:149915:3)\n    at retry (http://localhost:35273/__cypress/runner/cypress_runner.js:144197:19)\n    at onFailFn (http://localhost:35273/__cypress/runner/cypress_runner.js:132448:16)\n    at tryCatcher (http://localhost:35273/__cypress/runner/cypress_runner.js:167415:23)\n    at Promise._settlePromiseFromHandler (http://localhost:35273/__cypress/runner/cypress_runner.js:165351:31)\n    at Promise._settlePromise (http://localhost:35273/__cypress/runner/cypress_runner.js:165408:18)\n    at Promise._settlePromise0 (http://localhost:35273/__cypress/runner/cypress_runner.js:165453:10)\n    at Promise._settlePromises (http://localhost:35273/__cypress/runner/cypress_runner.js:165528:18)\n    at Async../node_modules/bluebird/js/release/async.js.Async._drainQueue (http://localhost:35273/__cypress/runner/cypress_runner.js:162140:16)\n    at Async../node_modules/bluebird/js/release/async.js.Async._drainQueues (http://localhost:35273/__cypress/runner/cypress_runner.js:162150:10)\n    at Async.drainQueues (http://localhost:35273/__cypress/runner/cypress_runner.js:162024:14)",
                "diff": null
              },
              "uuid": "2cc47fc8-297d-49dc-a095-fd42cafba802",
              "parentUUID": "eb5f5c8c-28b1-481b-aa56-a22f2e533b78",
              "isHook": false,
              "skipped": false
            },
            {
              "title": "Verifica se o botão está posicionado entre a paleta de cores e o quadro de pixels",
              "fullTitle": "9 - Crie um botão que, ao ser clicado, limpa o quadro preenchendo a cor de todos seus pixels com branco. Verifica se o botão está posicionado entre a paleta de cores e o quadro de pixels",
              "timedOut": null,
              "duration": 4282,
              "state": "failed",
              "speed": null,
              "pass": false,
              "fail": true,
              "pending": false,
              "context": null,
              "code": "cy.get('#color-palette').then(function (palette) {\n  cy.get('#clear-board').should('be.belowOf', palette);\n});\ncy.get('#clear-board').then(function (clearBtn) {\n  cy.get('#pixel-board').should('be.belowOf', clearBtn);\n});",
              "err": {
                "message": "CypressError: Timed out retrying: Expected to find element: '#clear-board', but never found it.",
                "estack": "CypressError: Timed out retrying: Expected to find element: '#clear-board', but never found it.\n    at cypressErr (http://localhost:35273/__cypress/runner/cypress_runner.js:149934:9)\n    at throwErr (http://localhost:35273/__cypress/runner/cypress_runner.js:149867:11)\n    at Object.throwErrByPath (http://localhost:35273/__cypress/runner/cypress_runner.js:149915:3)\n    at retry (http://localhost:35273/__cypress/runner/cypress_runner.js:144197:19)\n    at onFailFn (http://localhost:35273/__cypress/runner/cypress_runner.js:132448:16)\n    at tryCatcher (http://localhost:35273/__cypress/runner/cypress_runner.js:167415:23)\n    at Promise._settlePromiseFromHandler (http://localhost:35273/__cypress/runner/cypress_runner.js:165351:31)\n    at Promise._settlePromise (http://localhost:35273/__cypress/runner/cypress_runner.js:165408:18)\n    at Promise._settlePromise0 (http://localhost:35273/__cypress/runner/cypress_runner.js:165453:10)\n    at Promise._settlePromises (http://localhost:35273/__cypress/runner/cypress_runner.js:165528:18)\n    at Async../node_modules/bluebird/js/release/async.js.Async._drainQueue (http://localhost:35273/__cypress/runner/cypress_runner.js:162140:16)\n    at Async../node_modules/bluebird/js/release/async.js.Async._drainQueues (http://localhost:35273/__cypress/runner/cypress_runner.js:162150:10)\n    at Async.drainQueues (http://localhost:35273/__cypress/runner/cypress_runner.js:162024:14)",
                "diff": null
              },
              "uuid": "0fd50b8d-e153-457c-a0a4-9d96df126cb8",
              "parentUUID": "eb5f5c8c-28b1-481b-aa56-a22f2e533b78",
              "isHook": false,
              "skipped": false
            },
            {
              "title": "Verifica se o texto do botão é 'Limpar'",
              "fullTitle": "9 - Crie um botão que, ao ser clicado, limpa o quadro preenchendo a cor de todos seus pixels com branco. Verifica se o texto do botão é 'Limpar'",
              "timedOut": null,
              "duration": 4300,
              "state": "failed",
              "speed": null,
              "pass": false,
              "fail": true,
              "pending": false,
              "context": null,
              "code": "cy.get('#clear-board').should('contain.text', 'Limpar');",
              "err": {
                "message": "CypressError: Timed out retrying: Expected to find element: '#clear-board', but never found it.",
                "estack": "CypressError: Timed out retrying: Expected to find element: '#clear-board', but never found it.\n    at cypressErr (http://localhost:35273/__cypress/runner/cypress_runner.js:149934:9)\n    at throwErr (http://localhost:35273/__cypress/runner/cypress_runner.js:149867:11)\n    at Object.throwErrByPath (http://localhost:35273/__cypress/runner/cypress_runner.js:149915:3)\n    at retry (http://localhost:35273/__cypress/runner/cypress_runner.js:144197:19)\n    at onFailFn (http://localhost:35273/__cypress/runner/cypress_runner.js:132448:16)\n    at tryCatcher (http://localhost:35273/__cypress/runner/cypress_runner.js:167415:23)\n    at Promise._settlePromiseFromHandler (http://localhost:35273/__cypress/runner/cypress_runner.js:165351:31)\n    at Promise._settlePromise (http://localhost:35273/__cypress/runner/cypress_runner.js:165408:18)\n    at Promise._settlePromise0 (http://localhost:35273/__cypress/runner/cypress_runner.js:165453:10)\n    at Promise._settlePromises (http://localhost:35273/__cypress/runner/cypress_runner.js:165528:18)\n    at Async../node_modules/bluebird/js/release/async.js.Async._drainQueue (http://localhost:35273/__cypress/runner/cypress_runner.js:162140:16)\n    at Async../node_modules/bluebird/js/release/async.js.Async._drainQueues (http://localhost:35273/__cypress/runner/cypress_runner.js:162150:10)\n    at Async.drainQueues (http://localhost:35273/__cypress/runner/cypress_runner.js:162024:14)",
                "diff": null
              },
              "uuid": "9a2ac670-1f84-43d8-85e8-2145d25139ff",
              "parentUUID": "eb5f5c8c-28b1-481b-aa56-a22f2e533b78",
              "isHook": false,
              "skipped": false
            },
            {
              "title": "Verifica se ao clicar no botão, o quadro de pixels é totalmente preenchido de branco",
              "fullTitle": "9 - Crie um botão que, ao ser clicado, limpa o quadro preenchendo a cor de todos seus pixels com branco. Verifica se ao clicar no botão, o quadro de pixels é totalmente preenchido de branco",
              "timedOut": null,
              "duration": 4488,
              "state": "failed",
              "speed": null,
              "pass": false,
              "fail": true,
              "pending": false,
              "context": null,
              "code": "cy.get('.color').eq(1).then(function (color) {\n  var backgroundColor = color.css('background-color');\n  cy.wrap(color).click();\n  cy.get('.pixel').each(function (pixel) {\n    cy.wrap(pixel).click().should('have.css', 'background-color', backgroundColor);\n  });\n});\ncy.get('#clear-board').click();\ncy.get('.pixel').each(function (pixel) {\n  cy.wrap(pixel).should('have.css', 'background-color', WHITE);\n});",
              "err": {
                "message": "CypressError: Timed out retrying: expected '<td.pixel>' to have CSS property 'background-color' with the value 'rgb(0, 0, 255)', but the value was 'rgb(255, 255, 255)'",
                "estack": "CypressError: Timed out retrying: expected '<td.pixel>' to have CSS property 'background-color' with the value 'rgb(0, 0, 255)', but the value was 'rgb(255, 255, 255)'\n    at cypressErr (http://localhost:35273/__cypress/runner/cypress_runner.js:149934:9)\n    at throwErr (http://localhost:35273/__cypress/runner/cypress_runner.js:149867:11)\n    at Object.throwErrByPath (http://localhost:35273/__cypress/runner/cypress_runner.js:149915:3)\n    at retry (http://localhost:35273/__cypress/runner/cypress_runner.js:144197:19)\n    at onFailFn (http://localhost:35273/__cypress/runner/cypress_runner.js:132448:16)\n    at tryCatcher (http://localhost:35273/__cypress/runner/cypress_runner.js:167415:23)\n    at Promise._settlePromiseFromHandler (http://localhost:35273/__cypress/runner/cypress_runner.js:165351:31)\n    at Promise._settlePromise (http://localhost:35273/__cypress/runner/cypress_runner.js:165408:18)\n    at Promise._settlePromise0 (http://localhost:35273/__cypress/runner/cypress_runner.js:165453:10)\n    at Promise._settlePromises (http://localhost:35273/__cypress/runner/cypress_runner.js:165528:18)\n    at Async../node_modules/bluebird/js/release/async.js.Async._drainQueue (http://localhost:35273/__cypress/runner/cypress_runner.js:162140:16)\n    at Async../node_modules/bluebird/js/release/async.js.Async._drainQueues (http://localhost:35273/__cypress/runner/cypress_runner.js:162150:10)\n    at Async.drainQueues (http://localhost:35273/__cypress/runner/cypress_runner.js:162024:14)",
                "diff": null
              },
              "uuid": "1ef534b9-ddc5-40c7-beec-e81c192c74ba",
              "parentUUID": "eb5f5c8c-28b1-481b-aa56-a22f2e533b78",
              "isHook": false,
              "skipped": false
            }
          ],
          "suites": [],
          "passes": [],
          "failures": [
            "2cc47fc8-297d-49dc-a095-fd42cafba802",
            "0fd50b8d-e153-457c-a0a4-9d96df126cb8",
            "9a2ac670-1f84-43d8-85e8-2145d25139ff",
            "1ef534b9-ddc5-40c7-beec-e81c192c74ba"
          ],
          "pending": [],
          "skipped": [],
          "duration": 17384,
          "root": false,
          "rootEmpty": false,
          "_timeout": 2000
        },
        {
          "uuid": "2277ac37-9135-4bfc-9514-5c8adc69a096",
          "title": "10 - Faça o quadro de pixels ter seu tamanho definido pelo usuário.",
          "fullFile": "",
          "file": "",
          "beforeHooks": [],
          "afterHooks": [],
          "tests": [
            {
              "title": "Verifica se existe um input com o id `board-size`",
              "fullTitle": "10 - Faça o quadro de pixels ter seu tamanho definido pelo usuário. Verifica se existe um input com o id `board-size`",
              "timedOut": null,
              "duration": 4239,
              "state": "failed",
              "speed": null,
              "pass": false,
              "fail": true,
              "pending": false,
              "context": null,
              "code": "cy.get('#board-size').should('be.visible');",
              "err": {
                "message": "CypressError: Timed out retrying: Expected to find element: '#board-size', but never found it.",
                "estack": "CypressError: Timed out retrying: Expected to find element: '#board-size', but never found it.\n    at cypressErr (http://localhost:35273/__cypress/runner/cypress_runner.js:149934:9)\n    at throwErr (http://localhost:35273/__cypress/runner/cypress_runner.js:149867:11)\n    at Object.throwErrByPath (http://localhost:35273/__cypress/runner/cypress_runner.js:149915:3)\n    at retry (http://localhost:35273/__cypress/runner/cypress_runner.js:144197:19)\n    at onFailFn (http://localhost:35273/__cypress/runner/cypress_runner.js:132448:16)\n    at tryCatcher (http://localhost:35273/__cypress/runner/cypress_runner.js:167415:23)\n    at Promise._settlePromiseFromHandler (http://localhost:35273/__cypress/runner/cypress_runner.js:165351:31)\n    at Promise._settlePromise (http://localhost:35273/__cypress/runner/cypress_runner.js:165408:18)\n    at Promise._settlePromise0 (http://localhost:35273/__cypress/runner/cypress_runner.js:165453:10)\n    at Promise._settlePromises (http://localhost:35273/__cypress/runner/cypress_runner.js:165528:18)\n    at Async../node_modules/bluebird/js/release/async.js.Async._drainQueue (http://localhost:35273/__cypress/runner/cypress_runner.js:162140:16)\n    at Async../node_modules/bluebird/js/release/async.js.Async._drainQueues (http://localhost:35273/__cypress/runner/cypress_runner.js:162150:10)\n    at Async.drainQueues (http://localhost:35273/__cypress/runner/cypress_runner.js:162024:14)",
                "diff": null
              },
              "uuid": "b5d8ae34-dbe7-4860-8f77-cfb7c79981b6",
              "parentUUID": "2277ac37-9135-4bfc-9514-5c8adc69a096",
              "isHook": false,
              "skipped": false
            },
            {
              "title": "Verifica se existe um botão com o id `generate-board`",
              "fullTitle": "10 - Faça o quadro de pixels ter seu tamanho definido pelo usuário. Verifica se existe um botão com o id `generate-board`",
              "timedOut": null,
              "duration": 4256,
              "state": "failed",
              "speed": null,
              "pass": false,
              "fail": true,
              "pending": false,
              "context": null,
              "code": "cy.get('#generate-board').should('be.visible');",
              "err": {
                "message": "CypressError: Timed out retrying: Expected to find element: '#generate-board', but never found it.",
                "estack": "CypressError: Timed out retrying: Expected to find element: '#generate-board', but never found it.\n    at cypressErr (http://localhost:35273/__cypress/runner/cypress_runner.js:149934:9)\n    at throwErr (http://localhost:35273/__cypress/runner/cypress_runner.js:149867:11)\n    at Object.throwErrByPath (http://localhost:35273/__cypress/runner/cypress_runner.js:149915:3)\n    at retry (http://localhost:35273/__cypress/runner/cypress_runner.js:144197:19)\n    at onFailFn (http://localhost:35273/__cypress/runner/cypress_runner.js:132448:16)\n    at tryCatcher (http://localhost:35273/__cypress/runner/cypress_runner.js:167415:23)\n    at Promise._settlePromiseFromHandler (http://localhost:35273/__cypress/runner/cypress_runner.js:165351:31)\n    at Promise._settlePromise (http://localhost:35273/__cypress/runner/cypress_runner.js:165408:18)\n    at Promise._settlePromise0 (http://localhost:35273/__cypress/runner/cypress_runner.js:165453:10)\n    at Promise._settlePromises (http://localhost:35273/__cypress/runner/cypress_runner.js:165528:18)\n    at Async../node_modules/bluebird/js/release/async.js.Async._drainQueue (http://localhost:35273/__cypress/runner/cypress_runner.js:162140:16)\n    at Async../node_modules/bluebird/js/release/async.js.Async._drainQueues (http://localhost:35273/__cypress/runner/cypress_runner.js:162150:10)\n    at Async.drainQueues (http://localhost:35273/__cypress/runner/cypress_runner.js:162024:14)",
                "diff": null
              },
              "uuid": "972d2bfc-e49f-4fca-a23e-be03bd0b0369",
              "parentUUID": "2277ac37-9135-4bfc-9514-5c8adc69a096",
              "isHook": false,
              "skipped": false
            },
            {
              "title": "Verifica se o input só aceita número maiores que zero. Essa restrição deve ser feita usando os atributos do elemento `input`",
              "fullTitle": "10 - Faça o quadro de pixels ter seu tamanho definido pelo usuário. Verifica se o input só aceita número maiores que zero. Essa restrição deve ser feita usando os atributos do elemento `input`",
              "timedOut": null,
              "duration": 4242,
              "state": "failed",
              "speed": null,
              "pass": false,
              "fail": true,
              "pending": false,
              "context": null,
              "code": "cy.get('#board-size[type=\\'number\\'][min=\\'1\\']');",
              "err": {
                "message": "CypressError: Timed out retrying: Expected to find element: '#board-size[type='number'][min='1']', but never found it.",
                "estack": "CypressError: Timed out retrying: Expected to find element: '#board-size[type='number'][min='1']', but never found it.\n    at cypressErr (http://localhost:35273/__cypress/runner/cypress_runner.js:149934:9)\n    at throwErr (http://localhost:35273/__cypress/runner/cypress_runner.js:149867:11)\n    at Object.throwErrByPath (http://localhost:35273/__cypress/runner/cypress_runner.js:149915:3)\n    at retry (http://localhost:35273/__cypress/runner/cypress_runner.js:144197:19)\n    at onFailFn (http://localhost:35273/__cypress/runner/cypress_runner.js:132448:16)\n    at tryCatcher (http://localhost:35273/__cypress/runner/cypress_runner.js:167415:23)\n    at Promise._settlePromiseFromHandler (http://localhost:35273/__cypress/runner/cypress_runner.js:165351:31)\n    at Promise._settlePromise (http://localhost:35273/__cypress/runner/cypress_runner.js:165408:18)\n    at Promise._settlePromise0 (http://localhost:35273/__cypress/runner/cypress_runner.js:165453:10)\n    at Promise._settlePromises (http://localhost:35273/__cypress/runner/cypress_runner.js:165528:18)\n    at Async../node_modules/bluebird/js/release/async.js.Async._drainQueue (http://localhost:35273/__cypress/runner/cypress_runner.js:162140:16)\n    at Async../node_modules/bluebird/js/release/async.js.Async._drainQueues (http://localhost:35273/__cypress/runner/cypress_runner.js:162150:10)\n    at Async.drainQueues (http://localhost:35273/__cypress/runner/cypress_runner.js:162024:14)",
                "diff": null
              },
              "uuid": "d8f53656-0a7b-403e-83d3-1f39e79bde69",
              "parentUUID": "2277ac37-9135-4bfc-9514-5c8adc69a096",
              "isHook": false,
              "skipped": false
            },
            {
              "title": "Verifica se o botão contém o texto 'VQV'",
              "fullTitle": "10 - Faça o quadro de pixels ter seu tamanho definido pelo usuário. Verifica se o botão contém o texto 'VQV'",
              "timedOut": null,
              "duration": 4383,
              "state": "failed",
              "speed": null,
              "pass": false,
              "fail": true,
              "pending": false,
              "context": null,
              "code": "cy.get('#generate-board').contains(/vqv/i);",
              "err": {
                "message": "CypressError: Timed out retrying: Expected to find element: '#generate-board', but never found it.",
                "estack": "CypressError: Timed out retrying: Expected to find element: '#generate-board', but never found it.\n    at cypressErr (http://localhost:35273/__cypress/runner/cypress_runner.js:149934:9)\n    at throwErr (http://localhost:35273/__cypress/runner/cypress_runner.js:149867:11)\n    at Object.throwErrByPath (http://localhost:35273/__cypress/runner/cypress_runner.js:149915:3)\n    at retry (http://localhost:35273/__cypress/runner/cypress_runner.js:144197:19)\n    at onFailFn (http://localhost:35273/__cypress/runner/cypress_runner.js:132448:16)\n    at tryCatcher (http://localhost:35273/__cypress/runner/cypress_runner.js:167415:23)\n    at Promise._settlePromiseFromHandler (http://localhost:35273/__cypress/runner/cypress_runner.js:165351:31)\n    at Promise._settlePromise (http://localhost:35273/__cypress/runner/cypress_runner.js:165408:18)\n    at Promise._settlePromise0 (http://localhost:35273/__cypress/runner/cypress_runner.js:165453:10)\n    at Promise._settlePromises (http://localhost:35273/__cypress/runner/cypress_runner.js:165528:18)\n    at Async../node_modules/bluebird/js/release/async.js.Async._drainQueue (http://localhost:35273/__cypress/runner/cypress_runner.js:162140:16)\n    at Async../node_modules/bluebird/js/release/async.js.Async._drainQueues (http://localhost:35273/__cypress/runner/cypress_runner.js:162150:10)\n    at Async.drainQueues (http://localhost:35273/__cypress/runner/cypress_runner.js:162024:14)",
                "diff": null
              },
              "uuid": "c5e24594-1691-47a4-83c7-8bd99bf1b4ce",
              "parentUUID": "2277ac37-9135-4bfc-9514-5c8adc69a096",
              "isHook": false,
              "skipped": false
            },
            {
              "title": "Verifica se o input está posicionado entre a paleta de cores e o quadro de pixels",
              "fullTitle": "10 - Faça o quadro de pixels ter seu tamanho definido pelo usuário. Verifica se o input está posicionado entre a paleta de cores e o quadro de pixels",
              "timedOut": null,
              "duration": 4265,
              "state": "failed",
              "speed": null,
              "pass": false,
              "fail": true,
              "pending": false,
              "context": null,
              "code": "cy.get('#color-palette').then(function (palette) {\n  cy.get('#board-size').should('be.belowOf', palette);\n});\ncy.get('#board-size').then(function (palette) {\n  cy.get('#pixel-board').should('be.belowOf', palette);\n});",
              "err": {
                "message": "CypressError: Timed out retrying: Expected to find element: '#board-size', but never found it.",
                "estack": "CypressError: Timed out retrying: Expected to find element: '#board-size', but never found it.\n    at cypressErr (http://localhost:35273/__cypress/runner/cypress_runner.js:149934:9)\n    at throwErr (http://localhost:35273/__cypress/runner/cypress_runner.js:149867:11)\n    at Object.throwErrByPath (http://localhost:35273/__cypress/runner/cypress_runner.js:149915:3)\n    at retry (http://localhost:35273/__cypress/runner/cypress_runner.js:144197:19)\n    at onFailFn (http://localhost:35273/__cypress/runner/cypress_runner.js:132448:16)\n    at tryCatcher (http://localhost:35273/__cypress/runner/cypress_runner.js:167415:23)\n    at Promise._settlePromiseFromHandler (http://localhost:35273/__cypress/runner/cypress_runner.js:165351:31)\n    at Promise._settlePromise (http://localhost:35273/__cypress/runner/cypress_runner.js:165408:18)\n    at Promise._settlePromise0 (http://localhost:35273/__cypress/runner/cypress_runner.js:165453:10)\n    at Promise._settlePromises (http://localhost:35273/__cypress/runner/cypress_runner.js:165528:18)\n    at Async../node_modules/bluebird/js/release/async.js.Async._drainQueue (http://localhost:35273/__cypress/runner/cypress_runner.js:162140:16)\n    at Async../node_modules/bluebird/js/release/async.js.Async._drainQueues (http://localhost:35273/__cypress/runner/cypress_runner.js:162150:10)\n    at Async.drainQueues (http://localhost:35273/__cypress/runner/cypress_runner.js:162024:14)",
                "diff": null
              },
              "uuid": "e797125e-2914-494d-b42a-e0d35c21933d",
              "parentUUID": "2277ac37-9135-4bfc-9514-5c8adc69a096",
              "isHook": false,
              "skipped": false
            },
            {
              "title": "Verifica se o botão está posicionado ao lado do input",
              "fullTitle": "10 - Faça o quadro de pixels ter seu tamanho definido pelo usuário. Verifica se o botão está posicionado ao lado do input",
              "timedOut": null,
              "duration": 4289,
              "state": "failed",
              "speed": null,
              "pass": false,
              "fail": true,
              "pending": false,
              "context": null,
              "code": "cy.get('#board-size').then(function (board) {\n  cy.get('#generate-board').should('be.onTheRightOf', board);\n});",
              "err": {
                "message": "CypressError: Timed out retrying: Expected to find element: '#board-size', but never found it.",
                "estack": "CypressError: Timed out retrying: Expected to find element: '#board-size', but never found it.\n    at cypressErr (http://localhost:35273/__cypress/runner/cypress_runner.js:149934:9)\n    at throwErr (http://localhost:35273/__cypress/runner/cypress_runner.js:149867:11)\n    at Object.throwErrByPath (http://localhost:35273/__cypress/runner/cypress_runner.js:149915:3)\n    at retry (http://localhost:35273/__cypress/runner/cypress_runner.js:144197:19)\n    at onFailFn (http://localhost:35273/__cypress/runner/cypress_runner.js:132448:16)\n    at tryCatcher (http://localhost:35273/__cypress/runner/cypress_runner.js:167415:23)\n    at Promise._settlePromiseFromHandler (http://localhost:35273/__cypress/runner/cypress_runner.js:165351:31)\n    at Promise._settlePromise (http://localhost:35273/__cypress/runner/cypress_runner.js:165408:18)\n    at Promise._settlePromise0 (http://localhost:35273/__cypress/runner/cypress_runner.js:165453:10)\n    at Promise._settlePromises (http://localhost:35273/__cypress/runner/cypress_runner.js:165528:18)\n    at Async../node_modules/bluebird/js/release/async.js.Async._drainQueue (http://localhost:35273/__cypress/runner/cypress_runner.js:162140:16)\n    at Async../node_modules/bluebird/js/release/async.js.Async._drainQueues (http://localhost:35273/__cypress/runner/cypress_runner.js:162150:10)\n    at Async.drainQueues (http://localhost:35273/__cypress/runner/cypress_runner.js:162024:14)",
                "diff": null
              },
              "uuid": "1fc92728-652b-4259-b73f-e94b01da2ad4",
              "parentUUID": "2277ac37-9135-4bfc-9514-5c8adc69a096",
              "isHook": false,
              "skipped": false
            },
            {
              "title": "Verifica se nenhum valor for colocado no input ao clicar no botão, um `alert` é exibido com o texto: 'Board inválido!'",
              "fullTitle": "10 - Faça o quadro de pixels ter seu tamanho definido pelo usuário. Verifica se nenhum valor for colocado no input ao clicar no botão, um `alert` é exibido com o texto: 'Board inválido!'",
              "timedOut": null,
              "duration": 4219,
              "state": "failed",
              "speed": null,
              "pass": false,
              "fail": true,
              "pending": false,
              "context": null,
              "code": "var alerted = false;\ncy.on('window:alert', function (msg) {\n  return alerted = msg;\n});\ncy.get('#generate-board').click().then(function () {\n  return expect(alerted).to.match(/Board inválido!/i);\n});",
              "err": {
                "message": "CypressError: Timed out retrying: Expected to find element: '#generate-board', but never found it.",
                "estack": "CypressError: Timed out retrying: Expected to find element: '#generate-board', but never found it.\n    at cypressErr (http://localhost:35273/__cypress/runner/cypress_runner.js:149934:9)\n    at throwErr (http://localhost:35273/__cypress/runner/cypress_runner.js:149867:11)\n    at Object.throwErrByPath (http://localhost:35273/__cypress/runner/cypress_runner.js:149915:3)\n    at retry (http://localhost:35273/__cypress/runner/cypress_runner.js:144197:19)\n    at onFailFn (http://localhost:35273/__cypress/runner/cypress_runner.js:132448:16)\n    at tryCatcher (http://localhost:35273/__cypress/runner/cypress_runner.js:167415:23)\n    at Promise._settlePromiseFromHandler (http://localhost:35273/__cypress/runner/cypress_runner.js:165351:31)\n    at Promise._settlePromise (http://localhost:35273/__cypress/runner/cypress_runner.js:165408:18)\n    at Promise._settlePromise0 (http://localhost:35273/__cypress/runner/cypress_runner.js:165453:10)\n    at Promise._settlePromises (http://localhost:35273/__cypress/runner/cypress_runner.js:165528:18)\n    at Async../node_modules/bluebird/js/release/async.js.Async._drainQueue (http://localhost:35273/__cypress/runner/cypress_runner.js:162140:16)\n    at Async../node_modules/bluebird/js/release/async.js.Async._drainQueues (http://localhost:35273/__cypress/runner/cypress_runner.js:162150:10)\n    at Async.drainQueues (http://localhost:35273/__cypress/runner/cypress_runner.js:162024:14)",
                "diff": null
              },
              "uuid": "243c77b5-b6a7-4ade-a676-445f6362d595",
              "parentUUID": "2277ac37-9135-4bfc-9514-5c8adc69a096",
              "isHook": false,
              "skipped": false
            },
            {
              "title": "Verifica se ao clicar no botão com um valor preenchido, o tamanho do board muda.",
              "fullTitle": "10 - Faça o quadro de pixels ter seu tamanho definido pelo usuário. Verifica se ao clicar no botão com um valor preenchido, o tamanho do board muda.",
              "timedOut": null,
              "duration": 4330,
              "state": "failed",
              "speed": null,
              "pass": false,
              "fail": true,
              "pending": false,
              "context": null,
              "code": "cy.get('#board-size').clear().type(10);\ncy.get('#generate-board').click();\ncy.get('.pixel').should('have.length', 100);",
              "err": {
                "message": "CypressError: Timed out retrying: Expected to find element: '#board-size', but never found it.",
                "estack": "CypressError: Timed out retrying: Expected to find element: '#board-size', but never found it.\n    at cypressErr (http://localhost:35273/__cypress/runner/cypress_runner.js:149934:9)\n    at throwErr (http://localhost:35273/__cypress/runner/cypress_runner.js:149867:11)\n    at Object.throwErrByPath (http://localhost:35273/__cypress/runner/cypress_runner.js:149915:3)\n    at retry (http://localhost:35273/__cypress/runner/cypress_runner.js:144197:19)\n    at onFailFn (http://localhost:35273/__cypress/runner/cypress_runner.js:132448:16)\n    at tryCatcher (http://localhost:35273/__cypress/runner/cypress_runner.js:167415:23)\n    at Promise._settlePromiseFromHandler (http://localhost:35273/__cypress/runner/cypress_runner.js:165351:31)\n    at Promise._settlePromise (http://localhost:35273/__cypress/runner/cypress_runner.js:165408:18)\n    at Promise._settlePromise0 (http://localhost:35273/__cypress/runner/cypress_runner.js:165453:10)\n    at Promise._settlePromises (http://localhost:35273/__cypress/runner/cypress_runner.js:165528:18)\n    at Async../node_modules/bluebird/js/release/async.js.Async._drainQueue (http://localhost:35273/__cypress/runner/cypress_runner.js:162140:16)\n    at Async../node_modules/bluebird/js/release/async.js.Async._drainQueues (http://localhost:35273/__cypress/runner/cypress_runner.js:162150:10)\n    at Async.drainQueues (http://localhost:35273/__cypress/runner/cypress_runner.js:162024:14)",
                "diff": null
              },
              "uuid": "9181c21b-63db-4525-aaa5-12febc6c21a5",
              "parentUUID": "2277ac37-9135-4bfc-9514-5c8adc69a096",
              "isHook": false,
              "skipped": false
            },
            {
              "title": "Verifica se o novo quadro tem todos os pixels preenchidos com a cor branca",
              "fullTitle": "10 - Faça o quadro de pixels ter seu tamanho definido pelo usuário. Verifica se o novo quadro tem todos os pixels preenchidos com a cor branca",
              "timedOut": null,
              "duration": 4252,
              "state": "failed",
              "speed": null,
              "pass": false,
              "fail": true,
              "pending": false,
              "context": null,
              "code": "cy.get('#board-size').clear().type(6);\ncy.get('#generate-board').click();\ncy.get('.pixel').should('have.length', 36).each(function (pixel) {\n  expect(pixel).to.have.css('background-color', WHITE);\n});",
              "err": {
                "message": "CypressError: Timed out retrying: Expected to find element: '#board-size', but never found it.",
                "estack": "CypressError: Timed out retrying: Expected to find element: '#board-size', but never found it.\n    at cypressErr (http://localhost:35273/__cypress/runner/cypress_runner.js:149934:9)\n    at throwErr (http://localhost:35273/__cypress/runner/cypress_runner.js:149867:11)\n    at Object.throwErrByPath (http://localhost:35273/__cypress/runner/cypress_runner.js:149915:3)\n    at retry (http://localhost:35273/__cypress/runner/cypress_runner.js:144197:19)\n    at onFailFn (http://localhost:35273/__cypress/runner/cypress_runner.js:132448:16)\n    at tryCatcher (http://localhost:35273/__cypress/runner/cypress_runner.js:167415:23)\n    at Promise._settlePromiseFromHandler (http://localhost:35273/__cypress/runner/cypress_runner.js:165351:31)\n    at Promise._settlePromise (http://localhost:35273/__cypress/runner/cypress_runner.js:165408:18)\n    at Promise._settlePromise0 (http://localhost:35273/__cypress/runner/cypress_runner.js:165453:10)\n    at Promise._settlePromises (http://localhost:35273/__cypress/runner/cypress_runner.js:165528:18)\n    at Async../node_modules/bluebird/js/release/async.js.Async._drainQueue (http://localhost:35273/__cypress/runner/cypress_runner.js:162140:16)\n    at Async../node_modules/bluebird/js/release/async.js.Async._drainQueues (http://localhost:35273/__cypress/runner/cypress_runner.js:162150:10)\n    at Async.drainQueues (http://localhost:35273/__cypress/runner/cypress_runner.js:162024:14)",
                "diff": null
              },
              "uuid": "1a801e8c-8e43-47ff-9073-a9e9669ec615",
              "parentUUID": "2277ac37-9135-4bfc-9514-5c8adc69a096",
              "isHook": false,
              "skipped": false
            }
          ],
          "suites": [],
          "passes": [],
          "failures": [
            "b5d8ae34-dbe7-4860-8f77-cfb7c79981b6",
            "972d2bfc-e49f-4fca-a23e-be03bd0b0369",
            "d8f53656-0a7b-403e-83d3-1f39e79bde69",
            "c5e24594-1691-47a4-83c7-8bd99bf1b4ce",
            "e797125e-2914-494d-b42a-e0d35c21933d",
            "1fc92728-652b-4259-b73f-e94b01da2ad4",
            "243c77b5-b6a7-4ade-a676-445f6362d595",
            "9181c21b-63db-4525-aaa5-12febc6c21a5",
            "1a801e8c-8e43-47ff-9073-a9e9669ec615"
          ],
          "pending": [],
          "skipped": [],
          "duration": 38475,
          "root": false,
          "rootEmpty": false,
          "_timeout": 2000
        },
        {
          "uuid": "097411a7-6d4a-4d0d-b0f0-071489689baa",
          "title": "11 - Limite o tamanho mínimo e máximo do board.",
          "fullFile": "",
          "file": "",
          "beforeHooks": [],
          "afterHooks": [],
          "tests": [
            {
              "title": "Verifica se a altura máxima do board é 50",
              "fullTitle": "11 - Limite o tamanho mínimo e máximo do board. Verifica se a altura máxima do board é 50",
              "timedOut": null,
              "duration": 4277,
              "state": "failed",
              "speed": null,
              "pass": false,
              "fail": true,
              "pending": false,
              "context": null,
              "code": "cy.get('#board-size').clear().type(50);\ncy.get('#generate-board').click();\ncy.get('.pixel').should('have.length', 2500);",
              "err": {
                "message": "CypressError: Timed out retrying: Expected to find element: '#board-size', but never found it.",
                "estack": "CypressError: Timed out retrying: Expected to find element: '#board-size', but never found it.\n    at cypressErr (http://localhost:35273/__cypress/runner/cypress_runner.js:149934:9)\n    at throwErr (http://localhost:35273/__cypress/runner/cypress_runner.js:149867:11)\n    at Object.throwErrByPath (http://localhost:35273/__cypress/runner/cypress_runner.js:149915:3)\n    at retry (http://localhost:35273/__cypress/runner/cypress_runner.js:144197:19)\n    at onFailFn (http://localhost:35273/__cypress/runner/cypress_runner.js:132448:16)\n    at tryCatcher (http://localhost:35273/__cypress/runner/cypress_runner.js:167415:23)\n    at Promise._settlePromiseFromHandler (http://localhost:35273/__cypress/runner/cypress_runner.js:165351:31)\n    at Promise._settlePromise (http://localhost:35273/__cypress/runner/cypress_runner.js:165408:18)\n    at Promise._settlePromise0 (http://localhost:35273/__cypress/runner/cypress_runner.js:165453:10)\n    at Promise._settlePromises (http://localhost:35273/__cypress/runner/cypress_runner.js:165528:18)\n    at Async../node_modules/bluebird/js/release/async.js.Async._drainQueue (http://localhost:35273/__cypress/runner/cypress_runner.js:162140:16)\n    at Async../node_modules/bluebird/js/release/async.js.Async._drainQueues (http://localhost:35273/__cypress/runner/cypress_runner.js:162150:10)\n    at Async.drainQueues (http://localhost:35273/__cypress/runner/cypress_runner.js:162024:14)",
                "diff": null
              },
              "uuid": "4dcedcaa-f89e-46a0-9878-42d18f5e69f5",
              "parentUUID": "097411a7-6d4a-4d0d-b0f0-071489689baa",
              "isHook": false,
              "skipped": false
            },
            {
              "title": "Verifica se a altura do board é 5 quando um valor menor é colocado no input",
              "fullTitle": "11 - Limite o tamanho mínimo e máximo do board. Verifica se a altura do board é 5 quando um valor menor é colocado no input",
              "timedOut": null,
              "duration": 4288,
              "state": "failed",
              "speed": null,
              "pass": false,
              "fail": true,
              "pending": false,
              "context": null,
              "code": "cy.get('#board-size').clear().type(4);\ncy.get('#generate-board').click();\ncy.get('.pixel').should('have.length', 25);",
              "err": {
                "message": "CypressError: Timed out retrying: Expected to find element: '#board-size', but never found it.",
                "estack": "CypressError: Timed out retrying: Expected to find element: '#board-size', but never found it.\n    at cypressErr (http://localhost:35273/__cypress/runner/cypress_runner.js:149934:9)\n    at throwErr (http://localhost:35273/__cypress/runner/cypress_runner.js:149867:11)\n    at Object.throwErrByPath (http://localhost:35273/__cypress/runner/cypress_runner.js:149915:3)\n    at retry (http://localhost:35273/__cypress/runner/cypress_runner.js:144197:19)\n    at onFailFn (http://localhost:35273/__cypress/runner/cypress_runner.js:132448:16)\n    at tryCatcher (http://localhost:35273/__cypress/runner/cypress_runner.js:167415:23)\n    at Promise._settlePromiseFromHandler (http://localhost:35273/__cypress/runner/cypress_runner.js:165351:31)\n    at Promise._settlePromise (http://localhost:35273/__cypress/runner/cypress_runner.js:165408:18)\n    at Promise._settlePromise0 (http://localhost:35273/__cypress/runner/cypress_runner.js:165453:10)\n    at Promise._settlePromises (http://localhost:35273/__cypress/runner/cypress_runner.js:165528:18)\n    at Async../node_modules/bluebird/js/release/async.js.Async._drainQueue (http://localhost:35273/__cypress/runner/cypress_runner.js:162140:16)\n    at Async../node_modules/bluebird/js/release/async.js.Async._drainQueues (http://localhost:35273/__cypress/runner/cypress_runner.js:162150:10)\n    at Async.drainQueues (http://localhost:35273/__cypress/runner/cypress_runner.js:162024:14)",
                "diff": null
              },
              "uuid": "0cffc8a4-6b43-4ad9-834e-aaba92e9a8e2",
              "parentUUID": "097411a7-6d4a-4d0d-b0f0-071489689baa",
              "isHook": false,
              "skipped": false
            },
            {
              "title": "Verifica se a altura do board é 50 quando um valor maior é colocado no input",
              "fullTitle": "11 - Limite o tamanho mínimo e máximo do board. Verifica se a altura do board é 50 quando um valor maior é colocado no input",
              "timedOut": null,
              "duration": 4263,
              "state": "failed",
              "speed": null,
              "pass": false,
              "fail": true,
              "pending": false,
              "context": null,
              "code": "cy.get('#board-size').clear().type(51);\ncy.get('#generate-board').click();\ncy.get('.pixel').should('have.length', 2500);",
              "err": {
                "message": "CypressError: Timed out retrying: Expected to find element: '#board-size', but never found it.",
                "estack": "CypressError: Timed out retrying: Expected to find element: '#board-size', but never found it.\n    at cypressErr (http://localhost:35273/__cypress/runner/cypress_runner.js:149934:9)\n    at throwErr (http://localhost:35273/__cypress/runner/cypress_runner.js:149867:11)\n    at Object.throwErrByPath (http://localhost:35273/__cypress/runner/cypress_runner.js:149915:3)\n    at retry (http://localhost:35273/__cypress/runner/cypress_runner.js:144197:19)\n    at onFailFn (http://localhost:35273/__cypress/runner/cypress_runner.js:132448:16)\n    at tryCatcher (http://localhost:35273/__cypress/runner/cypress_runner.js:167415:23)\n    at Promise._settlePromiseFromHandler (http://localhost:35273/__cypress/runner/cypress_runner.js:165351:31)\n    at Promise._settlePromise (http://localhost:35273/__cypress/runner/cypress_runner.js:165408:18)\n    at Promise._settlePromise0 (http://localhost:35273/__cypress/runner/cypress_runner.js:165453:10)\n    at Promise._settlePromises (http://localhost:35273/__cypress/runner/cypress_runner.js:165528:18)\n    at Async../node_modules/bluebird/js/release/async.js.Async._drainQueue (http://localhost:35273/__cypress/runner/cypress_runner.js:162140:16)\n    at Async../node_modules/bluebird/js/release/async.js.Async._drainQueues (http://localhost:35273/__cypress/runner/cypress_runner.js:162150:10)\n    at Async.drainQueues (http://localhost:35273/__cypress/runner/cypress_runner.js:162024:14)",
                "diff": null
              },
              "uuid": "438257ca-80b3-4406-874e-986deffda16b",
              "parentUUID": "097411a7-6d4a-4d0d-b0f0-071489689baa",
              "isHook": false,
              "skipped": false
            }
          ],
          "suites": [],
          "passes": [],
          "failures": [
            "4dcedcaa-f89e-46a0-9878-42d18f5e69f5",
            "0cffc8a4-6b43-4ad9-834e-aaba92e9a8e2",
            "438257ca-80b3-4406-874e-986deffda16b"
          ],
          "pending": [],
          "skipped": [],
          "duration": 12828,
          "root": false,
          "rootEmpty": false,
          "_timeout": 2000
        },
        {
          "uuid": "315e8a00-274e-4589-973d-c458208e7601",
          "title": "12 - Faça com que as cores da paleta sejam geradas aleatoriamente ao carregar a página.",
          "fullFile": "",
          "file": "",
          "beforeHooks": [],
          "afterHooks": [],
          "tests": [
            {
              "title": "Verifica se as cores geradas na paleta são diferentes a cada carregamento da página",
              "fullTitle": "12 - Faça com que as cores da paleta sejam geradas aleatoriamente ao carregar a página. Verifica se as cores geradas na paleta são diferentes a cada carregamento da página",
              "timedOut": null,
              "duration": 356,
              "state": "failed",
              "speed": null,
              "pass": false,
              "fail": true,
              "pending": false,
              "context": null,
              "code": "cy.get('.color').then(function (colors) {\n  var currentColors;\n  var previousColors;\n  previousColors = Array.from(colors).map(function (color) {\n    return Cypress.$(color).css('background-color');\n  });\n  for (var i = 0; i < 5; i += 1) {\n    cy.reload();\n    cy.get('.color').then(function (colors) {\n      currentColors = Array.from(colors).map(function (color) {\n        return Cypress.$(color).css('background-color');\n      });\n      expect(currentColors).not.to.deep.equal(previousColors);\n      previousColors = currentColors;\n    });\n  }\n});",
              "err": {
                "message": "AssertionError: expected [ Array(4) ] to not deeply equal [ Array(4) ]",
                "estack": "AssertionError: expected [ Array(4) ] to not deeply equal [ Array(4) ]\n    at getRet (http://localhost:35273/__cypress/runner/cypress_runner.js:136585:16)\n    at tryCatcher (http://localhost:35273/__cypress/runner/cypress_runner.js:167415:23)\n    at Function.Promise.attempt.Promise.try (http://localhost:35273/__cypress/runner/cypress_runner.js:164690:29)\n    at Context.thenFn (http://localhost:35273/__cypress/runner/cypress_runner.js:136599:23)\n    at Context.then (http://localhost:35273/__cypress/runner/cypress_runner.js:136971:21)\n    at Context.<anonymous> (http://localhost:35273/__cypress/runner/cypress_runner.js:148875:21)\n    at http://localhost:35273/__cypress/runner/cypress_runner.js:148351:33\n    at tryCatcher (http://localhost:35273/__cypress/runner/cypress_runner.js:167415:23)\n    at Promise._settlePromiseFromHandler (http://localhost:35273/__cypress/runner/cypress_runner.js:165351:31)\n    at Promise._settlePromise (http://localhost:35273/__cypress/runner/cypress_runner.js:165408:18)\n    at Promise._settlePromiseCtx (http://localhost:35273/__cypress/runner/cypress_runner.js:165445:10)\n    at Async../node_modules/bluebird/js/release/async.js.Async._drainQueue (http://localhost:35273/__cypress/runner/cypress_runner.js:162145:12)\n    at Async../node_modules/bluebird/js/release/async.js.Async._drainQueues (http://localhost:35273/__cypress/runner/cypress_runner.js:162150:10)\n    at Async.drainQueues (http://localhost:35273/__cypress/runner/cypress_runner.js:162024:14)",
                "diff": ""
              },
              "uuid": "276daa84-c5e5-4072-a31e-356627115883",
              "parentUUID": "315e8a00-274e-4589-973d-c458208e7601",
              "isHook": false,
              "skipped": false
            },
            {
              "title": "Verifica se a cor preta ainda está presente e é a primeira na sua paleta de cores",
              "fullTitle": "12 - Faça com que as cores da paleta sejam geradas aleatoriamente ao carregar a página. Verifica se a cor preta ainda está presente e é a primeira na sua paleta de cores",
              "timedOut": null,
              "duration": 309,
              "state": "failed",
              "speed": null,
              "pass": false,
              "fail": true,
              "pending": false,
              "context": null,
              "code": "cy.get('.color').then(function (colors) {\n  var currentColors;\n  var previousColors;\n  previousColors = Array.from(colors).map(function (color) {\n    return Cypress.$(color).css('background-color');\n  });\n  expect(previousColors[0]).to.eq(BLACK);\n  for (var i = 0; i < 5; i += 1) {\n    cy.reload();\n    cy.get('.color').then(function (colors) {\n      currentColors = Array.from(colors).map(function (color) {\n        return Cypress.$(color).css('background-color');\n      });\n      expect(currentColors[0]).to.eq(BLACK);\n      expect(currentColors).not.to.deep.equal(previousColors);\n      previousColors = currentColors;\n    });\n  }\n});",
              "err": {
                "message": "AssertionError: expected [ Array(4) ] to not deeply equal [ Array(4) ]",
                "estack": "AssertionError: expected [ Array(4) ] to not deeply equal [ Array(4) ]\n    at getRet (http://localhost:35273/__cypress/runner/cypress_runner.js:136585:16)\n    at tryCatcher (http://localhost:35273/__cypress/runner/cypress_runner.js:167415:23)\n    at Function.Promise.attempt.Promise.try (http://localhost:35273/__cypress/runner/cypress_runner.js:164690:29)\n    at Context.thenFn (http://localhost:35273/__cypress/runner/cypress_runner.js:136599:23)\n    at Context.then (http://localhost:35273/__cypress/runner/cypress_runner.js:136971:21)\n    at Context.<anonymous> (http://localhost:35273/__cypress/runner/cypress_runner.js:148875:21)\n    at http://localhost:35273/__cypress/runner/cypress_runner.js:148351:33\n    at tryCatcher (http://localhost:35273/__cypress/runner/cypress_runner.js:167415:23)\n    at Promise._settlePromiseFromHandler (http://localhost:35273/__cypress/runner/cypress_runner.js:165351:31)\n    at Promise._settlePromise (http://localhost:35273/__cypress/runner/cypress_runner.js:165408:18)\n    at Promise._settlePromiseCtx (http://localhost:35273/__cypress/runner/cypress_runner.js:165445:10)\n    at Async../node_modules/bluebird/js/release/async.js.Async._drainQueue (http://localhost:35273/__cypress/runner/cypress_runner.js:162145:12)\n    at Async../node_modules/bluebird/js/release/async.js.Async._drainQueues (http://localhost:35273/__cypress/runner/cypress_runner.js:162150:10)\n    at Async.drainQueues (http://localhost:35273/__cypress/runner/cypress_runner.js:162024:14)",
                "diff": ""
              },
              "uuid": "30ebe46d-28b6-4809-9c93-5940b2a50e48",
              "parentUUID": "315e8a00-274e-4589-973d-c458208e7601",
              "isHook": false,
              "skipped": false
            }
          ],
          "suites": [],
          "passes": [],
          "failures": [
            "276daa84-c5e5-4072-a31e-356627115883",
            "30ebe46d-28b6-4809-9c93-5940b2a50e48"
          ],
          "pending": [],
          "skipped": [],
          "duration": 665,
          "root": false,
          "rootEmpty": false,
          "_timeout": 2000
        }
      ],
      "passes": [],
      "failures": [],
      "pending": [],
      "skipped": [],
      "duration": 0,
      "root": true,
      "rootEmpty": true,
      "_timeout": 2000
    }
  ],
  "meta": {
    "mocha": {
      "version": "7.0.1"
    },
    "mochawesome": {
      "options": {
        "quiet": false,
        "reportFilename": "mochawesome",
        "saveHtml": false,
        "saveJson": true,
        "consoleReporter": "spec",
        "useInlineDiffs": false
      },
      "version": "4.1.0"
    },
    "marge": {
      "options": {
        "id": "default",
        "reportDir": "cypress/reports",
        "overwrite": true,
        "html": false,
        "json": true
      },
      "version": "4.1.0"
    }
  }
}