{
  "stats": {
    "suites": 12,
    "tests": 41,
    "passes": 1,
    "pending": 0,
    "failures": 40,
    "start": "2021-07-08T19:08:41.909Z",
    "end": "2021-07-08T19:11:48.579Z",
    "duration": 186670,
    "testsRegistered": 41,
    "passPercent": 2.4390243902439024,
    "pendingPercent": 0,
    "other": 0,
    "hasOther": false,
    "skipped": 0,
    "hasSkipped": false
  },
  "results": [
    {
      "uuid": "6824a0ac-79f5-4460-b601-dec308d69710",
      "title": "",
      "fullFile": "cypress/integration/project.spec.js",
      "file": "cypress/integration/project.spec.js",
      "beforeHooks": [],
      "afterHooks": [],
      "tests": [],
      "suites": [
        {
          "uuid": "37f5bd24-563e-4029-be18-5e450f4addd6",
          "title": "1 - Adicione à página o título \"Paleta de Cores\".",
          "fullFile": "",
          "file": "",
          "beforeHooks": [],
          "afterHooks": [],
          "tests": [
            {
              "title": "Verifica se contém um elemento `h1` com o id `title` com o título correto",
              "fullTitle": "1 - Adicione à página o título \"Paleta de Cores\". Verifica se contém um elemento `h1` com o id `title` com o título correto",
              "timedOut": null,
              "duration": 498,
              "state": "passed",
              "speed": "slow",
              "pass": true,
              "fail": false,
              "pending": false,
              "context": null,
              "code": "cy.get('h1#title').should('contain.text', 'Paleta de Cores');",
              "err": {},
              "uuid": "d0a4f8f8-5f2c-433a-8bcd-04f219c700c8",
              "parentUUID": "37f5bd24-563e-4029-be18-5e450f4addd6",
              "isHook": false,
              "skipped": false
            }
          ],
          "suites": [],
          "passes": [
            "d0a4f8f8-5f2c-433a-8bcd-04f219c700c8"
          ],
          "failures": [],
          "pending": [],
          "skipped": [],
          "duration": 498,
          "root": false,
          "rootEmpty": false,
          "_timeout": 2000
        },
        {
          "uuid": "5e65b531-a2bf-48ce-8cf5-c485ed1b357e",
          "title": "2 - Adicione à página uma paleta de quatro cores distintas.",
          "fullFile": "",
          "file": "",
          "beforeHooks": [],
          "afterHooks": [],
          "tests": [
            {
              "title": "A paleta de cores deve ser um elemento com `id` denominado `color-palette`",
              "fullTitle": "2 - Adicione à página uma paleta de quatro cores distintas. A paleta de cores deve ser um elemento com `id` denominado `color-palette`",
              "timedOut": null,
              "duration": 4627,
              "state": "failed",
              "speed": null,
              "pass": false,
              "fail": true,
              "pending": false,
              "context": null,
              "code": "cy.get('#color-palette').should('be.visible');",
              "err": {
                "message": "CypressError: Timed out retrying: Expected to find element: '#color-palette', but never found it.",
                "estack": "CypressError: Timed out retrying: Expected to find element: '#color-palette', but never found it.\n    at cypressErr (http://localhost:44265/__cypress/runner/cypress_runner.js:149934:9)\n    at throwErr (http://localhost:44265/__cypress/runner/cypress_runner.js:149867:11)\n    at Object.throwErrByPath (http://localhost:44265/__cypress/runner/cypress_runner.js:149915:3)\n    at retry (http://localhost:44265/__cypress/runner/cypress_runner.js:144197:19)\n    at onFailFn (http://localhost:44265/__cypress/runner/cypress_runner.js:132448:16)\n    at tryCatcher (http://localhost:44265/__cypress/runner/cypress_runner.js:167415:23)\n    at Promise._settlePromiseFromHandler (http://localhost:44265/__cypress/runner/cypress_runner.js:165351:31)\n    at Promise._settlePromise (http://localhost:44265/__cypress/runner/cypress_runner.js:165408:18)\n    at Promise._settlePromise0 (http://localhost:44265/__cypress/runner/cypress_runner.js:165453:10)\n    at Promise._settlePromises (http://localhost:44265/__cypress/runner/cypress_runner.js:165528:18)\n    at Async../node_modules/bluebird/js/release/async.js.Async._drainQueue (http://localhost:44265/__cypress/runner/cypress_runner.js:162140:16)\n    at Async../node_modules/bluebird/js/release/async.js.Async._drainQueues (http://localhost:44265/__cypress/runner/cypress_runner.js:162150:10)\n    at Async.drainQueues (http://localhost:44265/__cypress/runner/cypress_runner.js:162024:14)",
                "diff": null
              },
              "uuid": "e10e0bdd-9995-45c9-bc31-4e6e5d0cd77b",
              "parentUUID": "5e65b531-a2bf-48ce-8cf5-c485ed1b357e",
              "isHook": false,
              "skipped": false
            },
            {
              "title": "Verifica se cada cor individual da paleta de cores possui a `classe` chamada `color`.",
              "fullTitle": "2 - Adicione à página uma paleta de quatro cores distintas. Verifica se cada cor individual da paleta de cores possui a `classe` chamada `color`.",
              "timedOut": null,
              "duration": 4464,
              "state": "failed",
              "speed": null,
              "pass": false,
              "fail": true,
              "pending": false,
              "context": null,
              "code": "cy.get('.color').should('have.length', 4).then(function (colors) {\n  for (var i = 0; i < colors.length; i++) {\n    cy.wrap(colors[i]).should('be.visible');\n  }\n});",
              "err": {
                "message": "CypressError: Timed out retrying: Expected to find element: '.color', but never found it.",
                "estack": "CypressError: Timed out retrying: Expected to find element: '.color', but never found it.\n    at cypressErr (http://localhost:44265/__cypress/runner/cypress_runner.js:149934:9)\n    at throwErr (http://localhost:44265/__cypress/runner/cypress_runner.js:149867:11)\n    at Object.throwErrByPath (http://localhost:44265/__cypress/runner/cypress_runner.js:149915:3)\n    at retry (http://localhost:44265/__cypress/runner/cypress_runner.js:144197:19)\n    at onFailFn (http://localhost:44265/__cypress/runner/cypress_runner.js:132448:16)\n    at tryCatcher (http://localhost:44265/__cypress/runner/cypress_runner.js:167415:23)\n    at Promise._settlePromiseFromHandler (http://localhost:44265/__cypress/runner/cypress_runner.js:165351:31)\n    at Promise._settlePromise (http://localhost:44265/__cypress/runner/cypress_runner.js:165408:18)\n    at Promise._settlePromise0 (http://localhost:44265/__cypress/runner/cypress_runner.js:165453:10)\n    at Promise._settlePromises (http://localhost:44265/__cypress/runner/cypress_runner.js:165528:18)\n    at Async../node_modules/bluebird/js/release/async.js.Async._drainQueue (http://localhost:44265/__cypress/runner/cypress_runner.js:162140:16)\n    at Async../node_modules/bluebird/js/release/async.js.Async._drainQueues (http://localhost:44265/__cypress/runner/cypress_runner.js:162150:10)\n    at Async.drainQueues (http://localhost:44265/__cypress/runner/cypress_runner.js:162024:14)",
                "diff": null
              },
              "uuid": "1525cbe1-3b97-4c31-9990-e9e2b1737e7b",
              "parentUUID": "5e65b531-a2bf-48ce-8cf5-c485ed1b357e",
              "isHook": false,
              "skipped": false
            },
            {
              "title": "Verifica se a cor de fundo de cada elemento da paleta é a cor que o elemento representa. **A única cor não permitida na paleta é a cor branca.**",
              "fullTitle": "2 - Adicione à página uma paleta de quatro cores distintas. Verifica se a cor de fundo de cada elemento da paleta é a cor que o elemento representa. **A única cor não permitida na paleta é a cor branca.**",
              "timedOut": null,
              "duration": 4446,
              "state": "failed",
              "speed": null,
              "pass": false,
              "fail": true,
              "pending": false,
              "context": null,
              "code": "cy.get('.color').each(function (color) {\n  cy.wrap(color).should('have.class', 'color').and('not.have.css', 'background-color', WHITE);\n  cy.wrap(color).should('have.css', 'background-color');\n});",
              "err": {
                "message": "CypressError: Timed out retrying: Expected to find element: '.color', but never found it.",
                "estack": "CypressError: Timed out retrying: Expected to find element: '.color', but never found it.\n    at cypressErr (http://localhost:44265/__cypress/runner/cypress_runner.js:149934:9)\n    at throwErr (http://localhost:44265/__cypress/runner/cypress_runner.js:149867:11)\n    at Object.throwErrByPath (http://localhost:44265/__cypress/runner/cypress_runner.js:149915:3)\n    at retry (http://localhost:44265/__cypress/runner/cypress_runner.js:144197:19)\n    at onFailFn (http://localhost:44265/__cypress/runner/cypress_runner.js:132448:16)\n    at tryCatcher (http://localhost:44265/__cypress/runner/cypress_runner.js:167415:23)\n    at Promise._settlePromiseFromHandler (http://localhost:44265/__cypress/runner/cypress_runner.js:165351:31)\n    at Promise._settlePromise (http://localhost:44265/__cypress/runner/cypress_runner.js:165408:18)\n    at Promise._settlePromise0 (http://localhost:44265/__cypress/runner/cypress_runner.js:165453:10)\n    at Promise._settlePromises (http://localhost:44265/__cypress/runner/cypress_runner.js:165528:18)\n    at Async../node_modules/bluebird/js/release/async.js.Async._drainQueue (http://localhost:44265/__cypress/runner/cypress_runner.js:162140:16)\n    at Async../node_modules/bluebird/js/release/async.js.Async._drainQueues (http://localhost:44265/__cypress/runner/cypress_runner.js:162150:10)\n    at Async.drainQueues (http://localhost:44265/__cypress/runner/cypress_runner.js:162024:14)",
                "diff": null
              },
              "uuid": "e3c2c2fc-b9cf-4960-a113-e06e848ce0af",
              "parentUUID": "5e65b531-a2bf-48ce-8cf5-c485ed1b357e",
              "isHook": false,
              "skipped": false
            },
            {
              "title": "Verifica se cada elemento da paleta de cores tem uma borda preta, sólida e com 1 pixel de largura;",
              "fullTitle": "2 - Adicione à página uma paleta de quatro cores distintas. Verifica se cada elemento da paleta de cores tem uma borda preta, sólida e com 1 pixel de largura;",
              "timedOut": null,
              "duration": 4546,
              "state": "failed",
              "speed": null,
              "pass": false,
              "fail": true,
              "pending": false,
              "context": null,
              "code": "cy.get('.color').each(function (color) {\n  cy.wrap(color).and('have.css', 'border', \"1px solid \".concat(BLACK)).and('have.class', 'color');\n});",
              "err": {
                "message": "CypressError: Timed out retrying: Expected to find element: '.color', but never found it.",
                "estack": "CypressError: Timed out retrying: Expected to find element: '.color', but never found it.\n    at cypressErr (http://localhost:44265/__cypress/runner/cypress_runner.js:149934:9)\n    at throwErr (http://localhost:44265/__cypress/runner/cypress_runner.js:149867:11)\n    at Object.throwErrByPath (http://localhost:44265/__cypress/runner/cypress_runner.js:149915:3)\n    at retry (http://localhost:44265/__cypress/runner/cypress_runner.js:144197:19)\n    at onFailFn (http://localhost:44265/__cypress/runner/cypress_runner.js:132448:16)\n    at tryCatcher (http://localhost:44265/__cypress/runner/cypress_runner.js:167415:23)\n    at Promise._settlePromiseFromHandler (http://localhost:44265/__cypress/runner/cypress_runner.js:165351:31)\n    at Promise._settlePromise (http://localhost:44265/__cypress/runner/cypress_runner.js:165408:18)\n    at Promise._settlePromise0 (http://localhost:44265/__cypress/runner/cypress_runner.js:165453:10)\n    at Promise._settlePromises (http://localhost:44265/__cypress/runner/cypress_runner.js:165528:18)\n    at Async../node_modules/bluebird/js/release/async.js.Async._drainQueue (http://localhost:44265/__cypress/runner/cypress_runner.js:162140:16)\n    at Async../node_modules/bluebird/js/release/async.js.Async._drainQueues (http://localhost:44265/__cypress/runner/cypress_runner.js:162150:10)\n    at Async.drainQueues (http://localhost:44265/__cypress/runner/cypress_runner.js:162024:14)",
                "diff": null
              },
              "uuid": "7dadfda5-2386-41a1-92ca-90da162d690d",
              "parentUUID": "5e65b531-a2bf-48ce-8cf5-c485ed1b357e",
              "isHook": false,
              "skipped": false
            },
            {
              "title": "Verifica se a paleta lista todas as cores disponíveis para utilização, lado a lado.",
              "fullTitle": "2 - Adicione à página uma paleta de quatro cores distintas. Verifica se a paleta lista todas as cores disponíveis para utilização, lado a lado.",
              "timedOut": null,
              "duration": 4486,
              "state": "failed",
              "speed": null,
              "pass": false,
              "fail": true,
              "pending": false,
              "context": null,
              "code": "cy.get('.color').then(function (colors) {\n  for (var index = 1; index < colors.length; index += 1) {\n    var currentColor = colors[index];\n    var previousColor = colors[index - 1];\n    cy.wrap(currentColor).should('be.onTheRightOf', previousColor).and('be.horizontallyAlignedWith', previousColor);\n  }\n});",
              "err": {
                "message": "CypressError: Timed out retrying: Expected to find element: '.color', but never found it.",
                "estack": "CypressError: Timed out retrying: Expected to find element: '.color', but never found it.\n    at cypressErr (http://localhost:44265/__cypress/runner/cypress_runner.js:149934:9)\n    at throwErr (http://localhost:44265/__cypress/runner/cypress_runner.js:149867:11)\n    at Object.throwErrByPath (http://localhost:44265/__cypress/runner/cypress_runner.js:149915:3)\n    at retry (http://localhost:44265/__cypress/runner/cypress_runner.js:144197:19)\n    at onFailFn (http://localhost:44265/__cypress/runner/cypress_runner.js:132448:16)\n    at tryCatcher (http://localhost:44265/__cypress/runner/cypress_runner.js:167415:23)\n    at Promise._settlePromiseFromHandler (http://localhost:44265/__cypress/runner/cypress_runner.js:165351:31)\n    at Promise._settlePromise (http://localhost:44265/__cypress/runner/cypress_runner.js:165408:18)\n    at Promise._settlePromise0 (http://localhost:44265/__cypress/runner/cypress_runner.js:165453:10)\n    at Promise._settlePromises (http://localhost:44265/__cypress/runner/cypress_runner.js:165528:18)\n    at Async../node_modules/bluebird/js/release/async.js.Async._drainQueue (http://localhost:44265/__cypress/runner/cypress_runner.js:162140:16)\n    at Async../node_modules/bluebird/js/release/async.js.Async._drainQueues (http://localhost:44265/__cypress/runner/cypress_runner.js:162150:10)\n    at Async.drainQueues (http://localhost:44265/__cypress/runner/cypress_runner.js:162024:14)",
                "diff": null
              },
              "uuid": "71f73e17-10d2-409a-bb79-173792c9a669",
              "parentUUID": "5e65b531-a2bf-48ce-8cf5-c485ed1b357e",
              "isHook": false,
              "skipped": false
            },
            {
              "title": "Verifica se a paleta de cores está posicionada abaixo do título 'Paleta de Cores'",
              "fullTitle": "2 - Adicione à página uma paleta de quatro cores distintas. Verifica se a paleta de cores está posicionada abaixo do título 'Paleta de Cores'",
              "timedOut": null,
              "duration": 4514,
              "state": "failed",
              "speed": null,
              "pass": false,
              "fail": true,
              "pending": false,
              "context": null,
              "code": "cy.get('h1#title').then(function (title) {\n  cy.get('#color-palette').should('be.belowOf', title);\n});",
              "err": {
                "message": "CypressError: Timed out retrying: Expected to find element: '#color-palette', but never found it.",
                "estack": "CypressError: Timed out retrying: Expected to find element: '#color-palette', but never found it.\n    at cypressErr (http://localhost:44265/__cypress/runner/cypress_runner.js:149934:9)\n    at throwErr (http://localhost:44265/__cypress/runner/cypress_runner.js:149867:11)\n    at Object.throwErrByPath (http://localhost:44265/__cypress/runner/cypress_runner.js:149915:3)\n    at retry (http://localhost:44265/__cypress/runner/cypress_runner.js:144197:19)\n    at onFailFn (http://localhost:44265/__cypress/runner/cypress_runner.js:132448:16)\n    at tryCatcher (http://localhost:44265/__cypress/runner/cypress_runner.js:167415:23)\n    at Promise._settlePromiseFromHandler (http://localhost:44265/__cypress/runner/cypress_runner.js:165351:31)\n    at Promise._settlePromise (http://localhost:44265/__cypress/runner/cypress_runner.js:165408:18)\n    at Promise._settlePromise0 (http://localhost:44265/__cypress/runner/cypress_runner.js:165453:10)\n    at Promise._settlePromises (http://localhost:44265/__cypress/runner/cypress_runner.js:165528:18)\n    at Async../node_modules/bluebird/js/release/async.js.Async._drainQueue (http://localhost:44265/__cypress/runner/cypress_runner.js:162140:16)\n    at Async../node_modules/bluebird/js/release/async.js.Async._drainQueues (http://localhost:44265/__cypress/runner/cypress_runner.js:162150:10)\n    at Async.drainQueues (http://localhost:44265/__cypress/runner/cypress_runner.js:162024:14)",
                "diff": null
              },
              "uuid": "0aaa1565-d5e3-497e-a9ac-a071e0b0bbd6",
              "parentUUID": "5e65b531-a2bf-48ce-8cf5-c485ed1b357e",
              "isHook": false,
              "skipped": false
            },
            {
              "title": "Verifica se a paleta de cores não contém cores repetidas.",
              "fullTitle": "2 - Adicione à página uma paleta de quatro cores distintas. Verifica se a paleta de cores não contém cores repetidas.",
              "timedOut": null,
              "duration": 4503,
              "state": "failed",
              "speed": null,
              "pass": false,
              "fail": true,
              "pending": false,
              "context": null,
              "code": "cy.get('.color').then(function (colors) {\n  var allColors = Array.from(colors).map(function (color) {\n    return Cypress.$(color).css('background-color');\n  });\n  cy.log(allColors);\n  var uniqColors = (0, _toConsumableArray2[\"default\"])(new Set(allColors));\n  cy.log(uniqColors);\n  expect(allColors.length).to.eq(uniqColors.length);\n});",
              "err": {
                "message": "CypressError: Timed out retrying: Expected to find element: '.color', but never found it.",
                "estack": "CypressError: Timed out retrying: Expected to find element: '.color', but never found it.\n    at cypressErr (http://localhost:44265/__cypress/runner/cypress_runner.js:149934:9)\n    at throwErr (http://localhost:44265/__cypress/runner/cypress_runner.js:149867:11)\n    at Object.throwErrByPath (http://localhost:44265/__cypress/runner/cypress_runner.js:149915:3)\n    at retry (http://localhost:44265/__cypress/runner/cypress_runner.js:144197:19)\n    at onFailFn (http://localhost:44265/__cypress/runner/cypress_runner.js:132448:16)\n    at tryCatcher (http://localhost:44265/__cypress/runner/cypress_runner.js:167415:23)\n    at Promise._settlePromiseFromHandler (http://localhost:44265/__cypress/runner/cypress_runner.js:165351:31)\n    at Promise._settlePromise (http://localhost:44265/__cypress/runner/cypress_runner.js:165408:18)\n    at Promise._settlePromise0 (http://localhost:44265/__cypress/runner/cypress_runner.js:165453:10)\n    at Promise._settlePromises (http://localhost:44265/__cypress/runner/cypress_runner.js:165528:18)\n    at Async../node_modules/bluebird/js/release/async.js.Async._drainQueue (http://localhost:44265/__cypress/runner/cypress_runner.js:162140:16)\n    at Async../node_modules/bluebird/js/release/async.js.Async._drainQueues (http://localhost:44265/__cypress/runner/cypress_runner.js:162150:10)\n    at Async.drainQueues (http://localhost:44265/__cypress/runner/cypress_runner.js:162024:14)",
                "diff": null
              },
              "uuid": "d5069f6d-c4a1-410b-9755-aa6645a069b0",
              "parentUUID": "5e65b531-a2bf-48ce-8cf5-c485ed1b357e",
              "isHook": false,
              "skipped": false
            }
          ],
          "suites": [],
          "passes": [],
          "failures": [
            "e10e0bdd-9995-45c9-bc31-4e6e5d0cd77b",
            "1525cbe1-3b97-4c31-9990-e9e2b1737e7b",
            "e3c2c2fc-b9cf-4960-a113-e06e848ce0af",
            "7dadfda5-2386-41a1-92ca-90da162d690d",
            "71f73e17-10d2-409a-bb79-173792c9a669",
            "0aaa1565-d5e3-497e-a9ac-a071e0b0bbd6",
            "d5069f6d-c4a1-410b-9755-aa6645a069b0"
          ],
          "pending": [],
          "skipped": [],
          "duration": 31586,
          "root": false,
          "rootEmpty": false,
          "_timeout": 2000
        },
        {
          "uuid": "9ec92bbd-ce57-4b30-a89a-37a6bb9ff732",
          "title": "3 - Adicione a cor **preta** como a primeira cor da paleta de cores.",
          "fullFile": "",
          "file": "",
          "beforeHooks": [],
          "afterHooks": [],
          "tests": [
            {
              "title": "Verifica se a primeira cor da paleta é preta",
              "fullTitle": "3 - Adicione a cor **preta** como a primeira cor da paleta de cores. Verifica se a primeira cor da paleta é preta",
              "timedOut": null,
              "duration": 4563,
              "state": "failed",
              "speed": null,
              "pass": false,
              "fail": true,
              "pending": false,
              "context": null,
              "code": "cy.get('.color').first().should('have.css', 'background-color', BLACK);",
              "err": {
                "message": "CypressError: Timed out retrying: Expected to find element: '.color', but never found it.",
                "estack": "CypressError: Timed out retrying: Expected to find element: '.color', but never found it.\n    at cypressErr (http://localhost:44265/__cypress/runner/cypress_runner.js:149934:9)\n    at throwErr (http://localhost:44265/__cypress/runner/cypress_runner.js:149867:11)\n    at Object.throwErrByPath (http://localhost:44265/__cypress/runner/cypress_runner.js:149915:3)\n    at retry (http://localhost:44265/__cypress/runner/cypress_runner.js:144197:19)\n    at onFailFn (http://localhost:44265/__cypress/runner/cypress_runner.js:132448:16)\n    at tryCatcher (http://localhost:44265/__cypress/runner/cypress_runner.js:167415:23)\n    at Promise._settlePromiseFromHandler (http://localhost:44265/__cypress/runner/cypress_runner.js:165351:31)\n    at Promise._settlePromise (http://localhost:44265/__cypress/runner/cypress_runner.js:165408:18)\n    at Promise._settlePromise0 (http://localhost:44265/__cypress/runner/cypress_runner.js:165453:10)\n    at Promise._settlePromises (http://localhost:44265/__cypress/runner/cypress_runner.js:165528:18)\n    at Async../node_modules/bluebird/js/release/async.js.Async._drainQueue (http://localhost:44265/__cypress/runner/cypress_runner.js:162140:16)\n    at Async../node_modules/bluebird/js/release/async.js.Async._drainQueues (http://localhost:44265/__cypress/runner/cypress_runner.js:162150:10)\n    at Async.drainQueues (http://localhost:44265/__cypress/runner/cypress_runner.js:162024:14)",
                "diff": null
              },
              "uuid": "005397f9-ce47-4665-bcad-844d150af55c",
              "parentUUID": "9ec92bbd-ce57-4b30-a89a-37a6bb9ff732",
              "isHook": false,
              "skipped": false
            },
            {
              "title": "Verifica se as demais cores podem ser escolhidas livremente.",
              "fullTitle": "3 - Adicione a cor **preta** como a primeira cor da paleta de cores. Verifica se as demais cores podem ser escolhidas livremente.",
              "timedOut": null,
              "duration": 4463,
              "state": "failed",
              "speed": null,
              "pass": false,
              "fail": true,
              "pending": false,
              "context": null,
              "code": "cy.get('.color').eq(1).should('not.have.css', 'background-color', BLACK);\ncy.get('.color').eq(1).should('not.have.css', 'background-color', WHITE);\ncy.get('.color').eq(1).should('not.have.css', 'background-color', 'rgba(0, 0, 0, 0)');\ncy.get('.color').eq(1).should('have.css', 'background-color');\ncy.get('.color').eq(2).should('not.have.css', 'background-color', BLACK);\ncy.get('.color').eq(2).should('not.have.css', 'background-color', WHITE);\ncy.get('.color').eq(2).should('not.have.css', 'background-color', 'rgba(0, 0, 0, 0)');\ncy.get('.color').eq(2).should('have.css', 'background-color');\ncy.get('.color').eq(3).should('not.have.css', 'background-color', BLACK);\ncy.get('.color').eq(3).should('not.have.css', 'background-color', WHITE);\ncy.get('.color').eq(3).should('not.have.css', 'background-color', 'rgba(0, 0, 0, 0)');\ncy.get('.color').eq(3).should('have.css', 'background-color');",
              "err": {
                "message": "CypressError: Timed out retrying: Expected to find element: '.color', but never found it.",
                "estack": "CypressError: Timed out retrying: Expected to find element: '.color', but never found it.\n    at cypressErr (http://localhost:44265/__cypress/runner/cypress_runner.js:149934:9)\n    at throwErr (http://localhost:44265/__cypress/runner/cypress_runner.js:149867:11)\n    at Object.throwErrByPath (http://localhost:44265/__cypress/runner/cypress_runner.js:149915:3)\n    at retry (http://localhost:44265/__cypress/runner/cypress_runner.js:144197:19)\n    at onFailFn (http://localhost:44265/__cypress/runner/cypress_runner.js:132448:16)\n    at tryCatcher (http://localhost:44265/__cypress/runner/cypress_runner.js:167415:23)\n    at Promise._settlePromiseFromHandler (http://localhost:44265/__cypress/runner/cypress_runner.js:165351:31)\n    at Promise._settlePromise (http://localhost:44265/__cypress/runner/cypress_runner.js:165408:18)\n    at Promise._settlePromise0 (http://localhost:44265/__cypress/runner/cypress_runner.js:165453:10)\n    at Promise._settlePromises (http://localhost:44265/__cypress/runner/cypress_runner.js:165528:18)\n    at Async../node_modules/bluebird/js/release/async.js.Async._drainQueue (http://localhost:44265/__cypress/runner/cypress_runner.js:162140:16)\n    at Async../node_modules/bluebird/js/release/async.js.Async._drainQueues (http://localhost:44265/__cypress/runner/cypress_runner.js:162150:10)\n    at Async.drainQueues (http://localhost:44265/__cypress/runner/cypress_runner.js:162024:14)",
                "diff": null
              },
              "uuid": "c928ba50-3b9b-4256-8944-f10ac5a0d25d",
              "parentUUID": "9ec92bbd-ce57-4b30-a89a-37a6bb9ff732",
              "isHook": false,
              "skipped": false
            }
          ],
          "suites": [],
          "passes": [],
          "failures": [
            "005397f9-ce47-4665-bcad-844d150af55c",
            "c928ba50-3b9b-4256-8944-f10ac5a0d25d"
          ],
          "pending": [],
          "skipped": [],
          "duration": 9026,
          "root": false,
          "rootEmpty": false,
          "_timeout": 2000
        },
        {
          "uuid": "92f42370-daa6-4864-a2ff-436ee52c8eb7",
          "title": "4 - Adicione à página um quadro de pixels, com 25 pixels.",
          "fullFile": "",
          "file": "",
          "beforeHooks": [],
          "afterHooks": [],
          "tests": [
            {
              "title": "Verifica se o quadro de pixels possui o `id` denominado `pixel-board`",
              "fullTitle": "4 - Adicione à página um quadro de pixels, com 25 pixels. Verifica se o quadro de pixels possui o `id` denominado `pixel-board`",
              "timedOut": null,
              "duration": 4692,
              "state": "failed",
              "speed": null,
              "pass": false,
              "fail": true,
              "pending": false,
              "context": null,
              "code": "cy.get('#pixel-board').should('be.visible');",
              "err": {
                "message": "CypressError: Timed out retrying: Expected to find element: '#pixel-board', but never found it.",
                "estack": "CypressError: Timed out retrying: Expected to find element: '#pixel-board', but never found it.\n    at cypressErr (http://localhost:44265/__cypress/runner/cypress_runner.js:149934:9)\n    at throwErr (http://localhost:44265/__cypress/runner/cypress_runner.js:149867:11)\n    at Object.throwErrByPath (http://localhost:44265/__cypress/runner/cypress_runner.js:149915:3)\n    at retry (http://localhost:44265/__cypress/runner/cypress_runner.js:144197:19)\n    at onFailFn (http://localhost:44265/__cypress/runner/cypress_runner.js:132448:16)\n    at tryCatcher (http://localhost:44265/__cypress/runner/cypress_runner.js:167415:23)\n    at Promise._settlePromiseFromHandler (http://localhost:44265/__cypress/runner/cypress_runner.js:165351:31)\n    at Promise._settlePromise (http://localhost:44265/__cypress/runner/cypress_runner.js:165408:18)\n    at Promise._settlePromise0 (http://localhost:44265/__cypress/runner/cypress_runner.js:165453:10)\n    at Promise._settlePromises (http://localhost:44265/__cypress/runner/cypress_runner.js:165528:18)\n    at Async../node_modules/bluebird/js/release/async.js.Async._drainQueue (http://localhost:44265/__cypress/runner/cypress_runner.js:162140:16)\n    at Async../node_modules/bluebird/js/release/async.js.Async._drainQueues (http://localhost:44265/__cypress/runner/cypress_runner.js:162150:10)\n    at Async.drainQueues (http://localhost:44265/__cypress/runner/cypress_runner.js:162024:14)",
                "diff": null
              },
              "uuid": "c9011196-9599-495f-b259-0862e022cada",
              "parentUUID": "92f42370-daa6-4864-a2ff-436ee52c8eb7",
              "isHook": false,
              "skipped": false
            },
            {
              "title": "Verifica se cada pixel individual dentro do quadro possui a `classe` denominada `pixel`.",
              "fullTitle": "4 - Adicione à página um quadro de pixels, com 25 pixels. Verifica se cada pixel individual dentro do quadro possui a `classe` denominada `pixel`.",
              "timedOut": null,
              "duration": 4552,
              "state": "failed",
              "speed": null,
              "pass": false,
              "fail": true,
              "pending": false,
              "context": null,
              "code": "cy.get('.pixel').should('have.length', 25);",
              "err": {
                "message": "CypressError: Timed out retrying: Expected to find element: '.pixel', but never found it.",
                "estack": "CypressError: Timed out retrying: Expected to find element: '.pixel', but never found it.\n    at cypressErr (http://localhost:44265/__cypress/runner/cypress_runner.js:149934:9)\n    at throwErr (http://localhost:44265/__cypress/runner/cypress_runner.js:149867:11)\n    at Object.throwErrByPath (http://localhost:44265/__cypress/runner/cypress_runner.js:149915:3)\n    at retry (http://localhost:44265/__cypress/runner/cypress_runner.js:144197:19)\n    at onFailFn (http://localhost:44265/__cypress/runner/cypress_runner.js:132448:16)\n    at tryCatcher (http://localhost:44265/__cypress/runner/cypress_runner.js:167415:23)\n    at Promise._settlePromiseFromHandler (http://localhost:44265/__cypress/runner/cypress_runner.js:165351:31)\n    at Promise._settlePromise (http://localhost:44265/__cypress/runner/cypress_runner.js:165408:18)\n    at Promise._settlePromise0 (http://localhost:44265/__cypress/runner/cypress_runner.js:165453:10)\n    at Promise._settlePromises (http://localhost:44265/__cypress/runner/cypress_runner.js:165528:18)\n    at Async../node_modules/bluebird/js/release/async.js.Async._drainQueue (http://localhost:44265/__cypress/runner/cypress_runner.js:162140:16)\n    at Async../node_modules/bluebird/js/release/async.js.Async._drainQueues (http://localhost:44265/__cypress/runner/cypress_runner.js:162150:10)\n    at Async.drainQueues (http://localhost:44265/__cypress/runner/cypress_runner.js:162024:14)",
                "diff": null
              },
              "uuid": "882da088-ce35-494b-bec4-dafe497056e0",
              "parentUUID": "92f42370-daa6-4864-a2ff-436ee52c8eb7",
              "isHook": false,
              "skipped": false
            },
            {
              "title": "Verifica se a cor inicial dos pixels dentro do quadro, ao abrir a página, é branca.",
              "fullTitle": "4 - Adicione à página um quadro de pixels, com 25 pixels. Verifica se a cor inicial dos pixels dentro do quadro, ao abrir a página, é branca.",
              "timedOut": null,
              "duration": 4528,
              "state": "failed",
              "speed": null,
              "pass": false,
              "fail": true,
              "pending": false,
              "context": null,
              "code": "cy.get('.pixel').should('have.length', 25).each(function (pixel) {\n  expect(pixel).to.have.css('background-color', WHITE);\n});",
              "err": {
                "message": "CypressError: Timed out retrying: Expected to find element: '.pixel', but never found it.",
                "estack": "CypressError: Timed out retrying: Expected to find element: '.pixel', but never found it.\n    at cypressErr (http://localhost:44265/__cypress/runner/cypress_runner.js:149934:9)\n    at throwErr (http://localhost:44265/__cypress/runner/cypress_runner.js:149867:11)\n    at Object.throwErrByPath (http://localhost:44265/__cypress/runner/cypress_runner.js:149915:3)\n    at retry (http://localhost:44265/__cypress/runner/cypress_runner.js:144197:19)\n    at onFailFn (http://localhost:44265/__cypress/runner/cypress_runner.js:132448:16)\n    at tryCatcher (http://localhost:44265/__cypress/runner/cypress_runner.js:167415:23)\n    at Promise._settlePromiseFromHandler (http://localhost:44265/__cypress/runner/cypress_runner.js:165351:31)\n    at Promise._settlePromise (http://localhost:44265/__cypress/runner/cypress_runner.js:165408:18)\n    at Promise._settlePromise0 (http://localhost:44265/__cypress/runner/cypress_runner.js:165453:10)\n    at Promise._settlePromises (http://localhost:44265/__cypress/runner/cypress_runner.js:165528:18)\n    at Async../node_modules/bluebird/js/release/async.js.Async._drainQueue (http://localhost:44265/__cypress/runner/cypress_runner.js:162140:16)\n    at Async../node_modules/bluebird/js/release/async.js.Async._drainQueues (http://localhost:44265/__cypress/runner/cypress_runner.js:162150:10)\n    at Async.drainQueues (http://localhost:44265/__cypress/runner/cypress_runner.js:162024:14)",
                "diff": null
              },
              "uuid": "f2938f10-3885-4be8-af33-4ef9beb42098",
              "parentUUID": "92f42370-daa6-4864-a2ff-436ee52c8eb7",
              "isHook": false,
              "skipped": false
            },
            {
              "title": "Verifica se o quadro de pixels aparece abaixo da paleta de cores",
              "fullTitle": "4 - Adicione à página um quadro de pixels, com 25 pixels. Verifica se o quadro de pixels aparece abaixo da paleta de cores",
              "timedOut": null,
              "duration": 4631,
              "state": "failed",
              "speed": null,
              "pass": false,
              "fail": true,
              "pending": false,
              "context": null,
              "code": "cy.get('#color-palette').then(function (palette) {\n  cy.get('#pixel-board').should('be.belowOf', palette);\n});",
              "err": {
                "message": "CypressError: Timed out retrying: Expected to find element: '#color-palette', but never found it.",
                "estack": "CypressError: Timed out retrying: Expected to find element: '#color-palette', but never found it.\n    at cypressErr (http://localhost:44265/__cypress/runner/cypress_runner.js:149934:9)\n    at throwErr (http://localhost:44265/__cypress/runner/cypress_runner.js:149867:11)\n    at Object.throwErrByPath (http://localhost:44265/__cypress/runner/cypress_runner.js:149915:3)\n    at retry (http://localhost:44265/__cypress/runner/cypress_runner.js:144197:19)\n    at onFailFn (http://localhost:44265/__cypress/runner/cypress_runner.js:132448:16)\n    at tryCatcher (http://localhost:44265/__cypress/runner/cypress_runner.js:167415:23)\n    at Promise._settlePromiseFromHandler (http://localhost:44265/__cypress/runner/cypress_runner.js:165351:31)\n    at Promise._settlePromise (http://localhost:44265/__cypress/runner/cypress_runner.js:165408:18)\n    at Promise._settlePromise0 (http://localhost:44265/__cypress/runner/cypress_runner.js:165453:10)\n    at Promise._settlePromises (http://localhost:44265/__cypress/runner/cypress_runner.js:165528:18)\n    at Async../node_modules/bluebird/js/release/async.js.Async._drainQueue (http://localhost:44265/__cypress/runner/cypress_runner.js:162140:16)\n    at Async../node_modules/bluebird/js/release/async.js.Async._drainQueues (http://localhost:44265/__cypress/runner/cypress_runner.js:162150:10)\n    at Async.drainQueues (http://localhost:44265/__cypress/runner/cypress_runner.js:162024:14)",
                "diff": null
              },
              "uuid": "594f6f5c-6dcb-45e5-b67c-97dd3e07f295",
              "parentUUID": "92f42370-daa6-4864-a2ff-436ee52c8eb7",
              "isHook": false,
              "skipped": false
            }
          ],
          "suites": [],
          "passes": [],
          "failures": [
            "c9011196-9599-495f-b259-0862e022cada",
            "882da088-ce35-494b-bec4-dafe497056e0",
            "f2938f10-3885-4be8-af33-4ef9beb42098",
            "594f6f5c-6dcb-45e5-b67c-97dd3e07f295"
          ],
          "pending": [],
          "skipped": [],
          "duration": 18403,
          "root": false,
          "rootEmpty": false,
          "_timeout": 2000
        },
        {
          "uuid": "e1f86d3b-2a06-4aca-a951-b8410eb73976",
          "title": "5 - Faça com que cada elemento do quadro de pixels possua 40 pixels de largura, 40 pixels de altura e seja delimitado por uma borda preta de 1 pixel.",
          "fullFile": "",
          "file": "",
          "beforeHooks": [],
          "afterHooks": [],
          "tests": [
            {
              "title": "Verifica se o quadro de pixels tem altura e comprimento de 5 elementos",
              "fullTitle": "5 - Faça com que cada elemento do quadro de pixels possua 40 pixels de largura, 40 pixels de altura e seja delimitado por uma borda preta de 1 pixel. Verifica se o quadro de pixels tem altura e comprimento de 5 elementos",
              "timedOut": null,
              "duration": 4578,
              "state": "failed",
              "speed": null,
              "pass": false,
              "fail": true,
              "pending": false,
              "context": null,
              "code": "cy.get('.pixel').should('have.length', 25).each(function (pixel) {\n  expect(pixel).to.have.css('background-color', WHITE);\n}).and(function (pixels) {\n  var rows = chunk(pixels, 5);\n  rows.forEach(function (row) {\n    for (var index = 1; index < row.length; index += 1) {\n      var current = pixels[index];\n      var previous = pixels[index - 1];\n      cy.wrap(current).should('be.onTheRightOf', previous).and('be.horizontallyAlignedWith', previous);\n    }\n  });\n  for (var index = 1; index < 5; index += 1) {\n    expect(pixels[index * 5]).to.be.belowOf(pixels[(index - 1) * 5]);\n  }\n});",
              "err": {
                "message": "CypressError: Timed out retrying: Expected to find element: '.pixel', but never found it.",
                "estack": "CypressError: Timed out retrying: Expected to find element: '.pixel', but never found it.\n    at cypressErr (http://localhost:44265/__cypress/runner/cypress_runner.js:149934:9)\n    at throwErr (http://localhost:44265/__cypress/runner/cypress_runner.js:149867:11)\n    at Object.throwErrByPath (http://localhost:44265/__cypress/runner/cypress_runner.js:149915:3)\n    at retry (http://localhost:44265/__cypress/runner/cypress_runner.js:144197:19)\n    at onFailFn (http://localhost:44265/__cypress/runner/cypress_runner.js:132448:16)\n    at tryCatcher (http://localhost:44265/__cypress/runner/cypress_runner.js:167415:23)\n    at Promise._settlePromiseFromHandler (http://localhost:44265/__cypress/runner/cypress_runner.js:165351:31)\n    at Promise._settlePromise (http://localhost:44265/__cypress/runner/cypress_runner.js:165408:18)\n    at Promise._settlePromise0 (http://localhost:44265/__cypress/runner/cypress_runner.js:165453:10)\n    at Promise._settlePromises (http://localhost:44265/__cypress/runner/cypress_runner.js:165528:18)\n    at Async../node_modules/bluebird/js/release/async.js.Async._drainQueue (http://localhost:44265/__cypress/runner/cypress_runner.js:162140:16)\n    at Async../node_modules/bluebird/js/release/async.js.Async._drainQueues (http://localhost:44265/__cypress/runner/cypress_runner.js:162150:10)\n    at Async.drainQueues (http://localhost:44265/__cypress/runner/cypress_runner.js:162024:14)",
                "diff": null
              },
              "uuid": "6e47112c-3562-4a70-a81f-a6668210ad87",
              "parentUUID": "e1f86d3b-2a06-4aca-a951-b8410eb73976",
              "isHook": false,
              "skipped": false
            },
            {
              "title": "Verifica se 40 pixels é o tamanho total do elemento, incluindo seu conteúdo e excluindo a borda preta, que deve ser criada à parte.",
              "fullTitle": "5 - Faça com que cada elemento do quadro de pixels possua 40 pixels de largura, 40 pixels de altura e seja delimitado por uma borda preta de 1 pixel. Verifica se 40 pixels é o tamanho total do elemento, incluindo seu conteúdo e excluindo a borda preta, que deve ser criada à parte.",
              "timedOut": null,
              "duration": 4535,
              "state": "failed",
              "speed": null,
              "pass": false,
              "fail": true,
              "pending": false,
              "context": null,
              "code": "cy.get('.pixel').each(function (pixel) {\n  cy.wrap(pixel).should('have.css', 'height', '40px').and('have.css', 'width', '40px').and('have.css', 'border', \"1px solid \".concat(BLACK));\n});",
              "err": {
                "message": "CypressError: Timed out retrying: Expected to find element: '.pixel', but never found it.",
                "estack": "CypressError: Timed out retrying: Expected to find element: '.pixel', but never found it.\n    at cypressErr (http://localhost:44265/__cypress/runner/cypress_runner.js:149934:9)\n    at throwErr (http://localhost:44265/__cypress/runner/cypress_runner.js:149867:11)\n    at Object.throwErrByPath (http://localhost:44265/__cypress/runner/cypress_runner.js:149915:3)\n    at retry (http://localhost:44265/__cypress/runner/cypress_runner.js:144197:19)\n    at onFailFn (http://localhost:44265/__cypress/runner/cypress_runner.js:132448:16)\n    at tryCatcher (http://localhost:44265/__cypress/runner/cypress_runner.js:167415:23)\n    at Promise._settlePromiseFromHandler (http://localhost:44265/__cypress/runner/cypress_runner.js:165351:31)\n    at Promise._settlePromise (http://localhost:44265/__cypress/runner/cypress_runner.js:165408:18)\n    at Promise._settlePromise0 (http://localhost:44265/__cypress/runner/cypress_runner.js:165453:10)\n    at Promise._settlePromises (http://localhost:44265/__cypress/runner/cypress_runner.js:165528:18)\n    at Async../node_modules/bluebird/js/release/async.js.Async._drainQueue (http://localhost:44265/__cypress/runner/cypress_runner.js:162140:16)\n    at Async../node_modules/bluebird/js/release/async.js.Async._drainQueues (http://localhost:44265/__cypress/runner/cypress_runner.js:162150:10)\n    at Async.drainQueues (http://localhost:44265/__cypress/runner/cypress_runner.js:162024:14)",
                "diff": null
              },
              "uuid": "b634713f-872e-4b9e-b1aa-815630667cbd",
              "parentUUID": "e1f86d3b-2a06-4aca-a951-b8410eb73976",
              "isHook": false,
              "skipped": false
            }
          ],
          "suites": [],
          "passes": [],
          "failures": [
            "6e47112c-3562-4a70-a81f-a6668210ad87",
            "b634713f-872e-4b9e-b1aa-815630667cbd"
          ],
          "pending": [],
          "skipped": [],
          "duration": 9113,
          "root": false,
          "rootEmpty": false,
          "_timeout": 2000
        },
        {
          "uuid": "a6afc0f4-008f-4aba-9355-68a84dc43ed6",
          "title": "6 - Defina a cor preta como cor inicial. Ao carregar a página a cor preta já deve estar selecionada para pintar os pixels",
          "fullFile": "",
          "file": "",
          "beforeHooks": [],
          "afterHooks": [],
          "tests": [
            {
              "title": "Verifica se o elemento da cor preta possui, inicialmente, a `classe` `selected`",
              "fullTitle": "6 - Defina a cor preta como cor inicial. Ao carregar a página a cor preta já deve estar selecionada para pintar os pixels Verifica se o elemento da cor preta possui, inicialmente, a `classe` `selected`",
              "timedOut": null,
              "duration": 4564,
              "state": "failed",
              "speed": null,
              "pass": false,
              "fail": true,
              "pending": false,
              "context": null,
              "code": "cy.get('.selected').first().should('have.css', 'background-color', BLACK);",
              "err": {
                "message": "CypressError: Timed out retrying: Expected to find element: '.selected', but never found it.",
                "estack": "CypressError: Timed out retrying: Expected to find element: '.selected', but never found it.\n    at cypressErr (http://localhost:44265/__cypress/runner/cypress_runner.js:149934:9)\n    at throwErr (http://localhost:44265/__cypress/runner/cypress_runner.js:149867:11)\n    at Object.throwErrByPath (http://localhost:44265/__cypress/runner/cypress_runner.js:149915:3)\n    at retry (http://localhost:44265/__cypress/runner/cypress_runner.js:144197:19)\n    at onFailFn (http://localhost:44265/__cypress/runner/cypress_runner.js:132448:16)\n    at tryCatcher (http://localhost:44265/__cypress/runner/cypress_runner.js:167415:23)\n    at Promise._settlePromiseFromHandler (http://localhost:44265/__cypress/runner/cypress_runner.js:165351:31)\n    at Promise._settlePromise (http://localhost:44265/__cypress/runner/cypress_runner.js:165408:18)\n    at Promise._settlePromise0 (http://localhost:44265/__cypress/runner/cypress_runner.js:165453:10)\n    at Promise._settlePromises (http://localhost:44265/__cypress/runner/cypress_runner.js:165528:18)\n    at Async../node_modules/bluebird/js/release/async.js.Async._drainQueue (http://localhost:44265/__cypress/runner/cypress_runner.js:162140:16)\n    at Async../node_modules/bluebird/js/release/async.js.Async._drainQueues (http://localhost:44265/__cypress/runner/cypress_runner.js:162150:10)\n    at Async.drainQueues (http://localhost:44265/__cypress/runner/cypress_runner.js:162024:14)",
                "diff": null
              },
              "uuid": "e3d79e4c-65e2-4e9f-a48f-8c54747d2256",
              "parentUUID": "a6afc0f4-008f-4aba-9355-68a84dc43ed6",
              "isHook": false,
              "skipped": false
            },
            {
              "title": "Verifica se nenhuma outra cor da paleta tem a `classe` `selected`",
              "fullTitle": "6 - Defina a cor preta como cor inicial. Ao carregar a página a cor preta já deve estar selecionada para pintar os pixels Verifica se nenhuma outra cor da paleta tem a `classe` `selected`",
              "timedOut": null,
              "duration": 4638,
              "state": "failed",
              "speed": null,
              "pass": false,
              "fail": true,
              "pending": false,
              "context": null,
              "code": "cy.get('.color:not(:first-child)').each(function (color) {\n  cy.wrap(color).should('not.have.class', 'selected');\n});",
              "err": {
                "message": "CypressError: Timed out retrying: Expected to find element: '.color:not(:first-child)', but never found it.",
                "estack": "CypressError: Timed out retrying: Expected to find element: '.color:not(:first-child)', but never found it.\n    at cypressErr (http://localhost:44265/__cypress/runner/cypress_runner.js:149934:9)\n    at throwErr (http://localhost:44265/__cypress/runner/cypress_runner.js:149867:11)\n    at Object.throwErrByPath (http://localhost:44265/__cypress/runner/cypress_runner.js:149915:3)\n    at retry (http://localhost:44265/__cypress/runner/cypress_runner.js:144197:19)\n    at onFailFn (http://localhost:44265/__cypress/runner/cypress_runner.js:132448:16)\n    at tryCatcher (http://localhost:44265/__cypress/runner/cypress_runner.js:167415:23)\n    at Promise._settlePromiseFromHandler (http://localhost:44265/__cypress/runner/cypress_runner.js:165351:31)\n    at Promise._settlePromise (http://localhost:44265/__cypress/runner/cypress_runner.js:165408:18)\n    at Promise._settlePromise0 (http://localhost:44265/__cypress/runner/cypress_runner.js:165453:10)\n    at Promise._settlePromises (http://localhost:44265/__cypress/runner/cypress_runner.js:165528:18)\n    at Async../node_modules/bluebird/js/release/async.js.Async._drainQueue (http://localhost:44265/__cypress/runner/cypress_runner.js:162140:16)\n    at Async../node_modules/bluebird/js/release/async.js.Async._drainQueues (http://localhost:44265/__cypress/runner/cypress_runner.js:162150:10)\n    at Async.drainQueues (http://localhost:44265/__cypress/runner/cypress_runner.js:162024:14)",
                "diff": null
              },
              "uuid": "167263d6-b0ec-4f86-bd7b-cbaac46908fb",
              "parentUUID": "a6afc0f4-008f-4aba-9355-68a84dc43ed6",
              "isHook": false,
              "skipped": false
            }
          ],
          "suites": [],
          "passes": [],
          "failures": [
            "e3d79e4c-65e2-4e9f-a48f-8c54747d2256",
            "167263d6-b0ec-4f86-bd7b-cbaac46908fb"
          ],
          "pending": [],
          "skipped": [],
          "duration": 9202,
          "root": false,
          "rootEmpty": false,
          "_timeout": 2000
        },
        {
          "uuid": "5122b9f3-70f2-4bfb-bd8b-8a8699e249f5",
          "title": "7 - Clicar em uma das cores da paleta, faz com que ela seja selecionada e utilizada para preencher os pixels no quadro.",
          "fullFile": "",
          "file": "",
          "beforeHooks": [],
          "afterHooks": [],
          "tests": [
            {
              "title": "Verifica se somente uma cor da paleta de cores tem a classe `selected` de cada vez",
              "fullTitle": "7 - Clicar em uma das cores da paleta, faz com que ela seja selecionada e utilizada para preencher os pixels no quadro. Verifica se somente uma cor da paleta de cores tem a classe `selected` de cada vez",
              "timedOut": null,
              "duration": 4618,
              "state": "failed",
              "speed": null,
              "pass": false,
              "fail": true,
              "pending": false,
              "context": null,
              "code": "cy.get('.color').each(function (selectedColor, selectedColorIndex) {\n  cy.wrap(selectedColor).click();\n  cy.get('.color').each(function (color, colorIndex) {\n    if (colorIndex === selectedColorIndex) {\n      expect(color).to.have[\"class\"]('selected');\n    } else {\n      expect(color).not.to.have[\"class\"]('selected');\n    }\n  });\n});",
              "err": {
                "message": "CypressError: Timed out retrying: Expected to find element: '.color', but never found it.",
                "estack": "CypressError: Timed out retrying: Expected to find element: '.color', but never found it.\n    at cypressErr (http://localhost:44265/__cypress/runner/cypress_runner.js:149934:9)\n    at throwErr (http://localhost:44265/__cypress/runner/cypress_runner.js:149867:11)\n    at Object.throwErrByPath (http://localhost:44265/__cypress/runner/cypress_runner.js:149915:3)\n    at retry (http://localhost:44265/__cypress/runner/cypress_runner.js:144197:19)\n    at onFailFn (http://localhost:44265/__cypress/runner/cypress_runner.js:132448:16)\n    at tryCatcher (http://localhost:44265/__cypress/runner/cypress_runner.js:167415:23)\n    at Promise._settlePromiseFromHandler (http://localhost:44265/__cypress/runner/cypress_runner.js:165351:31)\n    at Promise._settlePromise (http://localhost:44265/__cypress/runner/cypress_runner.js:165408:18)\n    at Promise._settlePromise0 (http://localhost:44265/__cypress/runner/cypress_runner.js:165453:10)\n    at Promise._settlePromises (http://localhost:44265/__cypress/runner/cypress_runner.js:165528:18)\n    at Async../node_modules/bluebird/js/release/async.js.Async._drainQueue (http://localhost:44265/__cypress/runner/cypress_runner.js:162140:16)\n    at Async../node_modules/bluebird/js/release/async.js.Async._drainQueues (http://localhost:44265/__cypress/runner/cypress_runner.js:162150:10)\n    at Async.drainQueues (http://localhost:44265/__cypress/runner/cypress_runner.js:162024:14)",
                "diff": null
              },
              "uuid": "0038bb08-2f70-4a6b-bc4b-7cbeb367e8f9",
              "parentUUID": "5122b9f3-70f2-4bfb-bd8b-8a8699e249f5",
              "isHook": false,
              "skipped": false
            },
            {
              "title": "Verifica se os pixels dentro do quadro não têm a classe `selected` quando são clicados",
              "fullTitle": "7 - Clicar em uma das cores da paleta, faz com que ela seja selecionada e utilizada para preencher os pixels no quadro. Verifica se os pixels dentro do quadro não têm a classe `selected` quando são clicados",
              "timedOut": null,
              "duration": 4609,
              "state": "failed",
              "speed": null,
              "pass": false,
              "fail": true,
              "pending": false,
              "context": null,
              "code": "cy.get('.color').each(function (color) {\n  var backgroundColor = color.css('background-color');\n  cy.wrap(color).click();\n  cy.get('.pixel').each(function (pixel) {\n    cy.wrap(pixel).click().should('not.have.class', 'selected');\n  });\n});",
              "err": {
                "message": "CypressError: Timed out retrying: Expected to find element: '.color', but never found it.",
                "estack": "CypressError: Timed out retrying: Expected to find element: '.color', but never found it.\n    at cypressErr (http://localhost:44265/__cypress/runner/cypress_runner.js:149934:9)\n    at throwErr (http://localhost:44265/__cypress/runner/cypress_runner.js:149867:11)\n    at Object.throwErrByPath (http://localhost:44265/__cypress/runner/cypress_runner.js:149915:3)\n    at retry (http://localhost:44265/__cypress/runner/cypress_runner.js:144197:19)\n    at onFailFn (http://localhost:44265/__cypress/runner/cypress_runner.js:132448:16)\n    at tryCatcher (http://localhost:44265/__cypress/runner/cypress_runner.js:167415:23)\n    at Promise._settlePromiseFromHandler (http://localhost:44265/__cypress/runner/cypress_runner.js:165351:31)\n    at Promise._settlePromise (http://localhost:44265/__cypress/runner/cypress_runner.js:165408:18)\n    at Promise._settlePromise0 (http://localhost:44265/__cypress/runner/cypress_runner.js:165453:10)\n    at Promise._settlePromises (http://localhost:44265/__cypress/runner/cypress_runner.js:165528:18)\n    at Async../node_modules/bluebird/js/release/async.js.Async._drainQueue (http://localhost:44265/__cypress/runner/cypress_runner.js:162140:16)\n    at Async../node_modules/bluebird/js/release/async.js.Async._drainQueues (http://localhost:44265/__cypress/runner/cypress_runner.js:162150:10)\n    at Async.drainQueues (http://localhost:44265/__cypress/runner/cypress_runner.js:162024:14)",
                "diff": null
              },
              "uuid": "ce0b0def-38aa-488a-b209-5dc2bf2c276f",
              "parentUUID": "5122b9f3-70f2-4bfb-bd8b-8a8699e249f5",
              "isHook": false,
              "skipped": false
            }
          ],
          "suites": [],
          "passes": [],
          "failures": [
            "0038bb08-2f70-4a6b-bc4b-7cbeb367e8f9",
            "ce0b0def-38aa-488a-b209-5dc2bf2c276f"
          ],
          "pending": [],
          "skipped": [],
          "duration": 9227,
          "root": false,
          "rootEmpty": false,
          "_timeout": 2000
        },
        {
          "uuid": "9a00b14b-47ab-49d3-a0ab-3248bc6f1182",
          "title": "8 - Clicar em um pixel dentro do quadro após selecionar uma cor na paleta, faz com que o pixel seja preenchido com a cor selecionada.",
          "fullFile": "",
          "file": "",
          "beforeHooks": [],
          "afterHooks": [],
          "tests": [
            {
              "title": "Verifica se ao carregar a página deve ser possível pintar os pixels de preto",
              "fullTitle": "8 - Clicar em um pixel dentro do quadro após selecionar uma cor na paleta, faz com que o pixel seja preenchido com a cor selecionada. Verifica se ao carregar a página deve ser possível pintar os pixels de preto",
              "timedOut": null,
              "duration": 4687,
              "state": "failed",
              "speed": null,
              "pass": false,
              "fail": true,
              "pending": false,
              "context": null,
              "code": "cy.get('.pixel').each(function (pixel) {\n  cy.wrap(pixel).click().should('have.css', 'background-color', BLACK);\n});",
              "err": {
                "message": "CypressError: Timed out retrying: Expected to find element: '.pixel', but never found it.",
                "estack": "CypressError: Timed out retrying: Expected to find element: '.pixel', but never found it.\n    at cypressErr (http://localhost:44265/__cypress/runner/cypress_runner.js:149934:9)\n    at throwErr (http://localhost:44265/__cypress/runner/cypress_runner.js:149867:11)\n    at Object.throwErrByPath (http://localhost:44265/__cypress/runner/cypress_runner.js:149915:3)\n    at retry (http://localhost:44265/__cypress/runner/cypress_runner.js:144197:19)\n    at onFailFn (http://localhost:44265/__cypress/runner/cypress_runner.js:132448:16)\n    at tryCatcher (http://localhost:44265/__cypress/runner/cypress_runner.js:167415:23)\n    at Promise._settlePromiseFromHandler (http://localhost:44265/__cypress/runner/cypress_runner.js:165351:31)\n    at Promise._settlePromise (http://localhost:44265/__cypress/runner/cypress_runner.js:165408:18)\n    at Promise._settlePromise0 (http://localhost:44265/__cypress/runner/cypress_runner.js:165453:10)\n    at Promise._settlePromises (http://localhost:44265/__cypress/runner/cypress_runner.js:165528:18)\n    at Async../node_modules/bluebird/js/release/async.js.Async._drainQueue (http://localhost:44265/__cypress/runner/cypress_runner.js:162140:16)\n    at Async../node_modules/bluebird/js/release/async.js.Async._drainQueues (http://localhost:44265/__cypress/runner/cypress_runner.js:162150:10)\n    at Async.drainQueues (http://localhost:44265/__cypress/runner/cypress_runner.js:162024:14)",
                "diff": null
              },
              "uuid": "20c4d4b5-daf6-4c4f-a140-041da4a0ba4e",
              "parentUUID": "9a00b14b-47ab-49d3-a0ab-3248bc6f1182",
              "isHook": false,
              "skipped": false
            },
            {
              "title": "Verifica se após selecionar uma outra cor na paleta, é possível pintar os pixels com essa cor",
              "fullTitle": "8 - Clicar em um pixel dentro do quadro após selecionar uma cor na paleta, faz com que o pixel seja preenchido com a cor selecionada. Verifica se após selecionar uma outra cor na paleta, é possível pintar os pixels com essa cor",
              "timedOut": null,
              "duration": 4544,
              "state": "failed",
              "speed": null,
              "pass": false,
              "fail": true,
              "pending": false,
              "context": null,
              "code": "cy.get('.color').each(function (color) {\n  var backgroundColor = color.css('background-color');\n  cy.wrap(color).click();\n  cy.get('.pixel').each(function (pixel) {\n    cy.wrap(pixel).click().should('have.css', 'background-color', backgroundColor);\n  });\n});",
              "err": {
                "message": "CypressError: Timed out retrying: Expected to find element: '.color', but never found it.",
                "estack": "CypressError: Timed out retrying: Expected to find element: '.color', but never found it.\n    at cypressErr (http://localhost:44265/__cypress/runner/cypress_runner.js:149934:9)\n    at throwErr (http://localhost:44265/__cypress/runner/cypress_runner.js:149867:11)\n    at Object.throwErrByPath (http://localhost:44265/__cypress/runner/cypress_runner.js:149915:3)\n    at retry (http://localhost:44265/__cypress/runner/cypress_runner.js:144197:19)\n    at onFailFn (http://localhost:44265/__cypress/runner/cypress_runner.js:132448:16)\n    at tryCatcher (http://localhost:44265/__cypress/runner/cypress_runner.js:167415:23)\n    at Promise._settlePromiseFromHandler (http://localhost:44265/__cypress/runner/cypress_runner.js:165351:31)\n    at Promise._settlePromise (http://localhost:44265/__cypress/runner/cypress_runner.js:165408:18)\n    at Promise._settlePromise0 (http://localhost:44265/__cypress/runner/cypress_runner.js:165453:10)\n    at Promise._settlePromises (http://localhost:44265/__cypress/runner/cypress_runner.js:165528:18)\n    at Async../node_modules/bluebird/js/release/async.js.Async._drainQueue (http://localhost:44265/__cypress/runner/cypress_runner.js:162140:16)\n    at Async../node_modules/bluebird/js/release/async.js.Async._drainQueues (http://localhost:44265/__cypress/runner/cypress_runner.js:162150:10)\n    at Async.drainQueues (http://localhost:44265/__cypress/runner/cypress_runner.js:162024:14)",
                "diff": null
              },
              "uuid": "26e9840a-7b20-4895-aa7d-fa524191bcc6",
              "parentUUID": "9a00b14b-47ab-49d3-a0ab-3248bc6f1182",
              "isHook": false,
              "skipped": false
            },
            {
              "title": "Verifica se somente o pixel que foi clicado foi preenchido com a cor selecionada, sem influenciar na cor dos demais pixels.",
              "fullTitle": "8 - Clicar em um pixel dentro do quadro após selecionar uma cor na paleta, faz com que o pixel seja preenchido com a cor selecionada. Verifica se somente o pixel que foi clicado foi preenchido com a cor selecionada, sem influenciar na cor dos demais pixels.",
              "timedOut": null,
              "duration": 4567,
              "state": "failed",
              "speed": null,
              "pass": false,
              "fail": true,
              "pending": false,
              "context": null,
              "code": "var colorToPixelIndexMap = {\n  0: 6,\n  1: 8,\n  2: 16,\n  3: 18\n};\ncy.get('.color').each(function (color, index) {\n  cy.wrap(color).click();\n  var backgroundColor = color.css('background-color');\n  var clickedPixelIndex = colorToPixelIndexMap[index];\n  cy.get('.pixel').eq(clickedPixelIndex).click();\n  cy.get('.pixel').eq(clickedPixelIndex - 1).should('not.have.css', 'background-color', backgroundColor);\n  cy.get('.pixel').eq(clickedPixelIndex + 1).should('not.have.css', 'background-color', backgroundColor);\n  cy.get('.pixel').eq(clickedPixelIndex - 5).should('not.have.css', 'background-color', backgroundColor);\n  cy.get('.pixel').eq(clickedPixelIndex + 5).should('not.have.css', 'background-color', backgroundColor);\n  cy.get('.pixel').eq(clickedPixelIndex - 6).should('not.have.css', 'background-color', backgroundColor);\n  cy.get('.pixel').eq(clickedPixelIndex - 4).should('not.have.css', 'background-color', backgroundColor);\n  cy.get('.pixel').eq(clickedPixelIndex + 4).should('not.have.css', 'background-color', backgroundColor);\n  cy.get('.pixel').eq(clickedPixelIndex + 6).should('not.have.css', 'background-color', backgroundColor);\n});",
              "err": {
                "message": "CypressError: Timed out retrying: Expected to find element: '.color', but never found it.",
                "estack": "CypressError: Timed out retrying: Expected to find element: '.color', but never found it.\n    at cypressErr (http://localhost:44265/__cypress/runner/cypress_runner.js:149934:9)\n    at throwErr (http://localhost:44265/__cypress/runner/cypress_runner.js:149867:11)\n    at Object.throwErrByPath (http://localhost:44265/__cypress/runner/cypress_runner.js:149915:3)\n    at retry (http://localhost:44265/__cypress/runner/cypress_runner.js:144197:19)\n    at onFailFn (http://localhost:44265/__cypress/runner/cypress_runner.js:132448:16)\n    at tryCatcher (http://localhost:44265/__cypress/runner/cypress_runner.js:167415:23)\n    at Promise._settlePromiseFromHandler (http://localhost:44265/__cypress/runner/cypress_runner.js:165351:31)\n    at Promise._settlePromise (http://localhost:44265/__cypress/runner/cypress_runner.js:165408:18)\n    at Promise._settlePromise0 (http://localhost:44265/__cypress/runner/cypress_runner.js:165453:10)\n    at Promise._settlePromises (http://localhost:44265/__cypress/runner/cypress_runner.js:165528:18)\n    at Async../node_modules/bluebird/js/release/async.js.Async._drainQueue (http://localhost:44265/__cypress/runner/cypress_runner.js:162140:16)\n    at Async../node_modules/bluebird/js/release/async.js.Async._drainQueues (http://localhost:44265/__cypress/runner/cypress_runner.js:162150:10)\n    at Async.drainQueues (http://localhost:44265/__cypress/runner/cypress_runner.js:162024:14)",
                "diff": null
              },
              "uuid": "f7f50fdc-77dd-450c-a627-eddc6b278ff9",
              "parentUUID": "9a00b14b-47ab-49d3-a0ab-3248bc6f1182",
              "isHook": false,
              "skipped": false
            }
          ],
          "suites": [],
          "passes": [],
          "failures": [
            "20c4d4b5-daf6-4c4f-a140-041da4a0ba4e",
            "26e9840a-7b20-4895-aa7d-fa524191bcc6",
            "f7f50fdc-77dd-450c-a627-eddc6b278ff9"
          ],
          "pending": [],
          "skipped": [],
          "duration": 13798,
          "root": false,
          "rootEmpty": false,
          "_timeout": 2000
        },
        {
          "uuid": "05097cfc-5f02-4858-b4e7-8c6f2eb37e92",
          "title": "9 - Crie um botão que, ao ser clicado, limpa o quadro preenchendo a cor de todos seus pixels com branco.",
          "fullFile": "",
          "file": "",
          "beforeHooks": [],
          "afterHooks": [],
          "tests": [
            {
              "title": "Verifica se o botão tem o `id` denominado `clear-board`",
              "fullTitle": "9 - Crie um botão que, ao ser clicado, limpa o quadro preenchendo a cor de todos seus pixels com branco. Verifica se o botão tem o `id` denominado `clear-board`",
              "timedOut": null,
              "duration": 4581,
              "state": "failed",
              "speed": null,
              "pass": false,
              "fail": true,
              "pending": false,
              "context": null,
              "code": "cy.get('#clear-board').should('be.visible');",
              "err": {
                "message": "CypressError: Timed out retrying: Expected to find element: '#clear-board', but never found it.",
                "estack": "CypressError: Timed out retrying: Expected to find element: '#clear-board', but never found it.\n    at cypressErr (http://localhost:44265/__cypress/runner/cypress_runner.js:149934:9)\n    at throwErr (http://localhost:44265/__cypress/runner/cypress_runner.js:149867:11)\n    at Object.throwErrByPath (http://localhost:44265/__cypress/runner/cypress_runner.js:149915:3)\n    at retry (http://localhost:44265/__cypress/runner/cypress_runner.js:144197:19)\n    at onFailFn (http://localhost:44265/__cypress/runner/cypress_runner.js:132448:16)\n    at tryCatcher (http://localhost:44265/__cypress/runner/cypress_runner.js:167415:23)\n    at Promise._settlePromiseFromHandler (http://localhost:44265/__cypress/runner/cypress_runner.js:165351:31)\n    at Promise._settlePromise (http://localhost:44265/__cypress/runner/cypress_runner.js:165408:18)\n    at Promise._settlePromise0 (http://localhost:44265/__cypress/runner/cypress_runner.js:165453:10)\n    at Promise._settlePromises (http://localhost:44265/__cypress/runner/cypress_runner.js:165528:18)\n    at Async../node_modules/bluebird/js/release/async.js.Async._drainQueue (http://localhost:44265/__cypress/runner/cypress_runner.js:162140:16)\n    at Async../node_modules/bluebird/js/release/async.js.Async._drainQueues (http://localhost:44265/__cypress/runner/cypress_runner.js:162150:10)\n    at Async.drainQueues (http://localhost:44265/__cypress/runner/cypress_runner.js:162024:14)",
                "diff": null
              },
              "uuid": "49d356ea-d676-4def-b36f-ee192aad4125",
              "parentUUID": "05097cfc-5f02-4858-b4e7-8c6f2eb37e92",
              "isHook": false,
              "skipped": false
            },
            {
              "title": "Verifica se o botão está posicionado entre a paleta de cores e o quadro de pixels",
              "fullTitle": "9 - Crie um botão que, ao ser clicado, limpa o quadro preenchendo a cor de todos seus pixels com branco. Verifica se o botão está posicionado entre a paleta de cores e o quadro de pixels",
              "timedOut": null,
              "duration": 4668,
              "state": "failed",
              "speed": null,
              "pass": false,
              "fail": true,
              "pending": false,
              "context": null,
              "code": "cy.get('#color-palette').then(function (palette) {\n  cy.get('#clear-board').should('be.belowOf', palette);\n});\ncy.get('#clear-board').then(function (clearBtn) {\n  cy.get('#pixel-board').should('be.belowOf', clearBtn);\n});",
              "err": {
                "message": "CypressError: Timed out retrying: Expected to find element: '#color-palette', but never found it.",
                "estack": "CypressError: Timed out retrying: Expected to find element: '#color-palette', but never found it.\n    at cypressErr (http://localhost:44265/__cypress/runner/cypress_runner.js:149934:9)\n    at throwErr (http://localhost:44265/__cypress/runner/cypress_runner.js:149867:11)\n    at Object.throwErrByPath (http://localhost:44265/__cypress/runner/cypress_runner.js:149915:3)\n    at retry (http://localhost:44265/__cypress/runner/cypress_runner.js:144197:19)\n    at onFailFn (http://localhost:44265/__cypress/runner/cypress_runner.js:132448:16)\n    at tryCatcher (http://localhost:44265/__cypress/runner/cypress_runner.js:167415:23)\n    at Promise._settlePromiseFromHandler (http://localhost:44265/__cypress/runner/cypress_runner.js:165351:31)\n    at Promise._settlePromise (http://localhost:44265/__cypress/runner/cypress_runner.js:165408:18)\n    at Promise._settlePromise0 (http://localhost:44265/__cypress/runner/cypress_runner.js:165453:10)\n    at Promise._settlePromises (http://localhost:44265/__cypress/runner/cypress_runner.js:165528:18)\n    at Async../node_modules/bluebird/js/release/async.js.Async._drainQueue (http://localhost:44265/__cypress/runner/cypress_runner.js:162140:16)\n    at Async../node_modules/bluebird/js/release/async.js.Async._drainQueues (http://localhost:44265/__cypress/runner/cypress_runner.js:162150:10)\n    at Async.drainQueues (http://localhost:44265/__cypress/runner/cypress_runner.js:162024:14)",
                "diff": null
              },
              "uuid": "1451426d-7786-49e6-9b21-9bce10b82f9a",
              "parentUUID": "05097cfc-5f02-4858-b4e7-8c6f2eb37e92",
              "isHook": false,
              "skipped": false
            },
            {
              "title": "Verifica se o texto do botão é 'Limpar'",
              "fullTitle": "9 - Crie um botão que, ao ser clicado, limpa o quadro preenchendo a cor de todos seus pixels com branco. Verifica se o texto do botão é 'Limpar'",
              "timedOut": null,
              "duration": 4606,
              "state": "failed",
              "speed": null,
              "pass": false,
              "fail": true,
              "pending": false,
              "context": null,
              "code": "cy.get('#clear-board').should('contain.text', 'Limpar');",
              "err": {
                "message": "CypressError: Timed out retrying: Expected to find element: '#clear-board', but never found it.",
                "estack": "CypressError: Timed out retrying: Expected to find element: '#clear-board', but never found it.\n    at cypressErr (http://localhost:44265/__cypress/runner/cypress_runner.js:149934:9)\n    at throwErr (http://localhost:44265/__cypress/runner/cypress_runner.js:149867:11)\n    at Object.throwErrByPath (http://localhost:44265/__cypress/runner/cypress_runner.js:149915:3)\n    at retry (http://localhost:44265/__cypress/runner/cypress_runner.js:144197:19)\n    at onFailFn (http://localhost:44265/__cypress/runner/cypress_runner.js:132448:16)\n    at tryCatcher (http://localhost:44265/__cypress/runner/cypress_runner.js:167415:23)\n    at Promise._settlePromiseFromHandler (http://localhost:44265/__cypress/runner/cypress_runner.js:165351:31)\n    at Promise._settlePromise (http://localhost:44265/__cypress/runner/cypress_runner.js:165408:18)\n    at Promise._settlePromise0 (http://localhost:44265/__cypress/runner/cypress_runner.js:165453:10)\n    at Promise._settlePromises (http://localhost:44265/__cypress/runner/cypress_runner.js:165528:18)\n    at Async../node_modules/bluebird/js/release/async.js.Async._drainQueue (http://localhost:44265/__cypress/runner/cypress_runner.js:162140:16)\n    at Async../node_modules/bluebird/js/release/async.js.Async._drainQueues (http://localhost:44265/__cypress/runner/cypress_runner.js:162150:10)\n    at Async.drainQueues (http://localhost:44265/__cypress/runner/cypress_runner.js:162024:14)",
                "diff": null
              },
              "uuid": "d4ab306d-dafd-4750-b3a2-c3eb7c3652e3",
              "parentUUID": "05097cfc-5f02-4858-b4e7-8c6f2eb37e92",
              "isHook": false,
              "skipped": false
            },
            {
              "title": "Verifica se ao clicar no botão, o quadro de pixels é totalmente preenchido de branco",
              "fullTitle": "9 - Crie um botão que, ao ser clicado, limpa o quadro preenchendo a cor de todos seus pixels com branco. Verifica se ao clicar no botão, o quadro de pixels é totalmente preenchido de branco",
              "timedOut": null,
              "duration": 4636,
              "state": "failed",
              "speed": null,
              "pass": false,
              "fail": true,
              "pending": false,
              "context": null,
              "code": "cy.get('.color').eq(1).then(function (color) {\n  var backgroundColor = color.css('background-color');\n  cy.wrap(color).click();\n  cy.get('.pixel').each(function (pixel) {\n    cy.wrap(pixel).click().should('have.css', 'background-color', backgroundColor);\n  });\n});\ncy.get('#clear-board').click();\ncy.get('.pixel').each(function (pixel) {\n  cy.wrap(pixel).should('have.css', 'background-color', WHITE);\n});",
              "err": {
                "message": "CypressError: Timed out retrying: Expected to find element: '.color', but never found it.",
                "estack": "CypressError: Timed out retrying: Expected to find element: '.color', but never found it.\n    at cypressErr (http://localhost:44265/__cypress/runner/cypress_runner.js:149934:9)\n    at throwErr (http://localhost:44265/__cypress/runner/cypress_runner.js:149867:11)\n    at Object.throwErrByPath (http://localhost:44265/__cypress/runner/cypress_runner.js:149915:3)\n    at retry (http://localhost:44265/__cypress/runner/cypress_runner.js:144197:19)\n    at onFailFn (http://localhost:44265/__cypress/runner/cypress_runner.js:132448:16)\n    at tryCatcher (http://localhost:44265/__cypress/runner/cypress_runner.js:167415:23)\n    at Promise._settlePromiseFromHandler (http://localhost:44265/__cypress/runner/cypress_runner.js:165351:31)\n    at Promise._settlePromise (http://localhost:44265/__cypress/runner/cypress_runner.js:165408:18)\n    at Promise._settlePromise0 (http://localhost:44265/__cypress/runner/cypress_runner.js:165453:10)\n    at Promise._settlePromises (http://localhost:44265/__cypress/runner/cypress_runner.js:165528:18)\n    at Async../node_modules/bluebird/js/release/async.js.Async._drainQueue (http://localhost:44265/__cypress/runner/cypress_runner.js:162140:16)\n    at Async../node_modules/bluebird/js/release/async.js.Async._drainQueues (http://localhost:44265/__cypress/runner/cypress_runner.js:162150:10)\n    at Async.drainQueues (http://localhost:44265/__cypress/runner/cypress_runner.js:162024:14)",
                "diff": null
              },
              "uuid": "2967efc7-6766-482a-a94a-d878d891c2d9",
              "parentUUID": "05097cfc-5f02-4858-b4e7-8c6f2eb37e92",
              "isHook": false,
              "skipped": false
            }
          ],
          "suites": [],
          "passes": [],
          "failures": [
            "49d356ea-d676-4def-b36f-ee192aad4125",
            "1451426d-7786-49e6-9b21-9bce10b82f9a",
            "d4ab306d-dafd-4750-b3a2-c3eb7c3652e3",
            "2967efc7-6766-482a-a94a-d878d891c2d9"
          ],
          "pending": [],
          "skipped": [],
          "duration": 18491,
          "root": false,
          "rootEmpty": false,
          "_timeout": 2000
        },
        {
          "uuid": "b452cf87-12c6-4038-a54e-5e20c8723b22",
          "title": "10 - Faça o quadro de pixels ter seu tamanho definido pelo usuário.",
          "fullFile": "",
          "file": "",
          "beforeHooks": [],
          "afterHooks": [],
          "tests": [
            {
              "title": "Verifica se existe um input com o id `board-size`",
              "fullTitle": "10 - Faça o quadro de pixels ter seu tamanho definido pelo usuário. Verifica se existe um input com o id `board-size`",
              "timedOut": null,
              "duration": 4553,
              "state": "failed",
              "speed": null,
              "pass": false,
              "fail": true,
              "pending": false,
              "context": null,
              "code": "cy.get('#board-size').should('be.visible');",
              "err": {
                "message": "CypressError: Timed out retrying: Expected to find element: '#board-size', but never found it.",
[...]
                "diff": null
              },
              "uuid": "16b95675-5fc6-4f24-b380-c569efeb8587",
              "parentUUID": "b452cf87-12c6-4038-a54e-5e20c8723b22",
              "isHook": false,
              "skipped": false
            },
            {
              "title": "Verifica se o novo quadro tem todos os pixels preenchidos com a cor branca",
              "fullTitle": "10 - Faça o quadro de pixels ter seu tamanho definido pelo usuário. Verifica se o novo quadro tem todos os pixels preenchidos com a cor branca",
              "timedOut": null,
              "duration": 4610,
              "state": "failed",
              "speed": null,
              "pass": false,
              "fail": true,
              "pending": false,
              "context": null,
              "code": "cy.get('#board-size').clear().type(6);\ncy.get('#generate-board').click();\ncy.get('.pixel').should('have.length', 36).each(function (pixel) {\n  expect(pixel).to.have.css('background-color', WHITE);\n});",
              "err": {
                "message": "CypressError: Timed out retrying: Expected to find element: '#board-size', but never found it.",
                "estack": "CypressError: Timed out retrying: Expected to find element: '#board-size', but never found it.\n    at cypressErr (http://localhost:44265/__cypress/runner/cypress_runner.js:149934:9)\n    at throwErr (http://localhost:44265/__cypress/runner/cypress_runner.js:149867:11)\n    at Object.throwErrByPath (http://localhost:44265/__cypress/runner/cypress_runner.js:149915:3)\n    at retry (http://localhost:44265/__cypress/runner/cypress_runner.js:144197:19)\n    at onFailFn (http://localhost:44265/__cypress/runner/cypress_runner.js:132448:16)\n    at tryCatcher (http://localhost:44265/__cypress/runner/cypress_runner.js:167415:23)\n    at Promise._settlePromiseFromHandler (http://localhost:44265/__cypress/runner/cypress_runner.js:165351:31)\n    at Promise._settlePromise (http://localhost:44265/__cypress/runner/cypress_runner.js:165408:18)\n    at Promise._settlePromise0 (http://localhost:44265/__cypress/runner/cypress_runner.js:165453:10)\n    at Promise._settlePromises (http://localhost:44265/__cypress/runner/cypress_runner.js:165528:18)\n    at Async../node_modules/bluebird/js/release/async.js.Async._drainQueue (http://localhost:44265/__cypress/runner/cypress_runner.js:162140:16)\n    at Async../node_modules/bluebird/js/release/async.js.Async._drainQueues (http://localhost:44265/__cypress/runner/cypress_runner.js:162150:10)\n    at Async.drainQueues (http://localhost:44265/__cypress/runner/cypress_runner.js:162024:14)",
                "diff": null
              },
              "uuid": "6970bcd6-216e-487e-a740-9b8c6ded8a6f",
              "parentUUID": "b452cf87-12c6-4038-a54e-5e20c8723b22",
              "isHook": false,
              "skipped": false
            }
          ],
          "suites": [],
          "passes": [],
          "failures": [
            "43b66a67-9fd9-4215-a033-6ba4ecef82d0",
            "fe1075f1-8d3b-41e6-b01b-55dcd0492ba2",
            "62fdde5d-be84-49e6-9e55-6c3798eae9fa",
            "3deb0dd1-6d80-415a-bac9-7c58cf1791e5",
            "23b9f06b-c730-4767-b0bc-e83c25138d72",
            "aaf43ced-b2d7-497c-a682-35e58b538aa2",
            "d03d33cf-dd65-40b7-9c02-ea5c2e3a4589",
            "16b95675-5fc6-4f24-b380-c569efeb8587",
            "6970bcd6-216e-487e-a740-9b8c6ded8a6f"
          ],
          "pending": [],
          "skipped": [],
          "duration": 41482,
          "root": false,
          "rootEmpty": false,
          "_timeout": 2000
        },
        {
          "uuid": "eeeab906-1a81-4977-9572-c5e5f4eac7fb",
          "title": "11 - Limite o tamanho mínimo e máximo do board.",
          "fullFile": "",
          "file": "",
          "beforeHooks": [],
          "afterHooks": [],
          "tests": [
            {
              "title": "Verifica se a altura máxima do board é 50",
              "fullTitle": "11 - Limite o tamanho mínimo e máximo do board. Verifica se a altura máxima do board é 50",
              "timedOut": null,
              "duration": 4612,
              "state": "failed",
              "speed": null,
              "pass": false,
              "fail": true,
              "pending": false,
              "context": null,
              "code": "cy.get('#board-size').clear().type(50);\ncy.get('#generate-board').click();\ncy.get('.pixel').should('have.length', 2500);",
              "err": {
                "message": "CypressError: Timed out retrying: Expected to find element: '#board-size', but never found it.",
                "estack": "CypressError: Timed out retrying: Expected to find element: '#board-size', but never found it.\n    at cypressErr (http://localhost:44265/__cypress/runner/cypress_runner.js:149934:9)\n    at throwErr (http://localhost:44265/__cypress/runner/cypress_runner.js:149867:11)\n    at Object.throwErrByPath (http://localhost:44265/__cypress/runner/cypress_runner.js:149915:3)\n    at retry (http://localhost:44265/__cypress/runner/cypress_runner.js:144197:19)\n    at onFailFn (http://localhost:44265/__cypress/runner/cypress_runner.js:132448:16)\n    at tryCatcher (http://localhost:44265/__cypress/runner/cypress_runner.js:167415:23)\n    at Promise._settlePromiseFromHandler (http://localhost:44265/__cypress/runner/cypress_runner.js:165351:31)\n    at Promise._settlePromise (http://localhost:44265/__cypress/runner/cypress_runner.js:165408:18)\n    at Promise._settlePromise0 (http://localhost:44265/__cypress/runner/cypress_runner.js:165453:10)\n    at Promise._settlePromises (http://localhost:44265/__cypress/runner/cypress_runner.js:165528:18)\n    at Async../node_modules/bluebird/js/release/async.js.Async._drainQueue (http://localhost:44265/__cypress/runner/cypress_runner.js:162140:16)\n    at Async../node_modules/bluebird/js/release/async.js.Async._drainQueues (http://localhost:44265/__cypress/runner/cypress_runner.js:162150:10)\n    at Async.drainQueues (http://localhost:44265/__cypress/runner/cypress_runner.js:162024:14)",
                "diff": null
              },
              "uuid": "6898cd17-d3c2-4a63-95ab-cae203692fd0",
              "parentUUID": "eeeab906-1a81-4977-9572-c5e5f4eac7fb",
              "isHook": false,
              "skipped": false
            },
            {
              "title": "Verifica se a altura do board é 5 quando um valor menor é colocado no input",
              "fullTitle": "11 - Limite o tamanho mínimo e máximo do board. Verifica se a altura do board é 5 quando um valor menor é colocado no input",
              "timedOut": null,
              "duration": 4727,
              "state": "failed",
              "speed": null,
              "pass": false,
              "fail": true,
              "pending": false,
              "context": null,
              "code": "cy.get('#board-size').clear().type(4);\ncy.get('#generate-board').click();\ncy.get('.pixel').should('have.length', 25);",
              "err": {
                "message": "CypressError: Timed out retrying: Expected to find element: '#board-size', but never found it.",
                "estack": "CypressError: Timed out retrying: Expected to find element: '#board-size', but never found it.\n    at cypressErr (http://localhost:44265/__cypress/runner/cypress_runner.js:149934:9)\n    at throwErr (http://localhost:44265/__cypress/runner/cypress_runner.js:149867:11)\n    at Object.throwErrByPath (http://localhost:44265/__cypress/runner/cypress_runner.js:149915:3)\n    at retry (http://localhost:44265/__cypress/runner/cypress_runner.js:144197:19)\n    at onFailFn (http://localhost:44265/__cypress/runner/cypress_runner.js:132448:16)\n    at tryCatcher (http://localhost:44265/__cypress/runner/cypress_runner.js:167415:23)\n    at Promise._settlePromiseFromHandler (http://localhost:44265/__cypress/runner/cypress_runner.js:165351:31)\n    at Promise._settlePromise (http://localhost:44265/__cypress/runner/cypress_runner.js:165408:18)\n    at Promise._settlePromise0 (http://localhost:44265/__cypress/runner/cypress_runner.js:165453:10)\n    at Promise._settlePromises (http://localhost:44265/__cypress/runner/cypress_runner.js:165528:18)\n    at Async../node_modules/bluebird/js/release/async.js.Async._drainQueue (http://localhost:44265/__cypress/runner/cypress_runner.js:162140:16)\n    at Async../node_modules/bluebird/js/release/async.js.Async._drainQueues (http://localhost:44265/__cypress/runner/cypress_runner.js:162150:10)\n    at Async.drainQueues (http://localhost:44265/__cypress/runner/cypress_runner.js:162024:14)",
                "diff": null
              },
              "uuid": "0ae0dbf1-7adf-422a-b957-fcd12baaeb70",
              "parentUUID": "eeeab906-1a81-4977-9572-c5e5f4eac7fb",
              "isHook": false,
              "skipped": false
            },
            {
              "title": "Verifica se a altura do board é 50 quando um valor maior é colocado no input",
              "fullTitle": "11 - Limite o tamanho mínimo e máximo do board. Verifica se a altura do board é 50 quando um valor maior é colocado no input",
              "timedOut": null,
              "duration": 4600,
              "state": "failed",
              "speed": null,
              "pass": false,
              "fail": true,
              "pending": false,
              "context": null,
              "code": "cy.get('#board-size').clear().type(51);\ncy.get('#generate-board').click();\ncy.get('.pixel').should('have.length', 2500);",
              "err": {
                "message": "CypressError: Timed out retrying: Expected to find element: '#board-size', but never found it.",
                "estack": "CypressError: Timed out retrying: Expected to find element: '#board-size', but never found it.\n    at cypressErr (http://localhost:44265/__cypress/runner/cypress_runner.js:149934:9)\n    at throwErr (http://localhost:44265/__cypress/runner/cypress_runner.js:149867:11)\n    at Object.throwErrByPath (http://localhost:44265/__cypress/runner/cypress_runner.js:149915:3)\n    at retry (http://localhost:44265/__cypress/runner/cypress_runner.js:144197:19)\n    at onFailFn (http://localhost:44265/__cypress/runner/cypress_runner.js:132448:16)\n    at tryCatcher (http://localhost:44265/__cypress/runner/cypress_runner.js:167415:23)\n    at Promise._settlePromiseFromHandler (http://localhost:44265/__cypress/runner/cypress_runner.js:165351:31)\n    at Promise._settlePromise (http://localhost:44265/__cypress/runner/cypress_runner.js:165408:18)\n    at Promise._settlePromise0 (http://localhost:44265/__cypress/runner/cypress_runner.js:165453:10)\n    at Promise._settlePromises (http://localhost:44265/__cypress/runner/cypress_runner.js:165528:18)\n    at Async../node_modules/bluebird/js/release/async.js.Async._drainQueue (http://localhost:44265/__cypress/runner/cypress_runner.js:162140:16)\n    at Async../node_modules/bluebird/js/release/async.js.Async._drainQueues (http://localhost:44265/__cypress/runner/cypress_runner.js:162150:10)\n    at Async.drainQueues (http://localhost:44265/__cypress/runner/cypress_runner.js:162024:14)",
                "diff": null
              },
              "uuid": "0bf838e8-11ae-49cf-bacb-8f3072a5708d",
              "parentUUID": "eeeab906-1a81-4977-9572-c5e5f4eac7fb",
              "isHook": false,
              "skipped": false
            }
          ],
          "suites": [],
          "passes": [],
          "failures": [
            "6898cd17-d3c2-4a63-95ab-cae203692fd0",
            "0ae0dbf1-7adf-422a-b957-fcd12baaeb70",
            "0bf838e8-11ae-49cf-bacb-8f3072a5708d"
          ],
          "pending": [],
          "skipped": [],
          "duration": 13939,
          "root": false,
          "rootEmpty": false,
          "_timeout": 2000
        },
        {
          "uuid": "1979697e-4d12-47da-8c83-bb134e953913",
          "title": "12 - Faça com que as cores da paleta sejam geradas aleatoriamente ao carregar a página.",
          "fullFile": "",
          "file": "",
          "beforeHooks": [],
          "afterHooks": [],
          "tests": [
            {
              "title": "Verifica se as cores geradas na paleta são diferentes a cada carregamento da página",
              "fullTitle": "12 - Faça com que as cores da paleta sejam geradas aleatoriamente ao carregar a página. Verifica se as cores geradas na paleta são diferentes a cada carregamento da página",
              "timedOut": null,
              "duration": 4689,
              "state": "failed",
              "speed": null,
              "pass": false,
              "fail": true,
              "pending": false,
              "context": null,
              "code": "cy.get('.color').then(function (colors) {\n  var currentColors;\n  var previousColors;\n  previousColors = Array.from(colors).map(function (color) {\n    return Cypress.$(color).css('background-color');\n  });\n  for (var i = 0; i < 5; i += 1) {\n    cy.reload();\n    cy.get('.color').then(function (colors) {\n      currentColors = Array.from(colors).map(function (color) {\n        return Cypress.$(color).css('background-color');\n      });\n      expect(currentColors).not.to.deep.equal(previousColors);\n      previousColors = currentColors;\n    });\n  }\n});",
              "err": {
                "message": "CypressError: Timed out retrying: Expected to find element: '.color', but never found it.",
                "estack": "CypressError: Timed out retrying: Expected to find element: '.color', but never found it.\n    at cypressErr (http://localhost:44265/__cypress/runner/cypress_runner.js:149934:9)\n    at throwErr (http://localhost:44265/__cypress/runner/cypress_runner.js:149867:11)\n    at Object.throwErrByPath (http://localhost:44265/__cypress/runner/cypress_runner.js:149915:3)\n    at retry (http://localhost:44265/__cypress/runner/cypress_runner.js:144197:19)\n    at onFailFn (http://localhost:44265/__cypress/runner/cypress_runner.js:132448:16)\n    at tryCatcher (http://localhost:44265/__cypress/runner/cypress_runner.js:167415:23)\n    at Promise._settlePromiseFromHandler (http://localhost:44265/__cypress/runner/cypress_runner.js:165351:31)\n    at Promise._settlePromise (http://localhost:44265/__cypress/runner/cypress_runner.js:165408:18)\n    at Promise._settlePromise0 (http://localhost:44265/__cypress/runner/cypress_runner.js:165453:10)\n    at Promise._settlePromises (http://localhost:44265/__cypress/runner/cypress_runner.js:165528:18)\n    at Async../node_modules/bluebird/js/release/async.js.Async._drainQueue (http://localhost:44265/__cypress/runner/cypress_runner.js:162140:16)\n    at Async../node_modules/bluebird/js/release/async.js.Async._drainQueues (http://localhost:44265/__cypress/runner/cypress_runner.js:162150:10)\n    at Async.drainQueues (http://localhost:44265/__cypress/runner/cypress_runner.js:162024:14)",
                "diff": null
              },
              "uuid": "aa876e05-9a18-4939-902d-e6ee16911922",
              "parentUUID": "1979697e-4d12-47da-8c83-bb134e953913",
              "isHook": false,
              "skipped": false
            },
            {
              "title": "Verifica se a cor preta ainda está presente e é a primeira na sua paleta de cores",
              "fullTitle": "12 - Faça com que as cores da paleta sejam geradas aleatoriamente ao carregar a página. Verifica se a cor preta ainda está presente e é a primeira na sua paleta de cores",
              "timedOut": null,
              "duration": 4653,
              "state": "failed",
              "speed": null,
              "pass": false,
              "fail": true,
              "pending": false,
              "context": null,
              "code": "cy.get('.color').then(function (colors) {\n  var currentColors;\n  var previousColors;\n  previousColors = Array.from(colors).map(function (color) {\n    return Cypress.$(color).css('background-color');\n  });\n  expect(previousColors[0]).to.eq(BLACK);\n  for (var i = 0; i < 5; i += 1) {\n    cy.reload();\n    cy.get('.color').then(function (colors) {\n      currentColors = Array.from(colors).map(function (color) {\n        return Cypress.$(color).css('background-color');\n      });\n      expect(currentColors[0]).to.eq(BLACK);\n      expect(currentColors).not.to.deep.equal(previousColors);\n      previousColors = currentColors;\n    });\n  }\n});",
              "err": {
                "message": "CypressError: Timed out retrying: Expected to find element: '.color', but never found it.",
                "estack": "CypressError: Timed out retrying: Expected to find element: '.color', but never found it.\n    at cypressErr (http://localhost:44265/__cypress/runner/cypress_runner.js:149934:9)\n    at throwErr (http://localhost:44265/__cypress/runner/cypress_runner.js:149867:11)\n    at Object.throwErrByPath (http://localhost:44265/__cypress/runner/cypress_runner.js:149915:3)\n    at retry (http://localhost:44265/__cypress/runner/cypress_runner.js:144197:19)\n    at onFailFn (http://localhost:44265/__cypress/runner/cypress_runner.js:132448:16)\n    at tryCatcher (http://localhost:44265/__cypress/runner/cypress_runner.js:167415:23)\n    at Promise._settlePromiseFromHandler (http://localhost:44265/__cypress/runner/cypress_runner.js:165351:31)\n    at Promise._settlePromise (http://localhost:44265/__cypress/runner/cypress_runner.js:165408:18)\n    at Promise._settlePromise0 (http://localhost:44265/__cypress/runner/cypress_runner.js:165453:10)\n    at Promise._settlePromises (http://localhost:44265/__cypress/runner/cypress_runner.js:165528:18)\n    at Async../node_modules/bluebird/js/release/async.js.Async._drainQueue (http://localhost:44265/__cypress/runner/cypress_runner.js:162140:16)\n    at Async../node_modules/bluebird/js/release/async.js.Async._drainQueues (http://localhost:44265/__cypress/runner/cypress_runner.js:162150:10)\n    at Async.drainQueues (http://localhost:44265/__cypress/runner/cypress_runner.js:162024:14)",
                "diff": null
              },
              "uuid": "d8c3ccae-9db4-44e0-9ed8-f97aab2423cb",
              "parentUUID": "1979697e-4d12-47da-8c83-bb134e953913",
              "isHook": false,
              "skipped": false
            }
          ],
          "suites": [],
          "passes": [],
          "failures": [
            "aa876e05-9a18-4939-902d-e6ee16911922",
            "d8c3ccae-9db4-44e0-9ed8-f97aab2423cb"
          ],
          "pending": [],
          "skipped": [],
          "duration": 9342,
          "root": false,
          "rootEmpty": false,
          "_timeout": 2000
        }
      ],
      "passes": [],
      "failures": [],
      "pending": [],
      "skipped": [],
      "duration": 0,
      "root": true,
      "rootEmpty": true,
      "_timeout": 2000
    }
  ],
  "meta": {
    "mocha": {
      "version": "7.0.1"
    },
    "mochawesome": {
      "options": {
        "quiet": false,
        "reportFilename": "mochawesome",
        "saveHtml": false,
        "saveJson": true,
        "consoleReporter": "spec",
        "useInlineDiffs": false
      },
      "version": "4.1.0"
    },
    "marge": {
      "options": {
        "id": "default",
        "reportDir": "cypress/reports",
        "overwrite": true,
        "html": false,
        "json": true
      },
      "version": "4.1.0"
    }
  }
}