{
  "stats": {
    "suites": 12,
    "tests": 41,
    "passes": 27,
    "pending": 0,
    "failures": 14,
    "start": "2021-07-14T01:27:27.221Z",
    "end": "2021-07-14T01:28:48.226Z",
    "duration": 81005,
    "testsRegistered": 41,
    "passPercent": 65.85365853658537,
    "pendingPercent": 0,
    "other": 0,
    "hasOther": false,
    "skipped": 0,
    "hasSkipped": false
  },
  "results": [
    {
      "uuid": "db1e88c1-85da-49e7-8f4a-fe0fbf91357b",
      "title": "",
      "fullFile": "cypress/integration/project.spec.js",
      "file": "cypress/integration/project.spec.js",
      "beforeHooks": [],
      "afterHooks": [],
      "tests": [],
      "suites": [
        {
          "uuid": "432fa28f-fde7-4f95-828e-31c7d393a46d",
          "title": "1 - Adicione à página o título \"Paleta de Cores\".",
          "fullFile": "",
          "file": "",
          "beforeHooks": [],
          "afterHooks": [],
          "tests": [
            {
              "title": "Verifica se contém um elemento `h1` com o id `title` com o título correto",
              "fullTitle": "1 - Adicione à página o título \"Paleta de Cores\". Verifica se contém um elemento `h1` com o id `title` com o título correto",
              "timedOut": null,
              "duration": 183,
              "state": "passed",
              "speed": "slow",
              "pass": true,
              "fail": false,
              "pending": false,
              "context": null,
              "code": "cy.get('h1#title').should('contain.text', 'Paleta de Cores');",
              "err": {},
              "uuid": "09a52e9d-0026-49c8-84d7-5d9ec5f2e892",
              "parentUUID": "432fa28f-fde7-4f95-828e-31c7d393a46d",
              "isHook": false,
              "skipped": false
            }
          ],
          "suites": [],
          "passes": [
            "09a52e9d-0026-49c8-84d7-5d9ec5f2e892"
          ],
          "failures": [],
          "pending": [],
          "skipped": [],
          "duration": 183,
          "root": false,
          "rootEmpty": false,
          "_timeout": 2000
        },
        {
          "uuid": "37de96b0-3167-4b24-8a06-59759819b684",
          "title": "2 - Adicione à página uma paleta de quatro cores distintas.",
          "fullFile": "",
          "file": "",
          "beforeHooks": [],
          "afterHooks": [],
          "tests": [
            {
              "title": "A paleta de cores deve ser um elemento com `id` denominado `color-palette`",
              "fullTitle": "2 - Adicione à página uma paleta de quatro cores distintas. A paleta de cores deve ser um elemento com `id` denominado `color-palette`",
              "timedOut": null,
              "duration": 63,
              "state": "passed",
              "speed": "medium",
              "pass": true,
              "fail": false,
              "pending": false,
              "context": null,
              "code": "cy.get('#color-palette').should('be.visible');",
              "err": {},
              "uuid": "cf8bd3ec-66a0-4f8b-a62a-b623660ad51b",
              "parentUUID": "37de96b0-3167-4b24-8a06-59759819b684",
              "isHook": false,
              "skipped": false
            },
            {
              "title": "Verifica se cada cor individual da paleta de cores possui a `classe` chamada `color`.",
              "fullTitle": "2 - Adicione à página uma paleta de quatro cores distintas. Verifica se cada cor individual da paleta de cores possui a `classe` chamada `color`.",
              "timedOut": null,
              "duration": 110,
              "state": "passed",
              "speed": "slow",
              "pass": true,
              "fail": false,
              "pending": false,
              "context": null,
              "code": "cy.get('.color').should('have.length', 4).then(function (colors) {\n  for (var i = 0; i < colors.length; i++) {\n    cy.wrap(colors[i]).should('be.visible');\n  }\n});",
              "err": {},
              "uuid": "23212757-f296-4d71-8466-fb4e54750db0",
              "parentUUID": "37de96b0-3167-4b24-8a06-59759819b684",
              "isHook": false,
              "skipped": false
            },
            {
              "title": "Verifica se a cor de fundo de cada elemento da paleta é a cor que o elemento representa. **A única cor não permitida na paleta é a cor branca.**",
              "fullTitle": "2 - Adicione à página uma paleta de quatro cores distintas. Verifica se a cor de fundo de cada elemento da paleta é a cor que o elemento representa. **A única cor não permitida na paleta é a cor branca.**",
              "timedOut": null,
              "duration": 114,
              "state": "passed",
              "speed": "slow",
              "pass": true,
              "fail": false,
              "pending": false,
              "context": null,
              "code": "cy.get('.color').each(function (color) {\n  cy.wrap(color).should('have.class', 'color').and('not.have.css', 'background-color', WHITE);\n  cy.wrap(color).should('have.css', 'background-color');\n});",
              "err": {},
              "uuid": "b705c299-9d70-45b1-9d66-1c3c7370bee9",
              "parentUUID": "37de96b0-3167-4b24-8a06-59759819b684",
              "isHook": false,
              "skipped": false
            },
            {
              "title": "Verifica se cada elemento da paleta de cores tem uma borda preta, sólida e com 1 pixel de largura;",
              "fullTitle": "2 - Adicione à página uma paleta de quatro cores distintas. Verifica se cada elemento da paleta de cores tem uma borda preta, sólida e com 1 pixel de largura;",
              "timedOut": null,
              "duration": 104,
              "state": "passed",
              "speed": "slow",
              "pass": true,
              "fail": false,
              "pending": false,
              "context": null,
              "code": "cy.get('.color').each(function (color) {\n  cy.wrap(color).and('have.css', 'border', \"1px solid \".concat(BLACK)).and('have.class', 'color');\n});",
              "err": {},
              "uuid": "0bd3e08a-cac7-40a8-bf33-da0e381c7111",
              "parentUUID": "37de96b0-3167-4b24-8a06-59759819b684",
              "isHook": false,
              "skipped": false
            },
            {
              "title": "Verifica se a paleta lista todas as cores disponíveis para utilização, lado a lado.",
              "fullTitle": "2 - Adicione à página uma paleta de quatro cores distintas. Verifica se a paleta lista todas as cores disponíveis para utilização, lado a lado.",
              "timedOut": null,
              "duration": 136,
              "state": "passed",
              "speed": "slow",
              "pass": true,
              "fail": false,
              "pending": false,
              "context": null,
              "code": "cy.get('.color').then(function (colors) {\n  for (var index = 1; index < colors.length; index += 1) {\n    var currentColor = colors[index];\n    var previousColor = colors[index - 1];\n    cy.wrap(currentColor).should('be.onTheRightOf', previousColor).and('be.horizontallyAlignedWith', previousColor);\n  }\n});",
              "err": {},
              "uuid": "171450ba-aa6a-4e7c-b576-f1d2a15e0088",
              "parentUUID": "37de96b0-3167-4b24-8a06-59759819b684",
              "isHook": false,
              "skipped": false
            },
            {
              "title": "Verifica se a paleta de cores está posicionada abaixo do título 'Paleta de Cores'",
              "fullTitle": "2 - Adicione à página uma paleta de quatro cores distintas. Verifica se a paleta de cores está posicionada abaixo do título 'Paleta de Cores'",
              "timedOut": null,
              "duration": 128,
              "state": "passed",
              "speed": "slow",
              "pass": true,
              "fail": false,
              "pending": false,
              "context": null,
              "code": "cy.get('h1#title').then(function (title) {\n  cy.get('#color-palette').should('be.belowOf', title);\n});",
              "err": {},
              "uuid": "724ed87d-ddea-4131-bffc-9da963e15d03",
              "parentUUID": "37de96b0-3167-4b24-8a06-59759819b684",
              "isHook": false,
              "skipped": false
            },
            {
              "title": "Verifica se a paleta de cores não contém cores repetidas.",
              "fullTitle": "2 - Adicione à página uma paleta de quatro cores distintas. Verifica se a paleta de cores não contém cores repetidas.",
              "timedOut": null,
              "duration": 120,
              "state": "passed",
              "speed": "slow",
              "pass": true,
              "fail": false,
              "pending": false,
              "context": null,
              "code": "cy.get('.color').then(function (colors) {\n  var allColors = Array.from(colors).map(function (color) {\n    return Cypress.$(color).css('background-color');\n  });\n  cy.log(allColors);\n  var uniqColors = (0, _toConsumableArray2[\"default\"])(new Set(allColors));\n  cy.log(uniqColors);\n  expect(allColors.length).to.eq(uniqColors.length);\n});",
              "err": {},
              "uuid": "dde40868-b49a-4aec-a0a4-7d9be071b3dd",
              "parentUUID": "37de96b0-3167-4b24-8a06-59759819b684",
              "isHook": false,
              "skipped": false
            }
          ],
          "suites": [],
          "passes": [
            "cf8bd3ec-66a0-4f8b-a62a-b623660ad51b",
            "23212757-f296-4d71-8466-fb4e54750db0",
            "b705c299-9d70-45b1-9d66-1c3c7370bee9",
            "0bd3e08a-cac7-40a8-bf33-da0e381c7111",
            "171450ba-aa6a-4e7c-b576-f1d2a15e0088",
            "724ed87d-ddea-4131-bffc-9da963e15d03",
            "dde40868-b49a-4aec-a0a4-7d9be071b3dd"
          ],
          "failures": [],
          "pending": [],
          "skipped": [],
          "duration": 775,
          "root": false,
          "rootEmpty": false,
          "_timeout": 2000
        },
        {
          "uuid": "5caaf3cc-d8bb-40f4-af43-871c9d63d14b",
          "title": "3 - Adicione a cor **preta** como a primeira cor da paleta de cores.",
          "fullFile": "",
          "file": "",
          "beforeHooks": [],
          "afterHooks": [],
          "tests": [
            {
              "title": "Verifica se a primeira cor da paleta é preta",
              "fullTitle": "3 - Adicione a cor **preta** como a primeira cor da paleta de cores. Verifica se a primeira cor da paleta é preta",
              "timedOut": null,
              "duration": 106,
              "state": "passed",
              "speed": "slow",
              "pass": true,
              "fail": false,
              "pending": false,
              "context": null,
              "code": "cy.get('.color').first().should('have.css', 'background-color', BLACK);",
              "err": {},
              "uuid": "f4698b79-d75b-4193-9f58-6820130fa293",
              "parentUUID": "5caaf3cc-d8bb-40f4-af43-871c9d63d14b",
              "isHook": false,
              "skipped": false
            },
            {
              "title": "Verifica se as demais cores podem ser escolhidas livremente.",
              "fullTitle": "3 - Adicione a cor **preta** como a primeira cor da paleta de cores. Verifica se as demais cores podem ser escolhidas livremente.",
              "timedOut": null,
              "duration": 185,
              "state": "passed",
              "speed": "slow",
              "pass": true,
              "fail": false,
              "pending": false,
              "context": null,
              "code": "cy.get('.color').eq(1).should('not.have.css', 'background-color', BLACK);\ncy.get('.color').eq(1).should('not.have.css', 'background-color', WHITE);\ncy.get('.color').eq(1).should('not.have.css', 'background-color', 'rgba(0, 0, 0, 0)');\ncy.get('.color').eq(1).should('have.css', 'background-color');\ncy.get('.color').eq(2).should('not.have.css', 'background-color', BLACK);\ncy.get('.color').eq(2).should('not.have.css', 'background-color', WHITE);\ncy.get('.color').eq(2).should('not.have.css', 'background-color', 'rgba(0, 0, 0, 0)');\ncy.get('.color').eq(2).should('have.css', 'background-color');\ncy.get('.color').eq(3).should('not.have.css', 'background-color', BLACK);\ncy.get('.color').eq(3).should('not.have.css', 'background-color', WHITE);\ncy.get('.color').eq(3).should('not.have.css', 'background-color', 'rgba(0, 0, 0, 0)');\ncy.get('.color').eq(3).should('have.css', 'background-color');",
              "err": {},
              "uuid": "7726fa9d-78f7-40be-8a41-8e545ab303c5",
              "parentUUID": "5caaf3cc-d8bb-40f4-af43-871c9d63d14b",
              "isHook": false,
              "skipped": false
            }
          ],
          "suites": [],
          "passes": [
            "f4698b79-d75b-4193-9f58-6820130fa293",
            "7726fa9d-78f7-40be-8a41-8e545ab303c5"
          ],
          "failures": [],
          "pending": [],
          "skipped": [],
          "duration": 291,
          "root": false,
          "rootEmpty": false,
          "_timeout": 2000
        },
        {
          "uuid": "17c5a6be-3cd6-4bec-8789-3a435adf7f53",
          "title": "4 - Adicione à página um quadro de pixels, com 25 pixels.",
          "fullFile": "",
          "file": "",
          "beforeHooks": [],
          "afterHooks": [],
          "tests": [
            {
              "title": "Verifica se o quadro de pixels possui o `id` denominado `pixel-board`",
              "fullTitle": "4 - Adicione à página um quadro de pixels, com 25 pixels. Verifica se o quadro de pixels possui o `id` denominado `pixel-board`",
              "timedOut": null,
              "duration": 81,
              "state": "passed",
              "speed": "slow",
              "pass": true,
              "fail": false,
              "pending": false,
              "context": null,
              "code": "cy.get('#pixel-board').should('be.visible');",
              "err": {},
              "uuid": "a62b711a-01b1-4e8d-9c6d-f2976958e984",
              "parentUUID": "17c5a6be-3cd6-4bec-8789-3a435adf7f53",
              "isHook": false,
              "skipped": false
            },
            {
              "title": "Verifica se cada pixel individual dentro do quadro possui a `classe` denominada `pixel`.",
              "fullTitle": "4 - Adicione à página um quadro de pixels, com 25 pixels. Verifica se cada pixel individual dentro do quadro possui a `classe` denominada `pixel`.",
              "timedOut": null,
              "duration": 146,
              "state": "passed",
              "speed": "slow",
              "pass": true,
              "fail": false,
              "pending": false,
              "context": null,
              "code": "cy.get('.pixel').should('have.length', 25);",
              "err": {},
              "uuid": "b58cccfa-82e6-456b-a41c-a0238fe837cd",
              "parentUUID": "17c5a6be-3cd6-4bec-8789-3a435adf7f53",
              "isHook": false,
              "skipped": false
            },
            {
              "title": "Verifica se a cor inicial dos pixels dentro do quadro, ao abrir a página, é branca.",
              "fullTitle": "4 - Adicione à página um quadro de pixels, com 25 pixels. Verifica se a cor inicial dos pixels dentro do quadro, ao abrir a página, é branca.",
              "timedOut": null,
              "duration": 194,
              "state": "passed",
              "speed": "slow",
              "pass": true,
              "fail": false,
              "pending": false,
              "context": null,
              "code": "cy.get('.pixel').should('have.length', 25).each(function (pixel) {\n  expect(pixel).to.have.css('background-color', WHITE);\n});",
              "err": {},
              "uuid": "2f392ea0-ab56-4935-80ff-746ad8ddcc63",
              "parentUUID": "17c5a6be-3cd6-4bec-8789-3a435adf7f53",
              "isHook": false,
              "skipped": false
            },
            {
              "title": "Verifica se o quadro de pixels aparece abaixo da paleta de cores",
              "fullTitle": "4 - Adicione à página um quadro de pixels, com 25 pixels. Verifica se o quadro de pixels aparece abaixo da paleta de cores",
              "timedOut": null,
              "duration": 114,
              "state": "passed",
              "speed": "slow",
              "pass": true,
              "fail": false,
              "pending": false,
              "context": null,
              "code": "cy.get('#color-palette').then(function (palette) {\n  cy.get('#pixel-board').should('be.belowOf', palette);\n});",
              "err": {},
              "uuid": "f21417e9-73b9-4bc8-bfda-1bce2feb15bb",
              "parentUUID": "17c5a6be-3cd6-4bec-8789-3a435adf7f53",
              "isHook": false,
              "skipped": false
            }
          ],
          "suites": [],
          "passes": [
            "a62b711a-01b1-4e8d-9c6d-f2976958e984",
            "b58cccfa-82e6-456b-a41c-a0238fe837cd",
            "2f392ea0-ab56-4935-80ff-746ad8ddcc63",
            "f21417e9-73b9-4bc8-bfda-1bce2feb15bb"
          ],
          "failures": [],
          "pending": [],
          "skipped": [],
          "duration": 535,
          "root": false,
          "rootEmpty": false,
          "_timeout": 2000
        },
        {
          "uuid": "2d9d4250-0ad8-4e88-87bb-e0b626e5697e",
          "title": "5 - Faça com que cada elemento do quadro de pixels possua 40 pixels de largura, 40 pixels de altura e seja delimitado por uma borda preta de 1 pixel.",
          "fullFile": "",
          "file": "",
          "beforeHooks": [],
          "afterHooks": [],
          "tests": [
            {
              "title": "Verifica se o quadro de pixels tem altura e comprimento de 5 elementos",
              "fullTitle": "5 - Faça com que cada elemento do quadro de pixels possua 40 pixels de largura, 40 pixels de altura e seja delimitado por uma borda preta de 1 pixel. Verifica se o quadro de pixels tem altura e comprimento de 5 elementos",
              "timedOut": null,
              "duration": 342,
              "state": "passed",
              "speed": "slow",
              "pass": true,
              "fail": false,
              "pending": false,
              "context": null,
              "code": "cy.get('.pixel').should('have.length', 25).each(function (pixel) {\n  expect(pixel).to.have.css('background-color', WHITE);\n}).and(function (pixels) {\n  var rows = chunk(pixels, 5);\n  rows.forEach(function (row) {\n    for (var index = 1; index < row.length; index += 1) {\n      var current = pixels[index];\n      var previous = pixels[index - 1];\n      cy.wrap(current).should('be.onTheRightOf', previous).and('be.horizontallyAlignedWith', previous);\n    }\n  });\n  for (var index = 1; index < 5; index += 1) {\n    expect(pixels[index * 5]).to.be.belowOf(pixels[(index - 1) * 5]);\n  }\n});",
              "err": {},
              "uuid": "41e9dc65-770b-429a-9d9f-92407382be10",
              "parentUUID": "2d9d4250-0ad8-4e88-87bb-e0b626e5697e",
              "isHook": false,
              "skipped": false
            },
            {
              "title": "Verifica se 40 pixels é o tamanho total do elemento, incluindo seu conteúdo e excluindo a borda preta, que deve ser criada à parte.",
              "fullTitle": "5 - Faça com que cada elemento do quadro de pixels possua 40 pixels de largura, 40 pixels de altura e seja delimitado por uma borda preta de 1 pixel. Verifica se 40 pixels é o tamanho total do elemento, incluindo seu conteúdo e excluindo a borda preta, que deve ser criada à parte.",
              "timedOut": null,
              "duration": 337,
              "state": "passed",
              "speed": "slow",
              "pass": true,
              "fail": false,
              "pending": false,
              "context": null,
              "code": "cy.get('.pixel').each(function (pixel) {\n  cy.wrap(pixel).should('have.css', 'height', '40px').and('have.css', 'width', '40px').and('have.css', 'border', \"1px solid \".concat(BLACK));\n});",
              "err": {},
              "uuid": "833cc844-8dcb-4e40-9f1a-01dba466e484",
              "parentUUID": "2d9d4250-0ad8-4e88-87bb-e0b626e5697e",
              "isHook": false,
              "skipped": false
            }
          ],
          "suites": [],
          "passes": [
            "41e9dc65-770b-429a-9d9f-92407382be10",
            "833cc844-8dcb-4e40-9f1a-01dba466e484"
          ],
          "failures": [],
          "pending": [],
          "skipped": [],
          "duration": 679,
          "root": false,
          "rootEmpty": false,
          "_timeout": 2000
        },
        {
          "uuid": "0d9ac2ee-f5b9-42ac-9abe-722ec826c417",
          "title": "6 - Defina a cor preta como cor inicial. Ao carregar a página a cor preta já deve estar selecionada para pintar os pixels",
          "fullFile": "",
          "file": "",
          "beforeHooks": [],
          "afterHooks": [],
          "tests": [
            {
              "title": "Verifica se o elemento da cor preta possui, inicialmente, a `classe` `selected`",
              "fullTitle": "6 - Defina a cor preta como cor inicial. Ao carregar a página a cor preta já deve estar selecionada para pintar os pixels Verifica se o elemento da cor preta possui, inicialmente, a `classe` `selected`",
              "timedOut": null,
              "duration": 111,
              "state": "passed",
              "speed": "slow",
              "pass": true,
              "fail": false,
              "pending": false,
              "context": null,
              "code": "cy.get('.selected').first().should('have.css', 'background-color', BLACK);",
              "err": {},
              "uuid": "4bfc64ff-c5d1-48d1-88f9-ed4ed7a36961",
              "parentUUID": "0d9ac2ee-f5b9-42ac-9abe-722ec826c417",
              "isHook": false,
              "skipped": false
            },
            {
              "title": "Verifica se nenhuma outra cor da paleta tem a `classe` `selected`",
              "fullTitle": "6 - Defina a cor preta como cor inicial. Ao carregar a página a cor preta já deve estar selecionada para pintar os pixels Verifica se nenhuma outra cor da paleta tem a `classe` `selected`",
              "timedOut": null,
              "duration": 79,
              "state": "passed",
              "speed": "slow",
              "pass": true,
              "fail": false,
              "pending": false,
              "context": null,
              "code": "cy.get('.color:not(:first-child)').each(function (color) {\n  cy.wrap(color).should('not.have.class', 'selected');\n});",
              "err": {},
              "uuid": "374dc15c-312f-4e62-b9c5-f546ae2a584d",
              "parentUUID": "0d9ac2ee-f5b9-42ac-9abe-722ec826c417",
              "isHook": false,
              "skipped": false
            }
          ],
          "suites": [],
          "passes": [
            "4bfc64ff-c5d1-48d1-88f9-ed4ed7a36961",
            "374dc15c-312f-4e62-b9c5-f546ae2a584d"
          ],
          "failures": [],
          "pending": [],
          "skipped": [],
          "duration": 190,
          "root": false,
          "rootEmpty": false,
          "_timeout": 2000
        },
        {
          "uuid": "14d9dc64-4ba7-434c-b558-9dd6d0f2611f",
          "title": "7 - Clicar em uma das cores da paleta, faz com que ela seja selecionada e utilizada para preencher os pixels no quadro.",
          "fullFile": "",
          "file": "",
          "beforeHooks": [],
          "afterHooks": [],
          "tests": [
            {
              "title": "Verifica se somente uma cor da paleta de cores tem a classe `selected` de cada vez",
              "fullTitle": "7 - Clicar em uma das cores da paleta, faz com que ela seja selecionada e utilizada para preencher os pixels no quadro. Verifica se somente uma cor da paleta de cores tem a classe `selected` de cada vez",
              "timedOut": null,
              "duration": 417,
              "state": "passed",
              "speed": "slow",
              "pass": true,
              "fail": false,
              "pending": false,
              "context": null,
              "code": "cy.get('.color').each(function (selectedColor, selectedColorIndex) {\n  cy.wrap(selectedColor).click();\n  cy.get('.color').each(function (color, colorIndex) {\n    if (colorIndex === selectedColorIndex) {\n      expect(color).to.have[\"class\"]('selected');\n    } else {\n      expect(color).not.to.have[\"class\"]('selected');\n    }\n  });\n});",
              "err": {},
              "uuid": "a7465260-c93b-4c3d-8ca9-b76f14f1e20d",
              "parentUUID": "14d9dc64-4ba7-434c-b558-9dd6d0f2611f",
              "isHook": false,
              "skipped": false
            },
            {
              "title": "Verifica se os pixels dentro do quadro não têm a classe `selected` quando são clicados",
              "fullTitle": "7 - Clicar em uma das cores da paleta, faz com que ela seja selecionada e utilizada para preencher os pixels no quadro. Verifica se os pixels dentro do quadro não têm a classe `selected` quando são clicados",
              "timedOut": null,
              "duration": 8052,
              "state": "passed",
              "speed": "slow",
              "pass": true,
              "fail": false,
              "pending": false,
              "context": null,
              "code": "cy.get('.color').each(function (color) {\n  var backgroundColor = color.css('background-color');\n  cy.wrap(color).click();\n  cy.get('.pixel').each(function (pixel) {\n    cy.wrap(pixel).click().should('not.have.class', 'selected');\n  });\n});",
              "err": {},
              "uuid": "516c9064-24d3-46cf-a524-b35ee514f007",
              "parentUUID": "14d9dc64-4ba7-434c-b558-9dd6d0f2611f",
              "isHook": false,
              "skipped": false
            }
          ],
          "suites": [],
          "passes": [
            "a7465260-c93b-4c3d-8ca9-b76f14f1e20d",
            "516c9064-24d3-46cf-a524-b35ee514f007"
          ],
          "failures": [],
          "pending": [],
          "skipped": [],
          "duration": 8469,
          "root": false,
          "rootEmpty": false,
          "_timeout": 2000
        },
        {
          "uuid": "97d8c6c7-56d4-4393-b172-1434bf9e3863",
          "title": "8 - Clicar em um pixel dentro do quadro após selecionar uma cor na paleta, faz com que o pixel seja preenchido com a cor selecionada.",
          "fullFile": "",
          "file": "",
          "beforeHooks": [],
          "afterHooks": [],
          "tests": [
            {
              "title": "Verifica se ao carregar a página deve ser possível pintar os pixels de preto",
              "fullTitle": "8 - Clicar em um pixel dentro do quadro após selecionar uma cor na paleta, faz com que o pixel seja preenchido com a cor selecionada. Verifica se ao carregar a página deve ser possível pintar os pixels de preto",
              "timedOut": null,
              "duration": 2024,
              "state": "passed",
              "speed": "slow",
              "pass": true,
              "fail": false,
              "pending": false,
              "context": null,
              "code": "cy.get('.pixel').each(function (pixel) {\n  cy.wrap(pixel).click().should('have.css', 'background-color', BLACK);\n});",
              "err": {},
              "uuid": "4adc1426-9801-4459-971d-f59570d632a5",
              "parentUUID": "97d8c6c7-56d4-4393-b172-1434bf9e3863",
              "isHook": false,
              "skipped": false
            },
            {
              "title": "Verifica se após selecionar uma outra cor na paleta, é possível pintar os pixels com essa cor",
              "fullTitle": "8 - Clicar em um pixel dentro do quadro após selecionar uma cor na paleta, faz com que o pixel seja preenchido com a cor selecionada. Verifica se após selecionar uma outra cor na paleta, é possível pintar os pixels com essa cor",
              "timedOut": null,
              "duration": 8394,
              "state": "passed",
              "speed": "slow",
              "pass": true,
              "fail": false,
              "pending": false,
              "context": null,
              "code": "cy.get('.color').each(function (color) {\n  var backgroundColor = color.css('background-color');\n  cy.wrap(color).click();\n  cy.get('.pixel').each(function (pixel) {\n    cy.wrap(pixel).click().should('have.css', 'background-color', backgroundColor);\n  });\n});",
              "err": {},
              "uuid": "70a372f8-b56e-472f-b9ac-10741b513dae",
              "parentUUID": "97d8c6c7-56d4-4393-b172-1434bf9e3863",
              "isHook": false,
              "skipped": false
            },
            {
              "title": "Verifica se somente o pixel que foi clicado foi preenchido com a cor selecionada, sem influenciar na cor dos demais pixels.",
              "fullTitle": "8 - Clicar em um pixel dentro do quadro após selecionar uma cor na paleta, faz com que o pixel seja preenchido com a cor selecionada. Verifica se somente o pixel que foi clicado foi preenchido com a cor selecionada, sem influenciar na cor dos demais pixels.",
              "timedOut": null,
              "duration": 1442,
              "state": "passed",
              "speed": "slow",
              "pass": true,
              "fail": false,
              "pending": false,
              "context": null,
              "code": "var colorToPixelIndexMap = {\n  0: 6,\n  1: 8,\n  2: 16,\n  3: 18\n};\ncy.get('.color').each(function (color, index) {\n  cy.wrap(color).click();\n  var backgroundColor = color.css('background-color');\n  var clickedPixelIndex = colorToPixelIndexMap[index];\n  cy.get('.pixel').eq(clickedPixelIndex).click();\n  cy.get('.pixel').eq(clickedPixelIndex - 1).should('not.have.css', 'background-color', backgroundColor);\n  cy.get('.pixel').eq(clickedPixelIndex + 1).should('not.have.css', 'background-color', backgroundColor);\n  cy.get('.pixel').eq(clickedPixelIndex - 5).should('not.have.css', 'background-color', backgroundColor);\n  cy.get('.pixel').eq(clickedPixelIndex + 5).should('not.have.css', 'background-color', backgroundColor);\n  cy.get('.pixel').eq(clickedPixelIndex - 6).should('not.have.css', 'background-color', backgroundColor);\n  cy.get('.pixel').eq(clickedPixelIndex - 4).should('not.have.css', 'background-color', backgroundColor);\n  cy.get('.pixel').eq(clickedPixelIndex + 4).should('not.have.css', 'background-color', backgroundColor);\n  cy.get('.pixel').eq(clickedPixelIndex + 6).should('not.have.css', 'background-color', backgroundColor);\n});",
              "err": {},
              "uuid": "0a728442-4729-4dde-af0f-2b2187c0a948",
              "parentUUID": "97d8c6c7-56d4-4393-b172-1434bf9e3863",
              "isHook": false,
              "skipped": false
            }
          ],
          "suites": [],
          "passes": [
            "4adc1426-9801-4459-971d-f59570d632a5",
            "70a372f8-b56e-472f-b9ac-10741b513dae",
            "0a728442-4729-4dde-af0f-2b2187c0a948"
          ],
          "failures": [],
          "pending": [],
          "skipped": [],
          "duration": 11860,
          "root": false,
          "rootEmpty": false,
          "_timeout": 2000
        },
        {
          "uuid": "709f9b1c-9f35-49c1-b2d2-da351749d6ae",
          "title": "9 - Crie um botão que, ao ser clicado, limpa o quadro preenchendo a cor de todos seus pixels com branco.",
          "fullFile": "",
          "file": "",
          "beforeHooks": [],
          "afterHooks": [],
          "tests": [
            {
              "title": "Verifica se o botão tem o `id` denominado `clear-board`",
              "fullTitle": "9 - Crie um botão que, ao ser clicado, limpa o quadro preenchendo a cor de todos seus pixels com branco. Verifica se o botão tem o `id` denominado `clear-board`",
              "timedOut": null,
              "duration": 113,
              "state": "passed",
              "speed": "slow",
              "pass": true,
              "fail": false,
              "pending": false,
              "context": null,
              "code": "cy.get('#clear-board').should('be.visible');",
              "err": {},
              "uuid": "c317a872-fa0f-41ef-804b-fc3a5a880d07",
              "parentUUID": "709f9b1c-9f35-49c1-b2d2-da351749d6ae",
              "isHook": false,
              "skipped": false
            },
            {
              "title": "Verifica se o botão está posicionado entre a paleta de cores e o quadro de pixels",
              "fullTitle": "9 - Crie um botão que, ao ser clicado, limpa o quadro preenchendo a cor de todos seus pixels com branco. Verifica se o botão está posicionado entre a paleta de cores e o quadro de pixels",
              "timedOut": null,
              "duration": 81,
              "state": "passed",
              "speed": "slow",
              "pass": true,
              "fail": false,
              "pending": false,
              "context": null,
              "code": "cy.get('#color-palette').then(function (palette) {\n  cy.get('#clear-board').should('be.belowOf', palette);\n});\ncy.get('#clear-board').then(function (clearBtn) {\n  cy.get('#pixel-board').should('be.belowOf', clearBtn);\n});",
              "err": {},
              "uuid": "a4ea7360-388b-4887-863a-611ab9912904",
              "parentUUID": "709f9b1c-9f35-49c1-b2d2-da351749d6ae",
              "isHook": false,
              "skipped": false
            },
            {
              "title": "Verifica se o texto do botão é 'Limpar'",
              "fullTitle": "9 - Crie um botão que, ao ser clicado, limpa o quadro preenchendo a cor de todos seus pixels com branco. Verifica se o texto do botão é 'Limpar'",
              "timedOut": null,
              "duration": 51,
              "state": "passed",
              "speed": "medium",
              "pass": true,
              "fail": false,
              "pending": false,
              "context": null,
              "code": "cy.get('#clear-board').should('contain.text', 'Limpar');",
              "err": {},
              "uuid": "8285c1d0-4934-4e6e-9537-2bdcfb698d4e",
              "parentUUID": "709f9b1c-9f35-49c1-b2d2-da351749d6ae",
              "isHook": false,
              "skipped": false
            },
            {
              "title": "Verifica se ao clicar no botão, o quadro de pixels é totalmente preenchido de branco",
              "fullTitle": "9 - Crie um botão que, ao ser clicado, limpa o quadro preenchendo a cor de todos seus pixels com branco. Verifica se ao clicar no botão, o quadro de pixels é totalmente preenchido de branco",
              "timedOut": null,
              "duration": 2288,
              "state": "passed",
              "speed": "slow",
              "pass": true,
              "fail": false,
              "pending": false,
              "context": null,
              "code": "cy.get('.color').eq(1).then(function (color) {\n  var backgroundColor = color.css('background-color');\n  cy.wrap(color).click();\n  cy.get('.pixel').each(function (pixel) {\n    cy.wrap(pixel).click().should('have.css', 'background-color', backgroundColor);\n  });\n});\ncy.get('#clear-board').click();\ncy.get('.pixel').each(function (pixel) {\n  cy.wrap(pixel).should('have.css', 'background-color', WHITE);\n});",
              "err": {},
              "uuid": "de824e61-616c-442c-bea5-fd2449900db0",
              "parentUUID": "709f9b1c-9f35-49c1-b2d2-da351749d6ae",
              "isHook": false,
              "skipped": false
            }
          ],
          "suites": [],
          "passes": [
            "c317a872-fa0f-41ef-804b-fc3a5a880d07",
            "a4ea7360-388b-4887-863a-611ab9912904",
            "8285c1d0-4934-4e6e-9537-2bdcfb698d4e",
            "de824e61-616c-442c-bea5-fd2449900db0"
          ],
          "failures": [],
          "pending": [],
          "skipped": [],
          "duration": 2533,
          "root": false,
          "rootEmpty": false,
          "_timeout": 2000
        },
        {
          "uuid": "6ef36c95-c206-46d7-b755-6a0d3e38a0f4",
          "title": "10 - Faça o quadro de pixels ter seu tamanho definido pelo usuário.",
          "fullFile": "",
          "file": "",
          "beforeHooks": [],
          "afterHooks": [],
          "tests": [
            {
              "title": "Verifica se existe um input com o id `board-size`",
              "fullTitle": "10 - Faça o quadro de pixels ter seu tamanho definido pelo usuário. Verifica se existe um input com o id `board-size`",
              "timedOut": null,
              "duration": 4475,
              "state": "failed",
              "speed": null,
              "pass": false,
              "fail": true,
              "pending": false,
              "context": null,
              "code": "cy.get('#board-size').should('be.visible');",
              "err": {
                "message": "CypressError: Timed out retrying: Expected to find element: '#board-size', but never found it.",
                "estack": "CypressError: Timed out retrying: Expected to find element: '#board-size', but never found it.\n    at cypressErr (http://localhost:60572/__cypress/runner/cypress_runner.js:149934:9)\n    at throwErr (http://localhost:60572/__cypress/runner/cypress_runner.js:149867:11)\n    at Object.throwErrByPath (http://localhost:60572/__cypress/runner/cypress_runner.js:149915:3)\n    at retry (http://localhost:60572/__cypress/runner/cypress_runner.js:144197:19)\n    at onFailFn (http://localhost:60572/__cypress/runner/cypress_runner.js:132448:16)\n    at tryCatcher (http://localhost:60572/__cypress/runner/cypress_runner.js:167415:23)\n    at Promise._settlePromiseFromHandler (http://localhost:60572/__cypress/runner/cypress_runner.js:165351:31)\n    at Promise._settlePromise (http://localhost:60572/__cypress/runner/cypress_runner.js:165408:18)\n    at Promise._settlePromise0 (http://localhost:60572/__cypress/runner/cypress_runner.js:165453:10)\n    at Promise._settlePromises (http://localhost:60572/__cypress/runner/cypress_runner.js:165528:18)\n    at Async../node_modules/bluebird/js/release/async.js.Async._drainQueue (http://localhost:60572/__cypress/runner/cypress_runner.js:162140:16)\n    at Async../node_modules/bluebird/js/release/async.js.Async._drainQueues (http://localhost:60572/__cypress/runner/cypress_runner.js:162150:10)\n    at Async.drainQueues (http://localhost:60572/__cypress/runner/cypress_runner.js:162024:14)",
                "diff": null
              },
              "uuid": "a2e9a1b5-8d0a-4857-8bb2-93d5552e177e",
              "parentUUID": "6ef36c95-c206-46d7-b755-6a0d3e38a0f4",
              "isHook": false,
              "skipped": false
            },
            {
              "title": "Verifica se existe um botão com o id `generate-board`",
              "fullTitle": "10 - Faça o quadro de pixels ter seu tamanho definido pelo usuário. Verifica se existe um botão com o id `generate-board`",
              "timedOut": null,
              "duration": 4473,
              "state": "failed",
              "speed": null,
              "pass": false,
              "fail": true,
              "pending": false,
              "context": null,
              "code": "cy.get('#generate-board').should('be.visible');",
              "err": {
                "message": "CypressError: Timed out retrying: Expected to find element: '#generate-board', but never found it.",
                "estack": "CypressError: Timed out retrying: Expected to find element: '#generate-board', but never found it.\n    at cypressErr (http://localhost:60572/__cypress/runner/cypress_runner.js:149934:9)\n    at throwErr (http://localhost:60572/__cypress/runner/cypress_runner.js:149867:11)\n    at Object.throwErrByPath (http://localhost:60572/__cypress/runner/cypress_runner.js:149915:3)\n    at retry (http://localhost:60572/__cypress/runner/cypress_runner.js:144197:19)\n    at onFailFn (http://localhost:60572/__cypress/runner/cypress_runner.js:132448:16)\n    at tryCatcher (http://localhost:60572/__cypress/runner/cypress_runner.js:167415:23)\n    at Promise._settlePromiseFromHandler (http://localhost:60572/__cypress/runner/cypress_runner.js:165351:31)\n    at Promise._settlePromise (http://localhost:60572/__cypress/runner/cypress_runner.js:165408:18)\n    at Promise._settlePromise0 (http://localhost:60572/__cypress/runner/cypress_runner.js:165453:10)\n    at Promise._settlePromises (http://localhost:60572/__cypress/runner/cypress_runner.js:165528:18)\n    at Async../node_modules/bluebird/js/release/async.js.Async._drainQueue (http://localhost:60572/__cypress/runner/cypress_runner.js:162140:16)\n    at Async../node_modules/bluebird/js/release/async.js.Async._drainQueues (http://localhost:60572/__cypress/runner/cypress_runner.js:162150:10)\n    at Async.drainQueues (http://localhost:60572/__cypress/runner/cypress_runner.js:162024:14)",
                "diff": null
              },
              "uuid": "41ccf875-5226-4c18-aad8-0f3f25eadbc3",
              "parentUUID": "6ef36c95-c206-46d7-b755-6a0d3e38a0f4",
              "isHook": false,
              "skipped": false
            },
            {
              "title": "Verifica se o input só aceita número maiores que zero. Essa restrição deve ser feita usando os atributos do elemento `input`",
              "fullTitle": "10 - Faça o quadro de pixels ter seu tamanho definido pelo usuário. Verifica se o input só aceita número maiores que zero. Essa restrição deve ser feita usando os atributos do elemento `input`",
              "timedOut": null,
              "duration": 4441,
              "state": "failed",
              "speed": null,
              "pass": false,
              "fail": true,
              "pending": false,
              "context": null,
              "code": "cy.get('#board-size[type=\\'number\\'][min=\\'1\\']');",
              "err": {
                "message": "CypressError: Timed out retrying: Expected to find element: '#board-size[type='number'][min='1']', but never found it.",
                "estack": "CypressError: Timed out retrying: Expected to find element: '#board-size[type='number'][min='1']', but never found it.\n    at cypressErr (http://localhost:60572/__cypress/runner/cypress_runner.js:149934:9)\n    at throwErr (http://localhost:60572/__cypress/runner/cypress_runner.js:149867:11)\n    at Object.throwErrByPath (http://localhost:60572/__cypress/runner/cypress_runner.js:149915:3)\n    at retry (http://localhost:60572/__cypress/runner/cypress_runner.js:144197:19)\n    at onFailFn (http://localhost:60572/__cypress/runner/cypress_runner.js:132448:16)\n    at tryCatcher (http://localhost:60572/__cypress/runner/cypress_runner.js:167415:23)\n    at Promise._settlePromiseFromHandler (http://localhost:60572/__cypress/runner/cypress_runner.js:165351:31)\n    at Promise._settlePromise (http://localhost:60572/__cypress/runner/cypress_runner.js:165408:18)\n    at Promise._settlePromise0 (http://localhost:60572/__cypress/runner/cypress_runner.js:165453:10)\n    at Promise._settlePromises (http://localhost:60572/__cypress/runner/cypress_runner.js:165528:18)\n    at Async../node_modules/bluebird/js/release/async.js.Async._drainQueue (http://localhost:60572/__cypress/runner/cypress_runner.js:162140:16)\n    at Async../node_modules/bluebird/js/release/async.js.Async._drainQueues (http://localhost:60572/__cypress/runner/cypress_runner.js:162150:10)\n    at Async.drainQueues (http://localhost:60572/__cypress/runner/cypress_runner.js:162024:14)",
                "diff": null
              },
              "uuid": "98337d17-222e-45a5-8d1c-e0a38470c965",
              "parentUUID": "6ef36c95-c206-46d7-b755-6a0d3e38a0f4",
              "isHook": false,
              "skipped": false
            },
            {
              "title": "Verifica se o botão contém o texto 'VQV'",
              "fullTitle": "10 - Faça o quadro de pixels ter seu tamanho definido pelo usuário. Verifica se o botão contém o texto 'VQV'",
              "timedOut": null,
              "duration": 4482,
              "state": "failed",
              "speed": null,
              "pass": false,
              "fail": true,
              "pending": false,
              "context": null,
              "code": "cy.get('#generate-board').contains(/vqv/i);",
              "err": {
                "message": "CypressError: Timed out retrying: Expected to find element: '#generate-board', but never found it.",
                "estack": "CypressError: Timed out retrying: Expected to find element: '#generate-board', but never found it.\n    at cypressErr (http://localhost:60572/__cypress/runner/cypress_runner.js:149934:9)\n    at throwErr (http://localhost:60572/__cypress/runner/cypress_runner.js:149867:11)\n    at Object.throwErrByPath (http://localhost:60572/__cypress/runner/cypress_runner.js:149915:3)\n    at retry (http://localhost:60572/__cypress/runner/cypress_runner.js:144197:19)\n    at onFailFn (http://localhost:60572/__cypress/runner/cypress_runner.js:132448:16)\n    at tryCatcher (http://localhost:60572/__cypress/runner/cypress_runner.js:167415:23)\n    at Promise._settlePromiseFromHandler (http://localhost:60572/__cypress/runner/cypress_runner.js:165351:31)\n    at Promise._settlePromise (http://localhost:60572/__cypress/runner/cypress_runner.js:165408:18)\n    at Promise._settlePromise0 (http://localhost:60572/__cypress/runner/cypress_runner.js:165453:10)\n    at Promise._settlePromises (http://localhost:60572/__cypress/runner/cypress_runner.js:165528:18)\n    at Async../node_modules/bluebird/js/release/async.js.Async._drainQueue (http://localhost:60572/__cypress/runner/cypress_runner.js:162140:16)\n    at Async../node_modules/bluebird/js/release/async.js.Async._drainQueues (http://localhost:60572/__cypress/runner/cypress_runner.js:162150:10)\n    at Async.drainQueues (http://localhost:60572/__cypress/runner/cypress_runner.js:162024:14)",
                "diff": null
              },
              "uuid": "07cc5cff-1c80-4d7b-b928-fc39405d2584",
              "parentUUID": "6ef36c95-c206-46d7-b755-6a0d3e38a0f4",
              "isHook": false,
              "skipped": false
            },
            {
              "title": "Verifica se o input está posicionado entre a paleta de cores e o quadro de pixels",
              "fullTitle": "10 - Faça o quadro de pixels ter seu tamanho definido pelo usuário. Verifica se o input está posicionado entre a paleta de cores e o quadro de pixels",
              "timedOut": null,
              "duration": 4486,
              "state": "failed",
              "speed": null,
              "pass": false,
              "fail": true,
              "pending": false,
              "context": null,
              "code": "cy.get('#color-palette').then(function (palette) {\n  cy.get('#board-size').should('be.belowOf', palette);\n});\ncy.get('#board-size').then(function (palette) {\n  cy.get('#pixel-board').should('be.belowOf', palette);\n});",
              "err": {
                "message": "CypressError: Timed out retrying: Expected to find element: '#board-size', but never found it.",
                "estack": "CypressError: Timed out retrying: Expected to find element: '#board-size', but never found it.\n    at cypressErr (http://localhost:60572/__cypress/runner/cypress_runner.js:149934:9)\n    at throwErr (http://localhost:60572/__cypress/runner/cypress_runner.js:149867:11)\n    at Object.throwErrByPath (http://localhost:60572/__cypress/runner/cypress_runner.js:149915:3)\n    at retry (http://localhost:60572/__cypress/runner/cypress_runner.js:144197:19)\n    at onFailFn (http://localhost:60572/__cypress/runner/cypress_runner.js:132448:16)\n    at tryCatcher (http://localhost:60572/__cypress/runner/cypress_runner.js:167415:23)\n    at Promise._settlePromiseFromHandler (http://localhost:60572/__cypress/runner/cypress_runner.js:165351:31)\n    at Promise._settlePromise (http://localhost:60572/__cypress/runner/cypress_runner.js:165408:18)\n    at Promise._settlePromise0 (http://localhost:60572/__cypress/runner/cypress_runner.js:165453:10)\n    at Promise._settlePromises (http://localhost:60572/__cypress/runner/cypress_runner.js:165528:18)\n    at Async../node_modules/bluebird/js/release/async.js.Async._drainQueue (http://localhost:60572/__cypress/runner/cypress_runner.js:162140:16)\n    at Async../node_modules/bluebird/js/release/async.js.Async._drainQueues (http://localhost:60572/__cypress/runner/cypress_runner.js:162150:10)\n    at Async.drainQueues (http://localhost:60572/__cypress/runner/cypress_runner.js:162024:14)",
                "diff": null
              },
              "uuid": "4eef68fd-6bb5-4633-afac-bd938bd170f9",
              "parentUUID": "6ef36c95-c206-46d7-b755-6a0d3e38a0f4",
              "isHook": false,
              "skipped": false
            },
            {
              "title": "Verifica se o botão está posicionado ao lado do input",
              "fullTitle": "10 - Faça o quadro de pixels ter seu tamanho definido pelo usuário. Verifica se o botão está posicionado ao lado do input",
              "timedOut": null,
              "duration": 4472,
              "state": "failed",
              "speed": null,
              "pass": false,
              "fail": true,
              "pending": false,
              "context": null,
              "code": "cy.get('#board-size').then(function (board) {\n  cy.get('#generate-board').should('be.onTheRightOf', board);\n});",
              "err": {
                "message": "CypressError: Timed out retrying: Expected to find element: '#board-size', but never found it.",
                "estack": "CypressError: Timed out retrying: Expected to find element: '#board-size', but never found it.\n    at cypressErr (http://localhost:60572/__cypress/runner/cypress_runner.js:149934:9)\n    at throwErr (http://localhost:60572/__cypress/runner/cypress_runner.js:149867:11)\n    at Object.throwErrByPath (http://localhost:60572/__cypress/runner/cypress_runner.js:149915:3)\n    at retry (http://localhost:60572/__cypress/runner/cypress_runner.js:144197:19)\n    at onFailFn (http://localhost:60572/__cypress/runner/cypress_runner.js:132448:16)\n    at tryCatcher (http://localhost:60572/__cypress/runner/cypress_runner.js:167415:23)\n    at Promise._settlePromiseFromHandler (http://localhost:60572/__cypress/runner/cypress_runner.js:165351:31)\n    at Promise._settlePromise (http://localhost:60572/__cypress/runner/cypress_runner.js:165408:18)\n    at Promise._settlePromise0 (http://localhost:60572/__cypress/runner/cypress_runner.js:165453:10)\n    at Promise._settlePromises (http://localhost:60572/__cypress/runner/cypress_runner.js:165528:18)\n    at Async../node_modules/bluebird/js/release/async.js.Async._drainQueue (http://localhost:60572/__cypress/runner/cypress_runner.js:162140:16)\n    at Async../node_modules/bluebird/js/release/async.js.Async._drainQueues (http://localhost:60572/__cypress/runner/cypress_runner.js:162150:10)\n    at Async.drainQueues (http://localhost:60572/__cypress/runner/cypress_runner.js:162024:14)",
                "diff": null
              },
              "uuid": "2ca8d5a5-e7e9-41fc-a755-a042e395135e",
              "parentUUID": "6ef36c95-c206-46d7-b755-6a0d3e38a0f4",
              "isHook": false,
              "skipped": false
            },
            {
              "title": "Verifica se nenhum valor for colocado no input ao clicar no botão, um `alert` é exibido com o texto: 'Board inválido!'",
              "fullTitle": "10 - Faça o quadro de pixels ter seu tamanho definido pelo usuário. Verifica se nenhum valor for colocado no input ao clicar no botão, um `alert` é exibido com o texto: 'Board inválido!'",
              "timedOut": null,
              "duration": 4471,
              "state": "failed",
              "speed": null,
              "pass": false,
              "fail": true,
              "pending": false,
              "context": null,
              "code": "var alerted = false;\ncy.on('window:alert', function (msg) {\n  return alerted = msg;\n});\ncy.get('#generate-board').click().then(function () {\n  return expect(alerted).to.match(/Board inválido!/i);\n});",
              "err": {
                "message": "CypressError: Timed out retrying: Expected to find element: '#generate-board', but never found it.",
                "estack": "CypressError: Timed out retrying: Expected to find element: '#generate-board', but never found it.\n    at cypressErr (http://localhost:60572/__cypress/runner/cypress_runner.js:149934:9)\n    at throwErr (http://localhost:60572/__cypress/runner/cypress_runner.js:149867:11)\n    at Object.throwErrByPath (http://localhost:60572/__cypress/runner/cypress_runner.js:149915:3)\n    at retry (http://localhost:60572/__cypress/runner/cypress_runner.js:144197:19)\n    at onFailFn (http://localhost:60572/__cypress/runner/cypress_runner.js:132448:16)\n    at tryCatcher (http://localhost:60572/__cypress/runner/cypress_runner.js:167415:23)\n    at Promise._settlePromiseFromHandler (http://localhost:60572/__cypress/runner/cypress_runner.js:165351:31)\n    at Promise._settlePromise (http://localhost:60572/__cypress/runner/cypress_runner.js:165408:18)\n    at Promise._settlePromise0 (http://localhost:60572/__cypress/runner/cypress_runner.js:165453:10)\n    at Promise._settlePromises (http://localhost:60572/__cypress/runner/cypress_runner.js:165528:18)\n    at Async../node_modules/bluebird/js/release/async.js.Async._drainQueue (http://localhost:60572/__cypress/runner/cypress_runner.js:162140:16)\n    at Async../node_modules/bluebird/js/release/async.js.Async._drainQueues (http://localhost:60572/__cypress/runner/cypress_runner.js:162150:10)\n    at Async.drainQueues (http://localhost:60572/__cypress/runner/cypress_runner.js:162024:14)",
                "diff": null
              },
              "uuid": "933009bd-fb04-40b4-8706-dd94a69e637a",
              "parentUUID": "6ef36c95-c206-46d7-b755-6a0d3e38a0f4",
              "isHook": false,
              "skipped": false
            },
            {
              "title": "Verifica se ao clicar no botão com um valor preenchido, o tamanho do board muda.",
              "fullTitle": "10 - Faça o quadro de pixels ter seu tamanho definido pelo usuário. Verifica se ao clicar no botão com um valor preenchido, o tamanho do board muda.",
              "timedOut": null,
              "duration": 4476,
              "state": "failed",
              "speed": null,
              "pass": false,
              "fail": true,
              "pending": false,
              "context": null,
              "code": "cy.get('#board-size').clear().type(10);\ncy.get('#generate-board').click();\ncy.get('.pixel').should('have.length', 100);",
              "err": {
                "message": "CypressError: Timed out retrying: Expected to find element: '#board-size', but never found it.",
                "estack": "CypressError: Timed out retrying: Expected to find element: '#board-size', but never found it.\n    at cypressErr (http://localhost:60572/__cypress/runner/cypress_runner.js:149934:9)\n    at throwErr (http://localhost:60572/__cypress/runner/cypress_runner.js:149867:11)\n    at Object.throwErrByPath (http://localhost:60572/__cypress/runner/cypress_runner.js:149915:3)\n    at retry (http://localhost:60572/__cypress/runner/cypress_runner.js:144197:19)\n    at onFailFn (http://localhost:60572/__cypress/runner/cypress_runner.js:132448:16)\n    at tryCatcher (http://localhost:60572/__cypress/runner/cypress_runner.js:167415:23)\n    at Promise._settlePromiseFromHandler (http://localhost:60572/__cypress/runner/cypress_runner.js:165351:31)\n    at Promise._settlePromise (http://localhost:60572/__cypress/runner/cypress_runner.js:165408:18)\n    at Promise._settlePromise0 (http://localhost:60572/__cypress/runner/cypress_runner.js:165453:10)\n    at Promise._settlePromises (http://localhost:60572/__cypress/runner/cypress_runner.js:165528:18)\n    at Async../node_modules/bluebird/js/release/async.js.Async._drainQueue (http://localhost:60572/__cypress/runner/cypress_runner.js:162140:16)\n    at Async../node_modules/bluebird/js/release/async.js.Async._drainQueues (http://localhost:60572/__cypress/runner/cypress_runner.js:162150:10)\n    at Async.drainQueues (http://localhost:60572/__cypress/runner/cypress_runner.js:162024:14)",
                "diff": null
              },
              "uuid": "90e1922a-fdc9-45c8-9d72-a6ce333df22c",
              "parentUUID": "6ef36c95-c206-46d7-b755-6a0d3e38a0f4",
              "isHook": false,
              "skipped": false
            },
            {
              "title": "Verifica se o novo quadro tem todos os pixels preenchidos com a cor branca",
              "fullTitle": "10 - Faça o quadro de pixels ter seu tamanho definido pelo usuário. Verifica se o novo quadro tem todos os pixels preenchidos com a cor branca",
              "timedOut": null,
              "duration": 4462,
              "state": "failed",
              "speed": null,
              "pass": false,
              "fail": true,
              "pending": false,
              "context": null,
              "code": "cy.get('#board-size').clear().type(6);\ncy.get('#generate-board').click();\ncy.get('.pixel').should('have.length', 36).each(function (pixel) {\n  expect(pixel).to.have.css('background-color', WHITE);\n});",
              "err": {
                "message": "CypressError: Timed out retrying: Expected to find element: '#board-size', but never found it.",
                "estack": "CypressError: Timed out retrying: Expected to find element: '#board-size', but never found it.\n    at cypressErr (http://localhost:60572/__cypress/runner/cypress_runner.js:149934:9)\n    at throwErr (http://localhost:60572/__cypress/runner/cypress_runner.js:149867:11)\n    at Object.throwErrByPath (http://localhost:60572/__cypress/runner/cypress_runner.js:149915:3)\n    at retry (http://localhost:60572/__cypress/runner/cypress_runner.js:144197:19)\n    at onFailFn (http://localhost:60572/__cypress/runner/cypress_runner.js:132448:16)\n    at tryCatcher (http://localhost:60572/__cypress/runner/cypress_runner.js:167415:23)\n    at Promise._settlePromiseFromHandler (http://localhost:60572/__cypress/runner/cypress_runner.js:165351:31)\n    at Promise._settlePromise (http://localhost:60572/__cypress/runner/cypress_runner.js:165408:18)\n    at Promise._settlePromise0 (http://localhost:60572/__cypress/runner/cypress_runner.js:165453:10)\n    at Promise._settlePromises (http://localhost:60572/__cypress/runner/cypress_runner.js:165528:18)\n    at Async../node_modules/bluebird/js/release/async.js.Async._drainQueue (http://localhost:60572/__cypress/runner/cypress_runner.js:162140:16)\n    at Async../node_modules/bluebird/js/release/async.js.Async._drainQueues (http://localhost:60572/__cypress/runner/cypress_runner.js:162150:10)\n    at Async.drainQueues (http://localhost:60572/__cypress/runner/cypress_runner.js:162024:14)",
                "diff": null
              },
              "uuid": "d01768c3-b456-4800-8e90-b9c74bede5d0",
              "parentUUID": "6ef36c95-c206-46d7-b755-6a0d3e38a0f4",
              "isHook": false,
              "skipped": false
            }
          ],
          "suites": [],
          "passes": [],
          "failures": [
            "a2e9a1b5-8d0a-4857-8bb2-93d5552e177e",
            "41ccf875-5226-4c18-aad8-0f3f25eadbc3",
            "98337d17-222e-45a5-8d1c-e0a38470c965",
            "07cc5cff-1c80-4d7b-b928-fc39405d2584",
            "4eef68fd-6bb5-4633-afac-bd938bd170f9",
            "2ca8d5a5-e7e9-41fc-a755-a042e395135e",
            "933009bd-fb04-40b4-8706-dd94a69e637a",
            "90e1922a-fdc9-45c8-9d72-a6ce333df22c",
            "d01768c3-b456-4800-8e90-b9c74bede5d0"
          ],
          "pending": [],
          "skipped": [],
          "duration": 40238,
          "root": false,
          "rootEmpty": false,
          "_timeout": 2000
        },
        {
          "uuid": "6692b017-bcb9-4785-ac88-ad3fb9cf9ded",
          "title": "11 - Limite o tamanho mínimo e máximo do board.",
          "fullFile": "",
          "file": "",
          "beforeHooks": [],
          "afterHooks": [],
          "tests": [
            {
              "title": "Verifica se a altura máxima do board é 50",
              "fullTitle": "11 - Limite o tamanho mínimo e máximo do board. Verifica se a altura máxima do board é 50",
              "timedOut": null,
              "duration": 4513,
              "state": "failed",
              "speed": null,
              "pass": false,
              "fail": true,
              "pending": false,
              "context": null,
              "code": "cy.get('#board-size').clear().type(50);\ncy.get('#generate-board').click();\ncy.get('.pixel').should('have.length', 2500);",
              "err": {
                "message": "CypressError: Timed out retrying: Expected to find element: '#board-size', but never found it.",
                "estack": "CypressError: Timed out retrying: Expected to find element: '#board-size', but never found it.\n    at cypressErr (http://localhost:60572/__cypress/runner/cypress_runner.js:149934:9)\n    at throwErr (http://localhost:60572/__cypress/runner/cypress_runner.js:149867:11)\n    at Object.throwErrByPath (http://localhost:60572/__cypress/runner/cypress_runner.js:149915:3)\n    at retry (http://localhost:60572/__cypress/runner/cypress_runner.js:144197:19)\n    at onFailFn (http://localhost:60572/__cypress/runner/cypress_runner.js:132448:16)\n    at tryCatcher (http://localhost:60572/__cypress/runner/cypress_runner.js:167415:23)\n    at Promise._settlePromiseFromHandler (http://localhost:60572/__cypress/runner/cypress_runner.js:165351:31)\n    at Promise._settlePromise (http://localhost:60572/__cypress/runner/cypress_runner.js:165408:18)\n    at Promise._settlePromise0 (http://localhost:60572/__cypress/runner/cypress_runner.js:165453:10)\n    at Promise._settlePromises (http://localhost:60572/__cypress/runner/cypress_runner.js:165528:18)\n    at Async../node_modules/bluebird/js/release/async.js.Async._drainQueue (http://localhost:60572/__cypress/runner/cypress_runner.js:162140:16)\n    at Async../node_modules/bluebird/js/release/async.js.Async._drainQueues (http://localhost:60572/__cypress/runner/cypress_runner.js:162150:10)\n    at Async.drainQueues (http://localhost:60572/__cypress/runner/cypress_runner.js:162024:14)",
                "diff": null
              },
              "uuid": "add975e8-46f6-438f-b370-fec6fee11e14",
              "parentUUID": "6692b017-bcb9-4785-ac88-ad3fb9cf9ded",
              "isHook": false,
              "skipped": false
            },
            {
              "title": "Verifica se a altura do board é 5 quando um valor menor é colocado no input",
              "fullTitle": "11 - Limite o tamanho mínimo e máximo do board. Verifica se a altura do board é 5 quando um valor menor é colocado no input",
              "timedOut": null,
              "duration": 4461,
              "state": "failed",
              "speed": null,
              "pass": false,
              "fail": true,
              "pending": false,
              "context": null,
              "code": "cy.get('#board-size').clear().type(4);\ncy.get('#generate-board').click();\ncy.get('.pixel').should('have.length', 25);",
              "err": {
                "message": "CypressError: Timed out retrying: Expected to find element: '#board-size', but never found it.",
                "estack": "CypressError: Timed out retrying: Expected to find element: '#board-size', but never found it.\n    at cypressErr (http://localhost:60572/__cypress/runner/cypress_runner.js:149934:9)\n    at throwErr (http://localhost:60572/__cypress/runner/cypress_runner.js:149867:11)\n    at Object.throwErrByPath (http://localhost:60572/__cypress/runner/cypress_runner.js:149915:3)\n    at retry (http://localhost:60572/__cypress/runner/cypress_runner.js:144197:19)\n    at onFailFn (http://localhost:60572/__cypress/runner/cypress_runner.js:132448:16)\n    at tryCatcher (http://localhost:60572/__cypress/runner/cypress_runner.js:167415:23)\n    at Promise._settlePromiseFromHandler (http://localhost:60572/__cypress/runner/cypress_runner.js:165351:31)\n    at Promise._settlePromise (http://localhost:60572/__cypress/runner/cypress_runner.js:165408:18)\n    at Promise._settlePromise0 (http://localhost:60572/__cypress/runner/cypress_runner.js:165453:10)\n    at Promise._settlePromises (http://localhost:60572/__cypress/runner/cypress_runner.js:165528:18)\n    at Async../node_modules/bluebird/js/release/async.js.Async._drainQueue (http://localhost:60572/__cypress/runner/cypress_runner.js:162140:16)\n    at Async../node_modules/bluebird/js/release/async.js.Async._drainQueues (http://localhost:60572/__cypress/runner/cypress_runner.js:162150:10)\n    at Async.drainQueues (http://localhost:60572/__cypress/runner/cypress_runner.js:162024:14)",
                "diff": null
              },
              "uuid": "20ba6a42-ac50-49a0-af53-b2f734d01691",
              "parentUUID": "6692b017-bcb9-4785-ac88-ad3fb9cf9ded",
              "isHook": false,
              "skipped": false
            },
            {
              "title": "Verifica se a altura do board é 50 quando um valor maior é colocado no input",
              "fullTitle": "11 - Limite o tamanho mínimo e máximo do board. Verifica se a altura do board é 50 quando um valor maior é colocado no input",
              "timedOut": null,
              "duration": 4445,
              "state": "failed",
              "speed": null,
              "pass": false,
              "fail": true,
              "pending": false,
              "context": null,
              "code": "cy.get('#board-size').clear().type(51);\ncy.get('#generate-board').click();\ncy.get('.pixel').should('have.length', 2500);",
              "err": {
                "message": "CypressError: Timed out retrying: Expected to find element: '#board-size', but never found it.",
                "estack": "CypressError: Timed out retrying: Expected to find element: '#board-size', but never found it.\n    at cypressErr (http://localhost:60572/__cypress/runner/cypress_runner.js:149934:9)\n    at throwErr (http://localhost:60572/__cypress/runner/cypress_runner.js:149867:11)\n    at Object.throwErrByPath (http://localhost:60572/__cypress/runner/cypress_runner.js:149915:3)\n    at retry (http://localhost:60572/__cypress/runner/cypress_runner.js:144197:19)\n    at onFailFn (http://localhost:60572/__cypress/runner/cypress_runner.js:132448:16)\n    at tryCatcher (http://localhost:60572/__cypress/runner/cypress_runner.js:167415:23)\n    at Promise._settlePromiseFromHandler (http://localhost:60572/__cypress/runner/cypress_runner.js:165351:31)\n    at Promise._settlePromise (http://localhost:60572/__cypress/runner/cypress_runner.js:165408:18)\n    at Promise._settlePromise0 (http://localhost:60572/__cypress/runner/cypress_runner.js:165453:10)\n    at Promise._settlePromises (http://localhost:60572/__cypress/runner/cypress_runner.js:165528:18)\n    at Async../node_modules/bluebird/js/release/async.js.Async._drainQueue (http://localhost:60572/__cypress/runner/cypress_runner.js:162140:16)\n    at Async../node_modules/bluebird/js/release/async.js.Async._drainQueues (http://localhost:60572/__cypress/runner/cypress_runner.js:162150:10)\n    at Async.drainQueues (http://localhost:60572/__cypress/runner/cypress_runner.js:162024:14)",
                "diff": null
              },
              "uuid": "fba72ad1-6735-400f-a198-9b3ca51669f4",
              "parentUUID": "6692b017-bcb9-4785-ac88-ad3fb9cf9ded",
              "isHook": false,
              "skipped": false
            }
          ],
          "suites": [],
          "passes": [],
          "failures": [
            "add975e8-46f6-438f-b370-fec6fee11e14",
            "20ba6a42-ac50-49a0-af53-b2f734d01691",
            "fba72ad1-6735-400f-a198-9b3ca51669f4"
          ],
          "pending": [],
          "skipped": [],
          "duration": 13419,
          "root": false,
          "rootEmpty": false,
          "_timeout": 2000
        },
        {
          "uuid": "8b95effc-c5f7-48f8-8e84-e1cd2e74f0b8",
          "title": "12 - Faça com que as cores da paleta sejam geradas aleatoriamente ao carregar a página.",
          "fullFile": "",
          "file": "",
          "beforeHooks": [],
          "afterHooks": [],
          "tests": [
            {
              "title": "Verifica se as cores geradas na paleta são diferentes a cada carregamento da página",
              "fullTitle": "12 - Faça com que as cores da paleta sejam geradas aleatoriamente ao carregar a página. Verifica se as cores geradas na paleta são diferentes a cada carregamento da página",
              "timedOut": null,
              "duration": 504,
              "state": "failed",
              "speed": null,
              "pass": false,
              "fail": true,
              "pending": false,
              "context": null,
              "code": "cy.get('.color').then(function (colors) {\n  var currentColors;\n  var previousColors;\n  previousColors = Array.from(colors).map(function (color) {\n    return Cypress.$(color).css('background-color');\n  });\n  for (var i = 0; i < 5; i += 1) {\n    cy.reload();\n    cy.get('.color').then(function (colors) {\n      currentColors = Array.from(colors).map(function (color) {\n        return Cypress.$(color).css('background-color');\n      });\n      expect(currentColors).not.to.deep.equal(previousColors);\n      previousColors = currentColors;\n    });\n  }\n});",
              "err": {
                "message": "AssertionError: expected [ Array(4) ] to not deeply equal [ Array(4) ]",
                "estack": "AssertionError: expected [ Array(4) ] to not deeply equal [ Array(4) ]\n    at getRet (http://localhost:60572/__cypress/runner/cypress_runner.js:136585:16)\n    at tryCatcher (http://localhost:60572/__cypress/runner/cypress_runner.js:167415:23)\n    at Function.Promise.attempt.Promise.try (http://localhost:60572/__cypress/runner/cypress_runner.js:164690:29)\n    at Context.thenFn (http://localhost:60572/__cypress/runner/cypress_runner.js:136599:23)\n    at Context.then (http://localhost:60572/__cypress/runner/cypress_runner.js:136971:21)\n    at Context.<anonymous> (http://localhost:60572/__cypress/runner/cypress_runner.js:148875:21)\n    at http://localhost:60572/__cypress/runner/cypress_runner.js:148351:33\n    at tryCatcher (http://localhost:60572/__cypress/runner/cypress_runner.js:167415:23)\n    at Promise._settlePromiseFromHandler (http://localhost:60572/__cypress/runner/cypress_runner.js:165351:31)\n    at Promise._settlePromise (http://localhost:60572/__cypress/runner/cypress_runner.js:165408:18)\n    at Promise._settlePromiseCtx (http://localhost:60572/__cypress/runner/cypress_runner.js:165445:10)\n    at Async../node_modules/bluebird/js/release/async.js.Async._drainQueue (http://localhost:60572/__cypress/runner/cypress_runner.js:162145:12)\n    at Async../node_modules/bluebird/js/release/async.js.Async._drainQueues (http://localhost:60572/__cypress/runner/cypress_runner.js:162150:10)\n    at Async.drainQueues (http://localhost:60572/__cypress/runner/cypress_runner.js:162024:14)",
                "diff": ""
              },
              "uuid": "4fd08b1a-0015-4e24-93f8-a694076a7107",
              "parentUUID": "8b95effc-c5f7-48f8-8e84-e1cd2e74f0b8",
              "isHook": false,
              "skipped": false
            },
            {
              "title": "Verifica se a cor preta ainda está presente e é a primeira na sua paleta de cores",
              "fullTitle": "12 - Faça com que as cores da paleta sejam geradas aleatoriamente ao carregar a página. Verifica se a cor preta ainda está presente e é a primeira na sua paleta de cores",
              "timedOut": null,
              "duration": 512,
              "state": "failed",
              "speed": null,
              "pass": false,
              "fail": true,
              "pending": false,
              "context": null,
              "code": "cy.get('.color').then(function (colors) {\n  var currentColors;\n  var previousColors;\n  previousColors = Array.from(colors).map(function (color) {\n    return Cypress.$(color).css('background-color');\n  });\n  expect(previousColors[0]).to.eq(BLACK);\n  for (var i = 0; i < 5; i += 1) {\n    cy.reload();\n    cy.get('.color').then(function (colors) {\n      currentColors = Array.from(colors).map(function (color) {\n        return Cypress.$(color).css('background-color');\n      });\n      expect(currentColors[0]).to.eq(BLACK);\n      expect(currentColors).not.to.deep.equal(previousColors);\n      previousColors = currentColors;\n    });\n  }\n});",
              "err": {
                "message": "AssertionError: expected [ Array(4) ] to not deeply equal [ Array(4) ]",
                "estack": "AssertionError: expected [ Array(4) ] to not deeply equal [ Array(4) ]\n    at getRet (http://localhost:60572/__cypress/runner/cypress_runner.js:136585:16)\n    at tryCatcher (http://localhost:60572/__cypress/runner/cypress_runner.js:167415:23)\n    at Function.Promise.attempt.Promise.try (http://localhost:60572/__cypress/runner/cypress_runner.js:164690:29)\n    at Context.thenFn (http://localhost:60572/__cypress/runner/cypress_runner.js:136599:23)\n    at Context.then (http://localhost:60572/__cypress/runner/cypress_runner.js:136971:21)\n    at Context.<anonymous> (http://localhost:60572/__cypress/runner/cypress_runner.js:148875:21)\n    at http://localhost:60572/__cypress/runner/cypress_runner.js:148351:33\n    at tryCatcher (http://localhost:60572/__cypress/runner/cypress_runner.js:167415:23)\n    at Promise._settlePromiseFromHandler (http://localhost:60572/__cypress/runner/cypress_runner.js:165351:31)\n    at Promise._settlePromise (http://localhost:60572/__cypress/runner/cypress_runner.js:165408:18)\n    at Promise._settlePromiseCtx (http://localhost:60572/__cypress/runner/cypress_runner.js:165445:10)\n    at Async../node_modules/bluebird/js/release/async.js.Async._drainQueue (http://localhost:60572/__cypress/runner/cypress_runner.js:162145:12)\n    at Async../node_modules/bluebird/js/release/async.js.Async._drainQueues (http://localhost:60572/__cypress/runner/cypress_runner.js:162150:10)\n    at Async.drainQueues (http://localhost:60572/__cypress/runner/cypress_runner.js:162024:14)",
                "diff": ""
              },
              "uuid": "231d159c-ba67-4e22-968d-8eb600728e39",
              "parentUUID": "8b95effc-c5f7-48f8-8e84-e1cd2e74f0b8",
              "isHook": false,
              "skipped": false
            }
          ],
          "suites": [],
          "passes": [],
          "failures": [
            "4fd08b1a-0015-4e24-93f8-a694076a7107",
            "231d159c-ba67-4e22-968d-8eb600728e39"
          ],
          "pending": [],
          "skipped": [],
          "duration": 1016,
          "root": false,
          "rootEmpty": false,
          "_timeout": 2000
        }
      ],
      "passes": [],
      "failures": [],
      "pending": [],
      "skipped": [],
      "duration": 0,
      "root": true,
      "rootEmpty": true,
      "_timeout": 2000
    }
  ],
  "meta": {
    "mocha": {
      "version": "7.0.1"
    },
    "mochawesome": {
      "options": {
        "quiet": false,
        "reportFilename": "mochawesome",
        "saveHtml": false,
        "saveJson": true,
        "consoleReporter": "spec",
        "useInlineDiffs": false
      },
      "version": "4.1.0"
    },
    "marge": {
      "options": {
        "id": "default",
        "reportDir": "cypress/reports",
        "overwrite": true,
        "html": false,
        "json": true
      },
      "version": "4.1.0"
    }
  }
}