{
  "stats": {
    "suites": 12,
    "tests": 41,
    "passes": 24,
    "pending": 0,
    "failures": 17,
    "start": "2021-07-09T21:30:22.221Z",
    "end": "2021-07-09T21:31:52.312Z",
    "duration": 90091,
    "testsRegistered": 41,
    "passPercent": 58.536585365853654,
    "pendingPercent": 0,
    "other": 0,
    "hasOther": false,
    "skipped": 0,
    "hasSkipped": false
  },
  "results": [
    {
      "uuid": "ede1fa61-f805-4698-a399-a9296ba54d66",
      "title": "",
      "fullFile": "cypress/integration/project.spec.js",
      "file": "cypress/integration/project.spec.js",
      "beforeHooks": [],
      "afterHooks": [],
      "tests": [],
      "suites": [
        {
          "uuid": "367a9a63-72c3-4d60-871f-e5b8e6c04182",
          "title": "1 - Adicione à página o título \"Paleta de Cores\".",
          "fullFile": "",
          "file": "",
          "beforeHooks": [],
          "afterHooks": [],
          "tests": [
            {
              "title": "Verifica se contém um elemento `h1` com o id `title` com o título correto",
              "fullTitle": "1 - Adicione à página o título \"Paleta de Cores\". Verifica se contém um elemento `h1` com o id `title` com o título correto",
              "timedOut": null,
              "duration": 393,
              "state": "passed",
              "speed": "slow",
              "pass": true,
              "fail": false,
              "pending": false,
              "context": null,
              "code": "cy.get('h1#title').should('contain.text', 'Paleta de Cores');",
              "err": {},
              "uuid": "34a09d0c-7c38-4199-9f16-52eaa274cf02",
              "parentUUID": "367a9a63-72c3-4d60-871f-e5b8e6c04182",
              "isHook": false,
              "skipped": false
            }
          ],
          "suites": [],
          "passes": [
            "34a09d0c-7c38-4199-9f16-52eaa274cf02"
          ],
          "failures": [],
          "pending": [],
          "skipped": [],
          "duration": 393,
          "root": false,
          "rootEmpty": false,
          "_timeout": 2000
        },
        {
          "uuid": "772f503a-81fd-4b5e-abdf-d89602a1872b",
          "title": "2 - Adicione à página uma paleta de quatro cores distintas.",
          "fullFile": "",
          "file": "",
          "beforeHooks": [],
          "afterHooks": [],
          "tests": [
            {
              "title": "A paleta de cores deve ser um elemento com `id` denominado `color-palette`",
              "fullTitle": "2 - Adicione à página uma paleta de quatro cores distintas. A paleta de cores deve ser um elemento com `id` denominado `color-palette`",
              "timedOut": null,
              "duration": 291,
              "state": "passed",
              "speed": "slow",
              "pass": true,
              "fail": false,
              "pending": false,
              "context": null,
              "code": "cy.get('#color-palette').should('be.visible');",
              "err": {},
              "uuid": "dbcc3dae-9000-4b53-9083-c8892aeccc6e",
              "parentUUID": "772f503a-81fd-4b5e-abdf-d89602a1872b",
              "isHook": false,
              "skipped": false
            },
            {
              "title": "Verifica se cada cor individual da paleta de cores possui a `classe` chamada `color`.",
              "fullTitle": "2 - Adicione à página uma paleta de quatro cores distintas. Verifica se cada cor individual da paleta de cores possui a `classe` chamada `color`.",
              "timedOut": null,
              "duration": 410,
              "state": "passed",
              "speed": "slow",
              "pass": true,
              "fail": false,
              "pending": false,
              "context": null,
              "code": "cy.get('.color').should('have.length', 4).then(function (colors) {\n  for (var i = 0; i < colors.length; i++) {\n    cy.wrap(colors[i]).should('be.visible');\n  }\n});",
              "err": {},
              "uuid": "68ea621e-572a-4363-a689-1597cb1d58ba",
              "parentUUID": "772f503a-81fd-4b5e-abdf-d89602a1872b",
              "isHook": false,
              "skipped": false
            },
            {
              "title": "Verifica se a cor de fundo de cada elemento da paleta é a cor que o elemento representa. **A única cor não permitida na paleta é a cor branca.**",
              "fullTitle": "2 - Adicione à página uma paleta de quatro cores distintas. Verifica se a cor de fundo de cada elemento da paleta é a cor que o elemento representa. **A única cor não permitida na paleta é a cor branca.**",
              "timedOut": null,
              "duration": 430,
              "state": "passed",
              "speed": "slow",
              "pass": true,
              "fail": false,
              "pending": false,
              "context": null,
              "code": "cy.get('.color').each(function (color) {\n  cy.wrap(color).should('have.class', 'color').and('not.have.css', 'background-color', WHITE);\n  cy.wrap(color).should('have.css', 'background-color');\n});",
              "err": {},
              "uuid": "3a3677d0-c136-4cee-836e-94aab46b5e4e",
              "parentUUID": "772f503a-81fd-4b5e-abdf-d89602a1872b",
              "isHook": false,
              "skipped": false
            },
            {
              "title": "Verifica se cada elemento da paleta de cores tem uma borda preta, sólida e com 1 pixel de largura;",
              "fullTitle": "2 - Adicione à página uma paleta de quatro cores distintas. Verifica se cada elemento da paleta de cores tem uma borda preta, sólida e com 1 pixel de largura;",
              "timedOut": null,
              "duration": 235,
              "state": "passed",
              "speed": "slow",
              "pass": true,
              "fail": false,
              "pending": false,
              "context": null,
              "code": "cy.get('.color').each(function (color) {\n  cy.wrap(color).and('have.css', 'border', \"1px solid \".concat(BLACK)).and('have.class', 'color');\n});",
              "err": {},
              "uuid": "4852083e-f55f-494d-9fea-b972dedcab50",
              "parentUUID": "772f503a-81fd-4b5e-abdf-d89602a1872b",
              "isHook": false,
              "skipped": false
            },
            {
              "title": "Verifica se a paleta lista todas as cores disponíveis para utilização, lado a lado.",
              "fullTitle": "2 - Adicione à página uma paleta de quatro cores distintas. Verifica se a paleta lista todas as cores disponíveis para utilização, lado a lado.",
              "timedOut": null,
              "duration": 225,
              "state": "passed",
              "speed": "slow",
              "pass": true,
              "fail": false,
              "pending": false,
              "context": null,
              "code": "cy.get('.color').then(function (colors) {\n  for (var index = 1; index < colors.length; index += 1) {\n    var currentColor = colors[index];\n    var previousColor = colors[index - 1];\n    cy.wrap(currentColor).should('be.onTheRightOf', previousColor).and('be.horizontallyAlignedWith', previousColor);\n  }\n});",
              "err": {},
              "uuid": "1daae459-8c2d-48f2-ad91-073d79531eae",
              "parentUUID": "772f503a-81fd-4b5e-abdf-d89602a1872b",
              "isHook": false,
              "skipped": false
            },
            {
              "title": "Verifica se a paleta de cores está posicionada abaixo do título 'Paleta de Cores'",
              "fullTitle": "2 - Adicione à página uma paleta de quatro cores distintas. Verifica se a paleta de cores está posicionada abaixo do título 'Paleta de Cores'",
              "timedOut": null,
              "duration": 173,
              "state": "passed",
              "speed": "slow",
              "pass": true,
              "fail": false,
              "pending": false,
              "context": null,
              "code": "cy.get('h1#title').then(function (title) {\n  cy.get('#color-palette').should('be.belowOf', title);\n});",
              "err": {},
              "uuid": "f3030b8d-e3c8-4d15-bc44-d11da31a20dd",
              "parentUUID": "772f503a-81fd-4b5e-abdf-d89602a1872b",
              "isHook": false,
              "skipped": false
            },
            {
              "title": "Verifica se a paleta de cores não contém cores repetidas.",
              "fullTitle": "2 - Adicione à página uma paleta de quatro cores distintas. Verifica se a paleta de cores não contém cores repetidas.",
              "timedOut": null,
              "duration": 163,
              "state": "passed",
              "speed": "slow",
              "pass": true,
              "fail": false,
              "pending": false,
              "context": null,
              "code": "cy.get('.color').then(function (colors) {\n  var allColors = Array.from(colors).map(function (color) {\n    return Cypress.$(color).css('background-color');\n  });\n  cy.log(allColors);\n  var uniqColors = (0, _toConsumableArray2[\"default\"])(new Set(allColors));\n  cy.log(uniqColors);\n  expect(allColors.length).to.eq(uniqColors.length);\n});",
              "err": {},
              "uuid": "88935f56-12c3-4e4b-9142-fae8a70f2562",
              "parentUUID": "772f503a-81fd-4b5e-abdf-d89602a1872b",
              "isHook": false,
              "skipped": false
            }
          ],
          "suites": [],
          "passes": [
            "dbcc3dae-9000-4b53-9083-c8892aeccc6e",
            "68ea621e-572a-4363-a689-1597cb1d58ba",
            "3a3677d0-c136-4cee-836e-94aab46b5e4e",
            "4852083e-f55f-494d-9fea-b972dedcab50",
            "1daae459-8c2d-48f2-ad91-073d79531eae",
            "f3030b8d-e3c8-4d15-bc44-d11da31a20dd",
            "88935f56-12c3-4e4b-9142-fae8a70f2562"
          ],
          "failures": [],
          "pending": [],
          "skipped": [],
          "duration": 1927,
          "root": false,
          "rootEmpty": false,
          "_timeout": 2000
        },
        {
          "uuid": "77aa0cdf-2334-4453-8c46-3c43f199b13b",
          "title": "3 - Adicione a cor **preta** como a primeira cor da paleta de cores.",
          "fullFile": "",
          "file": "",
          "beforeHooks": [],
          "afterHooks": [],
          "tests": [
            {
              "title": "Verifica se a primeira cor da paleta é preta",
              "fullTitle": "3 - Adicione a cor **preta** como a primeira cor da paleta de cores. Verifica se a primeira cor da paleta é preta",
              "timedOut": null,
              "duration": 147,
              "state": "passed",
              "speed": "slow",
              "pass": true,
              "fail": false,
              "pending": false,
              "context": null,
              "code": "cy.get('.color').first().should('have.css', 'background-color', BLACK);",
              "err": {},
              "uuid": "ca85c10d-59ab-4054-8210-46c8895d7a54",
              "parentUUID": "77aa0cdf-2334-4453-8c46-3c43f199b13b",
              "isHook": false,
              "skipped": false
            },
            {
              "title": "Verifica se as demais cores podem ser escolhidas livremente.",
              "fullTitle": "3 - Adicione a cor **preta** como a primeira cor da paleta de cores. Verifica se as demais cores podem ser escolhidas livremente.",
              "timedOut": null,
              "duration": 418,
              "state": "passed",
              "speed": "slow",
              "pass": true,
              "fail": false,
              "pending": false,
              "context": null,
              "code": "cy.get('.color').eq(1).should('not.have.css', 'background-color', BLACK);\ncy.get('.color').eq(1).should('not.have.css', 'background-color', WHITE);\ncy.get('.color').eq(1).should('not.have.css', 'background-color', 'rgba(0, 0, 0, 0)');\ncy.get('.color').eq(1).should('have.css', 'background-color');\ncy.get('.color').eq(2).should('not.have.css', 'background-color', BLACK);\ncy.get('.color').eq(2).should('not.have.css', 'background-color', WHITE);\ncy.get('.color').eq(2).should('not.have.css', 'background-color', 'rgba(0, 0, 0, 0)');\ncy.get('.color').eq(2).should('have.css', 'background-color');\ncy.get('.color').eq(3).should('not.have.css', 'background-color', BLACK);\ncy.get('.color').eq(3).should('not.have.css', 'background-color', WHITE);\ncy.get('.color').eq(3).should('not.have.css', 'background-color', 'rgba(0, 0, 0, 0)');\ncy.get('.color').eq(3).should('have.css', 'background-color');",
              "err": {},
              "uuid": "d9de24c6-b2d5-427f-8c7c-671615dedbf6",
              "parentUUID": "77aa0cdf-2334-4453-8c46-3c43f199b13b",
              "isHook": false,
              "skipped": false
            }
          ],
          "suites": [],
          "passes": [
            "ca85c10d-59ab-4054-8210-46c8895d7a54",
            "d9de24c6-b2d5-427f-8c7c-671615dedbf6"
          ],
          "failures": [],
          "pending": [],
          "skipped": [],
          "duration": 565,
          "root": false,
          "rootEmpty": false,
          "_timeout": 2000
        },
        {
          "uuid": "6dabaf0f-a3a1-4c88-96ac-e0728f443a71",
          "title": "4 - Adicione à página um quadro de pixels, com 25 pixels.",
          "fullFile": "",
          "file": "",
          "beforeHooks": [],
          "afterHooks": [],
          "tests": [
            {
              "title": "Verifica se o quadro de pixels possui o `id` denominado `pixel-board`",
              "fullTitle": "4 - Adicione à página um quadro de pixels, com 25 pixels. Verifica se o quadro de pixels possui o `id` denominado `pixel-board`",
              "timedOut": null,
              "duration": 163,
              "state": "passed",
              "speed": "slow",
              "pass": true,
              "fail": false,
              "pending": false,
              "context": null,
              "code": "cy.get('#pixel-board').should('be.visible');",
              "err": {},
              "uuid": "3aa75984-a2b9-4e29-bbcd-80d54131ccdd",
              "parentUUID": "6dabaf0f-a3a1-4c88-96ac-e0728f443a71",
              "isHook": false,
              "skipped": false
            },
            {
              "title": "Verifica se cada pixel individual dentro do quadro possui a `classe` denominada `pixel`.",
              "fullTitle": "4 - Adicione à página um quadro de pixels, com 25 pixels. Verifica se cada pixel individual dentro do quadro possui a `classe` denominada `pixel`.",
              "timedOut": null,
              "duration": 266,
              "state": "passed",
              "speed": "slow",
              "pass": true,
              "fail": false,
              "pending": false,
              "context": null,
              "code": "cy.get('.pixel').should('have.length', 25);",
              "err": {},
              "uuid": "a117d141-ca21-4111-b586-3c75f8f7bb40",
              "parentUUID": "6dabaf0f-a3a1-4c88-96ac-e0728f443a71",
              "isHook": false,
              "skipped": false
            },
            {
              "title": "Verifica se a cor inicial dos pixels dentro do quadro, ao abrir a página, é branca.",
              "fullTitle": "4 - Adicione à página um quadro de pixels, com 25 pixels. Verifica se a cor inicial dos pixels dentro do quadro, ao abrir a página, é branca.",
              "timedOut": null,
              "duration": 350,
              "state": "passed",
              "speed": "slow",
              "pass": true,
              "fail": false,
              "pending": false,
              "context": null,
              "code": "cy.get('.pixel').should('have.length', 25).each(function (pixel) {\n  expect(pixel).to.have.css('background-color', WHITE);\n});",
              "err": {},
              "uuid": "ea67d7c7-d36f-4cb6-902e-d5c7b06a83ec",
              "parentUUID": "6dabaf0f-a3a1-4c88-96ac-e0728f443a71",
              "isHook": false,
              "skipped": false
            },
            {
              "title": "Verifica se o quadro de pixels aparece abaixo da paleta de cores",
              "fullTitle": "4 - Adicione à página um quadro de pixels, com 25 pixels. Verifica se o quadro de pixels aparece abaixo da paleta de cores",
              "timedOut": null,
              "duration": 198,
              "state": "passed",
              "speed": "slow",
              "pass": true,
              "fail": false,
              "pending": false,
              "context": null,
              "code": "cy.get('#color-palette').then(function (palette) {\n  cy.get('#pixel-board').should('be.belowOf', palette);\n});",
              "err": {},
              "uuid": "f269928f-87a4-4a9e-a365-0a13ea49766d",
              "parentUUID": "6dabaf0f-a3a1-4c88-96ac-e0728f443a71",
              "isHook": false,
              "skipped": false
            }
          ],
          "suites": [],
          "passes": [
            "3aa75984-a2b9-4e29-bbcd-80d54131ccdd",
            "a117d141-ca21-4111-b586-3c75f8f7bb40",
            "ea67d7c7-d36f-4cb6-902e-d5c7b06a83ec",
            "f269928f-87a4-4a9e-a365-0a13ea49766d"
          ],
          "failures": [],
          "pending": [],
          "skipped": [],
          "duration": 977,
          "root": false,
          "rootEmpty": false,
          "_timeout": 2000
        },
        {
          "uuid": "25b14aab-8ad3-4b9a-acdd-fb5b41db866a",
          "title": "5 - Faça com que cada elemento do quadro de pixels possua 40 pixels de largura, 40 pixels de altura e seja delimitado por uma borda preta de 1 pixel.",
          "fullFile": "",
          "file": "",
          "beforeHooks": [],
          "afterHooks": [],
          "tests": [
            {
              "title": "Verifica se o quadro de pixels tem altura e comprimento de 5 elementos",
              "fullTitle": "5 - Faça com que cada elemento do quadro de pixels possua 40 pixels de largura, 40 pixels de altura e seja delimitado por uma borda preta de 1 pixel. Verifica se o quadro de pixels tem altura e comprimento de 5 elementos",
              "timedOut": null,
              "duration": 578,
              "state": "passed",
              "speed": "slow",
              "pass": true,
              "fail": false,
              "pending": false,
              "context": null,
              "code": "cy.get('.pixel').should('have.length', 25).each(function (pixel) {\n  expect(pixel).to.have.css('background-color', WHITE);\n}).and(function (pixels) {\n  var rows = chunk(pixels, 5);\n  rows.forEach(function (row) {\n    for (var index = 1; index < row.length; index += 1) {\n      var current = pixels[index];\n      var previous = pixels[index - 1];\n      cy.wrap(current).should('be.onTheRightOf', previous).and('be.horizontallyAlignedWith', previous);\n    }\n  });\n  for (var index = 1; index < 5; index += 1) {\n    expect(pixels[index * 5]).to.be.belowOf(pixels[(index - 1) * 5]);\n  }\n});",
              "err": {},
              "uuid": "1c5fef2b-068f-42be-8a12-067c847da6d9",
              "parentUUID": "25b14aab-8ad3-4b9a-acdd-fb5b41db866a",
              "isHook": false,
              "skipped": false
            },
            {
              "title": "Verifica se 40 pixels é o tamanho total do elemento, incluindo seu conteúdo e excluindo a borda preta, que deve ser criada à parte.",
              "fullTitle": "5 - Faça com que cada elemento do quadro de pixels possua 40 pixels de largura, 40 pixels de altura e seja delimitado por uma borda preta de 1 pixel. Verifica se 40 pixels é o tamanho total do elemento, incluindo seu conteúdo e excluindo a borda preta, que deve ser criada à parte.",
              "timedOut": null,
              "duration": 598,
              "state": "passed",
              "speed": "slow",
              "pass": true,
              "fail": false,
              "pending": false,
              "context": null,
              "code": "cy.get('.pixel').each(function (pixel) {\n  cy.wrap(pixel).should('have.css', 'height', '40px').and('have.css', 'width', '40px').and('have.css', 'border', \"1px solid \".concat(BLACK));\n});",
              "err": {},
              "uuid": "a97d0587-6796-45a2-8bf5-f92abc00647c",
              "parentUUID": "25b14aab-8ad3-4b9a-acdd-fb5b41db866a",
              "isHook": false,
              "skipped": false
            }
          ],
          "suites": [],
          "passes": [
            "1c5fef2b-068f-42be-8a12-067c847da6d9",
            "a97d0587-6796-45a2-8bf5-f92abc00647c"
          ],
          "failures": [],
          "pending": [],
          "skipped": [],
          "duration": 1176,
          "root": false,
          "rootEmpty": false,
          "_timeout": 2000
        },
        {
          "uuid": "efa3141e-87da-4830-86cb-4f792d18d1cd",
          "title": "6 - Defina a cor preta como cor inicial. Ao carregar a página a cor preta já deve estar selecionada para pintar os pixels",
          "fullFile": "",
          "file": "",
          "beforeHooks": [],
          "afterHooks": [],
          "tests": [
            {
              "title": "Verifica se o elemento da cor preta possui, inicialmente, a `classe` `selected`",
              "fullTitle": "6 - Defina a cor preta como cor inicial. Ao carregar a página a cor preta já deve estar selecionada para pintar os pixels Verifica se o elemento da cor preta possui, inicialmente, a `classe` `selected`",
              "timedOut": null,
              "duration": 140,
              "state": "passed",
              "speed": "slow",
              "pass": true,
              "fail": false,
              "pending": false,
              "context": null,
              "code": "cy.get('.selected').first().should('have.css', 'background-color', BLACK);",
              "err": {},
              "uuid": "d485948b-ee21-4f3b-838d-3a7c822b2aee",
              "parentUUID": "efa3141e-87da-4830-86cb-4f792d18d1cd",
              "isHook": false,
              "skipped": false
            },
            {
              "title": "Verifica se nenhuma outra cor da paleta tem a `classe` `selected`",
              "fullTitle": "6 - Defina a cor preta como cor inicial. Ao carregar a página a cor preta já deve estar selecionada para pintar os pixels Verifica se nenhuma outra cor da paleta tem a `classe` `selected`",
              "timedOut": null,
              "duration": 155,
              "state": "passed",
              "speed": "slow",
              "pass": true,
              "fail": false,
              "pending": false,
              "context": null,
              "code": "cy.get('.color:not(:first-child)').each(function (color) {\n  cy.wrap(color).should('not.have.class', 'selected');\n});",
              "err": {},
              "uuid": "b569900f-675f-4b99-8d45-e648a177fc5d",
              "parentUUID": "efa3141e-87da-4830-86cb-4f792d18d1cd",
              "isHook": false,
              "skipped": false
            }
          ],
          "suites": [],
          "passes": [
            "d485948b-ee21-4f3b-838d-3a7c822b2aee",
            "b569900f-675f-4b99-8d45-e648a177fc5d"
          ],
          "failures": [],
          "pending": [],
          "skipped": [],
          "duration": 295,
          "root": false,
          "rootEmpty": false,
          "_timeout": 2000
        },
        {
          "uuid": "5ca1a1e7-71f5-4fb9-aeb8-2fc739793ede",
          "title": "7 - Clicar em uma das cores da paleta, faz com que ela seja selecionada e utilizada para preencher os pixels no quadro.",
          "fullFile": "",
          "file": "",
          "beforeHooks": [],
          "afterHooks": [],
          "tests": [
            {
              "title": "Verifica se somente uma cor da paleta de cores tem a classe `selected` de cada vez",
              "fullTitle": "7 - Clicar em uma das cores da paleta, faz com que ela seja selecionada e utilizada para preencher os pixels no quadro. Verifica se somente uma cor da paleta de cores tem a classe `selected` de cada vez",
              "timedOut": null,
              "duration": 633,
              "state": "passed",
              "speed": "slow",
              "pass": true,
              "fail": false,
              "pending": false,
              "context": null,
              "code": "cy.get('.color').each(function (selectedColor, selectedColorIndex) {\n  cy.wrap(selectedColor).click();\n  cy.get('.color').each(function (color, colorIndex) {\n    if (colorIndex === selectedColorIndex) {\n      expect(color).to.have[\"class\"]('selected');\n    } else {\n      expect(color).not.to.have[\"class\"]('selected');\n    }\n  });\n});",
              "err": {},
              "uuid": "8ecf875d-e237-42db-b0d3-b01f4706c2a9",
              "parentUUID": "5ca1a1e7-71f5-4fb9-aeb8-2fc739793ede",
              "isHook": false,
              "skipped": false
            },
            {
              "title": "Verifica se os pixels dentro do quadro não têm a classe `selected` quando são clicados",
              "fullTitle": "7 - Clicar em uma das cores da paleta, faz com que ela seja selecionada e utilizada para preencher os pixels no quadro. Verifica se os pixels dentro do quadro não têm a classe `selected` quando são clicados",
              "timedOut": null,
              "duration": 9227,
              "state": "passed",
              "speed": "slow",
              "pass": true,
              "fail": false,
              "pending": false,
              "context": null,
              "code": "cy.get('.color').each(function (color) {\n  var backgroundColor = color.css('background-color');\n  cy.wrap(color).click();\n  cy.get('.pixel').each(function (pixel) {\n    cy.wrap(pixel).click().should('not.have.class', 'selected');\n  });\n});",
              "err": {},
              "uuid": "4150708c-ba00-48fa-9787-26661cdc5342",
              "parentUUID": "5ca1a1e7-71f5-4fb9-aeb8-2fc739793ede",
              "isHook": false,
              "skipped": false
            }
          ],
          "suites": [],
          "passes": [
            "8ecf875d-e237-42db-b0d3-b01f4706c2a9",
            "4150708c-ba00-48fa-9787-26661cdc5342"
          ],
          "failures": [],
          "pending": [],
          "skipped": [],
          "duration": 9860,
          "root": false,
          "rootEmpty": false,
          "_timeout": 2000
        },
        {
          "uuid": "72bf3243-300a-4bbf-b4d4-e7983a6c0ead",
          "title": "8 - Clicar em um pixel dentro do quadro após selecionar uma cor na paleta, faz com que o pixel seja preenchido com a cor selecionada.",
          "fullFile": "",
          "file": "",
          "beforeHooks": [],
          "afterHooks": [],
          "tests": [
            {
              "title": "Verifica se ao carregar a página deve ser possível pintar os pixels de preto",
              "fullTitle": "8 - Clicar em um pixel dentro do quadro após selecionar uma cor na paleta, faz com que o pixel seja preenchido com a cor selecionada. Verifica se ao carregar a página deve ser possível pintar os pixels de preto",
              "timedOut": null,
              "duration": 4649,
              "state": "failed",
              "speed": null,
              "pass": false,
              "fail": true,
              "pending": false,
              "context": null,
              "code": "cy.get('.pixel').each(function (pixel) {\n  cy.wrap(pixel).click().should('have.css', 'background-color', BLACK);\n});",
              "err": {
                "message": "CypressError: Timed out retrying: expected '<div.pixel>' to have CSS property 'background-color' with the value 'rgb(0, 0, 0)', but the value was 'rgb(255, 255, 255)'",
                "estack": "CypressError: Timed out retrying: expected '<div.pixel>' to have CSS property 'background-color' with the value 'rgb(0, 0, 0)', but the value was 'rgb(255, 255, 255)'\n    at cypressErr (http://localhost:39227/__cypress/runner/cypress_runner.js:149934:9)\n    at throwErr (http://localhost:39227/__cypress/runner/cypress_runner.js:149867:11)\n    at Object.throwErrByPath (http://localhost:39227/__cypress/runner/cypress_runner.js:149915:3)\n    at retry (http://localhost:39227/__cypress/runner/cypress_runner.js:144197:19)\n    at onFailFn (http://localhost:39227/__cypress/runner/cypress_runner.js:132448:16)\n    at tryCatcher (http://localhost:39227/__cypress/runner/cypress_runner.js:167415:23)\n    at Promise._settlePromiseFromHandler (http://localhost:39227/__cypress/runner/cypress_runner.js:165351:31)\n    at Promise._settlePromise (http://localhost:39227/__cypress/runner/cypress_runner.js:165408:18)\n    at Promise._settlePromise0 (http://localhost:39227/__cypress/runner/cypress_runner.js:165453:10)\n    at Promise._settlePromises (http://localhost:39227/__cypress/runner/cypress_runner.js:165528:18)\n    at Async../node_modules/bluebird/js/release/async.js.Async._drainQueue (http://localhost:39227/__cypress/runner/cypress_runner.js:162140:16)\n    at Async../node_modules/bluebird/js/release/async.js.Async._drainQueues (http://localhost:39227/__cypress/runner/cypress_runner.js:162150:10)\n    at Async.drainQueues (http://localhost:39227/__cypress/runner/cypress_runner.js:162024:14)",
                "diff": null
              },
              "uuid": "369d352b-da1b-46f7-9a18-f395f33190f2",
              "parentUUID": "72bf3243-300a-4bbf-b4d4-e7983a6c0ead",
              "isHook": false,
              "skipped": false
            },
            {
              "title": "Verifica se após selecionar uma outra cor na paleta, é possível pintar os pixels com essa cor",
              "fullTitle": "8 - Clicar em um pixel dentro do quadro após selecionar uma cor na paleta, faz com que o pixel seja preenchido com a cor selecionada. Verifica se após selecionar uma outra cor na paleta, é possível pintar os pixels com essa cor",
              "timedOut": null,
              "duration": 4690,
              "state": "failed",
              "speed": null,
              "pass": false,
              "fail": true,
              "pending": false,
              "context": null,
              "code": "cy.get('.color').each(function (color) {\n  var backgroundColor = color.css('background-color');\n  cy.wrap(color).click();\n  cy.get('.pixel').each(function (pixel) {\n    cy.wrap(pixel).click().should('have.css', 'background-color', backgroundColor);\n  });\n});",
              "err": {
                "message": "CypressError: Timed out retrying: expected '<div.pixel>' to have CSS property 'background-color' with the value 'rgb(0, 0, 0)', but the value was 'rgb(255, 255, 255)'",
                "estack": "CypressError: Timed out retrying: expected '<div.pixel>' to have CSS property 'background-color' with the value 'rgb(0, 0, 0)', but the value was 'rgb(255, 255, 255)'\n    at cypressErr (http://localhost:39227/__cypress/runner/cypress_runner.js:149934:9)\n    at throwErr (http://localhost:39227/__cypress/runner/cypress_runner.js:149867:11)\n    at Object.throwErrByPath (http://localhost:39227/__cypress/runner/cypress_runner.js:149915:3)\n    at retry (http://localhost:39227/__cypress/runner/cypress_runner.js:144197:19)\n    at onFailFn (http://localhost:39227/__cypress/runner/cypress_runner.js:132448:16)\n    at tryCatcher (http://localhost:39227/__cypress/runner/cypress_runner.js:167415:23)\n    at Promise._settlePromiseFromHandler (http://localhost:39227/__cypress/runner/cypress_runner.js:165351:31)\n    at Promise._settlePromise (http://localhost:39227/__cypress/runner/cypress_runner.js:165408:18)\n    at Promise._settlePromise0 (http://localhost:39227/__cypress/runner/cypress_runner.js:165453:10)\n    at Promise._settlePromises (http://localhost:39227/__cypress/runner/cypress_runner.js:165528:18)\n    at Async../node_modules/bluebird/js/release/async.js.Async._drainQueue (http://localhost:39227/__cypress/runner/cypress_runner.js:162140:16)\n    at Async../node_modules/bluebird/js/release/async.js.Async._drainQueues (http://localhost:39227/__cypress/runner/cypress_runner.js:162150:10)\n    at Async.drainQueues (http://localhost:39227/__cypress/runner/cypress_runner.js:162024:14)",
                "diff": null
              },
              "uuid": "04b23efe-b99c-4ff6-8b82-d6e5b567bd96",
              "parentUUID": "72bf3243-300a-4bbf-b4d4-e7983a6c0ead",
              "isHook": false,
              "skipped": false
            },
            {
              "title": "Verifica se somente o pixel que foi clicado foi preenchido com a cor selecionada, sem influenciar na cor dos demais pixels.",
              "fullTitle": "8 - Clicar em um pixel dentro do quadro após selecionar uma cor na paleta, faz com que o pixel seja preenchido com a cor selecionada. Verifica se somente o pixel que foi clicado foi preenchido com a cor selecionada, sem influenciar na cor dos demais pixels.",
              "timedOut": null,
              "duration": 2369,
              "state": "passed",
              "speed": "slow",
              "pass": true,
              "fail": false,
              "pending": false,
              "context": null,
              "code": "var colorToPixelIndexMap = {\n  0: 6,\n  1: 8,\n  2: 16,\n  3: 18\n};\ncy.get('.color').each(function (color, index) {\n  cy.wrap(color).click();\n  var backgroundColor = color.css('background-color');\n  var clickedPixelIndex = colorToPixelIndexMap[index];\n  cy.get('.pixel').eq(clickedPixelIndex).click();\n  cy.get('.pixel').eq(clickedPixelIndex - 1).should('not.have.css', 'background-color', backgroundColor);\n  cy.get('.pixel').eq(clickedPixelIndex + 1).should('not.have.css', 'background-color', backgroundColor);\n  cy.get('.pixel').eq(clickedPixelIndex - 5).should('not.have.css', 'background-color', backgroundColor);\n  cy.get('.pixel').eq(clickedPixelIndex + 5).should('not.have.css', 'background-color', backgroundColor);\n  cy.get('.pixel').eq(clickedPixelIndex - 6).should('not.have.css', 'background-color', backgroundColor);\n  cy.get('.pixel').eq(clickedPixelIndex - 4).should('not.have.css', 'background-color', backgroundColor);\n  cy.get('.pixel').eq(clickedPixelIndex + 4).should('not.have.css', 'background-color', backgroundColor);\n  cy.get('.pixel').eq(clickedPixelIndex + 6).should('not.have.css', 'background-color', backgroundColor);\n});",
              "err": {},
              "uuid": "c44857c6-d790-44bd-958d-a89bdab0e58d",
              "parentUUID": "72bf3243-300a-4bbf-b4d4-e7983a6c0ead",
              "isHook": false,
              "skipped": false
            }
          ],
          "suites": [],
          "passes": [
            "c44857c6-d790-44bd-958d-a89bdab0e58d"
          ],
          "failures": [
            "369d352b-da1b-46f7-9a18-f395f33190f2",
            "04b23efe-b99c-4ff6-8b82-d6e5b567bd96"
          ],
          "pending": [],
          "skipped": [],
          "duration": 11708,
          "root": false,
          "rootEmpty": false,
          "_timeout": 2000
        },
        {
          "uuid": "c5ee66fd-6b81-4a67-8176-b003064883c1",
          "title": "9 - Crie um botão que, ao ser clicado, limpa o quadro preenchendo a cor de todos seus pixels com branco.",
          "fullFile": "",
          "file": "",
          "beforeHooks": [],
          "afterHooks": [],
          "tests": [
            {
              "title": "Verifica se o botão tem o `id` denominado `clear-board`",
              "fullTitle": "9 - Crie um botão que, ao ser clicado, limpa o quadro preenchendo a cor de todos seus pixels com branco. Verifica se o botão tem o `id` denominado `clear-board`",
              "timedOut": null,
              "duration": 274,
              "state": "passed",
              "speed": "slow",
              "pass": true,
              "fail": false,
              "pending": false,
              "context": null,
              "code": "cy.get('#clear-board').should('be.visible');",
              "err": {},
              "uuid": "200acaaa-570f-4597-9b65-e2fcc0d3da11",
              "parentUUID": "c5ee66fd-6b81-4a67-8176-b003064883c1",
              "isHook": false,
              "skipped": false
            },
            {
              "title": "Verifica se o botão está posicionado entre a paleta de cores e o quadro de pixels",
              "fullTitle": "9 - Crie um botão que, ao ser clicado, limpa o quadro preenchendo a cor de todos seus pixels com branco. Verifica se o botão está posicionado entre a paleta de cores e o quadro de pixels",
              "timedOut": null,
              "duration": 213,
              "state": "passed",
              "speed": "slow",
              "pass": true,
              "fail": false,
              "pending": false,
              "context": null,
              "code": "cy.get('#color-palette').then(function (palette) {\n  cy.get('#clear-board').should('be.belowOf', palette);\n});\ncy.get('#clear-board').then(function (clearBtn) {\n  cy.get('#pixel-board').should('be.belowOf', clearBtn);\n});",
              "err": {},
              "uuid": "823b0ba9-b263-40c0-9fa3-8b317e71ce92",
              "parentUUID": "c5ee66fd-6b81-4a67-8176-b003064883c1",
              "isHook": false,
              "skipped": false
            },
            {
              "title": "Verifica se o texto do botão é 'Limpar'",
              "fullTitle": "9 - Crie um botão que, ao ser clicado, limpa o quadro preenchendo a cor de todos seus pixels com branco. Verifica se o texto do botão é 'Limpar'",
              "timedOut": null,
              "duration": 148,
              "state": "passed",
              "speed": "slow",
              "pass": true,
              "fail": false,
              "pending": false,
              "context": null,
              "code": "cy.get('#clear-board').should('contain.text', 'Limpar');",
              "err": {},
              "uuid": "02d8cca4-e2ba-4290-9d42-c23fea88a482",
              "parentUUID": "c5ee66fd-6b81-4a67-8176-b003064883c1",
              "isHook": false,
              "skipped": false
            },
            {
              "title": "Verifica se ao clicar no botão, o quadro de pixels é totalmente preenchido de branco",
              "fullTitle": "9 - Crie um botão que, ao ser clicado, limpa o quadro preenchendo a cor de todos seus pixels com branco. Verifica se ao clicar no botão, o quadro de pixels é totalmente preenchido de branco",
              "timedOut": null,
              "duration": 4579,
              "state": "failed",
              "speed": null,
              "pass": false,
              "fail": true,
              "pending": false,
              "context": null,
              "code": "cy.get('.color').eq(1).then(function (color) {\n  var backgroundColor = color.css('background-color');\n  cy.wrap(color).click();\n  cy.get('.pixel').each(function (pixel) {\n    cy.wrap(pixel).click().should('have.css', 'background-color', backgroundColor);\n  });\n});\ncy.get('#clear-board').click();\ncy.get('.pixel').each(function (pixel) {\n  cy.wrap(pixel).should('have.css', 'background-color', WHITE);\n});",
              "err": {
                "message": "CypressError: Timed out retrying: expected '<div.pixel>' to have CSS property 'background-color' with the value 'rgb(128, 0, 128)', but the value was 'rgb(255, 255, 255)'",
                "estack": "CypressError: Timed out retrying: expected '<div.pixel>' to have CSS property 'background-color' with the value 'rgb(128, 0, 128)', but the value was 'rgb(255, 255, 255)'\n    at cypressErr (http://localhost:39227/__cypress/runner/cypress_runner.js:149934:9)\n    at throwErr (http://localhost:39227/__cypress/runner/cypress_runner.js:149867:11)\n    at Object.throwErrByPath (http://localhost:39227/__cypress/runner/cypress_runner.js:149915:3)\n    at retry (http://localhost:39227/__cypress/runner/cypress_runner.js:144197:19)\n    at onFailFn (http://localhost:39227/__cypress/runner/cypress_runner.js:132448:16)\n    at tryCatcher (http://localhost:39227/__cypress/runner/cypress_runner.js:167415:23)\n    at Promise._settlePromiseFromHandler (http://localhost:39227/__cypress/runner/cypress_runner.js:165351:31)\n    at Promise._settlePromise (http://localhost:39227/__cypress/runner/cypress_runner.js:165408:18)\n    at Promise._settlePromise0 (http://localhost:39227/__cypress/runner/cypress_runner.js:165453:10)\n    at Promise._settlePromises (http://localhost:39227/__cypress/runner/cypress_runner.js:165528:18)\n    at Async../node_modules/bluebird/js/release/async.js.Async._drainQueue (http://localhost:39227/__cypress/runner/cypress_runner.js:162140:16)\n    at Async../node_modules/bluebird/js/release/async.js.Async._drainQueues (http://localhost:39227/__cypress/runner/cypress_runner.js:162150:10)\n    at Async.drainQueues (http://localhost:39227/__cypress/runner/cypress_runner.js:162024:14)",
                "diff": null
              },
              "uuid": "d620d8af-99c1-4474-989d-38c3e425992c",
              "parentUUID": "c5ee66fd-6b81-4a67-8176-b003064883c1",
              "isHook": false,
              "skipped": false
            }
          ],
          "suites": [],
          "passes": [
            "200acaaa-570f-4597-9b65-e2fcc0d3da11",
            "823b0ba9-b263-40c0-9fa3-8b317e71ce92",
            "02d8cca4-e2ba-4290-9d42-c23fea88a482"
          ],
          "failures": [
            "d620d8af-99c1-4474-989d-38c3e425992c"
          ],
          "pending": [],
          "skipped": [],
          "duration": 5214,
          "root": false,
          "rootEmpty": false,
          "_timeout": 2000
        },
        {
          "uuid": "02b40599-92c7-4eb1-b31a-2b45c04976d4",
          "title": "10 - Faça o quadro de pixels ter seu tamanho definido pelo usuário.",
          "fullFile": "",
          "file": "",
          "beforeHooks": [],
          "afterHooks": [],
          "tests": [
            {
              "title": "Verifica se existe um input com o id `board-size`",
              "fullTitle": "10 - Faça o quadro de pixels ter seu tamanho definido pelo usuário. Verifica se existe um input com o id `board-size`",
              "timedOut": null,
              "duration": 4571,
              "state": "failed",
              "speed": null,
              "pass": false,
              "fail": true,
              "pending": false,
              "context": null,
              "code": "cy.get('#board-size').should('be.visible');",
              "err": {
                "message": "CypressError: Timed out retrying: Expected to find element: '#board-size', but never found it.",
                "estack": "CypressError: Timed out retrying: Expected to find element: '#board-size', but never found it.\n    at cypressErr (http://localhost:39227/__cypress/runner/cypress_runner.js:149934:9)\n    at throwErr (http://localhost:39227/__cypress/runner/cypress_runner.js:149867:11)\n    at Object.throwErrByPath (http://localhost:39227/__cypress/runner/cypress_runner.js:149915:3)\n    at retry (http://localhost:39227/__cypress/runner/cypress_runner.js:144197:19)\n    at onFailFn (http://localhost:39227/__cypress/runner/cypress_runner.js:132448:16)\n    at tryCatcher (http://localhost:39227/__cypress/runner/cypress_runner.js:167415:23)\n    at Promise._settlePromiseFromHandler (http://localhost:39227/__cypress/runner/cypress_runner.js:165351:31)\n    at Promise._settlePromise (http://localhost:39227/__cypress/runner/cypress_runner.js:165408:18)\n    at Promise._settlePromise0 (http://localhost:39227/__cypress/runner/cypress_runner.js:165453:10)\n    at Promise._settlePromises (http://localhost:39227/__cypress/runner/cypress_runner.js:165528:18)\n    at Async../node_modules/bluebird/js/release/async.js.Async._drainQueue (http://localhost:39227/__cypress/runner/cypress_runner.js:162140:16)\n    at Async../node_modules/bluebird/js/release/async.js.Async._drainQueues (http://localhost:39227/__cypress/runner/cypress_runner.js:162150:10)\n    at Async.drainQueues (http://localhost:39227/__cypress/runner/cypress_runner.js:162024:14)",
                "diff": null
              },
              "uuid": "f7a257f0-e7b3-4950-9c44-9ef72a86e84a",
              "parentUUID": "02b40599-92c7-4eb1-b31a-2b45c04976d4",
              "isHook": false,
              "skipped": false
            },
            {
              "title": "Verifica se existe um botão com o id `generate-board`",
              "fullTitle": "10 - Faça o quadro de pixels ter seu tamanho definido pelo usuário. Verifica se existe um botão com o id `generate-board`",
              "timedOut": null,
              "duration": 4543,
              "state": "failed",
              "speed": null,
              "pass": false,
              "fail": true,
              "pending": false,
              "context": null,
              "code": "cy.get('#generate-board').should('be.visible');",
              "err": {
                "message": "CypressError: Timed out retrying: Expected to find element: '#generate-board', but never found it.",
                "estack": "CypressError: Timed out retrying: Expected to find element: '#generate-board', but never found it.\n    at cypressErr (http://localhost:39227/__cypress/runner/cypress_runner.js:149934:9)\n    at throwErr (http://localhost:39227/__cypress/runner/cypress_runner.js:149867:11)\n    at Object.throwErrByPath (http://localhost:39227/__cypress/runner/cypress_runner.js:149915:3)\n    at retry (http://localhost:39227/__cypress/runner/cypress_runner.js:144197:19)\n    at onFailFn (http://localhost:39227/__cypress/runner/cypress_runner.js:132448:16)\n    at tryCatcher (http://localhost:39227/__cypress/runner/cypress_runner.js:167415:23)\n    at Promise._settlePromiseFromHandler (http://localhost:39227/__cypress/runner/cypress_runner.js:165351:31)\n    at Promise._settlePromise (http://localhost:39227/__cypress/runner/cypress_runner.js:165408:18)\n    at Promise._settlePromise0 (http://localhost:39227/__cypress/runner/cypress_runner.js:165453:10)\n    at Promise._settlePromises (http://localhost:39227/__cypress/runner/cypress_runner.js:165528:18)\n    at Async../node_modules/bluebird/js/release/async.js.Async._drainQueue (http://localhost:39227/__cypress/runner/cypress_runner.js:162140:16)\n    at Async../node_modules/bluebird/js/release/async.js.Async._drainQueues (http://localhost:39227/__cypress/runner/cypress_runner.js:162150:10)\n    at Async.drainQueues (http://localhost:39227/__cypress/runner/cypress_runner.js:162024:14)",
                "diff": null
              },
              "uuid": "e725ece7-224a-4343-a9be-898b9c41d15a",
              "parentUUID": "02b40599-92c7-4eb1-b31a-2b45c04976d4",
              "isHook": false,
              "skipped": false
            },
            {
              "title": "Verifica se o input só aceita número maiores que zero. Essa restrição deve ser feita usando os atributos do elemento `input`",
              "fullTitle": "10 - Faça o quadro de pixels ter seu tamanho definido pelo usuário. Verifica se o input só aceita número maiores que zero. Essa restrição deve ser feita usando os atributos do elemento `input`",
              "timedOut": null,
              "duration": 4506,
              "state": "failed",
              "speed": null,
              "pass": false,
              "fail": true,
              "pending": false,
              "context": null,
              "code": "cy.get('#board-size[type=\\'number\\'][min=\\'1\\']');",
              "err": {
                "message": "CypressError: Timed out retrying: Expected to find element: '#board-size[type='number'][min='1']', but never found it.",
                "estack": "CypressError: Timed out retrying: Expected to find element: '#board-size[type='number'][min='1']', but never found it.\n    at cypressErr (http://localhost:39227/__cypress/runner/cypress_runner.js:149934:9)\n    at throwErr (http://localhost:39227/__cypress/runner/cypress_runner.js:149867:11)\n    at Object.throwErrByPath (http://localhost:39227/__cypress/runner/cypress_runner.js:149915:3)\n    at retry (http://localhost:39227/__cypress/runner/cypress_runner.js:144197:19)\n    at onFailFn (http://localhost:39227/__cypress/runner/cypress_runner.js:132448:16)\n    at tryCatcher (http://localhost:39227/__cypress/runner/cypress_runner.js:167415:23)\n    at Promise._settlePromiseFromHandler (http://localhost:39227/__cypress/runner/cypress_runner.js:165351:31)\n    at Promise._settlePromise (http://localhost:39227/__cypress/runner/cypress_runner.js:165408:18)\n    at Promise._settlePromise0 (http://localhost:39227/__cypress/runner/cypress_runner.js:165453:10)\n    at Promise._settlePromises (http://localhost:39227/__cypress/runner/cypress_runner.js:165528:18)\n    at Async../node_modules/bluebird/js/release/async.js.Async._drainQueue (http://localhost:39227/__cypress/runner/cypress_runner.js:162140:16)\n    at Async../node_modules/bluebird/js/release/async.js.Async._drainQueues (http://localhost:39227/__cypress/runner/cypress_runner.js:162150:10)\n    at Async.drainQueues (http://localhost:39227/__cypress/runner/cypress_runner.js:162024:14)",
                "diff": null
              },
              "uuid": "b3bdcc5a-d40a-4303-9efc-b7875316665f",
              "parentUUID": "02b40599-92c7-4eb1-b31a-2b45c04976d4",
              "isHook": false,
              "skipped": false
            },
            {
              "title": "Verifica se o botão contém o texto 'VQV'",
              "fullTitle": "10 - Faça o quadro de pixels ter seu tamanho definido pelo usuário. Verifica se o botão contém o texto 'VQV'",
              "timedOut": null,
              "duration": 4548,
              "state": "failed",
              "speed": null,
              "pass": false,
              "fail": true,
              "pending": false,
              "context": null,
              "code": "cy.get('#generate-board').contains(/vqv/i);",
              "err": {
                "message": "CypressError: Timed out retrying: Expected to find element: '#generate-board', but never found it.",
                "estack": "CypressError: Timed out retrying: Expected to find element: '#generate-board', but never found it.\n    at cypressErr (http://localhost:39227/__cypress/runner/cypress_runner.js:149934:9)\n    at throwErr (http://localhost:39227/__cypress/runner/cypress_runner.js:149867:11)\n    at Object.throwErrByPath (http://localhost:39227/__cypress/runner/cypress_runner.js:149915:3)\n    at retry (http://localhost:39227/__cypress/runner/cypress_runner.js:144197:19)\n    at onFailFn (http://localhost:39227/__cypress/runner/cypress_runner.js:132448:16)\n    at tryCatcher (http://localhost:39227/__cypress/runner/cypress_runner.js:167415:23)\n    at Promise._settlePromiseFromHandler (http://localhost:39227/__cypress/runner/cypress_runner.js:165351:31)\n    at Promise._settlePromise (http://localhost:39227/__cypress/runner/cypress_runner.js:165408:18)\n    at Promise._settlePromise0 (http://localhost:39227/__cypress/runner/cypress_runner.js:165453:10)\n    at Promise._settlePromises (http://localhost:39227/__cypress/runner/cypress_runner.js:165528:18)\n    at Async../node_modules/bluebird/js/release/async.js.Async._drainQueue (http://localhost:39227/__cypress/runner/cypress_runner.js:162140:16)\n    at Async../node_modules/bluebird/js/release/async.js.Async._drainQueues (http://localhost:39227/__cypress/runner/cypress_runner.js:162150:10)\n    at Async.drainQueues (http://localhost:39227/__cypress/runner/cypress_runner.js:162024:14)",
                "diff": null
              },
              "uuid": "b4ff0390-341e-46bb-a048-1a31245822fa",
              "parentUUID": "02b40599-92c7-4eb1-b31a-2b45c04976d4",
              "isHook": false,
              "skipped": false
            },
            {
              "title": "Verifica se o input está posicionado entre a paleta de cores e o quadro de pixels",
              "fullTitle": "10 - Faça o quadro de pixels ter seu tamanho definido pelo usuário. Verifica se o input está posicionado entre a paleta de cores e o quadro de pixels",
              "timedOut": null,
              "duration": 4524,
              "state": "failed",
              "speed": null,
              "pass": false,
              "fail": true,
              "pending": false,
              "context": null,
              "code": "cy.get('#color-palette').then(function (palette) {\n  cy.get('#board-size').should('be.belowOf', palette);\n});\ncy.get('#board-size').then(function (palette) {\n  cy.get('#pixel-board').should('be.belowOf', palette);\n});",
              "err": {
                "message": "CypressError: Timed out retrying: Expected to find element: '#board-size', but never found it.",
                "estack": "CypressError: Timed out retrying: Expected to find element: '#board-size', but never found it.\n    at cypressErr (http://localhost:39227/__cypress/runner/cypress_runner.js:149934:9)\n    at throwErr (http://localhost:39227/__cypress/runner/cypress_runner.js:149867:11)\n    at Object.throwErrByPath (http://localhost:39227/__cypress/runner/cypress_runner.js:149915:3)\n    at retry (http://localhost:39227/__cypress/runner/cypress_runner.js:144197:19)\n    at onFailFn (http://localhost:39227/__cypress/runner/cypress_runner.js:132448:16)\n    at tryCatcher (http://localhost:39227/__cypress/runner/cypress_runner.js:167415:23)\n    at Promise._settlePromiseFromHandler (http://localhost:39227/__cypress/runner/cypress_runner.js:165351:31)\n    at Promise._settlePromise (http://localhost:39227/__cypress/runner/cypress_runner.js:165408:18)\n    at Promise._settlePromise0 (http://localhost:39227/__cypress/runner/cypress_runner.js:165453:10)\n    at Promise._settlePromises (http://localhost:39227/__cypress/runner/cypress_runner.js:165528:18)\n    at Async../node_modules/bluebird/js/release/async.js.Async._drainQueue (http://localhost:39227/__cypress/runner/cypress_runner.js:162140:16)\n    at Async../node_modules/bluebird/js/release/async.js.Async._drainQueues (http://localhost:39227/__cypress/runner/cypress_runner.js:162150:10)\n    at Async.drainQueues (http://localhost:39227/__cypress/runner/cypress_runner.js:162024:14)",
                "diff": null
              },
              "uuid": "b67da381-12f7-4990-8dc6-a32ecce94b4a",
              "parentUUID": "02b40599-92c7-4eb1-b31a-2b45c04976d4",
              "isHook": false,
              "skipped": false
            },
            {
              "title": "Verifica se o botão está posicionado ao lado do input",
              "fullTitle": "10 - Faça o quadro de pixels ter seu tamanho definido pelo usuário. Verifica se o botão está posicionado ao lado do input",
              "timedOut": null,
              "duration": 4537,
              "state": "failed",
              "speed": null,
              "pass": false,
              "fail": true,
              "pending": false,
              "context": null,
              "code": "cy.get('#board-size').then(function (board) {\n  cy.get('#generate-board').should('be.onTheRightOf', board);\n});",
              "err": {
                "message": "CypressError: Timed out retrying: Expected to find element: '#board-size', but never found it.",
                "estack": "CypressError: Timed out retrying: Expected to find element: '#board-size', but never found it.\n    at cypressErr (http://localhost:39227/__cypress/runner/cypress_runner.js:149934:9)\n    at throwErr (http://localhost:39227/__cypress/runner/cypress_runner.js:149867:11)\n    at Object.throwErrByPath (http://localhost:39227/__cypress/runner/cypress_runner.js:149915:3)\n    at retry (http://localhost:39227/__cypress/runner/cypress_runner.js:144197:19)\n    at onFailFn (http://localhost:39227/__cypress/runner/cypress_runner.js:132448:16)\n    at tryCatcher (http://localhost:39227/__cypress/runner/cypress_runner.js:167415:23)\n    at Promise._settlePromiseFromHandler (http://localhost:39227/__cypress/runner/cypress_runner.js:165351:31)\n    at Promise._settlePromise (http://localhost:39227/__cypress/runner/cypress_runner.js:165408:18)\n    at Promise._settlePromise0 (http://localhost:39227/__cypress/runner/cypress_runner.js:165453:10)\n    at Promise._settlePromises (http://localhost:39227/__cypress/runner/cypress_runner.js:165528:18)\n    at Async../node_modules/bluebird/js/release/async.js.Async._drainQueue (http://localhost:39227/__cypress/runner/cypress_runner.js:162140:16)\n    at Async../node_modules/bluebird/js/release/async.js.Async._drainQueues (http://localhost:39227/__cypress/runner/cypress_runner.js:162150:10)\n    at Async.drainQueues (http://localhost:39227/__cypress/runner/cypress_runner.js:162024:14)",
                "diff": null
              },
              "uuid": "e41bc275-15f7-4b4a-a138-78f963e5d158",
              "parentUUID": "02b40599-92c7-4eb1-b31a-2b45c04976d4",
              "isHook": false,
              "skipped": false
            },
            {
              "title": "Verifica se nenhum valor for colocado no input ao clicar no botão, um `alert` é exibido com o texto: 'Board inválido!'",
              "fullTitle": "10 - Faça o quadro de pixels ter seu tamanho definido pelo usuário. Verifica se nenhum valor for colocado no input ao clicar no botão, um `alert` é exibido com o texto: 'Board inválido!'",
              "timedOut": null,
              "duration": 4584,
              "state": "failed",
              "speed": null,
              "pass": false,
              "fail": true,
              "pending": false,
              "context": null,
              "code": "var alerted = false;\ncy.on('window:alert', function (msg) {\n  return alerted = msg;\n});\ncy.get('#generate-board').click().then(function () {\n  return expect(alerted).to.match(/Board inválido!/i);\n});",
              "err": {
                "message": "CypressError: Timed out retrying: Expected to find element: '#generate-board', but never found it.",
                "estack": "CypressError: Timed out retrying: Expected to find element: '#generate-board', but never found it.\n    at cypressErr (http://localhost:39227/__cypress/runner/cypress_runner.js:149934:9)\n    at throwErr (http://localhost:39227/__cypress/runner/cypress_runner.js:149867:11)\n    at Object.throwErrByPath (http://localhost:39227/__cypress/runner/cypress_runner.js:149915:3)\n    at retry (http://localhost:39227/__cypress/runner/cypress_runner.js:144197:19)\n    at onFailFn (http://localhost:39227/__cypress/runner/cypress_runner.js:132448:16)\n    at tryCatcher (http://localhost:39227/__cypress/runner/cypress_runner.js:167415:23)\n    at Promise._settlePromiseFromHandler (http://localhost:39227/__cypress/runner/cypress_runner.js:165351:31)\n    at Promise._settlePromise (http://localhost:39227/__cypress/runner/cypress_runner.js:165408:18)\n    at Promise._settlePromise0 (http://localhost:39227/__cypress/runner/cypress_runner.js:165453:10)\n    at Promise._settlePromises (http://localhost:39227/__cypress/runner/cypress_runner.js:165528:18)\n    at Async../node_modules/bluebird/js/release/async.js.Async._drainQueue (http://localhost:39227/__cypress/runner/cypress_runner.js:162140:16)\n    at Async../node_modules/bluebird/js/release/async.js.Async._drainQueues (http://localhost:39227/__cypress/runner/cypress_runner.js:162150:10)\n    at Async.drainQueues (http://localhost:39227/__cypress/runner/cypress_runner.js:162024:14)",
                "diff": null
              },
              "uuid": "b0b0c225-c83b-4610-afeb-340bb79ab64a",
              "parentUUID": "02b40599-92c7-4eb1-b31a-2b45c04976d4",
              "isHook": false,
              "skipped": false
            },
            {
              "title": "Verifica se ao clicar no botão com um valor preenchido, o tamanho do board muda.",
              "fullTitle": "10 - Faça o quadro de pixels ter seu tamanho definido pelo usuário. Verifica se ao clicar no botão com um valor preenchido, o tamanho do board muda.",
              "timedOut": null,
              "duration": 4566,
              "state": "failed",
              "speed": null,
              "pass": false,
              "fail": true,
              "pending": false,
              "context": null,
              "code": "cy.get('#board-size').clear().type(10);\ncy.get('#generate-board').click();\ncy.get('.pixel').should('have.length', 100);",
              "err": {
                "message": "CypressError: Timed out retrying: Expected to find element: '#board-size', but never found it.",
                "estack": "CypressError: Timed out retrying: Expected to find element: '#board-size', but never found it.\n    at cypressErr (http://localhost:39227/__cypress/runner/cypress_runner.js:149934:9)\n    at throwErr (http://localhost:39227/__cypress/runner/cypress_runner.js:149867:11)\n    at Object.throwErrByPath (http://localhost:39227/__cypress/runner/cypress_runner.js:149915:3)\n    at retry (http://localhost:39227/__cypress/runner/cypress_runner.js:144197:19)\n    at onFailFn (http://localhost:39227/__cypress/runner/cypress_runner.js:132448:16)\n    at tryCatcher (http://localhost:39227/__cypress/runner/cypress_runner.js:167415:23)\n    at Promise._settlePromiseFromHandler (http://localhost:39227/__cypress/runner/cypress_runner.js:165351:31)\n    at Promise._settlePromise (http://localhost:39227/__cypress/runner/cypress_runner.js:165408:18)\n    at Promise._settlePromise0 (http://localhost:39227/__cypress/runner/cypress_runner.js:165453:10)\n    at Promise._settlePromises (http://localhost:39227/__cypress/runner/cypress_runner.js:165528:18)\n    at Async../node_modules/bluebird/js/release/async.js.Async._drainQueue (http://localhost:39227/__cypress/runner/cypress_runner.js:162140:16)\n    at Async../node_modules/bluebird/js/release/async.js.Async._drainQueues (http://localhost:39227/__cypress/runner/cypress_runner.js:162150:10)\n    at Async.drainQueues (http://localhost:39227/__cypress/runner/cypress_runner.js:162024:14)",
                "diff": null
              },
              "uuid": "f5af7fc3-19ce-4614-a040-f7416c16fb34",
              "parentUUID": "02b40599-92c7-4eb1-b31a-2b45c04976d4",
              "isHook": false,
              "skipped": false
            },
            {
              "title": "Verifica se o novo quadro tem todos os pixels preenchidos com a cor branca",
              "fullTitle": "10 - Faça o quadro de pixels ter seu tamanho definido pelo usuário. Verifica se o novo quadro tem todos os pixels preenchidos com a cor branca",
              "timedOut": null,
              "duration": 4540,
              "state": "failed",
              "speed": null,
              "pass": false,
              "fail": true,
              "pending": false,
              "context": null,
              "code": "cy.get('#board-size').clear().type(6);\ncy.get('#generate-board').click();\ncy.get('.pixel').should('have.length', 36).each(function (pixel) {\n  expect(pixel).to.have.css('background-color', WHITE);\n});",
              "err": {
                "message": "CypressError: Timed out retrying: Expected to find element: '#board-size', but never found it.",
                "estack": "CypressError: Timed out retrying: Expected to find element: '#board-size', but never found it.\n    at cypressErr (http://localhost:39227/__cypress/runner/cypress_runner.js:149934:9)\n    at throwErr (http://localhost:39227/__cypress/runner/cypress_runner.js:149867:11)\n    at Object.throwErrByPath (http://localhost:39227/__cypress/runner/cypress_runner.js:149915:3)\n    at retry (http://localhost:39227/__cypress/runner/cypress_runner.js:144197:19)\n    at onFailFn (http://localhost:39227/__cypress/runner/cypress_runner.js:132448:16)\n    at tryCatcher (http://localhost:39227/__cypress/runner/cypress_runner.js:167415:23)\n    at Promise._settlePromiseFromHandler (http://localhost:39227/__cypress/runner/cypress_runner.js:165351:31)\n    at Promise._settlePromise (http://localhost:39227/__cypress/runner/cypress_runner.js:165408:18)\n    at Promise._settlePromise0 (http://localhost:39227/__cypress/runner/cypress_runner.js:165453:10)\n    at Promise._settlePromises (http://localhost:39227/__cypress/runner/cypress_runner.js:165528:18)\n    at Async../node_modules/bluebird/js/release/async.js.Async._drainQueue (http://localhost:39227/__cypress/runner/cypress_runner.js:162140:16)\n    at Async../node_modules/bluebird/js/release/async.js.Async._drainQueues (http://localhost:39227/__cypress/runner/cypress_runner.js:162150:10)\n    at Async.drainQueues (http://localhost:39227/__cypress/runner/cypress_runner.js:162024:14)",
                "diff": null
              },
              "uuid": "d3c5c4a7-77b4-48de-99e8-f15d27559381",
              "parentUUID": "02b40599-92c7-4eb1-b31a-2b45c04976d4",
              "isHook": false,
              "skipped": false
            }
          ],
          "suites": [],
          "passes": [],
          "failures": [
            "f7a257f0-e7b3-4950-9c44-9ef72a86e84a",
            "e725ece7-224a-4343-a9be-898b9c41d15a",
            "b3bdcc5a-d40a-4303-9efc-b7875316665f",
            "b4ff0390-341e-46bb-a048-1a31245822fa",
            "b67da381-12f7-4990-8dc6-a32ecce94b4a",
            "e41bc275-15f7-4b4a-a138-78f963e5d158",
            "b0b0c225-c83b-4610-afeb-340bb79ab64a",
            "f5af7fc3-19ce-4614-a040-f7416c16fb34",
            "d3c5c4a7-77b4-48de-99e8-f15d27559381"
          ],
          "pending": [],
          "skipped": [],
          "duration": 40919,
          "root": false,
          "rootEmpty": false,
          "_timeout": 2000
        },
        {
          "uuid": "77dea13c-ed16-4eed-bc3f-61f9313959bc",
          "title": "11 - Limite o tamanho mínimo e máximo do board.",
          "fullFile": "",
          "file": "",
          "beforeHooks": [],
          "afterHooks": [],
          "tests": [
            {
              "title": "Verifica se a altura máxima do board é 50",
              "fullTitle": "11 - Limite o tamanho mínimo e máximo do board. Verifica se a altura máxima do board é 50",
              "timedOut": null,
              "duration": 4565,
              "state": "failed",
              "speed": null,
              "pass": false,
              "fail": true,
              "pending": false,
              "context": null,
              "code": "cy.get('#board-size').clear().type(50);\ncy.get('#generate-board').click();\ncy.get('.pixel').should('have.length', 2500);",
              "err": {
                "message": "CypressError: Timed out retrying: Expected to find element: '#board-size', but never found it.",
                "estack": "CypressError: Timed out retrying: Expected to find element: '#board-size', but never found it.\n    at cypressErr (http://localhost:39227/__cypress/runner/cypress_runner.js:149934:9)\n    at throwErr (http://localhost:39227/__cypress/runner/cypress_runner.js:149867:11)\n    at Object.throwErrByPath (http://localhost:39227/__cypress/runner/cypress_runner.js:149915:3)\n    at retry (http://localhost:39227/__cypress/runner/cypress_runner.js:144197:19)\n    at onFailFn (http://localhost:39227/__cypress/runner/cypress_runner.js:132448:16)\n    at tryCatcher (http://localhost:39227/__cypress/runner/cypress_runner.js:167415:23)\n    at Promise._settlePromiseFromHandler (http://localhost:39227/__cypress/runner/cypress_runner.js:165351:31)\n    at Promise._settlePromise (http://localhost:39227/__cypress/runner/cypress_runner.js:165408:18)\n    at Promise._settlePromise0 (http://localhost:39227/__cypress/runner/cypress_runner.js:165453:10)\n    at Promise._settlePromises (http://localhost:39227/__cypress/runner/cypress_runner.js:165528:18)\n    at Async../node_modules/bluebird/js/release/async.js.Async._drainQueue (http://localhost:39227/__cypress/runner/cypress_runner.js:162140:16)\n    at Async../node_modules/bluebird/js/release/async.js.Async._drainQueues (http://localhost:39227/__cypress/runner/cypress_runner.js:162150:10)\n    at Async.drainQueues (http://localhost:39227/__cypress/runner/cypress_runner.js:162024:14)",
                "diff": null
              },
              "uuid": "eeed9c13-e076-408e-8943-d946e6f1e987",
              "parentUUID": "77dea13c-ed16-4eed-bc3f-61f9313959bc",
              "isHook": false,
              "skipped": false
            },
            {
              "title": "Verifica se a altura do board é 5 quando um valor menor é colocado no input",
              "fullTitle": "11 - Limite o tamanho mínimo e máximo do board. Verifica se a altura do board é 5 quando um valor menor é colocado no input",
              "timedOut": null,
              "duration": 4576,
              "state": "failed",
              "speed": null,
              "pass": false,
              "fail": true,
              "pending": false,
              "context": null,
              "code": "cy.get('#board-size').clear().type(4);\ncy.get('#generate-board').click();\ncy.get('.pixel').should('have.length', 25);",
              "err": {
                "message": "CypressError: Timed out retrying: Expected to find element: '#board-size', but never found it.",
                "estack": "CypressError: Timed out retrying: Expected to find element: '#board-size', but never found it.\n    at cypressErr (http://localhost:39227/__cypress/runner/cypress_runner.js:149934:9)\n    at throwErr (http://localhost:39227/__cypress/runner/cypress_runner.js:149867:11)\n    at Object.throwErrByPath (http://localhost:39227/__cypress/runner/cypress_runner.js:149915:3)\n    at retry (http://localhost:39227/__cypress/runner/cypress_runner.js:144197:19)\n    at onFailFn (http://localhost:39227/__cypress/runner/cypress_runner.js:132448:16)\n    at tryCatcher (http://localhost:39227/__cypress/runner/cypress_runner.js:167415:23)\n    at Promise._settlePromiseFromHandler (http://localhost:39227/__cypress/runner/cypress_runner.js:165351:31)\n    at Promise._settlePromise (http://localhost:39227/__cypress/runner/cypress_runner.js:165408:18)\n    at Promise._settlePromise0 (http://localhost:39227/__cypress/runner/cypress_runner.js:165453:10)\n    at Promise._settlePromises (http://localhost:39227/__cypress/runner/cypress_runner.js:165528:18)\n    at Async../node_modules/bluebird/js/release/async.js.Async._drainQueue (http://localhost:39227/__cypress/runner/cypress_runner.js:162140:16)\n    at Async../node_modules/bluebird/js/release/async.js.Async._drainQueues (http://localhost:39227/__cypress/runner/cypress_runner.js:162150:10)\n    at Async.drainQueues (http://localhost:39227/__cypress/runner/cypress_runner.js:162024:14)",
                "diff": null
              },
              "uuid": "0d63ef99-5fa8-48b5-86f4-84599c782690",
              "parentUUID": "77dea13c-ed16-4eed-bc3f-61f9313959bc",
              "isHook": false,
              "skipped": false
            },
            {
              "title": "Verifica se a altura do board é 50 quando um valor maior é colocado no input",
              "fullTitle": "11 - Limite o tamanho mínimo e máximo do board. Verifica se a altura do board é 50 quando um valor maior é colocado no input",
              "timedOut": null,
              "duration": 4591,
              "state": "failed",
              "speed": null,
              "pass": false,
              "fail": true,
              "pending": false,
              "context": null,
              "code": "cy.get('#board-size').clear().type(51);\ncy.get('#generate-board').click();\ncy.get('.pixel').should('have.length', 2500);",
              "err": {
                "message": "CypressError: Timed out retrying: Expected to find element: '#board-size', but never found it.",
                "estack": "CypressError: Timed out retrying: Expected to find element: '#board-size', but never found it.\n    at cypressErr (http://localhost:39227/__cypress/runner/cypress_runner.js:149934:9)\n    at throwErr (http://localhost:39227/__cypress/runner/cypress_runner.js:149867:11)\n    at Object.throwErrByPath (http://localhost:39227/__cypress/runner/cypress_runner.js:149915:3)\n    at retry (http://localhost:39227/__cypress/runner/cypress_runner.js:144197:19)\n    at onFailFn (http://localhost:39227/__cypress/runner/cypress_runner.js:132448:16)\n    at tryCatcher (http://localhost:39227/__cypress/runner/cypress_runner.js:167415:23)\n    at Promise._settlePromiseFromHandler (http://localhost:39227/__cypress/runner/cypress_runner.js:165351:31)\n    at Promise._settlePromise (http://localhost:39227/__cypress/runner/cypress_runner.js:165408:18)\n    at Promise._settlePromise0 (http://localhost:39227/__cypress/runner/cypress_runner.js:165453:10)\n    at Promise._settlePromises (http://localhost:39227/__cypress/runner/cypress_runner.js:165528:18)\n    at Async../node_modules/bluebird/js/release/async.js.Async._drainQueue (http://localhost:39227/__cypress/runner/cypress_runner.js:162140:16)\n    at Async../node_modules/bluebird/js/release/async.js.Async._drainQueues (http://localhost:39227/__cypress/runner/cypress_runner.js:162150:10)\n    at Async.drainQueues (http://localhost:39227/__cypress/runner/cypress_runner.js:162024:14)",
                "diff": null
              },
              "uuid": "be7cafd2-399d-4c99-ad6a-d48fdee5bf81",
              "parentUUID": "77dea13c-ed16-4eed-bc3f-61f9313959bc",
              "isHook": false,
              "skipped": false
            }
          ],
          "suites": [],
          "passes": [],
          "failures": [
            "eeed9c13-e076-408e-8943-d946e6f1e987",
            "0d63ef99-5fa8-48b5-86f4-84599c782690",
            "be7cafd2-399d-4c99-ad6a-d48fdee5bf81"
          ],
          "pending": [],
          "skipped": [],
          "duration": 13732,
          "root": false,
          "rootEmpty": false,
          "_timeout": 2000
        },
        {
          "uuid": "876514a0-9d53-474a-baff-e2bd522d5584",
          "title": "12 - Faça com que as cores da paleta sejam geradas aleatoriamente ao carregar a página.",
          "fullFile": "",
          "file": "",
          "beforeHooks": [],
          "afterHooks": [],
          "tests": [
            {
              "title": "Verifica se as cores geradas na paleta são diferentes a cada carregamento da página",
              "fullTitle": "12 - Faça com que as cores da paleta sejam geradas aleatoriamente ao carregar a página. Verifica se as cores geradas na paleta são diferentes a cada carregamento da página",
              "timedOut": null,
              "duration": 697,
              "state": "failed",
              "speed": null,
              "pass": false,
              "fail": true,
              "pending": false,
              "context": null,
              "code": "cy.get('.color').then(function (colors) {\n  var currentColors;\n  var previousColors;\n  previousColors = Array.from(colors).map(function (color) {\n    return Cypress.$(color).css('background-color');\n  });\n  for (var i = 0; i < 5; i += 1) {\n    cy.reload();\n    cy.get('.color').then(function (colors) {\n      currentColors = Array.from(colors).map(function (color) {\n        return Cypress.$(color).css('background-color');\n      });\n      expect(currentColors).not.to.deep.equal(previousColors);\n      previousColors = currentColors;\n    });\n  }\n});",
              "err": {
                "message": "AssertionError: expected [ Array(4) ] to not deeply equal [ Array(4) ]",
                "estack": "AssertionError: expected [ Array(4) ] to not deeply equal [ Array(4) ]\n    at getRet (http://localhost:39227/__cypress/runner/cypress_runner.js:136585:16)\n    at tryCatcher (http://localhost:39227/__cypress/runner/cypress_runner.js:167415:23)\n    at Function.Promise.attempt.Promise.try (http://localhost:39227/__cypress/runner/cypress_runner.js:164690:29)\n    at Context.thenFn (http://localhost:39227/__cypress/runner/cypress_runner.js:136599:23)\n    at Context.then (http://localhost:39227/__cypress/runner/cypress_runner.js:136971:21)\n    at Context.<anonymous> (http://localhost:39227/__cypress/runner/cypress_runner.js:148875:21)\n    at http://localhost:39227/__cypress/runner/cypress_runner.js:148351:33\n    at tryCatcher (http://localhost:39227/__cypress/runner/cypress_runner.js:167415:23)\n    at Promise._settlePromiseFromHandler (http://localhost:39227/__cypress/runner/cypress_runner.js:165351:31)\n    at Promise._settlePromise (http://localhost:39227/__cypress/runner/cypress_runner.js:165408:18)\n    at Promise._settlePromiseCtx (http://localhost:39227/__cypress/runner/cypress_runner.js:165445:10)\n    at Async../node_modules/bluebird/js/release/async.js.Async._drainQueue (http://localhost:39227/__cypress/runner/cypress_runner.js:162145:12)\n    at Async../node_modules/bluebird/js/release/async.js.Async._drainQueues (http://localhost:39227/__cypress/runner/cypress_runner.js:162150:10)\n    at Async.drainQueues (http://localhost:39227/__cypress/runner/cypress_runner.js:162024:14)",
                "diff": ""
              },
              "uuid": "0abb5b06-0f86-41bf-a1e5-cd346edff9ad",
              "parentUUID": "876514a0-9d53-474a-baff-e2bd522d5584",
              "isHook": false,
              "skipped": false
            },
            {
              "title": "Verifica se a cor preta ainda está presente e é a primeira na sua paleta de cores",
              "fullTitle": "12 - Faça com que as cores da paleta sejam geradas aleatoriamente ao carregar a página. Verifica se a cor preta ainda está presente e é a primeira na sua paleta de cores",
              "timedOut": null,
              "duration": 704,
              "state": "failed",
              "speed": null,
              "pass": false,
              "fail": true,
              "pending": false,
              "context": null,
              "code": "cy.get('.color').then(function (colors) {\n  var currentColors;\n  var previousColors;\n  previousColors = Array.from(colors).map(function (color) {\n    return Cypress.$(color).css('background-color');\n  });\n  expect(previousColors[0]).to.eq(BLACK);\n  for (var i = 0; i < 5; i += 1) {\n    cy.reload();\n    cy.get('.color').then(function (colors) {\n      currentColors = Array.from(colors).map(function (color) {\n        return Cypress.$(color).css('background-color');\n      });\n      expect(currentColors[0]).to.eq(BLACK);\n      expect(currentColors).not.to.deep.equal(previousColors);\n      previousColors = currentColors;\n    });\n  }\n});",
              "err": {
                "message": "AssertionError: expected [ Array(4) ] to not deeply equal [ Array(4) ]",
                "estack": "AssertionError: expected [ Array(4) ] to not deeply equal [ Array(4) ]\n    at getRet (http://localhost:39227/__cypress/runner/cypress_runner.js:136585:16)\n    at tryCatcher (http://localhost:39227/__cypress/runner/cypress_runner.js:167415:23)\n    at Function.Promise.attempt.Promise.try (http://localhost:39227/__cypress/runner/cypress_runner.js:164690:29)\n    at Context.thenFn (http://localhost:39227/__cypress/runner/cypress_runner.js:136599:23)\n    at Context.then (http://localhost:39227/__cypress/runner/cypress_runner.js:136971:21)\n    at Context.<anonymous> (http://localhost:39227/__cypress/runner/cypress_runner.js:148875:21)\n    at http://localhost:39227/__cypress/runner/cypress_runner.js:148351:33\n    at tryCatcher (http://localhost:39227/__cypress/runner/cypress_runner.js:167415:23)\n    at Promise._settlePromiseFromHandler (http://localhost:39227/__cypress/runner/cypress_runner.js:165351:31)\n    at Promise._settlePromise (http://localhost:39227/__cypress/runner/cypress_runner.js:165408:18)\n    at Promise._settlePromiseCtx (http://localhost:39227/__cypress/runner/cypress_runner.js:165445:10)\n    at Async../node_modules/bluebird/js/release/async.js.Async._drainQueue (http://localhost:39227/__cypress/runner/cypress_runner.js:162145:12)\n    at Async../node_modules/bluebird/js/release/async.js.Async._drainQueues (http://localhost:39227/__cypress/runner/cypress_runner.js:162150:10)\n    at Async.drainQueues (http://localhost:39227/__cypress/runner/cypress_runner.js:162024:14)",
                "diff": ""
              },
              "uuid": "a34cacaa-8109-4481-89da-92a9bc3c44b0",
              "parentUUID": "876514a0-9d53-474a-baff-e2bd522d5584",
              "isHook": false,
              "skipped": false
            }
          ],
          "suites": [],
          "passes": [],
          "failures": [
            "0abb5b06-0f86-41bf-a1e5-cd346edff9ad",
            "a34cacaa-8109-4481-89da-92a9bc3c44b0"
          ],
          "pending": [],
          "skipped": [],
          "duration": 1401,
          "root": false,
          "rootEmpty": false,
          "_timeout": 2000
        }
      ],
      "passes": [],
      "failures": [],
      "pending": [],
      "skipped": [],
      "duration": 0,
      "root": true,
      "rootEmpty": true,
      "_timeout": 2000
    }
  ],
  "meta": {
    "mocha": {
      "version": "7.0.1"
    },
    "mochawesome": {
      "options": {
        "quiet": false,
        "reportFilename": "mochawesome",
        "saveHtml": false,
        "saveJson": true,
        "consoleReporter": "spec",
        "useInlineDiffs": false
      },
      "version": "4.1.0"
    },
    "marge": {
      "options": {
        "id": "default",
        "reportDir": "cypress/reports",
        "overwrite": true,
        "html": false,
        "json": true
      },
      "version": "4.1.0"
    }
  }
}