{
  "stats": {
    "suites": 12,
    "tests": 41,
    "passes": 21,
    "pending": 0,
    "failures": 20,
    "start": "2021-07-12T22:05:53.107Z",
    "end": "2021-07-12T22:07:12.508Z",
    "duration": 79401,
    "testsRegistered": 41,
    "passPercent": 51.21951219512195,
    "pendingPercent": 0,
    "other": 0,
    "hasOther": false,
    "skipped": 0,
    "hasSkipped": false
  },
  "results": [
    {
      "uuid": "3346d3ad-2be7-4618-8aa0-12f6592f3188",
      "title": "",
      "fullFile": "cypress/integration/project.spec.js",
      "file": "cypress/integration/project.spec.js",
      "beforeHooks": [],
      "afterHooks": [],
      "tests": [],
      "suites": [
        {
          "uuid": "05a89be5-1cf6-4751-98f2-2c8e227c4727",
          "title": "1 - Adicione à página o título \"Paleta de Cores\".",
          "fullFile": "",
          "file": "",
          "beforeHooks": [],
          "afterHooks": [],
          "tests": [
            {
              "title": "Verifica se contém um elemento `h1` com o id `title` com o título correto",
              "fullTitle": "1 - Adicione à página o título \"Paleta de Cores\". Verifica se contém um elemento `h1` com o id `title` com o título correto",
              "timedOut": null,
              "duration": 175,
              "state": "passed",
              "speed": "slow",
              "pass": true,
              "fail": false,
              "pending": false,
              "context": null,
              "code": "cy.get('h1#title').should('contain.text', 'Paleta de Cores');",
              "err": {},
              "uuid": "d8525a32-106d-4037-8cb8-728b32ef2d9b",
              "parentUUID": "05a89be5-1cf6-4751-98f2-2c8e227c4727",
              "isHook": false,
              "skipped": false
            }
          ],
          "suites": [],
          "passes": [
            "d8525a32-106d-4037-8cb8-728b32ef2d9b"
          ],
          "failures": [],
          "pending": [],
          "skipped": [],
          "duration": 175,
          "root": false,
          "rootEmpty": false,
          "_timeout": 2000
        },
        {
          "uuid": "1671d009-d453-40ab-bee8-dacad318cfc4",
          "title": "2 - Adicione à página uma paleta de quatro cores distintas.",
          "fullFile": "",
          "file": "",
          "beforeHooks": [],
          "afterHooks": [],
          "tests": [
            {
              "title": "A paleta de cores deve ser um elemento com `id` denominado `color-palette`",
              "fullTitle": "2 - Adicione à página uma paleta de quatro cores distintas. A paleta de cores deve ser um elemento com `id` denominado `color-palette`",
              "timedOut": null,
              "duration": 77,
              "state": "passed",
              "speed": "slow",
              "pass": true,
              "fail": false,
              "pending": false,
              "context": null,
              "code": "cy.get('#color-palette').should('be.visible');",
              "err": {},
              "uuid": "acfe2f6b-fee2-4d44-b2b6-488fb15baa46",
              "parentUUID": "1671d009-d453-40ab-bee8-dacad318cfc4",
              "isHook": false,
              "skipped": false
            },
            {
              "title": "Verifica se cada cor individual da paleta de cores possui a `classe` chamada `color`.",
              "fullTitle": "2 - Adicione à página uma paleta de quatro cores distintas. Verifica se cada cor individual da paleta de cores possui a `classe` chamada `color`.",
              "timedOut": null,
              "duration": 4275,
              "state": "failed",
              "speed": null,
              "pass": false,
              "fail": true,
              "pending": false,
              "context": null,
              "code": "cy.get('.color').should('have.length', 4).then(function (colors) {\n  for (var i = 0; i < colors.length; i++) {\n    cy.wrap(colors[i]).should('be.visible');\n  }\n});",
              "err": {
                "message": "CypressError: Timed out retrying: Too many elements found. Found '5', expected '4'.",
                "estack": "CypressError: Timed out retrying: Too many elements found. Found '5', expected '4'.\n    at cypressErr (http://localhost:33875/__cypress/runner/cypress_runner.js:149934:9)\n    at throwErr (http://localhost:33875/__cypress/runner/cypress_runner.js:149867:11)\n    at Object.throwErrByPath (http://localhost:33875/__cypress/runner/cypress_runner.js:149915:3)\n    at retry (http://localhost:33875/__cypress/runner/cypress_runner.js:144197:19)\n    at onFailFn (http://localhost:33875/__cypress/runner/cypress_runner.js:132448:16)\n    at tryCatcher (http://localhost:33875/__cypress/runner/cypress_runner.js:167415:23)\n    at Promise._settlePromiseFromHandler (http://localhost:33875/__cypress/runner/cypress_runner.js:165351:31)\n    at Promise._settlePromise (http://localhost:33875/__cypress/runner/cypress_runner.js:165408:18)\n    at Promise._settlePromise0 (http://localhost:33875/__cypress/runner/cypress_runner.js:165453:10)\n    at Promise._settlePromises (http://localhost:33875/__cypress/runner/cypress_runner.js:165528:18)\n    at Async../node_modules/bluebird/js/release/async.js.Async._drainQueue (http://localhost:33875/__cypress/runner/cypress_runner.js:162140:16)\n    at Async../node_modules/bluebird/js/release/async.js.Async._drainQueues (http://localhost:33875/__cypress/runner/cypress_runner.js:162150:10)\n    at Async.drainQueues (http://localhost:33875/__cypress/runner/cypress_runner.js:162024:14)",
                "diff": null
              },
              "uuid": "7474dd72-ea5e-448b-8d98-f7b5557b0e71",
              "parentUUID": "1671d009-d453-40ab-bee8-dacad318cfc4",
              "isHook": false,
              "skipped": false
            },
            {
              "title": "Verifica se a cor de fundo de cada elemento da paleta é a cor que o elemento representa. **A única cor não permitida na paleta é a cor branca.**",
              "fullTitle": "2 - Adicione à página uma paleta de quatro cores distintas. Verifica se a cor de fundo de cada elemento da paleta é a cor que o elemento representa. **A única cor não permitida na paleta é a cor branca.**",
              "timedOut": null,
              "duration": 159,
              "state": "passed",
              "speed": "slow",
              "pass": true,
              "fail": false,
              "pending": false,
              "context": null,
              "code": "cy.get('.color').each(function (color) {\n  cy.wrap(color).should('have.class', 'color').and('not.have.css', 'background-color', WHITE);\n  cy.wrap(color).should('have.css', 'background-color');\n});",
              "err": {},
              "uuid": "b2a04508-e0b3-466d-9fe2-546f9577a651",
              "parentUUID": "1671d009-d453-40ab-bee8-dacad318cfc4",
              "isHook": false,
              "skipped": false
            },
            {
              "title": "Verifica se cada elemento da paleta de cores tem uma borda preta, sólida e com 1 pixel de largura;",
              "fullTitle": "2 - Adicione à página uma paleta de quatro cores distintas. Verifica se cada elemento da paleta de cores tem uma borda preta, sólida e com 1 pixel de largura;",
              "timedOut": null,
              "duration": 98,
              "state": "passed",
              "speed": "slow",
              "pass": true,
              "fail": false,
              "pending": false,
              "context": null,
              "code": "cy.get('.color').each(function (color) {\n  cy.wrap(color).and('have.css', 'border', \"1px solid \".concat(BLACK)).and('have.class', 'color');\n});",
              "err": {},
              "uuid": "336fae63-f052-450c-89e8-8690c235b394",
              "parentUUID": "1671d009-d453-40ab-bee8-dacad318cfc4",
              "isHook": false,
              "skipped": false
            },
            {
              "title": "Verifica se a paleta lista todas as cores disponíveis para utilização, lado a lado.",
              "fullTitle": "2 - Adicione à página uma paleta de quatro cores distintas. Verifica se a paleta lista todas as cores disponíveis para utilização, lado a lado.",
              "timedOut": null,
              "duration": 99,
              "state": "passed",
              "speed": "slow",
              "pass": true,
              "fail": false,
              "pending": false,
              "context": null,
              "code": "cy.get('.color').then(function (colors) {\n  for (var index = 1; index < colors.length; index += 1) {\n    var currentColor = colors[index];\n    var previousColor = colors[index - 1];\n    cy.wrap(currentColor).should('be.onTheRightOf', previousColor).and('be.horizontallyAlignedWith', previousColor);\n  }\n});",
              "err": {},
              "uuid": "d578e21f-be20-4e3d-bcf3-b2a6c4786fac",
              "parentUUID": "1671d009-d453-40ab-bee8-dacad318cfc4",
              "isHook": false,
              "skipped": false
            },
            {
              "title": "Verifica se a paleta de cores está posicionada abaixo do título 'Paleta de Cores'",
              "fullTitle": "2 - Adicione à página uma paleta de quatro cores distintas. Verifica se a paleta de cores está posicionada abaixo do título 'Paleta de Cores'",
              "timedOut": null,
              "duration": 85,
              "state": "passed",
              "speed": "slow",
              "pass": true,
              "fail": false,
              "pending": false,
              "context": null,
              "code": "cy.get('h1#title').then(function (title) {\n  cy.get('#color-palette').should('be.belowOf', title);\n});",
              "err": {},
              "uuid": "548973d1-2d7f-4077-ac73-5464403a80e4",
              "parentUUID": "1671d009-d453-40ab-bee8-dacad318cfc4",
              "isHook": false,
              "skipped": false
            },
            {
              "title": "Verifica se a paleta de cores não contém cores repetidas.",
              "fullTitle": "2 - Adicione à página uma paleta de quatro cores distintas. Verifica se a paleta de cores não contém cores repetidas.",
              "timedOut": null,
              "duration": 81,
              "state": "passed",
              "speed": "slow",
              "pass": true,
              "fail": false,
              "pending": false,
              "context": null,
              "code": "cy.get('.color').then(function (colors) {\n  var allColors = Array.from(colors).map(function (color) {\n    return Cypress.$(color).css('background-color');\n  });\n  cy.log(allColors);\n  var uniqColors = (0, _toConsumableArray2[\"default\"])(new Set(allColors));\n  cy.log(uniqColors);\n  expect(allColors.length).to.eq(uniqColors.length);\n});",
              "err": {},
              "uuid": "1cbcf550-3cea-4597-9c11-4e799457368c",
              "parentUUID": "1671d009-d453-40ab-bee8-dacad318cfc4",
              "isHook": false,
              "skipped": false
            }
          ],
          "suites": [],
          "passes": [
            "acfe2f6b-fee2-4d44-b2b6-488fb15baa46",
            "b2a04508-e0b3-466d-9fe2-546f9577a651",
            "336fae63-f052-450c-89e8-8690c235b394",
            "d578e21f-be20-4e3d-bcf3-b2a6c4786fac",
            "548973d1-2d7f-4077-ac73-5464403a80e4",
            "1cbcf550-3cea-4597-9c11-4e799457368c"
          ],
          "failures": [
            "7474dd72-ea5e-448b-8d98-f7b5557b0e71"
          ],
          "pending": [],
          "skipped": [],
          "duration": 4874,
          "root": false,
          "rootEmpty": false,
          "_timeout": 2000
        },
        {
          "uuid": "50f031bb-f7e5-4cca-926b-0b4adad8b64c",
          "title": "3 - Adicione a cor **preta** como a primeira cor da paleta de cores.",
          "fullFile": "",
          "file": "",
          "beforeHooks": [],
          "afterHooks": [],
          "tests": [
            {
              "title": "Verifica se a primeira cor da paleta é preta",
              "fullTitle": "3 - Adicione a cor **preta** como a primeira cor da paleta de cores. Verifica se a primeira cor da paleta é preta",
              "timedOut": null,
              "duration": 96,
              "state": "passed",
              "speed": "slow",
              "pass": true,
              "fail": false,
              "pending": false,
              "context": null,
              "code": "cy.get('.color').first().should('have.css', 'background-color', BLACK);",
              "err": {},
              "uuid": "143c3af4-8f18-4169-aa0a-1cf35f038473",
              "parentUUID": "50f031bb-f7e5-4cca-926b-0b4adad8b64c",
              "isHook": false,
              "skipped": false
            },
            {
              "title": "Verifica se as demais cores podem ser escolhidas livremente.",
              "fullTitle": "3 - Adicione a cor **preta** como a primeira cor da paleta de cores. Verifica se as demais cores podem ser escolhidas livremente.",
              "timedOut": null,
              "duration": 4237,
              "state": "failed",
              "speed": null,
              "pass": false,
              "fail": true,
              "pending": false,
              "context": null,
              "code": "cy.get('.color').eq(1).should('not.have.css', 'background-color', BLACK);\ncy.get('.color').eq(1).should('not.have.css', 'background-color', WHITE);\ncy.get('.color').eq(1).should('not.have.css', 'background-color', 'rgba(0, 0, 0, 0)');\ncy.get('.color').eq(1).should('have.css', 'background-color');\ncy.get('.color').eq(2).should('not.have.css', 'background-color', BLACK);\ncy.get('.color').eq(2).should('not.have.css', 'background-color', WHITE);\ncy.get('.color').eq(2).should('not.have.css', 'background-color', 'rgba(0, 0, 0, 0)');\ncy.get('.color').eq(2).should('have.css', 'background-color');\ncy.get('.color').eq(3).should('not.have.css', 'background-color', BLACK);\ncy.get('.color').eq(3).should('not.have.css', 'background-color', WHITE);\ncy.get('.color').eq(3).should('not.have.css', 'background-color', 'rgba(0, 0, 0, 0)');\ncy.get('.color').eq(3).should('have.css', 'background-color');",
              "err": {
                "message": "CypressError: Timed out retrying: expected '<div#white.color>' not to have CSS property 'background-color' with the value 'rgba(0, 0, 0, 0)', but the value was 'rgba(0, 0, 0, 0)'",
                "estack": "CypressError: Timed out retrying: expected '<div#white.color>' not to have CSS property 'background-color' with the value 'rgba(0, 0, 0, 0)', but the value was 'rgba(0, 0, 0, 0)'\n    at cypressErr (http://localhost:33875/__cypress/runner/cypress_runner.js:149934:9)\n    at throwErr (http://localhost:33875/__cypress/runner/cypress_runner.js:149867:11)\n    at Object.throwErrByPath (http://localhost:33875/__cypress/runner/cypress_runner.js:149915:3)\n    at retry (http://localhost:33875/__cypress/runner/cypress_runner.js:144197:19)\n    at onFailFn (http://localhost:33875/__cypress/runner/cypress_runner.js:132448:16)\n    at tryCatcher (http://localhost:33875/__cypress/runner/cypress_runner.js:167415:23)\n    at Promise._settlePromiseFromHandler (http://localhost:33875/__cypress/runner/cypress_runner.js:165351:31)\n    at Promise._settlePromise (http://localhost:33875/__cypress/runner/cypress_runner.js:165408:18)\n    at Promise._settlePromise0 (http://localhost:33875/__cypress/runner/cypress_runner.js:165453:10)\n    at Promise._settlePromises (http://localhost:33875/__cypress/runner/cypress_runner.js:165528:18)\n    at Async../node_modules/bluebird/js/release/async.js.Async._drainQueue (http://localhost:33875/__cypress/runner/cypress_runner.js:162140:16)\n    at Async../node_modules/bluebird/js/release/async.js.Async._drainQueues (http://localhost:33875/__cypress/runner/cypress_runner.js:162150:10)\n    at Async.drainQueues (http://localhost:33875/__cypress/runner/cypress_runner.js:162024:14)",
                "diff": null
              },
              "uuid": "49da1ade-0c2c-4aca-89e4-747cb1858fa6",
              "parentUUID": "50f031bb-f7e5-4cca-926b-0b4adad8b64c",
              "isHook": false,
              "skipped": false
            }
          ],
          "suites": [],
          "passes": [
            "143c3af4-8f18-4169-aa0a-1cf35f038473"
          ],
          "failures": [
            "49da1ade-0c2c-4aca-89e4-747cb1858fa6"
          ],
          "pending": [],
          "skipped": [],
          "duration": 4333,
          "root": false,
          "rootEmpty": false,
          "_timeout": 2000
        },
        {
          "uuid": "ae631776-3e5e-4b79-a3af-33c857023b9e",
          "title": "4 - Adicione à página um quadro de pixels, com 25 pixels.",
          "fullFile": "",
          "file": "",
          "beforeHooks": [],
          "afterHooks": [],
          "tests": [
            {
              "title": "Verifica se o quadro de pixels possui o `id` denominado `pixel-board`",
              "fullTitle": "4 - Adicione à página um quadro de pixels, com 25 pixels. Verifica se o quadro de pixels possui o `id` denominado `pixel-board`",
              "timedOut": null,
              "duration": 4256,
              "state": "failed",
              "speed": null,
              "pass": false,
              "fail": true,
              "pending": false,
              "context": null,
              "code": "cy.get('#pixel-board').should('be.visible');",
              "err": {
                "message": "CypressError: Timed out retrying: expected '<section#pixel-board>' to be 'visible'\n\nThis element '<section#pixel-board>' is not visible because it has an effective width and height of: '1080 x 0' pixels.",
                "estack": "CypressError: Timed out retrying: expected '<section#pixel-board>' to be 'visible'\n\nThis element '<section#pixel-board>' is not visible because it has an effective width and height of: '1080 x 0' pixels.\n    at cypressErr (http://localhost:33875/__cypress/runner/cypress_runner.js:149934:9)\n    at throwErr (http://localhost:33875/__cypress/runner/cypress_runner.js:149867:11)\n    at Object.throwErrByPath (http://localhost:33875/__cypress/runner/cypress_runner.js:149915:3)\n    at retry (http://localhost:33875/__cypress/runner/cypress_runner.js:144197:19)\n    at onFailFn (http://localhost:33875/__cypress/runner/cypress_runner.js:132448:16)\n    at tryCatcher (http://localhost:33875/__cypress/runner/cypress_runner.js:167415:23)\n    at Promise._settlePromiseFromHandler (http://localhost:33875/__cypress/runner/cypress_runner.js:165351:31)\n    at Promise._settlePromise (http://localhost:33875/__cypress/runner/cypress_runner.js:165408:18)\n    at Promise._settlePromise0 (http://localhost:33875/__cypress/runner/cypress_runner.js:165453:10)\n    at Promise._settlePromises (http://localhost:33875/__cypress/runner/cypress_runner.js:165528:18)\n    at Async../node_modules/bluebird/js/release/async.js.Async._drainQueue (http://localhost:33875/__cypress/runner/cypress_runner.js:162140:16)\n    at Async../node_modules/bluebird/js/release/async.js.Async._drainQueues (http://localhost:33875/__cypress/runner/cypress_runner.js:162150:10)\n    at Async.drainQueues (http://localhost:33875/__cypress/runner/cypress_runner.js:162024:14)",
                "diff": null
              },
              "uuid": "ed401fd3-23ee-4d62-b9b5-08484d796f58",
              "parentUUID": "ae631776-3e5e-4b79-a3af-33c857023b9e",
              "isHook": false,
              "skipped": false
            },
            {
              "title": "Verifica se cada pixel individual dentro do quadro possui a `classe` denominada `pixel`.",
              "fullTitle": "4 - Adicione à página um quadro de pixels, com 25 pixels. Verifica se cada pixel individual dentro do quadro possui a `classe` denominada `pixel`.",
              "timedOut": null,
              "duration": 4275,
              "state": "failed",
              "speed": null,
              "pass": false,
              "fail": true,
              "pending": false,
              "context": null,
              "code": "cy.get('.pixel').should('have.length', 25);",
              "err": {
                "message": "CypressError: Timed out retrying: Expected to find element: '.pixel', but never found it.",
                "estack": "CypressError: Timed out retrying: Expected to find element: '.pixel', but never found it.\n    at cypressErr (http://localhost:33875/__cypress/runner/cypress_runner.js:149934:9)\n    at throwErr (http://localhost:33875/__cypress/runner/cypress_runner.js:149867:11)\n    at Object.throwErrByPath (http://localhost:33875/__cypress/runner/cypress_runner.js:149915:3)\n    at retry (http://localhost:33875/__cypress/runner/cypress_runner.js:144197:19)\n    at onFailFn (http://localhost:33875/__cypress/runner/cypress_runner.js:132448:16)\n    at tryCatcher (http://localhost:33875/__cypress/runner/cypress_runner.js:167415:23)\n    at Promise._settlePromiseFromHandler (http://localhost:33875/__cypress/runner/cypress_runner.js:165351:31)\n    at Promise._settlePromise (http://localhost:33875/__cypress/runner/cypress_runner.js:165408:18)\n    at Promise._settlePromise0 (http://localhost:33875/__cypress/runner/cypress_runner.js:165453:10)\n    at Promise._settlePromises (http://localhost:33875/__cypress/runner/cypress_runner.js:165528:18)\n    at Async../node_modules/bluebird/js/release/async.js.Async._drainQueue (http://localhost:33875/__cypress/runner/cypress_runner.js:162140:16)\n    at Async../node_modules/bluebird/js/release/async.js.Async._drainQueues (http://localhost:33875/__cypress/runner/cypress_runner.js:162150:10)\n    at Async.drainQueues (http://localhost:33875/__cypress/runner/cypress_runner.js:162024:14)",
                "diff": null
              },
              "uuid": "4e17c025-09cc-4360-aaa8-eee813a6500e",
              "parentUUID": "ae631776-3e5e-4b79-a3af-33c857023b9e",
              "isHook": false,
              "skipped": false
            },
            {
              "title": "Verifica se a cor inicial dos pixels dentro do quadro, ao abrir a página, é branca.",
              "fullTitle": "4 - Adicione à página um quadro de pixels, com 25 pixels. Verifica se a cor inicial dos pixels dentro do quadro, ao abrir a página, é branca.",
              "timedOut": null,
              "duration": 4263,
              "state": "failed",
              "speed": null,
              "pass": false,
              "fail": true,
              "pending": false,
              "context": null,
              "code": "cy.get('.pixel').should('have.length', 25).each(function (pixel) {\n  expect(pixel).to.have.css('background-color', WHITE);\n});",
              "err": {
                "message": "CypressError: Timed out retrying: Expected to find element: '.pixel', but never found it.",
                "estack": "CypressError: Timed out retrying: Expected to find element: '.pixel', but never found it.\n    at cypressErr (http://localhost:33875/__cypress/runner/cypress_runner.js:149934:9)\n    at throwErr (http://localhost:33875/__cypress/runner/cypress_runner.js:149867:11)\n    at Object.throwErrByPath (http://localhost:33875/__cypress/runner/cypress_runner.js:149915:3)\n    at retry (http://localhost:33875/__cypress/runner/cypress_runner.js:144197:19)\n    at onFailFn (http://localhost:33875/__cypress/runner/cypress_runner.js:132448:16)\n    at tryCatcher (http://localhost:33875/__cypress/runner/cypress_runner.js:167415:23)\n    at Promise._settlePromiseFromHandler (http://localhost:33875/__cypress/runner/cypress_runner.js:165351:31)\n    at Promise._settlePromise (http://localhost:33875/__cypress/runner/cypress_runner.js:165408:18)\n    at Promise._settlePromise0 (http://localhost:33875/__cypress/runner/cypress_runner.js:165453:10)\n    at Promise._settlePromises (http://localhost:33875/__cypress/runner/cypress_runner.js:165528:18)\n    at Async../node_modules/bluebird/js/release/async.js.Async._drainQueue (http://localhost:33875/__cypress/runner/cypress_runner.js:162140:16)\n    at Async../node_modules/bluebird/js/release/async.js.Async._drainQueues (http://localhost:33875/__cypress/runner/cypress_runner.js:162150:10)\n    at Async.drainQueues (http://localhost:33875/__cypress/runner/cypress_runner.js:162024:14)",
                "diff": null
              },
              "uuid": "3a0775c8-7882-4861-af58-29bd508673f0",
              "parentUUID": "ae631776-3e5e-4b79-a3af-33c857023b9e",
              "isHook": false,
              "skipped": false
            },
            {
              "title": "Verifica se o quadro de pixels aparece abaixo da paleta de cores",
              "fullTitle": "4 - Adicione à página um quadro de pixels, com 25 pixels. Verifica se o quadro de pixels aparece abaixo da paleta de cores",
              "timedOut": null,
              "duration": 142,
              "state": "passed",
              "speed": "slow",
              "pass": true,
              "fail": false,
              "pending": false,
              "context": null,
              "code": "cy.get('#color-palette').then(function (palette) {\n  cy.get('#pixel-board').should('be.belowOf', palette);\n});",
              "err": {},
              "uuid": "281e5221-2ca6-4eb1-ba88-09dd612c3bc4",
              "parentUUID": "ae631776-3e5e-4b79-a3af-33c857023b9e",
              "isHook": false,
              "skipped": false
            }
          ],
          "suites": [],
          "passes": [
            "281e5221-2ca6-4eb1-ba88-09dd612c3bc4"
          ],
          "failures": [
            "ed401fd3-23ee-4d62-b9b5-08484d796f58",
            "4e17c025-09cc-4360-aaa8-eee813a6500e",
            "3a0775c8-7882-4861-af58-29bd508673f0"
          ],
          "pending": [],
          "skipped": [],
          "duration": 12936,
          "root": false,
          "rootEmpty": false,
          "_timeout": 2000
        },
        {
          "uuid": "e18168af-720f-4691-bc9b-a7b06fef78bd",
          "title": "5 - Faça com que cada elemento do quadro de pixels possua 40 pixels de largura, 40 pixels de altura e seja delimitado por uma borda preta de 1 pixel.",
          "fullFile": "",
          "file": "",
          "beforeHooks": [],
          "afterHooks": [],
          "tests": [
            {
              "title": "Verifica se o quadro de pixels tem altura e comprimento de 5 elementos",
              "fullTitle": "5 - Faça com que cada elemento do quadro de pixels possua 40 pixels de largura, 40 pixels de altura e seja delimitado por uma borda preta de 1 pixel. Verifica se o quadro de pixels tem altura e comprimento de 5 elementos",
              "timedOut": null,
              "duration": 4245,
              "state": "failed",
              "speed": null,
              "pass": false,
              "fail": true,
              "pending": false,
              "context": null,
              "code": "cy.get('.pixel').should('have.length', 25).each(function (pixel) {\n  expect(pixel).to.have.css('background-color', WHITE);\n}).and(function (pixels) {\n  var rows = chunk(pixels, 5);\n  rows.forEach(function (row) {\n    for (var index = 1; index < row.length; index += 1) {\n      var current = pixels[index];\n      var previous = pixels[index - 1];\n      cy.wrap(current).should('be.onTheRightOf', previous).and('be.horizontallyAlignedWith', previous);\n    }\n  });\n  for (var index = 1; index < 5; index += 1) {\n    expect(pixels[index * 5]).to.be.belowOf(pixels[(index - 1) * 5]);\n  }\n});",
              "err": {
                "message": "CypressError: Timed out retrying: Expected to find element: '.pixel', but never found it.",
                "estack": "CypressError: Timed out retrying: Expected to find element: '.pixel', but never found it.\n    at cypressErr (http://localhost:33875/__cypress/runner/cypress_runner.js:149934:9)\n    at throwErr (http://localhost:33875/__cypress/runner/cypress_runner.js:149867:11)\n    at Object.throwErrByPath (http://localhost:33875/__cypress/runner/cypress_runner.js:149915:3)\n    at retry (http://localhost:33875/__cypress/runner/cypress_runner.js:144197:19)\n    at onFailFn (http://localhost:33875/__cypress/runner/cypress_runner.js:132448:16)\n    at tryCatcher (http://localhost:33875/__cypress/runner/cypress_runner.js:167415:23)\n    at Promise._settlePromiseFromHandler (http://localhost:33875/__cypress/runner/cypress_runner.js:165351:31)\n    at Promise._settlePromise (http://localhost:33875/__cypress/runner/cypress_runner.js:165408:18)\n    at Promise._settlePromise0 (http://localhost:33875/__cypress/runner/cypress_runner.js:165453:10)\n    at Promise._settlePromises (http://localhost:33875/__cypress/runner/cypress_runner.js:165528:18)\n    at Async../node_modules/bluebird/js/release/async.js.Async._drainQueue (http://localhost:33875/__cypress/runner/cypress_runner.js:162140:16)\n    at Async../node_modules/bluebird/js/release/async.js.Async._drainQueues (http://localhost:33875/__cypress/runner/cypress_runner.js:162150:10)\n    at Async.drainQueues (http://localhost:33875/__cypress/runner/cypress_runner.js:162024:14)",
                "diff": null
              },
              "uuid": "f21e35f7-000f-45cb-a6b4-aff1196ac312",
              "parentUUID": "e18168af-720f-4691-bc9b-a7b06fef78bd",
              "isHook": false,
              "skipped": false
            },
            {
              "title": "Verifica se 40 pixels é o tamanho total do elemento, incluindo seu conteúdo e excluindo a borda preta, que deve ser criada à parte.",
              "fullTitle": "5 - Faça com que cada elemento do quadro de pixels possua 40 pixels de largura, 40 pixels de altura e seja delimitado por uma borda preta de 1 pixel. Verifica se 40 pixels é o tamanho total do elemento, incluindo seu conteúdo e excluindo a borda preta, que deve ser criada à parte.",
              "timedOut": null,
              "duration": 4282,
              "state": "failed",
              "speed": null,
              "pass": false,
              "fail": true,
              "pending": false,
              "context": null,
              "code": "cy.get('.pixel').each(function (pixel) {\n  cy.wrap(pixel).should('have.css', 'height', '40px').and('have.css', 'width', '40px').and('have.css', 'border', \"1px solid \".concat(BLACK));\n});",
              "err": {
                "message": "CypressError: Timed out retrying: Expected to find element: '.pixel', but never found it.",
                "estack": "CypressError: Timed out retrying: Expected to find element: '.pixel', but never found it.\n    at cypressErr (http://localhost:33875/__cypress/runner/cypress_runner.js:149934:9)\n    at throwErr (http://localhost:33875/__cypress/runner/cypress_runner.js:149867:11)\n    at Object.throwErrByPath (http://localhost:33875/__cypress/runner/cypress_runner.js:149915:3)\n    at retry (http://localhost:33875/__cypress/runner/cypress_runner.js:144197:19)\n    at onFailFn (http://localhost:33875/__cypress/runner/cypress_runner.js:132448:16)\n    at tryCatcher (http://localhost:33875/__cypress/runner/cypress_runner.js:167415:23)\n    at Promise._settlePromiseFromHandler (http://localhost:33875/__cypress/runner/cypress_runner.js:165351:31)\n    at Promise._settlePromise (http://localhost:33875/__cypress/runner/cypress_runner.js:165408:18)\n    at Promise._settlePromise0 (http://localhost:33875/__cypress/runner/cypress_runner.js:165453:10)\n    at Promise._settlePromises (http://localhost:33875/__cypress/runner/cypress_runner.js:165528:18)\n    at Async../node_modules/bluebird/js/release/async.js.Async._drainQueue (http://localhost:33875/__cypress/runner/cypress_runner.js:162140:16)\n    at Async../node_modules/bluebird/js/release/async.js.Async._drainQueues (http://localhost:33875/__cypress/runner/cypress_runner.js:162150:10)\n    at Async.drainQueues (http://localhost:33875/__cypress/runner/cypress_runner.js:162024:14)",
                "diff": null
              },
              "uuid": "330aae0d-b0ec-4799-96a2-8366624c3ffb",
              "parentUUID": "e18168af-720f-4691-bc9b-a7b06fef78bd",
              "isHook": false,
              "skipped": false
            }
          ],
          "suites": [],
          "passes": [],
          "failures": [
            "f21e35f7-000f-45cb-a6b4-aff1196ac312",
            "330aae0d-b0ec-4799-96a2-8366624c3ffb"
          ],
          "pending": [],
          "skipped": [],
          "duration": 8527,
          "root": false,
          "rootEmpty": false,
          "_timeout": 2000
        },
        {
          "uuid": "3ccfb549-2039-43bb-9f8f-03dc6bf46b6b",
          "title": "6 - Defina a cor preta como cor inicial. Ao carregar a página a cor preta já deve estar selecionada para pintar os pixels",
          "fullFile": "",
          "file": "",
          "beforeHooks": [],
          "afterHooks": [],
          "tests": [
            {
              "title": "Verifica se o elemento da cor preta possui, inicialmente, a `classe` `selected`",
              "fullTitle": "6 - Defina a cor preta como cor inicial. Ao carregar a página a cor preta já deve estar selecionada para pintar os pixels Verifica se o elemento da cor preta possui, inicialmente, a `classe` `selected`",
              "timedOut": null,
              "duration": 141,
              "state": "passed",
              "speed": "slow",
              "pass": true,
              "fail": false,
              "pending": false,
              "context": null,
              "code": "cy.get('.selected').first().should('have.css', 'background-color', BLACK);",
              "err": {},
              "uuid": "98edf90f-4d9e-4dee-8324-c821a5204899",
              "parentUUID": "3ccfb549-2039-43bb-9f8f-03dc6bf46b6b",
              "isHook": false,
              "skipped": false
            },
            {
              "title": "Verifica se nenhuma outra cor da paleta tem a `classe` `selected`",
              "fullTitle": "6 - Defina a cor preta como cor inicial. Ao carregar a página a cor preta já deve estar selecionada para pintar os pixels Verifica se nenhuma outra cor da paleta tem a `classe` `selected`",
              "timedOut": null,
              "duration": 94,
              "state": "passed",
              "speed": "slow",
              "pass": true,
              "fail": false,
              "pending": false,
              "context": null,
              "code": "cy.get('.color:not(:first-child)').each(function (color) {\n  cy.wrap(color).should('not.have.class', 'selected');\n});",
              "err": {},
              "uuid": "e63ce1cb-944c-4274-b334-291d843bbaee",
              "parentUUID": "3ccfb549-2039-43bb-9f8f-03dc6bf46b6b",
              "isHook": false,
              "skipped": false
            }
          ],
          "suites": [],
          "passes": [
            "98edf90f-4d9e-4dee-8324-c821a5204899",
            "e63ce1cb-944c-4274-b334-291d843bbaee"
          ],
          "failures": [],
          "pending": [],
          "skipped": [],
          "duration": 235,
          "root": false,
          "rootEmpty": false,
          "_timeout": 2000
        },
        {
          "uuid": "faa5b5c4-268e-4dc5-bc3d-389ff3b12f9e",
          "title": "7 - Clicar em uma das cores da paleta, faz com que ela seja selecionada e utilizada para preencher os pixels no quadro.",
          "fullFile": "",
          "file": "",
          "beforeHooks": [],
          "afterHooks": [],
          "tests": [
            {
              "title": "Verifica se somente uma cor da paleta de cores tem a classe `selected` de cada vez",
              "fullTitle": "7 - Clicar em uma das cores da paleta, faz com que ela seja selecionada e utilizada para preencher os pixels no quadro. Verifica se somente uma cor da paleta de cores tem a classe `selected` de cada vez",
              "timedOut": null,
              "duration": 542,
              "state": "passed",
              "speed": "slow",
              "pass": true,
              "fail": false,
              "pending": false,
              "context": null,
              "code": "cy.get('.color').each(function (selectedColor, selectedColorIndex) {\n  cy.wrap(selectedColor).click();\n  cy.get('.color').each(function (color, colorIndex) {\n    if (colorIndex === selectedColorIndex) {\n      expect(color).to.have[\"class\"]('selected');\n    } else {\n      expect(color).not.to.have[\"class\"]('selected');\n    }\n  });\n});",
              "err": {},
              "uuid": "8185db75-c96c-4759-9555-51c0fc0da18e",
              "parentUUID": "faa5b5c4-268e-4dc5-bc3d-389ff3b12f9e",
              "isHook": false,
              "skipped": false
            },
            {
              "title": "Verifica se os pixels dentro do quadro não têm a classe `selected` quando são clicados",
              "fullTitle": "7 - Clicar em uma das cores da paleta, faz com que ela seja selecionada e utilizada para preencher os pixels no quadro. Verifica se os pixels dentro do quadro não têm a classe `selected` quando são clicados",
              "timedOut": null,
              "duration": 4274,
              "state": "failed",
              "speed": null,
              "pass": false,
              "fail": true,
              "pending": false,
              "context": null,
              "code": "cy.get('.color').each(function (color) {\n  var backgroundColor = color.css('background-color');\n  cy.wrap(color).click();\n  cy.get('.pixel').each(function (pixel) {\n    cy.wrap(pixel).click().should('not.have.class', 'selected');\n  });\n});",
              "err": {
                "message": "CypressError: Timed out retrying: Expected to find element: '.pixel', but never found it.",
                "estack": "CypressError: Timed out retrying: Expected to find element: '.pixel', but never found it.\n    at cypressErr (http://localhost:33875/__cypress/runner/cypress_runner.js:149934:9)\n    at throwErr (http://localhost:33875/__cypress/runner/cypress_runner.js:149867:11)\n    at Object.throwErrByPath (http://localhost:33875/__cypress/runner/cypress_runner.js:149915:3)\n    at retry (http://localhost:33875/__cypress/runner/cypress_runner.js:144197:19)\n    at onFailFn (http://localhost:33875/__cypress/runner/cypress_runner.js:132448:16)\n    at tryCatcher (http://localhost:33875/__cypress/runner/cypress_runner.js:167415:23)\n    at Promise._settlePromiseFromHandler (http://localhost:33875/__cypress/runner/cypress_runner.js:165351:31)\n    at Promise._settlePromise (http://localhost:33875/__cypress/runner/cypress_runner.js:165408:18)\n    at Promise._settlePromise0 (http://localhost:33875/__cypress/runner/cypress_runner.js:165453:10)\n    at Promise._settlePromises (http://localhost:33875/__cypress/runner/cypress_runner.js:165528:18)\n    at Async../node_modules/bluebird/js/release/async.js.Async._drainQueue (http://localhost:33875/__cypress/runner/cypress_runner.js:162140:16)\n    at Async../node_modules/bluebird/js/release/async.js.Async._drainQueues (http://localhost:33875/__cypress/runner/cypress_runner.js:162150:10)\n    at Async.drainQueues (http://localhost:33875/__cypress/runner/cypress_runner.js:162024:14)",
                "diff": null
              },
              "uuid": "72823efb-b3bc-4b47-9716-e80d750e919e",
              "parentUUID": "faa5b5c4-268e-4dc5-bc3d-389ff3b12f9e",
              "isHook": false,
              "skipped": false
            }
          ],
          "suites": [],
          "passes": [
            "8185db75-c96c-4759-9555-51c0fc0da18e"
          ],
          "failures": [
            "72823efb-b3bc-4b47-9716-e80d750e919e"
          ],
          "pending": [],
          "skipped": [],
          "duration": 4816,
          "root": false,
          "rootEmpty": false,
          "_timeout": 2000
        },
        {
          "uuid": "a2371c91-afaf-4fcf-997a-32cc72f85683",
          "title": "8 - Clicar em um pixel dentro do quadro após selecionar uma cor na paleta, faz com que o pixel seja preenchido com a cor selecionada.",
          "fullFile": "",
          "file": "",
          "beforeHooks": [],
          "afterHooks": [],
          "tests": [
            {
              "title": "Verifica se ao carregar a página deve ser possível pintar os pixels de preto",
              "fullTitle": "8 - Clicar em um pixel dentro do quadro após selecionar uma cor na paleta, faz com que o pixel seja preenchido com a cor selecionada. Verifica se ao carregar a página deve ser possível pintar os pixels de preto",
              "timedOut": null,
              "duration": 4279,
              "state": "failed",
              "speed": null,
              "pass": false,
              "fail": true,
              "pending": false,
              "context": null,
              "code": "cy.get('.pixel').each(function (pixel) {\n  cy.wrap(pixel).click().should('have.css', 'background-color', BLACK);\n});",
              "err": {
                "message": "CypressError: Timed out retrying: Expected to find element: '.pixel', but never found it.",
                "estack": "CypressError: Timed out retrying: Expected to find element: '.pixel', but never found it.\n    at cypressErr (http://localhost:33875/__cypress/runner/cypress_runner.js:149934:9)\n    at throwErr (http://localhost:33875/__cypress/runner/cypress_runner.js:149867:11)\n    at Object.throwErrByPath (http://localhost:33875/__cypress/runner/cypress_runner.js:149915:3)\n    at retry (http://localhost:33875/__cypress/runner/cypress_runner.js:144197:19)\n    at onFailFn (http://localhost:33875/__cypress/runner/cypress_runner.js:132448:16)\n    at tryCatcher (http://localhost:33875/__cypress/runner/cypress_runner.js:167415:23)\n    at Promise._settlePromiseFromHandler (http://localhost:33875/__cypress/runner/cypress_runner.js:165351:31)\n    at Promise._settlePromise (http://localhost:33875/__cypress/runner/cypress_runner.js:165408:18)\n    at Promise._settlePromise0 (http://localhost:33875/__cypress/runner/cypress_runner.js:165453:10)\n    at Promise._settlePromises (http://localhost:33875/__cypress/runner/cypress_runner.js:165528:18)\n    at Async../node_modules/bluebird/js/release/async.js.Async._drainQueue (http://localhost:33875/__cypress/runner/cypress_runner.js:162140:16)\n    at Async../node_modules/bluebird/js/release/async.js.Async._drainQueues (http://localhost:33875/__cypress/runner/cypress_runner.js:162150:10)\n    at Async.drainQueues (http://localhost:33875/__cypress/runner/cypress_runner.js:162024:14)",
                "diff": null
              },
              "uuid": "fc481a14-192c-4e08-ae91-c4c15a61a37e",
              "parentUUID": "a2371c91-afaf-4fcf-997a-32cc72f85683",
              "isHook": false,
              "skipped": false
            },
            {
              "title": "Verifica se após selecionar uma outra cor na paleta, é possível pintar os pixels com essa cor",
              "fullTitle": "8 - Clicar em um pixel dentro do quadro após selecionar uma cor na paleta, faz com que o pixel seja preenchido com a cor selecionada. Verifica se após selecionar uma outra cor na paleta, é possível pintar os pixels com essa cor",
              "timedOut": null,
              "duration": 4369,
              "state": "failed",
              "speed": null,
              "pass": false,
              "fail": true,
              "pending": false,
              "context": null,
              "code": "cy.get('.color').each(function (color) {\n  var backgroundColor = color.css('background-color');\n  cy.wrap(color).click();\n  cy.get('.pixel').each(function (pixel) {\n    cy.wrap(pixel).click().should('have.css', 'background-color', backgroundColor);\n  });\n});",
              "err": {
                "message": "CypressError: Timed out retrying: Expected to find element: '.pixel', but never found it.",
                "estack": "CypressError: Timed out retrying: Expected to find element: '.pixel', but never found it.\n    at cypressErr (http://localhost:33875/__cypress/runner/cypress_runner.js:149934:9)\n    at throwErr (http://localhost:33875/__cypress/runner/cypress_runner.js:149867:11)\n    at Object.throwErrByPath (http://localhost:33875/__cypress/runner/cypress_runner.js:149915:3)\n    at retry (http://localhost:33875/__cypress/runner/cypress_runner.js:144197:19)\n    at onFailFn (http://localhost:33875/__cypress/runner/cypress_runner.js:132448:16)\n    at tryCatcher (http://localhost:33875/__cypress/runner/cypress_runner.js:167415:23)\n    at Promise._settlePromiseFromHandler (http://localhost:33875/__cypress/runner/cypress_runner.js:165351:31)\n    at Promise._settlePromise (http://localhost:33875/__cypress/runner/cypress_runner.js:165408:18)\n    at Promise._settlePromise0 (http://localhost:33875/__cypress/runner/cypress_runner.js:165453:10)\n    at Promise._settlePromises (http://localhost:33875/__cypress/runner/cypress_runner.js:165528:18)\n    at Async../node_modules/bluebird/js/release/async.js.Async._drainQueue (http://localhost:33875/__cypress/runner/cypress_runner.js:162140:16)\n    at Async../node_modules/bluebird/js/release/async.js.Async._drainQueues (http://localhost:33875/__cypress/runner/cypress_runner.js:162150:10)\n    at Async.drainQueues (http://localhost:33875/__cypress/runner/cypress_runner.js:162024:14)",
                "diff": null
              },
              "uuid": "ce6749e5-b0be-407a-a629-63f312172c05",
              "parentUUID": "a2371c91-afaf-4fcf-997a-32cc72f85683",
              "isHook": false,
              "skipped": false
            },
            {
              "title": "Verifica se somente o pixel que foi clicado foi preenchido com a cor selecionada, sem influenciar na cor dos demais pixels.",
              "fullTitle": "8 - Clicar em um pixel dentro do quadro após selecionar uma cor na paleta, faz com que o pixel seja preenchido com a cor selecionada. Verifica se somente o pixel que foi clicado foi preenchido com a cor selecionada, sem influenciar na cor dos demais pixels.",
              "timedOut": null,
              "duration": 4389,
              "state": "failed",
              "speed": null,
              "pass": false,
              "fail": true,
              "pending": false,
              "context": null,
              "code": "var colorToPixelIndexMap = {\n  0: 6,\n  1: 8,\n  2: 16,\n  3: 18\n};\ncy.get('.color').each(function (color, index) {\n  cy.wrap(color).click();\n  var backgroundColor = color.css('background-color');\n  var clickedPixelIndex = colorToPixelIndexMap[index];\n  cy.get('.pixel').eq(clickedPixelIndex).click();\n  cy.get('.pixel').eq(clickedPixelIndex - 1).should('not.have.css', 'background-color', backgroundColor);\n  cy.get('.pixel').eq(clickedPixelIndex + 1).should('not.have.css', 'background-color', backgroundColor);\n  cy.get('.pixel').eq(clickedPixelIndex - 5).should('not.have.css', 'background-color', backgroundColor);\n  cy.get('.pixel').eq(clickedPixelIndex + 5).should('not.have.css', 'background-color', backgroundColor);\n  cy.get('.pixel').eq(clickedPixelIndex - 6).should('not.have.css', 'background-color', backgroundColor);\n  cy.get('.pixel').eq(clickedPixelIndex - 4).should('not.have.css', 'background-color', backgroundColor);\n  cy.get('.pixel').eq(clickedPixelIndex + 4).should('not.have.css', 'background-color', backgroundColor);\n  cy.get('.pixel').eq(clickedPixelIndex + 6).should('not.have.css', 'background-color', backgroundColor);\n});",
              "err": {
                "message": "CypressError: Timed out retrying: Expected to find element: '.pixel', but never found it.",
                "estack": "CypressError: Timed out retrying: Expected to find element: '.pixel', but never found it.\n    at cypressErr (http://localhost:33875/__cypress/runner/cypress_runner.js:149934:9)\n    at throwErr (http://localhost:33875/__cypress/runner/cypress_runner.js:149867:11)\n    at Object.throwErrByPath (http://localhost:33875/__cypress/runner/cypress_runner.js:149915:3)\n    at retry (http://localhost:33875/__cypress/runner/cypress_runner.js:144197:19)\n    at onFailFn (http://localhost:33875/__cypress/runner/cypress_runner.js:132448:16)\n    at tryCatcher (http://localhost:33875/__cypress/runner/cypress_runner.js:167415:23)\n    at Promise._settlePromiseFromHandler (http://localhost:33875/__cypress/runner/cypress_runner.js:165351:31)\n    at Promise._settlePromise (http://localhost:33875/__cypress/runner/cypress_runner.js:165408:18)\n    at Promise._settlePromise0 (http://localhost:33875/__cypress/runner/cypress_runner.js:165453:10)\n    at Promise._settlePromises (http://localhost:33875/__cypress/runner/cypress_runner.js:165528:18)\n    at Async../node_modules/bluebird/js/release/async.js.Async._drainQueue (http://localhost:33875/__cypress/runner/cypress_runner.js:162140:16)\n    at Async../node_modules/bluebird/js/release/async.js.Async._drainQueues (http://localhost:33875/__cypress/runner/cypress_runner.js:162150:10)\n    at Async.drainQueues (http://localhost:33875/__cypress/runner/cypress_runner.js:162024:14)",
                "diff": null
              },
              "uuid": "036b4fd0-4e14-4e09-817e-a00736cbe4b2",
              "parentUUID": "a2371c91-afaf-4fcf-997a-32cc72f85683",
              "isHook": false,
              "skipped": false
            }
          ],
          "suites": [],
          "passes": [],
          "failures": [
            "fc481a14-192c-4e08-ae91-c4c15a61a37e",
            "ce6749e5-b0be-407a-a629-63f312172c05",
            "036b4fd0-4e14-4e09-817e-a00736cbe4b2"
          ],
          "pending": [],
          "skipped": [],
          "duration": 13037,
          "root": false,
          "rootEmpty": false,
          "_timeout": 2000
        },
        {
          "uuid": "9979dd56-6b80-4235-8e7f-a1e273c20220",
          "title": "9 - Crie um botão que, ao ser clicado, limpa o quadro preenchendo a cor de todos seus pixels com branco.",
          "fullFile": "",
          "file": "",
          "beforeHooks": [],
          "afterHooks": [],
          "tests": [
            {
              "title": "Verifica se o botão tem o `id` denominado `clear-board`",
              "fullTitle": "9 - Crie um botão que, ao ser clicado, limpa o quadro preenchendo a cor de todos seus pixels com branco. Verifica se o botão tem o `id` denominado `clear-board`",
              "timedOut": null,
              "duration": 150,
              "state": "passed",
              "speed": "slow",
              "pass": true,
              "fail": false,
              "pending": false,
              "context": null,
              "code": "cy.get('#clear-board').should('be.visible');",
              "err": {},
              "uuid": "de4d8cd1-c50b-47c5-99a8-3e0e4b4c032b",
              "parentUUID": "9979dd56-6b80-4235-8e7f-a1e273c20220",
              "isHook": false,
              "skipped": false
            },
            {
              "title": "Verifica se o botão está posicionado entre a paleta de cores e o quadro de pixels",
              "fullTitle": "9 - Crie um botão que, ao ser clicado, limpa o quadro preenchendo a cor de todos seus pixels com branco. Verifica se o botão está posicionado entre a paleta de cores e o quadro de pixels",
              "timedOut": null,
              "duration": 101,
              "state": "passed",
              "speed": "slow",
              "pass": true,
              "fail": false,
              "pending": false,
              "context": null,
              "code": "cy.get('#color-palette').then(function (palette) {\n  cy.get('#clear-board').should('be.belowOf', palette);\n});\ncy.get('#clear-board').then(function (clearBtn) {\n  cy.get('#pixel-board').should('be.belowOf', clearBtn);\n});",
              "err": {},
              "uuid": "23c0d14f-5d51-4239-abd5-5fbb831c58c7",
              "parentUUID": "9979dd56-6b80-4235-8e7f-a1e273c20220",
              "isHook": false,
              "skipped": false
            },
            {
              "title": "Verifica se o texto do botão é 'Limpar'",
              "fullTitle": "9 - Crie um botão que, ao ser clicado, limpa o quadro preenchendo a cor de todos seus pixels com branco. Verifica se o texto do botão é 'Limpar'",
              "timedOut": null,
              "duration": 95,
              "state": "passed",
              "speed": "slow",
              "pass": true,
              "fail": false,
              "pending": false,
              "context": null,
              "code": "cy.get('#clear-board').should('contain.text', 'Limpar');",
              "err": {},
              "uuid": "d7222ef8-f1cb-49c7-9519-c8be991719e3",
              "parentUUID": "9979dd56-6b80-4235-8e7f-a1e273c20220",
              "isHook": false,
              "skipped": false
            },
            {
              "title": "Verifica se ao clicar no botão, o quadro de pixels é totalmente preenchido de branco",
              "fullTitle": "9 - Crie um botão que, ao ser clicado, limpa o quadro preenchendo a cor de todos seus pixels com branco. Verifica se ao clicar no botão, o quadro de pixels é totalmente preenchido de branco",
              "timedOut": null,
              "duration": 4316,
              "state": "failed",
              "speed": null,
              "pass": false,
              "fail": true,
              "pending": false,
              "context": null,
              "code": "cy.get('.color').eq(1).then(function (color) {\n  var backgroundColor = color.css('background-color');\n  cy.wrap(color).click();\n  cy.get('.pixel').each(function (pixel) {\n    cy.wrap(pixel).click().should('have.css', 'background-color', backgroundColor);\n  });\n});\ncy.get('#clear-board').click();\ncy.get('.pixel').each(function (pixel) {\n  cy.wrap(pixel).should('have.css', 'background-color', WHITE);\n});",
              "err": {
                "message": "CypressError: Timed out retrying: Expected to find element: '.pixel', but never found it.",
                "estack": "CypressError: Timed out retrying: Expected to find element: '.pixel', but never found it.\n    at cypressErr (http://localhost:33875/__cypress/runner/cypress_runner.js:149934:9)\n    at throwErr (http://localhost:33875/__cypress/runner/cypress_runner.js:149867:11)\n    at Object.throwErrByPath (http://localhost:33875/__cypress/runner/cypress_runner.js:149915:3)\n    at retry (http://localhost:33875/__cypress/runner/cypress_runner.js:144197:19)\n    at onFailFn (http://localhost:33875/__cypress/runner/cypress_runner.js:132448:16)\n    at tryCatcher (http://localhost:33875/__cypress/runner/cypress_runner.js:167415:23)\n    at Promise._settlePromiseFromHandler (http://localhost:33875/__cypress/runner/cypress_runner.js:165351:31)\n    at Promise._settlePromise (http://localhost:33875/__cypress/runner/cypress_runner.js:165408:18)\n    at Promise._settlePromise0 (http://localhost:33875/__cypress/runner/cypress_runner.js:165453:10)\n    at Promise._settlePromises (http://localhost:33875/__cypress/runner/cypress_runner.js:165528:18)\n    at Async../node_modules/bluebird/js/release/async.js.Async._drainQueue (http://localhost:33875/__cypress/runner/cypress_runner.js:162140:16)\n    at Async../node_modules/bluebird/js/release/async.js.Async._drainQueues (http://localhost:33875/__cypress/runner/cypress_runner.js:162150:10)\n    at Async.drainQueues (http://localhost:33875/__cypress/runner/cypress_runner.js:162024:14)",
                "diff": null
              },
              "uuid": "fe5d54d3-229c-44fa-a84d-bb82815e82b8",
              "parentUUID": "9979dd56-6b80-4235-8e7f-a1e273c20220",
              "isHook": false,
              "skipped": false
            }
          ],
          "suites": [],
          "passes": [
            "de4d8cd1-c50b-47c5-99a8-3e0e4b4c032b",
            "23c0d14f-5d51-4239-abd5-5fbb831c58c7",
            "d7222ef8-f1cb-49c7-9519-c8be991719e3"
          ],
          "failures": [
            "fe5d54d3-229c-44fa-a84d-bb82815e82b8"
          ],
          "pending": [],
          "skipped": [],
          "duration": 4662,
          "root": false,
          "rootEmpty": false,
          "_timeout": 2000
        },
        {
          "uuid": "387c93bc-a849-4c7b-8b69-ded419edd7e2",
          "title": "10 - Faça o quadro de pixels ter seu tamanho definido pelo usuário.",
          "fullFile": "",
          "file": "",
          "beforeHooks": [],
          "afterHooks": [],
          "tests": [
            {
              "title": "Verifica se existe um input com o id `board-size`",
              "fullTitle": "10 - Faça o quadro de pixels ter seu tamanho definido pelo usuário. Verifica se existe um input com o id `board-size`",
              "timedOut": null,
              "duration": 140,
              "state": "passed",
              "speed": "slow",
              "pass": true,
              "fail": false,
              "pending": false,
              "context": null,
              "code": "cy.get('#board-size').should('be.visible');",
              "err": {},
              "uuid": "97193ede-5729-4d47-9985-be42b0ba8345",
              "parentUUID": "387c93bc-a849-4c7b-8b69-ded419edd7e2",
              "isHook": false,
              "skipped": false
            },
            {
              "title": "Verifica se existe um botão com o id `generate-board`",
              "fullTitle": "10 - Faça o quadro de pixels ter seu tamanho definido pelo usuário. Verifica se existe um botão com o id `generate-board`",
              "timedOut": null,
              "duration": 101,
              "state": "passed",
              "speed": "slow",
              "pass": true,
              "fail": false,
              "pending": false,
              "context": null,
              "code": "cy.get('#generate-board').should('be.visible');",
              "err": {},
              "uuid": "6af5e967-da67-4e17-b516-c02f2ca89f91",
              "parentUUID": "387c93bc-a849-4c7b-8b69-ded419edd7e2",
              "isHook": false,
              "skipped": false
            },
            {
              "title": "Verifica se o input só aceita número maiores que zero. Essa restrição deve ser feita usando os atributos do elemento `input`",
              "fullTitle": "10 - Faça o quadro de pixels ter seu tamanho definido pelo usuário. Verifica se o input só aceita número maiores que zero. Essa restrição deve ser feita usando os atributos do elemento `input`",
              "timedOut": null,
              "duration": 93,
              "state": "passed",
              "speed": "slow",
              "pass": true,
              "fail": false,
              "pending": false,
              "context": null,
              "code": "cy.get('#board-size[type=\\'number\\'][min=\\'1\\']');",
              "err": {},
              "uuid": "a92e1698-bb95-477a-b0e2-396f591bc2ce",
              "parentUUID": "387c93bc-a849-4c7b-8b69-ded419edd7e2",
              "isHook": false,
              "skipped": false
            },
            {
              "title": "Verifica se o botão contém o texto 'VQV'",
              "fullTitle": "10 - Faça o quadro de pixels ter seu tamanho definido pelo usuário. Verifica se o botão contém o texto 'VQV'",
              "timedOut": null,
              "duration": 83,
              "state": "passed",
              "speed": "slow",
              "pass": true,
              "fail": false,
              "pending": false,
              "context": null,
              "code": "cy.get('#generate-board').contains(/vqv/i);",
              "err": {},
              "uuid": "8afc83f4-3676-4076-9112-989131fdc3ca",
              "parentUUID": "387c93bc-a849-4c7b-8b69-ded419edd7e2",
              "isHook": false,
              "skipped": false
            },
            {
              "title": "Verifica se o input está posicionado entre a paleta de cores e o quadro de pixels",
              "fullTitle": "10 - Faça o quadro de pixels ter seu tamanho definido pelo usuário. Verifica se o input está posicionado entre a paleta de cores e o quadro de pixels",
              "timedOut": null,
              "duration": 193,
              "state": "passed",
              "speed": "slow",
              "pass": true,
              "fail": false,
              "pending": false,
              "context": null,
              "code": "cy.get('#color-palette').then(function (palette) {\n  cy.get('#board-size').should('be.belowOf', palette);\n});\ncy.get('#board-size').then(function (palette) {\n  cy.get('#pixel-board').should('be.belowOf', palette);\n});",
              "err": {},
              "uuid": "13adea54-b46a-4dda-974a-23d4408c185b",
              "parentUUID": "387c93bc-a849-4c7b-8b69-ded419edd7e2",
              "isHook": false,
              "skipped": false
            },
            {
              "title": "Verifica se o botão está posicionado ao lado do input",
              "fullTitle": "10 - Faça o quadro de pixels ter seu tamanho definido pelo usuário. Verifica se o botão está posicionado ao lado do input",
              "timedOut": null,
              "duration": 130,
              "state": "passed",
              "speed": "slow",
              "pass": true,
              "fail": false,
              "pending": false,
              "context": null,
              "code": "cy.get('#board-size').then(function (board) {\n  cy.get('#generate-board').should('be.onTheRightOf', board);\n});",
              "err": {},
              "uuid": "6198c298-b2df-4615-867a-1a4fc3fb79f3",
              "parentUUID": "387c93bc-a849-4c7b-8b69-ded419edd7e2",
              "isHook": false,
              "skipped": false
            },
            {
              "title": "Verifica se nenhum valor for colocado no input ao clicar no botão, um `alert` é exibido com o texto: 'Board inválido!'",
              "fullTitle": "10 - Faça o quadro de pixels ter seu tamanho definido pelo usuário. Verifica se nenhum valor for colocado no input ao clicar no botão, um `alert` é exibido com o texto: 'Board inválido!'",
              "timedOut": null,
              "duration": 343,
              "state": "failed",
              "speed": null,
              "pass": false,
              "fail": true,
              "pending": false,
              "context": null,
              "code": "var alerted = false;\ncy.on('window:alert', function (msg) {\n  return alerted = msg;\n});\ncy.get('#generate-board').click().then(function () {\n  return expect(alerted).to.match(/Board inválido!/i);\n});",
              "err": {
                "message": "AssertionError: expected false to match /Board inválido!/i",
                "estack": "AssertionError: expected false to match /Board inválido!/i\n    at getRet (http://localhost:33875/__cypress/runner/cypress_runner.js:136585:16)\n    at tryCatcher (http://localhost:33875/__cypress/runner/cypress_runner.js:167415:23)\n    at Function.Promise.attempt.Promise.try (http://localhost:33875/__cypress/runner/cypress_runner.js:164690:29)\n    at Context.thenFn (http://localhost:33875/__cypress/runner/cypress_runner.js:136599:23)\n    at Context.then (http://localhost:33875/__cypress/runner/cypress_runner.js:136971:21)\n    at Context.<anonymous> (http://localhost:33875/__cypress/runner/cypress_runner.js:148875:21)\n    at http://localhost:33875/__cypress/runner/cypress_runner.js:148351:33\n    at tryCatcher (http://localhost:33875/__cypress/runner/cypress_runner.js:167415:23)\n    at Promise._settlePromiseFromHandler (http://localhost:33875/__cypress/runner/cypress_runner.js:165351:31)\n    at Promise._settlePromise (http://localhost:33875/__cypress/runner/cypress_runner.js:165408:18)\n    at Promise._settlePromiseCtx (http://localhost:33875/__cypress/runner/cypress_runner.js:165445:10)\n    at Async../node_modules/bluebird/js/release/async.js.Async._drainQueue (http://localhost:33875/__cypress/runner/cypress_runner.js:162145:12)\n    at Async../node_modules/bluebird/js/release/async.js.Async._drainQueues (http://localhost:33875/__cypress/runner/cypress_runner.js:162150:10)\n    at Async.drainQueues (http://localhost:33875/__cypress/runner/cypress_runner.js:162024:14)",
                "diff": null
              },
              "uuid": "ef410222-d1b4-43bf-8c4a-1234ccd7a9e8",
              "parentUUID": "387c93bc-a849-4c7b-8b69-ded419edd7e2",
              "isHook": false,
              "skipped": false
            },
            {
              "title": "Verifica se ao clicar no botão com um valor preenchido, o tamanho do board muda.",
              "fullTitle": "10 - Faça o quadro de pixels ter seu tamanho definido pelo usuário. Verifica se ao clicar no botão com um valor preenchido, o tamanho do board muda.",
              "timedOut": null,
              "duration": 4577,
              "state": "failed",
              "speed": null,
              "pass": false,
              "fail": true,
              "pending": false,
              "context": null,
              "code": "cy.get('#board-size').clear().type(10);\ncy.get('#generate-board').click();\ncy.get('.pixel').should('have.length', 100);",
              "err": {
                "message": "CypressError: Timed out retrying: Expected to find element: '.pixel', but never found it.",
                "estack": "CypressError: Timed out retrying: Expected to find element: '.pixel', but never found it.\n    at cypressErr (http://localhost:33875/__cypress/runner/cypress_runner.js:149934:9)\n    at throwErr (http://localhost:33875/__cypress/runner/cypress_runner.js:149867:11)\n    at Object.throwErrByPath (http://localhost:33875/__cypress/runner/cypress_runner.js:149915:3)\n    at retry (http://localhost:33875/__cypress/runner/cypress_runner.js:144197:19)\n    at onFailFn (http://localhost:33875/__cypress/runner/cypress_runner.js:132448:16)\n    at tryCatcher (http://localhost:33875/__cypress/runner/cypress_runner.js:167415:23)\n    at Promise._settlePromiseFromHandler (http://localhost:33875/__cypress/runner/cypress_runner.js:165351:31)\n    at Promise._settlePromise (http://localhost:33875/__cypress/runner/cypress_runner.js:165408:18)\n    at Promise._settlePromise0 (http://localhost:33875/__cypress/runner/cypress_runner.js:165453:10)\n    at Promise._settlePromises (http://localhost:33875/__cypress/runner/cypress_runner.js:165528:18)\n    at Async../node_modules/bluebird/js/release/async.js.Async._drainQueue (http://localhost:33875/__cypress/runner/cypress_runner.js:162140:16)\n    at Async../node_modules/bluebird/js/release/async.js.Async._drainQueues (http://localhost:33875/__cypress/runner/cypress_runner.js:162150:10)\n    at Async.drainQueues (http://localhost:33875/__cypress/runner/cypress_runner.js:162024:14)",
                "diff": null
              },
              "uuid": "56fa36b6-c813-41de-a99b-944a8e093f44",
              "parentUUID": "387c93bc-a849-4c7b-8b69-ded419edd7e2",
              "isHook": false,
              "skipped": false
            },
            {
              "title": "Verifica se o novo quadro tem todos os pixels preenchidos com a cor branca",
              "fullTitle": "10 - Faça o quadro de pixels ter seu tamanho definido pelo usuário. Verifica se o novo quadro tem todos os pixels preenchidos com a cor branca",
              "timedOut": null,
              "duration": 4579,
              "state": "failed",
              "speed": null,
              "pass": false,
              "fail": true,
              "pending": false,
              "context": null,
              "code": "cy.get('#board-size').clear().type(6);\ncy.get('#generate-board').click();\ncy.get('.pixel').should('have.length', 36).each(function (pixel) {\n  expect(pixel).to.have.css('background-color', WHITE);\n});",
              "err": {
                "message": "CypressError: Timed out retrying: Expected to find element: '.pixel', but never found it.",
                "estack": "CypressError: Timed out retrying: Expected to find element: '.pixel', but never found it.\n    at cypressErr (http://localhost:33875/__cypress/runner/cypress_runner.js:149934:9)\n    at throwErr (http://localhost:33875/__cypress/runner/cypress_runner.js:149867:11)\n    at Object.throwErrByPath (http://localhost:33875/__cypress/runner/cypress_runner.js:149915:3)\n    at retry (http://localhost:33875/__cypress/runner/cypress_runner.js:144197:19)\n    at onFailFn (http://localhost:33875/__cypress/runner/cypress_runner.js:132448:16)\n    at tryCatcher (http://localhost:33875/__cypress/runner/cypress_runner.js:167415:23)\n    at Promise._settlePromiseFromHandler (http://localhost:33875/__cypress/runner/cypress_runner.js:165351:31)\n    at Promise._settlePromise (http://localhost:33875/__cypress/runner/cypress_runner.js:165408:18)\n    at Promise._settlePromise0 (http://localhost:33875/__cypress/runner/cypress_runner.js:165453:10)\n    at Promise._settlePromises (http://localhost:33875/__cypress/runner/cypress_runner.js:165528:18)\n    at Async../node_modules/bluebird/js/release/async.js.Async._drainQueue (http://localhost:33875/__cypress/runner/cypress_runner.js:162140:16)\n    at Async../node_modules/bluebird/js/release/async.js.Async._drainQueues (http://localhost:33875/__cypress/runner/cypress_runner.js:162150:10)\n    at Async.drainQueues (http://localhost:33875/__cypress/runner/cypress_runner.js:162024:14)",
                "diff": null
              },
              "uuid": "f6e3af25-5c33-448b-bb0d-51055a27dcdc",
              "parentUUID": "387c93bc-a849-4c7b-8b69-ded419edd7e2",
              "isHook": false,
              "skipped": false
            }
          ],
          "suites": [],
          "passes": [
            "97193ede-5729-4d47-9985-be42b0ba8345",
            "6af5e967-da67-4e17-b516-c02f2ca89f91",
            "a92e1698-bb95-477a-b0e2-396f591bc2ce",
            "8afc83f4-3676-4076-9112-989131fdc3ca",
            "13adea54-b46a-4dda-974a-23d4408c185b",
            "6198c298-b2df-4615-867a-1a4fc3fb79f3"
          ],
          "failures": [
            "ef410222-d1b4-43bf-8c4a-1234ccd7a9e8",
            "56fa36b6-c813-41de-a99b-944a8e093f44",
            "f6e3af25-5c33-448b-bb0d-51055a27dcdc"
          ],
          "pending": [],
          "skipped": [],
          "duration": 10239,
          "root": false,
          "rootEmpty": false,
          "_timeout": 2000
        },
        {
          "uuid": "8bdd9992-f0a2-461b-905b-47ee5df8c446",
          "title": "11 - Limite o tamanho mínimo e máximo do board.",
          "fullFile": "",
          "file": "",
          "beforeHooks": [],
          "afterHooks": [],
          "tests": [
            {
              "title": "Verifica se a altura máxima do board é 50",
              "fullTitle": "11 - Limite o tamanho mínimo e máximo do board. Verifica se a altura máxima do board é 50",
              "timedOut": null,
              "duration": 4621,
              "state": "failed",
              "speed": null,
              "pass": false,
              "fail": true,
              "pending": false,
              "context": null,
              "code": "cy.get('#board-size').clear().type(50);\ncy.get('#generate-board').click();\ncy.get('.pixel').should('have.length', 2500);",
              "err": {
                "message": "CypressError: Timed out retrying: Expected to find element: '.pixel', but never found it.",
                "estack": "CypressError: Timed out retrying: Expected to find element: '.pixel', but never found it.\n    at cypressErr (http://localhost:33875/__cypress/runner/cypress_runner.js:149934:9)\n    at throwErr (http://localhost:33875/__cypress/runner/cypress_runner.js:149867:11)\n    at Object.throwErrByPath (http://localhost:33875/__cypress/runner/cypress_runner.js:149915:3)\n    at retry (http://localhost:33875/__cypress/runner/cypress_runner.js:144197:19)\n    at onFailFn (http://localhost:33875/__cypress/runner/cypress_runner.js:132448:16)\n    at tryCatcher (http://localhost:33875/__cypress/runner/cypress_runner.js:167415:23)\n    at Promise._settlePromiseFromHandler (http://localhost:33875/__cypress/runner/cypress_runner.js:165351:31)\n    at Promise._settlePromise (http://localhost:33875/__cypress/runner/cypress_runner.js:165408:18)\n    at Promise._settlePromise0 (http://localhost:33875/__cypress/runner/cypress_runner.js:165453:10)\n    at Promise._settlePromises (http://localhost:33875/__cypress/runner/cypress_runner.js:165528:18)\n    at Async../node_modules/bluebird/js/release/async.js.Async._drainQueue (http://localhost:33875/__cypress/runner/cypress_runner.js:162140:16)\n    at Async../node_modules/bluebird/js/release/async.js.Async._drainQueues (http://localhost:33875/__cypress/runner/cypress_runner.js:162150:10)\n    at Async.drainQueues (http://localhost:33875/__cypress/runner/cypress_runner.js:162024:14)",
                "diff": null
              },
              "uuid": "78f262bd-84f5-4bc7-b3d6-65a12483abcf",
              "parentUUID": "8bdd9992-f0a2-461b-905b-47ee5df8c446",
              "isHook": false,
              "skipped": false
            },
            {
              "title": "Verifica se a altura do board é 5 quando um valor menor é colocado no input",
              "fullTitle": "11 - Limite o tamanho mínimo e máximo do board. Verifica se a altura do board é 5 quando um valor menor é colocado no input",
              "timedOut": null,
              "duration": 4605,
              "state": "failed",
              "speed": null,
              "pass": false,
              "fail": true,
              "pending": false,
              "context": null,
              "code": "cy.get('#board-size').clear().type(4);\ncy.get('#generate-board').click();\ncy.get('.pixel').should('have.length', 25);",
              "err": {
                "message": "CypressError: Timed out retrying: Expected to find element: '.pixel', but never found it.",
                "estack": "CypressError: Timed out retrying: Expected to find element: '.pixel', but never found it.\n    at cypressErr (http://localhost:33875/__cypress/runner/cypress_runner.js:149934:9)\n    at throwErr (http://localhost:33875/__cypress/runner/cypress_runner.js:149867:11)\n    at Object.throwErrByPath (http://localhost:33875/__cypress/runner/cypress_runner.js:149915:3)\n    at retry (http://localhost:33875/__cypress/runner/cypress_runner.js:144197:19)\n    at onFailFn (http://localhost:33875/__cypress/runner/cypress_runner.js:132448:16)\n    at tryCatcher (http://localhost:33875/__cypress/runner/cypress_runner.js:167415:23)\n    at Promise._settlePromiseFromHandler (http://localhost:33875/__cypress/runner/cypress_runner.js:165351:31)\n    at Promise._settlePromise (http://localhost:33875/__cypress/runner/cypress_runner.js:165408:18)\n    at Promise._settlePromise0 (http://localhost:33875/__cypress/runner/cypress_runner.js:165453:10)\n    at Promise._settlePromises (http://localhost:33875/__cypress/runner/cypress_runner.js:165528:18)\n    at Async../node_modules/bluebird/js/release/async.js.Async._drainQueue (http://localhost:33875/__cypress/runner/cypress_runner.js:162140:16)\n    at Async../node_modules/bluebird/js/release/async.js.Async._drainQueues (http://localhost:33875/__cypress/runner/cypress_runner.js:162150:10)\n    at Async.drainQueues (http://localhost:33875/__cypress/runner/cypress_runner.js:162024:14)",
                "diff": null
              },
              "uuid": "a7034bb7-2ea1-4a2d-b08e-fe4936e1fbd9",
              "parentUUID": "8bdd9992-f0a2-461b-905b-47ee5df8c446",
              "isHook": false,
              "skipped": false
            },
            {
              "title": "Verifica se a altura do board é 50 quando um valor maior é colocado no input",
              "fullTitle": "11 - Limite o tamanho mínimo e máximo do board. Verifica se a altura do board é 50 quando um valor maior é colocado no input",
              "timedOut": null,
              "duration": 4616,
              "state": "failed",
              "speed": null,
              "pass": false,
              "fail": true,
              "pending": false,
              "context": null,
              "code": "cy.get('#board-size').clear().type(51);\ncy.get('#generate-board').click();\ncy.get('.pixel').should('have.length', 2500);",
              "err": {
                "message": "CypressError: Timed out retrying: Expected to find element: '.pixel', but never found it.",
                "estack": "CypressError: Timed out retrying: Expected to find element: '.pixel', but never found it.\n    at cypressErr (http://localhost:33875/__cypress/runner/cypress_runner.js:149934:9)\n    at throwErr (http://localhost:33875/__cypress/runner/cypress_runner.js:149867:11)\n    at Object.throwErrByPath (http://localhost:33875/__cypress/runner/cypress_runner.js:149915:3)\n    at retry (http://localhost:33875/__cypress/runner/cypress_runner.js:144197:19)\n    at onFailFn (http://localhost:33875/__cypress/runner/cypress_runner.js:132448:16)\n    at tryCatcher (http://localhost:33875/__cypress/runner/cypress_runner.js:167415:23)\n    at Promise._settlePromiseFromHandler (http://localhost:33875/__cypress/runner/cypress_runner.js:165351:31)\n    at Promise._settlePromise (http://localhost:33875/__cypress/runner/cypress_runner.js:165408:18)\n    at Promise._settlePromise0 (http://localhost:33875/__cypress/runner/cypress_runner.js:165453:10)\n    at Promise._settlePromises (http://localhost:33875/__cypress/runner/cypress_runner.js:165528:18)\n    at Async../node_modules/bluebird/js/release/async.js.Async._drainQueue (http://localhost:33875/__cypress/runner/cypress_runner.js:162140:16)\n    at Async../node_modules/bluebird/js/release/async.js.Async._drainQueues (http://localhost:33875/__cypress/runner/cypress_runner.js:162150:10)\n    at Async.drainQueues (http://localhost:33875/__cypress/runner/cypress_runner.js:162024:14)",
                "diff": null
              },
              "uuid": "8d6c8b5b-4e0a-42ed-a46e-366e73a8896a",
              "parentUUID": "8bdd9992-f0a2-461b-905b-47ee5df8c446",
              "isHook": false,
              "skipped": false
            }
          ],
          "suites": [],
          "passes": [],
          "failures": [
            "78f262bd-84f5-4bc7-b3d6-65a12483abcf",
            "a7034bb7-2ea1-4a2d-b08e-fe4936e1fbd9",
            "8d6c8b5b-4e0a-42ed-a46e-366e73a8896a"
          ],
          "pending": [],
          "skipped": [],
          "duration": 13842,
          "root": false,
          "rootEmpty": false,
          "_timeout": 2000
        },
        {
          "uuid": "2bffccca-c575-4fd1-8828-6a014fc2a552",
          "title": "12 - Faça com que as cores da paleta sejam geradas aleatoriamente ao carregar a página.",
          "fullFile": "",
          "file": "",
          "beforeHooks": [],
          "afterHooks": [],
          "tests": [
            {
              "title": "Verifica se as cores geradas na paleta são diferentes a cada carregamento da página",
              "fullTitle": "12 - Faça com que as cores da paleta sejam geradas aleatoriamente ao carregar a página. Verifica se as cores geradas na paleta são diferentes a cada carregamento da página",
              "timedOut": null,
              "duration": 425,
              "state": "failed",
              "speed": null,
              "pass": false,
              "fail": true,
              "pending": false,
              "context": null,
              "code": "cy.get('.color').then(function (colors) {\n  var currentColors;\n  var previousColors;\n  previousColors = Array.from(colors).map(function (color) {\n    return Cypress.$(color).css('background-color');\n  });\n  for (var i = 0; i < 5; i += 1) {\n    cy.reload();\n    cy.get('.color').then(function (colors) {\n      currentColors = Array.from(colors).map(function (color) {\n        return Cypress.$(color).css('background-color');\n      });\n      expect(currentColors).not.to.deep.equal(previousColors);\n      previousColors = currentColors;\n    });\n  }\n});",
              "err": {
                "message": "AssertionError: expected [ Array(5) ] to not deeply equal [ Array(5) ]",
                "estack": "AssertionError: expected [ Array(5) ] to not deeply equal [ Array(5) ]\n    at getRet (http://localhost:33875/__cypress/runner/cypress_runner.js:136585:16)\n    at tryCatcher (http://localhost:33875/__cypress/runner/cypress_runner.js:167415:23)\n    at Function.Promise.attempt.Promise.try (http://localhost:33875/__cypress/runner/cypress_runner.js:164690:29)\n    at Context.thenFn (http://localhost:33875/__cypress/runner/cypress_runner.js:136599:23)\n    at Context.then (http://localhost:33875/__cypress/runner/cypress_runner.js:136971:21)\n    at Context.<anonymous> (http://localhost:33875/__cypress/runner/cypress_runner.js:148875:21)\n    at http://localhost:33875/__cypress/runner/cypress_runner.js:148351:33\n    at tryCatcher (http://localhost:33875/__cypress/runner/cypress_runner.js:167415:23)\n    at Promise._settlePromiseFromHandler (http://localhost:33875/__cypress/runner/cypress_runner.js:165351:31)\n    at Promise._settlePromise (http://localhost:33875/__cypress/runner/cypress_runner.js:165408:18)\n    at Promise._settlePromiseCtx (http://localhost:33875/__cypress/runner/cypress_runner.js:165445:10)\n    at Async../node_modules/bluebird/js/release/async.js.Async._drainQueue (http://localhost:33875/__cypress/runner/cypress_runner.js:162145:12)\n    at Async../node_modules/bluebird/js/release/async.js.Async._drainQueues (http://localhost:33875/__cypress/runner/cypress_runner.js:162150:10)\n    at Async.drainQueues (http://localhost:33875/__cypress/runner/cypress_runner.js:162024:14)",
                "diff": ""
              },
              "uuid": "82c47d03-e43f-4c0c-98b8-b44e6fd7c81a",
              "parentUUID": "2bffccca-c575-4fd1-8828-6a014fc2a552",
              "isHook": false,
              "skipped": false
            },
            {
              "title": "Verifica se a cor preta ainda está presente e é a primeira na sua paleta de cores",
              "fullTitle": "12 - Faça com que as cores da paleta sejam geradas aleatoriamente ao carregar a página. Verifica se a cor preta ainda está presente e é a primeira na sua paleta de cores",
              "timedOut": null,
              "duration": 333,
              "state": "failed",
              "speed": null,
              "pass": false,
              "fail": true,
              "pending": false,
              "context": null,
              "code": "cy.get('.color').then(function (colors) {\n  var currentColors;\n  var previousColors;\n  previousColors = Array.from(colors).map(function (color) {\n    return Cypress.$(color).css('background-color');\n  });\n  expect(previousColors[0]).to.eq(BLACK);\n  for (var i = 0; i < 5; i += 1) {\n    cy.reload();\n    cy.get('.color').then(function (colors) {\n      currentColors = Array.from(colors).map(function (color) {\n        return Cypress.$(color).css('background-color');\n      });\n      expect(currentColors[0]).to.eq(BLACK);\n      expect(currentColors).not.to.deep.equal(previousColors);\n      previousColors = currentColors;\n    });\n  }\n});",
              "err": {
                "message": "AssertionError: expected [ Array(5) ] to not deeply equal [ Array(5) ]",
                "estack": "AssertionError: expected [ Array(5) ] to not deeply equal [ Array(5) ]\n    at getRet (http://localhost:33875/__cypress/runner/cypress_runner.js:136585:16)\n    at tryCatcher (http://localhost:33875/__cypress/runner/cypress_runner.js:167415:23)\n    at Function.Promise.attempt.Promise.try (http://localhost:33875/__cypress/runner/cypress_runner.js:164690:29)\n    at Context.thenFn (http://localhost:33875/__cypress/runner/cypress_runner.js:136599:23)\n    at Context.then (http://localhost:33875/__cypress/runner/cypress_runner.js:136971:21)\n    at Context.<anonymous> (http://localhost:33875/__cypress/runner/cypress_runner.js:148875:21)\n    at http://localhost:33875/__cypress/runner/cypress_runner.js:148351:33\n    at tryCatcher (http://localhost:33875/__cypress/runner/cypress_runner.js:167415:23)\n    at Promise._settlePromiseFromHandler (http://localhost:33875/__cypress/runner/cypress_runner.js:165351:31)\n    at Promise._settlePromise (http://localhost:33875/__cypress/runner/cypress_runner.js:165408:18)\n    at Promise._settlePromiseCtx (http://localhost:33875/__cypress/runner/cypress_runner.js:165445:10)\n    at Async../node_modules/bluebird/js/release/async.js.Async._drainQueue (http://localhost:33875/__cypress/runner/cypress_runner.js:162145:12)\n    at Async../node_modules/bluebird/js/release/async.js.Async._drainQueues (http://localhost:33875/__cypress/runner/cypress_runner.js:162150:10)\n    at Async.drainQueues (http://localhost:33875/__cypress/runner/cypress_runner.js:162024:14)",
                "diff": ""
              },
              "uuid": "a9c53363-ee0c-4b0d-a04d-1e234835bf7d",
              "parentUUID": "2bffccca-c575-4fd1-8828-6a014fc2a552",
              "isHook": false,
              "skipped": false
            }
          ],
          "suites": [],
          "passes": [],
          "failures": [
            "82c47d03-e43f-4c0c-98b8-b44e6fd7c81a",
            "a9c53363-ee0c-4b0d-a04d-1e234835bf7d"
          ],
          "pending": [],
          "skipped": [],
          "duration": 758,
          "root": false,
          "rootEmpty": false,
          "_timeout": 2000
        }
      ],
      "passes": [],
      "failures": [],
      "pending": [],
      "skipped": [],
      "duration": 0,
      "root": true,
      "rootEmpty": true,
      "_timeout": 2000
    }
  ],
  "meta": {
    "mocha": {
      "version": "7.0.1"
    },
    "mochawesome": {
      "options": {
        "quiet": false,
        "reportFilename": "mochawesome",
        "saveHtml": false,
        "saveJson": true,
        "consoleReporter": "spec",
        "useInlineDiffs": false
      },
      "version": "4.1.0"
    },
    "marge": {
      "options": {
        "id": "default",
        "reportDir": "cypress/reports",
        "overwrite": true,
        "html": false,
        "json": true
      },
      "version": "4.1.0"
    }
  }
}