{
  "stats": {
    "suites": 12,
    "tests": 41,
    "passes": 27,
    "pending": 0,
    "failures": 14,
    "start": "2021-07-08T17:17:16.874Z",
    "end": "2021-07-08T17:18:48.386Z",
    "duration": 91512,
    "testsRegistered": 41,
    "passPercent": 65.85365853658537,
    "pendingPercent": 0,
    "other": 0,
    "hasOther": false,
    "skipped": 0,
    "hasSkipped": false
  },
  "results": [
    {
      "uuid": "09b96b48-f6e5-4c89-b8a6-64f4b073c08d",
      "title": "",
      "fullFile": "cypress/integration/project.spec.js",
      "file": "cypress/integration/project.spec.js",
      "beforeHooks": [],
      "afterHooks": [],
      "tests": [],
      "suites": [
        {
          "uuid": "65b611f5-fca6-4771-8f56-98e2d49f4169",
          "title": "1 - Adicione à página o título \"Paleta de Cores\".",
          "fullFile": "",
          "file": "",
          "beforeHooks": [],
          "afterHooks": [],
          "tests": [
            {
              "title": "Verifica se contém um elemento `h1` com o id `title` com o título correto",
              "fullTitle": "1 - Adicione à página o título \"Paleta de Cores\". Verifica se contém um elemento `h1` com o id `title` com o título correto",
              "timedOut": null,
              "duration": 771,
              "state": "passed",
              "speed": "slow",
              "pass": true,
              "fail": false,
              "pending": false,
              "context": null,
              "code": "cy.get('h1#title').should('contain.text', 'Paleta de Cores');",
              "err": {},
              "uuid": "1db3368f-a50e-4aae-bb66-663a250cd758",
              "parentUUID": "65b611f5-fca6-4771-8f56-98e2d49f4169",
              "isHook": false,
              "skipped": false
            }
          ],
          "suites": [],
          "passes": [
            "1db3368f-a50e-4aae-bb66-663a250cd758"
          ],
          "failures": [],
          "pending": [],
          "skipped": [],
          "duration": 771,
          "root": false,
          "rootEmpty": false,
          "_timeout": 2000
        },
        {
          "uuid": "3bae46d5-b08c-4ade-8df4-688f3829ce38",
          "title": "2 - Adicione à página uma paleta de quatro cores distintas.",
          "fullFile": "",
          "file": "",
          "beforeHooks": [],
          "afterHooks": [],
          "tests": [
            {
              "title": "A paleta de cores deve ser um elemento com `id` denominado `color-palette`",
              "fullTitle": "2 - Adicione à página uma paleta de quatro cores distintas. A paleta de cores deve ser um elemento com `id` denominado `color-palette`",
              "timedOut": null,
              "duration": 193,
              "state": "passed",
              "speed": "slow",
              "pass": true,
              "fail": false,
              "pending": false,
              "context": null,
              "code": "cy.get('#color-palette').should('be.visible');",
              "err": {},
              "uuid": "531319b1-cb54-4b67-add1-ba1f043dbd8b",
              "parentUUID": "3bae46d5-b08c-4ade-8df4-688f3829ce38",
              "isHook": false,
              "skipped": false
            },
            {
              "title": "Verifica se cada cor individual da paleta de cores possui a `classe` chamada `color`.",
              "fullTitle": "2 - Adicione à página uma paleta de quatro cores distintas. Verifica se cada cor individual da paleta de cores possui a `classe` chamada `color`.",
              "timedOut": null,
              "duration": 293,
              "state": "passed",
              "speed": "slow",
              "pass": true,
              "fail": false,
              "pending": false,
              "context": null,
              "code": "cy.get('.color').should('have.length', 4).then(function (colors) {\n  for (var i = 0; i < colors.length; i++) {\n    cy.wrap(colors[i]).should('be.visible');\n  }\n});",
              "err": {},
              "uuid": "a58e3fe0-9ac2-48b1-aaf2-5a1882a3af26",
              "parentUUID": "3bae46d5-b08c-4ade-8df4-688f3829ce38",
              "isHook": false,
              "skipped": false
            },
            {
              "title": "Verifica se a cor de fundo de cada elemento da paleta é a cor que o elemento representa. **A única cor não permitida na paleta é a cor branca.**",
              "fullTitle": "2 - Adicione à página uma paleta de quatro cores distintas. Verifica se a cor de fundo de cada elemento da paleta é a cor que o elemento representa. **A única cor não permitida na paleta é a cor branca.**",
              "timedOut": null,
              "duration": 208,
              "state": "passed",
              "speed": "slow",
              "pass": true,
              "fail": false,
              "pending": false,
              "context": null,
              "code": "cy.get('.color').each(function (color) {\n  cy.wrap(color).should('have.class', 'color').and('not.have.css', 'background-color', WHITE);\n  cy.wrap(color).should('have.css', 'background-color');\n});",
              "err": {},
              "uuid": "be897875-fb23-4fe4-ab9d-eff9657829df",
              "parentUUID": "3bae46d5-b08c-4ade-8df4-688f3829ce38",
              "isHook": false,
              "skipped": false
            },
            {
              "title": "Verifica se cada elemento da paleta de cores tem uma borda preta, sólida e com 1 pixel de largura;",
              "fullTitle": "2 - Adicione à página uma paleta de quatro cores distintas. Verifica se cada elemento da paleta de cores tem uma borda preta, sólida e com 1 pixel de largura;",
              "timedOut": null,
              "duration": 182,
              "state": "passed",
              "speed": "slow",
              "pass": true,
              "fail": false,
              "pending": false,
              "context": null,
              "code": "cy.get('.color').each(function (color) {\n  cy.wrap(color).and('have.css', 'border', \"1px solid \".concat(BLACK)).and('have.class', 'color');\n});",
              "err": {},
              "uuid": "80d54d1e-262f-4c3c-b47c-16c914e9958f",
              "parentUUID": "3bae46d5-b08c-4ade-8df4-688f3829ce38",
              "isHook": false,
              "skipped": false
            },
            {
              "title": "Verifica se a paleta lista todas as cores disponíveis para utilização, lado a lado.",
              "fullTitle": "2 - Adicione à página uma paleta de quatro cores distintas. Verifica se a paleta lista todas as cores disponíveis para utilização, lado a lado.",
              "timedOut": null,
              "duration": 132,
              "state": "passed",
              "speed": "slow",
              "pass": true,
              "fail": false,
              "pending": false,
              "context": null,
              "code": "cy.get('.color').then(function (colors) {\n  for (var index = 1; index < colors.length; index += 1) {\n    var currentColor = colors[index];\n    var previousColor = colors[index - 1];\n    cy.wrap(currentColor).should('be.onTheRightOf', previousColor).and('be.horizontallyAlignedWith', previousColor);\n  }\n});",
              "err": {},
              "uuid": "4e8ee486-2d85-4834-86a3-dcf725e40471",
              "parentUUID": "3bae46d5-b08c-4ade-8df4-688f3829ce38",
              "isHook": false,
              "skipped": false
            },
            {
              "title": "Verifica se a paleta de cores está posicionada abaixo do título 'Paleta de Cores'",
              "fullTitle": "2 - Adicione à página uma paleta de quatro cores distintas. Verifica se a paleta de cores está posicionada abaixo do título 'Paleta de Cores'",
              "timedOut": null,
              "duration": 197,
              "state": "passed",
              "speed": "slow",
              "pass": true,
              "fail": false,
              "pending": false,
              "context": null,
              "code": "cy.get('h1#title').then(function (title) {\n  cy.get('#color-palette').should('be.belowOf', title);\n});",
              "err": {},
              "uuid": "705b12c6-1149-4f41-9897-2d9ab55327d6",
              "parentUUID": "3bae46d5-b08c-4ade-8df4-688f3829ce38",
              "isHook": false,
              "skipped": false
            },
            {
              "title": "Verifica se a paleta de cores não contém cores repetidas.",
              "fullTitle": "2 - Adicione à página uma paleta de quatro cores distintas. Verifica se a paleta de cores não contém cores repetidas.",
              "timedOut": null,
              "duration": 135,
              "state": "passed",
              "speed": "slow",
              "pass": true,
              "fail": false,
              "pending": false,
              "context": null,
              "code": "cy.get('.color').then(function (colors) {\n  var allColors = Array.from(colors).map(function (color) {\n    return Cypress.$(color).css('background-color');\n  });\n  cy.log(allColors);\n  var uniqColors = (0, _toConsumableArray2[\"default\"])(new Set(allColors));\n  cy.log(uniqColors);\n  expect(allColors.length).to.eq(uniqColors.length);\n});",
              "err": {},
              "uuid": "dee6ca81-52ca-42db-b618-acfde77c48b5",
              "parentUUID": "3bae46d5-b08c-4ade-8df4-688f3829ce38",
              "isHook": false,
              "skipped": false
            }
          ],
          "suites": [],
          "passes": [
            "531319b1-cb54-4b67-add1-ba1f043dbd8b",
            "a58e3fe0-9ac2-48b1-aaf2-5a1882a3af26",
            "be897875-fb23-4fe4-ab9d-eff9657829df",
            "80d54d1e-262f-4c3c-b47c-16c914e9958f",
            "4e8ee486-2d85-4834-86a3-dcf725e40471",
            "705b12c6-1149-4f41-9897-2d9ab55327d6",
            "dee6ca81-52ca-42db-b618-acfde77c48b5"
          ],
          "failures": [],
          "pending": [],
          "skipped": [],
          "duration": 1340,
          "root": false,
          "rootEmpty": false,
          "_timeout": 2000
        },
        {
          "uuid": "cf36be26-2892-4a7b-ace2-f78c6a6fcd2b",
          "title": "3 - Adicione a cor **preta** como a primeira cor da paleta de cores.",
          "fullFile": "",
          "file": "",
          "beforeHooks": [],
          "afterHooks": [],
          "tests": [
            {
              "title": "Verifica se a primeira cor da paleta é preta",
              "fullTitle": "3 - Adicione a cor **preta** como a primeira cor da paleta de cores. Verifica se a primeira cor da paleta é preta",
              "timedOut": null,
              "duration": 152,
              "state": "passed",
              "speed": "slow",
              "pass": true,
              "fail": false,
              "pending": false,
              "context": null,
              "code": "cy.get('.color').first().should('have.css', 'background-color', BLACK);",
              "err": {},
              "uuid": "513f2eb0-f0ca-4fb9-bcb6-144860c7caac",
              "parentUUID": "cf36be26-2892-4a7b-ace2-f78c6a6fcd2b",
              "isHook": false,
              "skipped": false
            },
            {
              "title": "Verifica se as demais cores podem ser escolhidas livremente.",
              "fullTitle": "3 - Adicione a cor **preta** como a primeira cor da paleta de cores. Verifica se as demais cores podem ser escolhidas livremente.",
              "timedOut": null,
              "duration": 291,
              "state": "passed",
              "speed": "slow",
              "pass": true,
              "fail": false,
              "pending": false,
              "context": null,
              "code": "cy.get('.color').eq(1).should('not.have.css', 'background-color', BLACK);\ncy.get('.color').eq(1).should('not.have.css', 'background-color', WHITE);\ncy.get('.color').eq(1).should('not.have.css', 'background-color', 'rgba(0, 0, 0, 0)');\ncy.get('.color').eq(1).should('have.css', 'background-color');\ncy.get('.color').eq(2).should('not.have.css', 'background-color', BLACK);\ncy.get('.color').eq(2).should('not.have.css', 'background-color', WHITE);\ncy.get('.color').eq(2).should('not.have.css', 'background-color', 'rgba(0, 0, 0, 0)');\ncy.get('.color').eq(2).should('have.css', 'background-color');\ncy.get('.color').eq(3).should('not.have.css', 'background-color', BLACK);\ncy.get('.color').eq(3).should('not.have.css', 'background-color', WHITE);\ncy.get('.color').eq(3).should('not.have.css', 'background-color', 'rgba(0, 0, 0, 0)');\ncy.get('.color').eq(3).should('have.css', 'background-color');",
              "err": {},
              "uuid": "ef3ef27f-2b77-487c-8685-ac6092bd85da",
              "parentUUID": "cf36be26-2892-4a7b-ace2-f78c6a6fcd2b",
              "isHook": false,
              "skipped": false
            }
          ],
          "suites": [],
          "passes": [
            "513f2eb0-f0ca-4fb9-bcb6-144860c7caac",
            "ef3ef27f-2b77-487c-8685-ac6092bd85da"
          ],
          "failures": [],
          "pending": [],
          "skipped": [],
          "duration": 443,
          "root": false,
          "rootEmpty": false,
          "_timeout": 2000
        },
        {
          "uuid": "6d44b7c7-73e6-4742-a38f-891b0c23c037",
          "title": "4 - Adicione à página um quadro de pixels, com 25 pixels.",
          "fullFile": "",
          "file": "",
          "beforeHooks": [],
          "afterHooks": [],
          "tests": [
            {
              "title": "Verifica se o quadro de pixels possui o `id` denominado `pixel-board`",
              "fullTitle": "4 - Adicione à página um quadro de pixels, com 25 pixels. Verifica se o quadro de pixels possui o `id` denominado `pixel-board`",
              "timedOut": null,
              "duration": 150,
              "state": "passed",
              "speed": "slow",
              "pass": true,
              "fail": false,
              "pending": false,
              "context": null,
              "code": "cy.get('#pixel-board').should('be.visible');",
              "err": {},
              "uuid": "5d1b085d-dcf8-4644-a6a3-a4a1bb77fc10",
              "parentUUID": "6d44b7c7-73e6-4742-a38f-891b0c23c037",
              "isHook": false,
              "skipped": false
            },
            {
              "title": "Verifica se cada pixel individual dentro do quadro possui a `classe` denominada `pixel`.",
              "fullTitle": "4 - Adicione à página um quadro de pixels, com 25 pixels. Verifica se cada pixel individual dentro do quadro possui a `classe` denominada `pixel`.",
              "timedOut": null,
              "duration": 176,
              "state": "passed",
              "speed": "slow",
              "pass": true,
              "fail": false,
              "pending": false,
              "context": null,
              "code": "cy.get('.pixel').should('have.length', 25);",
              "err": {},
              "uuid": "7582f1ec-07c5-4919-8720-01a96ec5eea5",
              "parentUUID": "6d44b7c7-73e6-4742-a38f-891b0c23c037",
              "isHook": false,
              "skipped": false
            },
            {
              "title": "Verifica se a cor inicial dos pixels dentro do quadro, ao abrir a página, é branca.",
              "fullTitle": "4 - Adicione à página um quadro de pixels, com 25 pixels. Verifica se a cor inicial dos pixels dentro do quadro, ao abrir a página, é branca.",
              "timedOut": null,
              "duration": 272,
              "state": "passed",
              "speed": "slow",
              "pass": true,
              "fail": false,
              "pending": false,
              "context": null,
              "code": "cy.get('.pixel').should('have.length', 25).each(function (pixel) {\n  expect(pixel).to.have.css('background-color', WHITE);\n});",
              "err": {},
              "uuid": "ba045d01-1892-405b-93d5-20b66b1e81f5",
              "parentUUID": "6d44b7c7-73e6-4742-a38f-891b0c23c037",
              "isHook": false,
              "skipped": false
            },
            {
              "title": "Verifica se o quadro de pixels aparece abaixo da paleta de cores",
              "fullTitle": "4 - Adicione à página um quadro de pixels, com 25 pixels. Verifica se o quadro de pixels aparece abaixo da paleta de cores",
              "timedOut": null,
              "duration": 137,
              "state": "passed",
              "speed": "slow",
              "pass": true,
              "fail": false,
              "pending": false,
              "context": null,
              "code": "cy.get('#color-palette').then(function (palette) {\n  cy.get('#pixel-board').should('be.belowOf', palette);\n});",
              "err": {},
              "uuid": "4627e7da-da96-4869-9864-7e3b5a8c541c",
              "parentUUID": "6d44b7c7-73e6-4742-a38f-891b0c23c037",
              "isHook": false,
              "skipped": false
            }
          ],
          "suites": [],
          "passes": [
            "5d1b085d-dcf8-4644-a6a3-a4a1bb77fc10",
            "7582f1ec-07c5-4919-8720-01a96ec5eea5",
            "ba045d01-1892-405b-93d5-20b66b1e81f5",
            "4627e7da-da96-4869-9864-7e3b5a8c541c"
          ],
          "failures": [],
          "pending": [],
          "skipped": [],
          "duration": 735,
          "root": false,
          "rootEmpty": false,
          "_timeout": 2000
        },
        {
          "uuid": "d7053684-58d2-41df-8493-ab04be786a94",
          "title": "5 - Faça com que cada elemento do quadro de pixels possua 40 pixels de largura, 40 pixels de altura e seja delimitado por uma borda preta de 1 pixel.",
          "fullFile": "",
          "file": "",
          "beforeHooks": [],
          "afterHooks": [],
          "tests": [
            {
              "title": "Verifica se o quadro de pixels tem altura e comprimento de 5 elementos",
              "fullTitle": "5 - Faça com que cada elemento do quadro de pixels possua 40 pixels de largura, 40 pixels de altura e seja delimitado por uma borda preta de 1 pixel. Verifica se o quadro de pixels tem altura e comprimento de 5 elementos",
              "timedOut": null,
              "duration": 569,
              "state": "passed",
              "speed": "slow",
              "pass": true,
              "fail": false,
              "pending": false,
              "context": null,
              "code": "cy.get('.pixel').should('have.length', 25).each(function (pixel) {\n  expect(pixel).to.have.css('background-color', WHITE);\n}).and(function (pixels) {\n  var rows = chunk(pixels, 5);\n  rows.forEach(function (row) {\n    for (var index = 1; index < row.length; index += 1) {\n      var current = pixels[index];\n      var previous = pixels[index - 1];\n      cy.wrap(current).should('be.onTheRightOf', previous).and('be.horizontallyAlignedWith', previous);\n    }\n  });\n  for (var index = 1; index < 5; index += 1) {\n    expect(pixels[index * 5]).to.be.belowOf(pixels[(index - 1) * 5]);\n  }\n});",
              "err": {},
              "uuid": "947aa722-29a0-4d2f-b0f3-2ff3941c4ea0",
              "parentUUID": "d7053684-58d2-41df-8493-ab04be786a94",
              "isHook": false,
              "skipped": false
            },
            {
              "title": "Verifica se 40 pixels é o tamanho total do elemento, incluindo seu conteúdo e excluindo a borda preta, que deve ser criada à parte.",
              "fullTitle": "5 - Faça com que cada elemento do quadro de pixels possua 40 pixels de largura, 40 pixels de altura e seja delimitado por uma borda preta de 1 pixel. Verifica se 40 pixels é o tamanho total do elemento, incluindo seu conteúdo e excluindo a borda preta, que deve ser criada à parte.",
              "timedOut": null,
              "duration": 4488,
              "state": "failed",
              "speed": null,
              "pass": false,
              "fail": true,
              "pending": false,
              "context": null,
              "code": "cy.get('.pixel').each(function (pixel) {\n  cy.wrap(pixel).should('have.css', 'height', '40px').and('have.css', 'width', '40px').and('have.css', 'border', \"1px solid \".concat(BLACK));\n});",
              "err": {
                "message": "CypressError: Timed out retrying: expected '<td.pixel>' to have CSS property 'height' with the value '40px', but the value was '39px'",
                "estack": "CypressError: Timed out retrying: expected '<td.pixel>' to have CSS property 'height' with the value '40px', but the value was '39px'\n    at cypressErr (http://localhost:52925/__cypress/runner/cypress_runner.js:149934:9)\n    at throwErr (http://localhost:52925/__cypress/runner/cypress_runner.js:149867:11)\n    at Object.throwErrByPath (http://localhost:52925/__cypress/runner/cypress_runner.js:149915:3)\n    at retry (http://localhost:52925/__cypress/runner/cypress_runner.js:144197:19)\n    at onFailFn (http://localhost:52925/__cypress/runner/cypress_runner.js:132448:16)\n    at tryCatcher (http://localhost:52925/__cypress/runner/cypress_runner.js:167415:23)\n    at Promise._settlePromiseFromHandler (http://localhost:52925/__cypress/runner/cypress_runner.js:165351:31)\n    at Promise._settlePromise (http://localhost:52925/__cypress/runner/cypress_runner.js:165408:18)\n    at Promise._settlePromise0 (http://localhost:52925/__cypress/runner/cypress_runner.js:165453:10)\n    at Promise._settlePromises (http://localhost:52925/__cypress/runner/cypress_runner.js:165528:18)\n    at Async../node_modules/bluebird/js/release/async.js.Async._drainQueue (http://localhost:52925/__cypress/runner/cypress_runner.js:162140:16)\n    at Async../node_modules/bluebird/js/release/async.js.Async._drainQueues (http://localhost:52925/__cypress/runner/cypress_runner.js:162150:10)\n    at Async.drainQueues (http://localhost:52925/__cypress/runner/cypress_runner.js:162024:14)",
                "diff": null
              },
              "uuid": "d1c7cd2f-d92a-4b98-9e1a-a63f6314ab76",
              "parentUUID": "d7053684-58d2-41df-8493-ab04be786a94",
              "isHook": false,
              "skipped": false
            }
          ],
          "suites": [],
          "passes": [
            "947aa722-29a0-4d2f-b0f3-2ff3941c4ea0"
          ],
          "failures": [
            "d1c7cd2f-d92a-4b98-9e1a-a63f6314ab76"
          ],
          "pending": [],
          "skipped": [],
          "duration": 5057,
          "root": false,
          "rootEmpty": false,
          "_timeout": 2000
        },
        {
          "uuid": "190e88df-6c59-4a39-b637-dff8026e2005",
          "title": "6 - Defina a cor preta como cor inicial. Ao carregar a página a cor preta já deve estar selecionada para pintar os pixels",
          "fullFile": "",
          "file": "",
          "beforeHooks": [],
          "afterHooks": [],
          "tests": [
            {
              "title": "Verifica se o elemento da cor preta possui, inicialmente, a `classe` `selected`",
              "fullTitle": "6 - Defina a cor preta como cor inicial. Ao carregar a página a cor preta já deve estar selecionada para pintar os pixels Verifica se o elemento da cor preta possui, inicialmente, a `classe` `selected`",
              "timedOut": null,
              "duration": 211,
              "state": "passed",
              "speed": "slow",
              "pass": true,
              "fail": false,
              "pending": false,
              "context": null,
              "code": "cy.get('.selected').first().should('have.css', 'background-color', BLACK);",
              "err": {},
              "uuid": "198e45bd-8b7d-4e7a-a339-084fcb5d1f01",
              "parentUUID": "190e88df-6c59-4a39-b637-dff8026e2005",
              "isHook": false,
              "skipped": false
            },
            {
              "title": "Verifica se nenhuma outra cor da paleta tem a `classe` `selected`",
              "fullTitle": "6 - Defina a cor preta como cor inicial. Ao carregar a página a cor preta já deve estar selecionada para pintar os pixels Verifica se nenhuma outra cor da paleta tem a `classe` `selected`",
              "timedOut": null,
              "duration": 112,
              "state": "passed",
              "speed": "slow",
              "pass": true,
              "fail": false,
              "pending": false,
              "context": null,
              "code": "cy.get('.color:not(:first-child)').each(function (color) {\n  cy.wrap(color).should('not.have.class', 'selected');\n});",
              "err": {},
              "uuid": "4d08d590-930f-4b36-8258-cdb23a04922b",
              "parentUUID": "190e88df-6c59-4a39-b637-dff8026e2005",
              "isHook": false,
              "skipped": false
            }
          ],
          "suites": [],
          "passes": [
            "198e45bd-8b7d-4e7a-a339-084fcb5d1f01",
            "4d08d590-930f-4b36-8258-cdb23a04922b"
          ],
          "failures": [],
          "pending": [],
          "skipped": [],
          "duration": 323,
          "root": false,
          "rootEmpty": false,
          "_timeout": 2000
        },
        {
          "uuid": "c659c42c-fb5d-4873-bac2-3bd2c4401252",
          "title": "7 - Clicar em uma das cores da paleta, faz com que ela seja selecionada e utilizada para preencher os pixels no quadro.",
          "fullFile": "",
          "file": "",
          "beforeHooks": [],
          "afterHooks": [],
          "tests": [
            {
              "title": "Verifica se somente uma cor da paleta de cores tem a classe `selected` de cada vez",
              "fullTitle": "7 - Clicar em uma das cores da paleta, faz com que ela seja selecionada e utilizada para preencher os pixels no quadro. Verifica se somente uma cor da paleta de cores tem a classe `selected` de cada vez",
              "timedOut": null,
              "duration": 498,
              "state": "passed",
              "speed": "slow",
              "pass": true,
              "fail": false,
              "pending": false,
              "context": null,
              "code": "cy.get('.color').each(function (selectedColor, selectedColorIndex) {\n  cy.wrap(selectedColor).click();\n  cy.get('.color').each(function (color, colorIndex) {\n    if (colorIndex === selectedColorIndex) {\n      expect(color).to.have[\"class\"]('selected');\n    } else {\n      expect(color).not.to.have[\"class\"]('selected');\n    }\n  });\n});",
              "err": {},
              "uuid": "81d21869-7bc5-48ef-a7f9-886fbb536683",
              "parentUUID": "c659c42c-fb5d-4873-bac2-3bd2c4401252",
              "isHook": false,
              "skipped": false
            },
            {
              "title": "Verifica se os pixels dentro do quadro não têm a classe `selected` quando são clicados",
              "fullTitle": "7 - Clicar em uma das cores da paleta, faz com que ela seja selecionada e utilizada para preencher os pixels no quadro. Verifica se os pixels dentro do quadro não têm a classe `selected` quando são clicados",
              "timedOut": null,
              "duration": 9083,
              "state": "passed",
              "speed": "slow",
              "pass": true,
              "fail": false,
              "pending": false,
              "context": null,
              "code": "cy.get('.color').each(function (color) {\n  var backgroundColor = color.css('background-color');\n  cy.wrap(color).click();\n  cy.get('.pixel').each(function (pixel) {\n    cy.wrap(pixel).click().should('not.have.class', 'selected');\n  });\n});",
              "err": {},
              "uuid": "cda10044-584e-4274-a234-4fb7bae18b12",
              "parentUUID": "c659c42c-fb5d-4873-bac2-3bd2c4401252",
              "isHook": false,
              "skipped": false
            }
          ],
          "suites": [],
          "passes": [
            "81d21869-7bc5-48ef-a7f9-886fbb536683",
            "cda10044-584e-4274-a234-4fb7bae18b12"
          ],
          "failures": [],
          "pending": [],
          "skipped": [],
          "duration": 9581,
          "root": false,
          "rootEmpty": false,
          "_timeout": 2000
        },
        {
          "uuid": "b94db346-dfe5-45bf-97b7-3ce02f44dc52",
          "title": "8 - Clicar em um pixel dentro do quadro após selecionar uma cor na paleta, faz com que o pixel seja preenchido com a cor selecionada.",
          "fullFile": "",
          "file": "",
          "beforeHooks": [],
          "afterHooks": [],
          "tests": [
            {
              "title": "Verifica se ao carregar a página deve ser possível pintar os pixels de preto",
              "fullTitle": "8 - Clicar em um pixel dentro do quadro após selecionar uma cor na paleta, faz com que o pixel seja preenchido com a cor selecionada. Verifica se ao carregar a página deve ser possível pintar os pixels de preto",
              "timedOut": null,
              "duration": 2366,
              "state": "passed",
              "speed": "slow",
              "pass": true,
              "fail": false,
              "pending": false,
              "context": null,
              "code": "cy.get('.pixel').each(function (pixel) {\n  cy.wrap(pixel).click().should('have.css', 'background-color', BLACK);\n});",
              "err": {},
              "uuid": "e7fddaa8-caad-449f-97b1-6070e16991e8",
              "parentUUID": "b94db346-dfe5-45bf-97b7-3ce02f44dc52",
              "isHook": false,
              "skipped": false
            },
            {
              "title": "Verifica se após selecionar uma outra cor na paleta, é possível pintar os pixels com essa cor",
              "fullTitle": "8 - Clicar em um pixel dentro do quadro após selecionar uma cor na paleta, faz com que o pixel seja preenchido com a cor selecionada. Verifica se após selecionar uma outra cor na paleta, é possível pintar os pixels com essa cor",
              "timedOut": null,
              "duration": 6866,
              "state": "failed",
              "speed": null,
              "pass": false,
              "fail": true,
              "pending": false,
              "context": null,
              "code": "cy.get('.color').each(function (color) {\n  var backgroundColor = color.css('background-color');\n  cy.wrap(color).click();\n  cy.get('.pixel').each(function (pixel) {\n    cy.wrap(pixel).click().should('have.css', 'background-color', backgroundColor);\n  });\n});",
              "err": {
                "message": "CypressError: Timed out retrying: expected '<td.pixel>' to have CSS property 'background-color' with the value 'rgba(0, 0, 0, 0)', but the value was 'rgb(255, 255, 255)'",
                "estack": "CypressError: Timed out retrying: expected '<td.pixel>' to have CSS property 'background-color' with the value 'rgba(0, 0, 0, 0)', but the value was 'rgb(255, 255, 255)'\n    at cypressErr (http://localhost:52925/__cypress/runner/cypress_runner.js:149934:9)\n    at throwErr (http://localhost:52925/__cypress/runner/cypress_runner.js:149867:11)\n    at Object.throwErrByPath (http://localhost:52925/__cypress/runner/cypress_runner.js:149915:3)\n    at retry (http://localhost:52925/__cypress/runner/cypress_runner.js:144197:19)\n    at onFailFn (http://localhost:52925/__cypress/runner/cypress_runner.js:132448:16)\n    at tryCatcher (http://localhost:52925/__cypress/runner/cypress_runner.js:167415:23)\n    at Promise._settlePromiseFromHandler (http://localhost:52925/__cypress/runner/cypress_runner.js:165351:31)\n    at Promise._settlePromise (http://localhost:52925/__cypress/runner/cypress_runner.js:165408:18)\n    at Promise._settlePromise0 (http://localhost:52925/__cypress/runner/cypress_runner.js:165453:10)\n    at Promise._settlePromises (http://localhost:52925/__cypress/runner/cypress_runner.js:165528:18)\n    at Async../node_modules/bluebird/js/release/async.js.Async._drainQueue (http://localhost:52925/__cypress/runner/cypress_runner.js:162140:16)\n    at Async../node_modules/bluebird/js/release/async.js.Async._drainQueues (http://localhost:52925/__cypress/runner/cypress_runner.js:162150:10)\n    at Async.drainQueues (http://localhost:52925/__cypress/runner/cypress_runner.js:162024:14)",
                "diff": null
              },
              "uuid": "ce1e1c12-1091-41bb-b974-739c53488bb4",
              "parentUUID": "b94db346-dfe5-45bf-97b7-3ce02f44dc52",
              "isHook": false,
              "skipped": false
            },
            {
              "title": "Verifica se somente o pixel que foi clicado foi preenchido com a cor selecionada, sem influenciar na cor dos demais pixels.",
              "fullTitle": "8 - Clicar em um pixel dentro do quadro após selecionar uma cor na paleta, faz com que o pixel seja preenchido com a cor selecionada. Verifica se somente o pixel que foi clicado foi preenchido com a cor selecionada, sem influenciar na cor dos demais pixels.",
              "timedOut": null,
              "duration": 2717,
              "state": "passed",
              "speed": "slow",
              "pass": true,
              "fail": false,
              "pending": false,
              "context": null,
              "code": "var colorToPixelIndexMap = {\n  0: 6,\n  1: 8,\n  2: 16,\n  3: 18\n};\ncy.get('.color').each(function (color, index) {\n  cy.wrap(color).click();\n  var backgroundColor = color.css('background-color');\n  var clickedPixelIndex = colorToPixelIndexMap[index];\n  cy.get('.pixel').eq(clickedPixelIndex).click();\n  cy.get('.pixel').eq(clickedPixelIndex - 1).should('not.have.css', 'background-color', backgroundColor);\n  cy.get('.pixel').eq(clickedPixelIndex + 1).should('not.have.css', 'background-color', backgroundColor);\n  cy.get('.pixel').eq(clickedPixelIndex - 5).should('not.have.css', 'background-color', backgroundColor);\n  cy.get('.pixel').eq(clickedPixelIndex + 5).should('not.have.css', 'background-color', backgroundColor);\n  cy.get('.pixel').eq(clickedPixelIndex - 6).should('not.have.css', 'background-color', backgroundColor);\n  cy.get('.pixel').eq(clickedPixelIndex - 4).should('not.have.css', 'background-color', backgroundColor);\n  cy.get('.pixel').eq(clickedPixelIndex + 4).should('not.have.css', 'background-color', backgroundColor);\n  cy.get('.pixel').eq(clickedPixelIndex + 6).should('not.have.css', 'background-color', backgroundColor);\n});",
              "err": {},
              "uuid": "f41940f0-a780-498a-ab23-f6e38dbabbb7",
              "parentUUID": "b94db346-dfe5-45bf-97b7-3ce02f44dc52",
              "isHook": false,
              "skipped": false
            }
          ],
          "suites": [],
          "passes": [
            "e7fddaa8-caad-449f-97b1-6070e16991e8",
            "f41940f0-a780-498a-ab23-f6e38dbabbb7"
          ],
          "failures": [
            "ce1e1c12-1091-41bb-b974-739c53488bb4"
          ],
          "pending": [],
          "skipped": [],
          "duration": 11949,
          "root": false,
          "rootEmpty": false,
          "_timeout": 2000
        },
        {
          "uuid": "d725b554-bea5-4ae4-8c9c-2c3d6c715801",
          "title": "9 - Crie um botão que, ao ser clicado, limpa o quadro preenchendo a cor de todos seus pixels com branco.",
          "fullFile": "",
          "file": "",
          "beforeHooks": [],
          "afterHooks": [],
          "tests": [
            {
              "title": "Verifica se o botão tem o `id` denominado `clear-board`",
              "fullTitle": "9 - Crie um botão que, ao ser clicado, limpa o quadro preenchendo a cor de todos seus pixels com branco. Verifica se o botão tem o `id` denominado `clear-board`",
              "timedOut": null,
              "duration": 333,
              "state": "passed",
              "speed": "slow",
              "pass": true,
              "fail": false,
              "pending": false,
              "context": null,
              "code": "cy.get('#clear-board').should('be.visible');",
              "err": {},
              "uuid": "e7575189-645c-4825-9cc9-03aa182025cb",
              "parentUUID": "d725b554-bea5-4ae4-8c9c-2c3d6c715801",
              "isHook": false,
              "skipped": false
            },
            {
              "title": "Verifica se o botão está posicionado entre a paleta de cores e o quadro de pixels",
              "fullTitle": "9 - Crie um botão que, ao ser clicado, limpa o quadro preenchendo a cor de todos seus pixels com branco. Verifica se o botão está posicionado entre a paleta de cores e o quadro de pixels",
              "timedOut": null,
              "duration": 205,
              "state": "passed",
              "speed": "slow",
              "pass": true,
              "fail": false,
              "pending": false,
              "context": null,
              "code": "cy.get('#color-palette').then(function (palette) {\n  cy.get('#clear-board').should('be.belowOf', palette);\n});\ncy.get('#clear-board').then(function (clearBtn) {\n  cy.get('#pixel-board').should('be.belowOf', clearBtn);\n});",
              "err": {},
              "uuid": "3700f43c-90e0-454f-a643-f93bb53e50ff",
              "parentUUID": "d725b554-bea5-4ae4-8c9c-2c3d6c715801",
              "isHook": false,
              "skipped": false
            },
            {
              "title": "Verifica se o texto do botão é 'Limpar'",
              "fullTitle": "9 - Crie um botão que, ao ser clicado, limpa o quadro preenchendo a cor de todos seus pixels com branco. Verifica se o texto do botão é 'Limpar'",
              "timedOut": null,
              "duration": 164,
              "state": "passed",
              "speed": "slow",
              "pass": true,
              "fail": false,
              "pending": false,
              "context": null,
              "code": "cy.get('#clear-board').should('contain.text', 'Limpar');",
              "err": {},
              "uuid": "8b782165-1d6e-4e66-96d9-a83c4569c735",
              "parentUUID": "d725b554-bea5-4ae4-8c9c-2c3d6c715801",
              "isHook": false,
              "skipped": false
            },
            {
              "title": "Verifica se ao clicar no botão, o quadro de pixels é totalmente preenchido de branco",
              "fullTitle": "9 - Crie um botão que, ao ser clicado, limpa o quadro preenchendo a cor de todos seus pixels com branco. Verifica se ao clicar no botão, o quadro de pixels é totalmente preenchido de branco",
              "timedOut": null,
              "duration": 2545,
              "state": "passed",
              "speed": "slow",
              "pass": true,
              "fail": false,
              "pending": false,
              "context": null,
              "code": "cy.get('.color').eq(1).then(function (color) {\n  var backgroundColor = color.css('background-color');\n  cy.wrap(color).click();\n  cy.get('.pixel').each(function (pixel) {\n    cy.wrap(pixel).click().should('have.css', 'background-color', backgroundColor);\n  });\n});\ncy.get('#clear-board').click();\ncy.get('.pixel').each(function (pixel) {\n  cy.wrap(pixel).should('have.css', 'background-color', WHITE);\n});",
              "err": {},
              "uuid": "77a56c21-4a0c-410d-8a9b-049b9c01bb84",
              "parentUUID": "d725b554-bea5-4ae4-8c9c-2c3d6c715801",
              "isHook": false,
              "skipped": false
            }
          ],
          "suites": [],
          "passes": [
            "e7575189-645c-4825-9cc9-03aa182025cb",
            "3700f43c-90e0-454f-a643-f93bb53e50ff",
            "8b782165-1d6e-4e66-96d9-a83c4569c735",
            "77a56c21-4a0c-410d-8a9b-049b9c01bb84"
          ],
          "failures": [],
          "pending": [],
          "skipped": [],
          "duration": 3247,
          "root": false,
          "rootEmpty": false,
          "_timeout": 2000
        },
        {
          "uuid": "5a6d77a4-53a0-412e-aac8-640e860b9a7a",
          "title": "10 - Faça o quadro de pixels ter seu tamanho definido pelo usuário.",
          "fullFile": "",
          "file": "",
          "beforeHooks": [],
          "afterHooks": [],
          "tests": [
            {
              "title": "Verifica se existe um input com o id `board-size`",
              "fullTitle": "10 - Faça o quadro de pixels ter seu tamanho definido pelo usuário. Verifica se existe um input com o id `board-size`",
              "timedOut": null,
              "duration": 4753,
              "state": "failed",
              "speed": null,
              "pass": false,
              "fail": true,
              "pending": false,
              "context": null,
              "code": "cy.get('#board-size').should('be.visible');",
              "err": {
                "message": "CypressError: Timed out retrying: Expected to find element: '#board-size', but never found it.",
                "estack": "CypressError: Timed out retrying: Expected to find element: '#board-size', but never found it.\n    at cypressErr (http://localhost:52925/__cypress/runner/cypress_runner.js:149934:9)\n    at throwErr (http://localhost:52925/__cypress/runner/cypress_runner.js:149867:11)\n    at Object.throwErrByPath (http://localhost:52925/__cypress/runner/cypress_runner.js:149915:3)\n    at retry (http://localhost:52925/__cypress/runner/cypress_runner.js:144197:19)\n    at onFailFn (http://localhost:52925/__cypress/runner/cypress_runner.js:132448:16)\n    at tryCatcher (http://localhost:52925/__cypress/runner/cypress_runner.js:167415:23)\n    at Promise._settlePromiseFromHandler (http://localhost:52925/__cypress/runner/cypress_runner.js:165351:31)\n    at Promise._settlePromise (http://localhost:52925/__cypress/runner/cypress_runner.js:165408:18)\n    at Promise._settlePromise0 (http://localhost:52925/__cypress/runner/cypress_runner.js:165453:10)\n    at Promise._settlePromises (http://localhost:52925/__cypress/runner/cypress_runner.js:165528:18)\n    at Async../node_modules/bluebird/js/release/async.js.Async._drainQueue (http://localhost:52925/__cypress/runner/cypress_runner.js:162140:16)\n    at Async../node_modules/bluebird/js/release/async.js.Async._drainQueues (http://localhost:52925/__cypress/runner/cypress_runner.js:162150:10)\n    at Async.drainQueues (http://localhost:52925/__cypress/runner/cypress_runner.js:162024:14)",
                "diff": null
              },
              "uuid": "d45bf3be-b6af-46ec-97fd-29ed59ae5c0f",
              "parentUUID": "5a6d77a4-53a0-412e-aac8-640e860b9a7a",
              "isHook": false,
              "skipped": false
            },
            {
              "title": "Verifica se existe um botão com o id `generate-board`",
              "fullTitle": "10 - Faça o quadro de pixels ter seu tamanho definido pelo usuário. Verifica se existe um botão com o id `generate-board`",
              "timedOut": null,
              "duration": 4832,
              "state": "failed",
              "speed": null,
              "pass": false,
              "fail": true,
              "pending": false,
              "context": null,
              "code": "cy.get('#generate-board').should('be.visible');",
              "err": {
                "message": "CypressError: Timed out retrying: Expected to find element: '#generate-board', but never found it.",
                "estack": "CypressError: Timed out retrying: Expected to find element: '#generate-board', but never found it.\n    at cypressErr (http://localhost:52925/__cypress/runner/cypress_runner.js:149934:9)\n    at throwErr (http://localhost:52925/__cypress/runner/cypress_runner.js:149867:11)\n    at Object.throwErrByPath (http://localhost:52925/__cypress/runner/cypress_runner.js:149915:3)\n    at retry (http://localhost:52925/__cypress/runner/cypress_runner.js:144197:19)\n    at onFailFn (http://localhost:52925/__cypress/runner/cypress_runner.js:132448:16)\n    at tryCatcher (http://localhost:52925/__cypress/runner/cypress_runner.js:167415:23)\n    at Promise._settlePromiseFromHandler (http://localhost:52925/__cypress/runner/cypress_runner.js:165351:31)\n    at Promise._settlePromise (http://localhost:52925/__cypress/runner/cypress_runner.js:165408:18)\n    at Promise._settlePromise0 (http://localhost:52925/__cypress/runner/cypress_runner.js:165453:10)\n    at Promise._settlePromises (http://localhost:52925/__cypress/runner/cypress_runner.js:165528:18)\n    at Async../node_modules/bluebird/js/release/async.js.Async._drainQueue (http://localhost:52925/__cypress/runner/cypress_runner.js:162140:16)\n    at Async../node_modules/bluebird/js/release/async.js.Async._drainQueues (http://localhost:52925/__cypress/runner/cypress_runner.js:162150:10)\n    at Async.drainQueues (http://localhost:52925/__cypress/runner/cypress_runner.js:162024:14)",
                "diff": null
              },
              "uuid": "d06aa985-83ee-4e6d-a048-b1e3f69308ce",
              "parentUUID": "5a6d77a4-53a0-412e-aac8-640e860b9a7a",
              "isHook": false,
              "skipped": false
            },
            {
              "title": "Verifica se o input só aceita número maiores que zero. Essa restrição deve ser feita usando os atributos do elemento `input`",
              "fullTitle": "10 - Faça o quadro de pixels ter seu tamanho definido pelo usuário. Verifica se o input só aceita número maiores que zero. Essa restrição deve ser feita usando os atributos do elemento `input`",
              "timedOut": null,
              "duration": 4662,
              "state": "failed",
              "speed": null,
              "pass": false,
              "fail": true,
              "pending": false,
              "context": null,
              "code": "cy.get('#board-size[type=\\'number\\'][min=\\'1\\']');",
              "err": {
                "message": "CypressError: Timed out retrying: Expected to find element: '#board-size[type='number'][min='1']', but never found it.",
                "estack": "CypressError: Timed out retrying: Expected to find element: '#board-size[type='number'][min='1']', but never found it.\n    at cypressErr (http://localhost:52925/__cypress/runner/cypress_runner.js:149934:9)\n    at throwErr (http://localhost:52925/__cypress/runner/cypress_runner.js:149867:11)\n    at Object.throwErrByPath (http://localhost:52925/__cypress/runner/cypress_runner.js:149915:3)\n    at retry (http://localhost:52925/__cypress/runner/cypress_runner.js:144197:19)\n    at onFailFn (http://localhost:52925/__cypress/runner/cypress_runner.js:132448:16)\n    at tryCatcher (http://localhost:52925/__cypress/runner/cypress_runner.js:167415:23)\n    at Promise._settlePromiseFromHandler (http://localhost:52925/__cypress/runner/cypress_runner.js:165351:31)\n    at Promise._settlePromise (http://localhost:52925/__cypress/runner/cypress_runner.js:165408:18)\n    at Promise._settlePromise0 (http://localhost:52925/__cypress/runner/cypress_runner.js:165453:10)\n    at Promise._settlePromises (http://localhost:52925/__cypress/runner/cypress_runner.js:165528:18)\n    at Async../node_modules/bluebird/js/release/async.js.Async._drainQueue (http://localhost:52925/__cypress/runner/cypress_runner.js:162140:16)\n    at Async../node_modules/bluebird/js/release/async.js.Async._drainQueues (http://localhost:52925/__cypress/runner/cypress_runner.js:162150:10)\n    at Async.drainQueues (http://localhost:52925/__cypress/runner/cypress_runner.js:162024:14)",
                "diff": null
              },
              "uuid": "12a3fb5e-1a1d-4023-8359-b30f3d5937dc",
              "parentUUID": "5a6d77a4-53a0-412e-aac8-640e860b9a7a",
              "isHook": false,
              "skipped": false
            },
            {
              "title": "Verifica se o botão contém o texto 'VQV'",
              "fullTitle": "10 - Faça o quadro de pixels ter seu tamanho definido pelo usuário. Verifica se o botão contém o texto 'VQV'",
              "timedOut": null,
              "duration": 4696,
              "state": "failed",
              "speed": null,
              "pass": false,
              "fail": true,
              "pending": false,
              "context": null,
              "code": "cy.get('#generate-board').contains(/vqv/i);",
              "err": {
                "message": "CypressError: Timed out retrying: Expected to find element: '#generate-board', but never found it.",
                "estack": "CypressError: Timed out retrying: Expected to find element: '#generate-board', but never found it.\n    at cypressErr (http://localhost:52925/__cypress/runner/cypress_runner.js:149934:9)\n    at throwErr (http://localhost:52925/__cypress/runner/cypress_runner.js:149867:11)\n    at Object.throwErrByPath (http://localhost:52925/__cypress/runner/cypress_runner.js:149915:3)\n    at retry (http://localhost:52925/__cypress/runner/cypress_runner.js:144197:19)\n    at onFailFn (http://localhost:52925/__cypress/runner/cypress_runner.js:132448:16)\n    at tryCatcher (http://localhost:52925/__cypress/runner/cypress_runner.js:167415:23)\n    at Promise._settlePromiseFromHandler (http://localhost:52925/__cypress/runner/cypress_runner.js:165351:31)\n    at Promise._settlePromise (http://localhost:52925/__cypress/runner/cypress_runner.js:165408:18)\n    at Promise._settlePromise0 (http://localhost:52925/__cypress/runner/cypress_runner.js:165453:10)\n    at Promise._settlePromises (http://localhost:52925/__cypress/runner/cypress_runner.js:165528:18)\n    at Async../node_modules/bluebird/js/release/async.js.Async._drainQueue (http://localhost:52925/__cypress/runner/cypress_runner.js:162140:16)\n    at Async../node_modules/bluebird/js/release/async.js.Async._drainQueues (http://localhost:52925/__cypress/runner/cypress_runner.js:162150:10)\n    at Async.drainQueues (http://localhost:52925/__cypress/runner/cypress_runner.js:162024:14)",
                "diff": null
              },
              "uuid": "d01ca9e1-0d19-4356-96be-62c756135435",
              "parentUUID": "5a6d77a4-53a0-412e-aac8-640e860b9a7a",
              "isHook": false,
              "skipped": false
            },
            {
              "title": "Verifica se o input está posicionado entre a paleta de cores e o quadro de pixels",
              "fullTitle": "10 - Faça o quadro de pixels ter seu tamanho definido pelo usuário. Verifica se o input está posicionado entre a paleta de cores e o quadro de pixels",
              "timedOut": null,
              "duration": 4617,
              "state": "failed",
              "speed": null,
              "pass": false,
              "fail": true,
              "pending": false,
              "context": null,
              "code": "cy.get('#color-palette').then(function (palette) {\n  cy.get('#board-size').should('be.belowOf', palette);\n});\ncy.get('#board-size').then(function (palette) {\n  cy.get('#pixel-board').should('be.belowOf', palette);\n});",
              "err": {
                "message": "CypressError: Timed out retrying: Expected to find element: '#board-size', but never found it.",
                "estack": "CypressError: Timed out retrying: Expected to find element: '#board-size', but never found it.\n    at cypressErr (http://localhost:52925/__cypress/runner/cypress_runner.js:149934:9)\n    at throwErr (http://localhost:52925/__cypress/runner/cypress_runner.js:149867:11)\n    at Object.throwErrByPath (http://localhost:52925/__cypress/runner/cypress_runner.js:149915:3)\n    at retry (http://localhost:52925/__cypress/runner/cypress_runner.js:144197:19)\n    at onFailFn (http://localhost:52925/__cypress/runner/cypress_runner.js:132448:16)\n    at tryCatcher (http://localhost:52925/__cypress/runner/cypress_runner.js:167415:23)\n    at Promise._settlePromiseFromHandler (http://localhost:52925/__cypress/runner/cypress_runner.js:165351:31)\n    at Promise._settlePromise (http://localhost:52925/__cypress/runner/cypress_runner.js:165408:18)\n    at Promise._settlePromise0 (http://localhost:52925/__cypress/runner/cypress_runner.js:165453:10)\n    at Promise._settlePromises (http://localhost:52925/__cypress/runner/cypress_runner.js:165528:18)\n    at Async../node_modules/bluebird/js/release/async.js.Async._drainQueue (http://localhost:52925/__cypress/runner/cypress_runner.js:162140:16)\n    at Async../node_modules/bluebird/js/release/async.js.Async._drainQueues (http://localhost:52925/__cypress/runner/cypress_runner.js:162150:10)\n    at Async.drainQueues (http://localhost:52925/__cypress/runner/cypress_runner.js:162024:14)",
                "diff": null
              },
              "uuid": "bd9af975-e452-41d0-b087-e87528b34194",
              "parentUUID": "5a6d77a4-53a0-412e-aac8-640e860b9a7a",
              "isHook": false,
              "skipped": false
            },
            {
              "title": "Verifica se o botão está posicionado ao lado do input",
              "fullTitle": "10 - Faça o quadro de pixels ter seu tamanho definido pelo usuário. Verifica se o botão está posicionado ao lado do input",
              "timedOut": null,
              "duration": 4697,
              "state": "failed",
              "speed": null,
              "pass": false,
              "fail": true,
              "pending": false,
              "context": null,
              "code": "cy.get('#board-size').then(function (board) {\n  cy.get('#generate-board').should('be.onTheRightOf', board);\n});",
              "err": {
                "message": "CypressError: Timed out retrying: Expected to find element: '#board-size', but never found it.",
                "estack": "CypressError: Timed out retrying: Expected to find element: '#board-size', but never found it.\n    at cypressErr (http://localhost:52925/__cypress/runner/cypress_runner.js:149934:9)\n    at throwErr (http://localhost:52925/__cypress/runner/cypress_runner.js:149867:11)\n    at Object.throwErrByPath (http://localhost:52925/__cypress/runner/cypress_runner.js:149915:3)\n    at retry (http://localhost:52925/__cypress/runner/cypress_runner.js:144197:19)\n    at onFailFn (http://localhost:52925/__cypress/runner/cypress_runner.js:132448:16)\n    at tryCatcher (http://localhost:52925/__cypress/runner/cypress_runner.js:167415:23)\n    at Promise._settlePromiseFromHandler (http://localhost:52925/__cypress/runner/cypress_runner.js:165351:31)\n    at Promise._settlePromise (http://localhost:52925/__cypress/runner/cypress_runner.js:165408:18)\n    at Promise._settlePromise0 (http://localhost:52925/__cypress/runner/cypress_runner.js:165453:10)\n    at Promise._settlePromises (http://localhost:52925/__cypress/runner/cypress_runner.js:165528:18)\n    at Async../node_modules/bluebird/js/release/async.js.Async._drainQueue (http://localhost:52925/__cypress/runner/cypress_runner.js:162140:16)\n    at Async../node_modules/bluebird/js/release/async.js.Async._drainQueues (http://localhost:52925/__cypress/runner/cypress_runner.js:162150:10)\n    at Async.drainQueues (http://localhost:52925/__cypress/runner/cypress_runner.js:162024:14)",
                "diff": null
              },
              "uuid": "e48e1325-15ae-412b-b80a-9bd841ab5327",
              "parentUUID": "5a6d77a4-53a0-412e-aac8-640e860b9a7a",
              "isHook": false,
              "skipped": false
            },
            {
              "title": "Verifica se nenhum valor for colocado no input ao clicar no botão, um `alert` é exibido com o texto: 'Board inválido!'",
              "fullTitle": "10 - Faça o quadro de pixels ter seu tamanho definido pelo usuário. Verifica se nenhum valor for colocado no input ao clicar no botão, um `alert` é exibido com o texto: 'Board inválido!'",
              "timedOut": null,
              "duration": 4652,
              "state": "failed",
              "speed": null,
              "pass": false,
              "fail": true,
              "pending": false,
              "context": null,
              "code": "var alerted = false;\ncy.on('window:alert', function (msg) {\n  return alerted = msg;\n});\ncy.get('#generate-board').click().then(function () {\n  return expect(alerted).to.match(/Board inválido!/i);\n});",
              "err": {
                "message": "CypressError: Timed out retrying: Expected to find element: '#generate-board', but never found it.",
                "estack": "CypressError: Timed out retrying: Expected to find element: '#generate-board', but never found it.\n    at cypressErr (http://localhost:52925/__cypress/runner/cypress_runner.js:149934:9)\n    at throwErr (http://localhost:52925/__cypress/runner/cypress_runner.js:149867:11)\n    at Object.throwErrByPath (http://localhost:52925/__cypress/runner/cypress_runner.js:149915:3)\n    at retry (http://localhost:52925/__cypress/runner/cypress_runner.js:144197:19)\n    at onFailFn (http://localhost:52925/__cypress/runner/cypress_runner.js:132448:16)\n    at tryCatcher (http://localhost:52925/__cypress/runner/cypress_runner.js:167415:23)\n    at Promise._settlePromiseFromHandler (http://localhost:52925/__cypress/runner/cypress_runner.js:165351:31)\n    at Promise._settlePromise (http://localhost:52925/__cypress/runner/cypress_runner.js:165408:18)\n    at Promise._settlePromise0 (http://localhost:52925/__cypress/runner/cypress_runner.js:165453:10)\n    at Promise._settlePromises (http://localhost:52925/__cypress/runner/cypress_runner.js:165528:18)\n    at Async../node_modules/bluebird/js/release/async.js.Async._drainQueue (http://localhost:52925/__cypress/runner/cypress_runner.js:162140:16)\n    at Async../node_modules/bluebird/js/release/async.js.Async._drainQueues (http://localhost:52925/__cypress/runner/cypress_runner.js:162150:10)\n    at Async.drainQueues (http://localhost:52925/__cypress/runner/cypress_runner.js:162024:14)",
                "diff": null
              },
              "uuid": "27319c92-7bc8-47a9-9ad8-d47a6887b7d3",
              "parentUUID": "5a6d77a4-53a0-412e-aac8-640e860b9a7a",
              "isHook": false,
              "skipped": false
            },
            {
              "title": "Verifica se ao clicar no botão com um valor preenchido, o tamanho do board muda.",
              "fullTitle": "10 - Faça o quadro de pixels ter seu tamanho definido pelo usuário. Verifica se ao clicar no botão com um valor preenchido, o tamanho do board muda.",
              "timedOut": null,
              "duration": 4578,
              "state": "failed",
              "speed": null,
              "pass": false,
              "fail": true,
              "pending": false,
              "context": null,
              "code": "cy.get('#board-size').clear().type(10);\ncy.get('#generate-board').click();\ncy.get('.pixel').should('have.length', 100);",
              "err": {
                "message": "CypressError: Timed out retrying: Expected to find element: '#board-size', but never found it.",
                "estack": "CypressError: Timed out retrying: Expected to find element: '#board-size', but never found it.\n    at cypressErr (http://localhost:52925/__cypress/runner/cypress_runner.js:149934:9)\n    at throwErr (http://localhost:52925/__cypress/runner/cypress_runner.js:149867:11)\n    at Object.throwErrByPath (http://localhost:52925/__cypress/runner/cypress_runner.js:149915:3)\n    at retry (http://localhost:52925/__cypress/runner/cypress_runner.js:144197:19)\n    at onFailFn (http://localhost:52925/__cypress/runner/cypress_runner.js:132448:16)\n    at tryCatcher (http://localhost:52925/__cypress/runner/cypress_runner.js:167415:23)\n    at Promise._settlePromiseFromHandler (http://localhost:52925/__cypress/runner/cypress_runner.js:165351:31)\n    at Promise._settlePromise (http://localhost:52925/__cypress/runner/cypress_runner.js:165408:18)\n    at Promise._settlePromise0 (http://localhost:52925/__cypress/runner/cypress_runner.js:165453:10)\n    at Promise._settlePromises (http://localhost:52925/__cypress/runner/cypress_runner.js:165528:18)\n    at Async../node_modules/bluebird/js/release/async.js.Async._drainQueue (http://localhost:52925/__cypress/runner/cypress_runner.js:162140:16)\n    at Async../node_modules/bluebird/js/release/async.js.Async._drainQueues (http://localhost:52925/__cypress/runner/cypress_runner.js:162150:10)\n    at Async.drainQueues (http://localhost:52925/__cypress/runner/cypress_runner.js:162024:14)",
                "diff": null
              },
              "uuid": "7509f542-5d39-4cab-affd-a0c9ab660c45",
              "parentUUID": "5a6d77a4-53a0-412e-aac8-640e860b9a7a",
              "isHook": false,
              "skipped": false
            },
            {
              "title": "Verifica se o novo quadro tem todos os pixels preenchidos com a cor branca",
              "fullTitle": "10 - Faça o quadro de pixels ter seu tamanho definido pelo usuário. Verifica se o novo quadro tem todos os pixels preenchidos com a cor branca",
              "timedOut": null,
              "duration": 4565,
              "state": "failed",
              "speed": null,
              "pass": false,
              "fail": true,
              "pending": false,
              "context": null,
              "code": "cy.get('#board-size').clear().type(6);\ncy.get('#generate-board').click();\ncy.get('.pixel').should('have.length', 36).each(function (pixel) {\n  expect(pixel).to.have.css('background-color', WHITE);\n});",
              "err": {
                "message": "CypressError: Timed out retrying: Expected to find element: '#board-size', but never found it.",
                "estack": "CypressError: Timed out retrying: Expected to find element: '#board-size', but never found it.\n    at cypressErr (http://localhost:52925/__cypress/runner/cypress_runner.js:149934:9)\n    at throwErr (http://localhost:52925/__cypress/runner/cypress_runner.js:149867:11)\n    at Object.throwErrByPath (http://localhost:52925/__cypress/runner/cypress_runner.js:149915:3)\n    at retry (http://localhost:52925/__cypress/runner/cypress_runner.js:144197:19)\n    at onFailFn (http://localhost:52925/__cypress/runner/cypress_runner.js:132448:16)\n    at tryCatcher (http://localhost:52925/__cypress/runner/cypress_runner.js:167415:23)\n    at Promise._settlePromiseFromHandler (http://localhost:52925/__cypress/runner/cypress_runner.js:165351:31)\n    at Promise._settlePromise (http://localhost:52925/__cypress/runner/cypress_runner.js:165408:18)\n    at Promise._settlePromise0 (http://localhost:52925/__cypress/runner/cypress_runner.js:165453:10)\n    at Promise._settlePromises (http://localhost:52925/__cypress/runner/cypress_runner.js:165528:18)\n    at Async../node_modules/bluebird/js/release/async.js.Async._drainQueue (http://localhost:52925/__cypress/runner/cypress_runner.js:162140:16)\n    at Async../node_modules/bluebird/js/release/async.js.Async._drainQueues (http://localhost:52925/__cypress/runner/cypress_runner.js:162150:10)\n    at Async.drainQueues (http://localhost:52925/__cypress/runner/cypress_runner.js:162024:14)",
                "diff": null
              },
              "uuid": "d22fd630-56b9-456c-82c6-aa4d3db066fa",
              "parentUUID": "5a6d77a4-53a0-412e-aac8-640e860b9a7a",
              "isHook": false,
              "skipped": false
            }
          ],
          "suites": [],
          "passes": [],
          "failures": [
            "d45bf3be-b6af-46ec-97fd-29ed59ae5c0f",
            "d06aa985-83ee-4e6d-a048-b1e3f69308ce",
            "12a3fb5e-1a1d-4023-8359-b30f3d5937dc",
            "d01ca9e1-0d19-4356-96be-62c756135435",
            "bd9af975-e452-41d0-b087-e87528b34194",
            "e48e1325-15ae-412b-b80a-9bd841ab5327",
            "27319c92-7bc8-47a9-9ad8-d47a6887b7d3",
            "7509f542-5d39-4cab-affd-a0c9ab660c45",
            "d22fd630-56b9-456c-82c6-aa4d3db066fa"
          ],
          "pending": [],
          "skipped": [],
          "duration": 42052,
          "root": false,
          "rootEmpty": false,
          "_timeout": 2000
        },
        {
          "uuid": "0b2483d8-3635-4530-b6c9-f0febe491b0d",
          "title": "11 - Limite o tamanho mínimo e máximo do board.",
          "fullFile": "",
          "file": "",
          "beforeHooks": [],
          "afterHooks": [],
          "tests": [
            {
              "title": "Verifica se a altura máxima do board é 50",
              "fullTitle": "11 - Limite o tamanho mínimo e máximo do board. Verifica se a altura máxima do board é 50",
              "timedOut": null,
              "duration": 4507,
              "state": "failed",
              "speed": null,
              "pass": false,
              "fail": true,
              "pending": false,
              "context": null,
              "code": "cy.get('#board-size').clear().type(50);\ncy.get('#generate-board').click();\ncy.get('.pixel').should('have.length', 2500);",
              "err": {
                "message": "CypressError: Timed out retrying: Expected to find element: '#board-size', but never found it.",
                "estack": "CypressError: Timed out retrying: Expected to find element: '#board-size', but never found it.\n    at cypressErr (http://localhost:52925/__cypress/runner/cypress_runner.js:149934:9)\n    at throwErr (http://localhost:52925/__cypress/runner/cypress_runner.js:149867:11)\n    at Object.throwErrByPath (http://localhost:52925/__cypress/runner/cypress_runner.js:149915:3)\n    at retry (http://localhost:52925/__cypress/runner/cypress_runner.js:144197:19)\n    at onFailFn (http://localhost:52925/__cypress/runner/cypress_runner.js:132448:16)\n    at tryCatcher (http://localhost:52925/__cypress/runner/cypress_runner.js:167415:23)\n    at Promise._settlePromiseFromHandler (http://localhost:52925/__cypress/runner/cypress_runner.js:165351:31)\n    at Promise._settlePromise (http://localhost:52925/__cypress/runner/cypress_runner.js:165408:18)\n    at Promise._settlePromise0 (http://localhost:52925/__cypress/runner/cypress_runner.js:165453:10)\n    at Promise._settlePromises (http://localhost:52925/__cypress/runner/cypress_runner.js:165528:18)\n    at Async../node_modules/bluebird/js/release/async.js.Async._drainQueue (http://localhost:52925/__cypress/runner/cypress_runner.js:162140:16)\n    at Async../node_modules/bluebird/js/release/async.js.Async._drainQueues (http://localhost:52925/__cypress/runner/cypress_runner.js:162150:10)\n    at Async.drainQueues (http://localhost:52925/__cypress/runner/cypress_runner.js:162024:14)",
                "diff": null
              },
              "uuid": "33f0d67d-3043-40ca-b26d-0547f50220e0",
              "parentUUID": "0b2483d8-3635-4530-b6c9-f0febe491b0d",
              "isHook": false,
              "skipped": false
            },
            {
              "title": "Verifica se a altura do board é 5 quando um valor menor é colocado no input",
              "fullTitle": "11 - Limite o tamanho mínimo e máximo do board. Verifica se a altura do board é 5 quando um valor menor é colocado no input",
              "timedOut": null,
              "duration": 4557,
              "state": "failed",
              "speed": null,
              "pass": false,
              "fail": true,
              "pending": false,
              "context": null,
              "code": "cy.get('#board-size').clear().type(4);\ncy.get('#generate-board').click();\ncy.get('.pixel').should('have.length', 25);",
              "err": {
                "message": "CypressError: Timed out retrying: Expected to find element: '#board-size', but never found it.",
                "estack": "CypressError: Timed out retrying: Expected to find element: '#board-size', but never found it.\n    at cypressErr (http://localhost:52925/__cypress/runner/cypress_runner.js:149934:9)\n    at throwErr (http://localhost:52925/__cypress/runner/cypress_runner.js:149867:11)\n    at Object.throwErrByPath (http://localhost:52925/__cypress/runner/cypress_runner.js:149915:3)\n    at retry (http://localhost:52925/__cypress/runner/cypress_runner.js:144197:19)\n    at onFailFn (http://localhost:52925/__cypress/runner/cypress_runner.js:132448:16)\n    at tryCatcher (http://localhost:52925/__cypress/runner/cypress_runner.js:167415:23)\n    at Promise._settlePromiseFromHandler (http://localhost:52925/__cypress/runner/cypress_runner.js:165351:31)\n    at Promise._settlePromise (http://localhost:52925/__cypress/runner/cypress_runner.js:165408:18)\n    at Promise._settlePromise0 (http://localhost:52925/__cypress/runner/cypress_runner.js:165453:10)\n    at Promise._settlePromises (http://localhost:52925/__cypress/runner/cypress_runner.js:165528:18)\n    at Async../node_modules/bluebird/js/release/async.js.Async._drainQueue (http://localhost:52925/__cypress/runner/cypress_runner.js:162140:16)\n    at Async../node_modules/bluebird/js/release/async.js.Async._drainQueues (http://localhost:52925/__cypress/runner/cypress_runner.js:162150:10)\n    at Async.drainQueues (http://localhost:52925/__cypress/runner/cypress_runner.js:162024:14)",
                "diff": null
              },
              "uuid": "cdffa031-1932-4b13-bbcc-6a7ffbaceea0",
              "parentUUID": "0b2483d8-3635-4530-b6c9-f0febe491b0d",
              "isHook": false,
              "skipped": false
            },
            {
              "title": "Verifica se a altura do board é 50 quando um valor maior é colocado no input",
              "fullTitle": "11 - Limite o tamanho mínimo e máximo do board. Verifica se a altura do board é 50 quando um valor maior é colocado no input",
              "timedOut": null,
              "duration": 4514,
              "state": "failed",
              "speed": null,
              "pass": false,
              "fail": true,
              "pending": false,
              "context": null,
              "code": "cy.get('#board-size').clear().type(51);\ncy.get('#generate-board').click();\ncy.get('.pixel').should('have.length', 2500);",
              "err": {
                "message": "CypressError: Timed out retrying: Expected to find element: '#board-size', but never found it.",
                "estack": "CypressError: Timed out retrying: Expected to find element: '#board-size', but never found it.\n    at cypressErr (http://localhost:52925/__cypress/runner/cypress_runner.js:149934:9)\n    at throwErr (http://localhost:52925/__cypress/runner/cypress_runner.js:149867:11)\n    at Object.throwErrByPath (http://localhost:52925/__cypress/runner/cypress_runner.js:149915:3)\n    at retry (http://localhost:52925/__cypress/runner/cypress_runner.js:144197:19)\n    at onFailFn (http://localhost:52925/__cypress/runner/cypress_runner.js:132448:16)\n    at tryCatcher (http://localhost:52925/__cypress/runner/cypress_runner.js:167415:23)\n    at Promise._settlePromiseFromHandler (http://localhost:52925/__cypress/runner/cypress_runner.js:165351:31)\n    at Promise._settlePromise (http://localhost:52925/__cypress/runner/cypress_runner.js:165408:18)\n    at Promise._settlePromise0 (http://localhost:52925/__cypress/runner/cypress_runner.js:165453:10)\n    at Promise._settlePromises (http://localhost:52925/__cypress/runner/cypress_runner.js:165528:18)\n    at Async../node_modules/bluebird/js/release/async.js.Async._drainQueue (http://localhost:52925/__cypress/runner/cypress_runner.js:162140:16)\n    at Async../node_modules/bluebird/js/release/async.js.Async._drainQueues (http://localhost:52925/__cypress/runner/cypress_runner.js:162150:10)\n    at Async.drainQueues (http://localhost:52925/__cypress/runner/cypress_runner.js:162024:14)",
                "diff": null
              },
              "uuid": "669266fa-6af7-4a51-b6df-9cb29af5a6aa",
              "parentUUID": "0b2483d8-3635-4530-b6c9-f0febe491b0d",
              "isHook": false,
              "skipped": false
            }
          ],
          "suites": [],
          "passes": [],
          "failures": [
            "33f0d67d-3043-40ca-b26d-0547f50220e0",
            "cdffa031-1932-4b13-bbcc-6a7ffbaceea0",
            "669266fa-6af7-4a51-b6df-9cb29af5a6aa"
          ],
          "pending": [],
          "skipped": [],
          "duration": 13578,
          "root": false,
          "rootEmpty": false,
          "_timeout": 2000
        },
        {
          "uuid": "4e6cf2ac-e995-4589-9c9f-35787c1bb5cc",
          "title": "12 - Faça com que as cores da paleta sejam geradas aleatoriamente ao carregar a página.",
          "fullFile": "",
          "file": "",
          "beforeHooks": [],
          "afterHooks": [],
          "tests": [
            {
              "title": "Verifica se as cores geradas na paleta são diferentes a cada carregamento da página",
              "fullTitle": "12 - Faça com que as cores da paleta sejam geradas aleatoriamente ao carregar a página. Verifica se as cores geradas na paleta são diferentes a cada carregamento da página",
              "timedOut": null,
              "duration": 442,
              "state": "passed",
              "speed": "slow",
              "pass": true,
              "fail": false,
              "pending": false,
              "context": null,
              "code": "cy.get('.color').then(function (colors) {\n  var currentColors;\n  var previousColors;\n  previousColors = Array.from(colors).map(function (color) {\n    return Cypress.$(color).css('background-color');\n  });\n  for (var i = 0; i < 5; i += 1) {\n    cy.reload();\n    cy.get('.color').then(function (colors) {\n      currentColors = Array.from(colors).map(function (color) {\n        return Cypress.$(color).css('background-color');\n      });\n      expect(currentColors).not.to.deep.equal(previousColors);\n      previousColors = currentColors;\n    });\n  }\n});",
              "err": {},
              "uuid": "18abdc39-6429-46e2-8378-3b29902ba029",
              "parentUUID": "4e6cf2ac-e995-4589-9c9f-35787c1bb5cc",
              "isHook": false,
              "skipped": false
            },
            {
              "title": "Verifica se a cor preta ainda está presente e é a primeira na sua paleta de cores",
              "fullTitle": "12 - Faça com que as cores da paleta sejam geradas aleatoriamente ao carregar a página. Verifica se a cor preta ainda está presente e é a primeira na sua paleta de cores",
              "timedOut": null,
              "duration": 506,
              "state": "passed",
              "speed": "slow",
              "pass": true,
              "fail": false,
              "pending": false,
              "context": null,
              "code": "cy.get('.color').then(function (colors) {\n  var currentColors;\n  var previousColors;\n  previousColors = Array.from(colors).map(function (color) {\n    return Cypress.$(color).css('background-color');\n  });\n  expect(previousColors[0]).to.eq(BLACK);\n  for (var i = 0; i < 5; i += 1) {\n    cy.reload();\n    cy.get('.color').then(function (colors) {\n      currentColors = Array.from(colors).map(function (color) {\n        return Cypress.$(color).css('background-color');\n      });\n      expect(currentColors[0]).to.eq(BLACK);\n      expect(currentColors).not.to.deep.equal(previousColors);\n      previousColors = currentColors;\n    });\n  }\n});",
              "err": {},
              "uuid": "4130d031-95f1-4413-9444-a1b35130dffc",
              "parentUUID": "4e6cf2ac-e995-4589-9c9f-35787c1bb5cc",
              "isHook": false,
              "skipped": false
            }
          ],
          "suites": [],
          "passes": [
            "18abdc39-6429-46e2-8378-3b29902ba029",
            "4130d031-95f1-4413-9444-a1b35130dffc"
          ],
          "failures": [],
          "pending": [],
          "skipped": [],
          "duration": 948,
          "root": false,
          "rootEmpty": false,
          "_timeout": 2000
        }
      ],
      "passes": [],
      "failures": [],
      "pending": [],
      "skipped": [],
      "duration": 0,
      "root": true,
      "rootEmpty": true,
      "_timeout": 2000
    }
  ],
  "meta": {
    "mocha": {
      "version": "7.0.1"
    },
    "mochawesome": {
      "options": {
        "quiet": false,
        "reportFilename": "mochawesome",
        "saveHtml": false,
        "saveJson": true,
        "consoleReporter": "spec",
        "useInlineDiffs": false
      },
      "version": "4.1.0"
    },
    "marge": {
      "options": {
        "id": "default",
        "reportDir": "cypress/reports",
        "overwrite": true,
        "html": false,
        "json": true
      },
      "version": "4.1.0"
    }
  }
}