{
  "stats": {
    "suites": 12,
    "tests": 41,
    "passes": 26,
    "pending": 0,
    "failures": 15,
    "start": "2021-07-12T02:26:53.502Z",
    "end": "2021-07-12T02:28:05.510Z",
    "duration": 72008,
    "testsRegistered": 41,
    "passPercent": 63.41463414634146,
    "pendingPercent": 0,
    "other": 0,
    "hasOther": false,
    "skipped": 0,
    "hasSkipped": false
  },
  "results": [
    {
      "uuid": "779a57bb-4152-49fc-876d-4ad435303864",
      "title": "",
      "fullFile": "cypress/integration/project.spec.js",
      "file": "cypress/integration/project.spec.js",
      "beforeHooks": [],
      "afterHooks": [],
      "tests": [],
      "suites": [
        {
          "uuid": "ab0eae95-5db5-4691-98a2-aa11eb281494",
          "title": "1 - Adicione à página o título \"Paleta de Cores\".",
          "fullFile": "",
          "file": "",
          "beforeHooks": [],
          "afterHooks": [],
          "tests": [
            {
              "title": "Verifica se contém um elemento `h1` com o id `title` com o título correto",
              "fullTitle": "1 - Adicione à página o título \"Paleta de Cores\". Verifica se contém um elemento `h1` com o id `title` com o título correto",
              "timedOut": null,
              "duration": 365,
              "state": "passed",
              "speed": "slow",
              "pass": true,
              "fail": false,
              "pending": false,
              "context": null,
              "code": "cy.get('h1#title').should('contain.text', 'Paleta de Cores');",
              "err": {},
              "uuid": "9c7252e1-2a75-465c-b176-465542973ca2",
              "parentUUID": "ab0eae95-5db5-4691-98a2-aa11eb281494",
              "isHook": false,
              "skipped": false
            }
          ],
          "suites": [],
          "passes": [
            "9c7252e1-2a75-465c-b176-465542973ca2"
          ],
          "failures": [],
          "pending": [],
          "skipped": [],
          "duration": 365,
          "root": false,
          "rootEmpty": false,
          "_timeout": 2000
        },
        {
          "uuid": "f8dab80d-502b-47cc-922a-6ed0dbc5d294",
          "title": "2 - Adicione à página uma paleta de quatro cores distintas.",
          "fullFile": "",
          "file": "",
          "beforeHooks": [],
          "afterHooks": [],
          "tests": [
            {
              "title": "A paleta de cores deve ser um elemento com `id` denominado `color-palette`",
              "fullTitle": "2 - Adicione à página uma paleta de quatro cores distintas. A paleta de cores deve ser um elemento com `id` denominado `color-palette`",
              "timedOut": null,
              "duration": 168,
              "state": "passed",
              "speed": "slow",
              "pass": true,
              "fail": false,
              "pending": false,
              "context": null,
              "code": "cy.get('#color-palette').should('be.visible');",
              "err": {},
              "uuid": "1238704e-62ff-43bd-8501-938c6df5ed39",
              "parentUUID": "f8dab80d-502b-47cc-922a-6ed0dbc5d294",
              "isHook": false,
              "skipped": false
            },
            {
              "title": "Verifica se cada cor individual da paleta de cores possui a `classe` chamada `color`.",
              "fullTitle": "2 - Adicione à página uma paleta de quatro cores distintas. Verifica se cada cor individual da paleta de cores possui a `classe` chamada `color`.",
              "timedOut": null,
              "duration": 266,
              "state": "passed",
              "speed": "slow",
              "pass": true,
              "fail": false,
              "pending": false,
              "context": null,
              "code": "cy.get('.color').should('have.length', 4).then(function (colors) {\n  for (var i = 0; i < colors.length; i++) {\n    cy.wrap(colors[i]).should('be.visible');\n  }\n});",
              "err": {},
              "uuid": "66828067-b76a-479b-9e37-256c05129a96",
              "parentUUID": "f8dab80d-502b-47cc-922a-6ed0dbc5d294",
              "isHook": false,
              "skipped": false
            },
            {
              "title": "Verifica se a cor de fundo de cada elemento da paleta é a cor que o elemento representa. **A única cor não permitida na paleta é a cor branca.**",
              "fullTitle": "2 - Adicione à página uma paleta de quatro cores distintas. Verifica se a cor de fundo de cada elemento da paleta é a cor que o elemento representa. **A única cor não permitida na paleta é a cor branca.**",
              "timedOut": null,
              "duration": 305,
              "state": "passed",
              "speed": "slow",
              "pass": true,
              "fail": false,
              "pending": false,
              "context": null,
              "code": "cy.get('.color').each(function (color) {\n  cy.wrap(color).should('have.class', 'color').and('not.have.css', 'background-color', WHITE);\n  cy.wrap(color).should('have.css', 'background-color');\n});",
              "err": {},
              "uuid": "ce4723c3-6f2e-4c6d-be12-3028e478bb18",
              "parentUUID": "f8dab80d-502b-47cc-922a-6ed0dbc5d294",
              "isHook": false,
              "skipped": false
            },
            {
              "title": "Verifica se cada elemento da paleta de cores tem uma borda preta, sólida e com 1 pixel de largura;",
              "fullTitle": "2 - Adicione à página uma paleta de quatro cores distintas. Verifica se cada elemento da paleta de cores tem uma borda preta, sólida e com 1 pixel de largura;",
              "timedOut": null,
              "duration": 217,
              "state": "passed",
              "speed": "slow",
              "pass": true,
              "fail": false,
              "pending": false,
              "context": null,
              "code": "cy.get('.color').each(function (color) {\n  cy.wrap(color).and('have.css', 'border', \"1px solid \".concat(BLACK)).and('have.class', 'color');\n});",
              "err": {},
              "uuid": "b82f1e29-ff91-4394-a9e6-c2a3f5925a9b",
              "parentUUID": "f8dab80d-502b-47cc-922a-6ed0dbc5d294",
              "isHook": false,
              "skipped": false
            },
            {
              "title": "Verifica se a paleta lista todas as cores disponíveis para utilização, lado a lado.",
              "fullTitle": "2 - Adicione à página uma paleta de quatro cores distintas. Verifica se a paleta lista todas as cores disponíveis para utilização, lado a lado.",
              "timedOut": null,
              "duration": 163,
              "state": "passed",
              "speed": "slow",
              "pass": true,
              "fail": false,
              "pending": false,
              "context": null,
              "code": "cy.get('.color').then(function (colors) {\n  for (var index = 1; index < colors.length; index += 1) {\n    var currentColor = colors[index];\n    var previousColor = colors[index - 1];\n    cy.wrap(currentColor).should('be.onTheRightOf', previousColor).and('be.horizontallyAlignedWith', previousColor);\n  }\n});",
              "err": {},
              "uuid": "8446b7be-191a-4361-bf77-5eceaad9c1a2",
              "parentUUID": "f8dab80d-502b-47cc-922a-6ed0dbc5d294",
              "isHook": false,
              "skipped": false
            },
            {
              "title": "Verifica se a paleta de cores está posicionada abaixo do título 'Paleta de Cores'",
              "fullTitle": "2 - Adicione à página uma paleta de quatro cores distintas. Verifica se a paleta de cores está posicionada abaixo do título 'Paleta de Cores'",
              "timedOut": null,
              "duration": 133,
              "state": "passed",
              "speed": "slow",
              "pass": true,
              "fail": false,
              "pending": false,
              "context": null,
              "code": "cy.get('h1#title').then(function (title) {\n  cy.get('#color-palette').should('be.belowOf', title);\n});",
              "err": {},
              "uuid": "9fa9b5e9-46fd-4b2d-8bc3-f4da329c222c",
              "parentUUID": "f8dab80d-502b-47cc-922a-6ed0dbc5d294",
              "isHook": false,
              "skipped": false
            },
            {
              "title": "Verifica se a paleta de cores não contém cores repetidas.",
              "fullTitle": "2 - Adicione à página uma paleta de quatro cores distintas. Verifica se a paleta de cores não contém cores repetidas.",
              "timedOut": null,
              "duration": 126,
              "state": "passed",
              "speed": "slow",
              "pass": true,
              "fail": false,
              "pending": false,
              "context": null,
              "code": "cy.get('.color').then(function (colors) {\n  var allColors = Array.from(colors).map(function (color) {\n    return Cypress.$(color).css('background-color');\n  });\n  cy.log(allColors);\n  var uniqColors = (0, _toConsumableArray2[\"default\"])(new Set(allColors));\n  cy.log(uniqColors);\n  expect(allColors.length).to.eq(uniqColors.length);\n});",
              "err": {},
              "uuid": "17bb5f9c-6189-4bdd-9d26-aa1ffb31451a",
              "parentUUID": "f8dab80d-502b-47cc-922a-6ed0dbc5d294",
              "isHook": false,
              "skipped": false
            }
          ],
          "suites": [],
          "passes": [
            "1238704e-62ff-43bd-8501-938c6df5ed39",
            "66828067-b76a-479b-9e37-256c05129a96",
            "ce4723c3-6f2e-4c6d-be12-3028e478bb18",
            "b82f1e29-ff91-4394-a9e6-c2a3f5925a9b",
            "8446b7be-191a-4361-bf77-5eceaad9c1a2",
            "9fa9b5e9-46fd-4b2d-8bc3-f4da329c222c",
            "17bb5f9c-6189-4bdd-9d26-aa1ffb31451a"
          ],
          "failures": [],
          "pending": [],
          "skipped": [],
          "duration": 1378,
          "root": false,
          "rootEmpty": false,
          "_timeout": 2000
        },
        {
          "uuid": "211312aa-3820-4b19-9c38-ff9017e8e0ed",
          "title": "3 - Adicione a cor **preta** como a primeira cor da paleta de cores.",
          "fullFile": "",
          "file": "",
          "beforeHooks": [],
          "afterHooks": [],
          "tests": [
            {
              "title": "Verifica se a primeira cor da paleta é preta",
              "fullTitle": "3 - Adicione a cor **preta** como a primeira cor da paleta de cores. Verifica se a primeira cor da paleta é preta",
              "timedOut": null,
              "duration": 124,
              "state": "passed",
              "speed": "slow",
              "pass": true,
              "fail": false,
              "pending": false,
              "context": null,
              "code": "cy.get('.color').first().should('have.css', 'background-color', BLACK);",
              "err": {},
              "uuid": "858866c2-7a9f-427f-b653-b5275bd7b2e1",
              "parentUUID": "211312aa-3820-4b19-9c38-ff9017e8e0ed",
              "isHook": false,
              "skipped": false
            },
            {
              "title": "Verifica se as demais cores podem ser escolhidas livremente.",
              "fullTitle": "3 - Adicione a cor **preta** como a primeira cor da paleta de cores. Verifica se as demais cores podem ser escolhidas livremente.",
              "timedOut": null,
              "duration": 247,
              "state": "passed",
              "speed": "slow",
              "pass": true,
              "fail": false,
              "pending": false,
              "context": null,
              "code": "cy.get('.color').eq(1).should('not.have.css', 'background-color', BLACK);\ncy.get('.color').eq(1).should('not.have.css', 'background-color', WHITE);\ncy.get('.color').eq(1).should('not.have.css', 'background-color', 'rgba(0, 0, 0, 0)');\ncy.get('.color').eq(1).should('have.css', 'background-color');\ncy.get('.color').eq(2).should('not.have.css', 'background-color', BLACK);\ncy.get('.color').eq(2).should('not.have.css', 'background-color', WHITE);\ncy.get('.color').eq(2).should('not.have.css', 'background-color', 'rgba(0, 0, 0, 0)');\ncy.get('.color').eq(2).should('have.css', 'background-color');\ncy.get('.color').eq(3).should('not.have.css', 'background-color', BLACK);\ncy.get('.color').eq(3).should('not.have.css', 'background-color', WHITE);\ncy.get('.color').eq(3).should('not.have.css', 'background-color', 'rgba(0, 0, 0, 0)');\ncy.get('.color').eq(3).should('have.css', 'background-color');",
              "err": {},
              "uuid": "a184c365-713a-4d8c-be3e-ec67c8db2fc6",
              "parentUUID": "211312aa-3820-4b19-9c38-ff9017e8e0ed",
              "isHook": false,
              "skipped": false
            }
          ],
          "suites": [],
          "passes": [
            "858866c2-7a9f-427f-b653-b5275bd7b2e1",
            "a184c365-713a-4d8c-be3e-ec67c8db2fc6"
          ],
          "failures": [],
          "pending": [],
          "skipped": [],
          "duration": 371,
          "root": false,
          "rootEmpty": false,
          "_timeout": 2000
        },
        {
          "uuid": "3977e058-68f6-4162-a7ce-625c87e77e59",
          "title": "4 - Adicione à página um quadro de pixels, com 25 pixels.",
          "fullFile": "",
          "file": "",
          "beforeHooks": [],
          "afterHooks": [],
          "tests": [
            {
              "title": "Verifica se o quadro de pixels possui o `id` denominado `pixel-board`",
              "fullTitle": "4 - Adicione à página um quadro de pixels, com 25 pixels. Verifica se o quadro de pixels possui o `id` denominado `pixel-board`",
              "timedOut": null,
              "duration": 4303,
              "state": "failed",
              "speed": null,
              "pass": false,
              "fail": true,
              "pending": false,
              "context": null,
              "code": "cy.get('#pixel-board').should('be.visible');",
              "err": {
                "message": "CypressError: Timed out retrying: expected '<div#pixel-board>' to be 'visible'\n\nThis element '<div#pixel-board>' is not visible because it has an effective width and height of: '1310 x 0' pixels.",
                "estack": "CypressError: Timed out retrying: expected '<div#pixel-board>' to be 'visible'\n\nThis element '<div#pixel-board>' is not visible because it has an effective width and height of: '1310 x 0' pixels.\n    at cypressErr (http://localhost:43181/__cypress/runner/cypress_runner.js:149934:9)\n    at throwErr (http://localhost:43181/__cypress/runner/cypress_runner.js:149867:11)\n    at Object.throwErrByPath (http://localhost:43181/__cypress/runner/cypress_runner.js:149915:3)\n    at retry (http://localhost:43181/__cypress/runner/cypress_runner.js:144197:19)\n    at onFailFn (http://localhost:43181/__cypress/runner/cypress_runner.js:132448:16)\n    at tryCatcher (http://localhost:43181/__cypress/runner/cypress_runner.js:167415:23)\n    at Promise._settlePromiseFromHandler (http://localhost:43181/__cypress/runner/cypress_runner.js:165351:31)\n    at Promise._settlePromise (http://localhost:43181/__cypress/runner/cypress_runner.js:165408:18)\n    at Promise._settlePromise0 (http://localhost:43181/__cypress/runner/cypress_runner.js:165453:10)\n    at Promise._settlePromises (http://localhost:43181/__cypress/runner/cypress_runner.js:165528:18)\n    at Async../node_modules/bluebird/js/release/async.js.Async._drainQueue (http://localhost:43181/__cypress/runner/cypress_runner.js:162140:16)\n    at Async../node_modules/bluebird/js/release/async.js.Async._drainQueues (http://localhost:43181/__cypress/runner/cypress_runner.js:162150:10)\n    at Async.drainQueues (http://localhost:43181/__cypress/runner/cypress_runner.js:162024:14)",
                "diff": null
              },
              "uuid": "71c96d97-0562-44ce-9f38-de89ab4d40e8",
              "parentUUID": "3977e058-68f6-4162-a7ce-625c87e77e59",
              "isHook": false,
              "skipped": false
            },
            {
              "title": "Verifica se cada pixel individual dentro do quadro possui a `classe` denominada `pixel`.",
              "fullTitle": "4 - Adicione à página um quadro de pixels, com 25 pixels. Verifica se cada pixel individual dentro do quadro possui a `classe` denominada `pixel`.",
              "timedOut": null,
              "duration": 4380,
              "state": "failed",
              "speed": null,
              "pass": false,
              "fail": true,
              "pending": false,
              "context": null,
              "code": "cy.get('.pixel').should('have.length', 25);",
              "err": {
                "message": "CypressError: Timed out retrying: Expected to find element: '.pixel', but never found it.",
                "estack": "CypressError: Timed out retrying: Expected to find element: '.pixel', but never found it.\n    at cypressErr (http://localhost:43181/__cypress/runner/cypress_runner.js:149934:9)\n    at throwErr (http://localhost:43181/__cypress/runner/cypress_runner.js:149867:11)\n    at Object.throwErrByPath (http://localhost:43181/__cypress/runner/cypress_runner.js:149915:3)\n    at retry (http://localhost:43181/__cypress/runner/cypress_runner.js:144197:19)\n    at onFailFn (http://localhost:43181/__cypress/runner/cypress_runner.js:132448:16)\n    at tryCatcher (http://localhost:43181/__cypress/runner/cypress_runner.js:167415:23)\n    at Promise._settlePromiseFromHandler (http://localhost:43181/__cypress/runner/cypress_runner.js:165351:31)\n    at Promise._settlePromise (http://localhost:43181/__cypress/runner/cypress_runner.js:165408:18)\n    at Promise._settlePromise0 (http://localhost:43181/__cypress/runner/cypress_runner.js:165453:10)\n    at Promise._settlePromises (http://localhost:43181/__cypress/runner/cypress_runner.js:165528:18)\n    at Async../node_modules/bluebird/js/release/async.js.Async._drainQueue (http://localhost:43181/__cypress/runner/cypress_runner.js:162140:16)\n    at Async../node_modules/bluebird/js/release/async.js.Async._drainQueues (http://localhost:43181/__cypress/runner/cypress_runner.js:162150:10)\n    at Async.drainQueues (http://localhost:43181/__cypress/runner/cypress_runner.js:162024:14)",
                "diff": null
              },
              "uuid": "e2ef007d-3108-4942-a53f-6efe5cde98c3",
              "parentUUID": "3977e058-68f6-4162-a7ce-625c87e77e59",
              "isHook": false,
              "skipped": false
            },
            {
              "title": "Verifica se a cor inicial dos pixels dentro do quadro, ao abrir a página, é branca.",
              "fullTitle": "4 - Adicione à página um quadro de pixels, com 25 pixels. Verifica se a cor inicial dos pixels dentro do quadro, ao abrir a página, é branca.",
              "timedOut": null,
              "duration": 4317,
              "state": "failed",
              "speed": null,
              "pass": false,
              "fail": true,
              "pending": false,
              "context": null,
              "code": "cy.get('.pixel').should('have.length', 25).each(function (pixel) {\n  expect(pixel).to.have.css('background-color', WHITE);\n});",
              "err": {
                "message": "CypressError: Timed out retrying: Expected to find element: '.pixel', but never found it.",
                "estack": "CypressError: Timed out retrying: Expected to find element: '.pixel', but never found it.\n    at cypressErr (http://localhost:43181/__cypress/runner/cypress_runner.js:149934:9)\n    at throwErr (http://localhost:43181/__cypress/runner/cypress_runner.js:149867:11)\n    at Object.throwErrByPath (http://localhost:43181/__cypress/runner/cypress_runner.js:149915:3)\n    at retry (http://localhost:43181/__cypress/runner/cypress_runner.js:144197:19)\n    at onFailFn (http://localhost:43181/__cypress/runner/cypress_runner.js:132448:16)\n    at tryCatcher (http://localhost:43181/__cypress/runner/cypress_runner.js:167415:23)\n    at Promise._settlePromiseFromHandler (http://localhost:43181/__cypress/runner/cypress_runner.js:165351:31)\n    at Promise._settlePromise (http://localhost:43181/__cypress/runner/cypress_runner.js:165408:18)\n    at Promise._settlePromise0 (http://localhost:43181/__cypress/runner/cypress_runner.js:165453:10)\n    at Promise._settlePromises (http://localhost:43181/__cypress/runner/cypress_runner.js:165528:18)\n    at Async../node_modules/bluebird/js/release/async.js.Async._drainQueue (http://localhost:43181/__cypress/runner/cypress_runner.js:162140:16)\n    at Async../node_modules/bluebird/js/release/async.js.Async._drainQueues (http://localhost:43181/__cypress/runner/cypress_runner.js:162150:10)\n    at Async.drainQueues (http://localhost:43181/__cypress/runner/cypress_runner.js:162024:14)",
                "diff": null
              },
              "uuid": "1a411689-1278-41f4-8a26-b1d4749f2f63",
              "parentUUID": "3977e058-68f6-4162-a7ce-625c87e77e59",
              "isHook": false,
              "skipped": false
            },
            {
              "title": "Verifica se o quadro de pixels aparece abaixo da paleta de cores",
              "fullTitle": "4 - Adicione à página um quadro de pixels, com 25 pixels. Verifica se o quadro de pixels aparece abaixo da paleta de cores",
              "timedOut": null,
              "duration": 231,
              "state": "passed",
              "speed": "slow",
              "pass": true,
              "fail": false,
              "pending": false,
              "context": null,
              "code": "cy.get('#color-palette').then(function (palette) {\n  cy.get('#pixel-board').should('be.belowOf', palette);\n});",
              "err": {},
              "uuid": "bd2a5b6b-9168-4fad-8fe4-1756447041d3",
              "parentUUID": "3977e058-68f6-4162-a7ce-625c87e77e59",
              "isHook": false,
              "skipped": false
            }
          ],
          "suites": [],
          "passes": [
            "bd2a5b6b-9168-4fad-8fe4-1756447041d3"
          ],
          "failures": [
            "71c96d97-0562-44ce-9f38-de89ab4d40e8",
            "e2ef007d-3108-4942-a53f-6efe5cde98c3",
            "1a411689-1278-41f4-8a26-b1d4749f2f63"
          ],
          "pending": [],
          "skipped": [],
          "duration": 13231,
          "root": false,
          "rootEmpty": false,
          "_timeout": 2000
        },
        {
          "uuid": "d4cdb4b3-d535-4c37-8be5-e48bf33d1614",
          "title": "5 - Faça com que cada elemento do quadro de pixels possua 40 pixels de largura, 40 pixels de altura e seja delimitado por uma borda preta de 1 pixel.",
          "fullFile": "",
          "file": "",
          "beforeHooks": [],
          "afterHooks": [],
          "tests": [
            {
              "title": "Verifica se o quadro de pixels tem altura e comprimento de 5 elementos",
              "fullTitle": "5 - Faça com que cada elemento do quadro de pixels possua 40 pixels de largura, 40 pixels de altura e seja delimitado por uma borda preta de 1 pixel. Verifica se o quadro de pixels tem altura e comprimento de 5 elementos",
              "timedOut": null,
              "duration": 4279,
              "state": "failed",
              "speed": null,
              "pass": false,
              "fail": true,
              "pending": false,
              "context": null,
              "code": "cy.get('.pixel').should('have.length', 25).each(function (pixel) {\n  expect(pixel).to.have.css('background-color', WHITE);\n}).and(function (pixels) {\n  var rows = chunk(pixels, 5);\n  rows.forEach(function (row) {\n    for (var index = 1; index < row.length; index += 1) {\n      var current = pixels[index];\n      var previous = pixels[index - 1];\n      cy.wrap(current).should('be.onTheRightOf', previous).and('be.horizontallyAlignedWith', previous);\n    }\n  });\n  for (var index = 1; index < 5; index += 1) {\n    expect(pixels[index * 5]).to.be.belowOf(pixels[(index - 1) * 5]);\n  }\n});",
              "err": {
                "message": "CypressError: Timed out retrying: Expected to find element: '.pixel', but never found it.",
                "estack": "CypressError: Timed out retrying: Expected to find element: '.pixel', but never found it.\n    at cypressErr (http://localhost:43181/__cypress/runner/cypress_runner.js:149934:9)\n    at throwErr (http://localhost:43181/__cypress/runner/cypress_runner.js:149867:11)\n    at Object.throwErrByPath (http://localhost:43181/__cypress/runner/cypress_runner.js:149915:3)\n    at retry (http://localhost:43181/__cypress/runner/cypress_runner.js:144197:19)\n    at onFailFn (http://localhost:43181/__cypress/runner/cypress_runner.js:132448:16)\n    at tryCatcher (http://localhost:43181/__cypress/runner/cypress_runner.js:167415:23)\n    at Promise._settlePromiseFromHandler (http://localhost:43181/__cypress/runner/cypress_runner.js:165351:31)\n    at Promise._settlePromise (http://localhost:43181/__cypress/runner/cypress_runner.js:165408:18)\n    at Promise._settlePromise0 (http://localhost:43181/__cypress/runner/cypress_runner.js:165453:10)\n    at Promise._settlePromises (http://localhost:43181/__cypress/runner/cypress_runner.js:165528:18)\n    at Async../node_modules/bluebird/js/release/async.js.Async._drainQueue (http://localhost:43181/__cypress/runner/cypress_runner.js:162140:16)\n    at Async../node_modules/bluebird/js/release/async.js.Async._drainQueues (http://localhost:43181/__cypress/runner/cypress_runner.js:162150:10)\n    at Async.drainQueues (http://localhost:43181/__cypress/runner/cypress_runner.js:162024:14)",
                "diff": null
              },
              "uuid": "cb645620-2aab-407a-bcc5-8d941cd90f5e",
              "parentUUID": "d4cdb4b3-d535-4c37-8be5-e48bf33d1614",
              "isHook": false,
              "skipped": false
            },
            {
              "title": "Verifica se 40 pixels é o tamanho total do elemento, incluindo seu conteúdo e excluindo a borda preta, que deve ser criada à parte.",
              "fullTitle": "5 - Faça com que cada elemento do quadro de pixels possua 40 pixels de largura, 40 pixels de altura e seja delimitado por uma borda preta de 1 pixel. Verifica se 40 pixels é o tamanho total do elemento, incluindo seu conteúdo e excluindo a borda preta, que deve ser criada à parte.",
              "timedOut": null,
              "duration": 4359,
              "state": "failed",
              "speed": null,
              "pass": false,
              "fail": true,
              "pending": false,
              "context": null,
              "code": "cy.get('.pixel').each(function (pixel) {\n  cy.wrap(pixel).should('have.css', 'height', '40px').and('have.css', 'width', '40px').and('have.css', 'border', \"1px solid \".concat(BLACK));\n});",
              "err": {
                "message": "CypressError: Timed out retrying: Expected to find element: '.pixel', but never found it.",
                "estack": "CypressError: Timed out retrying: Expected to find element: '.pixel', but never found it.\n    at cypressErr (http://localhost:43181/__cypress/runner/cypress_runner.js:149934:9)\n    at throwErr (http://localhost:43181/__cypress/runner/cypress_runner.js:149867:11)\n    at Object.throwErrByPath (http://localhost:43181/__cypress/runner/cypress_runner.js:149915:3)\n    at retry (http://localhost:43181/__cypress/runner/cypress_runner.js:144197:19)\n    at onFailFn (http://localhost:43181/__cypress/runner/cypress_runner.js:132448:16)\n    at tryCatcher (http://localhost:43181/__cypress/runner/cypress_runner.js:167415:23)\n    at Promise._settlePromiseFromHandler (http://localhost:43181/__cypress/runner/cypress_runner.js:165351:31)\n    at Promise._settlePromise (http://localhost:43181/__cypress/runner/cypress_runner.js:165408:18)\n    at Promise._settlePromise0 (http://localhost:43181/__cypress/runner/cypress_runner.js:165453:10)\n    at Promise._settlePromises (http://localhost:43181/__cypress/runner/cypress_runner.js:165528:18)\n    at Async../node_modules/bluebird/js/release/async.js.Async._drainQueue (http://localhost:43181/__cypress/runner/cypress_runner.js:162140:16)\n    at Async../node_modules/bluebird/js/release/async.js.Async._drainQueues (http://localhost:43181/__cypress/runner/cypress_runner.js:162150:10)\n    at Async.drainQueues (http://localhost:43181/__cypress/runner/cypress_runner.js:162024:14)",
                "diff": null
              },
              "uuid": "2ebb1c09-a041-4586-9abe-f43854832107",
              "parentUUID": "d4cdb4b3-d535-4c37-8be5-e48bf33d1614",
              "isHook": false,
              "skipped": false
            }
          ],
          "suites": [],
          "passes": [],
          "failures": [
            "cb645620-2aab-407a-bcc5-8d941cd90f5e",
            "2ebb1c09-a041-4586-9abe-f43854832107"
          ],
          "pending": [],
          "skipped": [],
          "duration": 8638,
          "root": false,
          "rootEmpty": false,
          "_timeout": 2000
        },
        {
          "uuid": "4270b50c-8e6b-40d3-bb1d-654f2d2d630b",
          "title": "6 - Defina a cor preta como cor inicial. Ao carregar a página a cor preta já deve estar selecionada para pintar os pixels",
          "fullFile": "",
          "file": "",
          "beforeHooks": [],
          "afterHooks": [],
          "tests": [
            {
              "title": "Verifica se o elemento da cor preta possui, inicialmente, a `classe` `selected`",
              "fullTitle": "6 - Defina a cor preta como cor inicial. Ao carregar a página a cor preta já deve estar selecionada para pintar os pixels Verifica se o elemento da cor preta possui, inicialmente, a `classe` `selected`",
              "timedOut": null,
              "duration": 186,
              "state": "passed",
              "speed": "slow",
              "pass": true,
              "fail": false,
              "pending": false,
              "context": null,
              "code": "cy.get('.selected').first().should('have.css', 'background-color', BLACK);",
              "err": {},
              "uuid": "0d72ac32-7d73-41ba-a9fc-c4a2d41b1637",
              "parentUUID": "4270b50c-8e6b-40d3-bb1d-654f2d2d630b",
              "isHook": false,
              "skipped": false
            },
            {
              "title": "Verifica se nenhuma outra cor da paleta tem a `classe` `selected`",
              "fullTitle": "6 - Defina a cor preta como cor inicial. Ao carregar a página a cor preta já deve estar selecionada para pintar os pixels Verifica se nenhuma outra cor da paleta tem a `classe` `selected`",
              "timedOut": null,
              "duration": 133,
              "state": "passed",
              "speed": "slow",
              "pass": true,
              "fail": false,
              "pending": false,
              "context": null,
              "code": "cy.get('.color:not(:first-child)').each(function (color) {\n  cy.wrap(color).should('not.have.class', 'selected');\n});",
              "err": {},
              "uuid": "1c09ac8a-93fe-40ef-bd19-bf631cc11000",
              "parentUUID": "4270b50c-8e6b-40d3-bb1d-654f2d2d630b",
              "isHook": false,
              "skipped": false
            }
          ],
          "suites": [],
          "passes": [
            "0d72ac32-7d73-41ba-a9fc-c4a2d41b1637",
            "1c09ac8a-93fe-40ef-bd19-bf631cc11000"
          ],
          "failures": [],
          "pending": [],
          "skipped": [],
          "duration": 319,
          "root": false,
          "rootEmpty": false,
          "_timeout": 2000
        },
        {
          "uuid": "85fbedb2-0fa7-47fc-acc8-87da93dcd430",
          "title": "7 - Clicar em uma das cores da paleta, faz com que ela seja selecionada e utilizada para preencher os pixels no quadro.",
          "fullFile": "",
          "file": "",
          "beforeHooks": [],
          "afterHooks": [],
          "tests": [
            {
              "title": "Verifica se somente uma cor da paleta de cores tem a classe `selected` de cada vez",
              "fullTitle": "7 - Clicar em uma das cores da paleta, faz com que ela seja selecionada e utilizada para preencher os pixels no quadro. Verifica se somente uma cor da paleta de cores tem a classe `selected` de cada vez",
              "timedOut": null,
              "duration": 490,
              "state": "passed",
              "speed": "slow",
              "pass": true,
              "fail": false,
              "pending": false,
              "context": null,
              "code": "cy.get('.color').each(function (selectedColor, selectedColorIndex) {\n  cy.wrap(selectedColor).click();\n  cy.get('.color').each(function (color, colorIndex) {\n    if (colorIndex === selectedColorIndex) {\n      expect(color).to.have[\"class\"]('selected');\n    } else {\n      expect(color).not.to.have[\"class\"]('selected');\n    }\n  });\n});",
              "err": {},
              "uuid": "38e69cd6-9682-4f5e-97e0-c90efe032dcf",
              "parentUUID": "85fbedb2-0fa7-47fc-acc8-87da93dcd430",
              "isHook": false,
              "skipped": false
            },
            {
              "title": "Verifica se os pixels dentro do quadro não têm a classe `selected` quando são clicados",
              "fullTitle": "7 - Clicar em uma das cores da paleta, faz com que ela seja selecionada e utilizada para preencher os pixels no quadro. Verifica se os pixels dentro do quadro não têm a classe `selected` quando são clicados",
              "timedOut": null,
              "duration": 4430,
              "state": "failed",
              "speed": null,
              "pass": false,
              "fail": true,
              "pending": false,
              "context": null,
              "code": "cy.get('.color').each(function (color) {\n  var backgroundColor = color.css('background-color');\n  cy.wrap(color).click();\n  cy.get('.pixel').each(function (pixel) {\n    cy.wrap(pixel).click().should('not.have.class', 'selected');\n  });\n});",
              "err": {
                "message": "CypressError: Timed out retrying: Expected to find element: '.pixel', but never found it.",
                "estack": "CypressError: Timed out retrying: Expected to find element: '.pixel', but never found it.\n    at cypressErr (http://localhost:43181/__cypress/runner/cypress_runner.js:149934:9)\n    at throwErr (http://localhost:43181/__cypress/runner/cypress_runner.js:149867:11)\n    at Object.throwErrByPath (http://localhost:43181/__cypress/runner/cypress_runner.js:149915:3)\n    at retry (http://localhost:43181/__cypress/runner/cypress_runner.js:144197:19)\n    at onFailFn (http://localhost:43181/__cypress/runner/cypress_runner.js:132448:16)\n    at tryCatcher (http://localhost:43181/__cypress/runner/cypress_runner.js:167415:23)\n    at Promise._settlePromiseFromHandler (http://localhost:43181/__cypress/runner/cypress_runner.js:165351:31)\n    at Promise._settlePromise (http://localhost:43181/__cypress/runner/cypress_runner.js:165408:18)\n    at Promise._settlePromise0 (http://localhost:43181/__cypress/runner/cypress_runner.js:165453:10)\n    at Promise._settlePromises (http://localhost:43181/__cypress/runner/cypress_runner.js:165528:18)\n    at Async../node_modules/bluebird/js/release/async.js.Async._drainQueue (http://localhost:43181/__cypress/runner/cypress_runner.js:162140:16)\n    at Async../node_modules/bluebird/js/release/async.js.Async._drainQueues (http://localhost:43181/__cypress/runner/cypress_runner.js:162150:10)\n    at Async.drainQueues (http://localhost:43181/__cypress/runner/cypress_runner.js:162024:14)",
                "diff": null
              },
              "uuid": "7826eef8-799a-4dea-9217-03aa0c158b6d",
              "parentUUID": "85fbedb2-0fa7-47fc-acc8-87da93dcd430",
              "isHook": false,
              "skipped": false
            }
          ],
          "suites": [],
          "passes": [
            "38e69cd6-9682-4f5e-97e0-c90efe032dcf"
          ],
          "failures": [
            "7826eef8-799a-4dea-9217-03aa0c158b6d"
          ],
          "pending": [],
          "skipped": [],
          "duration": 4920,
          "root": false,
          "rootEmpty": false,
          "_timeout": 2000
        },
        {
          "uuid": "02eee768-7d17-4624-a42d-c62e7f8a4135",
          "title": "8 - Clicar em um pixel dentro do quadro após selecionar uma cor na paleta, faz com que o pixel seja preenchido com a cor selecionada.",
          "fullFile": "",
          "file": "",
          "beforeHooks": [],
          "afterHooks": [],
          "tests": [
            {
              "title": "Verifica se ao carregar a página deve ser possível pintar os pixels de preto",
              "fullTitle": "8 - Clicar em um pixel dentro do quadro após selecionar uma cor na paleta, faz com que o pixel seja preenchido com a cor selecionada. Verifica se ao carregar a página deve ser possível pintar os pixels de preto",
              "timedOut": null,
              "duration": 4366,
              "state": "failed",
              "speed": null,
              "pass": false,
              "fail": true,
              "pending": false,
              "context": null,
              "code": "cy.get('.pixel').each(function (pixel) {\n  cy.wrap(pixel).click().should('have.css', 'background-color', BLACK);\n});",
              "err": {
                "message": "CypressError: Timed out retrying: Expected to find element: '.pixel', but never found it.",
                "estack": "CypressError: Timed out retrying: Expected to find element: '.pixel', but never found it.\n    at cypressErr (http://localhost:43181/__cypress/runner/cypress_runner.js:149934:9)\n    at throwErr (http://localhost:43181/__cypress/runner/cypress_runner.js:149867:11)\n    at Object.throwErrByPath (http://localhost:43181/__cypress/runner/cypress_runner.js:149915:3)\n    at retry (http://localhost:43181/__cypress/runner/cypress_runner.js:144197:19)\n    at onFailFn (http://localhost:43181/__cypress/runner/cypress_runner.js:132448:16)\n    at tryCatcher (http://localhost:43181/__cypress/runner/cypress_runner.js:167415:23)\n    at Promise._settlePromiseFromHandler (http://localhost:43181/__cypress/runner/cypress_runner.js:165351:31)\n    at Promise._settlePromise (http://localhost:43181/__cypress/runner/cypress_runner.js:165408:18)\n    at Promise._settlePromise0 (http://localhost:43181/__cypress/runner/cypress_runner.js:165453:10)\n    at Promise._settlePromises (http://localhost:43181/__cypress/runner/cypress_runner.js:165528:18)\n    at Async../node_modules/bluebird/js/release/async.js.Async._drainQueue (http://localhost:43181/__cypress/runner/cypress_runner.js:162140:16)\n    at Async../node_modules/bluebird/js/release/async.js.Async._drainQueues (http://localhost:43181/__cypress/runner/cypress_runner.js:162150:10)\n    at Async.drainQueues (http://localhost:43181/__cypress/runner/cypress_runner.js:162024:14)",
                "diff": null
              },
              "uuid": "9e4d1391-9797-4013-bf1a-f823517bba72",
              "parentUUID": "02eee768-7d17-4624-a42d-c62e7f8a4135",
              "isHook": false,
              "skipped": false
            },
            {
              "title": "Verifica se após selecionar uma outra cor na paleta, é possível pintar os pixels com essa cor",
              "fullTitle": "8 - Clicar em um pixel dentro do quadro após selecionar uma cor na paleta, faz com que o pixel seja preenchido com a cor selecionada. Verifica se após selecionar uma outra cor na paleta, é possível pintar os pixels com essa cor",
              "timedOut": null,
              "duration": 4553,
              "state": "failed",
              "speed": null,
              "pass": false,
              "fail": true,
              "pending": false,
              "context": null,
              "code": "cy.get('.color').each(function (color) {\n  var backgroundColor = color.css('background-color');\n  cy.wrap(color).click();\n  cy.get('.pixel').each(function (pixel) {\n    cy.wrap(pixel).click().should('have.css', 'background-color', backgroundColor);\n  });\n});",
              "err": {
                "message": "CypressError: Timed out retrying: Expected to find element: '.pixel', but never found it.",
                "estack": "CypressError: Timed out retrying: Expected to find element: '.pixel', but never found it.\n    at cypressErr (http://localhost:43181/__cypress/runner/cypress_runner.js:149934:9)\n    at throwErr (http://localhost:43181/__cypress/runner/cypress_runner.js:149867:11)\n    at Object.throwErrByPath (http://localhost:43181/__cypress/runner/cypress_runner.js:149915:3)\n    at retry (http://localhost:43181/__cypress/runner/cypress_runner.js:144197:19)\n    at onFailFn (http://localhost:43181/__cypress/runner/cypress_runner.js:132448:16)\n    at tryCatcher (http://localhost:43181/__cypress/runner/cypress_runner.js:167415:23)\n    at Promise._settlePromiseFromHandler (http://localhost:43181/__cypress/runner/cypress_runner.js:165351:31)\n    at Promise._settlePromise (http://localhost:43181/__cypress/runner/cypress_runner.js:165408:18)\n    at Promise._settlePromise0 (http://localhost:43181/__cypress/runner/cypress_runner.js:165453:10)\n    at Promise._settlePromises (http://localhost:43181/__cypress/runner/cypress_runner.js:165528:18)\n    at Async../node_modules/bluebird/js/release/async.js.Async._drainQueue (http://localhost:43181/__cypress/runner/cypress_runner.js:162140:16)\n    at Async../node_modules/bluebird/js/release/async.js.Async._drainQueues (http://localhost:43181/__cypress/runner/cypress_runner.js:162150:10)\n    at Async.drainQueues (http://localhost:43181/__cypress/runner/cypress_runner.js:162024:14)",
                "diff": null
              },
              "uuid": "8ba27d4b-6497-47a6-ac44-c6b06c24d5c0",
              "parentUUID": "02eee768-7d17-4624-a42d-c62e7f8a4135",
              "isHook": false,
              "skipped": false
            },
            {
              "title": "Verifica se somente o pixel que foi clicado foi preenchido com a cor selecionada, sem influenciar na cor dos demais pixels.",
              "fullTitle": "8 - Clicar em um pixel dentro do quadro após selecionar uma cor na paleta, faz com que o pixel seja preenchido com a cor selecionada. Verifica se somente o pixel que foi clicado foi preenchido com a cor selecionada, sem influenciar na cor dos demais pixels.",
              "timedOut": null,
              "duration": 4447,
              "state": "failed",
              "speed": null,
              "pass": false,
              "fail": true,
              "pending": false,
              "context": null,
              "code": "var colorToPixelIndexMap = {\n  0: 6,\n  1: 8,\n  2: 16,\n  3: 18\n};\ncy.get('.color').each(function (color, index) {\n  cy.wrap(color).click();\n  var backgroundColor = color.css('background-color');\n  var clickedPixelIndex = colorToPixelIndexMap[index];\n  cy.get('.pixel').eq(clickedPixelIndex).click();\n  cy.get('.pixel').eq(clickedPixelIndex - 1).should('not.have.css', 'background-color', backgroundColor);\n  cy.get('.pixel').eq(clickedPixelIndex + 1).should('not.have.css', 'background-color', backgroundColor);\n  cy.get('.pixel').eq(clickedPixelIndex - 5).should('not.have.css', 'background-color', backgroundColor);\n  cy.get('.pixel').eq(clickedPixelIndex + 5).should('not.have.css', 'background-color', backgroundColor);\n  cy.get('.pixel').eq(clickedPixelIndex - 6).should('not.have.css', 'background-color', backgroundColor);\n  cy.get('.pixel').eq(clickedPixelIndex - 4).should('not.have.css', 'background-color', backgroundColor);\n  cy.get('.pixel').eq(clickedPixelIndex + 4).should('not.have.css', 'background-color', backgroundColor);\n  cy.get('.pixel').eq(clickedPixelIndex + 6).should('not.have.css', 'background-color', backgroundColor);\n});",
              "err": {
                "message": "CypressError: Timed out retrying: Expected to find element: '.pixel', but never found it.",
                "estack": "CypressError: Timed out retrying: Expected to find element: '.pixel', but never found it.\n    at cypressErr (http://localhost:43181/__cypress/runner/cypress_runner.js:149934:9)\n    at throwErr (http://localhost:43181/__cypress/runner/cypress_runner.js:149867:11)\n    at Object.throwErrByPath (http://localhost:43181/__cypress/runner/cypress_runner.js:149915:3)\n    at retry (http://localhost:43181/__cypress/runner/cypress_runner.js:144197:19)\n    at onFailFn (http://localhost:43181/__cypress/runner/cypress_runner.js:132448:16)\n    at tryCatcher (http://localhost:43181/__cypress/runner/cypress_runner.js:167415:23)\n    at Promise._settlePromiseFromHandler (http://localhost:43181/__cypress/runner/cypress_runner.js:165351:31)\n    at Promise._settlePromise (http://localhost:43181/__cypress/runner/cypress_runner.js:165408:18)\n    at Promise._settlePromise0 (http://localhost:43181/__cypress/runner/cypress_runner.js:165453:10)\n    at Promise._settlePromises (http://localhost:43181/__cypress/runner/cypress_runner.js:165528:18)\n    at Async../node_modules/bluebird/js/release/async.js.Async._drainQueue (http://localhost:43181/__cypress/runner/cypress_runner.js:162140:16)\n    at Async../node_modules/bluebird/js/release/async.js.Async._drainQueues (http://localhost:43181/__cypress/runner/cypress_runner.js:162150:10)\n    at Async.drainQueues (http://localhost:43181/__cypress/runner/cypress_runner.js:162024:14)",
                "diff": null
              },
              "uuid": "9c2f2a8f-64fa-4752-99f3-97c3c9306f80",
              "parentUUID": "02eee768-7d17-4624-a42d-c62e7f8a4135",
              "isHook": false,
              "skipped": false
            }
          ],
          "suites": [],
          "passes": [],
          "failures": [
            "9e4d1391-9797-4013-bf1a-f823517bba72",
            "8ba27d4b-6497-47a6-ac44-c6b06c24d5c0",
            "9c2f2a8f-64fa-4752-99f3-97c3c9306f80"
          ],
          "pending": [],
          "skipped": [],
          "duration": 13366,
          "root": false,
          "rootEmpty": false,
          "_timeout": 2000
        },
        {
          "uuid": "b939542d-eb33-42a1-99d3-5223ec9827f0",
          "title": "9 - Crie um botão que, ao ser clicado, limpa o quadro preenchendo a cor de todos seus pixels com branco.",
          "fullFile": "",
          "file": "",
          "beforeHooks": [],
          "afterHooks": [],
          "tests": [
            {
              "title": "Verifica se o botão tem o `id` denominado `clear-board`",
              "fullTitle": "9 - Crie um botão que, ao ser clicado, limpa o quadro preenchendo a cor de todos seus pixels com branco. Verifica se o botão tem o `id` denominado `clear-board`",
              "timedOut": null,
              "duration": 184,
              "state": "passed",
              "speed": "slow",
              "pass": true,
              "fail": false,
              "pending": false,
              "context": null,
              "code": "cy.get('#clear-board').should('be.visible');",
              "err": {},
              "uuid": "659fdeee-b5d7-4bcc-adb8-52d13834c85f",
              "parentUUID": "b939542d-eb33-42a1-99d3-5223ec9827f0",
              "isHook": false,
              "skipped": false
            },
            {
              "title": "Verifica se o botão está posicionado entre a paleta de cores e o quadro de pixels",
              "fullTitle": "9 - Crie um botão que, ao ser clicado, limpa o quadro preenchendo a cor de todos seus pixels com branco. Verifica se o botão está posicionado entre a paleta de cores e o quadro de pixels",
              "timedOut": null,
              "duration": 150,
              "state": "passed",
              "speed": "slow",
              "pass": true,
              "fail": false,
              "pending": false,
              "context": null,
              "code": "cy.get('#color-palette').then(function (palette) {\n  cy.get('#clear-board').should('be.belowOf', palette);\n});\ncy.get('#clear-board').then(function (clearBtn) {\n  cy.get('#pixel-board').should('be.belowOf', clearBtn);\n});",
              "err": {},
              "uuid": "04d0ec83-c0ff-4bc7-83e9-d184b78b88e5",
              "parentUUID": "b939542d-eb33-42a1-99d3-5223ec9827f0",
              "isHook": false,
              "skipped": false
            },
            {
              "title": "Verifica se o texto do botão é 'Limpar'",
              "fullTitle": "9 - Crie um botão que, ao ser clicado, limpa o quadro preenchendo a cor de todos seus pixels com branco. Verifica se o texto do botão é 'Limpar'",
              "timedOut": null,
              "duration": 113,
              "state": "passed",
              "speed": "slow",
              "pass": true,
              "fail": false,
              "pending": false,
              "context": null,
              "code": "cy.get('#clear-board').should('contain.text', 'Limpar');",
              "err": {},
              "uuid": "ba41d93f-12ad-4d80-80ce-2c4fdfcf33b0",
              "parentUUID": "b939542d-eb33-42a1-99d3-5223ec9827f0",
              "isHook": false,
              "skipped": false
            },
            {
              "title": "Verifica se ao clicar no botão, o quadro de pixels é totalmente preenchido de branco",
              "fullTitle": "9 - Crie um botão que, ao ser clicado, limpa o quadro preenchendo a cor de todos seus pixels com branco. Verifica se ao clicar no botão, o quadro de pixels é totalmente preenchido de branco",
              "timedOut": null,
              "duration": 4380,
              "state": "failed",
              "speed": null,
              "pass": false,
              "fail": true,
              "pending": false,
              "context": null,
              "code": "cy.get('.color').eq(1).then(function (color) {\n  var backgroundColor = color.css('background-color');\n  cy.wrap(color).click();\n  cy.get('.pixel').each(function (pixel) {\n    cy.wrap(pixel).click().should('have.css', 'background-color', backgroundColor);\n  });\n});\ncy.get('#clear-board').click();\ncy.get('.pixel').each(function (pixel) {\n  cy.wrap(pixel).should('have.css', 'background-color', WHITE);\n});",
              "err": {
                "message": "CypressError: Timed out retrying: Expected to find element: '.pixel', but never found it.",
                "estack": "CypressError: Timed out retrying: Expected to find element: '.pixel', but never found it.\n    at cypressErr (http://localhost:43181/__cypress/runner/cypress_runner.js:149934:9)\n    at throwErr (http://localhost:43181/__cypress/runner/cypress_runner.js:149867:11)\n    at Object.throwErrByPath (http://localhost:43181/__cypress/runner/cypress_runner.js:149915:3)\n    at retry (http://localhost:43181/__cypress/runner/cypress_runner.js:144197:19)\n    at onFailFn (http://localhost:43181/__cypress/runner/cypress_runner.js:132448:16)\n    at tryCatcher (http://localhost:43181/__cypress/runner/cypress_runner.js:167415:23)\n    at Promise._settlePromiseFromHandler (http://localhost:43181/__cypress/runner/cypress_runner.js:165351:31)\n    at Promise._settlePromise (http://localhost:43181/__cypress/runner/cypress_runner.js:165408:18)\n    at Promise._settlePromise0 (http://localhost:43181/__cypress/runner/cypress_runner.js:165453:10)\n    at Promise._settlePromises (http://localhost:43181/__cypress/runner/cypress_runner.js:165528:18)\n    at Async../node_modules/bluebird/js/release/async.js.Async._drainQueue (http://localhost:43181/__cypress/runner/cypress_runner.js:162140:16)\n    at Async../node_modules/bluebird/js/release/async.js.Async._drainQueues (http://localhost:43181/__cypress/runner/cypress_runner.js:162150:10)\n    at Async.drainQueues (http://localhost:43181/__cypress/runner/cypress_runner.js:162024:14)",
                "diff": null
              },
              "uuid": "e03305ee-c3f4-4233-aecd-b8b008706901",
              "parentUUID": "b939542d-eb33-42a1-99d3-5223ec9827f0",
              "isHook": false,
              "skipped": false
            }
          ],
          "suites": [],
          "passes": [
            "659fdeee-b5d7-4bcc-adb8-52d13834c85f",
            "04d0ec83-c0ff-4bc7-83e9-d184b78b88e5",
            "ba41d93f-12ad-4d80-80ce-2c4fdfcf33b0"
          ],
          "failures": [
            "e03305ee-c3f4-4233-aecd-b8b008706901"
          ],
          "pending": [],
          "skipped": [],
          "duration": 4827,
          "root": false,
          "rootEmpty": false,
          "_timeout": 2000
        },
        {
          "uuid": "72ac9fa1-f5cb-4bee-b750-b2a6743c3d0b",
          "title": "10 - Faça o quadro de pixels ter seu tamanho definido pelo usuário.",
          "fullFile": "",
          "file": "",
          "beforeHooks": [],
          "afterHooks": [],
          "tests": [
            {
              "title": "Verifica se existe um input com o id `board-size`",
              "fullTitle": "10 - Faça o quadro de pixels ter seu tamanho definido pelo usuário. Verifica se existe um input com o id `board-size`",
              "timedOut": null,
              "duration": 261,
              "state": "passed",
              "speed": "slow",
              "pass": true,
              "fail": false,
              "pending": false,
              "context": null,
              "code": "cy.get('#board-size').should('be.visible');",
              "err": {},
              "uuid": "e5422a8b-5a93-40c8-91c8-87589e8a20f0",
              "parentUUID": "72ac9fa1-f5cb-4bee-b750-b2a6743c3d0b",
              "isHook": false,
              "skipped": false
            },
            {
              "title": "Verifica se existe um botão com o id `generate-board`",
              "fullTitle": "10 - Faça o quadro de pixels ter seu tamanho definido pelo usuário. Verifica se existe um botão com o id `generate-board`",
              "timedOut": null,
              "duration": 148,
              "state": "passed",
              "speed": "slow",
              "pass": true,
              "fail": false,
              "pending": false,
              "context": null,
              "code": "cy.get('#generate-board').should('be.visible');",
              "err": {},
              "uuid": "713c05fa-72e1-42c1-9192-504089c6c131",
              "parentUUID": "72ac9fa1-f5cb-4bee-b750-b2a6743c3d0b",
              "isHook": false,
              "skipped": false
            },
            {
              "title": "Verifica se o input só aceita número maiores que zero. Essa restrição deve ser feita usando os atributos do elemento `input`",
              "fullTitle": "10 - Faça o quadro de pixels ter seu tamanho definido pelo usuário. Verifica se o input só aceita número maiores que zero. Essa restrição deve ser feita usando os atributos do elemento `input`",
              "timedOut": null,
              "duration": 4325,
              "state": "failed",
              "speed": null,
              "pass": false,
              "fail": true,
              "pending": false,
              "context": null,
              "code": "cy.get('#board-size[type=\\'number\\'][min=\\'1\\']');",
              "err": {
                "message": "CypressError: Timed out retrying: Expected to find element: '#board-size[type='number'][min='1']', but never found it.",
                "estack": "CypressError: Timed out retrying: Expected to find element: '#board-size[type='number'][min='1']', but never found it.\n    at cypressErr (http://localhost:43181/__cypress/runner/cypress_runner.js:149934:9)\n    at throwErr (http://localhost:43181/__cypress/runner/cypress_runner.js:149867:11)\n    at Object.throwErrByPath (http://localhost:43181/__cypress/runner/cypress_runner.js:149915:3)\n    at retry (http://localhost:43181/__cypress/runner/cypress_runner.js:144197:19)\n    at onFailFn (http://localhost:43181/__cypress/runner/cypress_runner.js:132448:16)\n    at tryCatcher (http://localhost:43181/__cypress/runner/cypress_runner.js:167415:23)\n    at Promise._settlePromiseFromHandler (http://localhost:43181/__cypress/runner/cypress_runner.js:165351:31)\n    at Promise._settlePromise (http://localhost:43181/__cypress/runner/cypress_runner.js:165408:18)\n    at Promise._settlePromise0 (http://localhost:43181/__cypress/runner/cypress_runner.js:165453:10)\n    at Promise._settlePromises (http://localhost:43181/__cypress/runner/cypress_runner.js:165528:18)\n    at Async../node_modules/bluebird/js/release/async.js.Async._drainQueue (http://localhost:43181/__cypress/runner/cypress_runner.js:162140:16)\n    at Async../node_modules/bluebird/js/release/async.js.Async._drainQueues (http://localhost:43181/__cypress/runner/cypress_runner.js:162150:10)\n    at Async.drainQueues (http://localhost:43181/__cypress/runner/cypress_runner.js:162024:14)",
                "diff": null
              },
              "uuid": "e8ef4a36-80d3-48f9-9f20-761e63279b85",
              "parentUUID": "72ac9fa1-f5cb-4bee-b750-b2a6743c3d0b",
              "isHook": false,
              "skipped": false
            },
            {
              "title": "Verifica se o botão contém o texto 'VQV'",
              "fullTitle": "10 - Faça o quadro de pixels ter seu tamanho definido pelo usuário. Verifica se o botão contém o texto 'VQV'",
              "timedOut": null,
              "duration": 228,
              "state": "passed",
              "speed": "slow",
              "pass": true,
              "fail": false,
              "pending": false,
              "context": null,
              "code": "cy.get('#generate-board').contains(/vqv/i);",
              "err": {},
              "uuid": "2ae11fe3-4aa6-44d8-b2c1-f6bebc1c2f64",
              "parentUUID": "72ac9fa1-f5cb-4bee-b750-b2a6743c3d0b",
              "isHook": false,
              "skipped": false
            },
            {
              "title": "Verifica se o input está posicionado entre a paleta de cores e o quadro de pixels",
              "fullTitle": "10 - Faça o quadro de pixels ter seu tamanho definido pelo usuário. Verifica se o input está posicionado entre a paleta de cores e o quadro de pixels",
              "timedOut": null,
              "duration": 203,
              "state": "passed",
              "speed": "slow",
              "pass": true,
              "fail": false,
              "pending": false,
              "context": null,
              "code": "cy.get('#color-palette').then(function (palette) {\n  cy.get('#board-size').should('be.belowOf', palette);\n});\ncy.get('#board-size').then(function (palette) {\n  cy.get('#pixel-board').should('be.belowOf', palette);\n});",
              "err": {},
              "uuid": "39e15e5d-d104-4044-81ef-6ee7e27e713b",
              "parentUUID": "72ac9fa1-f5cb-4bee-b750-b2a6743c3d0b",
              "isHook": false,
              "skipped": false
            },
            {
              "title": "Verifica se o botão está posicionado ao lado do input",
              "fullTitle": "10 - Faça o quadro de pixels ter seu tamanho definido pelo usuário. Verifica se o botão está posicionado ao lado do input",
              "timedOut": null,
              "duration": 182,
              "state": "passed",
              "speed": "slow",
              "pass": true,
              "fail": false,
              "pending": false,
              "context": null,
              "code": "cy.get('#board-size').then(function (board) {\n  cy.get('#generate-board').should('be.onTheRightOf', board);\n});",
              "err": {},
              "uuid": "00a4a5ec-89bd-4eff-a032-289f7a5bd1d0",
              "parentUUID": "72ac9fa1-f5cb-4bee-b750-b2a6743c3d0b",
              "isHook": false,
              "skipped": false
            },
            {
              "title": "Verifica se nenhum valor for colocado no input ao clicar no botão, um `alert` é exibido com o texto: 'Board inválido!'",
              "fullTitle": "10 - Faça o quadro de pixels ter seu tamanho definido pelo usuário. Verifica se nenhum valor for colocado no input ao clicar no botão, um `alert` é exibido com o texto: 'Board inválido!'",
              "timedOut": null,
              "duration": 228,
              "state": "passed",
              "speed": "slow",
              "pass": true,
              "fail": false,
              "pending": false,
              "context": null,
              "code": "var alerted = false;\ncy.on('window:alert', function (msg) {\n  return alerted = msg;\n});\ncy.get('#generate-board').click().then(function () {\n  return expect(alerted).to.match(/Board inválido!/i);\n});",
              "err": {},
              "uuid": "8ff0558c-78fb-45c7-9348-f2f51f2b50b1",
              "parentUUID": "72ac9fa1-f5cb-4bee-b750-b2a6743c3d0b",
              "isHook": false,
              "skipped": false
            },
            {
              "title": "Verifica se ao clicar no botão com um valor preenchido, o tamanho do board muda.",
              "fullTitle": "10 - Faça o quadro de pixels ter seu tamanho definido pelo usuário. Verifica se ao clicar no botão com um valor preenchido, o tamanho do board muda.",
              "timedOut": null,
              "duration": 573,
              "state": "passed",
              "speed": "slow",
              "pass": true,
              "fail": false,
              "pending": false,
              "context": null,
              "code": "cy.get('#board-size').clear().type(10);\ncy.get('#generate-board').click();\ncy.get('.pixel').should('have.length', 100);",
              "err": {},
              "uuid": "a6e7f498-bfbe-413b-b74d-74605adcd253",
              "parentUUID": "72ac9fa1-f5cb-4bee-b750-b2a6743c3d0b",
              "isHook": false,
              "skipped": false
            },
            {
              "title": "Verifica se o novo quadro tem todos os pixels preenchidos com a cor branca",
              "fullTitle": "10 - Faça o quadro de pixels ter seu tamanho definido pelo usuário. Verifica se o novo quadro tem todos os pixels preenchidos com a cor branca",
              "timedOut": null,
              "duration": 538,
              "state": "passed",
              "speed": "slow",
              "pass": true,
              "fail": false,
              "pending": false,
              "context": null,
              "code": "cy.get('#board-size').clear().type(6);\ncy.get('#generate-board').click();\ncy.get('.pixel').should('have.length', 36).each(function (pixel) {\n  expect(pixel).to.have.css('background-color', WHITE);\n});",
              "err": {},
              "uuid": "f3c71808-1de3-4b03-bd88-ff9d627a4afa",
              "parentUUID": "72ac9fa1-f5cb-4bee-b750-b2a6743c3d0b",
              "isHook": false,
              "skipped": false
            }
          ],
          "suites": [],
          "passes": [
            "e5422a8b-5a93-40c8-91c8-87589e8a20f0",
            "713c05fa-72e1-42c1-9192-504089c6c131",
            "2ae11fe3-4aa6-44d8-b2c1-f6bebc1c2f64",
            "39e15e5d-d104-4044-81ef-6ee7e27e713b",
            "00a4a5ec-89bd-4eff-a032-289f7a5bd1d0",
            "8ff0558c-78fb-45c7-9348-f2f51f2b50b1",
            "a6e7f498-bfbe-413b-b74d-74605adcd253",
            "f3c71808-1de3-4b03-bd88-ff9d627a4afa"
          ],
          "failures": [
            "e8ef4a36-80d3-48f9-9f20-761e63279b85"
          ],
          "pending": [],
          "skipped": [],
          "duration": 6686,
          "root": false,
          "rootEmpty": false,
          "_timeout": 2000
        },
        {
          "uuid": "370acbf6-145f-472f-9224-1509fc68d91e",
          "title": "11 - Limite o tamanho mínimo e máximo do board.",
          "fullFile": "",
          "file": "",
          "beforeHooks": [],
          "afterHooks": [],
          "tests": [
            {
              "title": "Verifica se a altura máxima do board é 50",
              "fullTitle": "11 - Limite o tamanho mínimo e máximo do board. Verifica se a altura máxima do board é 50",
              "timedOut": null,
              "duration": 2290,
              "state": "passed",
              "speed": "slow",
              "pass": true,
              "fail": false,
              "pending": false,
              "context": null,
              "code": "cy.get('#board-size').clear().type(50);\ncy.get('#generate-board').click();\ncy.get('.pixel').should('have.length', 2500);",
              "err": {},
              "uuid": "23a4b088-3608-4f9d-9ba4-0e9412306693",
              "parentUUID": "370acbf6-145f-472f-9224-1509fc68d91e",
              "isHook": false,
              "skipped": false
            },
            {
              "title": "Verifica se a altura do board é 5 quando um valor menor é colocado no input",
              "fullTitle": "11 - Limite o tamanho mínimo e máximo do board. Verifica se a altura do board é 5 quando um valor menor é colocado no input",
              "timedOut": null,
              "duration": 4710,
              "state": "failed",
              "speed": null,
              "pass": false,
              "fail": true,
              "pending": false,
              "context": null,
              "code": "cy.get('#board-size').clear().type(4);\ncy.get('#generate-board').click();\ncy.get('.pixel').should('have.length', 25);",
              "err": {
                "message": "CypressError: Timed out retrying: Not enough elements found. Found '16', expected '25'.",
                "estack": "CypressError: Timed out retrying: Not enough elements found. Found '16', expected '25'.\n    at cypressErr (http://localhost:43181/__cypress/runner/cypress_runner.js:149934:9)\n    at throwErr (http://localhost:43181/__cypress/runner/cypress_runner.js:149867:11)\n    at Object.throwErrByPath (http://localhost:43181/__cypress/runner/cypress_runner.js:149915:3)\n    at retry (http://localhost:43181/__cypress/runner/cypress_runner.js:144197:19)\n    at onFailFn (http://localhost:43181/__cypress/runner/cypress_runner.js:132448:16)\n    at tryCatcher (http://localhost:43181/__cypress/runner/cypress_runner.js:167415:23)\n    at Promise._settlePromiseFromHandler (http://localhost:43181/__cypress/runner/cypress_runner.js:165351:31)\n    at Promise._settlePromise (http://localhost:43181/__cypress/runner/cypress_runner.js:165408:18)\n    at Promise._settlePromise0 (http://localhost:43181/__cypress/runner/cypress_runner.js:165453:10)\n    at Promise._settlePromises (http://localhost:43181/__cypress/runner/cypress_runner.js:165528:18)\n    at Async../node_modules/bluebird/js/release/async.js.Async._drainQueue (http://localhost:43181/__cypress/runner/cypress_runner.js:162140:16)\n    at Async../node_modules/bluebird/js/release/async.js.Async._drainQueues (http://localhost:43181/__cypress/runner/cypress_runner.js:162150:10)\n    at Async.drainQueues (http://localhost:43181/__cypress/runner/cypress_runner.js:162024:14)",
                "diff": null
              },
              "uuid": "010e1596-b819-49e7-befa-f7f06dc53440",
              "parentUUID": "370acbf6-145f-472f-9224-1509fc68d91e",
              "isHook": false,
              "skipped": false
            },
            {
              "title": "Verifica se a altura do board é 50 quando um valor maior é colocado no input",
              "fullTitle": "11 - Limite o tamanho mínimo e máximo do board. Verifica se a altura do board é 50 quando um valor maior é colocado no input",
              "timedOut": null,
              "duration": 8696,
              "state": "failed",
              "speed": null,
              "pass": false,
              "fail": true,
              "pending": false,
              "context": null,
              "code": "cy.get('#board-size').clear().type(51);\ncy.get('#generate-board').click();\ncy.get('.pixel').should('have.length', 2500);",
              "err": {
                "message": "CypressError: Timed out retrying: Too many elements found. Found '2601', expected '2500'.",
                "estack": "CypressError: Timed out retrying: Too many elements found. Found '2601', expected '2500'.\n    at cypressErr (http://localhost:43181/__cypress/runner/cypress_runner.js:149934:9)\n    at throwErr (http://localhost:43181/__cypress/runner/cypress_runner.js:149867:11)\n    at Object.throwErrByPath (http://localhost:43181/__cypress/runner/cypress_runner.js:149915:3)\n    at retry (http://localhost:43181/__cypress/runner/cypress_runner.js:144197:19)\n    at onFailFn (http://localhost:43181/__cypress/runner/cypress_runner.js:132448:16)\n    at tryCatcher (http://localhost:43181/__cypress/runner/cypress_runner.js:167415:23)\n    at Promise._settlePromiseFromHandler (http://localhost:43181/__cypress/runner/cypress_runner.js:165351:31)\n    at Promise._settlePromise (http://localhost:43181/__cypress/runner/cypress_runner.js:165408:18)\n    at Promise._settlePromise0 (http://localhost:43181/__cypress/runner/cypress_runner.js:165453:10)\n    at Promise._settlePromises (http://localhost:43181/__cypress/runner/cypress_runner.js:165528:18)\n    at Async../node_modules/bluebird/js/release/async.js.Async._drainQueue (http://localhost:43181/__cypress/runner/cypress_runner.js:162140:16)\n    at Async../node_modules/bluebird/js/release/async.js.Async._drainQueues (http://localhost:43181/__cypress/runner/cypress_runner.js:162150:10)\n    at Async.drainQueues (http://localhost:43181/__cypress/runner/cypress_runner.js:162024:14)",
                "diff": null
              },
              "uuid": "736362d4-7a00-4eb6-bcd3-9e869ed51c72",
              "parentUUID": "370acbf6-145f-472f-9224-1509fc68d91e",
              "isHook": false,
              "skipped": false
            }
          ],
          "suites": [],
          "passes": [
            "23a4b088-3608-4f9d-9ba4-0e9412306693"
          ],
          "failures": [
            "010e1596-b819-49e7-befa-f7f06dc53440",
            "736362d4-7a00-4eb6-bcd3-9e869ed51c72"
          ],
          "pending": [],
          "skipped": [],
          "duration": 15696,
          "root": false,
          "rootEmpty": false,
          "_timeout": 2000
        },
        {
          "uuid": "f0cab3ff-3c9f-4672-8d7b-2f80ff334a8a",
          "title": "12 - Faça com que as cores da paleta sejam geradas aleatoriamente ao carregar a página.",
          "fullFile": "",
          "file": "",
          "beforeHooks": [],
          "afterHooks": [],
          "tests": [
            {
              "title": "Verifica se as cores geradas na paleta são diferentes a cada carregamento da página",
              "fullTitle": "12 - Faça com que as cores da paleta sejam geradas aleatoriamente ao carregar a página. Verifica se as cores geradas na paleta são diferentes a cada carregamento da página",
              "timedOut": null,
              "duration": 469,
              "state": "failed",
              "speed": null,
              "pass": false,
              "fail": true,
              "pending": false,
              "context": null,
              "code": "cy.get('.color').then(function (colors) {\n  var currentColors;\n  var previousColors;\n  previousColors = Array.from(colors).map(function (color) {\n    return Cypress.$(color).css('background-color');\n  });\n  for (var i = 0; i < 5; i += 1) {\n    cy.reload();\n    cy.get('.color').then(function (colors) {\n      currentColors = Array.from(colors).map(function (color) {\n        return Cypress.$(color).css('background-color');\n      });\n      expect(currentColors).not.to.deep.equal(previousColors);\n      previousColors = currentColors;\n    });\n  }\n});",
              "err": {
                "message": "AssertionError: expected [ Array(4) ] to not deeply equal [ Array(4) ]",
                "estack": "AssertionError: expected [ Array(4) ] to not deeply equal [ Array(4) ]\n    at getRet (http://localhost:43181/__cypress/runner/cypress_runner.js:136585:16)\n    at tryCatcher (http://localhost:43181/__cypress/runner/cypress_runner.js:167415:23)\n    at Function.Promise.attempt.Promise.try (http://localhost:43181/__cypress/runner/cypress_runner.js:164690:29)\n    at Context.thenFn (http://localhost:43181/__cypress/runner/cypress_runner.js:136599:23)\n    at Context.then (http://localhost:43181/__cypress/runner/cypress_runner.js:136971:21)\n    at Context.<anonymous> (http://localhost:43181/__cypress/runner/cypress_runner.js:148875:21)\n    at http://localhost:43181/__cypress/runner/cypress_runner.js:148351:33\n    at tryCatcher (http://localhost:43181/__cypress/runner/cypress_runner.js:167415:23)\n    at Promise._settlePromiseFromHandler (http://localhost:43181/__cypress/runner/cypress_runner.js:165351:31)\n    at Promise._settlePromise (http://localhost:43181/__cypress/runner/cypress_runner.js:165408:18)\n    at Promise._settlePromiseCtx (http://localhost:43181/__cypress/runner/cypress_runner.js:165445:10)\n    at Async../node_modules/bluebird/js/release/async.js.Async._drainQueue (http://localhost:43181/__cypress/runner/cypress_runner.js:162145:12)\n    at Async../node_modules/bluebird/js/release/async.js.Async._drainQueues (http://localhost:43181/__cypress/runner/cypress_runner.js:162150:10)\n    at Async.drainQueues (http://localhost:43181/__cypress/runner/cypress_runner.js:162024:14)",
                "diff": ""
              },
              "uuid": "a7ffdd7c-455f-4245-bf7a-6b154f409964",
              "parentUUID": "f0cab3ff-3c9f-4672-8d7b-2f80ff334a8a",
              "isHook": false,
              "skipped": false
            },
            {
              "title": "Verifica se a cor preta ainda está presente e é a primeira na sua paleta de cores",
              "fullTitle": "12 - Faça com que as cores da paleta sejam geradas aleatoriamente ao carregar a página. Verifica se a cor preta ainda está presente e é a primeira na sua paleta de cores",
              "timedOut": null,
              "duration": 463,
              "state": "failed",
              "speed": null,
              "pass": false,
              "fail": true,
              "pending": false,
              "context": null,
              "code": "cy.get('.color').then(function (colors) {\n  var currentColors;\n  var previousColors;\n  previousColors = Array.from(colors).map(function (color) {\n    return Cypress.$(color).css('background-color');\n  });\n  expect(previousColors[0]).to.eq(BLACK);\n  for (var i = 0; i < 5; i += 1) {\n    cy.reload();\n    cy.get('.color').then(function (colors) {\n      currentColors = Array.from(colors).map(function (color) {\n        return Cypress.$(color).css('background-color');\n      });\n      expect(currentColors[0]).to.eq(BLACK);\n      expect(currentColors).not.to.deep.equal(previousColors);\n      previousColors = currentColors;\n    });\n  }\n});",
              "err": {
                "message": "AssertionError: expected [ Array(4) ] to not deeply equal [ Array(4) ]",
                "estack": "AssertionError: expected [ Array(4) ] to not deeply equal [ Array(4) ]\n    at getRet (http://localhost:43181/__cypress/runner/cypress_runner.js:136585:16)\n    at tryCatcher (http://localhost:43181/__cypress/runner/cypress_runner.js:167415:23)\n    at Function.Promise.attempt.Promise.try (http://localhost:43181/__cypress/runner/cypress_runner.js:164690:29)\n    at Context.thenFn (http://localhost:43181/__cypress/runner/cypress_runner.js:136599:23)\n    at Context.then (http://localhost:43181/__cypress/runner/cypress_runner.js:136971:21)\n    at Context.<anonymous> (http://localhost:43181/__cypress/runner/cypress_runner.js:148875:21)\n    at http://localhost:43181/__cypress/runner/cypress_runner.js:148351:33\n    at tryCatcher (http://localhost:43181/__cypress/runner/cypress_runner.js:167415:23)\n    at Promise._settlePromiseFromHandler (http://localhost:43181/__cypress/runner/cypress_runner.js:165351:31)\n    at Promise._settlePromise (http://localhost:43181/__cypress/runner/cypress_runner.js:165408:18)\n    at Promise._settlePromiseCtx (http://localhost:43181/__cypress/runner/cypress_runner.js:165445:10)\n    at Async../node_modules/bluebird/js/release/async.js.Async._drainQueue (http://localhost:43181/__cypress/runner/cypress_runner.js:162145:12)\n    at Async../node_modules/bluebird/js/release/async.js.Async._drainQueues (http://localhost:43181/__cypress/runner/cypress_runner.js:162150:10)\n    at Async.drainQueues (http://localhost:43181/__cypress/runner/cypress_runner.js:162024:14)",
                "diff": ""
              },
              "uuid": "8930da1c-31e1-439c-8872-2c4b1ae3cfb1",
              "parentUUID": "f0cab3ff-3c9f-4672-8d7b-2f80ff334a8a",
              "isHook": false,
              "skipped": false
            }
          ],
          "suites": [],
          "passes": [],
          "failures": [
            "a7ffdd7c-455f-4245-bf7a-6b154f409964",
            "8930da1c-31e1-439c-8872-2c4b1ae3cfb1"
          ],
          "pending": [],
          "skipped": [],
          "duration": 932,
          "root": false,
          "rootEmpty": false,
          "_timeout": 2000
        }
      ],
      "passes": [],
      "failures": [],
      "pending": [],
      "skipped": [],
      "duration": 0,
      "root": true,
      "rootEmpty": true,
      "_timeout": 2000
    }
  ],
  "meta": {
    "mocha": {
      "version": "7.0.1"
    },
    "mochawesome": {
      "options": {
        "quiet": false,
        "reportFilename": "mochawesome",
        "saveHtml": false,
        "saveJson": true,
        "consoleReporter": "spec",
        "useInlineDiffs": false
      },
      "version": "4.1.0"
    },
    "marge": {
      "options": {
        "id": "default",
        "reportDir": "cypress/reports",
        "overwrite": true,
        "html": false,
        "json": true
      },
      "version": "4.1.0"
    }
  }
}