{
  "stats": {
    "suites": 12,
    "tests": 41,
    "passes": 20,
    "pending": 0,
    "failures": 21,
    "start": "2021-07-16T14:39:39.921Z",
    "end": "2021-07-16T14:42:33.954Z",
    "duration": 174033,
    "testsRegistered": 41,
    "passPercent": 48.78048780487805,
    "pendingPercent": 0,
    "other": 0,
    "hasOther": false,
    "skipped": 0,
    "hasSkipped": false
  },
  "results": [
    {
      "uuid": "2566a729-1faf-4291-801c-f518847c4794",
      "title": "",
      "fullFile": "cypress/integration/project.spec.js",
      "file": "cypress/integration/project.spec.js",
      "beforeHooks": [],
      "afterHooks": [],
      "tests": [],
      "suites": [
        {
          "uuid": "20b6a051-5131-47e9-ae46-d0dedc9900dd",
          "title": "1 - Adicione à página o título \"Paleta de Cores\".",
          "fullFile": "",
          "file": "",
          "beforeHooks": [],
          "afterHooks": [],
          "tests": [
            {
              "title": "Verifica se contém um elemento `h1` com o id `title` com o título correto",
              "fullTitle": "1 - Adicione à página o título \"Paleta de Cores\". Verifica se contém um elemento `h1` com o id `title` com o título correto",
              "timedOut": null,
              "duration": 1254,
              "state": "passed",
              "speed": "slow",
              "pass": true,
              "fail": false,
              "pending": false,
              "context": null,
              "code": "cy.get('h1#title').should('contain.text', 'Paleta de Cores');",
              "err": {},
              "uuid": "50f68bc9-839a-442b-a232-a513fd0f0582",
              "parentUUID": "20b6a051-5131-47e9-ae46-d0dedc9900dd",
              "isHook": false,
              "skipped": false
            }
          ],
          "suites": [],
          "passes": [
            "50f68bc9-839a-442b-a232-a513fd0f0582"
          ],
          "failures": [],
          "pending": [],
          "skipped": [],
          "duration": 1254,
          "root": false,
          "rootEmpty": false,
          "_timeout": 2000
        },
        {
          "uuid": "d7c11cf7-a235-4412-ab1a-8fae3e4b1c88",
          "title": "2 - Adicione à página uma paleta de quatro cores distintas.",
          "fullFile": "",
          "file": "",
          "beforeHooks": [],
          "afterHooks": [],
          "tests": [
            {
              "title": "A paleta de cores deve ser um elemento com `id` denominado `color-palette`",
              "fullTitle": "2 - Adicione à página uma paleta de quatro cores distintas. A paleta de cores deve ser um elemento com `id` denominado `color-palette`",
              "timedOut": null,
              "duration": 890,
              "state": "passed",
              "speed": "slow",
              "pass": true,
              "fail": false,
              "pending": false,
              "context": null,
              "code": "cy.get('#color-palette').should('be.visible');",
              "err": {},
              "uuid": "53b262f7-56f4-44a3-ba89-690b6c5108c4",
              "parentUUID": "d7c11cf7-a235-4412-ab1a-8fae3e4b1c88",
              "isHook": false,
              "skipped": false
            },
            {
              "title": "Verifica se cada cor individual da paleta de cores possui a `classe` chamada `color`.",
              "fullTitle": "2 - Adicione à página uma paleta de quatro cores distintas. Verifica se cada cor individual da paleta de cores possui a `classe` chamada `color`.",
              "timedOut": null,
              "duration": 1824,
              "state": "passed",
              "speed": "slow",
              "pass": true,
              "fail": false,
              "pending": false,
              "context": null,
              "code": "cy.get('.color').should('have.length', 4).then(function (colors) {\n  for (var i = 0; i < colors.length; i++) {\n    cy.wrap(colors[i]).should('be.visible');\n  }\n});",
              "err": {},
              "uuid": "cee74504-3a82-4400-be9f-7d9e4e7a7321",
              "parentUUID": "d7c11cf7-a235-4412-ab1a-8fae3e4b1c88",
              "isHook": false,
              "skipped": false
            },
            {
              "title": "Verifica se a cor de fundo de cada elemento da paleta é a cor que o elemento representa. **A única cor não permitida na paleta é a cor branca.**",
              "fullTitle": "2 - Adicione à página uma paleta de quatro cores distintas. Verifica se a cor de fundo de cada elemento da paleta é a cor que o elemento representa. **A única cor não permitida na paleta é a cor branca.**",
              "timedOut": null,
              "duration": 1702,
              "state": "passed",
              "speed": "slow",
              "pass": true,
              "fail": false,
              "pending": false,
              "context": null,
              "code": "cy.get('.color').each(function (color) {\n  cy.wrap(color).should('have.class', 'color').and('not.have.css', 'background-color', WHITE);\n  cy.wrap(color).should('have.css', 'background-color');\n});",
              "err": {},
              "uuid": "1256aaa4-2463-43f6-889f-9039b8cc968f",
              "parentUUID": "d7c11cf7-a235-4412-ab1a-8fae3e4b1c88",
              "isHook": false,
              "skipped": false
            },
            {
              "title": "Verifica se cada elemento da paleta de cores tem uma borda preta, sólida e com 1 pixel de largura;",
              "fullTitle": "2 - Adicione à página uma paleta de quatro cores distintas. Verifica se cada elemento da paleta de cores tem uma borda preta, sólida e com 1 pixel de largura;",
              "timedOut": null,
              "duration": 738,
              "state": "passed",
              "speed": "slow",
              "pass": true,
              "fail": false,
              "pending": false,
              "context": null,
              "code": "cy.get('.color').each(function (color) {\n  cy.wrap(color).and('have.css', 'border', \"1px solid \".concat(BLACK)).and('have.class', 'color');\n});",
              "err": {},
              "uuid": "0fa8d230-bb7f-4a4a-8407-fee29c7c00e2",
              "parentUUID": "d7c11cf7-a235-4412-ab1a-8fae3e4b1c88",
              "isHook": false,
              "skipped": false
            },
            {
              "title": "Verifica se a paleta lista todas as cores disponíveis para utilização, lado a lado.",
              "fullTitle": "2 - Adicione à página uma paleta de quatro cores distintas. Verifica se a paleta lista todas as cores disponíveis para utilização, lado a lado.",
              "timedOut": null,
              "duration": 794,
              "state": "passed",
              "speed": "slow",
              "pass": true,
              "fail": false,
              "pending": false,
              "context": null,
              "code": "cy.get('.color').then(function (colors) {\n  for (var index = 1; index < colors.length; index += 1) {\n    var currentColor = colors[index];\n    var previousColor = colors[index - 1];\n    cy.wrap(currentColor).should('be.onTheRightOf', previousColor).and('be.horizontallyAlignedWith', previousColor);\n  }\n});",
              "err": {},
              "uuid": "97805279-5011-47c6-87f6-a1bfdc6e97f2",
              "parentUUID": "d7c11cf7-a235-4412-ab1a-8fae3e4b1c88",
              "isHook": false,
              "skipped": false
            },
            {
              "title": "Verifica se a paleta de cores está posicionada abaixo do título 'Paleta de Cores'",
              "fullTitle": "2 - Adicione à página uma paleta de quatro cores distintas. Verifica se a paleta de cores está posicionada abaixo do título 'Paleta de Cores'",
              "timedOut": null,
              "duration": 641,
              "state": "passed",
              "speed": "slow",
              "pass": true,
              "fail": false,
              "pending": false,
              "context": null,
              "code": "cy.get('h1#title').then(function (title) {\n  cy.get('#color-palette').should('be.belowOf', title);\n});",
              "err": {},
              "uuid": "f430bf2e-e8cf-4886-b917-4a909a55a760",
              "parentUUID": "d7c11cf7-a235-4412-ab1a-8fae3e4b1c88",
              "isHook": false,
              "skipped": false
            },
            {
              "title": "Verifica se a paleta de cores não contém cores repetidas.",
              "fullTitle": "2 - Adicione à página uma paleta de quatro cores distintas. Verifica se a paleta de cores não contém cores repetidas.",
              "timedOut": null,
              "duration": 876,
              "state": "passed",
              "speed": "slow",
              "pass": true,
              "fail": false,
              "pending": false,
              "context": null,
              "code": "cy.get('.color').then(function (colors) {\n  var allColors = Array.from(colors).map(function (color) {\n    return Cypress.$(color).css('background-color');\n  });\n  cy.log(allColors);\n  var uniqColors = (0, _toConsumableArray2[\"default\"])(new Set(allColors));\n  cy.log(uniqColors);\n  expect(allColors.length).to.eq(uniqColors.length);\n});",
              "err": {},
              "uuid": "f2226a27-073a-4259-8db7-4385133e9fc7",
              "parentUUID": "d7c11cf7-a235-4412-ab1a-8fae3e4b1c88",
              "isHook": false,
              "skipped": false
            }
          ],
          "suites": [],
          "passes": [
            "53b262f7-56f4-44a3-ba89-690b6c5108c4",
            "cee74504-3a82-4400-be9f-7d9e4e7a7321",
            "1256aaa4-2463-43f6-889f-9039b8cc968f",
            "0fa8d230-bb7f-4a4a-8407-fee29c7c00e2",
            "97805279-5011-47c6-87f6-a1bfdc6e97f2",
            "f430bf2e-e8cf-4886-b917-4a909a55a760",
            "f2226a27-073a-4259-8db7-4385133e9fc7"
          ],
          "failures": [],
          "pending": [],
          "skipped": [],
          "duration": 7465,
          "root": false,
          "rootEmpty": false,
          "_timeout": 2000
        },
        {
          "uuid": "8c87058f-aac9-434e-a417-c61ddfbd8e02",
          "title": "3 - Adicione a cor **preta** como a primeira cor da paleta de cores.",
          "fullFile": "",
          "file": "",
          "beforeHooks": [],
          "afterHooks": [],
          "tests": [
            {
              "title": "Verifica se a primeira cor da paleta é preta",
              "fullTitle": "3 - Adicione a cor **preta** como a primeira cor da paleta de cores. Verifica se a primeira cor da paleta é preta",
              "timedOut": null,
              "duration": 695,
              "state": "passed",
              "speed": "slow",
              "pass": true,
              "fail": false,
              "pending": false,
              "context": null,
              "code": "cy.get('.color').first().should('have.css', 'background-color', BLACK);",
              "err": {},
              "uuid": "cac7838c-1aad-4969-b493-0d0c5c219c9d",
              "parentUUID": "8c87058f-aac9-434e-a417-c61ddfbd8e02",
              "isHook": false,
              "skipped": false
            },
            {
              "title": "Verifica se as demais cores podem ser escolhidas livremente.",
              "fullTitle": "3 - Adicione a cor **preta** como a primeira cor da paleta de cores. Verifica se as demais cores podem ser escolhidas livremente.",
              "timedOut": null,
              "duration": 1364,
              "state": "passed",
              "speed": "slow",
              "pass": true,
              "fail": false,
              "pending": false,
              "context": null,
              "code": "cy.get('.color').eq(1).should('not.have.css', 'background-color', BLACK);\ncy.get('.color').eq(1).should('not.have.css', 'background-color', WHITE);\ncy.get('.color').eq(1).should('not.have.css', 'background-color', 'rgba(0, 0, 0, 0)');\ncy.get('.color').eq(1).should('have.css', 'background-color');\ncy.get('.color').eq(2).should('not.have.css', 'background-color', BLACK);\ncy.get('.color').eq(2).should('not.have.css', 'background-color', WHITE);\ncy.get('.color').eq(2).should('not.have.css', 'background-color', 'rgba(0, 0, 0, 0)');\ncy.get('.color').eq(2).should('have.css', 'background-color');\ncy.get('.color').eq(3).should('not.have.css', 'background-color', BLACK);\ncy.get('.color').eq(3).should('not.have.css', 'background-color', WHITE);\ncy.get('.color').eq(3).should('not.have.css', 'background-color', 'rgba(0, 0, 0, 0)');\ncy.get('.color').eq(3).should('have.css', 'background-color');",
              "err": {},
              "uuid": "22c7fbec-8ef5-4627-a482-173b48e3706c",
              "parentUUID": "8c87058f-aac9-434e-a417-c61ddfbd8e02",
              "isHook": false,
              "skipped": false
            }
          ],
          "suites": [],
          "passes": [
            "cac7838c-1aad-4969-b493-0d0c5c219c9d",
            "22c7fbec-8ef5-4627-a482-173b48e3706c"
          ],
          "failures": [],
          "pending": [],
          "skipped": [],
          "duration": 2059,
          "root": false,
          "rootEmpty": false,
          "_timeout": 2000
        },
        {
          "uuid": "4c001827-249d-415b-93b5-e562f44bd851",
          "title": "4 - Adicione à página um quadro de pixels, com 25 pixels.",
          "fullFile": "",
          "file": "",
          "beforeHooks": [],
          "afterHooks": [],
          "tests": [
            {
              "title": "Verifica se o quadro de pixels possui o `id` denominado `pixel-board`",
              "fullTitle": "4 - Adicione à página um quadro de pixels, com 25 pixels. Verifica se o quadro de pixels possui o `id` denominado `pixel-board`",
              "timedOut": null,
              "duration": 608,
              "state": "passed",
              "speed": "slow",
              "pass": true,
              "fail": false,
              "pending": false,
              "context": null,
              "code": "cy.get('#pixel-board').should('be.visible');",
              "err": {},
              "uuid": "c8183816-5492-4ffe-a096-d4b4187580dd",
              "parentUUID": "4c001827-249d-415b-93b5-e562f44bd851",
              "isHook": false,
              "skipped": false
            },
            {
              "title": "Verifica se cada pixel individual dentro do quadro possui a `classe` denominada `pixel`.",
              "fullTitle": "4 - Adicione à página um quadro de pixels, com 25 pixels. Verifica se cada pixel individual dentro do quadro possui a `classe` denominada `pixel`.",
              "timedOut": null,
              "duration": 953,
              "state": "passed",
              "speed": "slow",
              "pass": true,
              "fail": false,
              "pending": false,
              "context": null,
              "code": "cy.get('.pixel').should('have.length', 25);",
              "err": {},
              "uuid": "8a254980-724f-4f12-a8f5-d91974994e66",
              "parentUUID": "4c001827-249d-415b-93b5-e562f44bd851",
              "isHook": false,
              "skipped": false
            },
            {
              "title": "Verifica se a cor inicial dos pixels dentro do quadro, ao abrir a página, é branca.",
              "fullTitle": "4 - Adicione à página um quadro de pixels, com 25 pixels. Verifica se a cor inicial dos pixels dentro do quadro, ao abrir a página, é branca.",
              "timedOut": null,
              "duration": 1104,
              "state": "passed",
              "speed": "slow",
              "pass": true,
              "fail": false,
              "pending": false,
              "context": null,
              "code": "cy.get('.pixel').should('have.length', 25).each(function (pixel) {\n  expect(pixel).to.have.css('background-color', WHITE);\n});",
              "err": {},
              "uuid": "b3a80bde-99ab-4cc6-93ba-23a76dd09ab5",
              "parentUUID": "4c001827-249d-415b-93b5-e562f44bd851",
              "isHook": false,
              "skipped": false
            },
            {
              "title": "Verifica se o quadro de pixels aparece abaixo da paleta de cores",
              "fullTitle": "4 - Adicione à página um quadro de pixels, com 25 pixels. Verifica se o quadro de pixels aparece abaixo da paleta de cores",
              "timedOut": null,
              "duration": 521,
              "state": "passed",
              "speed": "slow",
              "pass": true,
              "fail": false,
              "pending": false,
              "context": null,
              "code": "cy.get('#color-palette').then(function (palette) {\n  cy.get('#pixel-board').should('be.belowOf', palette);\n});",
              "err": {},
              "uuid": "615af28e-4e9d-48a8-8c77-f128809497e6",
              "parentUUID": "4c001827-249d-415b-93b5-e562f44bd851",
              "isHook": false,
              "skipped": false
            }
          ],
          "suites": [],
          "passes": [
            "c8183816-5492-4ffe-a096-d4b4187580dd",
            "8a254980-724f-4f12-a8f5-d91974994e66",
            "b3a80bde-99ab-4cc6-93ba-23a76dd09ab5",
            "615af28e-4e9d-48a8-8c77-f128809497e6"
          ],
          "failures": [],
          "pending": [],
          "skipped": [],
          "duration": 3186,
          "root": false,
          "rootEmpty": false,
          "_timeout": 2000
        },
        {
          "uuid": "829e79a8-c2ea-4849-ae91-df8207363f27",
          "title": "5 - Faça com que cada elemento do quadro de pixels possua 40 pixels de largura, 40 pixels de altura e seja delimitado por uma borda preta de 1 pixel.",
          "fullFile": "",
          "file": "",
          "beforeHooks": [],
          "afterHooks": [],
          "tests": [
            {
              "title": "Verifica se o quadro de pixels tem altura e comprimento de 5 elementos",
              "fullTitle": "5 - Faça com que cada elemento do quadro de pixels possua 40 pixels de largura, 40 pixels de altura e seja delimitado por uma borda preta de 1 pixel. Verifica se o quadro de pixels tem altura e comprimento de 5 elementos",
              "timedOut": null,
              "duration": 1998,
              "state": "passed",
              "speed": "slow",
              "pass": true,
              "fail": false,
              "pending": false,
              "context": null,
              "code": "cy.get('.pixel').should('have.length', 25).each(function (pixel) {\n  expect(pixel).to.have.css('background-color', WHITE);\n}).and(function (pixels) {\n  var rows = chunk(pixels, 5);\n  rows.forEach(function (row) {\n    for (var index = 1; index < row.length; index += 1) {\n      var current = pixels[index];\n      var previous = pixels[index - 1];\n      cy.wrap(current).should('be.onTheRightOf', previous).and('be.horizontallyAlignedWith', previous);\n    }\n  });\n  for (var index = 1; index < 5; index += 1) {\n    expect(pixels[index * 5]).to.be.belowOf(pixels[(index - 1) * 5]);\n  }\n});",
              "err": {},
              "uuid": "824992cd-0806-4fee-8711-c4a9d4cf9138",
              "parentUUID": "829e79a8-c2ea-4849-ae91-df8207363f27",
              "isHook": false,
              "skipped": false
            },
            {
              "title": "Verifica se 40 pixels é o tamanho total do elemento, incluindo seu conteúdo e excluindo a borda preta, que deve ser criada à parte.",
              "fullTitle": "5 - Faça com que cada elemento do quadro de pixels possua 40 pixels de largura, 40 pixels de altura e seja delimitado por uma borda preta de 1 pixel. Verifica se 40 pixels é o tamanho total do elemento, incluindo seu conteúdo e excluindo a borda preta, que deve ser criada à parte.",
              "timedOut": null,
              "duration": 1783,
              "state": "passed",
              "speed": "slow",
              "pass": true,
              "fail": false,
              "pending": false,
              "context": null,
              "code": "cy.get('.pixel').each(function (pixel) {\n  cy.wrap(pixel).should('have.css', 'height', '40px').and('have.css', 'width', '40px').and('have.css', 'border', \"1px solid \".concat(BLACK));\n});",
              "err": {},
              "uuid": "d95042eb-870c-4f4f-baf9-fb78dec61237",
              "parentUUID": "829e79a8-c2ea-4849-ae91-df8207363f27",
              "isHook": false,
              "skipped": false
            }
          ],
          "suites": [],
          "passes": [
            "824992cd-0806-4fee-8711-c4a9d4cf9138",
            "d95042eb-870c-4f4f-baf9-fb78dec61237"
          ],
          "failures": [],
          "pending": [],
          "skipped": [],
          "duration": 3781,
          "root": false,
          "rootEmpty": false,
          "_timeout": 2000
        },
        {
          "uuid": "ebc394f3-7242-4254-8faa-4c08ac909ad7",
          "title": "6 - Defina a cor preta como cor inicial. Ao carregar a página a cor preta já deve estar selecionada para pintar os pixels",
          "fullFile": "",
          "file": "",
          "beforeHooks": [],
          "afterHooks": [],
          "tests": [
            {
              "title": "Verifica se o elemento da cor preta possui, inicialmente, a `classe` `selected`",
              "fullTitle": "6 - Defina a cor preta como cor inicial. Ao carregar a página a cor preta já deve estar selecionada para pintar os pixels Verifica se o elemento da cor preta possui, inicialmente, a `classe` `selected`",
              "timedOut": null,
              "duration": 5431,
              "state": "failed",
              "speed": null,
              "pass": false,
              "fail": true,
              "pending": false,
              "context": null,
              "code": "cy.get('.selected').first().should('have.css', 'background-color', BLACK);",
              "err": {
                "message": "CypressError: Timed out retrying: Expected to find element: '.selected', but never found it.",
                "estack": "CypressError: Timed out retrying: Expected to find element: '.selected', but never found it.\n    at cypressErr (http://localhost:42079/__cypress/runner/cypress_runner.js:149934:9)\n    at throwErr (http://localhost:42079/__cypress/runner/cypress_runner.js:149867:11)\n    at Object.throwErrByPath (http://localhost:42079/__cypress/runner/cypress_runner.js:149915:3)\n    at retry (http://localhost:42079/__cypress/runner/cypress_runner.js:144197:19)\n    at onFailFn (http://localhost:42079/__cypress/runner/cypress_runner.js:132448:16)\n    at tryCatcher (http://localhost:42079/__cypress/runner/cypress_runner.js:167415:23)\n    at Promise._settlePromiseFromHandler (http://localhost:42079/__cypress/runner/cypress_runner.js:165351:31)\n    at Promise._settlePromise (http://localhost:42079/__cypress/runner/cypress_runner.js:165408:18)\n    at Promise._settlePromise0 (http://localhost:42079/__cypress/runner/cypress_runner.js:165453:10)\n    at Promise._settlePromises (http://localhost:42079/__cypress/runner/cypress_runner.js:165528:18)\n    at Async../node_modules/bluebird/js/release/async.js.Async._drainQueue (http://localhost:42079/__cypress/runner/cypress_runner.js:162140:16)\n    at Async../node_modules/bluebird/js/release/async.js.Async._drainQueues (http://localhost:42079/__cypress/runner/cypress_runner.js:162150:10)\n    at Async.drainQueues (http://localhost:42079/__cypress/runner/cypress_runner.js:162024:14)",
                "diff": null
              },
              "uuid": "9fae35bd-52d6-4216-a9f2-ec54bfc9456a",
              "parentUUID": "ebc394f3-7242-4254-8faa-4c08ac909ad7",
              "isHook": false,
              "skipped": false
            },
            {
              "title": "Verifica se nenhuma outra cor da paleta tem a `classe` `selected`",
              "fullTitle": "6 - Defina a cor preta como cor inicial. Ao carregar a página a cor preta já deve estar selecionada para pintar os pixels Verifica se nenhuma outra cor da paleta tem a `classe` `selected`",
              "timedOut": null,
              "duration": 1271,
              "state": "passed",
              "speed": "slow",
              "pass": true,
              "fail": false,
              "pending": false,
              "context": null,
              "code": "cy.get('.color:not(:first-child)').each(function (color) {\n  cy.wrap(color).should('not.have.class', 'selected');\n});",
              "err": {},
              "uuid": "7c4f4e2b-6848-4da2-ab69-88111c55247e",
              "parentUUID": "ebc394f3-7242-4254-8faa-4c08ac909ad7",
              "isHook": false,
              "skipped": false
            }
          ],
          "suites": [],
          "passes": [
            "7c4f4e2b-6848-4da2-ab69-88111c55247e"
          ],
          "failures": [
            "9fae35bd-52d6-4216-a9f2-ec54bfc9456a"
          ],
          "pending": [],
          "skipped": [],
          "duration": 6702,
          "root": false,
          "rootEmpty": false,
          "_timeout": 2000
        },
        {
          "uuid": "8fc9c26f-02d9-466c-9d5c-9e243172bda3",
          "title": "7 - Clicar em uma das cores da paleta, faz com que ela seja selecionada e utilizada para preencher os pixels no quadro.",
          "fullFile": "",
          "file": "",
          "beforeHooks": [],
          "afterHooks": [],
          "tests": [
            {
              "title": "Verifica se somente uma cor da paleta de cores tem a classe `selected` de cada vez",
              "fullTitle": "7 - Clicar em uma das cores da paleta, faz com que ela seja selecionada e utilizada para preencher os pixels no quadro. Verifica se somente uma cor da paleta de cores tem a classe `selected` de cada vez",
              "timedOut": null,
              "duration": 1606,
              "state": "passed",
              "speed": "slow",
              "pass": true,
              "fail": false,
              "pending": false,
              "context": null,
              "code": "cy.get('.color').each(function (selectedColor, selectedColorIndex) {\n  cy.wrap(selectedColor).click();\n  cy.get('.color').each(function (color, colorIndex) {\n    if (colorIndex === selectedColorIndex) {\n      expect(color).to.have[\"class\"]('selected');\n    } else {\n      expect(color).not.to.have[\"class\"]('selected');\n    }\n  });\n});",
              "err": {},
              "uuid": "289ef467-95c7-45bd-b263-b45de63cadc8",
              "parentUUID": "8fc9c26f-02d9-466c-9d5c-9e243172bda3",
              "isHook": false,
              "skipped": false
            },
            {
              "title": "Verifica se os pixels dentro do quadro não têm a classe `selected` quando são clicados",
              "fullTitle": "7 - Clicar em uma das cores da paleta, faz com que ela seja selecionada e utilizada para preencher os pixels no quadro. Verifica se os pixels dentro do quadro não têm a classe `selected` quando são clicados",
              "timedOut": null,
              "duration": 14999,
              "state": "passed",
              "speed": "slow",
              "pass": true,
              "fail": false,
              "pending": false,
              "context": null,
              "code": "cy.get('.color').each(function (color) {\n  var backgroundColor = color.css('background-color');\n  cy.wrap(color).click();\n  cy.get('.pixel').each(function (pixel) {\n    cy.wrap(pixel).click().should('not.have.class', 'selected');\n  });\n});",
              "err": {},
              "uuid": "c01f2220-e781-4fd2-bf60-d812f5a56c65",
              "parentUUID": "8fc9c26f-02d9-466c-9d5c-9e243172bda3",
              "isHook": false,
              "skipped": false
            }
          ],
          "suites": [],
          "passes": [
            "289ef467-95c7-45bd-b263-b45de63cadc8",
            "c01f2220-e781-4fd2-bf60-d812f5a56c65"
          ],
          "failures": [],
          "pending": [],
          "skipped": [],
          "duration": 16605,
          "root": false,
          "rootEmpty": false,
          "_timeout": 2000
        },
        {
          "uuid": "2e81c58e-3360-4dd6-ae48-c8118ce8799c",
          "title": "8 - Clicar em um pixel dentro do quadro após selecionar uma cor na paleta, faz com que o pixel seja preenchido com a cor selecionada.",
          "fullFile": "",
          "file": "",
          "beforeHooks": [],
          "afterHooks": [],
          "tests": [
            {
              "title": "Verifica se ao carregar a página deve ser possível pintar os pixels de preto",
              "fullTitle": "8 - Clicar em um pixel dentro do quadro após selecionar uma cor na paleta, faz com que o pixel seja preenchido com a cor selecionada. Verifica se ao carregar a página deve ser possível pintar os pixels de preto",
              "timedOut": null,
              "duration": 5733,
              "state": "failed",
              "speed": null,
              "pass": false,
              "fail": true,
              "pending": false,
              "context": null,
              "code": "cy.get('.pixel').each(function (pixel) {\n  cy.wrap(pixel).click().should('have.css', 'background-color', BLACK);\n});",
              "err": {
                "message": "CypressError: Timed out retrying: expected '<div.pixel>' to have CSS property 'background-color' with the value 'rgb(0, 0, 0)', but the value was 'rgb(255, 255, 255)'",
                "estack": "CypressError: Timed out retrying: expected '<div.pixel>' to have CSS property 'background-color' with the value 'rgb(0, 0, 0)', but the value was 'rgb(255, 255, 255)'\n    at cypressErr (http://localhost:42079/__cypress/runner/cypress_runner.js:149934:9)\n    at throwErr (http://localhost:42079/__cypress/runner/cypress_runner.js:149867:11)\n    at Object.throwErrByPath (http://localhost:42079/__cypress/runner/cypress_runner.js:149915:3)\n    at retry (http://localhost:42079/__cypress/runner/cypress_runner.js:144197:19)\n    at onFailFn (http://localhost:42079/__cypress/runner/cypress_runner.js:132448:16)\n    at tryCatcher (http://localhost:42079/__cypress/runner/cypress_runner.js:167415:23)\n    at Promise._settlePromiseFromHandler (http://localhost:42079/__cypress/runner/cypress_runner.js:165351:31)\n    at Promise._settlePromise (http://localhost:42079/__cypress/runner/cypress_runner.js:165408:18)\n    at Promise._settlePromise0 (http://localhost:42079/__cypress/runner/cypress_runner.js:165453:10)\n    at Promise._settlePromises (http://localhost:42079/__cypress/runner/cypress_runner.js:165528:18)\n    at Async../node_modules/bluebird/js/release/async.js.Async._drainQueue (http://localhost:42079/__cypress/runner/cypress_runner.js:162140:16)\n    at Async../node_modules/bluebird/js/release/async.js.Async._drainQueues (http://localhost:42079/__cypress/runner/cypress_runner.js:162150:10)\n    at Async.drainQueues (http://localhost:42079/__cypress/runner/cypress_runner.js:162024:14)",
                "diff": null
              },
              "uuid": "cc3471f5-47ca-4e34-87f0-28a7b93919f8",
              "parentUUID": "2e81c58e-3360-4dd6-ae48-c8118ce8799c",
              "isHook": false,
              "skipped": false
            },
            {
              "title": "Verifica se após selecionar uma outra cor na paleta, é possível pintar os pixels com essa cor",
              "fullTitle": "8 - Clicar em um pixel dentro do quadro após selecionar uma cor na paleta, faz com que o pixel seja preenchido com a cor selecionada. Verifica se após selecionar uma outra cor na paleta, é possível pintar os pixels com essa cor",
              "timedOut": null,
              "duration": 5935,
              "state": "failed",
              "speed": null,
              "pass": false,
              "fail": true,
              "pending": false,
              "context": null,
              "code": "cy.get('.color').each(function (color) {\n  var backgroundColor = color.css('background-color');\n  cy.wrap(color).click();\n  cy.get('.pixel').each(function (pixel) {\n    cy.wrap(pixel).click().should('have.css', 'background-color', backgroundColor);\n  });\n});",
              "err": {
                "message": "CypressError: Timed out retrying: expected '<div.pixel>' to have CSS property 'background-color' with the value 'rgb(0, 0, 0)', but the value was 'rgb(255, 255, 255)'",
                "estack": "CypressError: Timed out retrying: expected '<div.pixel>' to have CSS property 'background-color' with the value 'rgb(0, 0, 0)', but the value was 'rgb(255, 255, 255)'\n    at cypressErr (http://localhost:42079/__cypress/runner/cypress_runner.js:149934:9)\n    at throwErr (http://localhost:42079/__cypress/runner/cypress_runner.js:149867:11)\n    at Object.throwErrByPath (http://localhost:42079/__cypress/runner/cypress_runner.js:149915:3)\n    at retry (http://localhost:42079/__cypress/runner/cypress_runner.js:144197:19)\n    at onFailFn (http://localhost:42079/__cypress/runner/cypress_runner.js:132448:16)\n    at tryCatcher (http://localhost:42079/__cypress/runner/cypress_runner.js:167415:23)\n    at Promise._settlePromiseFromHandler (http://localhost:42079/__cypress/runner/cypress_runner.js:165351:31)\n    at Promise._settlePromise (http://localhost:42079/__cypress/runner/cypress_runner.js:165408:18)\n    at Promise._settlePromise0 (http://localhost:42079/__cypress/runner/cypress_runner.js:165453:10)\n    at Promise._settlePromises (http://localhost:42079/__cypress/runner/cypress_runner.js:165528:18)\n    at Async../node_modules/bluebird/js/release/async.js.Async._drainQueue (http://localhost:42079/__cypress/runner/cypress_runner.js:162140:16)\n    at Async../node_modules/bluebird/js/release/async.js.Async._drainQueues (http://localhost:42079/__cypress/runner/cypress_runner.js:162150:10)\n    at Async.drainQueues (http://localhost:42079/__cypress/runner/cypress_runner.js:162024:14)",
                "diff": null
              },
              "uuid": "551fc534-4272-4f7c-8f8c-001ff436f47c",
              "parentUUID": "2e81c58e-3360-4dd6-ae48-c8118ce8799c",
              "isHook": false,
              "skipped": false
            },
            {
              "title": "Verifica se somente o pixel que foi clicado foi preenchido com a cor selecionada, sem influenciar na cor dos demais pixels.",
              "fullTitle": "8 - Clicar em um pixel dentro do quadro após selecionar uma cor na paleta, faz com que o pixel seja preenchido com a cor selecionada. Verifica se somente o pixel que foi clicado foi preenchido com a cor selecionada, sem influenciar na cor dos demais pixels.",
              "timedOut": null,
              "duration": 7403,
              "state": "passed",
              "speed": "slow",
              "pass": true,
              "fail": false,
              "pending": false,
              "context": null,
              "code": "var colorToPixelIndexMap = {\n  0: 6,\n  1: 8,\n  2: 16,\n  3: 18\n};\ncy.get('.color').each(function (color, index) {\n  cy.wrap(color).click();\n  var backgroundColor = color.css('background-color');\n  var clickedPixelIndex = colorToPixelIndexMap[index];\n  cy.get('.pixel').eq(clickedPixelIndex).click();\n  cy.get('.pixel').eq(clickedPixelIndex - 1).should('not.have.css', 'background-color', backgroundColor);\n  cy.get('.pixel').eq(clickedPixelIndex + 1).should('not.have.css', 'background-color', backgroundColor);\n  cy.get('.pixel').eq(clickedPixelIndex - 5).should('not.have.css', 'background-color', backgroundColor);\n  cy.get('.pixel').eq(clickedPixelIndex + 5).should('not.have.css', 'background-color', backgroundColor);\n  cy.get('.pixel').eq(clickedPixelIndex - 6).should('not.have.css', 'background-color', backgroundColor);\n  cy.get('.pixel').eq(clickedPixelIndex - 4).should('not.have.css', 'background-color', backgroundColor);\n  cy.get('.pixel').eq(clickedPixelIndex + 4).should('not.have.css', 'background-color', backgroundColor);\n  cy.get('.pixel').eq(clickedPixelIndex + 6).should('not.have.css', 'background-color', backgroundColor);\n});",
              "err": {},
              "uuid": "29c39f5b-c816-4bc7-9421-52e37920d505",
              "parentUUID": "2e81c58e-3360-4dd6-ae48-c8118ce8799c",
              "isHook": false,
              "skipped": false
            }
          ],
          "suites": [],
          "passes": [
            "29c39f5b-c816-4bc7-9421-52e37920d505"
          ],
          "failures": [
            "cc3471f5-47ca-4e34-87f0-28a7b93919f8",
            "551fc534-4272-4f7c-8f8c-001ff436f47c"
          ],
          "pending": [],
          "skipped": [],
          "duration": 19071,
          "root": false,
          "rootEmpty": false,
          "_timeout": 2000
        },
        {
          "uuid": "26a18872-0361-4177-911d-c30eb4897243",
          "title": "9 - Crie um botão que, ao ser clicado, limpa o quadro preenchendo a cor de todos seus pixels com branco.",
          "fullFile": "",
          "file": "",
          "beforeHooks": [],
          "afterHooks": [],
          "tests": [
            {
              "title": "Verifica se o botão tem o `id` denominado `clear-board`",
              "fullTitle": "9 - Crie um botão que, ao ser clicado, limpa o quadro preenchendo a cor de todos seus pixels com branco. Verifica se o botão tem o `id` denominado `clear-board`",
              "timedOut": null,
              "duration": 6162,
              "state": "failed",
              "speed": null,
              "pass": false,
              "fail": true,
              "pending": false,
              "context": null,
              "code": "cy.get('#clear-board').should('be.visible');",
              "err": {
                "message": "CypressError: Timed out retrying: Expected to find element: '#clear-board', but never found it.",
                "estack": "CypressError: Timed out retrying: Expected to find element: '#clear-board', but never found it.\n    at cypressErr (http://localhost:42079/__cypress/runner/cypress_runner.js:149934:9)\n    at throwErr (http://localhost:42079/__cypress/runner/cypress_runner.js:149867:11)\n    at Object.throwErrByPath (http://localhost:42079/__cypress/runner/cypress_runner.js:149915:3)\n    at retry (http://localhost:42079/__cypress/runner/cypress_runner.js:144197:19)\n    at onFailFn (http://localhost:42079/__cypress/runner/cypress_runner.js:132448:16)\n    at tryCatcher (http://localhost:42079/__cypress/runner/cypress_runner.js:167415:23)\n    at Promise._settlePromiseFromHandler (http://localhost:42079/__cypress/runner/cypress_runner.js:165351:31)\n    at Promise._settlePromise (http://localhost:42079/__cypress/runner/cypress_runner.js:165408:18)\n    at Promise._settlePromise0 (http://localhost:42079/__cypress/runner/cypress_runner.js:165453:10)\n    at Promise._settlePromises (http://localhost:42079/__cypress/runner/cypress_runner.js:165528:18)\n    at Async../node_modules/bluebird/js/release/async.js.Async._drainQueue (http://localhost:42079/__cypress/runner/cypress_runner.js:162140:16)\n    at Async../node_modules/bluebird/js/release/async.js.Async._drainQueues (http://localhost:42079/__cypress/runner/cypress_runner.js:162150:10)\n    at Async.drainQueues (http://localhost:42079/__cypress/runner/cypress_runner.js:162024:14)",
                "diff": null
              },
              "uuid": "e0513c30-95b3-4dc4-9b3f-75f213cce987",
              "parentUUID": "26a18872-0361-4177-911d-c30eb4897243",
              "isHook": false,
              "skipped": false
            },
            {
              "title": "Verifica se o botão está posicionado entre a paleta de cores e o quadro de pixels",
              "fullTitle": "9 - Crie um botão que, ao ser clicado, limpa o quadro preenchendo a cor de todos seus pixels com branco. Verifica se o botão está posicionado entre a paleta de cores e o quadro de pixels",
              "timedOut": null,
              "duration": 5960,
              "state": "failed",
              "speed": null,
              "pass": false,
              "fail": true,
              "pending": false,
              "context": null,
              "code": "cy.get('#color-palette').then(function (palette) {\n  cy.get('#clear-board').should('be.belowOf', palette);\n});\ncy.get('#clear-board').then(function (clearBtn) {\n  cy.get('#pixel-board').should('be.belowOf', clearBtn);\n});",
              "err": {
                "message": "CypressError: Timed out retrying: Expected to find element: '#clear-board', but never found it.",
                "estack": "CypressError: Timed out retrying: Expected to find element: '#clear-board', but never found it.\n    at cypressErr (http://localhost:42079/__cypress/runner/cypress_runner.js:149934:9)\n    at throwErr (http://localhost:42079/__cypress/runner/cypress_runner.js:149867:11)\n    at Object.throwErrByPath (http://localhost:42079/__cypress/runner/cypress_runner.js:149915:3)\n    at retry (http://localhost:42079/__cypress/runner/cypress_runner.js:144197:19)\n    at onFailFn (http://localhost:42079/__cypress/runner/cypress_runner.js:132448:16)\n    at tryCatcher (http://localhost:42079/__cypress/runner/cypress_runner.js:167415:23)\n    at Promise._settlePromiseFromHandler (http://localhost:42079/__cypress/runner/cypress_runner.js:165351:31)\n    at Promise._settlePromise (http://localhost:42079/__cypress/runner/cypress_runner.js:165408:18)\n    at Promise._settlePromise0 (http://localhost:42079/__cypress/runner/cypress_runner.js:165453:10)\n    at Promise._settlePromises (http://localhost:42079/__cypress/runner/cypress_runner.js:165528:18)\n    at Async../node_modules/bluebird/js/release/async.js.Async._drainQueue (http://localhost:42079/__cypress/runner/cypress_runner.js:162140:16)\n    at Async../node_modules/bluebird/js/release/async.js.Async._drainQueues (http://localhost:42079/__cypress/runner/cypress_runner.js:162150:10)\n    at Async.drainQueues (http://localhost:42079/__cypress/runner/cypress_runner.js:162024:14)",
                "diff": null
              },
              "uuid": "eb5159c5-82dd-408f-b2f6-ea27da7c6e1c",
              "parentUUID": "26a18872-0361-4177-911d-c30eb4897243",
              "isHook": false,
              "skipped": false
            },
            {
              "title": "Verifica se o texto do botão é 'Limpar'",
              "fullTitle": "9 - Crie um botão que, ao ser clicado, limpa o quadro preenchendo a cor de todos seus pixels com branco. Verifica se o texto do botão é 'Limpar'",
              "timedOut": null,
              "duration": 6236,
              "state": "failed",
              "speed": null,
              "pass": false,
              "fail": true,
              "pending": false,
              "context": null,
              "code": "cy.get('#clear-board').should('contain.text', 'Limpar');",
              "err": {
                "message": "CypressError: Timed out retrying: Expected to find element: '#clear-board', but never found it.",
                "estack": "CypressError: Timed out retrying: Expected to find element: '#clear-board', but never found it.\n    at cypressErr (http://localhost:42079/__cypress/runner/cypress_runner.js:149934:9)\n    at throwErr (http://localhost:42079/__cypress/runner/cypress_runner.js:149867:11)\n    at Object.throwErrByPath (http://localhost:42079/__cypress/runner/cypress_runner.js:149915:3)\n    at retry (http://localhost:42079/__cypress/runner/cypress_runner.js:144197:19)\n    at onFailFn (http://localhost:42079/__cypress/runner/cypress_runner.js:132448:16)\n    at tryCatcher (http://localhost:42079/__cypress/runner/cypress_runner.js:167415:23)\n    at Promise._settlePromiseFromHandler (http://localhost:42079/__cypress/runner/cypress_runner.js:165351:31)\n    at Promise._settlePromise (http://localhost:42079/__cypress/runner/cypress_runner.js:165408:18)\n    at Promise._settlePromise0 (http://localhost:42079/__cypress/runner/cypress_runner.js:165453:10)\n    at Promise._settlePromises (http://localhost:42079/__cypress/runner/cypress_runner.js:165528:18)\n    at Async../node_modules/bluebird/js/release/async.js.Async._drainQueue (http://localhost:42079/__cypress/runner/cypress_runner.js:162140:16)\n    at Async../node_modules/bluebird/js/release/async.js.Async._drainQueues (http://localhost:42079/__cypress/runner/cypress_runner.js:162150:10)\n    at Async.drainQueues (http://localhost:42079/__cypress/runner/cypress_runner.js:162024:14)",
                "diff": null
              },
              "uuid": "72528f10-37a0-406e-8d6f-535eb967b421",
              "parentUUID": "26a18872-0361-4177-911d-c30eb4897243",
              "isHook": false,
              "skipped": false
            },
            {
              "title": "Verifica se ao clicar no botão, o quadro de pixels é totalmente preenchido de branco",
              "fullTitle": "9 - Crie um botão que, ao ser clicado, limpa o quadro preenchendo a cor de todos seus pixels com branco. Verifica se ao clicar no botão, o quadro de pixels é totalmente preenchido de branco",
              "timedOut": null,
              "duration": 8284,
              "state": "failed",
              "speed": null,
              "pass": false,
              "fail": true,
              "pending": false,
              "context": null,
              "code": "cy.get('.color').eq(1).then(function (color) {\n  var backgroundColor = color.css('background-color');\n  cy.wrap(color).click();\n  cy.get('.pixel').each(function (pixel) {\n    cy.wrap(pixel).click().should('have.css', 'background-color', backgroundColor);\n  });\n});\ncy.get('#clear-board').click();\ncy.get('.pixel').each(function (pixel) {\n  cy.wrap(pixel).should('have.css', 'background-color', WHITE);\n});",
              "err": {
                "message": "CypressError: Timed out retrying: expected '<div.pixel>' to have CSS property 'background-color' with the value 'rgb(0, 128, 0)', but the value was 'rgb(255, 255, 255)'",
                "estack": "CypressError: Timed out retrying: expected '<div.pixel>' to have CSS property 'background-color' with the value 'rgb(0, 128, 0)', but the value was 'rgb(255, 255, 255)'\n    at cypressErr (http://localhost:42079/__cypress/runner/cypress_runner.js:149934:9)\n    at throwErr (http://localhost:42079/__cypress/runner/cypress_runner.js:149867:11)\n    at Object.throwErrByPath (http://localhost:42079/__cypress/runner/cypress_runner.js:149915:3)\n    at retry (http://localhost:42079/__cypress/runner/cypress_runner.js:144197:19)\n    at onFailFn (http://localhost:42079/__cypress/runner/cypress_runner.js:132448:16)\n    at tryCatcher (http://localhost:42079/__cypress/runner/cypress_runner.js:167415:23)\n    at Promise._settlePromiseFromHandler (http://localhost:42079/__cypress/runner/cypress_runner.js:165351:31)\n    at Promise._settlePromise (http://localhost:42079/__cypress/runner/cypress_runner.js:165408:18)\n    at Promise._settlePromise0 (http://localhost:42079/__cypress/runner/cypress_runner.js:165453:10)\n    at Promise._settlePromises (http://localhost:42079/__cypress/runner/cypress_runner.js:165528:18)\n    at Async../node_modules/bluebird/js/release/async.js.Async._drainQueue (http://localhost:42079/__cypress/runner/cypress_runner.js:162140:16)\n    at Async../node_modules/bluebird/js/release/async.js.Async._drainQueues (http://localhost:42079/__cypress/runner/cypress_runner.js:162150:10)\n    at Async.drainQueues (http://localhost:42079/__cypress/runner/cypress_runner.js:162024:14)",
                "diff": null
              },
              "uuid": "247b6d64-ac79-4522-991d-a309ee0ae19a",
              "parentUUID": "26a18872-0361-4177-911d-c30eb4897243",
              "isHook": false,
              "skipped": false
            }
          ],
          "suites": [],
          "passes": [],
          "failures": [
            "e0513c30-95b3-4dc4-9b3f-75f213cce987",
            "eb5159c5-82dd-408f-b2f6-ea27da7c6e1c",
            "72528f10-37a0-406e-8d6f-535eb967b421",
            "247b6d64-ac79-4522-991d-a309ee0ae19a"
          ],
          "pending": [],
          "skipped": [],
          "duration": 26642,
          "root": false,
          "rootEmpty": false,
          "_timeout": 2000
        },
        {
          "uuid": "93ab8239-88dc-45fc-b648-ea0b6350603b",
          "title": "10 - Faça o quadro de pixels ter seu tamanho definido pelo usuário.",
          "fullFile": "",
          "file": "",
          "beforeHooks": [],
          "afterHooks": [],
          "tests": [
            {
              "title": "Verifica se existe um input com o id `board-size`",
              "fullTitle": "10 - Faça o quadro de pixels ter seu tamanho definido pelo usuário. Verifica se existe um input com o id `board-size`",
              "timedOut": null,
              "duration": 6266,
              "state": "failed",
              "speed": null,
              "pass": false,
              "fail": true,
              "pending": false,
              "context": null,
              "code": "cy.get('#board-size').should('be.visible');",
              "err": {
                "message": "CypressError: Timed out retrying: Expected to find element: '#board-size', but never found it.",
                "estack": "CypressError: Timed out retrying: Expected to find element: '#board-size', but never found it.\n    at cypressErr (http://localhost:42079/__cypress/runner/cypress_runner.js:149934:9)\n    at throwErr (http://localhost:42079/__cypress/runner/cypress_runner.js:149867:11)\n    at Object.throwErrByPath (http://localhost:42079/__cypress/runner/cypress_runner.js:149915:3)\n    at retry (http://localhost:42079/__cypress/runner/cypress_runner.js:144197:19)\n    at onFailFn (http://localhost:42079/__cypress/runner/cypress_runner.js:132448:16)\n    at tryCatcher (http://localhost:42079/__cypress/runner/cypress_runner.js:167415:23)\n    at Promise._settlePromiseFromHandler (http://localhost:42079/__cypress/runner/cypress_runner.js:165351:31)\n    at Promise._settlePromise (http://localhost:42079/__cypress/runner/cypress_runner.js:165408:18)\n    at Promise._settlePromise0 (http://localhost:42079/__cypress/runner/cypress_runner.js:165453:10)\n    at Promise._settlePromises (http://localhost:42079/__cypress/runner/cypress_runner.js:165528:18)\n    at Async../node_modules/bluebird/js/release/async.js.Async._drainQueue (http://localhost:42079/__cypress/runner/cypress_runner.js:162140:16)\n    at Async../node_modules/bluebird/js/release/async.js.Async._drainQueues (http://localhost:42079/__cypress/runner/cypress_runner.js:162150:10)\n    at Async.drainQueues (http://localhost:42079/__cypress/runner/cypress_runner.js:162024:14)",
                "diff": null
              },
              "uuid": "fb0da763-bc0e-4fad-9c94-9ce3c4d0b046",
              "parentUUID": "93ab8239-88dc-45fc-b648-ea0b6350603b",
              "isHook": false,
              "skipped": false
            },
            {
              "title": "Verifica se existe um botão com o id `generate-board`",
              "fullTitle": "10 - Faça o quadro de pixels ter seu tamanho definido pelo usuário. Verifica se existe um botão com o id `generate-board`",
              "timedOut": null,
              "duration": 6199,
              "state": "failed",
              "speed": null,
              "pass": false,
              "fail": true,
              "pending": false,
              "context": null,
              "code": "cy.get('#generate-board').should('be.visible');",
              "err": {
                "message": "CypressError: Timed out retrying: Expected to find element: '#generate-board', but never found it.",
                "estack": "CypressError: Timed out retrying: Expected to find element: '#generate-board', but never found it.\n    at cypressErr (http://localhost:42079/__cypress/runner/cypress_runner.js:149934:9)\n    at throwErr (http://localhost:42079/__cypress/runner/cypress_runner.js:149867:11)\n    at Object.throwErrByPath (http://localhost:42079/__cypress/runner/cypress_runner.js:149915:3)\n    at retry (http://localhost:42079/__cypress/runner/cypress_runner.js:144197:19)\n    at onFailFn (http://localhost:42079/__cypress/runner/cypress_runner.js:132448:16)\n    at tryCatcher (http://localhost:42079/__cypress/runner/cypress_runner.js:167415:23)\n    at Promise._settlePromiseFromHandler (http://localhost:42079/__cypress/runner/cypress_runner.js:165351:31)\n    at Promise._settlePromise (http://localhost:42079/__cypress/runner/cypress_runner.js:165408:18)\n    at Promise._settlePromise0 (http://localhost:42079/__cypress/runner/cypress_runner.js:165453:10)\n    at Promise._settlePromises (http://localhost:42079/__cypress/runner/cypress_runner.js:165528:18)\n    at Async../node_modules/bluebird/js/release/async.js.Async._drainQueue (http://localhost:42079/__cypress/runner/cypress_runner.js:162140:16)\n    at Async../node_modules/bluebird/js/release/async.js.Async._drainQueues (http://localhost:42079/__cypress/runner/cypress_runner.js:162150:10)\n    at Async.drainQueues (http://localhost:42079/__cypress/runner/cypress_runner.js:162024:14)",
                "diff": null
              },
              "uuid": "4b35f4d4-9892-4c0d-8c6a-40dd57b96e6d",
              "parentUUID": "93ab8239-88dc-45fc-b648-ea0b6350603b",
              "isHook": false,
              "skipped": false
            },
            {
              "title": "Verifica se o input só aceita número maiores que zero. Essa restrição deve ser feita usando os atributos do elemento `input`",
              "fullTitle": "10 - Faça o quadro de pixels ter seu tamanho definido pelo usuário. Verifica se o input só aceita número maiores que zero. Essa restrição deve ser feita usando os atributos do elemento `input`",
              "timedOut": null,
              "duration": 6238,
              "state": "failed",
              "speed": null,
              "pass": false,
              "fail": true,
              "pending": false,
              "context": null,
              "code": "cy.get('#board-size[type=\\'number\\'][min=\\'1\\']');",
              "err": {
                "message": "CypressError: Timed out retrying: Expected to find element: '#board-size[type='number'][min='1']', but never found it.",
                "estack": "CypressError: Timed out retrying: Expected to find element: '#board-size[type='number'][min='1']', but never found it.\n    at cypressErr (http://localhost:42079/__cypress/runner/cypress_runner.js:149934:9)\n    at throwErr (http://localhost:42079/__cypress/runner/cypress_runner.js:149867:11)\n    at Object.throwErrByPath (http://localhost:42079/__cypress/runner/cypress_runner.js:149915:3)\n    at retry (http://localhost:42079/__cypress/runner/cypress_runner.js:144197:19)\n    at onFailFn (http://localhost:42079/__cypress/runner/cypress_runner.js:132448:16)\n    at tryCatcher (http://localhost:42079/__cypress/runner/cypress_runner.js:167415:23)\n    at Promise._settlePromiseFromHandler (http://localhost:42079/__cypress/runner/cypress_runner.js:165351:31)\n    at Promise._settlePromise (http://localhost:42079/__cypress/runner/cypress_runner.js:165408:18)\n    at Promise._settlePromise0 (http://localhost:42079/__cypress/runner/cypress_runner.js:165453:10)\n    at Promise._settlePromises (http://localhost:42079/__cypress/runner/cypress_runner.js:165528:18)\n    at Async../node_modules/bluebird/js/release/async.js.Async._drainQueue (http://localhost:42079/__cypress/runner/cypress_runner.js:162140:16)\n    at Async../node_modules/bluebird/js/release/async.js.Async._drainQueues (http://localhost:42079/__cypress/runner/cypress_runner.js:162150:10)\n    at Async.drainQueues (http://localhost:42079/__cypress/runner/cypress_runner.js:162024:14)",
                "diff": null
              },
              "uuid": "d7ea4c15-622a-47f2-972c-77258adb6da4",
              "parentUUID": "93ab8239-88dc-45fc-b648-ea0b6350603b",
              "isHook": false,
              "skipped": false
            },
            {
              "title": "Verifica se o botão contém o texto 'VQV'",
              "fullTitle": "10 - Faça o quadro de pixels ter seu tamanho definido pelo usuário. Verifica se o botão contém o texto 'VQV'",
              "timedOut": null,
              "duration": 6257,
              "state": "failed",
              "speed": null,
              "pass": false,
              "fail": true,
              "pending": false,
              "context": null,
              "code": "cy.get('#generate-board').contains(/vqv/i);",
              "err": {
                "message": "CypressError: Timed out retrying: Expected to find element: '#generate-board', but never found it.",
                "estack": "CypressError: Timed out retrying: Expected to find element: '#generate-board', but never found it.\n    at cypressErr (http://localhost:42079/__cypress/runner/cypress_runner.js:149934:9)\n    at throwErr (http://localhost:42079/__cypress/runner/cypress_runner.js:149867:11)\n    at Object.throwErrByPath (http://localhost:42079/__cypress/runner/cypress_runner.js:149915:3)\n    at retry (http://localhost:42079/__cypress/runner/cypress_runner.js:144197:19)\n    at onFailFn (http://localhost:42079/__cypress/runner/cypress_runner.js:132448:16)\n    at tryCatcher (http://localhost:42079/__cypress/runner/cypress_runner.js:167415:23)\n    at Promise._settlePromiseFromHandler (http://localhost:42079/__cypress/runner/cypress_runner.js:165351:31)\n    at Promise._settlePromise (http://localhost:42079/__cypress/runner/cypress_runner.js:165408:18)\n    at Promise._settlePromise0 (http://localhost:42079/__cypress/runner/cypress_runner.js:165453:10)\n    at Promise._settlePromises (http://localhost:42079/__cypress/runner/cypress_runner.js:165528:18)\n    at Async../node_modules/bluebird/js/release/async.js.Async._drainQueue (http://localhost:42079/__cypress/runner/cypress_runner.js:162140:16)\n    at Async../node_modules/bluebird/js/release/async.js.Async._drainQueues (http://localhost:42079/__cypress/runner/cypress_runner.js:162150:10)\n    at Async.drainQueues (http://localhost:42079/__cypress/runner/cypress_runner.js:162024:14)",
                "diff": null
              },
              "uuid": "42e23d6e-5e22-4609-a364-9fb6423ea2a7",
              "parentUUID": "93ab8239-88dc-45fc-b648-ea0b6350603b",
              "isHook": false,
              "skipped": false
            },
            {
              "title": "Verifica se o input está posicionado entre a paleta de cores e o quadro de pixels",
              "fullTitle": "10 - Faça o quadro de pixels ter seu tamanho definido pelo usuário. Verifica se o input está posicionado entre a paleta de cores e o quadro de pixels",
              "timedOut": null,
              "duration": 6050,
              "state": "failed",
              "speed": null,
              "pass": false,
              "fail": true,
              "pending": false,
              "context": null,
              "code": "cy.get('#color-palette').then(function (palette) {\n  cy.get('#board-size').should('be.belowOf', palette);\n});\ncy.get('#board-size').then(function (palette) {\n  cy.get('#pixel-board').should('be.belowOf', palette);\n});",
              "err": {
                "message": "CypressError: Timed out retrying: Expected to find element: '#board-size', but never found it.",
                "estack": "CypressError: Timed out retrying: Expected to find element: '#board-size', but never found it.\n    at cypressErr (http://localhost:42079/__cypress/runner/cypress_runner.js:149934:9)\n    at throwErr (http://localhost:42079/__cypress/runner/cypress_runner.js:149867:11)\n    at Object.throwErrByPath (http://localhost:42079/__cypress/runner/cypress_runner.js:149915:3)\n    at retry (http://localhost:42079/__cypress/runner/cypress_runner.js:144197:19)\n    at onFailFn (http://localhost:42079/__cypress/runner/cypress_runner.js:132448:16)\n    at tryCatcher (http://localhost:42079/__cypress/runner/cypress_runner.js:167415:23)\n    at Promise._settlePromiseFromHandler (http://localhost:42079/__cypress/runner/cypress_runner.js:165351:31)\n    at Promise._settlePromise (http://localhost:42079/__cypress/runner/cypress_runner.js:165408:18)\n    at Promise._settlePromise0 (http://localhost:42079/__cypress/runner/cypress_runner.js:165453:10)\n    at Promise._settlePromises (http://localhost:42079/__cypress/runner/cypress_runner.js:165528:18)\n    at Async../node_modules/bluebird/js/release/async.js.Async._drainQueue (http://localhost:42079/__cypress/runner/cypress_runner.js:162140:16)\n    at Async../node_modules/bluebird/js/release/async.js.Async._drainQueues (http://localhost:42079/__cypress/runner/cypress_runner.js:162150:10)\n    at Async.drainQueues (http://localhost:42079/__cypress/runner/cypress_runner.js:162024:14)",
                "diff": null
              },
              "uuid": "cb0ee5b9-8d43-49e6-b820-1500391a612a",
              "parentUUID": "93ab8239-88dc-45fc-b648-ea0b6350603b",
              "isHook": false,
              "skipped": false
            },
            {
              "title": "Verifica se o botão está posicionado ao lado do input",
              "fullTitle": "10 - Faça o quadro de pixels ter seu tamanho definido pelo usuário. Verifica se o botão está posicionado ao lado do input",
              "timedOut": null,
              "duration": 5643,
              "state": "failed",
              "speed": null,
              "pass": false,
              "fail": true,
              "pending": false,
              "context": null,
              "code": "cy.get('#board-size').then(function (board) {\n  cy.get('#generate-board').should('be.onTheRightOf', board);\n});",
              "err": {
                "message": "CypressError: Timed out retrying: Expected to find element: '#board-size', but never found it.",
                "estack": "CypressError: Timed out retrying: Expected to find element: '#board-size', but never found it.\n    at cypressErr (http://localhost:42079/__cypress/runner/cypress_runner.js:149934:9)\n    at throwErr (http://localhost:42079/__cypress/runner/cypress_runner.js:149867:11)\n    at Object.throwErrByPath (http://localhost:42079/__cypress/runner/cypress_runner.js:149915:3)\n    at retry (http://localhost:42079/__cypress/runner/cypress_runner.js:144197:19)\n    at onFailFn (http://localhost:42079/__cypress/runner/cypress_runner.js:132448:16)\n    at tryCatcher (http://localhost:42079/__cypress/runner/cypress_runner.js:167415:23)\n    at Promise._settlePromiseFromHandler (http://localhost:42079/__cypress/runner/cypress_runner.js:165351:31)\n    at Promise._settlePromise (http://localhost:42079/__cypress/runner/cypress_runner.js:165408:18)\n    at Promise._settlePromise0 (http://localhost:42079/__cypress/runner/cypress_runner.js:165453:10)\n    at Promise._settlePromises (http://localhost:42079/__cypress/runner/cypress_runner.js:165528:18)\n    at Async../node_modules/bluebird/js/release/async.js.Async._drainQueue (http://localhost:42079/__cypress/runner/cypress_runner.js:162140:16)\n    at Async../node_modules/bluebird/js/release/async.js.Async._drainQueues (http://localhost:42079/__cypress/runner/cypress_runner.js:162150:10)\n    at Async.drainQueues (http://localhost:42079/__cypress/runner/cypress_runner.js:162024:14)",
                "diff": null
              },
              "uuid": "7a87acbe-1fff-4055-ac23-25ea53c81493",
              "parentUUID": "93ab8239-88dc-45fc-b648-ea0b6350603b",
              "isHook": false,
              "skipped": false
            },
            {
              "title": "Verifica se nenhum valor for colocado no input ao clicar no botão, um `alert` é exibido com o texto: 'Board inválido!'",
              "fullTitle": "10 - Faça o quadro de pixels ter seu tamanho definido pelo usuário. Verifica se nenhum valor for colocado no input ao clicar no botão, um `alert` é exibido com o texto: 'Board inválido!'",
              "timedOut": null,
              "duration": 5790,
              "state": "failed",
              "speed": null,
              "pass": false,
              "fail": true,
              "pending": false,
              "context": null,
              "code": "var alerted = false;\ncy.on('window:alert', function (msg) {\n  return alerted = msg;\n});\ncy.get('#generate-board').click().then(function () {\n  return expect(alerted).to.match(/Board inválido!/i);\n});",
              "err": {
                "message": "CypressError: Timed out retrying: Expected to find element: '#generate-board', but never found it.",
                "estack": "CypressError: Timed out retrying: Expected to find element: '#generate-board', but never found it.\n    at cypressErr (http://localhost:42079/__cypress/runner/cypress_runner.js:149934:9)\n    at throwErr (http://localhost:42079/__cypress/runner/cypress_runner.js:149867:11)\n    at Object.throwErrByPath (http://localhost:42079/__cypress/runner/cypress_runner.js:149915:3)\n    at retry (http://localhost:42079/__cypress/runner/cypress_runner.js:144197:19)\n    at onFailFn (http://localhost:42079/__cypress/runner/cypress_runner.js:132448:16)\n    at tryCatcher (http://localhost:42079/__cypress/runner/cypress_runner.js:167415:23)\n    at Promise._settlePromiseFromHandler (http://localhost:42079/__cypress/runner/cypress_runner.js:165351:31)\n    at Promise._settlePromise (http://localhost:42079/__cypress/runner/cypress_runner.js:165408:18)\n    at Promise._settlePromise0 (http://localhost:42079/__cypress/runner/cypress_runner.js:165453:10)\n    at Promise._settlePromises (http://localhost:42079/__cypress/runner/cypress_runner.js:165528:18)\n    at Async../node_modules/bluebird/js/release/async.js.Async._drainQueue (http://localhost:42079/__cypress/runner/cypress_runner.js:162140:16)\n    at Async../node_modules/bluebird/js/release/async.js.Async._drainQueues (http://localhost:42079/__cypress/runner/cypress_runner.js:162150:10)\n    at Async.drainQueues (http://localhost:42079/__cypress/runner/cypress_runner.js:162024:14)",
                "diff": null
              },
              "uuid": "f49ef121-2951-4499-b697-6f39c9225f52",
              "parentUUID": "93ab8239-88dc-45fc-b648-ea0b6350603b",
              "isHook": false,
              "skipped": false
            },
            {
              "title": "Verifica se ao clicar no botão com um valor preenchido, o tamanho do board muda.",
              "fullTitle": "10 - Faça o quadro de pixels ter seu tamanho definido pelo usuário. Verifica se ao clicar no botão com um valor preenchido, o tamanho do board muda.",
              "timedOut": null,
              "duration": 5503,
              "state": "failed",
              "speed": null,
              "pass": false,
              "fail": true,
              "pending": false,
              "context": null,
              "code": "cy.get('#board-size').clear().type(10);\ncy.get('#generate-board').click();\ncy.get('.pixel').should('have.length', 100);",
              "err": {
                "message": "CypressError: Timed out retrying: Expected to find element: '#board-size', but never found it.",
                "estack": "CypressError: Timed out retrying: Expected to find element: '#board-size', but never found it.\n    at cypressErr (http://localhost:42079/__cypress/runner/cypress_runner.js:149934:9)\n    at throwErr (http://localhost:42079/__cypress/runner/cypress_runner.js:149867:11)\n    at Object.throwErrByPath (http://localhost:42079/__cypress/runner/cypress_runner.js:149915:3)\n    at retry (http://localhost:42079/__cypress/runner/cypress_runner.js:144197:19)\n    at onFailFn (http://localhost:42079/__cypress/runner/cypress_runner.js:132448:16)\n    at tryCatcher (http://localhost:42079/__cypress/runner/cypress_runner.js:167415:23)\n    at Promise._settlePromiseFromHandler (http://localhost:42079/__cypress/runner/cypress_runner.js:165351:31)\n    at Promise._settlePromise (http://localhost:42079/__cypress/runner/cypress_runner.js:165408:18)\n    at Promise._settlePromise0 (http://localhost:42079/__cypress/runner/cypress_runner.js:165453:10)\n    at Promise._settlePromises (http://localhost:42079/__cypress/runner/cypress_runner.js:165528:18)\n    at Async../node_modules/bluebird/js/release/async.js.Async._drainQueue (http://localhost:42079/__cypress/runner/cypress_runner.js:162140:16)\n    at Async../node_modules/bluebird/js/release/async.js.Async._drainQueues (http://localhost:42079/__cypress/runner/cypress_runner.js:162150:10)\n    at Async.drainQueues (http://localhost:42079/__cypress/runner/cypress_runner.js:162024:14)",
                "diff": null
              },
              "uuid": "3196026b-85b3-48de-984f-5a15b61aaaba",
              "parentUUID": "93ab8239-88dc-45fc-b648-ea0b6350603b",
              "isHook": false,
              "skipped": false
            },
            {
              "title": "Verifica se o novo quadro tem todos os pixels preenchidos com a cor branca",
              "fullTitle": "10 - Faça o quadro de pixels ter seu tamanho definido pelo usuário. Verifica se o novo quadro tem todos os pixels preenchidos com a cor branca",
              "timedOut": null,
              "duration": 5741,
              "state": "failed",
              "speed": null,
              "pass": false,
              "fail": true,
              "pending": false,
              "context": null,
              "code": "cy.get('#board-size').clear().type(6);\ncy.get('#generate-board').click();\ncy.get('.pixel').should('have.length', 36).each(function (pixel) {\n  expect(pixel).to.have.css('background-color', WHITE);\n});",
              "err": {
                "message": "CypressError: Timed out retrying: Expected to find element: '#board-size', but never found it.",
                "estack": "CypressError: Timed out retrying: Expected to find element: '#board-size', but never found it.\n    at cypressErr (http://localhost:42079/__cypress/runner/cypress_runner.js:149934:9)\n    at throwErr (http://localhost:42079/__cypress/runner/cypress_runner.js:149867:11)\n    at Object.throwErrByPath (http://localhost:42079/__cypress/runner/cypress_runner.js:149915:3)\n    at retry (http://localhost:42079/__cypress/runner/cypress_runner.js:144197:19)\n    at onFailFn (http://localhost:42079/__cypress/runner/cypress_runner.js:132448:16)\n    at tryCatcher (http://localhost:42079/__cypress/runner/cypress_runner.js:167415:23)\n    at Promise._settlePromiseFromHandler (http://localhost:42079/__cypress/runner/cypress_runner.js:165351:31)\n    at Promise._settlePromise (http://localhost:42079/__cypress/runner/cypress_runner.js:165408:18)\n    at Promise._settlePromise0 (http://localhost:42079/__cypress/runner/cypress_runner.js:165453:10)\n    at Promise._settlePromises (http://localhost:42079/__cypress/runner/cypress_runner.js:165528:18)\n    at Async../node_modules/bluebird/js/release/async.js.Async._drainQueue (http://localhost:42079/__cypress/runner/cypress_runner.js:162140:16)\n    at Async../node_modules/bluebird/js/release/async.js.Async._drainQueues (http://localhost:42079/__cypress/runner/cypress_runner.js:162150:10)\n    at Async.drainQueues (http://localhost:42079/__cypress/runner/cypress_runner.js:162024:14)",
                "diff": null
              },
              "uuid": "34a64c5a-eab0-486f-9665-0f2c11b09d12",
              "parentUUID": "93ab8239-88dc-45fc-b648-ea0b6350603b",
              "isHook": false,
              "skipped": false
            }
          ],
          "suites": [],
          "passes": [],
          "failures": [
            "fb0da763-bc0e-4fad-9c94-9ce3c4d0b046",
            "4b35f4d4-9892-4c0d-8c6a-40dd57b96e6d",
            "d7ea4c15-622a-47f2-972c-77258adb6da4",
            "42e23d6e-5e22-4609-a364-9fb6423ea2a7",
            "cb0ee5b9-8d43-49e6-b820-1500391a612a",
            "7a87acbe-1fff-4055-ac23-25ea53c81493",
            "f49ef121-2951-4499-b697-6f39c9225f52",
            "3196026b-85b3-48de-984f-5a15b61aaaba",
            "34a64c5a-eab0-486f-9665-0f2c11b09d12"
          ],
          "pending": [],
          "skipped": [],
          "duration": 53687,
          "root": false,
          "rootEmpty": false,
          "_timeout": 2000
        },
        {
          "uuid": "538c9fc5-5f1e-4115-a1da-44c58062950c",
          "title": "11 - Limite o tamanho mínimo e máximo do board.",
          "fullFile": "",
          "file": "",
          "beforeHooks": [],
          "afterHooks": [],
          "tests": [
            {
              "title": "Verifica se a altura máxima do board é 50",
              "fullTitle": "11 - Limite o tamanho mínimo e máximo do board. Verifica se a altura máxima do board é 50",
              "timedOut": null,
              "duration": 5977,
              "state": "failed",
              "speed": null,
              "pass": false,
              "fail": true,
              "pending": false,
              "context": null,
              "code": "cy.get('#board-size').clear().type(50);\ncy.get('#generate-board').click();\ncy.get('.pixel').should('have.length', 2500);",
              "err": {
                "message": "CypressError: Timed out retrying: Expected to find element: '#board-size', but never found it.",
                "estack": "CypressError: Timed out retrying: Expected to find element: '#board-size', but never found it.\n    at cypressErr (http://localhost:42079/__cypress/runner/cypress_runner.js:149934:9)\n    at throwErr (http://localhost:42079/__cypress/runner/cypress_runner.js:149867:11)\n    at Object.throwErrByPath (http://localhost:42079/__cypress/runner/cypress_runner.js:149915:3)\n    at retry (http://localhost:42079/__cypress/runner/cypress_runner.js:144197:19)\n    at onFailFn (http://localhost:42079/__cypress/runner/cypress_runner.js:132448:16)\n    at tryCatcher (http://localhost:42079/__cypress/runner/cypress_runner.js:167415:23)\n    at Promise._settlePromiseFromHandler (http://localhost:42079/__cypress/runner/cypress_runner.js:165351:31)\n    at Promise._settlePromise (http://localhost:42079/__cypress/runner/cypress_runner.js:165408:18)\n    at Promise._settlePromise0 (http://localhost:42079/__cypress/runner/cypress_runner.js:165453:10)\n    at Promise._settlePromises (http://localhost:42079/__cypress/runner/cypress_runner.js:165528:18)\n    at Async../node_modules/bluebird/js/release/async.js.Async._drainQueue (http://localhost:42079/__cypress/runner/cypress_runner.js:162140:16)\n    at Async../node_modules/bluebird/js/release/async.js.Async._drainQueues (http://localhost:42079/__cypress/runner/cypress_runner.js:162150:10)\n    at Async.drainQueues (http://localhost:42079/__cypress/runner/cypress_runner.js:162024:14)",
                "diff": null
              },
              "uuid": "2440c225-f9e1-4330-9f84-154d9c18749c",
              "parentUUID": "538c9fc5-5f1e-4115-a1da-44c58062950c",
              "isHook": false,
              "skipped": false
            },
            {
              "title": "Verifica se a altura do board é 5 quando um valor menor é colocado no input",
              "fullTitle": "11 - Limite o tamanho mínimo e máximo do board. Verifica se a altura do board é 5 quando um valor menor é colocado no input",
              "timedOut": null,
              "duration": 6346,
              "state": "failed",
              "speed": null,
              "pass": false,
              "fail": true,
              "pending": false,
              "context": null,
              "code": "cy.get('#board-size').clear().type(4);\ncy.get('#generate-board').click();\ncy.get('.pixel').should('have.length', 25);",
              "err": {
                "message": "CypressError: Timed out retrying: Expected to find element: '#board-size', but never found it.",
                "estack": "CypressError: Timed out retrying: Expected to find element: '#board-size', but never found it.\n    at cypressErr (http://localhost:42079/__cypress/runner/cypress_runner.js:149934:9)\n    at throwErr (http://localhost:42079/__cypress/runner/cypress_runner.js:149867:11)\n    at Object.throwErrByPath (http://localhost:42079/__cypress/runner/cypress_runner.js:149915:3)\n    at retry (http://localhost:42079/__cypress/runner/cypress_runner.js:144197:19)\n    at onFailFn (http://localhost:42079/__cypress/runner/cypress_runner.js:132448:16)\n    at tryCatcher (http://localhost:42079/__cypress/runner/cypress_runner.js:167415:23)\n    at Promise._settlePromiseFromHandler (http://localhost:42079/__cypress/runner/cypress_runner.js:165351:31)\n    at Promise._settlePromise (http://localhost:42079/__cypress/runner/cypress_runner.js:165408:18)\n    at Promise._settlePromise0 (http://localhost:42079/__cypress/runner/cypress_runner.js:165453:10)\n    at Promise._settlePromises (http://localhost:42079/__cypress/runner/cypress_runner.js:165528:18)\n    at Async../node_modules/bluebird/js/release/async.js.Async._drainQueue (http://localhost:42079/__cypress/runner/cypress_runner.js:162140:16)\n    at Async../node_modules/bluebird/js/release/async.js.Async._drainQueues (http://localhost:42079/__cypress/runner/cypress_runner.js:162150:10)\n    at Async.drainQueues (http://localhost:42079/__cypress/runner/cypress_runner.js:162024:14)",
                "diff": null
              },
              "uuid": "bd4ff9e6-8f81-40d0-a5ec-c803c2430e6f",
              "parentUUID": "538c9fc5-5f1e-4115-a1da-44c58062950c",
              "isHook": false,
              "skipped": false
            },
            {
              "title": "Verifica se a altura do board é 50 quando um valor maior é colocado no input",
              "fullTitle": "11 - Limite o tamanho mínimo e máximo do board. Verifica se a altura do board é 50 quando um valor maior é colocado no input",
              "timedOut": null,
              "duration": 5808,
              "state": "failed",
              "speed": null,
              "pass": false,
              "fail": true,
              "pending": false,
              "context": null,
              "code": "cy.get('#board-size').clear().type(51);\ncy.get('#generate-board').click();\ncy.get('.pixel').should('have.length', 2500);",
              "err": {
                "message": "CypressError: Timed out retrying: Expected to find element: '#board-size', but never found it.",
                "estack": "CypressError: Timed out retrying: Expected to find element: '#board-size', but never found it.\n    at cypressErr (http://localhost:42079/__cypress/runner/cypress_runner.js:149934:9)\n    at throwErr (http://localhost:42079/__cypress/runner/cypress_runner.js:149867:11)\n    at Object.throwErrByPath (http://localhost:42079/__cypress/runner/cypress_runner.js:149915:3)\n    at retry (http://localhost:42079/__cypress/runner/cypress_runner.js:144197:19)\n    at onFailFn (http://localhost:42079/__cypress/runner/cypress_runner.js:132448:16)\n    at tryCatcher (http://localhost:42079/__cypress/runner/cypress_runner.js:167415:23)\n    at Promise._settlePromiseFromHandler (http://localhost:42079/__cypress/runner/cypress_runner.js:165351:31)\n    at Promise._settlePromise (http://localhost:42079/__cypress/runner/cypress_runner.js:165408:18)\n    at Promise._settlePromise0 (http://localhost:42079/__cypress/runner/cypress_runner.js:165453:10)\n    at Promise._settlePromises (http://localhost:42079/__cypress/runner/cypress_runner.js:165528:18)\n    at Async../node_modules/bluebird/js/release/async.js.Async._drainQueue (http://localhost:42079/__cypress/runner/cypress_runner.js:162140:16)\n    at Async../node_modules/bluebird/js/release/async.js.Async._drainQueues (http://localhost:42079/__cypress/runner/cypress_runner.js:162150:10)\n    at Async.drainQueues (http://localhost:42079/__cypress/runner/cypress_runner.js:162024:14)",
                "diff": null
              },
              "uuid": "8bba038a-7317-4214-a942-02de8f94d63e",
              "parentUUID": "538c9fc5-5f1e-4115-a1da-44c58062950c",
              "isHook": false,
              "skipped": false
            }
          ],
          "suites": [],
          "passes": [],
          "failures": [
            "2440c225-f9e1-4330-9f84-154d9c18749c",
            "bd4ff9e6-8f81-40d0-a5ec-c803c2430e6f",
            "8bba038a-7317-4214-a942-02de8f94d63e"
          ],
          "pending": [],
          "skipped": [],
          "duration": 18131,
          "root": false,
          "rootEmpty": false,
          "_timeout": 2000
        },
        {
          "uuid": "d0371263-88da-4029-a6fc-1deb6a5e736e",
          "title": "12 - Faça com que as cores da paleta sejam geradas aleatoriamente ao carregar a página.",
          "fullFile": "",
          "file": "",
          "beforeHooks": [],
          "afterHooks": [],
          "tests": [
            {
              "title": "Verifica se as cores geradas na paleta são diferentes a cada carregamento da página",
              "fullTitle": "12 - Faça com que as cores da paleta sejam geradas aleatoriamente ao carregar a página. Verifica se as cores geradas na paleta são diferentes a cada carregamento da página",
              "timedOut": null,
              "duration": 2701,
              "state": "failed",
              "speed": null,
              "pass": false,
              "fail": true,
              "pending": false,
              "context": null,
              "code": "cy.get('.color').then(function (colors) {\n  var currentColors;\n  var previousColors;\n  previousColors = Array.from(colors).map(function (color) {\n    return Cypress.$(color).css('background-color');\n  });\n  for (var i = 0; i < 5; i += 1) {\n    cy.reload();\n    cy.get('.color').then(function (colors) {\n      currentColors = Array.from(colors).map(function (color) {\n        return Cypress.$(color).css('background-color');\n      });\n      expect(currentColors).not.to.deep.equal(previousColors);\n      previousColors = currentColors;\n    });\n  }\n});",
              "err": {
                "message": "AssertionError: expected [ Array(4) ] to not deeply equal [ Array(4) ]",
                "estack": "AssertionError: expected [ Array(4) ] to not deeply equal [ Array(4) ]\n    at getRet (http://localhost:42079/__cypress/runner/cypress_runner.js:136585:16)\n    at tryCatcher (http://localhost:42079/__cypress/runner/cypress_runner.js:167415:23)\n    at Function.Promise.attempt.Promise.try (http://localhost:42079/__cypress/runner/cypress_runner.js:164690:29)\n    at Context.thenFn (http://localhost:42079/__cypress/runner/cypress_runner.js:136599:23)\n    at Context.then (http://localhost:42079/__cypress/runner/cypress_runner.js:136971:21)\n    at Context.<anonymous> (http://localhost:42079/__cypress/runner/cypress_runner.js:148875:21)\n    at http://localhost:42079/__cypress/runner/cypress_runner.js:148351:33\n    at tryCatcher (http://localhost:42079/__cypress/runner/cypress_runner.js:167415:23)\n    at Promise._settlePromiseFromHandler (http://localhost:42079/__cypress/runner/cypress_runner.js:165351:31)\n    at Promise._settlePromise (http://localhost:42079/__cypress/runner/cypress_runner.js:165408:18)\n    at Promise._settlePromiseCtx (http://localhost:42079/__cypress/runner/cypress_runner.js:165445:10)\n    at Async../node_modules/bluebird/js/release/async.js.Async._drainQueue (http://localhost:42079/__cypress/runner/cypress_runner.js:162145:12)\n    at Async../node_modules/bluebird/js/release/async.js.Async._drainQueues (http://localhost:42079/__cypress/runner/cypress_runner.js:162150:10)\n    at Async.drainQueues (http://localhost:42079/__cypress/runner/cypress_runner.js:162024:14)",
                "diff": ""
              },
              "uuid": "9046d8bc-eb8e-4a41-b895-85b656ea8698",
              "parentUUID": "d0371263-88da-4029-a6fc-1deb6a5e736e",
              "isHook": false,
              "skipped": false
            },
            {
              "title": "Verifica se a cor preta ainda está presente e é a primeira na sua paleta de cores",
              "fullTitle": "12 - Faça com que as cores da paleta sejam geradas aleatoriamente ao carregar a página. Verifica se a cor preta ainda está presente e é a primeira na sua paleta de cores",
              "timedOut": null,
              "duration": 2761,
              "state": "failed",
              "speed": null,
              "pass": false,
              "fail": true,
              "pending": false,
              "context": null,
              "code": "cy.get('.color').then(function (colors) {\n  var currentColors;\n  var previousColors;\n  previousColors = Array.from(colors).map(function (color) {\n    return Cypress.$(color).css('background-color');\n  });\n  expect(previousColors[0]).to.eq(BLACK);\n  for (var i = 0; i < 5; i += 1) {\n    cy.reload();\n    cy.get('.color').then(function (colors) {\n      currentColors = Array.from(colors).map(function (color) {\n        return Cypress.$(color).css('background-color');\n      });\n      expect(currentColors[0]).to.eq(BLACK);\n      expect(currentColors).not.to.deep.equal(previousColors);\n      previousColors = currentColors;\n    });\n  }\n});",
              "err": {
                "message": "AssertionError: expected [ Array(4) ] to not deeply equal [ Array(4) ]",
                "estack": "AssertionError: expected [ Array(4) ] to not deeply equal [ Array(4) ]\n    at getRet (http://localhost:42079/__cypress/runner/cypress_runner.js:136585:16)\n    at tryCatcher (http://localhost:42079/__cypress/runner/cypress_runner.js:167415:23)\n    at Function.Promise.attempt.Promise.try (http://localhost:42079/__cypress/runner/cypress_runner.js:164690:29)\n    at Context.thenFn (http://localhost:42079/__cypress/runner/cypress_runner.js:136599:23)\n    at Context.then (http://localhost:42079/__cypress/runner/cypress_runner.js:136971:21)\n    at Context.<anonymous> (http://localhost:42079/__cypress/runner/cypress_runner.js:148875:21)\n    at http://localhost:42079/__cypress/runner/cypress_runner.js:148351:33\n    at tryCatcher (http://localhost:42079/__cypress/runner/cypress_runner.js:167415:23)\n    at Promise._settlePromiseFromHandler (http://localhost:42079/__cypress/runner/cypress_runner.js:165351:31)\n    at Promise._settlePromise (http://localhost:42079/__cypress/runner/cypress_runner.js:165408:18)\n    at Promise._settlePromiseCtx (http://localhost:42079/__cypress/runner/cypress_runner.js:165445:10)\n    at Async../node_modules/bluebird/js/release/async.js.Async._drainQueue (http://localhost:42079/__cypress/runner/cypress_runner.js:162145:12)\n    at Async../node_modules/bluebird/js/release/async.js.Async._drainQueues (http://localhost:42079/__cypress/runner/cypress_runner.js:162150:10)\n    at Async.drainQueues (http://localhost:42079/__cypress/runner/cypress_runner.js:162024:14)",
                "diff": ""
              },
              "uuid": "095a015e-96ee-4e21-9142-c56c3a87c3f5",
              "parentUUID": "d0371263-88da-4029-a6fc-1deb6a5e736e",
              "isHook": false,
              "skipped": false
            }
          ],
          "suites": [],
          "passes": [],
          "failures": [
            "9046d8bc-eb8e-4a41-b895-85b656ea8698",
            "095a015e-96ee-4e21-9142-c56c3a87c3f5"
          ],
          "pending": [],
          "skipped": [],
          "duration": 5462,
          "root": false,
          "rootEmpty": false,
          "_timeout": 2000
        }
      ],
      "passes": [],
      "failures": [],
      "pending": [],
      "skipped": [],
      "duration": 0,
      "root": true,
      "rootEmpty": true,
      "_timeout": 2000
    }
  ],
  "meta": {
    "mocha": {
      "version": "7.0.1"
    },
    "mochawesome": {
      "options": {
        "quiet": false,
        "reportFilename": "mochawesome",
        "saveHtml": false,
        "saveJson": true,
        "consoleReporter": "spec",
        "useInlineDiffs": false
      },
      "version": "4.1.0"
    },
    "marge": {
      "options": {
        "id": "default",
        "reportDir": "cypress/reports",
        "overwrite": true,
        "html": false,
        "json": true
      },
      "version": "4.1.0"
    }
  }
}