{
  "stats": {
    "suites": 12,
    "tests": 41,
    "passes": 0,
    "pending": 0,
    "failures": 41,
    "start": "2021-07-08T18:08:13.998Z",
    "end": "2021-07-08T18:13:36.513Z",
    "duration": 322515,
    "testsRegistered": 41,
    "passPercent": 0,
    "pendingPercent": 0,
    "other": 0,
    "hasOther": false,
    "skipped": 0,
    "hasSkipped": false
  },
  "results": [
    {
      "uuid": "065240d9-c650-493a-bab5-f2a9e0e56a2b",
      "title": "",
      "fullFile": "cypress/integration/project.spec.js",
      "file": "cypress/integration/project.spec.js",
      "beforeHooks": [],
      "afterHooks": [],
      "tests": [],
      "suites": [
        {
          "uuid": "52bc6509-4682-4509-9386-2af1ea55796f",
          "title": "1 - Adicione à página o título \"Paleta de Cores\".",
          "fullFile": "",
          "file": "",
          "beforeHooks": [],
          "afterHooks": [],
          "tests": [
            {
              "title": "Verifica se contém um elemento `h1` com o id `title` com o título correto",
              "fullTitle": "1 - Adicione à página o título \"Paleta de Cores\". Verifica se contém um elemento `h1` com o id `title` com o título correto",
              "timedOut": null,
              "duration": 5432,
              "state": "failed",
              "speed": null,
              "pass": false,
              "fail": true,
              "pending": false,
              "context": null,
              "code": "cy.get('h1#title').should('contain.text', 'Paleta de Cores');",
              "err": {
                "message": "CypressError: Timed out retrying: Expected to find element: 'h1#title', but never found it.",
                "estack": "CypressError: Timed out retrying: Expected to find element: 'h1#title', but never found it.\n    at cypressErr (http://localhost:32823/__cypress/runner/cypress_runner.js:149934:9)\n    at throwErr (http://localhost:32823/__cypress/runner/cypress_runner.js:149867:11)\n    at Object.throwErrByPath (http://localhost:32823/__cypress/runner/cypress_runner.js:149915:3)\n    at retry (http://localhost:32823/__cypress/runner/cypress_runner.js:144197:19)\n    at onFailFn (http://localhost:32823/__cypress/runner/cypress_runner.js:132448:16)\n    at tryCatcher (http://localhost:32823/__cypress/runner/cypress_runner.js:167415:23)\n    at Promise._settlePromiseFromHandler (http://localhost:32823/__cypress/runner/cypress_runner.js:165351:31)\n    at Promise._settlePromise (http://localhost:32823/__cypress/runner/cypress_runner.js:165408:18)\n    at Promise._settlePromise0 (http://localhost:32823/__cypress/runner/cypress_runner.js:165453:10)\n    at Promise._settlePromises (http://localhost:32823/__cypress/runner/cypress_runner.js:165528:18)\n    at Async../node_modules/bluebird/js/release/async.js.Async._drainQueue (http://localhost:32823/__cypress/runner/cypress_runner.js:162140:16)\n    at Async../node_modules/bluebird/js/release/async.js.Async._drainQueues (http://localhost:32823/__cypress/runner/cypress_runner.js:162150:10)\n    at Async.drainQueues (http://localhost:32823/__cypress/runner/cypress_runner.js:162024:14)",
                "diff": null
              },
              "uuid": "fd02ae36-9cae-48ff-bdf9-9d0066647b6a",
              "parentUUID": "52bc6509-4682-4509-9386-2af1ea55796f",
              "isHook": false,
              "skipped": false
            }
          ],
          "suites": [],
          "passes": [],
          "failures": [
            "fd02ae36-9cae-48ff-bdf9-9d0066647b6a"
          ],
          "pending": [],
          "skipped": [],
          "duration": 5432,
          "root": false,
          "rootEmpty": false,
          "_timeout": 2000
        },
        {
          "uuid": "f4983d13-1fb0-422d-bbbb-7ddd432b8a90",
          "title": "2 - Adicione à página uma paleta de quatro cores distintas.",
          "fullFile": "",
          "file": "",
          "beforeHooks": [],
          "afterHooks": [],
          "tests": [
            {
              "title": "A paleta de cores deve ser um elemento com `id` denominado `color-palette`",
              "fullTitle": "2 - Adicione à página uma paleta de quatro cores distintas. A paleta de cores deve ser um elemento com `id` denominado `color-palette`",
              "timedOut": null,
              "duration": 4777,
              "state": "failed",
              "speed": null,
              "pass": false,
              "fail": true,
              "pending": false,
              "context": null,
              "code": "cy.get('#color-palette').should('be.visible');",
              "err": {
                "message": "CypressError: Timed out retrying: Expected to find element: '#color-palette', but never found it.",
                "estack": "CypressError: Timed out retrying: Expected to find element: '#color-palette', but never found it.\n    at cypressErr (http://localhost:32823/__cypress/runner/cypress_runner.js:149934:9)\n    at throwErr (http://localhost:32823/__cypress/runner/cypress_runner.js:149867:11)\n    at Object.throwErrByPath (http://localhost:32823/__cypress/runner/cypress_runner.js:149915:3)\n    at retry (http://localhost:32823/__cypress/runner/cypress_runner.js:144197:19)\n    at onFailFn (http://localhost:32823/__cypress/runner/cypress_runner.js:132448:16)\n    at tryCatcher (http://localhost:32823/__cypress/runner/cypress_runner.js:167415:23)\n    at Promise._settlePromiseFromHandler (http://localhost:32823/__cypress/runner/cypress_runner.js:165351:31)\n    at Promise._settlePromise (http://localhost:32823/__cypress/runner/cypress_runner.js:165408:18)\n    at Promise._settlePromise0 (http://localhost:32823/__cypress/runner/cypress_runner.js:165453:10)\n    at Promise._settlePromises (http://localhost:32823/__cypress/runner/cypress_runner.js:165528:18)\n    at Async../node_modules/bluebird/js/release/async.js.Async._drainQueue (http://localhost:32823/__cypress/runner/cypress_runner.js:162140:16)\n    at Async../node_modules/bluebird/js/release/async.js.Async._drainQueues (http://localhost:32823/__cypress/runner/cypress_runner.js:162150:10)\n    at Async.drainQueues (http://localhost:32823/__cypress/runner/cypress_runner.js:162024:14)",
                "diff": null
              },
              "uuid": "10959304-e2da-4ba8-a470-8948fa5bf81a",
              "parentUUID": "f4983d13-1fb0-422d-bbbb-7ddd432b8a90",
              "isHook": false,
              "skipped": false
            },
            {
              "title": "Verifica se cada cor individual da paleta de cores possui a `classe` chamada `color`.",
              "fullTitle": "2 - Adicione à página uma paleta de quatro cores distintas. Verifica se cada cor individual da paleta de cores possui a `classe` chamada `color`.",
              "timedOut": null,
              "duration": 4744,
              "state": "failed",
              "speed": null,
              "pass": false,
              "fail": true,
              "pending": false,
              "context": null,
              "code": "cy.get('.color').should('have.length', 4).then(function (colors) {\n  for (var i = 0; i < colors.length; i++) {\n    cy.wrap(colors[i]).should('be.visible');\n  }\n});",
              "err": {
                "message": "CypressError: Timed out retrying: Expected to find element: '.color', but never found it.",
                "estack": "CypressError: Timed out retrying: Expected to find element: '.color', but never found it.\n    at cypressErr (http://localhost:32823/__cypress/runner/cypress_runner.js:149934:9)\n    at throwErr (http://localhost:32823/__cypress/runner/cypress_runner.js:149867:11)\n    at Object.throwErrByPath (http://localhost:32823/__cypress/runner/cypress_runner.js:149915:3)\n    at retry (http://localhost:32823/__cypress/runner/cypress_runner.js:144197:19)\n    at onFailFn (http://localhost:32823/__cypress/runner/cypress_runner.js:132448:16)\n    at tryCatcher (http://localhost:32823/__cypress/runner/cypress_runner.js:167415:23)\n    at Promise._settlePromiseFromHandler (http://localhost:32823/__cypress/runner/cypress_runner.js:165351:31)\n    at Promise._settlePromise (http://localhost:32823/__cypress/runner/cypress_runner.js:165408:18)\n    at Promise._settlePromise0 (http://localhost:32823/__cypress/runner/cypress_runner.js:165453:10)\n    at Promise._settlePromises (http://localhost:32823/__cypress/runner/cypress_runner.js:165528:18)\n    at Async../node_modules/bluebird/js/release/async.js.Async._drainQueue (http://localhost:32823/__cypress/runner/cypress_runner.js:162140:16)\n    at Async../node_modules/bluebird/js/release/async.js.Async._drainQueues (http://localhost:32823/__cypress/runner/cypress_runner.js:162150:10)\n    at Async.drainQueues (http://localhost:32823/__cypress/runner/cypress_runner.js:162024:14)",
                "diff": null
              },
              "uuid": "2ee691a8-d252-4f0c-8389-e4019990978a",
              "parentUUID": "f4983d13-1fb0-422d-bbbb-7ddd432b8a90",
              "isHook": false,
              "skipped": false
            },
            {
              "title": "Verifica se a cor de fundo de cada elemento da paleta é a cor que o elemento representa. **A única cor não permitida na paleta é a cor branca.**",
              "fullTitle": "2 - Adicione à página uma paleta de quatro cores distintas. Verifica se a cor de fundo de cada elemento da paleta é a cor que o elemento representa. **A única cor não permitida na paleta é a cor branca.**",
              "timedOut": null,
              "duration": 4561,
              "state": "failed",
              "speed": null,
              "pass": false,
              "fail": true,
              "pending": false,
              "context": null,
              "code": "cy.get('.color').each(function (color) {\n  cy.wrap(color).should('have.class', 'color').and('not.have.css', 'background-color', WHITE);\n  cy.wrap(color).should('have.css', 'background-color');\n});",
              "err": {
                "message": "CypressError: Timed out retrying: Expected to find element: '.color', but never found it.",
                "estack": "CypressError: Timed out retrying: Expected to find element: '.color', but never found it.\n    at cypressErr (http://localhost:32823/__cypress/runner/cypress_runner.js:149934:9)\n    at throwErr (http://localhost:32823/__cypress/runner/cypress_runner.js:149867:11)\n    at Object.throwErrByPath (http://localhost:32823/__cypress/runner/cypress_runner.js:149915:3)\n    at retry (http://localhost:32823/__cypress/runner/cypress_runner.js:144197:19)\n    at onFailFn (http://localhost:32823/__cypress/runner/cypress_runner.js:132448:16)\n    at tryCatcher (http://localhost:32823/__cypress/runner/cypress_runner.js:167415:23)\n    at Promise._settlePromiseFromHandler (http://localhost:32823/__cypress/runner/cypress_runner.js:165351:31)\n    at Promise._settlePromise (http://localhost:32823/__cypress/runner/cypress_runner.js:165408:18)\n    at Promise._settlePromise0 (http://localhost:32823/__cypress/runner/cypress_runner.js:165453:10)\n    at Promise._settlePromises (http://localhost:32823/__cypress/runner/cypress_runner.js:165528:18)\n    at Async../node_modules/bluebird/js/release/async.js.Async._drainQueue (http://localhost:32823/__cypress/runner/cypress_runner.js:162140:16)\n    at Async../node_modules/bluebird/js/release/async.js.Async._drainQueues (http://localhost:32823/__cypress/runner/cypress_runner.js:162150:10)\n    at Async.drainQueues (http://localhost:32823/__cypress/runner/cypress_runner.js:162024:14)",
                "diff": null
              },
              "uuid": "c19d1a0e-ade4-4f96-b6ff-cfeb8b3d30bf",
              "parentUUID": "f4983d13-1fb0-422d-bbbb-7ddd432b8a90",
              "isHook": false,
              "skipped": false
            },
            {
              "title": "Verifica se cada elemento da paleta de cores tem uma borda preta, sólida e com 1 pixel de largura;",
              "fullTitle": "2 - Adicione à página uma paleta de quatro cores distintas. Verifica se cada elemento da paleta de cores tem uma borda preta, sólida e com 1 pixel de largura;",
              "timedOut": null,
              "duration": 4832,
              "state": "failed",
              "speed": null,
              "pass": false,
              "fail": true,
              "pending": false,
              "context": null,
              "code": "cy.get('.color').each(function (color) {\n  cy.wrap(color).and('have.css', 'border', \"1px solid \".concat(BLACK)).and('have.class', 'color');\n});",
              "err": {
                "message": "CypressError: Timed out retrying: Expected to find element: '.color', but never found it.",
                "estack": "CypressError: Timed out retrying: Expected to find element: '.color', but never found it.\n    at cypressErr (http://localhost:32823/__cypress/runner/cypress_runner.js:149934:9)\n    at throwErr (http://localhost:32823/__cypress/runner/cypress_runner.js:149867:11)\n    at Object.throwErrByPath (http://localhost:32823/__cypress/runner/cypress_runner.js:149915:3)\n    at retry (http://localhost:32823/__cypress/runner/cypress_runner.js:144197:19)\n    at onFailFn (http://localhost:32823/__cypress/runner/cypress_runner.js:132448:16)\n    at tryCatcher (http://localhost:32823/__cypress/runner/cypress_runner.js:167415:23)\n    at Promise._settlePromiseFromHandler (http://localhost:32823/__cypress/runner/cypress_runner.js:165351:31)\n    at Promise._settlePromise (http://localhost:32823/__cypress/runner/cypress_runner.js:165408:18)\n    at Promise._settlePromise0 (http://localhost:32823/__cypress/runner/cypress_runner.js:165453:10)\n    at Promise._settlePromises (http://localhost:32823/__cypress/runner/cypress_runner.js:165528:18)\n    at Async../node_modules/bluebird/js/release/async.js.Async._drainQueue (http://localhost:32823/__cypress/runner/cypress_runner.js:162140:16)\n    at Async../node_modules/bluebird/js/release/async.js.Async._drainQueues (http://localhost:32823/__cypress/runner/cypress_runner.js:162150:10)\n    at Async.drainQueues (http://localhost:32823/__cypress/runner/cypress_runner.js:162024:14)",
                "diff": null
              },
              "uuid": "235f3550-36c3-4f6d-b858-0412965e0efe",
              "parentUUID": "f4983d13-1fb0-422d-bbbb-7ddd432b8a90",
              "isHook": false,
              "skipped": false
            },
            {
              "title": "Verifica se a paleta lista todas as cores disponíveis para utilização, lado a lado.",
              "fullTitle": "2 - Adicione à página uma paleta de quatro cores distintas. Verifica se a paleta lista todas as cores disponíveis para utilização, lado a lado.",
              "timedOut": null,
              "duration": 4557,
              "state": "failed",
              "speed": null,
              "pass": false,
              "fail": true,
              "pending": false,
              "context": null,
              "code": "cy.get('.color').then(function (colors) {\n  for (var index = 1; index < colors.length; index += 1) {\n    var currentColor = colors[index];\n    var previousColor = colors[index - 1];\n    cy.wrap(currentColor).should('be.onTheRightOf', previousColor).and('be.horizontallyAlignedWith', previousColor);\n  }\n});",
              "err": {
                "message": "CypressError: Timed out retrying: Expected to find element: '.color', but never found it.",
                "estack": "CypressError: Timed out retrying: Expected to find element: '.color', but never found it.\n    at cypressErr (http://localhost:32823/__cypress/runner/cypress_runner.js:149934:9)\n    at throwErr (http://localhost:32823/__cypress/runner/cypress_runner.js:149867:11)\n    at Object.throwErrByPath (http://localhost:32823/__cypress/runner/cypress_runner.js:149915:3)\n    at retry (http://localhost:32823/__cypress/runner/cypress_runner.js:144197:19)\n    at onFailFn (http://localhost:32823/__cypress/runner/cypress_runner.js:132448:16)\n    at tryCatcher (http://localhost:32823/__cypress/runner/cypress_runner.js:167415:23)\n    at Promise._settlePromiseFromHandler (http://localhost:32823/__cypress/runner/cypress_runner.js:165351:31)\n    at Promise._settlePromise (http://localhost:32823/__cypress/runner/cypress_runner.js:165408:18)\n    at Promise._settlePromise0 (http://localhost:32823/__cypress/runner/cypress_runner.js:165453:10)\n    at Promise._settlePromises (http://localhost:32823/__cypress/runner/cypress_runner.js:165528:18)\n    at Async../node_modules/bluebird/js/release/async.js.Async._drainQueue (http://localhost:32823/__cypress/runner/cypress_runner.js:162140:16)\n    at Async../node_modules/bluebird/js/release/async.js.Async._drainQueues (http://localhost:32823/__cypress/runner/cypress_runner.js:162150:10)\n    at Async.drainQueues (http://localhost:32823/__cypress/runner/cypress_runner.js:162024:14)",
                "diff": null
              },
              "uuid": "c4157d6d-0f53-4ce3-8e4e-5df3935883a6",
              "parentUUID": "f4983d13-1fb0-422d-bbbb-7ddd432b8a90",
              "isHook": false,
              "skipped": false
            },
            {
              "title": "Verifica se a paleta de cores está posicionada abaixo do título 'Paleta de Cores'",
              "fullTitle": "2 - Adicione à página uma paleta de quatro cores distintas. Verifica se a paleta de cores está posicionada abaixo do título 'Paleta de Cores'",
              "timedOut": null,
              "duration": 4476,
              "state": "failed",
              "speed": null,
              "pass": false,
              "fail": true,
              "pending": false,
              "context": null,
              "code": "cy.get('h1#title').then(function (title) {\n  cy.get('#color-palette').should('be.belowOf', title);\n});",
              "err": {
                "message": "CypressError: Timed out retrying: Expected to find element: 'h1#title', but never found it.",
                "estack": "CypressError: Timed out retrying: Expected to find element: 'h1#title', but never found it.\n    at cypressErr (http://localhost:32823/__cypress/runner/cypress_runner.js:149934:9)\n    at throwErr (http://localhost:32823/__cypress/runner/cypress_runner.js:149867:11)\n    at Object.throwErrByPath (http://localhost:32823/__cypress/runner/cypress_runner.js:149915:3)\n    at retry (http://localhost:32823/__cypress/runner/cypress_runner.js:144197:19)\n    at onFailFn (http://localhost:32823/__cypress/runner/cypress_runner.js:132448:16)\n    at tryCatcher (http://localhost:32823/__cypress/runner/cypress_runner.js:167415:23)\n    at Promise._settlePromiseFromHandler (http://localhost:32823/__cypress/runner/cypress_runner.js:165351:31)\n    at Promise._settlePromise (http://localhost:32823/__cypress/runner/cypress_runner.js:165408:18)\n    at Promise._settlePromise0 (http://localhost:32823/__cypress/runner/cypress_runner.js:165453:10)\n    at Promise._settlePromises (http://localhost:32823/__cypress/runner/cypress_runner.js:165528:18)\n    at Async../node_modules/bluebird/js/release/async.js.Async._drainQueue (http://localhost:32823/__cypress/runner/cypress_runner.js:162140:16)\n    at Async../node_modules/bluebird/js/release/async.js.Async._drainQueues (http://localhost:32823/__cypress/runner/cypress_runner.js:162150:10)\n    at Async.drainQueues (http://localhost:32823/__cypress/runner/cypress_runner.js:162024:14)",
                "diff": null
              },
              "uuid": "83d3642b-aeb5-4b0d-920a-9de79d43a90b",
              "parentUUID": "f4983d13-1fb0-422d-bbbb-7ddd432b8a90",
              "isHook": false,
              "skipped": false
            },
            {
              "title": "Verifica se a paleta de cores não contém cores repetidas.",
              "fullTitle": "2 - Adicione à página uma paleta de quatro cores distintas. Verifica se a paleta de cores não contém cores repetidas.",
              "timedOut": null,
              "duration": 4601,
              "state": "failed",
              "speed": null,
              "pass": false,
              "fail": true,
              "pending": false,
              "context": null,
              "code": "cy.get('.color').then(function (colors) {\n  var allColors = Array.from(colors).map(function (color) {\n    return Cypress.$(color).css('background-color');\n  });\n  cy.log(allColors);\n  var uniqColors = (0, _toConsumableArray2[\"default\"])(new Set(allColors));\n  cy.log(uniqColors);\n  expect(allColors.length).to.eq(uniqColors.length);\n});",
              "err": {
                "message": "CypressError: Timed out retrying: Expected to find element: '.color', but never found it.",
                "estack": "CypressError: Timed out retrying: Expected to find element: '.color', but never found it.\n    at cypressErr (http://localhost:32823/__cypress/runner/cypress_runner.js:149934:9)\n    at throwErr (http://localhost:32823/__cypress/runner/cypress_runner.js:149867:11)\n    at Object.throwErrByPath (http://localhost:32823/__cypress/runner/cypress_runner.js:149915:3)\n    at retry (http://localhost:32823/__cypress/runner/cypress_runner.js:144197:19)\n    at onFailFn (http://localhost:32823/__cypress/runner/cypress_runner.js:132448:16)\n    at tryCatcher (http://localhost:32823/__cypress/runner/cypress_runner.js:167415:23)\n    at Promise._settlePromiseFromHandler (http://localhost:32823/__cypress/runner/cypress_runner.js:165351:31)\n    at Promise._settlePromise (http://localhost:32823/__cypress/runner/cypress_runner.js:165408:18)\n    at Promise._settlePromise0 (http://localhost:32823/__cypress/runner/cypress_runner.js:165453:10)\n    at Promise._settlePromises (http://localhost:32823/__cypress/runner/cypress_runner.js:165528:18)\n    at Async../node_modules/bluebird/js/release/async.js.Async._drainQueue (http://localhost:32823/__cypress/runner/cypress_runner.js:162140:16)\n    at Async../node_modules/bluebird/js/release/async.js.Async._drainQueues (http://localhost:32823/__cypress/runner/cypress_runner.js:162150:10)\n    at Async.drainQueues (http://localhost:32823/__cypress/runner/cypress_runner.js:162024:14)",
                "diff": null
              },
              "uuid": "c4043063-7c7f-4d73-9968-d7fbc0956b74",
              "parentUUID": "f4983d13-1fb0-422d-bbbb-7ddd432b8a90",
              "isHook": false,
              "skipped": false
            }
          ],
          "suites": [],
          "passes": [],
          "failures": [
            "10959304-e2da-4ba8-a470-8948fa5bf81a",
            "2ee691a8-d252-4f0c-8389-e4019990978a",
            "c19d1a0e-ade4-4f96-b6ff-cfeb8b3d30bf",
            "235f3550-36c3-4f6d-b858-0412965e0efe",
            "c4157d6d-0f53-4ce3-8e4e-5df3935883a6",
            "83d3642b-aeb5-4b0d-920a-9de79d43a90b",
            "c4043063-7c7f-4d73-9968-d7fbc0956b74"
          ],
          "pending": [],
          "skipped": [],
          "duration": 32548,
          "root": false,
          "rootEmpty": false,
          "_timeout": 2000
        },
        {
          "uuid": "778f406c-8fc4-432e-99e7-c58233bf5334",
          "title": "3 - Adicione a cor **preta** como a primeira cor da paleta de cores.",
          "fullFile": "",
          "file": "",
          "beforeHooks": [],
          "afterHooks": [],
          "tests": [
            {
              "title": "Verifica se a primeira cor da paleta é preta",
              "fullTitle": "3 - Adicione a cor **preta** como a primeira cor da paleta de cores. Verifica se a primeira cor da paleta é preta",
              "timedOut": null,
              "duration": 4608,
              "state": "failed",
              "speed": null,
              "pass": false,
              "fail": true,
              "pending": false,
              "context": null,
              "code": "cy.get('.color').first().should('have.css', 'background-color', BLACK);",
              "err": {
                "message": "CypressError: Timed out retrying: Expected to find element: '.color', but never found it.",
                "estack": "CypressError: Timed out retrying: Expected to find element: '.color', but never found it.\n    at cypressErr (http://localhost:32823/__cypress/runner/cypress_runner.js:149934:9)\n    at throwErr (http://localhost:32823/__cypress/runner/cypress_runner.js:149867:11)\n    at Object.throwErrByPath (http://localhost:32823/__cypress/runner/cypress_runner.js:149915:3)\n    at retry (http://localhost:32823/__cypress/runner/cypress_runner.js:144197:19)\n    at onFailFn (http://localhost:32823/__cypress/runner/cypress_runner.js:132448:16)\n    at tryCatcher (http://localhost:32823/__cypress/runner/cypress_runner.js:167415:23)\n    at Promise._settlePromiseFromHandler (http://localhost:32823/__cypress/runner/cypress_runner.js:165351:31)\n    at Promise._settlePromise (http://localhost:32823/__cypress/runner/cypress_runner.js:165408:18)\n    at Promise._settlePromise0 (http://localhost:32823/__cypress/runner/cypress_runner.js:165453:10)\n    at Promise._settlePromises (http://localhost:32823/__cypress/runner/cypress_runner.js:165528:18)\n    at Async../node_modules/bluebird/js/release/async.js.Async._drainQueue (http://localhost:32823/__cypress/runner/cypress_runner.js:162140:16)\n    at Async../node_modules/bluebird/js/release/async.js.Async._drainQueues (http://localhost:32823/__cypress/runner/cypress_runner.js:162150:10)\n    at Async.drainQueues (http://localhost:32823/__cypress/runner/cypress_runner.js:162024:14)",
                "diff": null
              },
              "uuid": "72076c31-5401-4496-80dd-55f48f81b8ef",
              "parentUUID": "778f406c-8fc4-432e-99e7-c58233bf5334",
              "isHook": false,
              "skipped": false
            },
            {
              "title": "Verifica se as demais cores podem ser escolhidas livremente.",
              "fullTitle": "3 - Adicione a cor **preta** como a primeira cor da paleta de cores. Verifica se as demais cores podem ser escolhidas livremente.",
              "timedOut": null,
              "duration": 4875,
              "state": "failed",
              "speed": null,
              "pass": false,
              "fail": true,
              "pending": false,
              "context": null,
              "code": "cy.get('.color').eq(1).should('not.have.css', 'background-color', BLACK);\ncy.get('.color').eq(1).should('not.have.css', 'background-color', WHITE);\ncy.get('.color').eq(1).should('not.have.css', 'background-color', 'rgba(0, 0, 0, 0)');\ncy.get('.color').eq(1).should('have.css', 'background-color');\ncy.get('.color').eq(2).should('not.have.css', 'background-color', BLACK);\ncy.get('.color').eq(2).should('not.have.css', 'background-color', WHITE);\ncy.get('.color').eq(2).should('not.have.css', 'background-color', 'rgba(0, 0, 0, 0)');\ncy.get('.color').eq(2).should('have.css', 'background-color');\ncy.get('.color').eq(3).should('not.have.css', 'background-color', BLACK);\ncy.get('.color').eq(3).should('not.have.css', 'background-color', WHITE);\ncy.get('.color').eq(3).should('not.have.css', 'background-color', 'rgba(0, 0, 0, 0)');\ncy.get('.color').eq(3).should('have.css', 'background-color');",
              "err": {
                "message": "CypressError: Timed out retrying: Expected to find element: '.color', but never found it.",
                "estack": "CypressError: Timed out retrying: Expected to find element: '.color', but never found it.\n    at cypressErr (http://localhost:32823/__cypress/runner/cypress_runner.js:149934:9)\n    at throwErr (http://localhost:32823/__cypress/runner/cypress_runner.js:149867:11)\n    at Object.throwErrByPath (http://localhost:32823/__cypress/runner/cypress_runner.js:149915:3)\n    at retry (http://localhost:32823/__cypress/runner/cypress_runner.js:144197:19)\n    at onFailFn (http://localhost:32823/__cypress/runner/cypress_runner.js:132448:16)\n    at tryCatcher (http://localhost:32823/__cypress/runner/cypress_runner.js:167415:23)\n    at Promise._settlePromiseFromHandler (http://localhost:32823/__cypress/runner/cypress_runner.js:165351:31)\n    at Promise._settlePromise (http://localhost:32823/__cypress/runner/cypress_runner.js:165408:18)\n    at Promise._settlePromise0 (http://localhost:32823/__cypress/runner/cypress_runner.js:165453:10)\n    at Promise._settlePromises (http://localhost:32823/__cypress/runner/cypress_runner.js:165528:18)\n    at Async../node_modules/bluebird/js/release/async.js.Async._drainQueue (http://localhost:32823/__cypress/runner/cypress_runner.js:162140:16)\n    at Async../node_modules/bluebird/js/release/async.js.Async._drainQueues (http://localhost:32823/__cypress/runner/cypress_runner.js:162150:10)\n    at Async.drainQueues (http://localhost:32823/__cypress/runner/cypress_runner.js:162024:14)",
                "diff": null
              },
              "uuid": "904d965e-ecb7-4d3e-9c44-d84cce8816aa",
              "parentUUID": "778f406c-8fc4-432e-99e7-c58233bf5334",
              "isHook": false,
              "skipped": false
            }
          ],
          "suites": [],
          "passes": [],
          "failures": [
            "72076c31-5401-4496-80dd-55f48f81b8ef",
            "904d965e-ecb7-4d3e-9c44-d84cce8816aa"
          ],
          "pending": [],
          "skipped": [],
          "duration": 9483,
          "root": false,
          "rootEmpty": false,
          "_timeout": 2000
        },
        {
          "uuid": "3b69bcfe-6f34-45e9-9f6d-556048d5c069",
          "title": "4 - Adicione à página um quadro de pixels, com 25 pixels.",
          "fullFile": "",
          "file": "",
          "beforeHooks": [],
          "afterHooks": [],
          "tests": [
            {
              "title": "Verifica se o quadro de pixels possui o `id` denominado `pixel-board`",
              "fullTitle": "4 - Adicione à página um quadro de pixels, com 25 pixels. Verifica se o quadro de pixels possui o `id` denominado `pixel-board`",
              "timedOut": null,
              "duration": 5362,
              "state": "failed",
              "speed": null,
              "pass": false,
              "fail": true,
              "pending": false,
              "context": null,
              "code": "cy.get('#pixel-board').should('be.visible');",
              "err": {
                "message": "CypressError: Timed out retrying: Expected to find element: '#pixel-board', but never found it.",
                "estack": "CypressError: Timed out retrying: Expected to find element: '#pixel-board', but never found it.\n    at cypressErr (http://localhost:32823/__cypress/runner/cypress_runner.js:149934:9)\n    at throwErr (http://localhost:32823/__cypress/runner/cypress_runner.js:149867:11)\n    at Object.throwErrByPath (http://localhost:32823/__cypress/runner/cypress_runner.js:149915:3)\n    at retry (http://localhost:32823/__cypress/runner/cypress_runner.js:144197:19)\n    at onFailFn (http://localhost:32823/__cypress/runner/cypress_runner.js:132448:16)\n    at tryCatcher (http://localhost:32823/__cypress/runner/cypress_runner.js:167415:23)\n    at Promise._settlePromiseFromHandler (http://localhost:32823/__cypress/runner/cypress_runner.js:165351:31)\n    at Promise._settlePromise (http://localhost:32823/__cypress/runner/cypress_runner.js:165408:18)\n    at Promise._settlePromise0 (http://localhost:32823/__cypress/runner/cypress_runner.js:165453:10)\n    at Promise._settlePromises (http://localhost:32823/__cypress/runner/cypress_runner.js:165528:18)\n    at Async../node_modules/bluebird/js/release/async.js.Async._drainQueue (http://localhost:32823/__cypress/runner/cypress_runner.js:162140:16)\n    at Async../node_modules/bluebird/js/release/async.js.Async._drainQueues (http://localhost:32823/__cypress/runner/cypress_runner.js:162150:10)\n    at Async.drainQueues (http://localhost:32823/__cypress/runner/cypress_runner.js:162024:14)",
                "diff": null
              },
              "uuid": "16d27249-ef2f-41b0-be7d-37fe85c73f5c",
              "parentUUID": "3b69bcfe-6f34-45e9-9f6d-556048d5c069",
              "isHook": false,
              "skipped": false
            },
            {
              "title": "Verifica se cada pixel individual dentro do quadro possui a `classe` denominada `pixel`.",
              "fullTitle": "4 - Adicione à página um quadro de pixels, com 25 pixels. Verifica se cada pixel individual dentro do quadro possui a `classe` denominada `pixel`.",
              "timedOut": null,
              "duration": 4861,
              "state": "failed",
              "speed": null,
              "pass": false,
              "fail": true,
              "pending": false,
              "context": null,
              "code": "cy.get('.pixel').should('have.length', 25);",
              "err": {
                "message": "CypressError: Timed out retrying: Expected to find element: '.pixel', but never found it.",
                "estack": "CypressError: Timed out retrying: Expected to find element: '.pixel', but never found it.\n    at cypressErr (http://localhost:32823/__cypress/runner/cypress_runner.js:149934:9)\n    at throwErr (http://localhost:32823/__cypress/runner/cypress_runner.js:149867:11)\n    at Object.throwErrByPath (http://localhost:32823/__cypress/runner/cypress_runner.js:149915:3)\n    at retry (http://localhost:32823/__cypress/runner/cypress_runner.js:144197:19)\n    at onFailFn (http://localhost:32823/__cypress/runner/cypress_runner.js:132448:16)\n    at tryCatcher (http://localhost:32823/__cypress/runner/cypress_runner.js:167415:23)\n    at Promise._settlePromiseFromHandler (http://localhost:32823/__cypress/runner/cypress_runner.js:165351:31)\n    at Promise._settlePromise (http://localhost:32823/__cypress/runner/cypress_runner.js:165408:18)\n    at Promise._settlePromise0 (http://localhost:32823/__cypress/runner/cypress_runner.js:165453:10)\n    at Promise._settlePromises (http://localhost:32823/__cypress/runner/cypress_runner.js:165528:18)\n    at Async../node_modules/bluebird/js/release/async.js.Async._drainQueue (http://localhost:32823/__cypress/runner/cypress_runner.js:162140:16)\n    at Async../node_modules/bluebird/js/release/async.js.Async._drainQueues (http://localhost:32823/__cypress/runner/cypress_runner.js:162150:10)\n    at Async.drainQueues (http://localhost:32823/__cypress/runner/cypress_runner.js:162024:14)",
                "diff": null
              },
              "uuid": "0ae0af2d-56c2-4a87-81a1-2d8905bc483f",
              "parentUUID": "3b69bcfe-6f34-45e9-9f6d-556048d5c069",
              "isHook": false,
              "skipped": false
            },
            {
              "title": "Verifica se a cor inicial dos pixels dentro do quadro, ao abrir a página, é branca.",
              "fullTitle": "4 - Adicione à página um quadro de pixels, com 25 pixels. Verifica se a cor inicial dos pixels dentro do quadro, ao abrir a página, é branca.",
              "timedOut": null,
              "duration": 4630,
              "state": "failed",
              "speed": null,
              "pass": false,
              "fail": true,
              "pending": false,
              "context": null,
              "code": "cy.get('.pixel').should('have.length', 25).each(function (pixel) {\n  expect(pixel).to.have.css('background-color', WHITE);\n});",
              "err": {
                "message": "CypressError: Timed out retrying: Expected to find element: '.pixel', but never found it.",
                "estack": "CypressError: Timed out retrying: Expected to find element: '.pixel', but never found it.\n    at cypressErr (http://localhost:32823/__cypress/runner/cypress_runner.js:149934:9)\n    at throwErr (http://localhost:32823/__cypress/runner/cypress_runner.js:149867:11)\n    at Object.throwErrByPath (http://localhost:32823/__cypress/runner/cypress_runner.js:149915:3)\n    at retry (http://localhost:32823/__cypress/runner/cypress_runner.js:144197:19)\n    at onFailFn (http://localhost:32823/__cypress/runner/cypress_runner.js:132448:16)\n    at tryCatcher (http://localhost:32823/__cypress/runner/cypress_runner.js:167415:23)\n    at Promise._settlePromiseFromHandler (http://localhost:32823/__cypress/runner/cypress_runner.js:165351:31)\n    at Promise._settlePromise (http://localhost:32823/__cypress/runner/cypress_runner.js:165408:18)\n    at Promise._settlePromise0 (http://localhost:32823/__cypress/runner/cypress_runner.js:165453:10)\n    at Promise._settlePromises (http://localhost:32823/__cypress/runner/cypress_runner.js:165528:18)\n    at Async../node_modules/bluebird/js/release/async.js.Async._drainQueue (http://localhost:32823/__cypress/runner/cypress_runner.js:162140:16)\n    at Async../node_modules/bluebird/js/release/async.js.Async._drainQueues (http://localhost:32823/__cypress/runner/cypress_runner.js:162150:10)\n    at Async.drainQueues (http://localhost:32823/__cypress/runner/cypress_runner.js:162024:14)",
                "diff": null
              },
              "uuid": "76dad7e0-7b80-424e-86c7-289745d67aa2",
              "parentUUID": "3b69bcfe-6f34-45e9-9f6d-556048d5c069",
              "isHook": false,
              "skipped": false
            },
            {
              "title": "Verifica se o quadro de pixels aparece abaixo da paleta de cores",
              "fullTitle": "4 - Adicione à página um quadro de pixels, com 25 pixels. Verifica se o quadro de pixels aparece abaixo da paleta de cores",
              "timedOut": null,
              "duration": 4711,
              "state": "failed",
              "speed": null,
              "pass": false,
              "fail": true,
              "pending": false,
              "context": null,
              "code": "cy.get('#color-palette').then(function (palette) {\n  cy.get('#pixel-board').should('be.belowOf', palette);\n});",
              "err": {
                "message": "CypressError: Timed out retrying: Expected to find element: '#color-palette', but never found it.",
                "estack": "CypressError: Timed out retrying: Expected to find element: '#color-palette', but never found it.\n    at cypressErr (http://localhost:32823/__cypress/runner/cypress_runner.js:149934:9)\n    at throwErr (http://localhost:32823/__cypress/runner/cypress_runner.js:149867:11)\n    at Object.throwErrByPath (http://localhost:32823/__cypress/runner/cypress_runner.js:149915:3)\n    at retry (http://localhost:32823/__cypress/runner/cypress_runner.js:144197:19)\n    at onFailFn (http://localhost:32823/__cypress/runner/cypress_runner.js:132448:16)\n    at tryCatcher (http://localhost:32823/__cypress/runner/cypress_runner.js:167415:23)\n    at Promise._settlePromiseFromHandler (http://localhost:32823/__cypress/runner/cypress_runner.js:165351:31)\n    at Promise._settlePromise (http://localhost:32823/__cypress/runner/cypress_runner.js:165408:18)\n    at Promise._settlePromise0 (http://localhost:32823/__cypress/runner/cypress_runner.js:165453:10)\n    at Promise._settlePromises (http://localhost:32823/__cypress/runner/cypress_runner.js:165528:18)\n    at Async../node_modules/bluebird/js/release/async.js.Async._drainQueue (http://localhost:32823/__cypress/runner/cypress_runner.js:162140:16)\n    at Async../node_modules/bluebird/js/release/async.js.Async._drainQueues (http://localhost:32823/__cypress/runner/cypress_runner.js:162150:10)\n    at Async.drainQueues (http://localhost:32823/__cypress/runner/cypress_runner.js:162024:14)",
                "diff": null
              },
              "uuid": "cf9e9bf3-b248-48c7-a4bf-d95f72ffa975",
              "parentUUID": "3b69bcfe-6f34-45e9-9f6d-556048d5c069",
              "isHook": false,
              "skipped": false
            }
          ],
          "suites": [],
          "passes": [],
          "failures": [
            "16d27249-ef2f-41b0-be7d-37fe85c73f5c",
            "0ae0af2d-56c2-4a87-81a1-2d8905bc483f",
            "76dad7e0-7b80-424e-86c7-289745d67aa2",
            "cf9e9bf3-b248-48c7-a4bf-d95f72ffa975"
          ],
          "pending": [],
          "skipped": [],
          "duration": 19564,
          "root": false,
          "rootEmpty": false,
          "_timeout": 2000
        },
        {
          "uuid": "82e73caf-190a-494c-a327-fa71306836c3",
          "title": "5 - Faça com que cada elemento do quadro de pixels possua 40 pixels de largura, 40 pixels de altura e seja delimitado por uma borda preta de 1 pixel.",
          "fullFile": "",
          "file": "",
          "beforeHooks": [],
          "afterHooks": [],
          "tests": [
            {
              "title": "Verifica se o quadro de pixels tem altura e comprimento de 5 elementos",
              "fullTitle": "5 - Faça com que cada elemento do quadro de pixels possua 40 pixels de largura, 40 pixels de altura e seja delimitado por uma borda preta de 1 pixel. Verifica se o quadro de pixels tem altura e comprimento de 5 elementos",
              "timedOut": null,
              "duration": 5164,
              "state": "failed",
              "speed": null,
              "pass": false,
              "fail": true,
              "pending": false,
              "context": null,
              "code": "cy.get('.pixel').should('have.length', 25).each(function (pixel) {\n  expect(pixel).to.have.css('background-color', WHITE);\n}).and(function (pixels) {\n  var rows = chunk(pixels, 5);\n  rows.forEach(function (row) {\n    for (var index = 1; index < row.length; index += 1) {\n      var current = pixels[index];\n      var previous = pixels[index - 1];\n      cy.wrap(current).should('be.onTheRightOf', previous).and('be.horizontallyAlignedWith', previous);\n    }\n  });\n  for (var index = 1; index < 5; index += 1) {\n    expect(pixels[index * 5]).to.be.belowOf(pixels[(index - 1) * 5]);\n  }\n});",
              "err": {
                "message": "CypressError: Timed out retrying: Expected to find element: '.pixel', but never found it.",
                "estack": "CypressError: Timed out retrying: Expected to find element: '.pixel', but never found it.\n    at cypressErr (http://localhost:32823/__cypress/runner/cypress_runner.js:149934:9)\n    at throwErr (http://localhost:32823/__cypress/runner/cypress_runner.js:149867:11)\n    at Object.throwErrByPath (http://localhost:32823/__cypress/runner/cypress_runner.js:149915:3)\n    at retry (http://localhost:32823/__cypress/runner/cypress_runner.js:144197:19)\n    at onFailFn (http://localhost:32823/__cypress/runner/cypress_runner.js:132448:16)\n    at tryCatcher (http://localhost:32823/__cypress/runner/cypress_runner.js:167415:23)\n    at Promise._settlePromiseFromHandler (http://localhost:32823/__cypress/runner/cypress_runner.js:165351:31)\n    at Promise._settlePromise (http://localhost:32823/__cypress/runner/cypress_runner.js:165408:18)\n    at Promise._settlePromise0 (http://localhost:32823/__cypress/runner/cypress_runner.js:165453:10)\n    at Promise._settlePromises (http://localhost:32823/__cypress/runner/cypress_runner.js:165528:18)\n    at Async../node_modules/bluebird/js/release/async.js.Async._drainQueue (http://localhost:32823/__cypress/runner/cypress_runner.js:162140:16)\n    at Async../node_modules/bluebird/js/release/async.js.Async._drainQueues (http://localhost:32823/__cypress/runner/cypress_runner.js:162150:10)\n    at Async.drainQueues (http://localhost:32823/__cypress/runner/cypress_runner.js:162024:14)",
                "diff": null
              },
              "uuid": "f983a60e-994a-4cc1-a38d-e6ba49a36eed",
              "parentUUID": "82e73caf-190a-494c-a327-fa71306836c3",
              "isHook": false,
              "skipped": false
            },
            {
              "title": "Verifica se 40 pixels é o tamanho total do elemento, incluindo seu conteúdo e excluindo a borda preta, que deve ser criada à parte.",
              "fullTitle": "5 - Faça com que cada elemento do quadro de pixels possua 40 pixels de largura, 40 pixels de altura e seja delimitado por uma borda preta de 1 pixel. Verifica se 40 pixels é o tamanho total do elemento, incluindo seu conteúdo e excluindo a borda preta, que deve ser criada à parte.",
              "timedOut": null,
              "duration": 4753,
              "state": "failed",
              "speed": null,
              "pass": false,
              "fail": true,
              "pending": false,
              "context": null,
              "code": "cy.get('.pixel').each(function (pixel) {\n  cy.wrap(pixel).should('have.css', 'height', '40px').and('have.css', 'width', '40px').and('have.css', 'border', \"1px solid \".concat(BLACK));\n});",
              "err": {
                "message": "CypressError: Timed out retrying: Expected to find element: '.pixel', but never found it.",
                "estack": "CypressError: Timed out retrying: Expected to find element: '.pixel', but never found it.\n    at cypressErr (http://localhost:32823/__cypress/runner/cypress_runner.js:149934:9)\n    at throwErr (http://localhost:32823/__cypress/runner/cypress_runner.js:149867:11)\n    at Object.throwErrByPath (http://localhost:32823/__cypress/runner/cypress_runner.js:149915:3)\n    at retry (http://localhost:32823/__cypress/runner/cypress_runner.js:144197:19)\n    at onFailFn (http://localhost:32823/__cypress/runner/cypress_runner.js:132448:16)\n    at tryCatcher (http://localhost:32823/__cypress/runner/cypress_runner.js:167415:23)\n    at Promise._settlePromiseFromHandler (http://localhost:32823/__cypress/runner/cypress_runner.js:165351:31)\n    at Promise._settlePromise (http://localhost:32823/__cypress/runner/cypress_runner.js:165408:18)\n    at Promise._settlePromise0 (http://localhost:32823/__cypress/runner/cypress_runner.js:165453:10)\n    at Promise._settlePromises (http://localhost:32823/__cypress/runner/cypress_runner.js:165528:18)\n    at Async../node_modules/bluebird/js/release/async.js.Async._drainQueue (http://localhost:32823/__cypress/runner/cypress_runner.js:162140:16)\n    at Async../node_modules/bluebird/js/release/async.js.Async._drainQueues (http://localhost:32823/__cypress/runner/cypress_runner.js:162150:10)\n    at Async.drainQueues (http://localhost:32823/__cypress/runner/cypress_runner.js:162024:14)",
                "diff": null
              },
              "uuid": "642cc25b-93be-4737-a49b-8511fba4d17b",
              "parentUUID": "82e73caf-190a-494c-a327-fa71306836c3",
              "isHook": false,
              "skipped": false
            }
          ],
          "suites": [],
          "passes": [],
          "failures": [
            "f983a60e-994a-4cc1-a38d-e6ba49a36eed",
            "642cc25b-93be-4737-a49b-8511fba4d17b"
          ],
          "pending": [],
          "skipped": [],
          "duration": 9917,
          "root": false,
          "rootEmpty": false,
          "_timeout": 2000
        },
        {
          "uuid": "1b83ac58-4499-4f28-84d8-d023d8fc3816",
          "title": "6 - Defina a cor preta como cor inicial. Ao carregar a página a cor preta já deve estar selecionada para pintar os pixels",
          "fullFile": "",
          "file": "",
          "beforeHooks": [],
          "afterHooks": [],
          "tests": [
            {
              "title": "Verifica se o elemento da cor preta possui, inicialmente, a `classe` `selected`",
              "fullTitle": "6 - Defina a cor preta como cor inicial. Ao carregar a página a cor preta já deve estar selecionada para pintar os pixels Verifica se o elemento da cor preta possui, inicialmente, a `classe` `selected`",
              "timedOut": null,
              "duration": 4761,
              "state": "failed",
              "speed": null,
              "pass": false,
              "fail": true,
              "pending": false,
              "context": null,
              "code": "cy.get('.selected').first().should('have.css', 'background-color', BLACK);",
              "err": {
                "message": "CypressError: Timed out retrying: Expected to find element: '.selected', but never found it.",
                "estack": "CypressError: Timed out retrying: Expected to find element: '.selected', but never found it.\n    at cypressErr (http://localhost:32823/__cypress/runner/cypress_runner.js:149934:9)\n    at throwErr (http://localhost:32823/__cypress/runner/cypress_runner.js:149867:11)\n    at Object.throwErrByPath (http://localhost:32823/__cypress/runner/cypress_runner.js:149915:3)\n    at retry (http://localhost:32823/__cypress/runner/cypress_runner.js:144197:19)\n    at onFailFn (http://localhost:32823/__cypress/runner/cypress_runner.js:132448:16)\n    at tryCatcher (http://localhost:32823/__cypress/runner/cypress_runner.js:167415:23)\n    at Promise._settlePromiseFromHandler (http://localhost:32823/__cypress/runner/cypress_runner.js:165351:31)\n    at Promise._settlePromise (http://localhost:32823/__cypress/runner/cypress_runner.js:165408:18)\n    at Promise._settlePromise0 (http://localhost:32823/__cypress/runner/cypress_runner.js:165453:10)\n    at Promise._settlePromises (http://localhost:32823/__cypress/runner/cypress_runner.js:165528:18)\n    at Async../node_modules/bluebird/js/release/async.js.Async._drainQueue (http://localhost:32823/__cypress/runner/cypress_runner.js:162140:16)\n    at Async../node_modules/bluebird/js/release/async.js.Async._drainQueues (http://localhost:32823/__cypress/runner/cypress_runner.js:162150:10)\n    at Async.drainQueues (http://localhost:32823/__cypress/runner/cypress_runner.js:162024:14)",
                "diff": null
              },
              "uuid": "babb743d-5294-4732-85ae-e529b5b7d093",
              "parentUUID": "1b83ac58-4499-4f28-84d8-d023d8fc3816",
              "isHook": false,
              "skipped": false
            },
            {
              "title": "Verifica se nenhuma outra cor da paleta tem a `classe` `selected`",
              "fullTitle": "6 - Defina a cor preta como cor inicial. Ao carregar a página a cor preta já deve estar selecionada para pintar os pixels Verifica se nenhuma outra cor da paleta tem a `classe` `selected`",
              "timedOut": null,
              "duration": 5235,
              "state": "failed",
              "speed": null,
              "pass": false,
              "fail": true,
              "pending": false,
              "context": null,
              "code": "cy.get('.color:not(:first-child)').each(function (color) {\n  cy.wrap(color).should('not.have.class', 'selected');\n});",
              "err": {
                "message": "CypressError: Timed out retrying: Expected to find element: '.color:not(:first-child)', but never found it.",
                "estack": "CypressError: Timed out retrying: Expected to find element: '.color:not(:first-child)', but never found it.\n    at cypressErr (http://localhost:32823/__cypress/runner/cypress_runner.js:149934:9)\n    at throwErr (http://localhost:32823/__cypress/runner/cypress_runner.js:149867:11)\n    at Object.throwErrByPath (http://localhost:32823/__cypress/runner/cypress_runner.js:149915:3)\n    at retry (http://localhost:32823/__cypress/runner/cypress_runner.js:144197:19)\n    at onFailFn (http://localhost:32823/__cypress/runner/cypress_runner.js:132448:16)\n    at tryCatcher (http://localhost:32823/__cypress/runner/cypress_runner.js:167415:23)\n    at Promise._settlePromiseFromHandler (http://localhost:32823/__cypress/runner/cypress_runner.js:165351:31)\n    at Promise._settlePromise (http://localhost:32823/__cypress/runner/cypress_runner.js:165408:18)\n    at Promise._settlePromise0 (http://localhost:32823/__cypress/runner/cypress_runner.js:165453:10)\n    at Promise._settlePromises (http://localhost:32823/__cypress/runner/cypress_runner.js:165528:18)\n    at Async../node_modules/bluebird/js/release/async.js.Async._drainQueue (http://localhost:32823/__cypress/runner/cypress_runner.js:162140:16)\n    at Async../node_modules/bluebird/js/release/async.js.Async._drainQueues (http://localhost:32823/__cypress/runner/cypress_runner.js:162150:10)\n    at Async.drainQueues (http://localhost:32823/__cypress/runner/cypress_runner.js:162024:14)",
                "diff": null
              },
              "uuid": "3ef15898-f07d-4221-a3c0-2698bb6c2652",
              "parentUUID": "1b83ac58-4499-4f28-84d8-d023d8fc3816",
              "isHook": false,
              "skipped": false
            }
          ],
          "suites": [],
          "passes": [],
          "failures": [
            "babb743d-5294-4732-85ae-e529b5b7d093",
            "3ef15898-f07d-4221-a3c0-2698bb6c2652"
          ],
          "pending": [],
          "skipped": [],
          "duration": 9996,
          "root": false,
          "rootEmpty": false,
          "_timeout": 2000
        },
        {
          "uuid": "c9acd815-4959-440f-980a-15cc11f53317",
          "title": "7 - Clicar em uma das cores da paleta, faz com que ela seja selecionada e utilizada para preencher os pixels no quadro.",
          "fullFile": "",
          "file": "",
          "beforeHooks": [],
          "afterHooks": [],
          "tests": [
            {
              "title": "Verifica se somente uma cor da paleta de cores tem a classe `selected` de cada vez",
              "fullTitle": "7 - Clicar em uma das cores da paleta, faz com que ela seja selecionada e utilizada para preencher os pixels no quadro. Verifica se somente uma cor da paleta de cores tem a classe `selected` de cada vez",
              "timedOut": null,
              "duration": 5347,
              "state": "failed",
              "speed": null,
              "pass": false,
              "fail": true,
              "pending": false,
              "context": null,
              "code": "cy.get('.color').each(function (selectedColor, selectedColorIndex) {\n  cy.wrap(selectedColor).click();\n  cy.get('.color').each(function (color, colorIndex) {\n    if (colorIndex === selectedColorIndex) {\n      expect(color).to.have[\"class\"]('selected');\n    } else {\n      expect(color).not.to.have[\"class\"]('selected');\n    }\n  });\n});",
              "err": {
                "message": "CypressError: Timed out retrying: Expected to find element: '.color', but never found it.",
                "estack": "CypressError: Timed out retrying: Expected to find element: '.color', but never found it.\n    at cypressErr (http://localhost:32823/__cypress/runner/cypress_runner.js:149934:9)\n    at throwErr (http://localhost:32823/__cypress/runner/cypress_runner.js:149867:11)\n    at Object.throwErrByPath (http://localhost:32823/__cypress/runner/cypress_runner.js:149915:3)\n    at retry (http://localhost:32823/__cypress/runner/cypress_runner.js:144197:19)\n    at onFailFn (http://localhost:32823/__cypress/runner/cypress_runner.js:132448:16)\n    at tryCatcher (http://localhost:32823/__cypress/runner/cypress_runner.js:167415:23)\n    at Promise._settlePromiseFromHandler (http://localhost:32823/__cypress/runner/cypress_runner.js:165351:31)\n    at Promise._settlePromise (http://localhost:32823/__cypress/runner/cypress_runner.js:165408:18)\n    at Promise._settlePromise0 (http://localhost:32823/__cypress/runner/cypress_runner.js:165453:10)\n    at Promise._settlePromises (http://localhost:32823/__cypress/runner/cypress_runner.js:165528:18)\n    at Async../node_modules/bluebird/js/release/async.js.Async._drainQueue (http://localhost:32823/__cypress/runner/cypress_runner.js:162140:16)\n    at Async../node_modules/bluebird/js/release/async.js.Async._drainQueues (http://localhost:32823/__cypress/runner/cypress_runner.js:162150:10)\n    at Async.drainQueues (http://localhost:32823/__cypress/runner/cypress_runner.js:162024:14)",
                "diff": null
              },
              "uuid": "88f88fa4-add6-4009-9d70-6e5b6c79d4cf",
              "parentUUID": "c9acd815-4959-440f-980a-15cc11f53317",
              "isHook": false,
              "skipped": false
            },
            {
              "title": "Verifica se os pixels dentro do quadro não têm a classe `selected` quando são clicados",
              "fullTitle": "7 - Clicar em uma das cores da paleta, faz com que ela seja selecionada e utilizada para preencher os pixels no quadro. Verifica se os pixels dentro do quadro não têm a classe `selected` quando são clicados",
              "timedOut": null,
              "duration": 4791,
              "state": "failed",
              "speed": null,
              "pass": false,
              "fail": true,
              "pending": false,
              "context": null,
              "code": "cy.get('.color').each(function (color) {\n  var backgroundColor = color.css('background-color');\n  cy.wrap(color).click();\n  cy.get('.pixel').each(function (pixel) {\n    cy.wrap(pixel).click().should('not.have.class', 'selected');\n  });\n});",
              "err": {
                "message": "CypressError: Timed out retrying: Expected to find element: '.color', but never found it.",
                "estack": "CypressError: Timed out retrying: Expected to find element: '.color', but never found it.\n    at cypressErr (http://localhost:32823/__cypress/runner/cypress_runner.js:149934:9)\n    at throwErr (http://localhost:32823/__cypress/runner/cypress_runner.js:149867:11)\n    at Object.throwErrByPath (http://localhost:32823/__cypress/runner/cypress_runner.js:149915:3)\n    at retry (http://localhost:32823/__cypress/runner/cypress_runner.js:144197:19)\n    at onFailFn (http://localhost:32823/__cypress/runner/cypress_runner.js:132448:16)\n    at tryCatcher (http://localhost:32823/__cypress/runner/cypress_runner.js:167415:23)\n    at Promise._settlePromiseFromHandler (http://localhost:32823/__cypress/runner/cypress_runner.js:165351:31)\n    at Promise._settlePromise (http://localhost:32823/__cypress/runner/cypress_runner.js:165408:18)\n    at Promise._settlePromise0 (http://localhost:32823/__cypress/runner/cypress_runner.js:165453:10)\n    at Promise._settlePromises (http://localhost:32823/__cypress/runner/cypress_runner.js:165528:18)\n    at Async../node_modules/bluebird/js/release/async.js.Async._drainQueue (http://localhost:32823/__cypress/runner/cypress_runner.js:162140:16)\n    at Async../node_modules/bluebird/js/release/async.js.Async._drainQueues (http://localhost:32823/__cypress/runner/cypress_runner.js:162150:10)\n    at Async.drainQueues (http://localhost:32823/__cypress/runner/cypress_runner.js:162024:14)",
                "diff": null
              },
              "uuid": "dbb3dc9e-6b33-44b2-b348-b4a4f680c427",
              "parentUUID": "c9acd815-4959-440f-980a-15cc11f53317",
              "isHook": false,
              "skipped": false
            }
          ],
          "suites": [],
          "passes": [],
          "failures": [
            "88f88fa4-add6-4009-9d70-6e5b6c79d4cf",
            "dbb3dc9e-6b33-44b2-b348-b4a4f680c427"
          ],
          "pending": [],
          "skipped": [],
          "duration": 10138,
          "root": false,
          "rootEmpty": false,
          "_timeout": 2000
        },
        {
          "uuid": "8aadcfac-0d30-4ea0-8d3d-cd3b6f911c6b",
          "title": "8 - Clicar em um pixel dentro do quadro após selecionar uma cor na paleta, faz com que o pixel seja preenchido com a cor selecionada.",
          "fullFile": "",
          "file": "",
          "beforeHooks": [],
          "afterHooks": [],
          "tests": [
            {
              "title": "Verifica se ao carregar a página deve ser possível pintar os pixels de preto",
              "fullTitle": "8 - Clicar em um pixel dentro do quadro após selecionar uma cor na paleta, faz com que o pixel seja preenchido com a cor selecionada. Verifica se ao carregar a página deve ser possível pintar os pixels de preto",
              "timedOut": null,
              "duration": 4628,
              "state": "failed",
              "speed": null,
              "pass": false,
              "fail": true,
              "pending": false,
              "context": null,
              "code": "cy.get('.pixel').each(function (pixel) {\n  cy.wrap(pixel).click().should('have.css', 'background-color', BLACK);\n});",
              "err": {
                "message": "CypressError: Timed out retrying: Expected to find element: '.pixel', but never found it.",
                "estack": "CypressError: Timed out retrying: Expected to find element: '.pixel', but never found it.\n    at cypressErr (http://localhost:32823/__cypress/runner/cypress_runner.js:149934:9)\n    at throwErr (http://localhost:32823/__cypress/runner/cypress_runner.js:149867:11)\n    at Object.throwErrByPath (http://localhost:32823/__cypress/runner/cypress_runner.js:149915:3)\n    at retry (http://localhost:32823/__cypress/runner/cypress_runner.js:144197:19)\n    at onFailFn (http://localhost:32823/__cypress/runner/cypress_runner.js:132448:16)\n    at tryCatcher (http://localhost:32823/__cypress/runner/cypress_runner.js:167415:23)\n    at Promise._settlePromiseFromHandler (http://localhost:32823/__cypress/runner/cypress_runner.js:165351:31)\n    at Promise._settlePromise (http://localhost:32823/__cypress/runner/cypress_runner.js:165408:18)\n    at Promise._settlePromise0 (http://localhost:32823/__cypress/runner/cypress_runner.js:165453:10)\n    at Promise._settlePromises (http://localhost:32823/__cypress/runner/cypress_runner.js:165528:18)\n    at Async../node_modules/bluebird/js/release/async.js.Async._drainQueue (http://localhost:32823/__cypress/runner/cypress_runner.js:162140:16)\n    at Async../node_modules/bluebird/js/release/async.js.Async._drainQueues (http://localhost:32823/__cypress/runner/cypress_runner.js:162150:10)\n    at Async.drainQueues (http://localhost:32823/__cypress/runner/cypress_runner.js:162024:14)",
                "diff": null
              },
              "uuid": "a6ca8bfd-2cfb-45b8-8349-77bc4e826804",
              "parentUUID": "8aadcfac-0d30-4ea0-8d3d-cd3b6f911c6b",
              "isHook": false,
              "skipped": false
            },
            {
              "title": "Verifica se após selecionar uma outra cor na paleta, é possível pintar os pixels com essa cor",
              "fullTitle": "8 - Clicar em um pixel dentro do quadro após selecionar uma cor na paleta, faz com que o pixel seja preenchido com a cor selecionada. Verifica se após selecionar uma outra cor na paleta, é possível pintar os pixels com essa cor",
              "timedOut": null,
              "duration": 4899,
              "state": "failed",
              "speed": null,
              "pass": false,
              "fail": true,
              "pending": false,
              "context": null,
              "code": "cy.get('.color').each(function (color) {\n  var backgroundColor = color.css('background-color');\n  cy.wrap(color).click();\n  cy.get('.pixel').each(function (pixel) {\n    cy.wrap(pixel).click().should('have.css', 'background-color', backgroundColor);\n  });\n});",
              "err": {
                "message": "CypressError: Timed out retrying: Expected to find element: '.color', but never found it.",
                "estack": "CypressError: Timed out retrying: Expected to find element: '.color', but never found it.\n    at cypressErr (http://localhost:32823/__cypress/runner/cypress_runner.js:149934:9)\n    at throwErr (http://localhost:32823/__cypress/runner/cypress_runner.js:149867:11)\n    at Object.throwErrByPath (http://localhost:32823/__cypress/runner/cypress_runner.js:149915:3)\n    at retry (http://localhost:32823/__cypress/runner/cypress_runner.js:144197:19)\n    at onFailFn (http://localhost:32823/__cypress/runner/cypress_runner.js:132448:16)\n    at tryCatcher (http://localhost:32823/__cypress/runner/cypress_runner.js:167415:23)\n    at Promise._settlePromiseFromHandler (http://localhost:32823/__cypress/runner/cypress_runner.js:165351:31)\n    at Promise._settlePromise (http://localhost:32823/__cypress/runner/cypress_runner.js:165408:18)\n    at Promise._settlePromise0 (http://localhost:32823/__cypress/runner/cypress_runner.js:165453:10)\n    at Promise._settlePromises (http://localhost:32823/__cypress/runner/cypress_runner.js:165528:18)\n    at Async../node_modules/bluebird/js/release/async.js.Async._drainQueue (http://localhost:32823/__cypress/runner/cypress_runner.js:162140:16)\n    at Async../node_modules/bluebird/js/release/async.js.Async._drainQueues (http://localhost:32823/__cypress/runner/cypress_runner.js:162150:10)\n    at Async.drainQueues (http://localhost:32823/__cypress/runner/cypress_runner.js:162024:14)",
                "diff": null
              },
              "uuid": "57bd8897-0fde-4f68-aea7-7873d5348552",
              "parentUUID": "8aadcfac-0d30-4ea0-8d3d-cd3b6f911c6b",
              "isHook": false,
              "skipped": false
            },
            {
              "title": "Verifica se somente o pixel que foi clicado foi preenchido com a cor selecionada, sem influenciar na cor dos demais pixels.",
              "fullTitle": "8 - Clicar em um pixel dentro do quadro após selecionar uma cor na paleta, faz com que o pixel seja preenchido com a cor selecionada. Verifica se somente o pixel que foi clicado foi preenchido com a cor selecionada, sem influenciar na cor dos demais pixels.",
              "timedOut": null,
              "duration": 4897,
              "state": "failed",
              "speed": null,
              "pass": false,
              "fail": true,
              "pending": false,
              "context": null,
              "code": "var colorToPixelIndexMap = {\n  0: 6,\n  1: 8,\n  2: 16,\n  3: 18\n};\ncy.get('.color').each(function (color, index) {\n  cy.wrap(color).click();\n  var backgroundColor = color.css('background-color');\n  var clickedPixelIndex = colorToPixelIndexMap[index];\n  cy.get('.pixel').eq(clickedPixelIndex).click();\n  cy.get('.pixel').eq(clickedPixelIndex - 1).should('not.have.css', 'background-color', backgroundColor);\n  cy.get('.pixel').eq(clickedPixelIndex + 1).should('not.have.css', 'background-color', backgroundColor);\n  cy.get('.pixel').eq(clickedPixelIndex - 5).should('not.have.css', 'background-color', backgroundColor);\n  cy.get('.pixel').eq(clickedPixelIndex + 5).should('not.have.css', 'background-color', backgroundColor);\n  cy.get('.pixel').eq(clickedPixelIndex - 6).should('not.have.css', 'background-color', backgroundColor);\n  cy.get('.pixel').eq(clickedPixelIndex - 4).should('not.have.css', 'background-color', backgroundColor);\n  cy.get('.pixel').eq(clickedPixelIndex + 4).should('not.have.css', 'background-color', backgroundColor);\n  cy.get('.pixel').eq(clickedPixelIndex + 6).should('not.have.css', 'background-color', backgroundColor);\n});",
              "err": {
                "message": "CypressError: Timed out retrying: Expected to find element: '.color', but never found it.",
                "estack": "CypressError: Timed out retrying: Expected to find element: '.color', but never found it.\n    at cypressErr (http://localhost:32823/__cypress/runner/cypress_runner.js:149934:9)\n    at throwErr (http://localhost:32823/__cypress/runner/cypress_runner.js:149867:11)\n    at Object.throwErrByPath (http://localhost:32823/__cypress/runner/cypress_runner.js:149915:3)\n    at retry (http://localhost:32823/__cypress/runner/cypress_runner.js:144197:19)\n    at onFailFn (http://localhost:32823/__cypress/runner/cypress_runner.js:132448:16)\n    at tryCatcher (http://localhost:32823/__cypress/runner/cypress_runner.js:167415:23)\n    at Promise._settlePromiseFromHandler (http://localhost:32823/__cypress/runner/cypress_runner.js:165351:31)\n    at Promise._settlePromise (http://localhost:32823/__cypress/runner/cypress_runner.js:165408:18)\n    at Promise._settlePromise0 (http://localhost:32823/__cypress/runner/cypress_runner.js:165453:10)\n    at Promise._settlePromises (http://localhost:32823/__cypress/runner/cypress_runner.js:165528:18)\n    at Async../node_modules/bluebird/js/release/async.js.Async._drainQueue (http://localhost:32823/__cypress/runner/cypress_runner.js:162140:16)\n    at Async../node_modules/bluebird/js/release/async.js.Async._drainQueues (http://localhost:32823/__cypress/runner/cypress_runner.js:162150:10)\n    at Async.drainQueues (http://localhost:32823/__cypress/runner/cypress_runner.js:162024:14)",
                "diff": null
              },
              "uuid": "e1576bd8-1395-42bd-8f32-8720e70e16cc",
              "parentUUID": "8aadcfac-0d30-4ea0-8d3d-cd3b6f911c6b",
              "isHook": false,
              "skipped": false
            }
          ],
          "suites": [],
          "passes": [],
          "failures": [
            "a6ca8bfd-2cfb-45b8-8349-77bc4e826804",
            "57bd8897-0fde-4f68-aea7-7873d5348552",
            "e1576bd8-1395-42bd-8f32-8720e70e16cc"
          ],
          "pending": [],
          "skipped": [],
          "duration": 14424,
          "root": false,
          "rootEmpty": false,
          "_timeout": 2000
        },
        {
          "uuid": "67087ba9-3b36-428e-878a-5182d9621d33",
          "title": "9 - Crie um botão que, ao ser clicado, limpa o quadro preenchendo a cor de todos seus pixels com branco.",
          "fullFile": "",
          "file": "",
          "beforeHooks": [],
          "afterHooks": [],
          "tests": [
            {
              "title": "Verifica se o botão tem o `id` denominado `clear-board`",
              "fullTitle": "9 - Crie um botão que, ao ser clicado, limpa o quadro preenchendo a cor de todos seus pixels com branco. Verifica se o botão tem o `id` denominado `clear-board`",
              "timedOut": null,
              "duration": 4781,
              "state": "failed",
              "speed": null,
              "pass": false,
              "fail": true,
              "pending": false,
              "context": null,
              "code": "cy.get('#clear-board').should('be.visible');",
              "err": {
                "message": "CypressError: Timed out retrying: Expected to find element: '#clear-board', but never found it.",
                "estack": "CypressError: Timed out retrying: Expected to find element: '#clear-board', but never found it.\n    at cypressErr (http://localhost:32823/__cypress/runner/cypress_runner.js:149934:9)\n    at throwErr (http://localhost:32823/__cypress/runner/cypress_runner.js:149867:11)\n    at Object.throwErrByPath (http://localhost:32823/__cypress/runner/cypress_runner.js:149915:3)\n    at retry (http://localhost:32823/__cypress/runner/cypress_runner.js:144197:19)\n    at onFailFn (http://localhost:32823/__cypress/runner/cypress_runner.js:132448:16)\n    at tryCatcher (http://localhost:32823/__cypress/runner/cypress_runner.js:167415:23)\n    at Promise._settlePromiseFromHandler (http://localhost:32823/__cypress/runner/cypress_runner.js:165351:31)\n    at Promise._settlePromise (http://localhost:32823/__cypress/runner/cypress_runner.js:165408:18)\n    at Promise._settlePromise0 (http://localhost:32823/__cypress/runner/cypress_runner.js:165453:10)\n    at Promise._settlePromises (http://localhost:32823/__cypress/runner/cypress_runner.js:165528:18)\n    at Async../node_modules/bluebird/js/release/async.js.Async._drainQueue (http://localhost:32823/__cypress/runner/cypress_runner.js:162140:16)\n    at Async../node_modules/bluebird/js/release/async.js.Async._drainQueues (http://localhost:32823/__cypress/runner/cypress_runner.js:162150:10)\n    at Async.drainQueues (http://localhost:32823/__cypress/runner/cypress_runner.js:162024:14)",
                "diff": null
              },
              "uuid": "46d504ed-e197-42d0-b63e-165412d87f43",
              "parentUUID": "67087ba9-3b36-428e-878a-5182d9621d33",
              "isHook": false,
              "skipped": false
            },
            {
              "title": "Verifica se o botão está posicionado entre a paleta de cores e o quadro de pixels",
              "fullTitle": "9 - Crie um botão que, ao ser clicado, limpa o quadro preenchendo a cor de todos seus pixels com branco. Verifica se o botão está posicionado entre a paleta de cores e o quadro de pixels",
              "timedOut": null,
              "duration": 4673,
              "state": "failed",
              "speed": null,
              "pass": false,
              "fail": true,
              "pending": false,
              "context": null,
              "code": "cy.get('#color-palette').then(function (palette) {\n  cy.get('#clear-board').should('be.belowOf', palette);\n});\ncy.get('#clear-board').then(function (clearBtn) {\n  cy.get('#pixel-board').should('be.belowOf', clearBtn);\n});",
              "err": {
                "message": "CypressError: Timed out retrying: Expected to find element: '#color-palette', but never found it.",
                "estack": "CypressError: Timed out retrying: Expected to find element: '#color-palette', but never found it.\n    at cypressErr (http://localhost:32823/__cypress/runner/cypress_runner.js:149934:9)\n    at throwErr (http://localhost:32823/__cypress/runner/cypress_runner.js:149867:11)\n    at Object.throwErrByPath (http://localhost:32823/__cypress/runner/cypress_runner.js:149915:3)\n    at retry (http://localhost:32823/__cypress/runner/cypress_runner.js:144197:19)\n    at onFailFn (http://localhost:32823/__cypress/runner/cypress_runner.js:132448:16)\n    at tryCatcher (http://localhost:32823/__cypress/runner/cypress_runner.js:167415:23)\n    at Promise._settlePromiseFromHandler (http://localhost:32823/__cypress/runner/cypress_runner.js:165351:31)\n    at Promise._settlePromise (http://localhost:32823/__cypress/runner/cypress_runner.js:165408:18)\n    at Promise._settlePromise0 (http://localhost:32823/__cypress/runner/cypress_runner.js:165453:10)\n    at Promise._settlePromises (http://localhost:32823/__cypress/runner/cypress_runner.js:165528:18)\n    at Async../node_modules/bluebird/js/release/async.js.Async._drainQueue (http://localhost:32823/__cypress/runner/cypress_runner.js:162140:16)\n    at Async../node_modules/bluebird/js/release/async.js.Async._drainQueues (http://localhost:32823/__cypress/runner/cypress_runner.js:162150:10)\n    at Async.drainQueues (http://localhost:32823/__cypress/runner/cypress_runner.js:162024:14)",
                "diff": null
              },
              "uuid": "e42ce0d2-8881-4bf4-a0bc-7499d072809a",
              "parentUUID": "67087ba9-3b36-428e-878a-5182d9621d33",
              "isHook": false,
              "skipped": false
            },
            {
              "title": "Verifica se o texto do botão é 'Limpar'",
              "fullTitle": "9 - Crie um botão que, ao ser clicado, limpa o quadro preenchendo a cor de todos seus pixels com branco. Verifica se o texto do botão é 'Limpar'",
              "timedOut": null,
              "duration": 4747,
              "state": "failed",
              "speed": null,
              "pass": false,
              "fail": true,
              "pending": false,
              "context": null,
              "code": "cy.get('#clear-board').should('contain.text', 'Limpar');",
              "err": {
                "message": "CypressError: Timed out retrying: Expected to find element: '#clear-board', but never found it.",
                "estack": "CypressError: Timed out retrying: Expected to find element: '#clear-board', but never found it.\n    at cypressErr (http://localhost:32823/__cypress/runner/cypress_runner.js:149934:9)\n    at throwErr (http://localhost:32823/__cypress/runner/cypress_runner.js:149867:11)\n    at Object.throwErrByPath (http://localhost:32823/__cypress/runner/cypress_runner.js:149915:3)\n    at retry (http://localhost:32823/__cypress/runner/cypress_runner.js:144197:19)\n    at onFailFn (http://localhost:32823/__cypress/runner/cypress_runner.js:132448:16)\n    at tryCatcher (http://localhost:32823/__cypress/runner/cypress_runner.js:167415:23)\n    at Promise._settlePromiseFromHandler (http://localhost:32823/__cypress/runner/cypress_runner.js:165351:31)\n    at Promise._settlePromise (http://localhost:32823/__cypress/runner/cypress_runner.js:165408:18)\n    at Promise._settlePromise0 (http://localhost:32823/__cypress/runner/cypress_runner.js:165453:10)\n    at Promise._settlePromises (http://localhost:32823/__cypress/runner/cypress_runner.js:165528:18)\n    at Async../node_modules/bluebird/js/release/async.js.Async._drainQueue (http://localhost:32823/__cypress/runner/cypress_runner.js:162140:16)\n    at Async../node_modules/bluebird/js/release/async.js.Async._drainQueues (http://localhost:32823/__cypress/runner/cypress_runner.js:162150:10)\n    at Async.drainQueues (http://localhost:32823/__cypress/runner/cypress_runner.js:162024:14)",
                "diff": null
              },
              "uuid": "95e4a9f0-d3fd-4155-8ddd-9701764d7f3f",
              "parentUUID": "67087ba9-3b36-428e-878a-5182d9621d33",
              "isHook": false,
              "skipped": false
            },
            {
              "title": "Verifica se ao clicar no botão, o quadro de pixels é totalmente preenchido de branco",
              "fullTitle": "9 - Crie um botão que, ao ser clicado, limpa o quadro preenchendo a cor de todos seus pixels com branco. Verifica se ao clicar no botão, o quadro de pixels é totalmente preenchido de branco",
              "timedOut": null,
              "duration": 4977,
              "state": "failed",
              "speed": null,
              "pass": false,
              "fail": true,
              "pending": false,
              "context": null,
              "code": "cy.get('.color').eq(1).then(function (color) {\n  var backgroundColor = color.css('background-color');\n  cy.wrap(color).click();\n  cy.get('.pixel').each(function (pixel) {\n    cy.wrap(pixel).click().should('have.css', 'background-color', backgroundColor);\n  });\n});\ncy.get('#clear-board').click();\ncy.get('.pixel').each(function (pixel) {\n  cy.wrap(pixel).should('have.css', 'background-color', WHITE);\n});",
              "err": {
                "message": "CypressError: Timed out retrying: Expected to find element: '.color', but never found it.",
                "estack": "CypressError: Timed out retrying: Expected to find element: '.color', but never found it.\n    at cypressErr (http://localhost:32823/__cypress/runner/cypress_runner.js:149934:9)\n    at throwErr (http://localhost:32823/__cypress/runner/cypress_runner.js:149867:11)\n    at Object.throwErrByPath (http://localhost:32823/__cypress/runner/cypress_runner.js:149915:3)\n    at retry (http://localhost:32823/__cypress/runner/cypress_runner.js:144197:19)\n    at onFailFn (http://localhost:32823/__cypress/runner/cypress_runner.js:132448:16)\n    at tryCatcher (http://localhost:32823/__cypress/runner/cypress_runner.js:167415:23)\n    at Promise._settlePromiseFromHandler (http://localhost:32823/__cypress/runner/cypress_runner.js:165351:31)\n    at Promise._settlePromise (http://localhost:32823/__cypress/runner/cypress_runner.js:165408:18)\n    at Promise._settlePromise0 (http://localhost:32823/__cypress/runner/cypress_runner.js:165453:10)\n    at Promise._settlePromises (http://localhost:32823/__cypress/runner/cypress_runner.js:165528:18)\n    at Async../node_modules/bluebird/js/release/async.js.Async._drainQueue (http://localhost:32823/__cypress/runner/cypress_runner.js:162140:16)\n    at Async../node_modules/bluebird/js/release/async.js.Async._drainQueues (http://localhost:32823/__cypress/runner/cypress_runner.js:162150:10)\n    at Async.drainQueues (http://localhost:32823/__cypress/runner/cypress_runner.js:162024:14)",
                "diff": null
              },
              "uuid": "3f2bba62-54a4-4143-9788-73c8ed4ee0b0",
              "parentUUID": "67087ba9-3b36-428e-878a-5182d9621d33",
              "isHook": false,
              "skipped": false
            }
          ],
          "suites": [],
          "passes": [],
          "failures": [
            "46d504ed-e197-42d0-b63e-165412d87f43",
            "e42ce0d2-8881-4bf4-a0bc-7499d072809a",
            "95e4a9f0-d3fd-4155-8ddd-9701764d7f3f",
            "3f2bba62-54a4-4143-9788-73c8ed4ee0b0"
          ],
          "pending": [],
[...]
                "diff": null
              },
              "uuid": "395608e0-ef6d-4067-a077-4519e3757600",
              "parentUUID": "b2b5be68-deb9-41a7-bb9d-8ef47a1c6126",
              "isHook": false,
              "skipped": false
            },
            {
              "title": "Verifica se o novo quadro tem todos os pixels preenchidos com a cor branca",
              "fullTitle": "10 - Faça o quadro de pixels ter seu tamanho definido pelo usuário. Verifica se o novo quadro tem todos os pixels preenchidos com a cor branca",
              "timedOut": null,
              "duration": 8381,
              "state": "failed",
              "speed": null,
              "pass": false,
              "fail": true,
              "pending": false,
              "context": null,
              "code": "cy.get('#board-size').clear().type(6);\ncy.get('#generate-board').click();\ncy.get('.pixel').should('have.length', 36).each(function (pixel) {\n  expect(pixel).to.have.css('background-color', WHITE);\n});",
              "err": {
                "message": "CypressError: Timed out retrying: Expected to find element: '#board-size', but never found it.",
                "estack": "CypressError: Timed out retrying: Expected to find element: '#board-size', but never found it.\n    at cypressErr (http://localhost:32823/__cypress/runner/cypress_runner.js:149934:9)\n    at throwErr (http://localhost:32823/__cypress/runner/cypress_runner.js:149867:11)\n    at Object.throwErrByPath (http://localhost:32823/__cypress/runner/cypress_runner.js:149915:3)\n    at retry (http://localhost:32823/__cypress/runner/cypress_runner.js:144197:19)\n    at onFailFn (http://localhost:32823/__cypress/runner/cypress_runner.js:132448:16)\n    at tryCatcher (http://localhost:32823/__cypress/runner/cypress_runner.js:167415:23)\n    at Promise._settlePromiseFromHandler (http://localhost:32823/__cypress/runner/cypress_runner.js:165351:31)\n    at Promise._settlePromise (http://localhost:32823/__cypress/runner/cypress_runner.js:165408:18)\n    at Promise._settlePromise0 (http://localhost:32823/__cypress/runner/cypress_runner.js:165453:10)\n    at Promise._settlePromises (http://localhost:32823/__cypress/runner/cypress_runner.js:165528:18)\n    at Async../node_modules/bluebird/js/release/async.js.Async._drainQueue (http://localhost:32823/__cypress/runner/cypress_runner.js:162140:16)\n    at Async../node_modules/bluebird/js/release/async.js.Async._drainQueues (http://localhost:32823/__cypress/runner/cypress_runner.js:162150:10)\n    at Async.drainQueues (http://localhost:32823/__cypress/runner/cypress_runner.js:162024:14)",
                "diff": null
              },
              "uuid": "6538af97-3fe7-4aff-bb4e-9eaf54198ba1",
              "parentUUID": "b2b5be68-deb9-41a7-bb9d-8ef47a1c6126",
              "isHook": false,
              "skipped": false
            }
          ],
          "suites": [],
          "passes": [],
          "failures": [
            "d2712f08-a6c1-4de7-ac61-3bf5e29dd8f0",
            "80756dde-be41-4b75-beef-fe2ff253a150",
            "4a38f980-417b-470b-a041-9e15a904fc4e",
            "aeb70839-c4af-49c1-9522-56f2cad3a1a6",
            "9e4d2d39-076d-4245-b8e0-7306fe1b31d5",
            "d1b25da1-0b7f-4db2-92ad-f373978e3887",
            "69056215-4a79-4f41-8c43-453aeb8191c5",
            "395608e0-ef6d-4067-a077-4519e3757600",
            "6538af97-3fe7-4aff-bb4e-9eaf54198ba1"
          ],
          "pending": [],
          "skipped": [],
          "duration": 129093,
          "root": false,
          "rootEmpty": false,
          "_timeout": 2000
        },
        {
          "uuid": "f22da43a-89a4-41fd-b969-1ba4a4329f06",
          "title": "11 - Limite o tamanho mínimo e máximo do board.",
          "fullFile": "",
          "file": "",
          "beforeHooks": [],
          "afterHooks": [],
          "tests": [
            {
              "title": "Verifica se a altura máxima do board é 50",
              "fullTitle": "11 - Limite o tamanho mínimo e máximo do board. Verifica se a altura máxima do board é 50",
              "timedOut": null,
              "duration": 6743,
              "state": "failed",
              "speed": null,
              "pass": false,
              "fail": true,
              "pending": false,
              "context": null,
              "code": "cy.get('#board-size').clear().type(50);\ncy.get('#generate-board').click();\ncy.get('.pixel').should('have.length', 2500);",
              "err": {
                "message": "CypressError: Timed out retrying: Expected to find element: '#board-size', but never found it.",
                "estack": "CypressError: Timed out retrying: Expected to find element: '#board-size', but never found it.\n    at cypressErr (http://localhost:32823/__cypress/runner/cypress_runner.js:149934:9)\n    at throwErr (http://localhost:32823/__cypress/runner/cypress_runner.js:149867:11)\n    at Object.throwErrByPath (http://localhost:32823/__cypress/runner/cypress_runner.js:149915:3)\n    at retry (http://localhost:32823/__cypress/runner/cypress_runner.js:144197:19)\n    at onFailFn (http://localhost:32823/__cypress/runner/cypress_runner.js:132448:16)\n    at tryCatcher (http://localhost:32823/__cypress/runner/cypress_runner.js:167415:23)\n    at Promise._settlePromiseFromHandler (http://localhost:32823/__cypress/runner/cypress_runner.js:165351:31)\n    at Promise._settlePromise (http://localhost:32823/__cypress/runner/cypress_runner.js:165408:18)\n    at Promise._settlePromise0 (http://localhost:32823/__cypress/runner/cypress_runner.js:165453:10)\n    at Promise._settlePromises (http://localhost:32823/__cypress/runner/cypress_runner.js:165528:18)\n    at Async../node_modules/bluebird/js/release/async.js.Async._drainQueue (http://localhost:32823/__cypress/runner/cypress_runner.js:162140:16)\n    at Async../node_modules/bluebird/js/release/async.js.Async._drainQueues (http://localhost:32823/__cypress/runner/cypress_runner.js:162150:10)\n    at Async.drainQueues (http://localhost:32823/__cypress/runner/cypress_runner.js:162024:14)",
                "diff": null
              },
              "uuid": "8b2e934e-415d-4e29-a77e-fe8133313b02",
              "parentUUID": "f22da43a-89a4-41fd-b969-1ba4a4329f06",
              "isHook": false,
              "skipped": false
            },
            {
              "title": "Verifica se a altura do board é 5 quando um valor menor é colocado no input",
              "fullTitle": "11 - Limite o tamanho mínimo e máximo do board. Verifica se a altura do board é 5 quando um valor menor é colocado no input",
              "timedOut": null,
              "duration": 6641,
              "state": "failed",
              "speed": null,
              "pass": false,
              "fail": true,
              "pending": false,
              "context": null,
              "code": "cy.get('#board-size').clear().type(4);\ncy.get('#generate-board').click();\ncy.get('.pixel').should('have.length', 25);",
              "err": {
                "message": "CypressError: Timed out retrying: Expected to find element: '#board-size', but never found it.",
                "estack": "CypressError: Timed out retrying: Expected to find element: '#board-size', but never found it.\n    at cypressErr (http://localhost:32823/__cypress/runner/cypress_runner.js:149934:9)\n    at throwErr (http://localhost:32823/__cypress/runner/cypress_runner.js:149867:11)\n    at Object.throwErrByPath (http://localhost:32823/__cypress/runner/cypress_runner.js:149915:3)\n    at retry (http://localhost:32823/__cypress/runner/cypress_runner.js:144197:19)\n    at onFailFn (http://localhost:32823/__cypress/runner/cypress_runner.js:132448:16)\n    at tryCatcher (http://localhost:32823/__cypress/runner/cypress_runner.js:167415:23)\n    at Promise._settlePromiseFromHandler (http://localhost:32823/__cypress/runner/cypress_runner.js:165351:31)\n    at Promise._settlePromise (http://localhost:32823/__cypress/runner/cypress_runner.js:165408:18)\n    at Promise._settlePromise0 (http://localhost:32823/__cypress/runner/cypress_runner.js:165453:10)\n    at Promise._settlePromises (http://localhost:32823/__cypress/runner/cypress_runner.js:165528:18)\n    at Async../node_modules/bluebird/js/release/async.js.Async._drainQueue (http://localhost:32823/__cypress/runner/cypress_runner.js:162140:16)\n    at Async../node_modules/bluebird/js/release/async.js.Async._drainQueues (http://localhost:32823/__cypress/runner/cypress_runner.js:162150:10)\n    at Async.drainQueues (http://localhost:32823/__cypress/runner/cypress_runner.js:162024:14)",
                "diff": null
              },
              "uuid": "8e163d4b-0c7a-46df-9277-3291be0f3e6c",
              "parentUUID": "f22da43a-89a4-41fd-b969-1ba4a4329f06",
              "isHook": false,
              "skipped": false
            },
            {
              "title": "Verifica se a altura do board é 50 quando um valor maior é colocado no input",
              "fullTitle": "11 - Limite o tamanho mínimo e máximo do board. Verifica se a altura do board é 50 quando um valor maior é colocado no input",
              "timedOut": null,
              "duration": 7686,
              "state": "failed",
              "speed": null,
              "pass": false,
              "fail": true,
              "pending": false,
              "context": null,
              "code": "cy.get('#board-size').clear().type(51);\ncy.get('#generate-board').click();\ncy.get('.pixel').should('have.length', 2500);",
              "err": {
                "message": "CypressError: Timed out retrying: Expected to find element: '#board-size', but never found it.",
                "estack": "CypressError: Timed out retrying: Expected to find element: '#board-size', but never found it.\n    at cypressErr (http://localhost:32823/__cypress/runner/cypress_runner.js:149934:9)\n    at throwErr (http://localhost:32823/__cypress/runner/cypress_runner.js:149867:11)\n    at Object.throwErrByPath (http://localhost:32823/__cypress/runner/cypress_runner.js:149915:3)\n    at retry (http://localhost:32823/__cypress/runner/cypress_runner.js:144197:19)\n    at onFailFn (http://localhost:32823/__cypress/runner/cypress_runner.js:132448:16)\n    at tryCatcher (http://localhost:32823/__cypress/runner/cypress_runner.js:167415:23)\n    at Promise._settlePromiseFromHandler (http://localhost:32823/__cypress/runner/cypress_runner.js:165351:31)\n    at Promise._settlePromise (http://localhost:32823/__cypress/runner/cypress_runner.js:165408:18)\n    at Promise._settlePromise0 (http://localhost:32823/__cypress/runner/cypress_runner.js:165453:10)\n    at Promise._settlePromises (http://localhost:32823/__cypress/runner/cypress_runner.js:165528:18)\n    at Async../node_modules/bluebird/js/release/async.js.Async._drainQueue (http://localhost:32823/__cypress/runner/cypress_runner.js:162140:16)\n    at Async../node_modules/bluebird/js/release/async.js.Async._drainQueues (http://localhost:32823/__cypress/runner/cypress_runner.js:162150:10)\n    at Async.drainQueues (http://localhost:32823/__cypress/runner/cypress_runner.js:162024:14)",
                "diff": null
              },
              "uuid": "55b55492-d210-4b95-9d79-1c09716ee30c",
              "parentUUID": "f22da43a-89a4-41fd-b969-1ba4a4329f06",
              "isHook": false,
              "skipped": false
            }
          ],
          "suites": [],
          "passes": [],
          "failures": [
            "8b2e934e-415d-4e29-a77e-fe8133313b02",
            "8e163d4b-0c7a-46df-9277-3291be0f3e6c",
            "55b55492-d210-4b95-9d79-1c09716ee30c"
          ],
          "pending": [],
          "skipped": [],
          "duration": 21070,
          "root": false,
          "rootEmpty": false,
          "_timeout": 2000
        },
        {
          "uuid": "375274fd-8b06-4ad8-9501-f83fffd46b6a",
          "title": "12 - Faça com que as cores da paleta sejam geradas aleatoriamente ao carregar a página.",
          "fullFile": "",
          "file": "",
          "beforeHooks": [],
          "afterHooks": [],
          "tests": [
            {
              "title": "Verifica se as cores geradas na paleta são diferentes a cada carregamento da página",
              "fullTitle": "12 - Faça com que as cores da paleta sejam geradas aleatoriamente ao carregar a página. Verifica se as cores geradas na paleta são diferentes a cada carregamento da página",
              "timedOut": null,
              "duration": 8356,
              "state": "failed",
              "speed": null,
              "pass": false,
              "fail": true,
              "pending": false,
              "context": null,
              "code": "cy.get('.color').then(function (colors) {\n  var currentColors;\n  var previousColors;\n  previousColors = Array.from(colors).map(function (color) {\n    return Cypress.$(color).css('background-color');\n  });\n  for (var i = 0; i < 5; i += 1) {\n    cy.reload();\n    cy.get('.color').then(function (colors) {\n      currentColors = Array.from(colors).map(function (color) {\n        return Cypress.$(color).css('background-color');\n      });\n      expect(currentColors).not.to.deep.equal(previousColors);\n      previousColors = currentColors;\n    });\n  }\n});",
              "err": {
                "message": "CypressError: Timed out retrying: Expected to find element: '.color', but never found it.",
                "estack": "CypressError: Timed out retrying: Expected to find element: '.color', but never found it.\n    at cypressErr (http://localhost:32823/__cypress/runner/cypress_runner.js:149934:9)\n    at throwErr (http://localhost:32823/__cypress/runner/cypress_runner.js:149867:11)\n    at Object.throwErrByPath (http://localhost:32823/__cypress/runner/cypress_runner.js:149915:3)\n    at retry (http://localhost:32823/__cypress/runner/cypress_runner.js:144197:19)\n    at onFailFn (http://localhost:32823/__cypress/runner/cypress_runner.js:132448:16)\n    at tryCatcher (http://localhost:32823/__cypress/runner/cypress_runner.js:167415:23)\n    at Promise._settlePromiseFromHandler (http://localhost:32823/__cypress/runner/cypress_runner.js:165351:31)\n    at Promise._settlePromise (http://localhost:32823/__cypress/runner/cypress_runner.js:165408:18)\n    at Promise._settlePromise0 (http://localhost:32823/__cypress/runner/cypress_runner.js:165453:10)\n    at Promise._settlePromises (http://localhost:32823/__cypress/runner/cypress_runner.js:165528:18)\n    at Async../node_modules/bluebird/js/release/async.js.Async._drainQueue (http://localhost:32823/__cypress/runner/cypress_runner.js:162140:16)\n    at Async../node_modules/bluebird/js/release/async.js.Async._drainQueues (http://localhost:32823/__cypress/runner/cypress_runner.js:162150:10)\n    at Async.drainQueues (http://localhost:32823/__cypress/runner/cypress_runner.js:162024:14)",
                "diff": null
              },
              "uuid": "d90ce8d7-3fe1-49f8-babf-a7e5bfe1e714",
              "parentUUID": "375274fd-8b06-4ad8-9501-f83fffd46b6a",
              "isHook": false,
              "skipped": false
            },
            {
              "title": "Verifica se a cor preta ainda está presente e é a primeira na sua paleta de cores",
              "fullTitle": "12 - Faça com que as cores da paleta sejam geradas aleatoriamente ao carregar a página. Verifica se a cor preta ainda está presente e é a primeira na sua paleta de cores",
              "timedOut": null,
              "duration": 14122,
              "state": "failed",
              "speed": null,
              "pass": false,
              "fail": true,
              "pending": false,
              "context": null,
              "code": "cy.get('.color').then(function (colors) {\n  var currentColors;\n  var previousColors;\n  previousColors = Array.from(colors).map(function (color) {\n    return Cypress.$(color).css('background-color');\n  });\n  expect(previousColors[0]).to.eq(BLACK);\n  for (var i = 0; i < 5; i += 1) {\n    cy.reload();\n    cy.get('.color').then(function (colors) {\n      currentColors = Array.from(colors).map(function (color) {\n        return Cypress.$(color).css('background-color');\n      });\n      expect(currentColors[0]).to.eq(BLACK);\n      expect(currentColors).not.to.deep.equal(previousColors);\n      previousColors = currentColors;\n    });\n  }\n});",
              "err": {
                "message": "CypressError: Timed out retrying: Expected to find element: '.color', but never found it.",
                "estack": "CypressError: Timed out retrying: Expected to find element: '.color', but never found it.\n    at cypressErr (http://localhost:32823/__cypress/runner/cypress_runner.js:149934:9)\n    at throwErr (http://localhost:32823/__cypress/runner/cypress_runner.js:149867:11)\n    at Object.throwErrByPath (http://localhost:32823/__cypress/runner/cypress_runner.js:149915:3)\n    at retry (http://localhost:32823/__cypress/runner/cypress_runner.js:144197:19)\n    at onFailFn (http://localhost:32823/__cypress/runner/cypress_runner.js:132448:16)\n    at tryCatcher (http://localhost:32823/__cypress/runner/cypress_runner.js:167415:23)\n    at Promise._settlePromiseFromHandler (http://localhost:32823/__cypress/runner/cypress_runner.js:165351:31)\n    at Promise._settlePromise (http://localhost:32823/__cypress/runner/cypress_runner.js:165408:18)\n    at Promise._settlePromise0 (http://localhost:32823/__cypress/runner/cypress_runner.js:165453:10)\n    at Promise._settlePromises (http://localhost:32823/__cypress/runner/cypress_runner.js:165528:18)\n    at Async../node_modules/bluebird/js/release/async.js.Async._drainQueue (http://localhost:32823/__cypress/runner/cypress_runner.js:162140:16)\n    at Async../node_modules/bluebird/js/release/async.js.Async._drainQueues (http://localhost:32823/__cypress/runner/cypress_runner.js:162150:10)\n    at Async.drainQueues (http://localhost:32823/__cypress/runner/cypress_runner.js:162024:14)",
                "diff": null
              },
              "uuid": "88ca49bd-e282-41e3-91e9-b84566e265d3",
              "parentUUID": "375274fd-8b06-4ad8-9501-f83fffd46b6a",
              "isHook": false,
              "skipped": false
            }
          ],
          "suites": [],
          "passes": [],
          "failures": [
            "d90ce8d7-3fe1-49f8-babf-a7e5bfe1e714",
            "88ca49bd-e282-41e3-91e9-b84566e265d3"
          ],
          "pending": [],
          "skipped": [],
          "duration": 22478,
          "root": false,
          "rootEmpty": false,
          "_timeout": 2000
        }
      ],
      "passes": [],
      "failures": [],
      "pending": [],
      "skipped": [],
      "duration": 0,
      "root": true,
      "rootEmpty": true,
      "_timeout": 2000
    }
  ],
  "meta": {
    "mocha": {
      "version": "7.0.1"
    },
    "mochawesome": {
      "options": {
        "quiet": false,
        "reportFilename": "mochawesome",
        "saveHtml": false,
        "saveJson": true,
        "consoleReporter": "spec",
        "useInlineDiffs": false
      },
      "version": "4.1.0"
    },
    "marge": {
      "options": {
        "id": "default",
        "reportDir": "cypress/reports",
        "overwrite": true,
        "html": false,
        "json": true
      },
      "version": "4.1.0"
    }
  }
}