{
  "stats": {
    "suites": 12,
    "tests": 41,
    "passes": 21,
    "pending": 0,
    "failures": 20,
    "start": "2021-07-08T19:10:39.673Z",
    "end": "2021-07-08T19:12:23.615Z",
    "duration": 103942,
    "testsRegistered": 41,
    "passPercent": 51.21951219512195,
    "pendingPercent": 0,
    "other": 0,
    "hasOther": false,
    "skipped": 0,
    "hasSkipped": false
  },
  "results": [
    {
      "uuid": "0be6f5a5-a69b-4bfd-b4cb-bacf82b71cce",
      "title": "",
      "fullFile": "cypress/integration/project.spec.js",
      "file": "cypress/integration/project.spec.js",
      "beforeHooks": [],
      "afterHooks": [],
      "tests": [],
      "suites": [
        {
          "uuid": "b9e09c2d-d7e1-402c-96be-b2eb01cd8502",
          "title": "1 - Adicione à página o título \"Paleta de Cores\".",
          "fullFile": "",
          "file": "",
          "beforeHooks": [],
          "afterHooks": [],
          "tests": [
            {
              "title": "Verifica se contém um elemento `h1` com o id `title` com o título correto",
              "fullTitle": "1 - Adicione à página o título \"Paleta de Cores\". Verifica se contém um elemento `h1` com o id `title` com o título correto",
              "timedOut": null,
              "duration": 321,
              "state": "passed",
              "speed": "slow",
              "pass": true,
              "fail": false,
              "pending": false,
              "context": null,
              "code": "cy.get('h1#title').should('contain.text', 'Paleta de Cores');",
              "err": {},
              "uuid": "b78746ba-a6ba-4401-a243-1723842b0d3c",
              "parentUUID": "b9e09c2d-d7e1-402c-96be-b2eb01cd8502",
              "isHook": false,
              "skipped": false
            }
          ],
          "suites": [],
          "passes": [
            "b78746ba-a6ba-4401-a243-1723842b0d3c"
          ],
          "failures": [],
          "pending": [],
          "skipped": [],
          "duration": 321,
          "root": false,
          "rootEmpty": false,
          "_timeout": 2000
        },
        {
          "uuid": "91797f36-b226-43d2-a7f1-d47d0d7721bc",
          "title": "2 - Adicione à página uma paleta de quatro cores distintas.",
          "fullFile": "",
          "file": "",
          "beforeHooks": [],
          "afterHooks": [],
          "tests": [
            {
              "title": "A paleta de cores deve ser um elemento com `id` denominado `color-palette`",
              "fullTitle": "2 - Adicione à página uma paleta de quatro cores distintas. A paleta de cores deve ser um elemento com `id` denominado `color-palette`",
              "timedOut": null,
              "duration": 190,
              "state": "passed",
              "speed": "slow",
              "pass": true,
              "fail": false,
              "pending": false,
              "context": null,
              "code": "cy.get('#color-palette').should('be.visible');",
              "err": {},
              "uuid": "631ba929-d525-4d84-a046-c92cd829e316",
              "parentUUID": "91797f36-b226-43d2-a7f1-d47d0d7721bc",
              "isHook": false,
              "skipped": false
            },
            {
              "title": "Verifica se cada cor individual da paleta de cores possui a `classe` chamada `color`.",
              "fullTitle": "2 - Adicione à página uma paleta de quatro cores distintas. Verifica se cada cor individual da paleta de cores possui a `classe` chamada `color`.",
              "timedOut": null,
              "duration": 319,
              "state": "passed",
              "speed": "slow",
              "pass": true,
              "fail": false,
              "pending": false,
              "context": null,
              "code": "cy.get('.color').should('have.length', 4).then(function (colors) {\n  for (var i = 0; i < colors.length; i++) {\n    cy.wrap(colors[i]).should('be.visible');\n  }\n});",
              "err": {},
              "uuid": "0fb20d94-c742-4905-a972-22b1f74f3d29",
              "parentUUID": "91797f36-b226-43d2-a7f1-d47d0d7721bc",
              "isHook": false,
              "skipped": false
            },
            {
              "title": "Verifica se a cor de fundo de cada elemento da paleta é a cor que o elemento representa. **A única cor não permitida na paleta é a cor branca.**",
              "fullTitle": "2 - Adicione à página uma paleta de quatro cores distintas. Verifica se a cor de fundo de cada elemento da paleta é a cor que o elemento representa. **A única cor não permitida na paleta é a cor branca.**",
              "timedOut": null,
              "duration": 303,
              "state": "passed",
              "speed": "slow",
              "pass": true,
              "fail": false,
              "pending": false,
              "context": null,
              "code": "cy.get('.color').each(function (color) {\n  cy.wrap(color).should('have.class', 'color').and('not.have.css', 'background-color', WHITE);\n  cy.wrap(color).should('have.css', 'background-color');\n});",
              "err": {},
              "uuid": "1fbeed61-a2b1-4ee1-9926-80b3c2eeb5dc",
              "parentUUID": "91797f36-b226-43d2-a7f1-d47d0d7721bc",
              "isHook": false,
              "skipped": false
            },
            {
              "title": "Verifica se cada elemento da paleta de cores tem uma borda preta, sólida e com 1 pixel de largura;",
              "fullTitle": "2 - Adicione à página uma paleta de quatro cores distintas. Verifica se cada elemento da paleta de cores tem uma borda preta, sólida e com 1 pixel de largura;",
              "timedOut": null,
              "duration": 176,
              "state": "passed",
              "speed": "slow",
              "pass": true,
              "fail": false,
              "pending": false,
              "context": null,
              "code": "cy.get('.color').each(function (color) {\n  cy.wrap(color).and('have.css', 'border', \"1px solid \".concat(BLACK)).and('have.class', 'color');\n});",
              "err": {},
              "uuid": "8daffbf1-375f-483b-9d9b-1be7cf613c3b",
              "parentUUID": "91797f36-b226-43d2-a7f1-d47d0d7721bc",
              "isHook": false,
              "skipped": false
            },
            {
              "title": "Verifica se a paleta lista todas as cores disponíveis para utilização, lado a lado.",
              "fullTitle": "2 - Adicione à página uma paleta de quatro cores distintas. Verifica se a paleta lista todas as cores disponíveis para utilização, lado a lado.",
              "timedOut": null,
              "duration": 158,
              "state": "passed",
              "speed": "slow",
              "pass": true,
              "fail": false,
              "pending": false,
              "context": null,
              "code": "cy.get('.color').then(function (colors) {\n  for (var index = 1; index < colors.length; index += 1) {\n    var currentColor = colors[index];\n    var previousColor = colors[index - 1];\n    cy.wrap(currentColor).should('be.onTheRightOf', previousColor).and('be.horizontallyAlignedWith', previousColor);\n  }\n});",
              "err": {},
              "uuid": "2eba2170-c512-4d4f-bc0b-b8ac7ee101f0",
              "parentUUID": "91797f36-b226-43d2-a7f1-d47d0d7721bc",
              "isHook": false,
              "skipped": false
            },
            {
              "title": "Verifica se a paleta de cores está posicionada abaixo do título 'Paleta de Cores'",
              "fullTitle": "2 - Adicione à página uma paleta de quatro cores distintas. Verifica se a paleta de cores está posicionada abaixo do título 'Paleta de Cores'",
              "timedOut": null,
              "duration": 136,
              "state": "passed",
              "speed": "slow",
              "pass": true,
              "fail": false,
              "pending": false,
              "context": null,
              "code": "cy.get('h1#title').then(function (title) {\n  cy.get('#color-palette').should('be.belowOf', title);\n});",
              "err": {},
              "uuid": "e8ca2ad6-62f9-41a9-82b1-571abdb42a57",
              "parentUUID": "91797f36-b226-43d2-a7f1-d47d0d7721bc",
              "isHook": false,
              "skipped": false
            },
            {
              "title": "Verifica se a paleta de cores não contém cores repetidas.",
              "fullTitle": "2 - Adicione à página uma paleta de quatro cores distintas. Verifica se a paleta de cores não contém cores repetidas.",
              "timedOut": null,
              "duration": 222,
              "state": "passed",
              "speed": "slow",
              "pass": true,
              "fail": false,
              "pending": false,
              "context": null,
              "code": "cy.get('.color').then(function (colors) {\n  var allColors = Array.from(colors).map(function (color) {\n    return Cypress.$(color).css('background-color');\n  });\n  cy.log(allColors);\n  var uniqColors = (0, _toConsumableArray2[\"default\"])(new Set(allColors));\n  cy.log(uniqColors);\n  expect(allColors.length).to.eq(uniqColors.length);\n});",
              "err": {},
              "uuid": "c7badf14-39c8-41e7-a499-2fd2016413d1",
              "parentUUID": "91797f36-b226-43d2-a7f1-d47d0d7721bc",
              "isHook": false,
              "skipped": false
            }
          ],
          "suites": [],
          "passes": [
            "631ba929-d525-4d84-a046-c92cd829e316",
            "0fb20d94-c742-4905-a972-22b1f74f3d29",
            "1fbeed61-a2b1-4ee1-9926-80b3c2eeb5dc",
            "8daffbf1-375f-483b-9d9b-1be7cf613c3b",
            "2eba2170-c512-4d4f-bc0b-b8ac7ee101f0",
            "e8ca2ad6-62f9-41a9-82b1-571abdb42a57",
            "c7badf14-39c8-41e7-a499-2fd2016413d1"
          ],
          "failures": [],
          "pending": [],
          "skipped": [],
          "duration": 1504,
          "root": false,
          "rootEmpty": false,
          "_timeout": 2000
        },
        {
          "uuid": "872ce939-18e6-4e47-8ba1-527937f25320",
          "title": "3 - Adicione a cor **preta** como a primeira cor da paleta de cores.",
          "fullFile": "",
          "file": "",
          "beforeHooks": [],
          "afterHooks": [],
          "tests": [
            {
              "title": "Verifica se a primeira cor da paleta é preta",
              "fullTitle": "3 - Adicione a cor **preta** como a primeira cor da paleta de cores. Verifica se a primeira cor da paleta é preta",
              "timedOut": null,
              "duration": 113,
              "state": "passed",
              "speed": "slow",
              "pass": true,
              "fail": false,
              "pending": false,
              "context": null,
              "code": "cy.get('.color').first().should('have.css', 'background-color', BLACK);",
              "err": {},
              "uuid": "d83fe089-fd7b-4561-aeb3-696126d71894",
              "parentUUID": "872ce939-18e6-4e47-8ba1-527937f25320",
              "isHook": false,
              "skipped": false
            },
            {
              "title": "Verifica se as demais cores podem ser escolhidas livremente.",
              "fullTitle": "3 - Adicione a cor **preta** como a primeira cor da paleta de cores. Verifica se as demais cores podem ser escolhidas livremente.",
              "timedOut": null,
              "duration": 341,
              "state": "passed",
              "speed": "slow",
              "pass": true,
              "fail": false,
              "pending": false,
              "context": null,
              "code": "cy.get('.color').eq(1).should('not.have.css', 'background-color', BLACK);\ncy.get('.color').eq(1).should('not.have.css', 'background-color', WHITE);\ncy.get('.color').eq(1).should('not.have.css', 'background-color', 'rgba(0, 0, 0, 0)');\ncy.get('.color').eq(1).should('have.css', 'background-color');\ncy.get('.color').eq(2).should('not.have.css', 'background-color', BLACK);\ncy.get('.color').eq(2).should('not.have.css', 'background-color', WHITE);\ncy.get('.color').eq(2).should('not.have.css', 'background-color', 'rgba(0, 0, 0, 0)');\ncy.get('.color').eq(2).should('have.css', 'background-color');\ncy.get('.color').eq(3).should('not.have.css', 'background-color', BLACK);\ncy.get('.color').eq(3).should('not.have.css', 'background-color', WHITE);\ncy.get('.color').eq(3).should('not.have.css', 'background-color', 'rgba(0, 0, 0, 0)');\ncy.get('.color').eq(3).should('have.css', 'background-color');",
              "err": {},
              "uuid": "5dbd3035-6252-43e4-a208-90b5072c5f2c",
              "parentUUID": "872ce939-18e6-4e47-8ba1-527937f25320",
              "isHook": false,
              "skipped": false
            }
          ],
          "suites": [],
          "passes": [
            "d83fe089-fd7b-4561-aeb3-696126d71894",
            "5dbd3035-6252-43e4-a208-90b5072c5f2c"
          ],
          "failures": [],
          "pending": [],
          "skipped": [],
          "duration": 454,
          "root": false,
          "rootEmpty": false,
          "_timeout": 2000
        },
        {
          "uuid": "e88eb3d7-836b-4bf6-b34d-75bb685e5fb3",
          "title": "4 - Adicione à página um quadro de pixels, com 25 pixels.",
          "fullFile": "",
          "file": "",
          "beforeHooks": [],
          "afterHooks": [],
          "tests": [
            {
              "title": "Verifica se o quadro de pixels possui o `id` denominado `pixel-board`",
              "fullTitle": "4 - Adicione à página um quadro de pixels, com 25 pixels. Verifica se o quadro de pixels possui o `id` denominado `pixel-board`",
              "timedOut": null,
              "duration": 137,
              "state": "passed",
              "speed": "slow",
              "pass": true,
              "fail": false,
              "pending": false,
              "context": null,
              "code": "cy.get('#pixel-board').should('be.visible');",
              "err": {},
              "uuid": "7260f396-1e02-4eb2-bc2b-20ac7a4a985d",
              "parentUUID": "e88eb3d7-836b-4bf6-b34d-75bb685e5fb3",
              "isHook": false,
              "skipped": false
            },
            {
              "title": "Verifica se cada pixel individual dentro do quadro possui a `classe` denominada `pixel`.",
              "fullTitle": "4 - Adicione à página um quadro de pixels, com 25 pixels. Verifica se cada pixel individual dentro do quadro possui a `classe` denominada `pixel`.",
              "timedOut": null,
              "duration": 150,
              "state": "passed",
              "speed": "slow",
              "pass": true,
              "fail": false,
              "pending": false,
              "context": null,
              "code": "cy.get('.pixel').should('have.length', 25);",
              "err": {},
              "uuid": "6f6b2f7f-52b6-4876-8461-bc4c003e4f72",
              "parentUUID": "e88eb3d7-836b-4bf6-b34d-75bb685e5fb3",
              "isHook": false,
              "skipped": false
            },
            {
              "title": "Verifica se a cor inicial dos pixels dentro do quadro, ao abrir a página, é branca.",
              "fullTitle": "4 - Adicione à página um quadro de pixels, com 25 pixels. Verifica se a cor inicial dos pixels dentro do quadro, ao abrir a página, é branca.",
              "timedOut": null,
              "duration": 287,
              "state": "passed",
              "speed": "slow",
              "pass": true,
              "fail": false,
              "pending": false,
              "context": null,
              "code": "cy.get('.pixel').should('have.length', 25).each(function (pixel) {\n  expect(pixel).to.have.css('background-color', WHITE);\n});",
              "err": {},
              "uuid": "20299e4e-2501-4d15-80ee-358a9a3c8186",
              "parentUUID": "e88eb3d7-836b-4bf6-b34d-75bb685e5fb3",
              "isHook": false,
              "skipped": false
            },
            {
              "title": "Verifica se o quadro de pixels aparece abaixo da paleta de cores",
              "fullTitle": "4 - Adicione à página um quadro de pixels, com 25 pixels. Verifica se o quadro de pixels aparece abaixo da paleta de cores",
              "timedOut": null,
              "duration": 155,
              "state": "passed",
              "speed": "slow",
              "pass": true,
              "fail": false,
              "pending": false,
              "context": null,
              "code": "cy.get('#color-palette').then(function (palette) {\n  cy.get('#pixel-board').should('be.belowOf', palette);\n});",
              "err": {},
              "uuid": "76bf6ebd-cd67-4e2c-9f3a-28917e1996e9",
              "parentUUID": "e88eb3d7-836b-4bf6-b34d-75bb685e5fb3",
              "isHook": false,
              "skipped": false
            }
          ],
          "suites": [],
          "passes": [
            "7260f396-1e02-4eb2-bc2b-20ac7a4a985d",
            "6f6b2f7f-52b6-4876-8461-bc4c003e4f72",
            "20299e4e-2501-4d15-80ee-358a9a3c8186",
            "76bf6ebd-cd67-4e2c-9f3a-28917e1996e9"
          ],
          "failures": [],
          "pending": [],
          "skipped": [],
          "duration": 729,
          "root": false,
          "rootEmpty": false,
          "_timeout": 2000
        },
        {
          "uuid": "dbc93e68-7e5e-4d83-aa48-38ede4b7f61d",
          "title": "5 - Faça com que cada elemento do quadro de pixels possua 40 pixels de largura, 40 pixels de altura e seja delimitado por uma borda preta de 1 pixel.",
          "fullFile": "",
          "file": "",
          "beforeHooks": [],
          "afterHooks": [],
          "tests": [
            {
              "title": "Verifica se o quadro de pixels tem altura e comprimento de 5 elementos",
              "fullTitle": "5 - Faça com que cada elemento do quadro de pixels possua 40 pixels de largura, 40 pixels de altura e seja delimitado por uma borda preta de 1 pixel. Verifica se o quadro de pixels tem altura e comprimento de 5 elementos",
              "timedOut": null,
              "duration": 478,
              "state": "passed",
              "speed": "slow",
              "pass": true,
              "fail": false,
              "pending": false,
              "context": null,
              "code": "cy.get('.pixel').should('have.length', 25).each(function (pixel) {\n  expect(pixel).to.have.css('background-color', WHITE);\n}).and(function (pixels) {\n  var rows = chunk(pixels, 5);\n  rows.forEach(function (row) {\n    for (var index = 1; index < row.length; index += 1) {\n      var current = pixels[index];\n      var previous = pixels[index - 1];\n      cy.wrap(current).should('be.onTheRightOf', previous).and('be.horizontallyAlignedWith', previous);\n    }\n  });\n  for (var index = 1; index < 5; index += 1) {\n    expect(pixels[index * 5]).to.be.belowOf(pixels[(index - 1) * 5]);\n  }\n});",
              "err": {},
              "uuid": "8823da4d-03f5-46e3-aa51-9f40c8e4a11e",
              "parentUUID": "dbc93e68-7e5e-4d83-aa48-38ede4b7f61d",
              "isHook": false,
              "skipped": false
            },
            {
              "title": "Verifica se 40 pixels é o tamanho total do elemento, incluindo seu conteúdo e excluindo a borda preta, que deve ser criada à parte.",
              "fullTitle": "5 - Faça com que cada elemento do quadro de pixels possua 40 pixels de largura, 40 pixels de altura e seja delimitado por uma borda preta de 1 pixel. Verifica se 40 pixels é o tamanho total do elemento, incluindo seu conteúdo e excluindo a borda preta, que deve ser criada à parte.",
              "timedOut": null,
              "duration": 413,
              "state": "passed",
              "speed": "slow",
              "pass": true,
              "fail": false,
              "pending": false,
              "context": null,
              "code": "cy.get('.pixel').each(function (pixel) {\n  cy.wrap(pixel).should('have.css', 'height', '40px').and('have.css', 'width', '40px').and('have.css', 'border', \"1px solid \".concat(BLACK));\n});",
              "err": {},
              "uuid": "197c1a04-19bb-46b2-83b1-77b11d740648",
              "parentUUID": "dbc93e68-7e5e-4d83-aa48-38ede4b7f61d",
              "isHook": false,
              "skipped": false
            }
          ],
          "suites": [],
          "passes": [
            "8823da4d-03f5-46e3-aa51-9f40c8e4a11e",
            "197c1a04-19bb-46b2-83b1-77b11d740648"
          ],
          "failures": [],
          "pending": [],
          "skipped": [],
          "duration": 891,
          "root": false,
          "rootEmpty": false,
          "_timeout": 2000
        },
        {
          "uuid": "d6f91313-1213-4251-922f-7440dfa97724",
          "title": "6 - Defina a cor preta como cor inicial. Ao carregar a página a cor preta já deve estar selecionada para pintar os pixels",
          "fullFile": "",
          "file": "",
          "beforeHooks": [],
          "afterHooks": [],
          "tests": [
            {
              "title": "Verifica se o elemento da cor preta possui, inicialmente, a `classe` `selected`",
              "fullTitle": "6 - Defina a cor preta como cor inicial. Ao carregar a página a cor preta já deve estar selecionada para pintar os pixels Verifica se o elemento da cor preta possui, inicialmente, a `classe` `selected`",
              "timedOut": null,
              "duration": 169,
              "state": "passed",
              "speed": "slow",
              "pass": true,
              "fail": false,
              "pending": false,
              "context": null,
              "code": "cy.get('.selected').first().should('have.css', 'background-color', BLACK);",
              "err": {},
              "uuid": "7534fef0-94f2-4f14-90e9-245e87d35b4e",
              "parentUUID": "d6f91313-1213-4251-922f-7440dfa97724",
              "isHook": false,
              "skipped": false
            },
            {
              "title": "Verifica se nenhuma outra cor da paleta tem a `classe` `selected`",
              "fullTitle": "6 - Defina a cor preta como cor inicial. Ao carregar a página a cor preta já deve estar selecionada para pintar os pixels Verifica se nenhuma outra cor da paleta tem a `classe` `selected`",
              "timedOut": null,
              "duration": 118,
              "state": "passed",
              "speed": "slow",
              "pass": true,
              "fail": false,
              "pending": false,
              "context": null,
              "code": "cy.get('.color:not(:first-child)').each(function (color) {\n  cy.wrap(color).should('not.have.class', 'selected');\n});",
              "err": {},
              "uuid": "ef18ec53-b864-4ce7-bba6-35349ab58339",
              "parentUUID": "d6f91313-1213-4251-922f-7440dfa97724",
              "isHook": false,
              "skipped": false
            }
          ],
          "suites": [],
          "passes": [
            "7534fef0-94f2-4f14-90e9-245e87d35b4e",
            "ef18ec53-b864-4ce7-bba6-35349ab58339"
          ],
          "failures": [],
          "pending": [],
          "skipped": [],
          "duration": 287,
          "root": false,
          "rootEmpty": false,
          "_timeout": 2000
        },
        {
          "uuid": "f6837366-b604-4d5c-a485-1126d664c87c",
          "title": "7 - Clicar em uma das cores da paleta, faz com que ela seja selecionada e utilizada para preencher os pixels no quadro.",
          "fullFile": "",
          "file": "",
          "beforeHooks": [],
          "afterHooks": [],
          "tests": [
            {
              "title": "Verifica se somente uma cor da paleta de cores tem a classe `selected` de cada vez",
              "fullTitle": "7 - Clicar em uma das cores da paleta, faz com que ela seja selecionada e utilizada para preencher os pixels no quadro. Verifica se somente uma cor da paleta de cores tem a classe `selected` de cada vez",
              "timedOut": null,
              "duration": 576,
              "state": "passed",
              "speed": "slow",
              "pass": true,
              "fail": false,
              "pending": false,
              "context": null,
              "code": "cy.get('.color').each(function (selectedColor, selectedColorIndex) {\n  cy.wrap(selectedColor).click();\n  cy.get('.color').each(function (color, colorIndex) {\n    if (colorIndex === selectedColorIndex) {\n      expect(color).to.have[\"class\"]('selected');\n    } else {\n      expect(color).not.to.have[\"class\"]('selected');\n    }\n  });\n});",
              "err": {},
              "uuid": "3feb5d11-20b8-43f4-b511-9fedcc2ce9c8",
              "parentUUID": "f6837366-b604-4d5c-a485-1126d664c87c",
              "isHook": false,
              "skipped": false
            },
            {
              "title": "Verifica se os pixels dentro do quadro não têm a classe `selected` quando são clicados",
              "fullTitle": "7 - Clicar em uma das cores da paleta, faz com que ela seja selecionada e utilizada para preencher os pixels no quadro. Verifica se os pixels dentro do quadro não têm a classe `selected` quando são clicados",
              "timedOut": null,
              "duration": 9173,
              "state": "passed",
              "speed": "slow",
              "pass": true,
              "fail": false,
              "pending": false,
              "context": null,
              "code": "cy.get('.color').each(function (color) {\n  var backgroundColor = color.css('background-color');\n  cy.wrap(color).click();\n  cy.get('.pixel').each(function (pixel) {\n    cy.wrap(pixel).click().should('not.have.class', 'selected');\n  });\n});",
              "err": {},
              "uuid": "8bdfb1c6-18b6-413d-b56e-bd536bf9d816",
              "parentUUID": "f6837366-b604-4d5c-a485-1126d664c87c",
              "isHook": false,
              "skipped": false
            }
          ],
          "suites": [],
          "passes": [
            "3feb5d11-20b8-43f4-b511-9fedcc2ce9c8",
            "8bdfb1c6-18b6-413d-b56e-bd536bf9d816"
          ],
          "failures": [],
          "pending": [],
          "skipped": [],
          "duration": 9749,
          "root": false,
          "rootEmpty": false,
          "_timeout": 2000
        },
        {
          "uuid": "1bfdcacf-ad99-495b-b811-65fded9e605b",
          "title": "8 - Clicar em um pixel dentro do quadro após selecionar uma cor na paleta, faz com que o pixel seja preenchido com a cor selecionada.",
          "fullFile": "",
          "file": "",
          "beforeHooks": [],
          "afterHooks": [],
          "tests": [
            {
              "title": "Verifica se ao carregar a página deve ser possível pintar os pixels de preto",
              "fullTitle": "8 - Clicar em um pixel dentro do quadro após selecionar uma cor na paleta, faz com que o pixel seja preenchido com a cor selecionada. Verifica se ao carregar a página deve ser possível pintar os pixels de preto",
              "timedOut": null,
              "duration": 4611,
              "state": "failed",
              "speed": null,
              "pass": false,
              "fail": true,
              "pending": false,
              "context": null,
              "code": "cy.get('.pixel').each(function (pixel) {\n  cy.wrap(pixel).click().should('have.css', 'background-color', BLACK);\n});",
              "err": {
                "message": "CypressError: Timed out retrying: expected '<div.pixel>' to have CSS property 'background-color' with the value 'rgb(0, 0, 0)', but the value was 'rgb(255, 255, 255)'",
                "estack": "CypressError: Timed out retrying: expected '<div.pixel>' to have CSS property 'background-color' with the value 'rgb(0, 0, 0)', but the value was 'rgb(255, 255, 255)'\n    at cypressErr (http://localhost:41925/__cypress/runner/cypress_runner.js:149934:9)\n    at throwErr (http://localhost:41925/__cypress/runner/cypress_runner.js:149867:11)\n    at Object.throwErrByPath (http://localhost:41925/__cypress/runner/cypress_runner.js:149915:3)\n    at retry (http://localhost:41925/__cypress/runner/cypress_runner.js:144197:19)\n    at onFailFn (http://localhost:41925/__cypress/runner/cypress_runner.js:132448:16)\n    at tryCatcher (http://localhost:41925/__cypress/runner/cypress_runner.js:167415:23)\n    at Promise._settlePromiseFromHandler (http://localhost:41925/__cypress/runner/cypress_runner.js:165351:31)\n    at Promise._settlePromise (http://localhost:41925/__cypress/runner/cypress_runner.js:165408:18)\n    at Promise._settlePromise0 (http://localhost:41925/__cypress/runner/cypress_runner.js:165453:10)\n    at Promise._settlePromises (http://localhost:41925/__cypress/runner/cypress_runner.js:165528:18)\n    at Async../node_modules/bluebird/js/release/async.js.Async._drainQueue (http://localhost:41925/__cypress/runner/cypress_runner.js:162140:16)\n    at Async../node_modules/bluebird/js/release/async.js.Async._drainQueues (http://localhost:41925/__cypress/runner/cypress_runner.js:162150:10)\n    at Async.drainQueues (http://localhost:41925/__cypress/runner/cypress_runner.js:162024:14)",
                "diff": null
              },
              "uuid": "7b54bba2-fb2a-4305-bffb-ea78e236f617",
              "parentUUID": "1bfdcacf-ad99-495b-b811-65fded9e605b",
              "isHook": false,
              "skipped": false
            },
            {
              "title": "Verifica se após selecionar uma outra cor na paleta, é possível pintar os pixels com essa cor",
              "fullTitle": "8 - Clicar em um pixel dentro do quadro após selecionar uma cor na paleta, faz com que o pixel seja preenchido com a cor selecionada. Verifica se após selecionar uma outra cor na paleta, é possível pintar os pixels com essa cor",
              "timedOut": null,
              "duration": 4926,
              "state": "failed",
              "speed": null,
              "pass": false,
              "fail": true,
              "pending": false,
              "context": null,
              "code": "cy.get('.color').each(function (color) {\n  var backgroundColor = color.css('background-color');\n  cy.wrap(color).click();\n  cy.get('.pixel').each(function (pixel) {\n    cy.wrap(pixel).click().should('have.css', 'background-color', backgroundColor);\n  });\n});",
              "err": {
                "message": "CypressError: Timed out retrying: expected '<div.pixel>' to have CSS property 'background-color' with the value 'rgb(0, 0, 0)', but the value was 'rgb(255, 255, 255)'",
                "estack": "CypressError: Timed out retrying: expected '<div.pixel>' to have CSS property 'background-color' with the value 'rgb(0, 0, 0)', but the value was 'rgb(255, 255, 255)'\n    at cypressErr (http://localhost:41925/__cypress/runner/cypress_runner.js:149934:9)\n    at throwErr (http://localhost:41925/__cypress/runner/cypress_runner.js:149867:11)\n    at Object.throwErrByPath (http://localhost:41925/__cypress/runner/cypress_runner.js:149915:3)\n    at retry (http://localhost:41925/__cypress/runner/cypress_runner.js:144197:19)\n    at onFailFn (http://localhost:41925/__cypress/runner/cypress_runner.js:132448:16)\n    at tryCatcher (http://localhost:41925/__cypress/runner/cypress_runner.js:167415:23)\n    at Promise._settlePromiseFromHandler (http://localhost:41925/__cypress/runner/cypress_runner.js:165351:31)\n    at Promise._settlePromise (http://localhost:41925/__cypress/runner/cypress_runner.js:165408:18)\n    at Promise._settlePromise0 (http://localhost:41925/__cypress/runner/cypress_runner.js:165453:10)\n    at Promise._settlePromises (http://localhost:41925/__cypress/runner/cypress_runner.js:165528:18)\n    at Async../node_modules/bluebird/js/release/async.js.Async._drainQueue (http://localhost:41925/__cypress/runner/cypress_runner.js:162140:16)\n    at Async../node_modules/bluebird/js/release/async.js.Async._drainQueues (http://localhost:41925/__cypress/runner/cypress_runner.js:162150:10)\n    at Async.drainQueues (http://localhost:41925/__cypress/runner/cypress_runner.js:162024:14)",
                "diff": null
              },
              "uuid": "64f39690-59f4-4821-bcfc-fa6c9334978e",
              "parentUUID": "1bfdcacf-ad99-495b-b811-65fded9e605b",
              "isHook": false,
              "skipped": false
            },
            {
              "title": "Verifica se somente o pixel que foi clicado foi preenchido com a cor selecionada, sem influenciar na cor dos demais pixels.",
              "fullTitle": "8 - Clicar em um pixel dentro do quadro após selecionar uma cor na paleta, faz com que o pixel seja preenchido com a cor selecionada. Verifica se somente o pixel que foi clicado foi preenchido com a cor selecionada, sem influenciar na cor dos demais pixels.",
              "timedOut": null,
              "duration": 2091,
              "state": "passed",
              "speed": "slow",
              "pass": true,
              "fail": false,
              "pending": false,
              "context": null,
              "code": "var colorToPixelIndexMap = {\n  0: 6,\n  1: 8,\n  2: 16,\n  3: 18\n};\ncy.get('.color').each(function (color, index) {\n  cy.wrap(color).click();\n  var backgroundColor = color.css('background-color');\n  var clickedPixelIndex = colorToPixelIndexMap[index];\n  cy.get('.pixel').eq(clickedPixelIndex).click();\n  cy.get('.pixel').eq(clickedPixelIndex - 1).should('not.have.css', 'background-color', backgroundColor);\n  cy.get('.pixel').eq(clickedPixelIndex + 1).should('not.have.css', 'background-color', backgroundColor);\n  cy.get('.pixel').eq(clickedPixelIndex - 5).should('not.have.css', 'background-color', backgroundColor);\n  cy.get('.pixel').eq(clickedPixelIndex + 5).should('not.have.css', 'background-color', backgroundColor);\n  cy.get('.pixel').eq(clickedPixelIndex - 6).should('not.have.css', 'background-color', backgroundColor);\n  cy.get('.pixel').eq(clickedPixelIndex - 4).should('not.have.css', 'background-color', backgroundColor);\n  cy.get('.pixel').eq(clickedPixelIndex + 4).should('not.have.css', 'background-color', backgroundColor);\n  cy.get('.pixel').eq(clickedPixelIndex + 6).should('not.have.css', 'background-color', backgroundColor);\n});",
              "err": {},
              "uuid": "12c6484e-82a8-4c90-9369-c393cc071d9c",
              "parentUUID": "1bfdcacf-ad99-495b-b811-65fded9e605b",
              "isHook": false,
              "skipped": false
            }
          ],
          "suites": [],
          "passes": [
            "12c6484e-82a8-4c90-9369-c393cc071d9c"
          ],
          "failures": [
            "7b54bba2-fb2a-4305-bffb-ea78e236f617",
            "64f39690-59f4-4821-bcfc-fa6c9334978e"
          ],
          "pending": [],
          "skipped": [],
          "duration": 11628,
          "root": false,
          "rootEmpty": false,
          "_timeout": 2000
        },
        {
          "uuid": "6ea3a5a8-2828-47ae-8521-c858ff492b90",
          "title": "9 - Crie um botão que, ao ser clicado, limpa o quadro preenchendo a cor de todos seus pixels com branco.",
          "fullFile": "",
          "file": "",
          "beforeHooks": [],
          "afterHooks": [],
          "tests": [
            {
              "title": "Verifica se o botão tem o `id` denominado `clear-board`",
              "fullTitle": "9 - Crie um botão que, ao ser clicado, limpa o quadro preenchendo a cor de todos seus pixels com branco. Verifica se o botão tem o `id` denominado `clear-board`",
              "timedOut": null,
              "duration": 4499,
              "state": "failed",
              "speed": null,
              "pass": false,
              "fail": true,
              "pending": false,
              "context": null,
              "code": "cy.get('#clear-board').should('be.visible');",
              "err": {
                "message": "CypressError: Timed out retrying: Expected to find element: '#clear-board', but never found it.",
                "estack": "CypressError: Timed out retrying: Expected to find element: '#clear-board', but never found it.\n    at cypressErr (http://localhost:41925/__cypress/runner/cypress_runner.js:149934:9)\n    at throwErr (http://localhost:41925/__cypress/runner/cypress_runner.js:149867:11)\n    at Object.throwErrByPath (http://localhost:41925/__cypress/runner/cypress_runner.js:149915:3)\n    at retry (http://localhost:41925/__cypress/runner/cypress_runner.js:144197:19)\n    at onFailFn (http://localhost:41925/__cypress/runner/cypress_runner.js:132448:16)\n    at tryCatcher (http://localhost:41925/__cypress/runner/cypress_runner.js:167415:23)\n    at Promise._settlePromiseFromHandler (http://localhost:41925/__cypress/runner/cypress_runner.js:165351:31)\n    at Promise._settlePromise (http://localhost:41925/__cypress/runner/cypress_runner.js:165408:18)\n    at Promise._settlePromise0 (http://localhost:41925/__cypress/runner/cypress_runner.js:165453:10)\n    at Promise._settlePromises (http://localhost:41925/__cypress/runner/cypress_runner.js:165528:18)\n    at Async../node_modules/bluebird/js/release/async.js.Async._drainQueue (http://localhost:41925/__cypress/runner/cypress_runner.js:162140:16)\n    at Async../node_modules/bluebird/js/release/async.js.Async._drainQueues (http://localhost:41925/__cypress/runner/cypress_runner.js:162150:10)\n    at Async.drainQueues (http://localhost:41925/__cypress/runner/cypress_runner.js:162024:14)",
                "diff": null
              },
              "uuid": "d29e4b31-d499-4ec6-a0d4-eb53b94ff9dd",
              "parentUUID": "6ea3a5a8-2828-47ae-8521-c858ff492b90",
              "isHook": false,
              "skipped": false
            },
            {
              "title": "Verifica se o botão está posicionado entre a paleta de cores e o quadro de pixels",
              "fullTitle": "9 - Crie um botão que, ao ser clicado, limpa o quadro preenchendo a cor de todos seus pixels com branco. Verifica se o botão está posicionado entre a paleta de cores e o quadro de pixels",
              "timedOut": null,
              "duration": 4694,
              "state": "failed",
              "speed": null,
              "pass": false,
              "fail": true,
              "pending": false,
              "context": null,
              "code": "cy.get('#color-palette').then(function (palette) {\n  cy.get('#clear-board').should('be.belowOf', palette);\n});\ncy.get('#clear-board').then(function (clearBtn) {\n  cy.get('#pixel-board').should('be.belowOf', clearBtn);\n});",
              "err": {
                "message": "CypressError: Timed out retrying: Expected to find element: '#clear-board', but never found it.",
                "estack": "CypressError: Timed out retrying: Expected to find element: '#clear-board', but never found it.\n    at cypressErr (http://localhost:41925/__cypress/runner/cypress_runner.js:149934:9)\n    at throwErr (http://localhost:41925/__cypress/runner/cypress_runner.js:149867:11)\n    at Object.throwErrByPath (http://localhost:41925/__cypress/runner/cypress_runner.js:149915:3)\n    at retry (http://localhost:41925/__cypress/runner/cypress_runner.js:144197:19)\n    at onFailFn (http://localhost:41925/__cypress/runner/cypress_runner.js:132448:16)\n    at tryCatcher (http://localhost:41925/__cypress/runner/cypress_runner.js:167415:23)\n    at Promise._settlePromiseFromHandler (http://localhost:41925/__cypress/runner/cypress_runner.js:165351:31)\n    at Promise._settlePromise (http://localhost:41925/__cypress/runner/cypress_runner.js:165408:18)\n    at Promise._settlePromise0 (http://localhost:41925/__cypress/runner/cypress_runner.js:165453:10)\n    at Promise._settlePromises (http://localhost:41925/__cypress/runner/cypress_runner.js:165528:18)\n    at Async../node_modules/bluebird/js/release/async.js.Async._drainQueue (http://localhost:41925/__cypress/runner/cypress_runner.js:162140:16)\n    at Async../node_modules/bluebird/js/release/async.js.Async._drainQueues (http://localhost:41925/__cypress/runner/cypress_runner.js:162150:10)\n    at Async.drainQueues (http://localhost:41925/__cypress/runner/cypress_runner.js:162024:14)",
                "diff": null
              },
              "uuid": "6380dc1a-0436-49be-a5be-7ddc313de428",
              "parentUUID": "6ea3a5a8-2828-47ae-8521-c858ff492b90",
              "isHook": false,
              "skipped": false
            },
            {
              "title": "Verifica se o texto do botão é 'Limpar'",
              "fullTitle": "9 - Crie um botão que, ao ser clicado, limpa o quadro preenchendo a cor de todos seus pixels com branco. Verifica se o texto do botão é 'Limpar'",
              "timedOut": null,
              "duration": 4812,
              "state": "failed",
              "speed": null,
              "pass": false,
              "fail": true,
              "pending": false,
              "context": null,
              "code": "cy.get('#clear-board').should('contain.text', 'Limpar');",
              "err": {
                "message": "CypressError: Timed out retrying: Expected to find element: '#clear-board', but never found it.",
                "estack": "CypressError: Timed out retrying: Expected to find element: '#clear-board', but never found it.\n    at cypressErr (http://localhost:41925/__cypress/runner/cypress_runner.js:149934:9)\n    at throwErr (http://localhost:41925/__cypress/runner/cypress_runner.js:149867:11)\n    at Object.throwErrByPath (http://localhost:41925/__cypress/runner/cypress_runner.js:149915:3)\n    at retry (http://localhost:41925/__cypress/runner/cypress_runner.js:144197:19)\n    at onFailFn (http://localhost:41925/__cypress/runner/cypress_runner.js:132448:16)\n    at tryCatcher (http://localhost:41925/__cypress/runner/cypress_runner.js:167415:23)\n    at Promise._settlePromiseFromHandler (http://localhost:41925/__cypress/runner/cypress_runner.js:165351:31)\n    at Promise._settlePromise (http://localhost:41925/__cypress/runner/cypress_runner.js:165408:18)\n    at Promise._settlePromise0 (http://localhost:41925/__cypress/runner/cypress_runner.js:165453:10)\n    at Promise._settlePromises (http://localhost:41925/__cypress/runner/cypress_runner.js:165528:18)\n    at Async../node_modules/bluebird/js/release/async.js.Async._drainQueue (http://localhost:41925/__cypress/runner/cypress_runner.js:162140:16)\n    at Async../node_modules/bluebird/js/release/async.js.Async._drainQueues (http://localhost:41925/__cypress/runner/cypress_runner.js:162150:10)\n    at Async.drainQueues (http://localhost:41925/__cypress/runner/cypress_runner.js:162024:14)",
                "diff": null
              },
              "uuid": "e265918b-4fca-4904-b1e2-be206a609f2a",
              "parentUUID": "6ea3a5a8-2828-47ae-8521-c858ff492b90",
              "isHook": false,
              "skipped": false
            },
            {
              "title": "Verifica se ao clicar no botão, o quadro de pixels é totalmente preenchido de branco",
              "fullTitle": "9 - Crie um botão que, ao ser clicado, limpa o quadro preenchendo a cor de todos seus pixels com branco. Verifica se ao clicar no botão, o quadro de pixels é totalmente preenchido de branco",
              "timedOut": null,
              "duration": 5007,
              "state": "failed",
              "speed": null,
              "pass": false,
              "fail": true,
              "pending": false,
              "context": null,
              "code": "cy.get('.color').eq(1).then(function (color) {\n  var backgroundColor = color.css('background-color');\n  cy.wrap(color).click();\n  cy.get('.pixel').each(function (pixel) {\n    cy.wrap(pixel).click().should('have.css', 'background-color', backgroundColor);\n  });\n});\ncy.get('#clear-board').click();\ncy.get('.pixel').each(function (pixel) {\n  cy.wrap(pixel).should('have.css', 'background-color', WHITE);\n});",
              "err": {
                "message": "CypressError: Timed out retrying: expected '<div.pixel>' to have CSS property 'background-color' with the value 'rgb(255, 165, 0)', but the value was 'rgb(255, 255, 255)'",
                "estack": "CypressError: Timed out retrying: expected '<div.pixel>' to have CSS property 'background-color' with the value 'rgb(255, 165, 0)', but the value was 'rgb(255, 255, 255)'\n    at cypressErr (http://localhost:41925/__cypress/runner/cypress_runner.js:149934:9)\n    at throwErr (http://localhost:41925/__cypress/runner/cypress_runner.js:149867:11)\n    at Object.throwErrByPath (http://localhost:41925/__cypress/runner/cypress_runner.js:149915:3)\n    at retry (http://localhost:41925/__cypress/runner/cypress_runner.js:144197:19)\n    at onFailFn (http://localhost:41925/__cypress/runner/cypress_runner.js:132448:16)\n    at tryCatcher (http://localhost:41925/__cypress/runner/cypress_runner.js:167415:23)\n    at Promise._settlePromiseFromHandler (http://localhost:41925/__cypress/runner/cypress_runner.js:165351:31)\n    at Promise._settlePromise (http://localhost:41925/__cypress/runner/cypress_runner.js:165408:18)\n    at Promise._settlePromise0 (http://localhost:41925/__cypress/runner/cypress_runner.js:165453:10)\n    at Promise._settlePromises (http://localhost:41925/__cypress/runner/cypress_runner.js:165528:18)\n    at Async../node_modules/bluebird/js/release/async.js.Async._drainQueue (http://localhost:41925/__cypress/runner/cypress_runner.js:162140:16)\n    at Async../node_modules/bluebird/js/release/async.js.Async._drainQueues (http://localhost:41925/__cypress/runner/cypress_runner.js:162150:10)\n    at Async.drainQueues (http://localhost:41925/__cypress/runner/cypress_runner.js:162024:14)",
                "diff": null
              },
              "uuid": "74bfdbf7-a4d9-4d45-91b8-173c0cf1a6f7",
              "parentUUID": "6ea3a5a8-2828-47ae-8521-c858ff492b90",
              "isHook": false,
              "skipped": false
            }
          ],
          "suites": [],
          "passes": [],
          "failures": [
            "d29e4b31-d499-4ec6-a0d4-eb53b94ff9dd",
            "6380dc1a-0436-49be-a5be-7ddc313de428",
            "e265918b-4fca-4904-b1e2-be206a609f2a",
            "74bfdbf7-a4d9-4d45-91b8-173c0cf1a6f7"
          ],
          "pending": [],
          "skipped": [],
          "duration": 19012,
          "root": false,
          "rootEmpty": false,
          "_timeout": 2000
        },
        {
          "uuid": "28aa115c-c502-4353-8dc0-f07d04f8eab0",
          "title": "10 - Faça o quadro de pixels ter seu tamanho definido pelo usuário.",
          "fullFile": "",
          "file": "",
          "beforeHooks": [],
          "afterHooks": [],
          "tests": [
            {
              "title": "Verifica se existe um input com o id `board-size`",
              "fullTitle": "10 - Faça o quadro de pixels ter seu tamanho definido pelo usuário. Verifica se existe um input com o id `board-size`",
              "timedOut": null,
              "duration": 4836,
              "state": "failed",
              "speed": null,
              "pass": false,
              "fail": true,
              "pending": false,
              "context": null,
              "code": "cy.get('#board-size').should('be.visible');",
              "err": {
                "message": "CypressError: Timed out retrying: Expected to find element: '#board-size', but never found it.",
                "estack": "CypressError: Timed out retrying: Expected to find element: '#board-size', but never found it.\n    at cypressErr (http://localhost:41925/__cypress/runner/cypress_runner.js:149934:9)\n    at throwErr (http://localhost:41925/__cypress/runner/cypress_runner.js:149867:11)\n    at Object.throwErrByPath (http://localhost:41925/__cypress/runner/cypress_runner.js:149915:3)\n    at retry (http://localhost:41925/__cypress/runner/cypress_runner.js:144197:19)\n    at onFailFn (http://localhost:41925/__cypress/runner/cypress_runner.js:132448:16)\n    at tryCatcher (http://localhost:41925/__cypress/runner/cypress_runner.js:167415:23)\n    at Promise._settlePromiseFromHandler (http://localhost:41925/__cypress/runner/cypress_runner.js:165351:31)\n    at Promise._settlePromise (http://localhost:41925/__cypress/runner/cypress_runner.js:165408:18)\n    at Promise._settlePromise0 (http://localhost:41925/__cypress/runner/cypress_runner.js:165453:10)\n    at Promise._settlePromises (http://localhost:41925/__cypress/runner/cypress_runner.js:165528:18)\n    at Async../node_modules/bluebird/js/release/async.js.Async._drainQueue (http://localhost:41925/__cypress/runner/cypress_runner.js:162140:16)\n    at Async../node_modules/bluebird/js/release/async.js.Async._drainQueues (http://localhost:41925/__cypress/runner/cypress_runner.js:162150:10)\n    at Async.drainQueues (http://localhost:41925/__cypress/runner/cypress_runner.js:162024:14)",
                "diff": null
              },
              "uuid": "3a3d2dae-61f3-483b-88e7-1b553121446f",
              "parentUUID": "28aa115c-c502-4353-8dc0-f07d04f8eab0",
              "isHook": false,
              "skipped": false
            },
            {
              "title": "Verifica se existe um botão com o id `generate-board`",
              "fullTitle": "10 - Faça o quadro de pixels ter seu tamanho definido pelo usuário. Verifica se existe um botão com o id `generate-board`",
              "timedOut": null,
              "duration": 4670,
              "state": "failed",
              "speed": null,
              "pass": false,
              "fail": true,
              "pending": false,
              "context": null,
              "code": "cy.get('#generate-board').should('be.visible');",
              "err": {
                "message": "CypressError: Timed out retrying: Expected to find element: '#generate-board', but never found it.",
                "estack": "CypressError: Timed out retrying: Expected to find element: '#generate-board', but never found it.\n    at cypressErr (http://localhost:41925/__cypress/runner/cypress_runner.js:149934:9)\n    at throwErr (http://localhost:41925/__cypress/runner/cypress_runner.js:149867:11)\n    at Object.throwErrByPath (http://localhost:41925/__cypress/runner/cypress_runner.js:149915:3)\n    at retry (http://localhost:41925/__cypress/runner/cypress_runner.js:144197:19)\n    at onFailFn (http://localhost:41925/__cypress/runner/cypress_runner.js:132448:16)\n    at tryCatcher (http://localhost:41925/__cypress/runner/cypress_runner.js:167415:23)\n    at Promise._settlePromiseFromHandler (http://localhost:41925/__cypress/runner/cypress_runner.js:165351:31)\n    at Promise._settlePromise (http://localhost:41925/__cypress/runner/cypress_runner.js:165408:18)\n    at Promise._settlePromise0 (http://localhost:41925/__cypress/runner/cypress_runner.js:165453:10)\n    at Promise._settlePromises (http://localhost:41925/__cypress/runner/cypress_runner.js:165528:18)\n    at Async../node_modules/bluebird/js/release/async.js.Async._drainQueue (http://localhost:41925/__cypress/runner/cypress_runner.js:162140:16)\n    at Async../node_modules/bluebird/js/release/async.js.Async._drainQueues (http://localhost:41925/__cypress/runner/cypress_runner.js:162150:10)\n    at Async.drainQueues (http://localhost:41925/__cypress/runner/cypress_runner.js:162024:14)",
                "diff": null
              },
              "uuid": "dab18b9b-a707-4c54-bd7a-9050a170c8ae",
              "parentUUID": "28aa115c-c502-4353-8dc0-f07d04f8eab0",
              "isHook": false,
              "skipped": false
            },
            {
              "title": "Verifica se o input só aceita número maiores que zero. Essa restrição deve ser feita usando os atributos do elemento `input`",
              "fullTitle": "10 - Faça o quadro de pixels ter seu tamanho definido pelo usuário. Verifica se o input só aceita número maiores que zero. Essa restrição deve ser feita usando os atributos do elemento `input`",
              "timedOut": null,
              "duration": 4632,
              "state": "failed",
              "speed": null,
              "pass": false,
              "fail": true,
              "pending": false,
              "context": null,
              "code": "cy.get('#board-size[type=\\'number\\'][min=\\'1\\']');",
              "err": {
                "message": "CypressError: Timed out retrying: Expected to find element: '#board-size[type='number'][min='1']', but never found it.",
                "estack": "CypressError: Timed out retrying: Expected to find element: '#board-size[type='number'][min='1']', but never found it.\n    at cypressErr (http://localhost:41925/__cypress/runner/cypress_runner.js:149934:9)\n    at throwErr (http://localhost:41925/__cypress/runner/cypress_runner.js:149867:11)\n    at Object.throwErrByPath (http://localhost:41925/__cypress/runner/cypress_runner.js:149915:3)\n    at retry (http://localhost:41925/__cypress/runner/cypress_runner.js:144197:19)\n    at onFailFn (http://localhost:41925/__cypress/runner/cypress_runner.js:132448:16)\n    at tryCatcher (http://localhost:41925/__cypress/runner/cypress_runner.js:167415:23)\n    at Promise._settlePromiseFromHandler (http://localhost:41925/__cypress/runner/cypress_runner.js:165351:31)\n    at Promise._settlePromise (http://localhost:41925/__cypress/runner/cypress_runner.js:165408:18)\n    at Promise._settlePromise0 (http://localhost:41925/__cypress/runner/cypress_runner.js:165453:10)\n    at Promise._settlePromises (http://localhost:41925/__cypress/runner/cypress_runner.js:165528:18)\n    at Async../node_modules/bluebird/js/release/async.js.Async._drainQueue (http://localhost:41925/__cypress/runner/cypress_runner.js:162140:16)\n    at Async../node_modules/bluebird/js/release/async.js.Async._drainQueues (http://localhost:41925/__cypress/runner/cypress_runner.js:162150:10)\n    at Async.drainQueues (http://localhost:41925/__cypress/runner/cypress_runner.js:162024:14)",
                "diff": null
              },
              "uuid": "62ef516b-bc38-49e3-8d23-f916a1cc2e68",
              "parentUUID": "28aa115c-c502-4353-8dc0-f07d04f8eab0",
              "isHook": false,
              "skipped": false
            },
            {
              "title": "Verifica se o botão contém o texto 'VQV'",
              "fullTitle": "10 - Faça o quadro de pixels ter seu tamanho definido pelo usuário. Verifica se o botão contém o texto 'VQV'",
              "timedOut": null,
              "duration": 4625,
              "state": "failed",
              "speed": null,
              "pass": false,
              "fail": true,
              "pending": false,
              "context": null,
              "code": "cy.get('#generate-board').contains(/vqv/i);",
              "err": {
                "message": "CypressError: Timed out retrying: Expected to find element: '#generate-board', but never found it.",
                "estack": "CypressError: Timed out retrying: Expected to find element: '#generate-board', but never found it.\n    at cypressErr (http://localhost:41925/__cypress/runner/cypress_runner.js:149934:9)\n    at throwErr (http://localhost:41925/__cypress/runner/cypress_runner.js:149867:11)\n    at Object.throwErrByPath (http://localhost:41925/__cypress/runner/cypress_runner.js:149915:3)\n    at retry (http://localhost:41925/__cypress/runner/cypress_runner.js:144197:19)\n    at onFailFn (http://localhost:41925/__cypress/runner/cypress_runner.js:132448:16)\n    at tryCatcher (http://localhost:41925/__cypress/runner/cypress_runner.js:167415:23)\n    at Promise._settlePromiseFromHandler (http://localhost:41925/__cypress/runner/cypress_runner.js:165351:31)\n    at Promise._settlePromise (http://localhost:41925/__cypress/runner/cypress_runner.js:165408:18)\n    at Promise._settlePromise0 (http://localhost:41925/__cypress/runner/cypress_runner.js:165453:10)\n    at Promise._settlePromises (http://localhost:41925/__cypress/runner/cypress_runner.js:165528:18)\n    at Async../node_modules/bluebird/js/release/async.js.Async._drainQueue (http://localhost:41925/__cypress/runner/cypress_runner.js:162140:16)\n    at Async../node_modules/bluebird/js/release/async.js.Async._drainQueues (http://localhost:41925/__cypress/runner/cypress_runner.js:162150:10)\n    at Async.drainQueues (http://localhost:41925/__cypress/runner/cypress_runner.js:162024:14)",
                "diff": null
              },
              "uuid": "4a2ab5f2-43ec-45f9-bc7f-3ad4ed19b695",
              "parentUUID": "28aa115c-c502-4353-8dc0-f07d04f8eab0",
              "isHook": false,
              "skipped": false
            },
            {
              "title": "Verifica se o input está posicionado entre a paleta de cores e o quadro de pixels",
              "fullTitle": "10 - Faça o quadro de pixels ter seu tamanho definido pelo usuário. Verifica se o input está posicionado entre a paleta de cores e o quadro de pixels",
              "timedOut": null,
              "duration": 4593,
              "state": "failed",
              "speed": null,
              "pass": false,
              "fail": true,
              "pending": false,
              "context": null,
              "code": "cy.get('#color-palette').then(function (palette) {\n  cy.get('#board-size').should('be.belowOf', palette);\n});\ncy.get('#board-size').then(function (palette) {\n  cy.get('#pixel-board').should('be.belowOf', palette);\n});",
              "err": {
                "message": "CypressError: Timed out retrying: Expected to find element: '#board-size', but never found it.",
                "estack": "CypressError: Timed out retrying: Expected to find element: '#board-size', but never found it.\n    at cypressErr (http://localhost:41925/__cypress/runner/cypress_runner.js:149934:9)\n    at throwErr (http://localhost:41925/__cypress/runner/cypress_runner.js:149867:11)\n    at Object.throwErrByPath (http://localhost:41925/__cypress/runner/cypress_runner.js:149915:3)\n    at retry (http://localhost:41925/__cypress/runner/cypress_runner.js:144197:19)\n    at onFailFn (http://localhost:41925/__cypress/runner/cypress_runner.js:132448:16)\n    at tryCatcher (http://localhost:41925/__cypress/runner/cypress_runner.js:167415:23)\n    at Promise._settlePromiseFromHandler (http://localhost:41925/__cypress/runner/cypress_runner.js:165351:31)\n    at Promise._settlePromise (http://localhost:41925/__cypress/runner/cypress_runner.js:165408:18)\n    at Promise._settlePromise0 (http://localhost:41925/__cypress/runner/cypress_runner.js:165453:10)\n    at Promise._settlePromises (http://localhost:41925/__cypress/runner/cypress_runner.js:165528:18)\n    at Async../node_modules/bluebird/js/release/async.js.Async._drainQueue (http://localhost:41925/__cypress/runner/cypress_runner.js:162140:16)\n    at Async../node_modules/bluebird/js/release/async.js.Async._drainQueues (http://localhost:41925/__cypress/runner/cypress_runner.js:162150:10)\n    at Async.drainQueues (http://localhost:41925/__cypress/runner/cypress_runner.js:162024:14)",
                "diff": null
              },
              "uuid": "870c009b-3dd7-43d5-8107-0104e937cef9",
              "parentUUID": "28aa115c-c502-4353-8dc0-f07d04f8eab0",
              "isHook": false,
              "skipped": false
            },
            {
              "title": "Verifica se o botão está posicionado ao lado do input",
              "fullTitle": "10 - Faça o quadro de pixels ter seu tamanho definido pelo usuário. Verifica se o botão está posicionado ao lado do input",
              "timedOut": null,
              "duration": 4691,
              "state": "failed",
              "speed": null,
              "pass": false,
              "fail": true,
              "pending": false,
              "context": null,
              "code": "cy.get('#board-size').then(function (board) {\n  cy.get('#generate-board').should('be.onTheRightOf', board);\n});",
              "err": {
                "message": "CypressError: Timed out retrying: Expected to find element: '#board-size', but never found it.",
                "estack": "CypressError: Timed out retrying: Expected to find element: '#board-size', but never found it.\n    at cypressErr (http://localhost:41925/__cypress/runner/cypress_runner.js:149934:9)\n    at throwErr (http://localhost:41925/__cypress/runner/cypress_runner.js:149867:11)\n    at Object.throwErrByPath (http://localhost:41925/__cypress/runner/cypress_runner.js:149915:3)\n    at retry (http://localhost:41925/__cypress/runner/cypress_runner.js:144197:19)\n    at onFailFn (http://localhost:41925/__cypress/runner/cypress_runner.js:132448:16)\n    at tryCatcher (http://localhost:41925/__cypress/runner/cypress_runner.js:167415:23)\n    at Promise._settlePromiseFromHandler (http://localhost:41925/__cypress/runner/cypress_runner.js:165351:31)\n    at Promise._settlePromise (http://localhost:41925/__cypress/runner/cypress_runner.js:165408:18)\n    at Promise._settlePromise0 (http://localhost:41925/__cypress/runner/cypress_runner.js:165453:10)\n    at Promise._settlePromises (http://localhost:41925/__cypress/runner/cypress_runner.js:165528:18)\n    at Async../node_modules/bluebird/js/release/async.js.Async._drainQueue (http://localhost:41925/__cypress/runner/cypress_runner.js:162140:16)\n    at Async../node_modules/bluebird/js/release/async.js.Async._drainQueues (http://localhost:41925/__cypress/runner/cypress_runner.js:162150:10)\n    at Async.drainQueues (http://localhost:41925/__cypress/runner/cypress_runner.js:162024:14)",
                "diff": null
              },
              "uuid": "c76bdf6c-b08c-43cf-b589-e2f78964f90a",
              "parentUUID": "28aa115c-c502-4353-8dc0-f07d04f8eab0",
              "isHook": false,
              "skipped": false
            },
            {
              "title": "Verifica se nenhum valor for colocado no input ao clicar no botão, um `alert` é exibido com o texto: 'Board inválido!'",
              "fullTitle": "10 - Faça o quadro de pixels ter seu tamanho definido pelo usuário. Verifica se nenhum valor for colocado no input ao clicar no botão, um `alert` é exibido com o texto: 'Board inválido!'",
              "timedOut": null,
              "duration": 4611,
              "state": "failed",
              "speed": null,
              "pass": false,
              "fail": true,
              "pending": false,
              "context": null,
              "code": "var alerted = false;\ncy.on('window:alert', function (msg) {\n  return alerted = msg;\n});\ncy.get('#generate-board').click().then(function () {\n  return expect(alerted).to.match(/Board inválido!/i);\n});",
              "err": {
                "message": "CypressError: Timed out retrying: Expected to find element: '#generate-board', but never found it.",
                "estack": "CypressError: Timed out retrying: Expected to find element: '#generate-board', but never found it.\n    at cypressErr (http://localhost:41925/__cypress/runner/cypress_runner.js:149934:9)\n    at throwErr (http://localhost:41925/__cypress/runner/cypress_runner.js:149867:11)\n    at Object.throwErrByPath (http://localhost:41925/__cypress/runner/cypress_runner.js:149915:3)\n    at retry (http://localhost:41925/__cypress/runner/cypress_runner.js:144197:19)\n    at onFailFn (http://localhost:41925/__cypress/runner/cypress_runner.js:132448:16)\n    at tryCatcher (http://localhost:41925/__cypress/runner/cypress_runner.js:167415:23)\n    at Promise._settlePromiseFromHandler (http://localhost:41925/__cypress/runner/cypress_runner.js:165351:31)\n    at Promise._settlePromise (http://localhost:41925/__cypress/runner/cypress_runner.js:165408:18)\n    at Promise._settlePromise0 (http://localhost:41925/__cypress/runner/cypress_runner.js:165453:10)\n    at Promise._settlePromises (http://localhost:41925/__cypress/runner/cypress_runner.js:165528:18)\n    at Async../node_modules/bluebird/js/release/async.js.Async._drainQueue (http://localhost:41925/__cypress/runner/cypress_runner.js:162140:16)\n    at Async../node_modules/bluebird/js/release/async.js.Async._drainQueues (http://localhost:41925/__cypress/runner/cypress_runner.js:162150:10)\n    at Async.drainQueues (http://localhost:41925/__cypress/runner/cypress_runner.js:162024:14)",
                "diff": null
              },
              "uuid": "ec79a11c-1ae0-40ac-b770-b3fa7e847070",
              "parentUUID": "28aa115c-c502-4353-8dc0-f07d04f8eab0",
              "isHook": false,
              "skipped": false
            },
            {
              "title": "Verifica se ao clicar no botão com um valor preenchido, o tamanho do board muda.",
              "fullTitle": "10 - Faça o quadro de pixels ter seu tamanho definido pelo usuário. Verifica se ao clicar no botão com um valor preenchido, o tamanho do board muda.",
              "timedOut": null,
              "duration": 4746,
              "state": "failed",
              "speed": null,
              "pass": false,
              "fail": true,
              "pending": false,
              "context": null,
              "code": "cy.get('#board-size').clear().type(10);\ncy.get('#generate-board').click();\ncy.get('.pixel').should('have.length', 100);",
              "err": {
                "message": "CypressError: Timed out retrying: Expected to find element: '#board-size', but never found it.",
                "estack": "CypressError: Timed out retrying: Expected to find element: '#board-size', but never found it.\n    at cypressErr (http://localhost:41925/__cypress/runner/cypress_runner.js:149934:9)\n    at throwErr (http://localhost:41925/__cypress/runner/cypress_runner.js:149867:11)\n    at Object.throwErrByPath (http://localhost:41925/__cypress/runner/cypress_runner.js:149915:3)\n    at retry (http://localhost:41925/__cypress/runner/cypress_runner.js:144197:19)\n    at onFailFn (http://localhost:41925/__cypress/runner/cypress_runner.js:132448:16)\n    at tryCatcher (http://localhost:41925/__cypress/runner/cypress_runner.js:167415:23)\n    at Promise._settlePromiseFromHandler (http://localhost:41925/__cypress/runner/cypress_runner.js:165351:31)\n    at Promise._settlePromise (http://localhost:41925/__cypress/runner/cypress_runner.js:165408:18)\n    at Promise._settlePromise0 (http://localhost:41925/__cypress/runner/cypress_runner.js:165453:10)\n    at Promise._settlePromises (http://localhost:41925/__cypress/runner/cypress_runner.js:165528:18)\n    at Async../node_modules/bluebird/js/release/async.js.Async._drainQueue (http://localhost:41925/__cypress/runner/cypress_runner.js:162140:16)\n    at Async../node_modules/bluebird/js/release/async.js.Async._drainQueues (http://localhost:41925/__cypress/runner/cypress_runner.js:162150:10)\n    at Async.drainQueues (http://localhost:41925/__cypress/runner/cypress_runner.js:162024:14)",
                "diff": null
              },
              "uuid": "427bc4d2-3552-4311-a9a1-f9d438634373",
              "parentUUID": "28aa115c-c502-4353-8dc0-f07d04f8eab0",
              "isHook": false,
              "skipped": false
            },
            {
              "title": "Verifica se o novo quadro tem todos os pixels preenchidos com a cor branca",
              "fullTitle": "10 - Faça o quadro de pixels ter seu tamanho definido pelo usuário. Verifica se o novo quadro tem todos os pixels preenchidos com a cor branca",
              "timedOut": null,
              "duration": 4674,
              "state": "failed",
              "speed": null,
              "pass": false,
              "fail": true,
              "pending": false,
              "context": null,
              "code": "cy.get('#board-size').clear().type(6);\ncy.get('#generate-board').click();\ncy.get('.pixel').should('have.length', 36).each(function (pixel) {\n  expect(pixel).to.have.css('background-color', WHITE);\n});",
              "err": {
                "message": "CypressError: Timed out retrying: Expected to find element: '#board-size', but never found it.",
                "estack": "CypressError: Timed out retrying: Expected to find element: '#board-size', but never found it.\n    at cypressErr (http://localhost:41925/__cypress/runner/cypress_runner.js:149934:9)\n    at throwErr (http://localhost:41925/__cypress/runner/cypress_runner.js:149867:11)\n    at Object.throwErrByPath (http://localhost:41925/__cypress/runner/cypress_runner.js:149915:3)\n    at retry (http://localhost:41925/__cypress/runner/cypress_runner.js:144197:19)\n    at onFailFn (http://localhost:41925/__cypress/runner/cypress_runner.js:132448:16)\n    at tryCatcher (http://localhost:41925/__cypress/runner/cypress_runner.js:167415:23)\n    at Promise._settlePromiseFromHandler (http://localhost:41925/__cypress/runner/cypress_runner.js:165351:31)\n    at Promise._settlePromise (http://localhost:41925/__cypress/runner/cypress_runner.js:165408:18)\n    at Promise._settlePromise0 (http://localhost:41925/__cypress/runner/cypress_runner.js:165453:10)\n    at Promise._settlePromises (http://localhost:41925/__cypress/runner/cypress_runner.js:165528:18)\n    at Async../node_modules/bluebird/js/release/async.js.Async._drainQueue (http://localhost:41925/__cypress/runner/cypress_runner.js:162140:16)\n    at Async../node_modules/bluebird/js/release/async.js.Async._drainQueues (http://localhost:41925/__cypress/runner/cypress_runner.js:162150:10)\n    at Async.drainQueues (http://localhost:41925/__cypress/runner/cypress_runner.js:162024:14)",
                "diff": null
              },
              "uuid": "39e2a9a3-b491-46f4-97db-0d03a41a763f",
              "parentUUID": "28aa115c-c502-4353-8dc0-f07d04f8eab0",
              "isHook": false,
              "skipped": false
            }
          ],
          "suites": [],
          "passes": [],
          "failures": [
            "3a3d2dae-61f3-483b-88e7-1b553121446f",
            "dab18b9b-a707-4c54-bd7a-9050a170c8ae",
            "62ef516b-bc38-49e3-8d23-f916a1cc2e68",
            "4a2ab5f2-43ec-45f9-bc7f-3ad4ed19b695",
            "870c009b-3dd7-43d5-8107-0104e937cef9",
            "c76bdf6c-b08c-43cf-b589-e2f78964f90a",
            "ec79a11c-1ae0-40ac-b770-b3fa7e847070",
            "427bc4d2-3552-4311-a9a1-f9d438634373",
            "39e2a9a3-b491-46f4-97db-0d03a41a763f"
          ],
          "pending": [],
          "skipped": [],
          "duration": 42078,
          "root": false,
          "rootEmpty": false,
          "_timeout": 2000
        },
        {
          "uuid": "0a53b542-56c2-442b-9fb9-1f2a303079fe",
          "title": "11 - Limite o tamanho mínimo e máximo do board.",
          "fullFile": "",
          "file": "",
          "beforeHooks": [],
          "afterHooks": [],
          "tests": [
            {
              "title": "Verifica se a altura máxima do board é 50",
              "fullTitle": "11 - Limite o tamanho mínimo e máximo do board. Verifica se a altura máxima do board é 50",
              "timedOut": null,
              "duration": 4709,
              "state": "failed",
              "speed": null,
              "pass": false,
              "fail": true,
              "pending": false,
              "context": null,
              "code": "cy.get('#board-size').clear().type(50);\ncy.get('#generate-board').click();\ncy.get('.pixel').should('have.length', 2500);",
              "err": {
                "message": "CypressError: Timed out retrying: Expected to find element: '#board-size', but never found it.",
                "estack": "CypressError: Timed out retrying: Expected to find element: '#board-size', but never found it.\n    at cypressErr (http://localhost:41925/__cypress/runner/cypress_runner.js:149934:9)\n    at throwErr (http://localhost:41925/__cypress/runner/cypress_runner.js:149867:11)\n    at Object.throwErrByPath (http://localhost:41925/__cypress/runner/cypress_runner.js:149915:3)\n    at retry (http://localhost:41925/__cypress/runner/cypress_runner.js:144197:19)\n    at onFailFn (http://localhost:41925/__cypress/runner/cypress_runner.js:132448:16)\n    at tryCatcher (http://localhost:41925/__cypress/runner/cypress_runner.js:167415:23)\n    at Promise._settlePromiseFromHandler (http://localhost:41925/__cypress/runner/cypress_runner.js:165351:31)\n    at Promise._settlePromise (http://localhost:41925/__cypress/runner/cypress_runner.js:165408:18)\n    at Promise._settlePromise0 (http://localhost:41925/__cypress/runner/cypress_runner.js:165453:10)\n    at Promise._settlePromises (http://localhost:41925/__cypress/runner/cypress_runner.js:165528:18)\n    at Async../node_modules/bluebird/js/release/async.js.Async._drainQueue (http://localhost:41925/__cypress/runner/cypress_runner.js:162140:16)\n    at Async../node_modules/bluebird/js/release/async.js.Async._drainQueues (http://localhost:41925/__cypress/runner/cypress_runner.js:162150:10)\n    at Async.drainQueues (http://localhost:41925/__cypress/runner/cypress_runner.js:162024:14)",
                "diff": null
              },
              "uuid": "8c33b752-b864-42c8-9889-8ac7c617ba6f",
              "parentUUID": "0a53b542-56c2-442b-9fb9-1f2a303079fe",
              "isHook": false,
              "skipped": false
            },
            {
              "title": "Verifica se a altura do board é 5 quando um valor menor é colocado no input",
              "fullTitle": "11 - Limite o tamanho mínimo e máximo do board. Verifica se a altura do board é 5 quando um valor menor é colocado no input",
              "timedOut": null,
              "duration": 4715,
              "state": "failed",
              "speed": null,
              "pass": false,
              "fail": true,
              "pending": false,
              "context": null,
              "code": "cy.get('#board-size').clear().type(4);\ncy.get('#generate-board').click();\ncy.get('.pixel').should('have.length', 25);",
              "err": {
                "message": "CypressError: Timed out retrying: Expected to find element: '#board-size', but never found it.",
                "estack": "CypressError: Timed out retrying: Expected to find element: '#board-size', but never found it.\n    at cypressErr (http://localhost:41925/__cypress/runner/cypress_runner.js:149934:9)\n    at throwErr (http://localhost:41925/__cypress/runner/cypress_runner.js:149867:11)\n    at Object.throwErrByPath (http://localhost:41925/__cypress/runner/cypress_runner.js:149915:3)\n    at retry (http://localhost:41925/__cypress/runner/cypress_runner.js:144197:19)\n    at onFailFn (http://localhost:41925/__cypress/runner/cypress_runner.js:132448:16)\n    at tryCatcher (http://localhost:41925/__cypress/runner/cypress_runner.js:167415:23)\n    at Promise._settlePromiseFromHandler (http://localhost:41925/__cypress/runner/cypress_runner.js:165351:31)\n    at Promise._settlePromise (http://localhost:41925/__cypress/runner/cypress_runner.js:165408:18)\n    at Promise._settlePromise0 (http://localhost:41925/__cypress/runner/cypress_runner.js:165453:10)\n    at Promise._settlePromises (http://localhost:41925/__cypress/runner/cypress_runner.js:165528:18)\n    at Async../node_modules/bluebird/js/release/async.js.Async._drainQueue (http://localhost:41925/__cypress/runner/cypress_runner.js:162140:16)\n    at Async../node_modules/bluebird/js/release/async.js.Async._drainQueues (http://localhost:41925/__cypress/runner/cypress_runner.js:162150:10)\n    at Async.drainQueues (http://localhost:41925/__cypress/runner/cypress_runner.js:162024:14)",
                "diff": null
              },
              "uuid": "3a8ad95a-11b2-4982-a48e-85019dda9ba5",
              "parentUUID": "0a53b542-56c2-442b-9fb9-1f2a303079fe",
              "isHook": false,
              "skipped": false
            },
            {
              "title": "Verifica se a altura do board é 50 quando um valor maior é colocado no input",
              "fullTitle": "11 - Limite o tamanho mínimo e máximo do board. Verifica se a altura do board é 50 quando um valor maior é colocado no input",
              "timedOut": null,
              "duration": 4687,
              "state": "failed",
              "speed": null,
              "pass": false,
              "fail": true,
              "pending": false,
              "context": null,
              "code": "cy.get('#board-size').clear().type(51);\ncy.get('#generate-board').click();\ncy.get('.pixel').should('have.length', 2500);",
              "err": {
                "message": "CypressError: Timed out retrying: Expected to find element: '#board-size', but never found it.",
                "estack": "CypressError: Timed out retrying: Expected to find element: '#board-size', but never found it.\n    at cypressErr (http://localhost:41925/__cypress/runner/cypress_runner.js:149934:9)\n    at throwErr (http://localhost:41925/__cypress/runner/cypress_runner.js:149867:11)\n    at Object.throwErrByPath (http://localhost:41925/__cypress/runner/cypress_runner.js:149915:3)\n    at retry (http://localhost:41925/__cypress/runner/cypress_runner.js:144197:19)\n    at onFailFn (http://localhost:41925/__cypress/runner/cypress_runner.js:132448:16)\n    at tryCatcher (http://localhost:41925/__cypress/runner/cypress_runner.js:167415:23)\n    at Promise._settlePromiseFromHandler (http://localhost:41925/__cypress/runner/cypress_runner.js:165351:31)\n    at Promise._settlePromise (http://localhost:41925/__cypress/runner/cypress_runner.js:165408:18)\n    at Promise._settlePromise0 (http://localhost:41925/__cypress/runner/cypress_runner.js:165453:10)\n    at Promise._settlePromises (http://localhost:41925/__cypress/runner/cypress_runner.js:165528:18)\n    at Async../node_modules/bluebird/js/release/async.js.Async._drainQueue (http://localhost:41925/__cypress/runner/cypress_runner.js:162140:16)\n    at Async../node_modules/bluebird/js/release/async.js.Async._drainQueues (http://localhost:41925/__cypress/runner/cypress_runner.js:162150:10)\n    at Async.drainQueues (http://localhost:41925/__cypress/runner/cypress_runner.js:162024:14)",
                "diff": null
              },
              "uuid": "5c046d1d-d857-4f80-af88-bfdffcc41249",
              "parentUUID": "0a53b542-56c2-442b-9fb9-1f2a303079fe",
              "isHook": false,
              "skipped": false
            }
          ],
          "suites": [],
          "passes": [],
          "failures": [
            "8c33b752-b864-42c8-9889-8ac7c617ba6f",
            "3a8ad95a-11b2-4982-a48e-85019dda9ba5",
            "5c046d1d-d857-4f80-af88-bfdffcc41249"
          ],
          "pending": [],
          "skipped": [],
          "duration": 14111,
          "root": false,
          "rootEmpty": false,
          "_timeout": 2000
        },
        {
          "uuid": "d1a50ac2-7243-40c0-a977-f125858edca1",
          "title": "12 - Faça com que as cores da paleta sejam geradas aleatoriamente ao carregar a página.",
          "fullFile": "",
          "file": "",
          "beforeHooks": [],
          "afterHooks": [],
          "tests": [
            {
              "title": "Verifica se as cores geradas na paleta são diferentes a cada carregamento da página",
              "fullTitle": "12 - Faça com que as cores da paleta sejam geradas aleatoriamente ao carregar a página. Verifica se as cores geradas na paleta são diferentes a cada carregamento da página",
              "timedOut": null,
              "duration": 878,
              "state": "failed",
              "speed": null,
              "pass": false,
              "fail": true,
              "pending": false,
              "context": null,
              "code": "cy.get('.color').then(function (colors) {\n  var currentColors;\n  var previousColors;\n  previousColors = Array.from(colors).map(function (color) {\n    return Cypress.$(color).css('background-color');\n  });\n  for (var i = 0; i < 5; i += 1) {\n    cy.reload();\n    cy.get('.color').then(function (colors) {\n      currentColors = Array.from(colors).map(function (color) {\n        return Cypress.$(color).css('background-color');\n      });\n      expect(currentColors).not.to.deep.equal(previousColors);\n      previousColors = currentColors;\n    });\n  }\n});",
              "err": {
                "message": "AssertionError: expected [ Array(4) ] to not deeply equal [ Array(4) ]",
                "estack": "AssertionError: expected [ Array(4) ] to not deeply equal [ Array(4) ]\n    at getRet (http://localhost:41925/__cypress/runner/cypress_runner.js:136585:16)\n    at tryCatcher (http://localhost:41925/__cypress/runner/cypress_runner.js:167415:23)\n    at Function.Promise.attempt.Promise.try (http://localhost:41925/__cypress/runner/cypress_runner.js:164690:29)\n    at Context.thenFn (http://localhost:41925/__cypress/runner/cypress_runner.js:136599:23)\n    at Context.then (http://localhost:41925/__cypress/runner/cypress_runner.js:136971:21)\n    at Context.<anonymous> (http://localhost:41925/__cypress/runner/cypress_runner.js:148875:21)\n    at http://localhost:41925/__cypress/runner/cypress_runner.js:148351:33\n    at tryCatcher (http://localhost:41925/__cypress/runner/cypress_runner.js:167415:23)\n    at Promise._settlePromiseFromHandler (http://localhost:41925/__cypress/runner/cypress_runner.js:165351:31)\n    at Promise._settlePromise (http://localhost:41925/__cypress/runner/cypress_runner.js:165408:18)\n    at Promise._settlePromiseCtx (http://localhost:41925/__cypress/runner/cypress_runner.js:165445:10)\n    at Async../node_modules/bluebird/js/release/async.js.Async._drainQueue (http://localhost:41925/__cypress/runner/cypress_runner.js:162145:12)\n    at Async../node_modules/bluebird/js/release/async.js.Async._drainQueues (http://localhost:41925/__cypress/runner/cypress_runner.js:162150:10)\n    at Async.drainQueues (http://localhost:41925/__cypress/runner/cypress_runner.js:162024:14)",
                "diff": ""
              },
              "uuid": "52c5e197-350d-4228-8ba0-82c32fd7ee84",
              "parentUUID": "d1a50ac2-7243-40c0-a977-f125858edca1",
              "isHook": false,
              "skipped": false
            },
            {
              "title": "Verifica se a cor preta ainda está presente e é a primeira na sua paleta de cores",
              "fullTitle": "12 - Faça com que as cores da paleta sejam geradas aleatoriamente ao carregar a página. Verifica se a cor preta ainda está presente e é a primeira na sua paleta de cores",
              "timedOut": null,
              "duration": 780,
              "state": "failed",
              "speed": null,
              "pass": false,
              "fail": true,
              "pending": false,
              "context": null,
              "code": "cy.get('.color').then(function (colors) {\n  var currentColors;\n  var previousColors;\n  previousColors = Array.from(colors).map(function (color) {\n    return Cypress.$(color).css('background-color');\n  });\n  expect(previousColors[0]).to.eq(BLACK);\n  for (var i = 0; i < 5; i += 1) {\n    cy.reload();\n    cy.get('.color').then(function (colors) {\n      currentColors = Array.from(colors).map(function (color) {\n        return Cypress.$(color).css('background-color');\n      });\n      expect(currentColors[0]).to.eq(BLACK);\n      expect(currentColors).not.to.deep.equal(previousColors);\n      previousColors = currentColors;\n    });\n  }\n});",
              "err": {
                "message": "AssertionError: expected [ Array(4) ] to not deeply equal [ Array(4) ]",
                "estack": "AssertionError: expected [ Array(4) ] to not deeply equal [ Array(4) ]\n    at getRet (http://localhost:41925/__cypress/runner/cypress_runner.js:136585:16)\n    at tryCatcher (http://localhost:41925/__cypress/runner/cypress_runner.js:167415:23)\n    at Function.Promise.attempt.Promise.try (http://localhost:41925/__cypress/runner/cypress_runner.js:164690:29)\n    at Context.thenFn (http://localhost:41925/__cypress/runner/cypress_runner.js:136599:23)\n    at Context.then (http://localhost:41925/__cypress/runner/cypress_runner.js:136971:21)\n    at Context.<anonymous> (http://localhost:41925/__cypress/runner/cypress_runner.js:148875:21)\n    at http://localhost:41925/__cypress/runner/cypress_runner.js:148351:33\n    at tryCatcher (http://localhost:41925/__cypress/runner/cypress_runner.js:167415:23)\n    at Promise._settlePromiseFromHandler (http://localhost:41925/__cypress/runner/cypress_runner.js:165351:31)\n    at Promise._settlePromise (http://localhost:41925/__cypress/runner/cypress_runner.js:165408:18)\n    at Promise._settlePromiseCtx (http://localhost:41925/__cypress/runner/cypress_runner.js:165445:10)\n    at Async../node_modules/bluebird/js/release/async.js.Async._drainQueue (http://localhost:41925/__cypress/runner/cypress_runner.js:162145:12)\n    at Async../node_modules/bluebird/js/release/async.js.Async._drainQueues (http://localhost:41925/__cypress/runner/cypress_runner.js:162150:10)\n    at Async.drainQueues (http://localhost:41925/__cypress/runner/cypress_runner.js:162024:14)",
                "diff": ""
              },
              "uuid": "90c73ae5-6e5b-4c6d-9687-f0744dcf6f0f",
              "parentUUID": "d1a50ac2-7243-40c0-a977-f125858edca1",
              "isHook": false,
              "skipped": false
            }
          ],
          "suites": [],
          "passes": [],
          "failures": [
            "52c5e197-350d-4228-8ba0-82c32fd7ee84",
            "90c73ae5-6e5b-4c6d-9687-f0744dcf6f0f"
          ],
          "pending": [],
          "skipped": [],
          "duration": 1658,
          "root": false,
          "rootEmpty": false,
          "_timeout": 2000
        }
      ],
      "passes": [],
      "failures": [],
      "pending": [],
      "skipped": [],
      "duration": 0,
      "root": true,
      "rootEmpty": true,
      "_timeout": 2000
    }
  ],
  "meta": {
    "mocha": {
      "version": "7.0.1"
    },
    "mochawesome": {
      "options": {
        "quiet": false,
        "reportFilename": "mochawesome",
        "saveHtml": false,
        "saveJson": true,
        "consoleReporter": "spec",
        "useInlineDiffs": false
      },
      "version": "4.1.0"
    },
    "marge": {
      "options": {
        "id": "default",
        "reportDir": "cypress/reports",
        "overwrite": true,
        "html": false,
        "json": true
      },
      "version": "4.1.0"
    }
  }
}