{
  "stats": {
    "suites": 12,
    "tests": 41,
    "passes": 29,
    "pending": 0,
    "failures": 12,
    "start": "2021-07-09T16:23:13.136Z",
    "end": "2021-07-09T16:24:10.924Z",
    "duration": 57788,
    "testsRegistered": 41,
    "passPercent": 70.73170731707317,
    "pendingPercent": 0,
    "other": 0,
    "hasOther": false,
    "skipped": 0,
    "hasSkipped": false
  },
  "results": [
    {
      "uuid": "4da3f66a-6ed6-4154-a62c-cc8f3b81f03d",
      "title": "",
      "fullFile": "cypress/integration/project.spec.js",
      "file": "cypress/integration/project.spec.js",
      "beforeHooks": [],
      "afterHooks": [],
      "tests": [],
      "suites": [
        {
          "uuid": "bd1daebb-3fe5-4851-b764-73166edc72ce",
          "title": "1 - Adicione à página o título \"Paleta de Cores\".",
          "fullFile": "",
          "file": "",
          "beforeHooks": [],
          "afterHooks": [],
          "tests": [
            {
              "title": "Verifica se contém um elemento `h1` com o id `title` com o título correto",
              "fullTitle": "1 - Adicione à página o título \"Paleta de Cores\". Verifica se contém um elemento `h1` com o id `title` com o título correto",
              "timedOut": null,
              "duration": 146,
              "state": "passed",
              "speed": "slow",
              "pass": true,
              "fail": false,
              "pending": false,
              "context": null,
              "code": "cy.get('h1#title').should('contain.text', 'Paleta de Cores');",
              "err": {},
              "uuid": "f4fbe0db-5550-4b06-9950-1aff58b258bd",
              "parentUUID": "bd1daebb-3fe5-4851-b764-73166edc72ce",
              "isHook": false,
              "skipped": false
            }
          ],
          "suites": [],
          "passes": [
            "f4fbe0db-5550-4b06-9950-1aff58b258bd"
          ],
          "failures": [],
          "pending": [],
          "skipped": [],
          "duration": 146,
          "root": false,
          "rootEmpty": false,
          "_timeout": 2000
        },
        {
          "uuid": "abee987c-5e4e-40d5-bc40-8a0b67056ecc",
          "title": "2 - Adicione à página uma paleta de quatro cores distintas.",
          "fullFile": "",
          "file": "",
          "beforeHooks": [],
          "afterHooks": [],
          "tests": [
            {
              "title": "A paleta de cores deve ser um elemento com `id` denominado `color-palette`",
              "fullTitle": "2 - Adicione à página uma paleta de quatro cores distintas. A paleta de cores deve ser um elemento com `id` denominado `color-palette`",
              "timedOut": null,
              "duration": 72,
              "state": "passed",
              "speed": "medium",
              "pass": true,
              "fail": false,
              "pending": false,
              "context": null,
              "code": "cy.get('#color-palette').should('be.visible');",
              "err": {},
              "uuid": "0576e9e7-a3e0-4faa-8942-52f78460a3a2",
              "parentUUID": "abee987c-5e4e-40d5-bc40-8a0b67056ecc",
              "isHook": false,
              "skipped": false
            },
            {
              "title": "Verifica se cada cor individual da paleta de cores possui a `classe` chamada `color`.",
              "fullTitle": "2 - Adicione à página uma paleta de quatro cores distintas. Verifica se cada cor individual da paleta de cores possui a `classe` chamada `color`.",
              "timedOut": null,
              "duration": 4241,
              "state": "failed",
              "speed": null,
              "pass": false,
              "fail": true,
              "pending": false,
              "context": null,
              "code": "cy.get('.color').should('have.length', 4).then(function (colors) {\n  for (var i = 0; i < colors.length; i++) {\n    cy.wrap(colors[i]).should('be.visible');\n  }\n});",
              "err": {
                "message": "CypressError: Timed out retrying: Too many elements found. Found '5', expected '4'.",
                "estack": "CypressError: Timed out retrying: Too many elements found. Found '5', expected '4'.\n    at cypressErr (http://localhost:40895/__cypress/runner/cypress_runner.js:149934:9)\n    at throwErr (http://localhost:40895/__cypress/runner/cypress_runner.js:149867:11)\n    at Object.throwErrByPath (http://localhost:40895/__cypress/runner/cypress_runner.js:149915:3)\n    at retry (http://localhost:40895/__cypress/runner/cypress_runner.js:144197:19)\n    at onFailFn (http://localhost:40895/__cypress/runner/cypress_runner.js:132448:16)\n    at tryCatcher (http://localhost:40895/__cypress/runner/cypress_runner.js:167415:23)\n    at Promise._settlePromiseFromHandler (http://localhost:40895/__cypress/runner/cypress_runner.js:165351:31)\n    at Promise._settlePromise (http://localhost:40895/__cypress/runner/cypress_runner.js:165408:18)\n    at Promise._settlePromise0 (http://localhost:40895/__cypress/runner/cypress_runner.js:165453:10)\n    at Promise._settlePromises (http://localhost:40895/__cypress/runner/cypress_runner.js:165528:18)\n    at Async../node_modules/bluebird/js/release/async.js.Async._drainQueue (http://localhost:40895/__cypress/runner/cypress_runner.js:162140:16)\n    at Async../node_modules/bluebird/js/release/async.js.Async._drainQueues (http://localhost:40895/__cypress/runner/cypress_runner.js:162150:10)\n    at Async.drainQueues (http://localhost:40895/__cypress/runner/cypress_runner.js:162024:14)",
                "diff": null
              },
              "uuid": "fddb9e1d-3ea8-4e62-b6b5-8b193ff088fc",
              "parentUUID": "abee987c-5e4e-40d5-bc40-8a0b67056ecc",
              "isHook": false,
              "skipped": false
            },
            {
              "title": "Verifica se a cor de fundo de cada elemento da paleta é a cor que o elemento representa. **A única cor não permitida na paleta é a cor branca.**",
              "fullTitle": "2 - Adicione à página uma paleta de quatro cores distintas. Verifica se a cor de fundo de cada elemento da paleta é a cor que o elemento representa. **A única cor não permitida na paleta é a cor branca.**",
              "timedOut": null,
              "duration": 4303,
              "state": "failed",
              "speed": null,
              "pass": false,
              "fail": true,
              "pending": false,
              "context": null,
              "code": "cy.get('.color').each(function (color) {\n  cy.wrap(color).should('have.class', 'color').and('not.have.css', 'background-color', WHITE);\n  cy.wrap(color).should('have.css', 'background-color');\n});",
              "err": {
                "message": "CypressError: Timed out retrying: expected '<button#eraser.color.eraser>' not to have CSS property 'background-color' with the value 'rgb(255, 255, 255)', but the value was 'rgb(255, 255, 255)'",
                "estack": "CypressError: Timed out retrying: expected '<button#eraser.color.eraser>' not to have CSS property 'background-color' with the value 'rgb(255, 255, 255)', but the value was 'rgb(255, 255, 255)'\n    at cypressErr (http://localhost:40895/__cypress/runner/cypress_runner.js:149934:9)\n    at throwErr (http://localhost:40895/__cypress/runner/cypress_runner.js:149867:11)\n    at Object.throwErrByPath (http://localhost:40895/__cypress/runner/cypress_runner.js:149915:3)\n    at retry (http://localhost:40895/__cypress/runner/cypress_runner.js:144197:19)\n    at onFailFn (http://localhost:40895/__cypress/runner/cypress_runner.js:132448:16)\n    at tryCatcher (http://localhost:40895/__cypress/runner/cypress_runner.js:167415:23)\n    at Promise._settlePromiseFromHandler (http://localhost:40895/__cypress/runner/cypress_runner.js:165351:31)\n    at Promise._settlePromise (http://localhost:40895/__cypress/runner/cypress_runner.js:165408:18)\n    at Promise._settlePromise0 (http://localhost:40895/__cypress/runner/cypress_runner.js:165453:10)\n    at Promise._settlePromises (http://localhost:40895/__cypress/runner/cypress_runner.js:165528:18)\n    at Async../node_modules/bluebird/js/release/async.js.Async._drainQueue (http://localhost:40895/__cypress/runner/cypress_runner.js:162140:16)\n    at Async../node_modules/bluebird/js/release/async.js.Async._drainQueues (http://localhost:40895/__cypress/runner/cypress_runner.js:162150:10)\n    at Async.drainQueues (http://localhost:40895/__cypress/runner/cypress_runner.js:162024:14)",
                "diff": null
              },
              "uuid": "dba2ac01-e614-4144-94dc-bf791c78c8ba",
              "parentUUID": "abee987c-5e4e-40d5-bc40-8a0b67056ecc",
              "isHook": false,
              "skipped": false
            },
            {
              "title": "Verifica se cada elemento da paleta de cores tem uma borda preta, sólida e com 1 pixel de largura;",
              "fullTitle": "2 - Adicione à página uma paleta de quatro cores distintas. Verifica se cada elemento da paleta de cores tem uma borda preta, sólida e com 1 pixel de largura;",
              "timedOut": null,
              "duration": 122,
              "state": "passed",
              "speed": "slow",
              "pass": true,
              "fail": false,
              "pending": false,
              "context": null,
              "code": "cy.get('.color').each(function (color) {\n  cy.wrap(color).and('have.css', 'border', \"1px solid \".concat(BLACK)).and('have.class', 'color');\n});",
              "err": {},
              "uuid": "c851d7e0-91ca-48b7-82a5-dd6e41656017",
              "parentUUID": "abee987c-5e4e-40d5-bc40-8a0b67056ecc",
              "isHook": false,
              "skipped": false
            },
            {
              "title": "Verifica se a paleta lista todas as cores disponíveis para utilização, lado a lado.",
              "fullTitle": "2 - Adicione à página uma paleta de quatro cores distintas. Verifica se a paleta lista todas as cores disponíveis para utilização, lado a lado.",
              "timedOut": null,
              "duration": 97,
              "state": "passed",
              "speed": "slow",
              "pass": true,
              "fail": false,
              "pending": false,
              "context": null,
              "code": "cy.get('.color').then(function (colors) {\n  for (var index = 1; index < colors.length; index += 1) {\n    var currentColor = colors[index];\n    var previousColor = colors[index - 1];\n    cy.wrap(currentColor).should('be.onTheRightOf', previousColor).and('be.horizontallyAlignedWith', previousColor);\n  }\n});",
              "err": {},
              "uuid": "547edb52-dcb0-48a5-8a57-6feae650f0ad",
              "parentUUID": "abee987c-5e4e-40d5-bc40-8a0b67056ecc",
              "isHook": false,
              "skipped": false
            },
            {
              "title": "Verifica se a paleta de cores está posicionada abaixo do título 'Paleta de Cores'",
              "fullTitle": "2 - Adicione à página uma paleta de quatro cores distintas. Verifica se a paleta de cores está posicionada abaixo do título 'Paleta de Cores'",
              "timedOut": null,
              "duration": 120,
              "state": "passed",
              "speed": "slow",
              "pass": true,
              "fail": false,
              "pending": false,
              "context": null,
              "code": "cy.get('h1#title').then(function (title) {\n  cy.get('#color-palette').should('be.belowOf', title);\n});",
              "err": {},
              "uuid": "81f6c699-e755-45c7-bcf0-d8aa1aeab22c",
              "parentUUID": "abee987c-5e4e-40d5-bc40-8a0b67056ecc",
              "isHook": false,
              "skipped": false
            },
            {
              "title": "Verifica se a paleta de cores não contém cores repetidas.",
              "fullTitle": "2 - Adicione à página uma paleta de quatro cores distintas. Verifica se a paleta de cores não contém cores repetidas.",
              "timedOut": null,
              "duration": 69,
              "state": "passed",
              "speed": "medium",
              "pass": true,
              "fail": false,
              "pending": false,
              "context": null,
              "code": "cy.get('.color').then(function (colors) {\n  var allColors = Array.from(colors).map(function (color) {\n    return Cypress.$(color).css('background-color');\n  });\n  cy.log(allColors);\n  var uniqColors = (0, _toConsumableArray2[\"default\"])(new Set(allColors));\n  cy.log(uniqColors);\n  expect(allColors.length).to.eq(uniqColors.length);\n});",
              "err": {},
              "uuid": "cb23eb7d-e4cc-4876-a220-6607b2ddb155",
              "parentUUID": "abee987c-5e4e-40d5-bc40-8a0b67056ecc",
              "isHook": false,
              "skipped": false
            }
          ],
          "suites": [],
          "passes": [
            "0576e9e7-a3e0-4faa-8942-52f78460a3a2",
            "c851d7e0-91ca-48b7-82a5-dd6e41656017",
            "547edb52-dcb0-48a5-8a57-6feae650f0ad",
            "81f6c699-e755-45c7-bcf0-d8aa1aeab22c",
            "cb23eb7d-e4cc-4876-a220-6607b2ddb155"
          ],
          "failures": [
            "fddb9e1d-3ea8-4e62-b6b5-8b193ff088fc",
            "dba2ac01-e614-4144-94dc-bf791c78c8ba"
          ],
          "pending": [],
          "skipped": [],
          "duration": 9024,
          "root": false,
          "rootEmpty": false,
          "_timeout": 2000
        },
        {
          "uuid": "2f81c2fd-4092-4663-a65d-be3aa61e82ae",
          "title": "3 - Adicione a cor **preta** como a primeira cor da paleta de cores.",
          "fullFile": "",
          "file": "",
          "beforeHooks": [],
          "afterHooks": [],
          "tests": [
            {
              "title": "Verifica se a primeira cor da paleta é preta",
              "fullTitle": "3 - Adicione a cor **preta** como a primeira cor da paleta de cores. Verifica se a primeira cor da paleta é preta",
              "timedOut": null,
              "duration": 65,
              "state": "passed",
              "speed": "medium",
              "pass": true,
              "fail": false,
              "pending": false,
              "context": null,
              "code": "cy.get('.color').first().should('have.css', 'background-color', BLACK);",
              "err": {},
              "uuid": "3851d832-2afd-4b8b-90da-13b4b1780b6c",
              "parentUUID": "2f81c2fd-4092-4663-a65d-be3aa61e82ae",
              "isHook": false,
              "skipped": false
            },
            {
              "title": "Verifica se as demais cores podem ser escolhidas livremente.",
              "fullTitle": "3 - Adicione a cor **preta** como a primeira cor da paleta de cores. Verifica se as demais cores podem ser escolhidas livremente.",
              "timedOut": null,
              "duration": 134,
              "state": "passed",
              "speed": "slow",
              "pass": true,
              "fail": false,
              "pending": false,
              "context": null,
              "code": "cy.get('.color').eq(1).should('not.have.css', 'background-color', BLACK);\ncy.get('.color').eq(1).should('not.have.css', 'background-color', WHITE);\ncy.get('.color').eq(1).should('not.have.css', 'background-color', 'rgba(0, 0, 0, 0)');\ncy.get('.color').eq(1).should('have.css', 'background-color');\ncy.get('.color').eq(2).should('not.have.css', 'background-color', BLACK);\ncy.get('.color').eq(2).should('not.have.css', 'background-color', WHITE);\ncy.get('.color').eq(2).should('not.have.css', 'background-color', 'rgba(0, 0, 0, 0)');\ncy.get('.color').eq(2).should('have.css', 'background-color');\ncy.get('.color').eq(3).should('not.have.css', 'background-color', BLACK);\ncy.get('.color').eq(3).should('not.have.css', 'background-color', WHITE);\ncy.get('.color').eq(3).should('not.have.css', 'background-color', 'rgba(0, 0, 0, 0)');\ncy.get('.color').eq(3).should('have.css', 'background-color');",
              "err": {},
              "uuid": "f2539fea-5c64-4a2c-b7da-fd49bf1d89a3",
              "parentUUID": "2f81c2fd-4092-4663-a65d-be3aa61e82ae",
              "isHook": false,
              "skipped": false
            }
          ],
          "suites": [],
          "passes": [
            "3851d832-2afd-4b8b-90da-13b4b1780b6c",
            "f2539fea-5c64-4a2c-b7da-fd49bf1d89a3"
          ],
          "failures": [],
          "pending": [],
          "skipped": [],
          "duration": 199,
          "root": false,
          "rootEmpty": false,
          "_timeout": 2000
        },
        {
          "uuid": "bc5671e4-a0fb-4172-ab42-f336cfa2503e",
          "title": "4 - Adicione à página um quadro de pixels, com 25 pixels.",
          "fullFile": "",
          "file": "",
          "beforeHooks": [],
          "afterHooks": [],
          "tests": [
            {
              "title": "Verifica se o quadro de pixels possui o `id` denominado `pixel-board`",
              "fullTitle": "4 - Adicione à página um quadro de pixels, com 25 pixels. Verifica se o quadro de pixels possui o `id` denominado `pixel-board`",
              "timedOut": null,
              "duration": 74,
              "state": "passed",
              "speed": "medium",
              "pass": true,
              "fail": false,
              "pending": false,
              "context": null,
              "code": "cy.get('#pixel-board').should('be.visible');",
              "err": {},
              "uuid": "e47038b4-0f05-4604-b639-92387c27bc54",
              "parentUUID": "bc5671e4-a0fb-4172-ab42-f336cfa2503e",
              "isHook": false,
              "skipped": false
            },
            {
              "title": "Verifica se cada pixel individual dentro do quadro possui a `classe` denominada `pixel`.",
              "fullTitle": "4 - Adicione à página um quadro de pixels, com 25 pixels. Verifica se cada pixel individual dentro do quadro possui a `classe` denominada `pixel`.",
              "timedOut": null,
              "duration": 98,
              "state": "passed",
              "speed": "slow",
              "pass": true,
              "fail": false,
              "pending": false,
              "context": null,
              "code": "cy.get('.pixel').should('have.length', 25);",
              "err": {},
              "uuid": "1395c735-a679-4407-a5f3-ad82e03171bd",
              "parentUUID": "bc5671e4-a0fb-4172-ab42-f336cfa2503e",
              "isHook": false,
              "skipped": false
            },
            {
              "title": "Verifica se a cor inicial dos pixels dentro do quadro, ao abrir a página, é branca.",
              "fullTitle": "4 - Adicione à página um quadro de pixels, com 25 pixels. Verifica se a cor inicial dos pixels dentro do quadro, ao abrir a página, é branca.",
              "timedOut": null,
              "duration": 140,
              "state": "passed",
              "speed": "slow",
              "pass": true,
              "fail": false,
              "pending": false,
              "context": null,
              "code": "cy.get('.pixel').should('have.length', 25).each(function (pixel) {\n  expect(pixel).to.have.css('background-color', WHITE);\n});",
              "err": {},
              "uuid": "115a57e2-65c4-40b0-ac63-af20fc984162",
              "parentUUID": "bc5671e4-a0fb-4172-ab42-f336cfa2503e",
              "isHook": false,
              "skipped": false
            },
            {
              "title": "Verifica se o quadro de pixels aparece abaixo da paleta de cores",
              "fullTitle": "4 - Adicione à página um quadro de pixels, com 25 pixels. Verifica se o quadro de pixels aparece abaixo da paleta de cores",
              "timedOut": null,
              "duration": 72,
              "state": "passed",
              "speed": "medium",
              "pass": true,
              "fail": false,
              "pending": false,
              "context": null,
              "code": "cy.get('#color-palette').then(function (palette) {\n  cy.get('#pixel-board').should('be.belowOf', palette);\n});",
              "err": {},
              "uuid": "8cd09f8e-1011-4c21-8e41-117dd552cd51",
              "parentUUID": "bc5671e4-a0fb-4172-ab42-f336cfa2503e",
              "isHook": false,
              "skipped": false
            }
          ],
          "suites": [],
          "passes": [
            "e47038b4-0f05-4604-b639-92387c27bc54",
            "1395c735-a679-4407-a5f3-ad82e03171bd",
            "115a57e2-65c4-40b0-ac63-af20fc984162",
            "8cd09f8e-1011-4c21-8e41-117dd552cd51"
          ],
          "failures": [],
          "pending": [],
          "skipped": [],
          "duration": 384,
          "root": false,
          "rootEmpty": false,
          "_timeout": 2000
        },
        {
          "uuid": "ffadd186-e089-4657-8165-06df1c43e681",
          "title": "5 - Faça com que cada elemento do quadro de pixels possua 40 pixels de largura, 40 pixels de altura e seja delimitado por uma borda preta de 1 pixel.",
          "fullFile": "",
          "file": "",
          "beforeHooks": [],
          "afterHooks": [],
          "tests": [
            {
              "title": "Verifica se o quadro de pixels tem altura e comprimento de 5 elementos",
              "fullTitle": "5 - Faça com que cada elemento do quadro de pixels possua 40 pixels de largura, 40 pixels de altura e seja delimitado por uma borda preta de 1 pixel. Verifica se o quadro de pixels tem altura e comprimento de 5 elementos",
              "timedOut": null,
              "duration": 218,
              "state": "passed",
              "speed": "slow",
              "pass": true,
              "fail": false,
              "pending": false,
              "context": null,
              "code": "cy.get('.pixel').should('have.length', 25).each(function (pixel) {\n  expect(pixel).to.have.css('background-color', WHITE);\n}).and(function (pixels) {\n  var rows = chunk(pixels, 5);\n  rows.forEach(function (row) {\n    for (var index = 1; index < row.length; index += 1) {\n      var current = pixels[index];\n      var previous = pixels[index - 1];\n      cy.wrap(current).should('be.onTheRightOf', previous).and('be.horizontallyAlignedWith', previous);\n    }\n  });\n  for (var index = 1; index < 5; index += 1) {\n    expect(pixels[index * 5]).to.be.belowOf(pixels[(index - 1) * 5]);\n  }\n});",
              "err": {},
              "uuid": "9537daaa-e494-4f64-bfe9-0d28bb6cc498",
              "parentUUID": "ffadd186-e089-4657-8165-06df1c43e681",
              "isHook": false,
              "skipped": false
            },
            {
              "title": "Verifica se 40 pixels é o tamanho total do elemento, incluindo seu conteúdo e excluindo a borda preta, que deve ser criada à parte.",
              "fullTitle": "5 - Faça com que cada elemento do quadro de pixels possua 40 pixels de largura, 40 pixels de altura e seja delimitado por uma borda preta de 1 pixel. Verifica se 40 pixels é o tamanho total do elemento, incluindo seu conteúdo e excluindo a borda preta, que deve ser criada à parte.",
              "timedOut": null,
              "duration": 219,
              "state": "passed",
              "speed": "slow",
              "pass": true,
              "fail": false,
              "pending": false,
              "context": null,
              "code": "cy.get('.pixel').each(function (pixel) {\n  cy.wrap(pixel).should('have.css', 'height', '40px').and('have.css', 'width', '40px').and('have.css', 'border', \"1px solid \".concat(BLACK));\n});",
              "err": {},
              "uuid": "05118086-320a-455c-b28b-78a8da627b16",
              "parentUUID": "ffadd186-e089-4657-8165-06df1c43e681",
              "isHook": false,
              "skipped": false
            }
          ],
          "suites": [],
          "passes": [
            "9537daaa-e494-4f64-bfe9-0d28bb6cc498",
            "05118086-320a-455c-b28b-78a8da627b16"
          ],
          "failures": [],
          "pending": [],
          "skipped": [],
          "duration": 437,
          "root": false,
          "rootEmpty": false,
          "_timeout": 2000
        },
        {
          "uuid": "253a714e-2501-4857-be0a-009e6bbe7ed0",
          "title": "6 - Defina a cor preta como cor inicial. Ao carregar a página a cor preta já deve estar selecionada para pintar os pixels",
          "fullFile": "",
          "file": "",
          "beforeHooks": [],
          "afterHooks": [],
          "tests": [
            {
              "title": "Verifica se o elemento da cor preta possui, inicialmente, a `classe` `selected`",
              "fullTitle": "6 - Defina a cor preta como cor inicial. Ao carregar a página a cor preta já deve estar selecionada para pintar os pixels Verifica se o elemento da cor preta possui, inicialmente, a `classe` `selected`",
              "timedOut": null,
              "duration": 102,
              "state": "passed",
              "speed": "slow",
              "pass": true,
              "fail": false,
              "pending": false,
              "context": null,
              "code": "cy.get('.selected').first().should('have.css', 'background-color', BLACK);",
              "err": {},
              "uuid": "26b4679d-2c1c-4121-926e-0f41683408b3",
              "parentUUID": "253a714e-2501-4857-be0a-009e6bbe7ed0",
              "isHook": false,
              "skipped": false
            },
            {
              "title": "Verifica se nenhuma outra cor da paleta tem a `classe` `selected`",
              "fullTitle": "6 - Defina a cor preta como cor inicial. Ao carregar a página a cor preta já deve estar selecionada para pintar os pixels Verifica se nenhuma outra cor da paleta tem a `classe` `selected`",
              "timedOut": null,
              "duration": 100,
              "state": "passed",
              "speed": "slow",
              "pass": true,
              "fail": false,
              "pending": false,
              "context": null,
              "code": "cy.get('.color:not(:first-child)').each(function (color) {\n  cy.wrap(color).should('not.have.class', 'selected');\n});",
              "err": {},
              "uuid": "6496dd94-76db-41f4-9af7-85bcb197c1b0",
              "parentUUID": "253a714e-2501-4857-be0a-009e6bbe7ed0",
              "isHook": false,
              "skipped": false
            }
          ],
          "suites": [],
          "passes": [
            "26b4679d-2c1c-4121-926e-0f41683408b3",
            "6496dd94-76db-41f4-9af7-85bcb197c1b0"
          ],
          "failures": [],
          "pending": [],
          "skipped": [],
          "duration": 202,
          "root": false,
          "rootEmpty": false,
          "_timeout": 2000
        },
        {
          "uuid": "c2eadf4c-9747-4198-bd2b-d7be7c811ed4",
          "title": "7 - Clicar em uma das cores da paleta, faz com que ela seja selecionada e utilizada para preencher os pixels no quadro.",
          "fullFile": "",
          "file": "",
          "beforeHooks": [],
          "afterHooks": [],
          "tests": [
            {
              "title": "Verifica se somente uma cor da paleta de cores tem a classe `selected` de cada vez",
              "fullTitle": "7 - Clicar em uma das cores da paleta, faz com que ela seja selecionada e utilizada para preencher os pixels no quadro. Verifica se somente uma cor da paleta de cores tem a classe `selected` de cada vez",
              "timedOut": null,
              "duration": 493,
              "state": "passed",
              "speed": "slow",
              "pass": true,
              "fail": false,
              "pending": false,
              "context": null,
              "code": "cy.get('.color').each(function (selectedColor, selectedColorIndex) {\n  cy.wrap(selectedColor).click();\n  cy.get('.color').each(function (color, colorIndex) {\n    if (colorIndex === selectedColorIndex) {\n      expect(color).to.have[\"class\"]('selected');\n    } else {\n      expect(color).not.to.have[\"class\"]('selected');\n    }\n  });\n});",
              "err": {},
              "uuid": "80e89ba5-e089-4a80-b17d-344410fc371d",
              "parentUUID": "c2eadf4c-9747-4198-bd2b-d7be7c811ed4",
              "isHook": false,
              "skipped": false
            },
            {
              "title": "Verifica se os pixels dentro do quadro não têm a classe `selected` quando são clicados",
              "fullTitle": "7 - Clicar em uma das cores da paleta, faz com que ela seja selecionada e utilizada para preencher os pixels no quadro. Verifica se os pixels dentro do quadro não têm a classe `selected` quando são clicados",
              "timedOut": null,
              "duration": 9764,
              "state": "passed",
              "speed": "slow",
              "pass": true,
              "fail": false,
              "pending": false,
              "context": null,
              "code": "cy.get('.color').each(function (color) {\n  var backgroundColor = color.css('background-color');\n  cy.wrap(color).click();\n  cy.get('.pixel').each(function (pixel) {\n    cy.wrap(pixel).click().should('not.have.class', 'selected');\n  });\n});",
              "err": {},
              "uuid": "cbd91492-5841-49b2-90d5-9f34ea420123",
              "parentUUID": "c2eadf4c-9747-4198-bd2b-d7be7c811ed4",
              "isHook": false,
              "skipped": false
            }
          ],
          "suites": [],
          "passes": [
            "80e89ba5-e089-4a80-b17d-344410fc371d",
            "cbd91492-5841-49b2-90d5-9f34ea420123"
          ],
          "failures": [],
          "pending": [],
          "skipped": [],
          "duration": 10257,
          "root": false,
          "rootEmpty": false,
          "_timeout": 2000
        },
        {
          "uuid": "91852437-6c0c-429d-a466-3de052e057a8",
          "title": "8 - Clicar em um pixel dentro do quadro após selecionar uma cor na paleta, faz com que o pixel seja preenchido com a cor selecionada.",
          "fullFile": "",
          "file": "",
          "beforeHooks": [],
          "afterHooks": [],
          "tests": [
            {
              "title": "Verifica se ao carregar a página deve ser possível pintar os pixels de preto",
              "fullTitle": "8 - Clicar em um pixel dentro do quadro após selecionar uma cor na paleta, faz com que o pixel seja preenchido com a cor selecionada. Verifica se ao carregar a página deve ser possível pintar os pixels de preto",
              "timedOut": null,
              "duration": 1984,
              "state": "passed",
              "speed": "slow",
              "pass": true,
              "fail": false,
              "pending": false,
              "context": null,
              "code": "cy.get('.pixel').each(function (pixel) {\n  cy.wrap(pixel).click().should('have.css', 'background-color', BLACK);\n});",
              "err": {},
              "uuid": "1ed7a702-f65d-4bd4-972d-abbf393b0269",
              "parentUUID": "91852437-6c0c-429d-a466-3de052e057a8",
              "isHook": false,
              "skipped": false
            },
            {
              "title": "Verifica se após selecionar uma outra cor na paleta, é possível pintar os pixels com essa cor",
              "fullTitle": "8 - Clicar em um pixel dentro do quadro após selecionar uma cor na paleta, faz com que o pixel seja preenchido com a cor selecionada. Verifica se após selecionar uma outra cor na paleta, é possível pintar os pixels com essa cor",
              "timedOut": null,
              "duration": 9753,
              "state": "passed",
              "speed": "slow",
              "pass": true,
              "fail": false,
              "pending": false,
              "context": null,
              "code": "cy.get('.color').each(function (color) {\n  var backgroundColor = color.css('background-color');\n  cy.wrap(color).click();\n  cy.get('.pixel').each(function (pixel) {\n    cy.wrap(pixel).click().should('have.css', 'background-color', backgroundColor);\n  });\n});",
              "err": {},
              "uuid": "0bb0e292-8d8f-4596-b00f-8a874a689672",
              "parentUUID": "91852437-6c0c-429d-a466-3de052e057a8",
              "isHook": false,
              "skipped": false
            },
            {
              "title": "Verifica se somente o pixel que foi clicado foi preenchido com a cor selecionada, sem influenciar na cor dos demais pixels.",
              "fullTitle": "8 - Clicar em um pixel dentro do quadro após selecionar uma cor na paleta, faz com que o pixel seja preenchido com a cor selecionada. Verifica se somente o pixel que foi clicado foi preenchido com a cor selecionada, sem influenciar na cor dos demais pixels.",
              "timedOut": null,
              "duration": 5717,
              "state": "failed",
              "speed": null,
              "pass": false,
              "fail": true,
              "pending": false,
              "context": null,
              "code": "var colorToPixelIndexMap = {\n  0: 6,\n  1: 8,\n  2: 16,\n  3: 18\n};\ncy.get('.color').each(function (color, index) {\n  cy.wrap(color).click();\n  var backgroundColor = color.css('background-color');\n  var clickedPixelIndex = colorToPixelIndexMap[index];\n  cy.get('.pixel').eq(clickedPixelIndex).click();\n  cy.get('.pixel').eq(clickedPixelIndex - 1).should('not.have.css', 'background-color', backgroundColor);\n  cy.get('.pixel').eq(clickedPixelIndex + 1).should('not.have.css', 'background-color', backgroundColor);\n  cy.get('.pixel').eq(clickedPixelIndex - 5).should('not.have.css', 'background-color', backgroundColor);\n  cy.get('.pixel').eq(clickedPixelIndex + 5).should('not.have.css', 'background-color', backgroundColor);\n  cy.get('.pixel').eq(clickedPixelIndex - 6).should('not.have.css', 'background-color', backgroundColor);\n  cy.get('.pixel').eq(clickedPixelIndex - 4).should('not.have.css', 'background-color', backgroundColor);\n  cy.get('.pixel').eq(clickedPixelIndex + 4).should('not.have.css', 'background-color', backgroundColor);\n  cy.get('.pixel').eq(clickedPixelIndex + 6).should('not.have.css', 'background-color', backgroundColor);\n});",
              "err": {
                "message": "CypressError: Timed out retrying: Expected to find element: '', but never found it. Queried from element: [ <div.pixel>, 24 more... ]",
                "estack": "CypressError: Timed out retrying: Expected to find element: '', but never found it. Queried from element: [ <div.pixel>, 24 more... ]\n    at cypressErr (http://localhost:40895/__cypress/runner/cypress_runner.js:149934:9)\n    at throwErr (http://localhost:40895/__cypress/runner/cypress_runner.js:149867:11)\n    at Object.throwErrByPath (http://localhost:40895/__cypress/runner/cypress_runner.js:149915:3)\n    at retry (http://localhost:40895/__cypress/runner/cypress_runner.js:144197:19)\n    at onFailFn (http://localhost:40895/__cypress/runner/cypress_runner.js:132448:16)\n    at tryCatcher (http://localhost:40895/__cypress/runner/cypress_runner.js:167415:23)\n    at Promise._settlePromiseFromHandler (http://localhost:40895/__cypress/runner/cypress_runner.js:165351:31)\n    at Promise._settlePromise (http://localhost:40895/__cypress/runner/cypress_runner.js:165408:18)\n    at Promise._settlePromise0 (http://localhost:40895/__cypress/runner/cypress_runner.js:165453:10)\n    at Promise._settlePromises (http://localhost:40895/__cypress/runner/cypress_runner.js:165528:18)\n    at Async../node_modules/bluebird/js/release/async.js.Async._drainQueue (http://localhost:40895/__cypress/runner/cypress_runner.js:162140:16)\n    at Async../node_modules/bluebird/js/release/async.js.Async._drainQueues (http://localhost:40895/__cypress/runner/cypress_runner.js:162150:10)\n    at Async.drainQueues (http://localhost:40895/__cypress/runner/cypress_runner.js:162024:14)",
                "diff": null
              },
              "uuid": "aa1d9a6e-4f57-4472-8941-e9f8dc7b12d5",
              "parentUUID": "91852437-6c0c-429d-a466-3de052e057a8",
              "isHook": false,
              "skipped": false
            }
          ],
          "suites": [],
          "passes": [
            "1ed7a702-f65d-4bd4-972d-abbf393b0269",
            "0bb0e292-8d8f-4596-b00f-8a874a689672"
          ],
          "failures": [
            "aa1d9a6e-4f57-4472-8941-e9f8dc7b12d5"
          ],
          "pending": [],
          "skipped": [],
          "duration": 17454,
          "root": false,
          "rootEmpty": false,
          "_timeout": 2000
        },
        {
          "uuid": "457100e3-c1ec-4f3a-b9dc-0e543289c75f",
          "title": "9 - Crie um botão que, ao ser clicado, limpa o quadro preenchendo a cor de todos seus pixels com branco.",
          "fullFile": "",
          "file": "",
          "beforeHooks": [],
          "afterHooks": [],
          "tests": [
            {
              "title": "Verifica se o botão tem o `id` denominado `clear-board`",
              "fullTitle": "9 - Crie um botão que, ao ser clicado, limpa o quadro preenchendo a cor de todos seus pixels com branco. Verifica se o botão tem o `id` denominado `clear-board`",
              "timedOut": null,
              "duration": 143,
              "state": "passed",
              "speed": "slow",
              "pass": true,
              "fail": false,
              "pending": false,
              "context": null,
              "code": "cy.get('#clear-board').should('be.visible');",
              "err": {},
              "uuid": "02bdc9b7-d0b1-490b-9819-dfbf99bc4c7f",
              "parentUUID": "457100e3-c1ec-4f3a-b9dc-0e543289c75f",
              "isHook": false,
              "skipped": false
            },
            {
              "title": "Verifica se o botão está posicionado entre a paleta de cores e o quadro de pixels",
              "fullTitle": "9 - Crie um botão que, ao ser clicado, limpa o quadro preenchendo a cor de todos seus pixels com branco. Verifica se o botão está posicionado entre a paleta de cores e o quadro de pixels",
              "timedOut": null,
              "duration": 148,
              "state": "passed",
              "speed": "slow",
              "pass": true,
              "fail": false,
              "pending": false,
              "context": null,
              "code": "cy.get('#color-palette').then(function (palette) {\n  cy.get('#clear-board').should('be.belowOf', palette);\n});\ncy.get('#clear-board').then(function (clearBtn) {\n  cy.get('#pixel-board').should('be.belowOf', clearBtn);\n});",
              "err": {},
              "uuid": "456e8203-028a-467f-ab73-ce8033817b9e",
              "parentUUID": "457100e3-c1ec-4f3a-b9dc-0e543289c75f",
              "isHook": false,
              "skipped": false
            },
            {
              "title": "Verifica se o texto do botão é 'Limpar'",
              "fullTitle": "9 - Crie um botão que, ao ser clicado, limpa o quadro preenchendo a cor de todos seus pixels com branco. Verifica se o texto do botão é 'Limpar'",
              "timedOut": null,
              "duration": 77,
              "state": "passed",
              "speed": "slow",
              "pass": true,
              "fail": false,
              "pending": false,
              "context": null,
              "code": "cy.get('#clear-board').should('contain.text', 'Limpar');",
              "err": {},
              "uuid": "a548fed2-60ba-4e15-9b7e-99d952c52965",
              "parentUUID": "457100e3-c1ec-4f3a-b9dc-0e543289c75f",
              "isHook": false,
              "skipped": false
            },
            {
              "title": "Verifica se ao clicar no botão, o quadro de pixels é totalmente preenchido de branco",
              "fullTitle": "9 - Crie um botão que, ao ser clicado, limpa o quadro preenchendo a cor de todos seus pixels com branco. Verifica se ao clicar no botão, o quadro de pixels é totalmente preenchido de branco",
              "timedOut": null,
              "duration": 2190,
              "state": "passed",
              "speed": "slow",
              "pass": true,
              "fail": false,
              "pending": false,
              "context": null,
              "code": "cy.get('.color').eq(1).then(function (color) {\n  var backgroundColor = color.css('background-color');\n  cy.wrap(color).click();\n  cy.get('.pixel').each(function (pixel) {\n    cy.wrap(pixel).click().should('have.css', 'background-color', backgroundColor);\n  });\n});\ncy.get('#clear-board').click();\ncy.get('.pixel').each(function (pixel) {\n  cy.wrap(pixel).should('have.css', 'background-color', WHITE);\n});",
              "err": {},
              "uuid": "f406e7c2-d9a6-4830-a2a2-86040054d773",
              "parentUUID": "457100e3-c1ec-4f3a-b9dc-0e543289c75f",
              "isHook": false,
              "skipped": false
            }
          ],
          "suites": [],
          "passes": [
            "02bdc9b7-d0b1-490b-9819-dfbf99bc4c7f",
            "456e8203-028a-467f-ab73-ce8033817b9e",
            "a548fed2-60ba-4e15-9b7e-99d952c52965",
            "f406e7c2-d9a6-4830-a2a2-86040054d773"
          ],
          "failures": [],
          "pending": [],
          "skipped": [],
          "duration": 2558,
          "root": false,
          "rootEmpty": false,
          "_timeout": 2000
        },
        {
          "uuid": "540de54c-b3f6-465c-9226-f99b26e7b2ec",
          "title": "10 - Faça o quadro de pixels ter seu tamanho definido pelo usuário.",
          "fullFile": "",
          "file": "",
          "beforeHooks": [],
          "afterHooks": [],
          "tests": [
            {
              "title": "Verifica se existe um input com o id `board-size`",
              "fullTitle": "10 - Faça o quadro de pixels ter seu tamanho definido pelo usuário. Verifica se existe um input com o id `board-size`",
              "timedOut": null,
              "duration": 117,
              "state": "passed",
              "speed": "slow",
              "pass": true,
              "fail": false,
              "pending": false,
              "context": null,
              "code": "cy.get('#board-size').should('be.visible');",
              "err": {},
              "uuid": "6a9ff7ec-366d-4e2d-b8c3-48a78d193565",
              "parentUUID": "540de54c-b3f6-465c-9226-f99b26e7b2ec",
              "isHook": false,
              "skipped": false
            },
            {
              "title": "Verifica se existe um botão com o id `generate-board`",
              "fullTitle": "10 - Faça o quadro de pixels ter seu tamanho definido pelo usuário. Verifica se existe um botão com o id `generate-board`",
              "timedOut": null,
              "duration": 78,
              "state": "passed",
              "speed": "slow",
              "pass": true,
              "fail": false,
              "pending": false,
              "context": null,
              "code": "cy.get('#generate-board').should('be.visible');",
              "err": {},
              "uuid": "435f4203-5bf3-4692-8b70-e20cce28b745",
              "parentUUID": "540de54c-b3f6-465c-9226-f99b26e7b2ec",
              "isHook": false,
              "skipped": false
            },
            {
              "title": "Verifica se o input só aceita número maiores que zero. Essa restrição deve ser feita usando os atributos do elemento `input`",
              "fullTitle": "10 - Faça o quadro de pixels ter seu tamanho definido pelo usuário. Verifica se o input só aceita número maiores que zero. Essa restrição deve ser feita usando os atributos do elemento `input`",
              "timedOut": null,
              "duration": 4202,
              "state": "failed",
              "speed": null,
              "pass": false,
              "fail": true,
              "pending": false,
              "context": null,
              "code": "cy.get('#board-size[type=\\'number\\'][min=\\'1\\']');",
              "err": {
                "message": "CypressError: Timed out retrying: Expected to find element: '#board-size[type='number'][min='1']', but never found it.",
                "estack": "CypressError: Timed out retrying: Expected to find element: '#board-size[type='number'][min='1']', but never found it.\n    at cypressErr (http://localhost:40895/__cypress/runner/cypress_runner.js:149934:9)\n    at throwErr (http://localhost:40895/__cypress/runner/cypress_runner.js:149867:11)\n    at Object.throwErrByPath (http://localhost:40895/__cypress/runner/cypress_runner.js:149915:3)\n    at retry (http://localhost:40895/__cypress/runner/cypress_runner.js:144197:19)\n    at onFailFn (http://localhost:40895/__cypress/runner/cypress_runner.js:132448:16)\n    at tryCatcher (http://localhost:40895/__cypress/runner/cypress_runner.js:167415:23)\n    at Promise._settlePromiseFromHandler (http://localhost:40895/__cypress/runner/cypress_runner.js:165351:31)\n    at Promise._settlePromise (http://localhost:40895/__cypress/runner/cypress_runner.js:165408:18)\n    at Promise._settlePromise0 (http://localhost:40895/__cypress/runner/cypress_runner.js:165453:10)\n    at Promise._settlePromises (http://localhost:40895/__cypress/runner/cypress_runner.js:165528:18)\n    at Async../node_modules/bluebird/js/release/async.js.Async._drainQueue (http://localhost:40895/__cypress/runner/cypress_runner.js:162140:16)\n    at Async../node_modules/bluebird/js/release/async.js.Async._drainQueues (http://localhost:40895/__cypress/runner/cypress_runner.js:162150:10)\n    at Async.drainQueues (http://localhost:40895/__cypress/runner/cypress_runner.js:162024:14)",
                "diff": null
              },
              "uuid": "971e5d63-5a40-40a6-ae03-68c513ee502d",
              "parentUUID": "540de54c-b3f6-465c-9226-f99b26e7b2ec",
              "isHook": false,
              "skipped": false
            },
            {
              "title": "Verifica se o botão contém o texto 'VQV'",
              "fullTitle": "10 - Faça o quadro de pixels ter seu tamanho definido pelo usuário. Verifica se o botão contém o texto 'VQV'",
              "timedOut": null,
              "duration": 4267,
              "state": "failed",
              "speed": null,
              "pass": false,
              "fail": true,
              "pending": false,
              "context": null,
              "code": "cy.get('#generate-board').contains(/vqv/i);",
              "err": {
                "message": "CypressError: Timed out retrying: Expected to find content: '/vqv/i' within the element: <button#generate-board> but never did.",
                "estack": "CypressError: Timed out retrying: Expected to find content: '/vqv/i' within the element: <button#generate-board> but never did.\n    at cypressErr (http://localhost:40895/__cypress/runner/cypress_runner.js:149934:9)\n    at throwErr (http://localhost:40895/__cypress/runner/cypress_runner.js:149867:11)\n    at Object.throwErrByPath (http://localhost:40895/__cypress/runner/cypress_runner.js:149915:3)\n    at retry (http://localhost:40895/__cypress/runner/cypress_runner.js:144197:19)\n    at onFailFn (http://localhost:40895/__cypress/runner/cypress_runner.js:132448:16)\n    at tryCatcher (http://localhost:40895/__cypress/runner/cypress_runner.js:167415:23)\n    at Promise._settlePromiseFromHandler (http://localhost:40895/__cypress/runner/cypress_runner.js:165351:31)\n    at Promise._settlePromise (http://localhost:40895/__cypress/runner/cypress_runner.js:165408:18)\n    at Promise._settlePromise0 (http://localhost:40895/__cypress/runner/cypress_runner.js:165453:10)\n    at Promise._settlePromises (http://localhost:40895/__cypress/runner/cypress_runner.js:165528:18)\n    at Async../node_modules/bluebird/js/release/async.js.Async._drainQueue (http://localhost:40895/__cypress/runner/cypress_runner.js:162140:16)\n    at Async../node_modules/bluebird/js/release/async.js.Async._drainQueues (http://localhost:40895/__cypress/runner/cypress_runner.js:162150:10)\n    at Async.drainQueues (http://localhost:40895/__cypress/runner/cypress_runner.js:162024:14)",
                "diff": null
              },
              "uuid": "522080ba-fcfe-455f-845a-28b5b99f8a34",
              "parentUUID": "540de54c-b3f6-465c-9226-f99b26e7b2ec",
              "isHook": false,
              "skipped": false
            },
            {
              "title": "Verifica se o input está posicionado entre a paleta de cores e o quadro de pixels",
              "fullTitle": "10 - Faça o quadro de pixels ter seu tamanho definido pelo usuário. Verifica se o input está posicionado entre a paleta de cores e o quadro de pixels",
              "timedOut": null,
              "duration": 221,
              "state": "passed",
              "speed": "slow",
              "pass": true,
              "fail": false,
              "pending": false,
              "context": null,
              "code": "cy.get('#color-palette').then(function (palette) {\n  cy.get('#board-size').should('be.belowOf', palette);\n});\ncy.get('#board-size').then(function (palette) {\n  cy.get('#pixel-board').should('be.belowOf', palette);\n});",
              "err": {},
              "uuid": "130a2343-f1cd-4d3f-a77d-df15e3df5c3d",
              "parentUUID": "540de54c-b3f6-465c-9226-f99b26e7b2ec",
              "isHook": false,
              "skipped": false
            },
            {
              "title": "Verifica se o botão está posicionado ao lado do input",
              "fullTitle": "10 - Faça o quadro de pixels ter seu tamanho definido pelo usuário. Verifica se o botão está posicionado ao lado do input",
              "timedOut": null,
              "duration": 4283,
              "state": "failed",
              "speed": null,
              "pass": false,
              "fail": true,
              "pending": false,
              "context": null,
              "code": "cy.get('#board-size').then(function (board) {\n  cy.get('#generate-board').should('be.onTheRightOf', board);\n});",
              "err": {
                "message": "CypressError: Timed out retrying: expected '<button#generate-board>' to be on the right of { Object (0, length, ...) }",
                "estack": "CypressError: Timed out retrying: expected '<button#generate-board>' to be on the right of { Object (0, length, ...) }\n    at cypressErr (http://localhost:40895/__cypress/runner/cypress_runner.js:149934:9)\n    at throwErr (http://localhost:40895/__cypress/runner/cypress_runner.js:149867:11)\n    at Object.throwErrByPath (http://localhost:40895/__cypress/runner/cypress_runner.js:149915:3)\n    at retry (http://localhost:40895/__cypress/runner/cypress_runner.js:144197:19)\n    at onFailFn (http://localhost:40895/__cypress/runner/cypress_runner.js:132448:16)\n    at tryCatcher (http://localhost:40895/__cypress/runner/cypress_runner.js:167415:23)\n    at Promise._settlePromiseFromHandler (http://localhost:40895/__cypress/runner/cypress_runner.js:165351:31)\n    at Promise._settlePromise (http://localhost:40895/__cypress/runner/cypress_runner.js:165408:18)\n    at Promise._settlePromise0 (http://localhost:40895/__cypress/runner/cypress_runner.js:165453:10)\n    at Promise._settlePromises (http://localhost:40895/__cypress/runner/cypress_runner.js:165528:18)\n    at Async../node_modules/bluebird/js/release/async.js.Async._drainQueue (http://localhost:40895/__cypress/runner/cypress_runner.js:162140:16)\n    at Async../node_modules/bluebird/js/release/async.js.Async._drainQueues (http://localhost:40895/__cypress/runner/cypress_runner.js:162150:10)\n    at Async.drainQueues (http://localhost:40895/__cypress/runner/cypress_runner.js:162024:14)",
                "diff": null
              },
              "uuid": "73f110bb-dfc1-489d-a84e-9c7132d32897",
              "parentUUID": "540de54c-b3f6-465c-9226-f99b26e7b2ec",
              "isHook": false,
              "skipped": false
            },
            {
              "title": "Verifica se nenhum valor for colocado no input ao clicar no botão, um `alert` é exibido com o texto: 'Board inválido!'",
              "fullTitle": "10 - Faça o quadro de pixels ter seu tamanho definido pelo usuário. Verifica se nenhum valor for colocado no input ao clicar no botão, um `alert` é exibido com o texto: 'Board inválido!'",
              "timedOut": null,
              "duration": 382,
              "state": "failed",
              "speed": null,
              "pass": false,
              "fail": true,
              "pending": false,
              "context": null,
              "code": "var alerted = false;\ncy.on('window:alert', function (msg) {\n  return alerted = msg;\n});\ncy.get('#generate-board').click().then(function () {\n  return expect(alerted).to.match(/Board inválido!/i);\n});",
              "err": {
                "message": "AssertionError: expected false to match /Board inválido!/i",
                "estack": "AssertionError: expected false to match /Board inválido!/i\n    at getRet (http://localhost:40895/__cypress/runner/cypress_runner.js:136585:16)\n    at tryCatcher (http://localhost:40895/__cypress/runner/cypress_runner.js:167415:23)\n    at Function.Promise.attempt.Promise.try (http://localhost:40895/__cypress/runner/cypress_runner.js:164690:29)\n    at Context.thenFn (http://localhost:40895/__cypress/runner/cypress_runner.js:136599:23)\n    at Context.then (http://localhost:40895/__cypress/runner/cypress_runner.js:136971:21)\n    at Context.<anonymous> (http://localhost:40895/__cypress/runner/cypress_runner.js:148875:21)\n    at http://localhost:40895/__cypress/runner/cypress_runner.js:148351:33\n    at tryCatcher (http://localhost:40895/__cypress/runner/cypress_runner.js:167415:23)\n    at Promise._settlePromiseFromHandler (http://localhost:40895/__cypress/runner/cypress_runner.js:165351:31)\n    at Promise._settlePromise (http://localhost:40895/__cypress/runner/cypress_runner.js:165408:18)\n    at Promise._settlePromiseCtx (http://localhost:40895/__cypress/runner/cypress_runner.js:165445:10)\n    at Async../node_modules/bluebird/js/release/async.js.Async._drainQueue (http://localhost:40895/__cypress/runner/cypress_runner.js:162145:12)\n    at Async../node_modules/bluebird/js/release/async.js.Async._drainQueues (http://localhost:40895/__cypress/runner/cypress_runner.js:162150:10)\n    at Async.drainQueues (http://localhost:40895/__cypress/runner/cypress_runner.js:162024:14)",
                "diff": null
              },
              "uuid": "4af4d7d6-860d-4b29-bc88-ff216dde37a5",
              "parentUUID": "540de54c-b3f6-465c-9226-f99b26e7b2ec",
              "isHook": false,
              "skipped": false
            },
            {
              "title": "Verifica se ao clicar no botão com um valor preenchido, o tamanho do board muda.",
              "fullTitle": "10 - Faça o quadro de pixels ter seu tamanho definido pelo usuário. Verifica se ao clicar no botão com um valor preenchido, o tamanho do board muda.",
              "timedOut": null,
              "duration": 353,
              "state": "failed",
              "speed": null,
              "pass": false,
              "fail": true,
              "pending": false,
              "context": null,
              "code": "cy.get('#board-size').clear().type(10);\ncy.get('#generate-board').click();\ncy.get('.pixel').should('have.length', 100);",
              "err": {
                "message": "CypressError: cy.clear() failed because it requires a valid clearable element.\n\nThe element cleared was:\n\n  > <input type=\"range\" id=\"board-size\" value=\"5\" min=\"5\" max=\"50\" class=\"slider\" oninput=\"this.nextElementSibling.value = this.value\">\n\nA clearable element matches one of the following selectors:\n  'a[href]'\n  'area[href]'\n  'input'\n  'select'\n  'textarea'\n  'button'\n  'iframe'\n  '[tabindex]'\n  '[contenteditable]'",
                "estack": "CypressError: cy.clear() failed because it requires a valid clearable element.\n\nThe element cleared was:\n\n  > <input type=\"range\" id=\"board-size\" value=\"5\" min=\"5\" max=\"50\" class=\"slider\" oninput=\"this.nextElementSibling.value = this.value\">\n\nA clearable element matches one of the following selectors:\n  'a[href]'\n  'area[href]'\n  'input'\n  'select'\n  'textarea'\n  'button'\n  'iframe'\n  '[tabindex]'\n  '[contenteditable]'\n    at cypressErr (http://localhost:40895/__cypress/runner/cypress_runner.js:149934:9)\n    at throwErr (http://localhost:40895/__cypress/runner/cypress_runner.js:149867:11)\n    at Object.throwErrByPath (http://localhost:40895/__cypress/runner/cypress_runner.js:149915:3)\n    at clear (http://localhost:40895/__cypress/runner/cypress_runner.js:135619:19)\n    at tryCatcher (http://localhost:40895/__cypress/runner/cypress_runner.js:167415:23)\n    at Object.gotValue (http://localhost:40895/__cypress/runner/cypress_runner.js:166557:18)\n    at Object.gotAccum (http://localhost:40895/__cypress/runner/cypress_runner.js:166546:25)\n    at Object.tryCatcher (http://localhost:40895/__cypress/runner/cypress_runner.js:167415:23)\n    at Promise._settlePromiseFromHandler (http://localhost:40895/__cypress/runner/cypress_runner.js:165351:31)\n    at Promise._settlePromise (http://localhost:40895/__cypress/runner/cypress_runner.js:165408:18)\n    at Promise._settlePromiseCtx (http://localhost:40895/__cypress/runner/cypress_runner.js:165445:10)\n    at Async../node_modules/bluebird/js/release/async.js.Async._drainQueue (http://localhost:40895/__cypress/runner/cypress_runner.js:162145:12)\n    at Async../node_modules/bluebird/js/release/async.js.Async._drainQueues (http://localhost:40895/__cypress/runner/cypress_runner.js:162150:10)\n    at Async.drainQueues (http://localhost:40895/__cypress/runner/cypress_runner.js:162024:14)",
                "diff": null
              },
              "uuid": "2afcba94-71e4-46b5-ba2a-1ffea9c4a300",
              "parentUUID": "540de54c-b3f6-465c-9226-f99b26e7b2ec",
              "isHook": false,
              "skipped": false
            },
            {
              "title": "Verifica se o novo quadro tem todos os pixels preenchidos com a cor branca",
              "fullTitle": "10 - Faça o quadro de pixels ter seu tamanho definido pelo usuário. Verifica se o novo quadro tem todos os pixels preenchidos com a cor branca",
              "timedOut": null,
              "duration": 334,
              "state": "failed",
              "speed": null,
              "pass": false,
              "fail": true,
              "pending": false,
              "context": null,
              "code": "cy.get('#board-size').clear().type(6);\ncy.get('#generate-board').click();\ncy.get('.pixel').should('have.length', 36).each(function (pixel) {\n  expect(pixel).to.have.css('background-color', WHITE);\n});",
              "err": {
                "message": "CypressError: cy.clear() failed because it requires a valid clearable element.\n\nThe element cleared was:\n\n  > <input type=\"range\" id=\"board-size\" value=\"5\" min=\"5\" max=\"50\" class=\"slider\" oninput=\"this.nextElementSibling.value = this.value\">\n\nA clearable element matches one of the following selectors:\n  'a[href]'\n  'area[href]'\n  'input'\n  'select'\n  'textarea'\n  'button'\n  'iframe'\n  '[tabindex]'\n  '[contenteditable]'",
                "estack": "CypressError: cy.clear() failed because it requires a valid clearable element.\n\nThe element cleared was:\n\n  > <input type=\"range\" id=\"board-size\" value=\"5\" min=\"5\" max=\"50\" class=\"slider\" oninput=\"this.nextElementSibling.value = this.value\">\n\nA clearable element matches one of the following selectors:\n  'a[href]'\n  'area[href]'\n  'input'\n  'select'\n  'textarea'\n  'button'\n  'iframe'\n  '[tabindex]'\n  '[contenteditable]'\n    at cypressErr (http://localhost:40895/__cypress/runner/cypress_runner.js:149934:9)\n    at throwErr (http://localhost:40895/__cypress/runner/cypress_runner.js:149867:11)\n    at Object.throwErrByPath (http://localhost:40895/__cypress/runner/cypress_runner.js:149915:3)\n    at clear (http://localhost:40895/__cypress/runner/cypress_runner.js:135619:19)\n    at tryCatcher (http://localhost:40895/__cypress/runner/cypress_runner.js:167415:23)\n    at Object.gotValue (http://localhost:40895/__cypress/runner/cypress_runner.js:166557:18)\n    at Object.gotAccum (http://localhost:40895/__cypress/runner/cypress_runner.js:166546:25)\n    at Object.tryCatcher (http://localhost:40895/__cypress/runner/cypress_runner.js:167415:23)\n    at Promise._settlePromiseFromHandler (http://localhost:40895/__cypress/runner/cypress_runner.js:165351:31)\n    at Promise._settlePromise (http://localhost:40895/__cypress/runner/cypress_runner.js:165408:18)\n    at Promise._settlePromiseCtx (http://localhost:40895/__cypress/runner/cypress_runner.js:165445:10)\n    at Async../node_modules/bluebird/js/release/async.js.Async._drainQueue (http://localhost:40895/__cypress/runner/cypress_runner.js:162145:12)\n    at Async../node_modules/bluebird/js/release/async.js.Async._drainQueues (http://localhost:40895/__cypress/runner/cypress_runner.js:162150:10)\n    at Async.drainQueues (http://localhost:40895/__cypress/runner/cypress_runner.js:162024:14)",
                "diff": null
              },
              "uuid": "fb7357d1-9722-44dc-9127-9f55f784dd86",
              "parentUUID": "540de54c-b3f6-465c-9226-f99b26e7b2ec",
              "isHook": false,
              "skipped": false
            }
          ],
          "suites": [],
          "passes": [
            "6a9ff7ec-366d-4e2d-b8c3-48a78d193565",
            "435f4203-5bf3-4692-8b70-e20cce28b745",
            "130a2343-f1cd-4d3f-a77d-df15e3df5c3d"
          ],
          "failures": [
            "971e5d63-5a40-40a6-ae03-68c513ee502d",
            "522080ba-fcfe-455f-845a-28b5b99f8a34",
            "73f110bb-dfc1-489d-a84e-9c7132d32897",
            "4af4d7d6-860d-4b29-bc88-ff216dde37a5",
            "2afcba94-71e4-46b5-ba2a-1ffea9c4a300",
            "fb7357d1-9722-44dc-9127-9f55f784dd86"
          ],
          "pending": [],
          "skipped": [],
          "duration": 14237,
          "root": false,
          "rootEmpty": false,
          "_timeout": 2000
        },
        {
          "uuid": "71449685-0869-418c-9099-ab01f8d1a43e",
          "title": "11 - Limite o tamanho mínimo e máximo do board.",
          "fullFile": "",
          "file": "",
          "beforeHooks": [],
          "afterHooks": [],
          "tests": [
            {
              "title": "Verifica se a altura máxima do board é 50",
              "fullTitle": "11 - Limite o tamanho mínimo e máximo do board. Verifica se a altura máxima do board é 50",
              "timedOut": null,
              "duration": 265,
              "state": "failed",
              "speed": null,
              "pass": false,
              "fail": true,
              "pending": false,
              "context": null,
              "code": "cy.get('#board-size').clear().type(50);\ncy.get('#generate-board').click();\ncy.get('.pixel').should('have.length', 2500);",
              "err": {
                "message": "CypressError: cy.clear() failed because it requires a valid clearable element.\n\nThe element cleared was:\n\n  > <input type=\"range\" id=\"board-size\" value=\"5\" min=\"5\" max=\"50\" class=\"slider\" oninput=\"this.nextElementSibling.value = this.value\">\n\nA clearable element matches one of the following selectors:\n  'a[href]'\n  'area[href]'\n  'input'\n  'select'\n  'textarea'\n  'button'\n  'iframe'\n  '[tabindex]'\n  '[contenteditable]'",
                "estack": "CypressError: cy.clear() failed because it requires a valid clearable element.\n\nThe element cleared was:\n\n  > <input type=\"range\" id=\"board-size\" value=\"5\" min=\"5\" max=\"50\" class=\"slider\" oninput=\"this.nextElementSibling.value = this.value\">\n\nA clearable element matches one of the following selectors:\n  'a[href]'\n  'area[href]'\n  'input'\n  'select'\n  'textarea'\n  'button'\n  'iframe'\n  '[tabindex]'\n  '[contenteditable]'\n    at cypressErr (http://localhost:40895/__cypress/runner/cypress_runner.js:149934:9)\n    at throwErr (http://localhost:40895/__cypress/runner/cypress_runner.js:149867:11)\n    at Object.throwErrByPath (http://localhost:40895/__cypress/runner/cypress_runner.js:149915:3)\n    at clear (http://localhost:40895/__cypress/runner/cypress_runner.js:135619:19)\n    at tryCatcher (http://localhost:40895/__cypress/runner/cypress_runner.js:167415:23)\n    at Object.gotValue (http://localhost:40895/__cypress/runner/cypress_runner.js:166557:18)\n    at Object.gotAccum (http://localhost:40895/__cypress/runner/cypress_runner.js:166546:25)\n    at Object.tryCatcher (http://localhost:40895/__cypress/runner/cypress_runner.js:167415:23)\n    at Promise._settlePromiseFromHandler (http://localhost:40895/__cypress/runner/cypress_runner.js:165351:31)\n    at Promise._settlePromise (http://localhost:40895/__cypress/runner/cypress_runner.js:165408:18)\n    at Promise._settlePromiseCtx (http://localhost:40895/__cypress/runner/cypress_runner.js:165445:10)\n    at Async../node_modules/bluebird/js/release/async.js.Async._drainQueue (http://localhost:40895/__cypress/runner/cypress_runner.js:162145:12)\n    at Async../node_modules/bluebird/js/release/async.js.Async._drainQueues (http://localhost:40895/__cypress/runner/cypress_runner.js:162150:10)\n    at Async.drainQueues (http://localhost:40895/__cypress/runner/cypress_runner.js:162024:14)",
                "diff": null
              },
              "uuid": "8aab2c37-a583-4254-858b-cbdcdb945cc9",
              "parentUUID": "71449685-0869-418c-9099-ab01f8d1a43e",
              "isHook": false,
              "skipped": false
            },
            {
              "title": "Verifica se a altura do board é 5 quando um valor menor é colocado no input",
              "fullTitle": "11 - Limite o tamanho mínimo e máximo do board. Verifica se a altura do board é 5 quando um valor menor é colocado no input",
              "timedOut": null,
              "duration": 297,
              "state": "failed",
              "speed": null,
              "pass": false,
              "fail": true,
              "pending": false,
              "context": null,
              "code": "cy.get('#board-size').clear().type(4);\ncy.get('#generate-board').click();\ncy.get('.pixel').should('have.length', 25);",
              "err": {
                "message": "CypressError: cy.clear() failed because it requires a valid clearable element.\n\nThe element cleared was:\n\n  > <input type=\"range\" id=\"board-size\" value=\"5\" min=\"5\" max=\"50\" class=\"slider\" oninput=\"this.nextElementSibling.value = this.value\">\n\nA clearable element matches one of the following selectors:\n  'a[href]'\n  'area[href]'\n  'input'\n  'select'\n  'textarea'\n  'button'\n  'iframe'\n  '[tabindex]'\n  '[contenteditable]'",
                "estack": "CypressError: cy.clear() failed because it requires a valid clearable element.\n\nThe element cleared was:\n\n  > <input type=\"range\" id=\"board-size\" value=\"5\" min=\"5\" max=\"50\" class=\"slider\" oninput=\"this.nextElementSibling.value = this.value\">\n\nA clearable element matches one of the following selectors:\n  'a[href]'\n  'area[href]'\n  'input'\n  'select'\n  'textarea'\n  'button'\n  'iframe'\n  '[tabindex]'\n  '[contenteditable]'\n    at cypressErr (http://localhost:40895/__cypress/runner/cypress_runner.js:149934:9)\n    at throwErr (http://localhost:40895/__cypress/runner/cypress_runner.js:149867:11)\n    at Object.throwErrByPath (http://localhost:40895/__cypress/runner/cypress_runner.js:149915:3)\n    at clear (http://localhost:40895/__cypress/runner/cypress_runner.js:135619:19)\n    at tryCatcher (http://localhost:40895/__cypress/runner/cypress_runner.js:167415:23)\n    at Object.gotValue (http://localhost:40895/__cypress/runner/cypress_runner.js:166557:18)\n    at Object.gotAccum (http://localhost:40895/__cypress/runner/cypress_runner.js:166546:25)\n    at Object.tryCatcher (http://localhost:40895/__cypress/runner/cypress_runner.js:167415:23)\n    at Promise._settlePromiseFromHandler (http://localhost:40895/__cypress/runner/cypress_runner.js:165351:31)\n    at Promise._settlePromise (http://localhost:40895/__cypress/runner/cypress_runner.js:165408:18)\n    at Promise._settlePromiseCtx (http://localhost:40895/__cypress/runner/cypress_runner.js:165445:10)\n    at Async../node_modules/bluebird/js/release/async.js.Async._drainQueue (http://localhost:40895/__cypress/runner/cypress_runner.js:162145:12)\n    at Async../node_modules/bluebird/js/release/async.js.Async._drainQueues (http://localhost:40895/__cypress/runner/cypress_runner.js:162150:10)\n    at Async.drainQueues (http://localhost:40895/__cypress/runner/cypress_runner.js:162024:14)",
                "diff": null
              },
              "uuid": "4b98aa91-b16f-42bc-b3f6-785aa4c75099",
              "parentUUID": "71449685-0869-418c-9099-ab01f8d1a43e",
              "isHook": false,
              "skipped": false
            },
            {
              "title": "Verifica se a altura do board é 50 quando um valor maior é colocado no input",
              "fullTitle": "11 - Limite o tamanho mínimo e máximo do board. Verifica se a altura do board é 50 quando um valor maior é colocado no input",
              "timedOut": null,
              "duration": 287,
              "state": "failed",
              "speed": null,
              "pass": false,
              "fail": true,
              "pending": false,
              "context": null,
              "code": "cy.get('#board-size').clear().type(51);\ncy.get('#generate-board').click();\ncy.get('.pixel').should('have.length', 2500);",
              "err": {
                "message": "CypressError: cy.clear() failed because it requires a valid clearable element.\n\nThe element cleared was:\n\n  > <input type=\"range\" id=\"board-size\" value=\"5\" min=\"5\" max=\"50\" class=\"slider\" oninput=\"this.nextElementSibling.value = this.value\">\n\nA clearable element matches one of the following selectors:\n  'a[href]'\n  'area[href]'\n  'input'\n  'select'\n  'textarea'\n  'button'\n  'iframe'\n  '[tabindex]'\n  '[contenteditable]'",
                "estack": "CypressError: cy.clear() failed because it requires a valid clearable element.\n\nThe element cleared was:\n\n  > <input type=\"range\" id=\"board-size\" value=\"5\" min=\"5\" max=\"50\" class=\"slider\" oninput=\"this.nextElementSibling.value = this.value\">\n\nA clearable element matches one of the following selectors:\n  'a[href]'\n  'area[href]'\n  'input'\n  'select'\n  'textarea'\n  'button'\n  'iframe'\n  '[tabindex]'\n  '[contenteditable]'\n    at cypressErr (http://localhost:40895/__cypress/runner/cypress_runner.js:149934:9)\n    at throwErr (http://localhost:40895/__cypress/runner/cypress_runner.js:149867:11)\n    at Object.throwErrByPath (http://localhost:40895/__cypress/runner/cypress_runner.js:149915:3)\n    at clear (http://localhost:40895/__cypress/runner/cypress_runner.js:135619:19)\n    at tryCatcher (http://localhost:40895/__cypress/runner/cypress_runner.js:167415:23)\n    at Object.gotValue (http://localhost:40895/__cypress/runner/cypress_runner.js:166557:18)\n    at Object.gotAccum (http://localhost:40895/__cypress/runner/cypress_runner.js:166546:25)\n    at Object.tryCatcher (http://localhost:40895/__cypress/runner/cypress_runner.js:167415:23)\n    at Promise._settlePromiseFromHandler (http://localhost:40895/__cypress/runner/cypress_runner.js:165351:31)\n    at Promise._settlePromise (http://localhost:40895/__cypress/runner/cypress_runner.js:165408:18)\n    at Promise._settlePromiseCtx (http://localhost:40895/__cypress/runner/cypress_runner.js:165445:10)\n    at Async../node_modules/bluebird/js/release/async.js.Async._drainQueue (http://localhost:40895/__cypress/runner/cypress_runner.js:162145:12)\n    at Async../node_modules/bluebird/js/release/async.js.Async._drainQueues (http://localhost:40895/__cypress/runner/cypress_runner.js:162150:10)\n    at Async.drainQueues (http://localhost:40895/__cypress/runner/cypress_runner.js:162024:14)",
                "diff": null
              },
              "uuid": "b6f709f2-19d3-4ec3-9843-7631e604b50e",
              "parentUUID": "71449685-0869-418c-9099-ab01f8d1a43e",
              "isHook": false,
              "skipped": false
            }
          ],
          "suites": [],
          "passes": [],
          "failures": [
            "8aab2c37-a583-4254-858b-cbdcdb945cc9",
            "4b98aa91-b16f-42bc-b3f6-785aa4c75099",
            "b6f709f2-19d3-4ec3-9843-7631e604b50e"
          ],
          "pending": [],
          "skipped": [],
          "duration": 849,
          "root": false,
          "rootEmpty": false,
          "_timeout": 2000
        },
        {
          "uuid": "cbdae154-b78b-4e20-8027-c690c053b255",
          "title": "12 - Faça com que as cores da paleta sejam geradas aleatoriamente ao carregar a página.",
          "fullFile": "",
          "file": "",
          "beforeHooks": [],
          "afterHooks": [],
          "tests": [
            {
              "title": "Verifica se as cores geradas na paleta são diferentes a cada carregamento da página",
              "fullTitle": "12 - Faça com que as cores da paleta sejam geradas aleatoriamente ao carregar a página. Verifica se as cores geradas na paleta são diferentes a cada carregamento da página",
              "timedOut": null,
              "duration": 408,
              "state": "passed",
              "speed": "slow",
              "pass": true,
              "fail": false,
              "pending": false,
              "context": null,
              "code": "cy.get('.color').then(function (colors) {\n  var currentColors;\n  var previousColors;\n  previousColors = Array.from(colors).map(function (color) {\n    return Cypress.$(color).css('background-color');\n  });\n  for (var i = 0; i < 5; i += 1) {\n    cy.reload();\n    cy.get('.color').then(function (colors) {\n      currentColors = Array.from(colors).map(function (color) {\n        return Cypress.$(color).css('background-color');\n      });\n      expect(currentColors).not.to.deep.equal(previousColors);\n      previousColors = currentColors;\n    });\n  }\n});",
              "err": {},
              "uuid": "020d0cbd-7c33-4023-8aab-eba64a0faa7b",
              "parentUUID": "cbdae154-b78b-4e20-8027-c690c053b255",
              "isHook": false,
              "skipped": false
            },
            {
              "title": "Verifica se a cor preta ainda está presente e é a primeira na sua paleta de cores",
              "fullTitle": "12 - Faça com que as cores da paleta sejam geradas aleatoriamente ao carregar a página. Verifica se a cor preta ainda está presente e é a primeira na sua paleta de cores",
              "timedOut": null,
              "duration": 432,
              "state": "passed",
              "speed": "slow",
              "pass": true,
              "fail": false,
              "pending": false,
              "context": null,
              "code": "cy.get('.color').then(function (colors) {\n  var currentColors;\n  var previousColors;\n  previousColors = Array.from(colors).map(function (color) {\n    return Cypress.$(color).css('background-color');\n  });\n  expect(previousColors[0]).to.eq(BLACK);\n  for (var i = 0; i < 5; i += 1) {\n    cy.reload();\n    cy.get('.color').then(function (colors) {\n      currentColors = Array.from(colors).map(function (color) {\n        return Cypress.$(color).css('background-color');\n      });\n      expect(currentColors[0]).to.eq(BLACK);\n      expect(currentColors).not.to.deep.equal(previousColors);\n      previousColors = currentColors;\n    });\n  }\n});",
              "err": {},
              "uuid": "68ac2deb-ca70-4be7-8152-df22f7962e25",
              "parentUUID": "cbdae154-b78b-4e20-8027-c690c053b255",
              "isHook": false,
              "skipped": false
            }
          ],
          "suites": [],
          "passes": [
            "020d0cbd-7c33-4023-8aab-eba64a0faa7b",
            "68ac2deb-ca70-4be7-8152-df22f7962e25"
          ],
          "failures": [],
          "pending": [],
          "skipped": [],
          "duration": 840,
          "root": false,
          "rootEmpty": false,
          "_timeout": 2000
        }
      ],
      "passes": [],
      "failures": [],
      "pending": [],
      "skipped": [],
      "duration": 0,
      "root": true,
      "rootEmpty": true,
      "_timeout": 2000
    }
  ],
  "meta": {
    "mocha": {
      "version": "7.0.1"
    },
    "mochawesome": {
      "options": {
        "quiet": false,
        "reportFilename": "mochawesome",
        "saveHtml": false,
        "saveJson": true,
        "consoleReporter": "spec",
        "useInlineDiffs": false
      },
      "version": "4.1.0"
    },
    "marge": {
      "options": {
        "id": "default",
        "reportDir": "cypress/reports",
        "overwrite": true,
        "html": false,
        "json": true
      },
      "version": "4.1.0"
    }
  }
}