{
  "stats": {
    "suites": 12,
    "tests": 41,
    "passes": 21,
    "pending": 0,
    "failures": 20,
    "start": "2021-07-08T19:32:27.732Z",
    "end": "2021-07-08T19:35:24.049Z",
    "duration": 176317,
    "testsRegistered": 41,
    "passPercent": 51.21951219512195,
    "pendingPercent": 0,
    "other": 0,
    "hasOther": false,
    "skipped": 0,
    "hasSkipped": false
  },
  "results": [
    {
      "uuid": "13d9f1de-104d-4b4a-a8a0-a8019a36ad80",
      "title": "",
      "fullFile": "cypress/integration/project.spec.js",
      "file": "cypress/integration/project.spec.js",
      "beforeHooks": [],
      "afterHooks": [],
      "tests": [],
      "suites": [
        {
          "uuid": "29a07e3d-9eb2-4f30-b1b3-fbcf076698ba",
          "title": "1 - Adicione à página o título \"Paleta de Cores\".",
          "fullFile": "",
          "file": "",
          "beforeHooks": [],
          "afterHooks": [],
          "tests": [
            {
              "title": "Verifica se contém um elemento `h1` com o id `title` com o título correto",
              "fullTitle": "1 - Adicione à página o título \"Paleta de Cores\". Verifica se contém um elemento `h1` com o id `title` com o título correto",
              "timedOut": null,
              "duration": 1223,
              "state": "passed",
              "speed": "slow",
              "pass": true,
              "fail": false,
              "pending": false,
              "context": null,
              "code": "cy.get('h1#title').should('contain.text', 'Paleta de Cores');",
              "err": {},
              "uuid": "f74e01aa-fb0e-486a-a749-bc22bc4c33a8",
              "parentUUID": "29a07e3d-9eb2-4f30-b1b3-fbcf076698ba",
              "isHook": false,
              "skipped": false
            }
          ],
          "suites": [],
          "passes": [
            "f74e01aa-fb0e-486a-a749-bc22bc4c33a8"
          ],
          "failures": [],
          "pending": [],
          "skipped": [],
          "duration": 1223,
          "root": false,
          "rootEmpty": false,
          "_timeout": 2000
        },
        {
          "uuid": "c9bc082a-f674-4459-81c0-f4143653ad99",
          "title": "2 - Adicione à página uma paleta de quatro cores distintas.",
          "fullFile": "",
          "file": "",
          "beforeHooks": [],
          "afterHooks": [],
          "tests": [
            {
              "title": "A paleta de cores deve ser um elemento com `id` denominado `color-palette`",
              "fullTitle": "2 - Adicione à página uma paleta de quatro cores distintas. A paleta de cores deve ser um elemento com `id` denominado `color-palette`",
              "timedOut": null,
              "duration": 968,
              "state": "passed",
              "speed": "slow",
              "pass": true,
              "fail": false,
              "pending": false,
              "context": null,
              "code": "cy.get('#color-palette').should('be.visible');",
              "err": {},
              "uuid": "0327583d-020d-4549-985f-cb1e682ee9da",
              "parentUUID": "c9bc082a-f674-4459-81c0-f4143653ad99",
              "isHook": false,
              "skipped": false
            },
            {
              "title": "Verifica se cada cor individual da paleta de cores possui a `classe` chamada `color`.",
              "fullTitle": "2 - Adicione à página uma paleta de quatro cores distintas. Verifica se cada cor individual da paleta de cores possui a `classe` chamada `color`.",
              "timedOut": null,
              "duration": 1405,
              "state": "passed",
              "speed": "slow",
              "pass": true,
              "fail": false,
              "pending": false,
              "context": null,
              "code": "cy.get('.color').should('have.length', 4).then(function (colors) {\n  for (var i = 0; i < colors.length; i++) {\n    cy.wrap(colors[i]).should('be.visible');\n  }\n});",
              "err": {},
              "uuid": "4c12c96a-749f-4935-b6d6-e9f51a44d9bf",
              "parentUUID": "c9bc082a-f674-4459-81c0-f4143653ad99",
              "isHook": false,
              "skipped": false
            },
            {
              "title": "Verifica se a cor de fundo de cada elemento da paleta é a cor que o elemento representa. **A única cor não permitida na paleta é a cor branca.**",
              "fullTitle": "2 - Adicione à página uma paleta de quatro cores distintas. Verifica se a cor de fundo de cada elemento da paleta é a cor que o elemento representa. **A única cor não permitida na paleta é a cor branca.**",
              "timedOut": null,
              "duration": 1099,
              "state": "passed",
              "speed": "slow",
              "pass": true,
              "fail": false,
              "pending": false,
              "context": null,
              "code": "cy.get('.color').each(function (color) {\n  cy.wrap(color).should('have.class', 'color').and('not.have.css', 'background-color', WHITE);\n  cy.wrap(color).should('have.css', 'background-color');\n});",
              "err": {},
              "uuid": "39f5ea5f-f5d9-4f14-9aa6-e2f5d3f284f0",
              "parentUUID": "c9bc082a-f674-4459-81c0-f4143653ad99",
              "isHook": false,
              "skipped": false
            },
            {
              "title": "Verifica se cada elemento da paleta de cores tem uma borda preta, sólida e com 1 pixel de largura;",
              "fullTitle": "2 - Adicione à página uma paleta de quatro cores distintas. Verifica se cada elemento da paleta de cores tem uma borda preta, sólida e com 1 pixel de largura;",
              "timedOut": null,
              "duration": 1296,
              "state": "passed",
              "speed": "slow",
              "pass": true,
              "fail": false,
              "pending": false,
              "context": null,
              "code": "cy.get('.color').each(function (color) {\n  cy.wrap(color).and('have.css', 'border', \"1px solid \".concat(BLACK)).and('have.class', 'color');\n});",
              "err": {},
              "uuid": "fbef1c30-f5a1-440c-9719-58a0d9bcd5c6",
              "parentUUID": "c9bc082a-f674-4459-81c0-f4143653ad99",
              "isHook": false,
              "skipped": false
            },
            {
              "title": "Verifica se a paleta lista todas as cores disponíveis para utilização, lado a lado.",
              "fullTitle": "2 - Adicione à página uma paleta de quatro cores distintas. Verifica se a paleta lista todas as cores disponíveis para utilização, lado a lado.",
              "timedOut": null,
              "duration": 798,
              "state": "passed",
              "speed": "slow",
              "pass": true,
              "fail": false,
              "pending": false,
              "context": null,
              "code": "cy.get('.color').then(function (colors) {\n  for (var index = 1; index < colors.length; index += 1) {\n    var currentColor = colors[index];\n    var previousColor = colors[index - 1];\n    cy.wrap(currentColor).should('be.onTheRightOf', previousColor).and('be.horizontallyAlignedWith', previousColor);\n  }\n});",
              "err": {},
              "uuid": "905ea3fd-a709-462a-acf0-c4ac3e57401b",
              "parentUUID": "c9bc082a-f674-4459-81c0-f4143653ad99",
              "isHook": false,
              "skipped": false
            },
            {
              "title": "Verifica se a paleta de cores está posicionada abaixo do título 'Paleta de Cores'",
              "fullTitle": "2 - Adicione à página uma paleta de quatro cores distintas. Verifica se a paleta de cores está posicionada abaixo do título 'Paleta de Cores'",
              "timedOut": null,
              "duration": 943,
              "state": "passed",
              "speed": "slow",
              "pass": true,
              "fail": false,
              "pending": false,
              "context": null,
              "code": "cy.get('h1#title').then(function (title) {\n  cy.get('#color-palette').should('be.belowOf', title);\n});",
              "err": {},
              "uuid": "b279b680-a017-4199-8537-de0f293d4389",
              "parentUUID": "c9bc082a-f674-4459-81c0-f4143653ad99",
              "isHook": false,
              "skipped": false
            },
            {
              "title": "Verifica se a paleta de cores não contém cores repetidas.",
              "fullTitle": "2 - Adicione à página uma paleta de quatro cores distintas. Verifica se a paleta de cores não contém cores repetidas.",
              "timedOut": null,
              "duration": 990,
              "state": "passed",
              "speed": "slow",
              "pass": true,
              "fail": false,
              "pending": false,
              "context": null,
              "code": "cy.get('.color').then(function (colors) {\n  var allColors = Array.from(colors).map(function (color) {\n    return Cypress.$(color).css('background-color');\n  });\n  cy.log(allColors);\n  var uniqColors = (0, _toConsumableArray2[\"default\"])(new Set(allColors));\n  cy.log(uniqColors);\n  expect(allColors.length).to.eq(uniqColors.length);\n});",
              "err": {},
              "uuid": "32a8923d-0a66-4dee-8395-d41d2d142dbf",
              "parentUUID": "c9bc082a-f674-4459-81c0-f4143653ad99",
              "isHook": false,
              "skipped": false
            }
          ],
          "suites": [],
          "passes": [
            "0327583d-020d-4549-985f-cb1e682ee9da",
            "4c12c96a-749f-4935-b6d6-e9f51a44d9bf",
            "39f5ea5f-f5d9-4f14-9aa6-e2f5d3f284f0",
            "fbef1c30-f5a1-440c-9719-58a0d9bcd5c6",
            "905ea3fd-a709-462a-acf0-c4ac3e57401b",
            "b279b680-a017-4199-8537-de0f293d4389",
            "32a8923d-0a66-4dee-8395-d41d2d142dbf"
          ],
          "failures": [],
          "pending": [],
          "skipped": [],
          "duration": 7499,
          "root": false,
          "rootEmpty": false,
          "_timeout": 2000
        },
        {
          "uuid": "ef915833-19ed-4a67-9a8f-cc77d7194c00",
          "title": "3 - Adicione a cor **preta** como a primeira cor da paleta de cores.",
          "fullFile": "",
          "file": "",
          "beforeHooks": [],
          "afterHooks": [],
          "tests": [
            {
              "title": "Verifica se a primeira cor da paleta é preta",
              "fullTitle": "3 - Adicione a cor **preta** como a primeira cor da paleta de cores. Verifica se a primeira cor da paleta é preta",
              "timedOut": null,
              "duration": 927,
              "state": "passed",
              "speed": "slow",
              "pass": true,
              "fail": false,
              "pending": false,
              "context": null,
              "code": "cy.get('.color').first().should('have.css', 'background-color', BLACK);",
              "err": {},
              "uuid": "29b5aff8-48e6-4a1c-8273-96b25d9bcec4",
              "parentUUID": "ef915833-19ed-4a67-9a8f-cc77d7194c00",
              "isHook": false,
              "skipped": false
            },
            {
              "title": "Verifica se as demais cores podem ser escolhidas livremente.",
              "fullTitle": "3 - Adicione a cor **preta** como a primeira cor da paleta de cores. Verifica se as demais cores podem ser escolhidas livremente.",
              "timedOut": null,
              "duration": 2197,
              "state": "passed",
              "speed": "slow",
              "pass": true,
              "fail": false,
              "pending": false,
              "context": null,
              "code": "cy.get('.color').eq(1).should('not.have.css', 'background-color', BLACK);\ncy.get('.color').eq(1).should('not.have.css', 'background-color', WHITE);\ncy.get('.color').eq(1).should('not.have.css', 'background-color', 'rgba(0, 0, 0, 0)');\ncy.get('.color').eq(1).should('have.css', 'background-color');\ncy.get('.color').eq(2).should('not.have.css', 'background-color', BLACK);\ncy.get('.color').eq(2).should('not.have.css', 'background-color', WHITE);\ncy.get('.color').eq(2).should('not.have.css', 'background-color', 'rgba(0, 0, 0, 0)');\ncy.get('.color').eq(2).should('have.css', 'background-color');\ncy.get('.color').eq(3).should('not.have.css', 'background-color', BLACK);\ncy.get('.color').eq(3).should('not.have.css', 'background-color', WHITE);\ncy.get('.color').eq(3).should('not.have.css', 'background-color', 'rgba(0, 0, 0, 0)');\ncy.get('.color').eq(3).should('have.css', 'background-color');",
              "err": {},
              "uuid": "c8647c99-7f5b-45c3-bc46-818d2243813b",
              "parentUUID": "ef915833-19ed-4a67-9a8f-cc77d7194c00",
              "isHook": false,
              "skipped": false
            }
          ],
          "suites": [],
          "passes": [
            "29b5aff8-48e6-4a1c-8273-96b25d9bcec4",
            "c8647c99-7f5b-45c3-bc46-818d2243813b"
          ],
          "failures": [],
          "pending": [],
          "skipped": [],
          "duration": 3124,
          "root": false,
          "rootEmpty": false,
          "_timeout": 2000
        },
        {
          "uuid": "2aa3b28a-2234-426d-80b7-4898679f409b",
          "title": "4 - Adicione à página um quadro de pixels, com 25 pixels.",
          "fullFile": "",
          "file": "",
          "beforeHooks": [],
          "afterHooks": [],
          "tests": [
            {
              "title": "Verifica se o quadro de pixels possui o `id` denominado `pixel-board`",
              "fullTitle": "4 - Adicione à página um quadro de pixels, com 25 pixels. Verifica se o quadro de pixels possui o `id` denominado `pixel-board`",
              "timedOut": null,
              "duration": 802,
              "state": "passed",
              "speed": "slow",
              "pass": true,
              "fail": false,
              "pending": false,
              "context": null,
              "code": "cy.get('#pixel-board').should('be.visible');",
              "err": {},
              "uuid": "0dc2aeac-d3ef-4dbb-bf46-18da06917ec0",
              "parentUUID": "2aa3b28a-2234-426d-80b7-4898679f409b",
              "isHook": false,
              "skipped": false
            },
            {
              "title": "Verifica se cada pixel individual dentro do quadro possui a `classe` denominada `pixel`.",
              "fullTitle": "4 - Adicione à página um quadro de pixels, com 25 pixels. Verifica se cada pixel individual dentro do quadro possui a `classe` denominada `pixel`.",
              "timedOut": null,
              "duration": 983,
              "state": "passed",
              "speed": "slow",
              "pass": true,
              "fail": false,
              "pending": false,
              "context": null,
              "code": "cy.get('.pixel').should('have.length', 25);",
              "err": {},
              "uuid": "cda04e74-8232-4a51-ad21-b8e908d7962b",
              "parentUUID": "2aa3b28a-2234-426d-80b7-4898679f409b",
              "isHook": false,
              "skipped": false
            },
            {
              "title": "Verifica se a cor inicial dos pixels dentro do quadro, ao abrir a página, é branca.",
              "fullTitle": "4 - Adicione à página um quadro de pixels, com 25 pixels. Verifica se a cor inicial dos pixels dentro do quadro, ao abrir a página, é branca.",
              "timedOut": null,
              "duration": 1043,
              "state": "passed",
              "speed": "slow",
              "pass": true,
              "fail": false,
              "pending": false,
              "context": null,
              "code": "cy.get('.pixel').should('have.length', 25).each(function (pixel) {\n  expect(pixel).to.have.css('background-color', WHITE);\n});",
              "err": {},
              "uuid": "dd6262e0-01c8-4ec3-86f9-159c22c61948",
              "parentUUID": "2aa3b28a-2234-426d-80b7-4898679f409b",
              "isHook": false,
              "skipped": false
            },
            {
              "title": "Verifica se o quadro de pixels aparece abaixo da paleta de cores",
              "fullTitle": "4 - Adicione à página um quadro de pixels, com 25 pixels. Verifica se o quadro de pixels aparece abaixo da paleta de cores",
              "timedOut": null,
              "duration": 650,
              "state": "passed",
              "speed": "slow",
              "pass": true,
              "fail": false,
              "pending": false,
              "context": null,
              "code": "cy.get('#color-palette').then(function (palette) {\n  cy.get('#pixel-board').should('be.belowOf', palette);\n});",
              "err": {},
              "uuid": "7205244f-1522-4727-8f5c-8ab7f6f35507",
              "parentUUID": "2aa3b28a-2234-426d-80b7-4898679f409b",
              "isHook": false,
              "skipped": false
            }
          ],
          "suites": [],
          "passes": [
            "0dc2aeac-d3ef-4dbb-bf46-18da06917ec0",
            "cda04e74-8232-4a51-ad21-b8e908d7962b",
            "dd6262e0-01c8-4ec3-86f9-159c22c61948",
            "7205244f-1522-4727-8f5c-8ab7f6f35507"
          ],
          "failures": [],
          "pending": [],
          "skipped": [],
          "duration": 3478,
          "root": false,
          "rootEmpty": false,
          "_timeout": 2000
        },
        {
          "uuid": "3de1c9fc-c1b8-4ab7-84f9-5381528ff144",
          "title": "5 - Faça com que cada elemento do quadro de pixels possua 40 pixels de largura, 40 pixels de altura e seja delimitado por uma borda preta de 1 pixel.",
          "fullFile": "",
          "file": "",
          "beforeHooks": [],
          "afterHooks": [],
          "tests": [
            {
              "title": "Verifica se o quadro de pixels tem altura e comprimento de 5 elementos",
              "fullTitle": "5 - Faça com que cada elemento do quadro de pixels possua 40 pixels de largura, 40 pixels de altura e seja delimitado por uma borda preta de 1 pixel. Verifica se o quadro de pixels tem altura e comprimento de 5 elementos",
              "timedOut": null,
              "duration": 2129,
              "state": "passed",
              "speed": "slow",
              "pass": true,
              "fail": false,
              "pending": false,
              "context": null,
              "code": "cy.get('.pixel').should('have.length', 25).each(function (pixel) {\n  expect(pixel).to.have.css('background-color', WHITE);\n}).and(function (pixels) {\n  var rows = chunk(pixels, 5);\n  rows.forEach(function (row) {\n    for (var index = 1; index < row.length; index += 1) {\n      var current = pixels[index];\n      var previous = pixels[index - 1];\n      cy.wrap(current).should('be.onTheRightOf', previous).and('be.horizontallyAlignedWith', previous);\n    }\n  });\n  for (var index = 1; index < 5; index += 1) {\n    expect(pixels[index * 5]).to.be.belowOf(pixels[(index - 1) * 5]);\n  }\n});",
              "err": {},
              "uuid": "b3eba5fb-51e5-43c0-8643-db508af5aefc",
              "parentUUID": "3de1c9fc-c1b8-4ab7-84f9-5381528ff144",
              "isHook": false,
              "skipped": false
            },
            {
              "title": "Verifica se 40 pixels é o tamanho total do elemento, incluindo seu conteúdo e excluindo a borda preta, que deve ser criada à parte.",
              "fullTitle": "5 - Faça com que cada elemento do quadro de pixels possua 40 pixels de largura, 40 pixels de altura e seja delimitado por uma borda preta de 1 pixel. Verifica se 40 pixels é o tamanho total do elemento, incluindo seu conteúdo e excluindo a borda preta, que deve ser criada à parte.",
              "timedOut": null,
              "duration": 1721,
              "state": "passed",
              "speed": "slow",
              "pass": true,
              "fail": false,
              "pending": false,
              "context": null,
              "code": "cy.get('.pixel').each(function (pixel) {\n  cy.wrap(pixel).should('have.css', 'height', '40px').and('have.css', 'width', '40px').and('have.css', 'border', \"1px solid \".concat(BLACK));\n});",
              "err": {},
              "uuid": "579395f6-61a2-4256-8f8f-dce9b8479cce",
              "parentUUID": "3de1c9fc-c1b8-4ab7-84f9-5381528ff144",
              "isHook": false,
              "skipped": false
            }
          ],
          "suites": [],
          "passes": [
            "b3eba5fb-51e5-43c0-8643-db508af5aefc",
            "579395f6-61a2-4256-8f8f-dce9b8479cce"
          ],
          "failures": [],
          "pending": [],
          "skipped": [],
          "duration": 3850,
          "root": false,
          "rootEmpty": false,
          "_timeout": 2000
        },
        {
          "uuid": "156543cb-41ff-40ed-81be-37ce5500a90d",
          "title": "6 - Defina a cor preta como cor inicial. Ao carregar a página a cor preta já deve estar selecionada para pintar os pixels",
          "fullFile": "",
          "file": "",
          "beforeHooks": [],
          "afterHooks": [],
          "tests": [
            {
              "title": "Verifica se o elemento da cor preta possui, inicialmente, a `classe` `selected`",
              "fullTitle": "6 - Defina a cor preta como cor inicial. Ao carregar a página a cor preta já deve estar selecionada para pintar os pixels Verifica se o elemento da cor preta possui, inicialmente, a `classe` `selected`",
              "timedOut": null,
              "duration": 809,
              "state": "passed",
              "speed": "slow",
              "pass": true,
              "fail": false,
              "pending": false,
              "context": null,
              "code": "cy.get('.selected').first().should('have.css', 'background-color', BLACK);",
              "err": {},
              "uuid": "9c3dfb91-6a4e-4072-afe6-4aed51475ae1",
              "parentUUID": "156543cb-41ff-40ed-81be-37ce5500a90d",
              "isHook": false,
              "skipped": false
            },
            {
              "title": "Verifica se nenhuma outra cor da paleta tem a `classe` `selected`",
              "fullTitle": "6 - Defina a cor preta como cor inicial. Ao carregar a página a cor preta já deve estar selecionada para pintar os pixels Verifica se nenhuma outra cor da paleta tem a `classe` `selected`",
              "timedOut": null,
              "duration": 442,
              "state": "passed",
              "speed": "slow",
              "pass": true,
              "fail": false,
              "pending": false,
              "context": null,
              "code": "cy.get('.color:not(:first-child)').each(function (color) {\n  cy.wrap(color).should('not.have.class', 'selected');\n});",
              "err": {},
              "uuid": "2a2d1ffe-e8c8-440b-9605-5b33940d2d02",
              "parentUUID": "156543cb-41ff-40ed-81be-37ce5500a90d",
              "isHook": false,
              "skipped": false
            }
          ],
          "suites": [],
          "passes": [
            "9c3dfb91-6a4e-4072-afe6-4aed51475ae1",
            "2a2d1ffe-e8c8-440b-9605-5b33940d2d02"
          ],
          "failures": [],
          "pending": [],
          "skipped": [],
          "duration": 1251,
          "root": false,
          "rootEmpty": false,
          "_timeout": 2000
        },
        {
          "uuid": "ddbae761-681d-4f34-854e-02107a4a1cb5",
          "title": "7 - Clicar em uma das cores da paleta, faz com que ela seja selecionada e utilizada para preencher os pixels no quadro.",
          "fullFile": "",
          "file": "",
          "beforeHooks": [],
          "afterHooks": [],
          "tests": [
            {
              "title": "Verifica se somente uma cor da paleta de cores tem a classe `selected` de cada vez",
              "fullTitle": "7 - Clicar em uma das cores da paleta, faz com que ela seja selecionada e utilizada para preencher os pixels no quadro. Verifica se somente uma cor da paleta de cores tem a classe `selected` de cada vez",
              "timedOut": null,
              "duration": 1195,
              "state": "passed",
              "speed": "slow",
              "pass": true,
              "fail": false,
              "pending": false,
              "context": null,
              "code": "cy.get('.color').each(function (selectedColor, selectedColorIndex) {\n  cy.wrap(selectedColor).click();\n  cy.get('.color').each(function (color, colorIndex) {\n    if (colorIndex === selectedColorIndex) {\n      expect(color).to.have[\"class\"]('selected');\n    } else {\n      expect(color).not.to.have[\"class\"]('selected');\n    }\n  });\n});",
              "err": {},
              "uuid": "6a5bdd59-de2e-4699-98b1-5379850de071",
              "parentUUID": "ddbae761-681d-4f34-854e-02107a4a1cb5",
              "isHook": false,
              "skipped": false
            },
            {
              "title": "Verifica se os pixels dentro do quadro não têm a classe `selected` quando são clicados",
              "fullTitle": "7 - Clicar em uma das cores da paleta, faz com que ela seja selecionada e utilizada para preencher os pixels no quadro. Verifica se os pixels dentro do quadro não têm a classe `selected` quando são clicados",
              "timedOut": null,
              "duration": 12779,
              "state": "passed",
              "speed": "slow",
              "pass": true,
              "fail": false,
              "pending": false,
              "context": null,
              "code": "cy.get('.color').each(function (color) {\n  var backgroundColor = color.css('background-color');\n  cy.wrap(color).click();\n  cy.get('.pixel').each(function (pixel) {\n    cy.wrap(pixel).click().should('not.have.class', 'selected');\n  });\n});",
              "err": {},
              "uuid": "e6a7483b-b78f-43b7-bb18-57c33ae8506c",
              "parentUUID": "ddbae761-681d-4f34-854e-02107a4a1cb5",
              "isHook": false,
              "skipped": false
            }
          ],
          "suites": [],
          "passes": [
            "6a5bdd59-de2e-4699-98b1-5379850de071",
            "e6a7483b-b78f-43b7-bb18-57c33ae8506c"
          ],
          "failures": [],
          "pending": [],
          "skipped": [],
          "duration": 13974,
          "root": false,
          "rootEmpty": false,
          "_timeout": 2000
        },
        {
          "uuid": "e6ade8a4-2708-4bc5-8bf6-37275e9cf36d",
          "title": "8 - Clicar em um pixel dentro do quadro após selecionar uma cor na paleta, faz com que o pixel seja preenchido com a cor selecionada.",
          "fullFile": "",
          "file": "",
          "beforeHooks": [],
          "afterHooks": [],
          "tests": [
            {
              "title": "Verifica se ao carregar a página deve ser possível pintar os pixels de preto",
              "fullTitle": "8 - Clicar em um pixel dentro do quadro após selecionar uma cor na paleta, faz com que o pixel seja preenchido com a cor selecionada. Verifica se ao carregar a página deve ser possível pintar os pixels de preto",
              "timedOut": null,
              "duration": 5746,
              "state": "failed",
              "speed": null,
              "pass": false,
              "fail": true,
              "pending": false,
              "context": null,
              "code": "cy.get('.pixel').each(function (pixel) {\n  cy.wrap(pixel).click().should('have.css', 'background-color', BLACK);\n});",
              "err": {
                "message": "CypressError: Timed out retrying: expected '<td.pixel>' to have CSS property 'background-color' with the value 'rgb(0, 0, 0)', but the value was 'rgb(255, 255, 255)'",
                "estack": "CypressError: Timed out retrying: expected '<td.pixel>' to have CSS property 'background-color' with the value 'rgb(0, 0, 0)', but the value was 'rgb(255, 255, 255)'\n    at cypressErr (http://localhost:40875/__cypress/runner/cypress_runner.js:149934:9)\n    at throwErr (http://localhost:40875/__cypress/runner/cypress_runner.js:149867:11)\n    at Object.throwErrByPath (http://localhost:40875/__cypress/runner/cypress_runner.js:149915:3)\n    at retry (http://localhost:40875/__cypress/runner/cypress_runner.js:144197:19)\n    at onFailFn (http://localhost:40875/__cypress/runner/cypress_runner.js:132448:16)\n    at tryCatcher (http://localhost:40875/__cypress/runner/cypress_runner.js:167415:23)\n    at Promise._settlePromiseFromHandler (http://localhost:40875/__cypress/runner/cypress_runner.js:165351:31)\n    at Promise._settlePromise (http://localhost:40875/__cypress/runner/cypress_runner.js:165408:18)\n    at Promise._settlePromise0 (http://localhost:40875/__cypress/runner/cypress_runner.js:165453:10)\n    at Promise._settlePromises (http://localhost:40875/__cypress/runner/cypress_runner.js:165528:18)\n    at Async../node_modules/bluebird/js/release/async.js.Async._drainQueue (http://localhost:40875/__cypress/runner/cypress_runner.js:162140:16)\n    at Async../node_modules/bluebird/js/release/async.js.Async._drainQueues (http://localhost:40875/__cypress/runner/cypress_runner.js:162150:10)\n    at Async.drainQueues (http://localhost:40875/__cypress/runner/cypress_runner.js:162024:14)",
                "diff": null
              },
              "uuid": "253d781b-a732-45d4-aeaf-41f98ea75ad2",
              "parentUUID": "e6ade8a4-2708-4bc5-8bf6-37275e9cf36d",
              "isHook": false,
              "skipped": false
            },
            {
              "title": "Verifica se após selecionar uma outra cor na paleta, é possível pintar os pixels com essa cor",
              "fullTitle": "8 - Clicar em um pixel dentro do quadro após selecionar uma cor na paleta, faz com que o pixel seja preenchido com a cor selecionada. Verifica se após selecionar uma outra cor na paleta, é possível pintar os pixels com essa cor",
              "timedOut": null,
              "duration": 5778,
              "state": "failed",
              "speed": null,
              "pass": false,
              "fail": true,
              "pending": false,
              "context": null,
              "code": "cy.get('.color').each(function (color) {\n  var backgroundColor = color.css('background-color');\n  cy.wrap(color).click();\n  cy.get('.pixel').each(function (pixel) {\n    cy.wrap(pixel).click().should('have.css', 'background-color', backgroundColor);\n  });\n});",
              "err": {
                "message": "CypressError: Timed out retrying: expected '<td.pixel>' to have CSS property 'background-color' with the value 'rgb(0, 0, 0)', but the value was 'rgb(255, 255, 255)'",
                "estack": "CypressError: Timed out retrying: expected '<td.pixel>' to have CSS property 'background-color' with the value 'rgb(0, 0, 0)', but the value was 'rgb(255, 255, 255)'\n    at cypressErr (http://localhost:40875/__cypress/runner/cypress_runner.js:149934:9)\n    at throwErr (http://localhost:40875/__cypress/runner/cypress_runner.js:149867:11)\n    at Object.throwErrByPath (http://localhost:40875/__cypress/runner/cypress_runner.js:149915:3)\n    at retry (http://localhost:40875/__cypress/runner/cypress_runner.js:144197:19)\n    at onFailFn (http://localhost:40875/__cypress/runner/cypress_runner.js:132448:16)\n    at tryCatcher (http://localhost:40875/__cypress/runner/cypress_runner.js:167415:23)\n    at Promise._settlePromiseFromHandler (http://localhost:40875/__cypress/runner/cypress_runner.js:165351:31)\n    at Promise._settlePromise (http://localhost:40875/__cypress/runner/cypress_runner.js:165408:18)\n    at Promise._settlePromise0 (http://localhost:40875/__cypress/runner/cypress_runner.js:165453:10)\n    at Promise._settlePromises (http://localhost:40875/__cypress/runner/cypress_runner.js:165528:18)\n    at Async../node_modules/bluebird/js/release/async.js.Async._drainQueue (http://localhost:40875/__cypress/runner/cypress_runner.js:162140:16)\n    at Async../node_modules/bluebird/js/release/async.js.Async._drainQueues (http://localhost:40875/__cypress/runner/cypress_runner.js:162150:10)\n    at Async.drainQueues (http://localhost:40875/__cypress/runner/cypress_runner.js:162024:14)",
                "diff": null
              },
              "uuid": "93b8181b-78c8-4869-802f-2545b6e8242b",
              "parentUUID": "e6ade8a4-2708-4bc5-8bf6-37275e9cf36d",
              "isHook": false,
              "skipped": false
            },
            {
              "title": "Verifica se somente o pixel que foi clicado foi preenchido com a cor selecionada, sem influenciar na cor dos demais pixels.",
              "fullTitle": "8 - Clicar em um pixel dentro do quadro após selecionar uma cor na paleta, faz com que o pixel seja preenchido com a cor selecionada. Verifica se somente o pixel que foi clicado foi preenchido com a cor selecionada, sem influenciar na cor dos demais pixels.",
              "timedOut": null,
              "duration": 20362,
              "state": "passed",
              "speed": "slow",
              "pass": true,
              "fail": false,
              "pending": false,
              "context": null,
              "code": "var colorToPixelIndexMap = {\n  0: 6,\n  1: 8,\n  2: 16,\n  3: 18\n};\ncy.get('.color').each(function (color, index) {\n  cy.wrap(color).click();\n  var backgroundColor = color.css('background-color');\n  var clickedPixelIndex = colorToPixelIndexMap[index];\n  cy.get('.pixel').eq(clickedPixelIndex).click();\n  cy.get('.pixel').eq(clickedPixelIndex - 1).should('not.have.css', 'background-color', backgroundColor);\n  cy.get('.pixel').eq(clickedPixelIndex + 1).should('not.have.css', 'background-color', backgroundColor);\n  cy.get('.pixel').eq(clickedPixelIndex - 5).should('not.have.css', 'background-color', backgroundColor);\n  cy.get('.pixel').eq(clickedPixelIndex + 5).should('not.have.css', 'background-color', backgroundColor);\n  cy.get('.pixel').eq(clickedPixelIndex - 6).should('not.have.css', 'background-color', backgroundColor);\n  cy.get('.pixel').eq(clickedPixelIndex - 4).should('not.have.css', 'background-color', backgroundColor);\n  cy.get('.pixel').eq(clickedPixelIndex + 4).should('not.have.css', 'background-color', backgroundColor);\n  cy.get('.pixel').eq(clickedPixelIndex + 6).should('not.have.css', 'background-color', backgroundColor);\n});",
              "err": {},
              "uuid": "fe39b028-7f69-4f48-9513-f290258c0b9e",
              "parentUUID": "e6ade8a4-2708-4bc5-8bf6-37275e9cf36d",
              "isHook": false,
              "skipped": false
            }
          ],
          "suites": [],
          "passes": [
            "fe39b028-7f69-4f48-9513-f290258c0b9e"
          ],
          "failures": [
            "253d781b-a732-45d4-aeaf-41f98ea75ad2",
            "93b8181b-78c8-4869-802f-2545b6e8242b"
          ],
          "pending": [],
          "skipped": [],
          "duration": 31886,
          "root": false,
          "rootEmpty": false,
          "_timeout": 2000
        },
        {
          "uuid": "872753a3-72e8-421d-b2d9-cce066ef8afd",
          "title": "9 - Crie um botão que, ao ser clicado, limpa o quadro preenchendo a cor de todos seus pixels com branco.",
          "fullFile": "",
          "file": "",
          "beforeHooks": [],
          "afterHooks": [],
          "tests": [
            {
              "title": "Verifica se o botão tem o `id` denominado `clear-board`",
              "fullTitle": "9 - Crie um botão que, ao ser clicado, limpa o quadro preenchendo a cor de todos seus pixels com branco. Verifica se o botão tem o `id` denominado `clear-board`",
              "timedOut": null,
              "duration": 5599,
              "state": "failed",
              "speed": null,
              "pass": false,
              "fail": true,
              "pending": false,
              "context": null,
              "code": "cy.get('#clear-board').should('be.visible');",
              "err": {
                "message": "CypressError: Timed out retrying: Expected to find element: '#clear-board', but never found it.",
                "estack": "CypressError: Timed out retrying: Expected to find element: '#clear-board', but never found it.\n    at cypressErr (http://localhost:40875/__cypress/runner/cypress_runner.js:149934:9)\n    at throwErr (http://localhost:40875/__cypress/runner/cypress_runner.js:149867:11)\n    at Object.throwErrByPath (http://localhost:40875/__cypress/runner/cypress_runner.js:149915:3)\n    at retry (http://localhost:40875/__cypress/runner/cypress_runner.js:144197:19)\n    at onFailFn (http://localhost:40875/__cypress/runner/cypress_runner.js:132448:16)\n    at tryCatcher (http://localhost:40875/__cypress/runner/cypress_runner.js:167415:23)\n    at Promise._settlePromiseFromHandler (http://localhost:40875/__cypress/runner/cypress_runner.js:165351:31)\n    at Promise._settlePromise (http://localhost:40875/__cypress/runner/cypress_runner.js:165408:18)\n    at Promise._settlePromise0 (http://localhost:40875/__cypress/runner/cypress_runner.js:165453:10)\n    at Promise._settlePromises (http://localhost:40875/__cypress/runner/cypress_runner.js:165528:18)\n    at Async../node_modules/bluebird/js/release/async.js.Async._drainQueue (http://localhost:40875/__cypress/runner/cypress_runner.js:162140:16)\n    at Async../node_modules/bluebird/js/release/async.js.Async._drainQueues (http://localhost:40875/__cypress/runner/cypress_runner.js:162150:10)\n    at Async.drainQueues (http://localhost:40875/__cypress/runner/cypress_runner.js:162024:14)",
                "diff": null
              },
              "uuid": "ba36dec4-9af8-40ae-94e3-a010e1fc2f38",
              "parentUUID": "872753a3-72e8-421d-b2d9-cce066ef8afd",
              "isHook": false,
              "skipped": false
            },
            {
              "title": "Verifica se o botão está posicionado entre a paleta de cores e o quadro de pixels",
              "fullTitle": "9 - Crie um botão que, ao ser clicado, limpa o quadro preenchendo a cor de todos seus pixels com branco. Verifica se o botão está posicionado entre a paleta de cores e o quadro de pixels",
              "timedOut": null,
              "duration": 5512,
              "state": "failed",
              "speed": null,
              "pass": false,
              "fail": true,
              "pending": false,
              "context": null,
              "code": "cy.get('#color-palette').then(function (palette) {\n  cy.get('#clear-board').should('be.belowOf', palette);\n});\ncy.get('#clear-board').then(function (clearBtn) {\n  cy.get('#pixel-board').should('be.belowOf', clearBtn);\n});",
              "err": {
                "message": "CypressError: Timed out retrying: Expected to find element: '#clear-board', but never found it.",
                "estack": "CypressError: Timed out retrying: Expected to find element: '#clear-board', but never found it.\n    at cypressErr (http://localhost:40875/__cypress/runner/cypress_runner.js:149934:9)\n    at throwErr (http://localhost:40875/__cypress/runner/cypress_runner.js:149867:11)\n    at Object.throwErrByPath (http://localhost:40875/__cypress/runner/cypress_runner.js:149915:3)\n    at retry (http://localhost:40875/__cypress/runner/cypress_runner.js:144197:19)\n    at onFailFn (http://localhost:40875/__cypress/runner/cypress_runner.js:132448:16)\n    at tryCatcher (http://localhost:40875/__cypress/runner/cypress_runner.js:167415:23)\n    at Promise._settlePromiseFromHandler (http://localhost:40875/__cypress/runner/cypress_runner.js:165351:31)\n    at Promise._settlePromise (http://localhost:40875/__cypress/runner/cypress_runner.js:165408:18)\n    at Promise._settlePromise0 (http://localhost:40875/__cypress/runner/cypress_runner.js:165453:10)\n    at Promise._settlePromises (http://localhost:40875/__cypress/runner/cypress_runner.js:165528:18)\n    at Async../node_modules/bluebird/js/release/async.js.Async._drainQueue (http://localhost:40875/__cypress/runner/cypress_runner.js:162140:16)\n    at Async../node_modules/bluebird/js/release/async.js.Async._drainQueues (http://localhost:40875/__cypress/runner/cypress_runner.js:162150:10)\n    at Async.drainQueues (http://localhost:40875/__cypress/runner/cypress_runner.js:162024:14)",
                "diff": null
              },
              "uuid": "0a5401c3-4106-4441-b024-34e269454d25",
              "parentUUID": "872753a3-72e8-421d-b2d9-cce066ef8afd",
              "isHook": false,
              "skipped": false
            },
            {
              "title": "Verifica se o texto do botão é 'Limpar'",
              "fullTitle": "9 - Crie um botão que, ao ser clicado, limpa o quadro preenchendo a cor de todos seus pixels com branco. Verifica se o texto do botão é 'Limpar'",
              "timedOut": null,
              "duration": 5960,
              "state": "failed",
              "speed": null,
              "pass": false,
              "fail": true,
              "pending": false,
              "context": null,
              "code": "cy.get('#clear-board').should('contain.text', 'Limpar');",
              "err": {
                "message": "CypressError: Timed out retrying: Expected to find element: '#clear-board', but never found it.",
                "estack": "CypressError: Timed out retrying: Expected to find element: '#clear-board', but never found it.\n    at cypressErr (http://localhost:40875/__cypress/runner/cypress_runner.js:149934:9)\n    at throwErr (http://localhost:40875/__cypress/runner/cypress_runner.js:149867:11)\n    at Object.throwErrByPath (http://localhost:40875/__cypress/runner/cypress_runner.js:149915:3)\n    at retry (http://localhost:40875/__cypress/runner/cypress_runner.js:144197:19)\n    at onFailFn (http://localhost:40875/__cypress/runner/cypress_runner.js:132448:16)\n    at tryCatcher (http://localhost:40875/__cypress/runner/cypress_runner.js:167415:23)\n    at Promise._settlePromiseFromHandler (http://localhost:40875/__cypress/runner/cypress_runner.js:165351:31)\n    at Promise._settlePromise (http://localhost:40875/__cypress/runner/cypress_runner.js:165408:18)\n    at Promise._settlePromise0 (http://localhost:40875/__cypress/runner/cypress_runner.js:165453:10)\n    at Promise._settlePromises (http://localhost:40875/__cypress/runner/cypress_runner.js:165528:18)\n    at Async../node_modules/bluebird/js/release/async.js.Async._drainQueue (http://localhost:40875/__cypress/runner/cypress_runner.js:162140:16)\n    at Async../node_modules/bluebird/js/release/async.js.Async._drainQueues (http://localhost:40875/__cypress/runner/cypress_runner.js:162150:10)\n    at Async.drainQueues (http://localhost:40875/__cypress/runner/cypress_runner.js:162024:14)",
                "diff": null
              },
              "uuid": "248bbe80-5497-44dc-ab88-7ade5797e7d3",
              "parentUUID": "872753a3-72e8-421d-b2d9-cce066ef8afd",
              "isHook": false,
              "skipped": false
            },
            {
              "title": "Verifica se ao clicar no botão, o quadro de pixels é totalmente preenchido de branco",
              "fullTitle": "9 - Crie um botão que, ao ser clicado, limpa o quadro preenchendo a cor de todos seus pixels com branco. Verifica se ao clicar no botão, o quadro de pixels é totalmente preenchido de branco",
              "timedOut": null,
              "duration": 5776,
              "state": "failed",
              "speed": null,
              "pass": false,
              "fail": true,
              "pending": false,
              "context": null,
              "code": "cy.get('.color').eq(1).then(function (color) {\n  var backgroundColor = color.css('background-color');\n  cy.wrap(color).click();\n  cy.get('.pixel').each(function (pixel) {\n    cy.wrap(pixel).click().should('have.css', 'background-color', backgroundColor);\n  });\n});\ncy.get('#clear-board').click();\ncy.get('.pixel').each(function (pixel) {\n  cy.wrap(pixel).should('have.css', 'background-color', WHITE);\n});",
              "err": {
                "message": "CypressError: Timed out retrying: expected '<td.pixel>' to have CSS property 'background-color' with the value 'rgb(173, 68, 159)', but the value was 'rgb(255, 255, 255)'",
                "estack": "CypressError: Timed out retrying: expected '<td.pixel>' to have CSS property 'background-color' with the value 'rgb(173, 68, 159)', but the value was 'rgb(255, 255, 255)'\n    at cypressErr (http://localhost:40875/__cypress/runner/cypress_runner.js:149934:9)\n    at throwErr (http://localhost:40875/__cypress/runner/cypress_runner.js:149867:11)\n    at Object.throwErrByPath (http://localhost:40875/__cypress/runner/cypress_runner.js:149915:3)\n    at retry (http://localhost:40875/__cypress/runner/cypress_runner.js:144197:19)\n    at onFailFn (http://localhost:40875/__cypress/runner/cypress_runner.js:132448:16)\n    at tryCatcher (http://localhost:40875/__cypress/runner/cypress_runner.js:167415:23)\n    at Promise._settlePromiseFromHandler (http://localhost:40875/__cypress/runner/cypress_runner.js:165351:31)\n    at Promise._settlePromise (http://localhost:40875/__cypress/runner/cypress_runner.js:165408:18)\n    at Promise._settlePromise0 (http://localhost:40875/__cypress/runner/cypress_runner.js:165453:10)\n    at Promise._settlePromises (http://localhost:40875/__cypress/runner/cypress_runner.js:165528:18)\n    at Async../node_modules/bluebird/js/release/async.js.Async._drainQueue (http://localhost:40875/__cypress/runner/cypress_runner.js:162140:16)\n    at Async../node_modules/bluebird/js/release/async.js.Async._drainQueues (http://localhost:40875/__cypress/runner/cypress_runner.js:162150:10)\n    at Async.drainQueues (http://localhost:40875/__cypress/runner/cypress_runner.js:162024:14)",
                "diff": null
              },
              "uuid": "3e1aaaa0-6bba-49f7-b601-4ea89c1f88dd",
              "parentUUID": "872753a3-72e8-421d-b2d9-cce066ef8afd",
              "isHook": false,
              "skipped": false
            }
          ],
          "suites": [],
          "passes": [],
          "failures": [
            "ba36dec4-9af8-40ae-94e3-a010e1fc2f38",
            "0a5401c3-4106-4441-b024-34e269454d25",
            "248bbe80-5497-44dc-ab88-7ade5797e7d3",
            "3e1aaaa0-6bba-49f7-b601-4ea89c1f88dd"
          ],
          "pending": [],
          "skipped": [],
          "duration": 22847,
          "root": false,
          "rootEmpty": false,
          "_timeout": 2000
        },
        {
          "uuid": "c35c7316-9c54-4b26-ac66-704eb32978ae",
          "title": "10 - Faça o quadro de pixels ter seu tamanho definido pelo usuário.",
          "fullFile": "",
          "file": "",
          "beforeHooks": [],
          "afterHooks": [],
          "tests": [
            {
              "title": "Verifica se existe um input com o id `board-size`",
              "fullTitle": "10 - Faça o quadro de pixels ter seu tamanho definido pelo usuário. Verifica se existe um input com o id `board-size`",
              "timedOut": null,
              "duration": 6633,
              "state": "failed",
              "speed": null,
              "pass": false,
              "fail": true,
              "pending": false,
              "context": null,
              "code": "cy.get('#board-size').should('be.visible');",
              "err": {
                "message": "CypressError: Timed out retrying: Expected to find element: '#board-size', but never found it.",
                "estack": "CypressError: Timed out retrying: Expected to find element: '#board-size', but never found it.\n    at cypressErr (http://localhost:40875/__cypress/runner/cypress_runner.js:149934:9)\n    at throwErr (http://localhost:40875/__cypress/runner/cypress_runner.js:149867:11)\n    at Object.throwErrByPath (http://localhost:40875/__cypress/runner/cypress_runner.js:149915:3)\n    at retry (http://localhost:40875/__cypress/runner/cypress_runner.js:144197:19)\n    at onFailFn (http://localhost:40875/__cypress/runner/cypress_runner.js:132448:16)\n    at tryCatcher (http://localhost:40875/__cypress/runner/cypress_runner.js:167415:23)\n    at Promise._settlePromiseFromHandler (http://localhost:40875/__cypress/runner/cypress_runner.js:165351:31)\n    at Promise._settlePromise (http://localhost:40875/__cypress/runner/cypress_runner.js:165408:18)\n    at Promise._settlePromise0 (http://localhost:40875/__cypress/runner/cypress_runner.js:165453:10)\n    at Promise._settlePromises (http://localhost:40875/__cypress/runner/cypress_runner.js:165528:18)\n    at Async../node_modules/bluebird/js/release/async.js.Async._drainQueue (http://localhost:40875/__cypress/runner/cypress_runner.js:162140:16)\n    at Async../node_modules/bluebird/js/release/async.js.Async._drainQueues (http://localhost:40875/__cypress/runner/cypress_runner.js:162150:10)\n    at Async.drainQueues (http://localhost:40875/__cypress/runner/cypress_runner.js:162024:14)",
                "diff": null
              },
              "uuid": "d097cd25-6231-44c8-8323-94d581b18e8b",
              "parentUUID": "c35c7316-9c54-4b26-ac66-704eb32978ae",
              "isHook": false,
              "skipped": false
            },
            {
              "title": "Verifica se existe um botão com o id `generate-board`",
              "fullTitle": "10 - Faça o quadro de pixels ter seu tamanho definido pelo usuário. Verifica se existe um botão com o id `generate-board`",
              "timedOut": null,
              "duration": 5944,
              "state": "failed",
              "speed": null,
              "pass": false,
              "fail": true,
              "pending": false,
              "context": null,
              "code": "cy.get('#generate-board').should('be.visible');",
              "err": {
                "message": "CypressError: Timed out retrying: Expected to find element: '#generate-board', but never found it.",
                "estack": "CypressError: Timed out retrying: Expected to find element: '#generate-board', but never found it.\n    at cypressErr (http://localhost:40875/__cypress/runner/cypress_runner.js:149934:9)\n    at throwErr (http://localhost:40875/__cypress/runner/cypress_runner.js:149867:11)\n    at Object.throwErrByPath (http://localhost:40875/__cypress/runner/cypress_runner.js:149915:3)\n    at retry (http://localhost:40875/__cypress/runner/cypress_runner.js:144197:19)\n    at onFailFn (http://localhost:40875/__cypress/runner/cypress_runner.js:132448:16)\n    at tryCatcher (http://localhost:40875/__cypress/runner/cypress_runner.js:167415:23)\n    at Promise._settlePromiseFromHandler (http://localhost:40875/__cypress/runner/cypress_runner.js:165351:31)\n    at Promise._settlePromise (http://localhost:40875/__cypress/runner/cypress_runner.js:165408:18)\n    at Promise._settlePromise0 (http://localhost:40875/__cypress/runner/cypress_runner.js:165453:10)\n    at Promise._settlePromises (http://localhost:40875/__cypress/runner/cypress_runner.js:165528:18)\n    at Async../node_modules/bluebird/js/release/async.js.Async._drainQueue (http://localhost:40875/__cypress/runner/cypress_runner.js:162140:16)\n    at Async../node_modules/bluebird/js/release/async.js.Async._drainQueues (http://localhost:40875/__cypress/runner/cypress_runner.js:162150:10)\n    at Async.drainQueues (http://localhost:40875/__cypress/runner/cypress_runner.js:162024:14)",
                "diff": null
              },
              "uuid": "38251548-7b91-4ec1-a8af-41775937e0b8",
              "parentUUID": "c35c7316-9c54-4b26-ac66-704eb32978ae",
              "isHook": false,
              "skipped": false
            },
            {
              "title": "Verifica se o input só aceita número maiores que zero. Essa restrição deve ser feita usando os atributos do elemento `input`",
              "fullTitle": "10 - Faça o quadro de pixels ter seu tamanho definido pelo usuário. Verifica se o input só aceita número maiores que zero. Essa restrição deve ser feita usando os atributos do elemento `input`",
              "timedOut": null,
              "duration": 5707,
              "state": "failed",
              "speed": null,
              "pass": false,
              "fail": true,
              "pending": false,
              "context": null,
              "code": "cy.get('#board-size[type=\\'number\\'][min=\\'1\\']');",
              "err": {
                "message": "CypressError: Timed out retrying: Expected to find element: '#board-size[type='number'][min='1']', but never found it.",
                "estack": "CypressError: Timed out retrying: Expected to find element: '#board-size[type='number'][min='1']', but never found it.\n    at cypressErr (http://localhost:40875/__cypress/runner/cypress_runner.js:149934:9)\n    at throwErr (http://localhost:40875/__cypress/runner/cypress_runner.js:149867:11)\n    at Object.throwErrByPath (http://localhost:40875/__cypress/runner/cypress_runner.js:149915:3)\n    at retry (http://localhost:40875/__cypress/runner/cypress_runner.js:144197:19)\n    at onFailFn (http://localhost:40875/__cypress/runner/cypress_runner.js:132448:16)\n    at tryCatcher (http://localhost:40875/__cypress/runner/cypress_runner.js:167415:23)\n    at Promise._settlePromiseFromHandler (http://localhost:40875/__cypress/runner/cypress_runner.js:165351:31)\n    at Promise._settlePromise (http://localhost:40875/__cypress/runner/cypress_runner.js:165408:18)\n    at Promise._settlePromise0 (http://localhost:40875/__cypress/runner/cypress_runner.js:165453:10)\n    at Promise._settlePromises (http://localhost:40875/__cypress/runner/cypress_runner.js:165528:18)\n    at Async../node_modules/bluebird/js/release/async.js.Async._drainQueue (http://localhost:40875/__cypress/runner/cypress_runner.js:162140:16)\n    at Async../node_modules/bluebird/js/release/async.js.Async._drainQueues (http://localhost:40875/__cypress/runner/cypress_runner.js:162150:10)\n    at Async.drainQueues (http://localhost:40875/__cypress/runner/cypress_runner.js:162024:14)",
                "diff": null
              },
              "uuid": "51b60a2a-0770-4422-884a-4a507b4d02ad",
              "parentUUID": "c35c7316-9c54-4b26-ac66-704eb32978ae",
              "isHook": false,
              "skipped": false
            },
            {
              "title": "Verifica se o botão contém o texto 'VQV'",
              "fullTitle": "10 - Faça o quadro de pixels ter seu tamanho definido pelo usuário. Verifica se o botão contém o texto 'VQV'",
              "timedOut": null,
              "duration": 5861,
              "state": "failed",
              "speed": null,
              "pass": false,
              "fail": true,
              "pending": false,
              "context": null,
              "code": "cy.get('#generate-board').contains(/vqv/i);",
              "err": {
                "message": "CypressError: Timed out retrying: Expected to find element: '#generate-board', but never found it.",
                "estack": "CypressError: Timed out retrying: Expected to find element: '#generate-board', but never found it.\n    at cypressErr (http://localhost:40875/__cypress/runner/cypress_runner.js:149934:9)\n    at throwErr (http://localhost:40875/__cypress/runner/cypress_runner.js:149867:11)\n    at Object.throwErrByPath (http://localhost:40875/__cypress/runner/cypress_runner.js:149915:3)\n    at retry (http://localhost:40875/__cypress/runner/cypress_runner.js:144197:19)\n    at onFailFn (http://localhost:40875/__cypress/runner/cypress_runner.js:132448:16)\n    at tryCatcher (http://localhost:40875/__cypress/runner/cypress_runner.js:167415:23)\n    at Promise._settlePromiseFromHandler (http://localhost:40875/__cypress/runner/cypress_runner.js:165351:31)\n    at Promise._settlePromise (http://localhost:40875/__cypress/runner/cypress_runner.js:165408:18)\n    at Promise._settlePromise0 (http://localhost:40875/__cypress/runner/cypress_runner.js:165453:10)\n    at Promise._settlePromises (http://localhost:40875/__cypress/runner/cypress_runner.js:165528:18)\n    at Async../node_modules/bluebird/js/release/async.js.Async._drainQueue (http://localhost:40875/__cypress/runner/cypress_runner.js:162140:16)\n    at Async../node_modules/bluebird/js/release/async.js.Async._drainQueues (http://localhost:40875/__cypress/runner/cypress_runner.js:162150:10)\n    at Async.drainQueues (http://localhost:40875/__cypress/runner/cypress_runner.js:162024:14)",
                "diff": null
              },
              "uuid": "17b18ba8-14d1-431c-b058-7804f65e7276",
              "parentUUID": "c35c7316-9c54-4b26-ac66-704eb32978ae",
              "isHook": false,
              "skipped": false
            },
            {
              "title": "Verifica se o input está posicionado entre a paleta de cores e o quadro de pixels",
              "fullTitle": "10 - Faça o quadro de pixels ter seu tamanho definido pelo usuário. Verifica se o input está posicionado entre a paleta de cores e o quadro de pixels",
              "timedOut": null,
              "duration": 5516,
              "state": "failed",
              "speed": null,
              "pass": false,
              "fail": true,
              "pending": false,
              "context": null,
              "code": "cy.get('#color-palette').then(function (palette) {\n  cy.get('#board-size').should('be.belowOf', palette);\n});\ncy.get('#board-size').then(function (palette) {\n  cy.get('#pixel-board').should('be.belowOf', palette);\n});",
              "err": {
                "message": "CypressError: Timed out retrying: Expected to find element: '#board-size', but never found it.",
                "estack": "CypressError: Timed out retrying: Expected to find element: '#board-size', but never found it.\n    at cypressErr (http://localhost:40875/__cypress/runner/cypress_runner.js:149934:9)\n    at throwErr (http://localhost:40875/__cypress/runner/cypress_runner.js:149867:11)\n    at Object.throwErrByPath (http://localhost:40875/__cypress/runner/cypress_runner.js:149915:3)\n    at retry (http://localhost:40875/__cypress/runner/cypress_runner.js:144197:19)\n    at onFailFn (http://localhost:40875/__cypress/runner/cypress_runner.js:132448:16)\n    at tryCatcher (http://localhost:40875/__cypress/runner/cypress_runner.js:167415:23)\n    at Promise._settlePromiseFromHandler (http://localhost:40875/__cypress/runner/cypress_runner.js:165351:31)\n    at Promise._settlePromise (http://localhost:40875/__cypress/runner/cypress_runner.js:165408:18)\n    at Promise._settlePromise0 (http://localhost:40875/__cypress/runner/cypress_runner.js:165453:10)\n    at Promise._settlePromises (http://localhost:40875/__cypress/runner/cypress_runner.js:165528:18)\n    at Async../node_modules/bluebird/js/release/async.js.Async._drainQueue (http://localhost:40875/__cypress/runner/cypress_runner.js:162140:16)\n    at Async../node_modules/bluebird/js/release/async.js.Async._drainQueues (http://localhost:40875/__cypress/runner/cypress_runner.js:162150:10)\n    at Async.drainQueues (http://localhost:40875/__cypress/runner/cypress_runner.js:162024:14)",
                "diff": null
              },
              "uuid": "e867e87f-c023-4604-984b-b6dd181b15d6",
              "parentUUID": "c35c7316-9c54-4b26-ac66-704eb32978ae",
              "isHook": false,
              "skipped": false
            },
            {
              "title": "Verifica se o botão está posicionado ao lado do input",
              "fullTitle": "10 - Faça o quadro de pixels ter seu tamanho definido pelo usuário. Verifica se o botão está posicionado ao lado do input",
              "timedOut": null,
              "duration": 6870,
              "state": "failed",
              "speed": null,
              "pass": false,
              "fail": true,
              "pending": false,
              "context": null,
              "code": "cy.get('#board-size').then(function (board) {\n  cy.get('#generate-board').should('be.onTheRightOf', board);\n});",
              "err": {
                "message": "CypressError: Timed out retrying: Expected to find element: '#board-size', but never found it.",
                "estack": "CypressError: Timed out retrying: Expected to find element: '#board-size', but never found it.\n    at cypressErr (http://localhost:40875/__cypress/runner/cypress_runner.js:149934:9)\n    at throwErr (http://localhost:40875/__cypress/runner/cypress_runner.js:149867:11)\n    at Object.throwErrByPath (http://localhost:40875/__cypress/runner/cypress_runner.js:149915:3)\n    at retry (http://localhost:40875/__cypress/runner/cypress_runner.js:144197:19)\n    at onFailFn (http://localhost:40875/__cypress/runner/cypress_runner.js:132448:16)\n    at tryCatcher (http://localhost:40875/__cypress/runner/cypress_runner.js:167415:23)\n    at Promise._settlePromiseFromHandler (http://localhost:40875/__cypress/runner/cypress_runner.js:165351:31)\n    at Promise._settlePromise (http://localhost:40875/__cypress/runner/cypress_runner.js:165408:18)\n    at Promise._settlePromise0 (http://localhost:40875/__cypress/runner/cypress_runner.js:165453:10)\n    at Promise._settlePromises (http://localhost:40875/__cypress/runner/cypress_runner.js:165528:18)\n    at Async../node_modules/bluebird/js/release/async.js.Async._drainQueue (http://localhost:40875/__cypress/runner/cypress_runner.js:162140:16)\n    at Async../node_modules/bluebird/js/release/async.js.Async._drainQueues (http://localhost:40875/__cypress/runner/cypress_runner.js:162150:10)\n    at Async.drainQueues (http://localhost:40875/__cypress/runner/cypress_runner.js:162024:14)",
                "diff": null
              },
              "uuid": "06ed8f97-f074-4266-9a1b-ad1349a78569",
              "parentUUID": "c35c7316-9c54-4b26-ac66-704eb32978ae",
              "isHook": false,
              "skipped": false
            },
            {
              "title": "Verifica se nenhum valor for colocado no input ao clicar no botão, um `alert` é exibido com o texto: 'Board inválido!'",
              "fullTitle": "10 - Faça o quadro de pixels ter seu tamanho definido pelo usuário. Verifica se nenhum valor for colocado no input ao clicar no botão, um `alert` é exibido com o texto: 'Board inválido!'",
              "timedOut": null,
              "duration": 7642,
              "state": "failed",
              "speed": null,
              "pass": false,
              "fail": true,
              "pending": false,
              "context": null,
              "code": "var alerted = false;\ncy.on('window:alert', function (msg) {\n  return alerted = msg;\n});\ncy.get('#generate-board').click().then(function () {\n  return expect(alerted).to.match(/Board inválido!/i);\n});",
              "err": {
                "message": "CypressError: Timed out retrying: Expected to find element: '#generate-board', but never found it.",
                "estack": "CypressError: Timed out retrying: Expected to find element: '#generate-board', but never found it.\n    at cypressErr (http://localhost:40875/__cypress/runner/cypress_runner.js:149934:9)\n    at throwErr (http://localhost:40875/__cypress/runner/cypress_runner.js:149867:11)\n    at Object.throwErrByPath (http://localhost:40875/__cypress/runner/cypress_runner.js:149915:3)\n    at retry (http://localhost:40875/__cypress/runner/cypress_runner.js:144197:19)\n    at onFailFn (http://localhost:40875/__cypress/runner/cypress_runner.js:132448:16)\n    at tryCatcher (http://localhost:40875/__cypress/runner/cypress_runner.js:167415:23)\n    at Promise._settlePromiseFromHandler (http://localhost:40875/__cypress/runner/cypress_runner.js:165351:31)\n    at Promise._settlePromise (http://localhost:40875/__cypress/runner/cypress_runner.js:165408:18)\n    at Promise._settlePromise0 (http://localhost:40875/__cypress/runner/cypress_runner.js:165453:10)\n    at Promise._settlePromises (http://localhost:40875/__cypress/runner/cypress_runner.js:165528:18)\n    at Async../node_modules/bluebird/js/release/async.js.Async._drainQueue (http://localhost:40875/__cypress/runner/cypress_runner.js:162140:16)\n    at Async../node_modules/bluebird/js/release/async.js.Async._drainQueues (http://localhost:40875/__cypress/runner/cypress_runner.js:162150:10)\n    at Async.drainQueues (http://localhost:40875/__cypress/runner/cypress_runner.js:162024:14)",
                "diff": null
              },
              "uuid": "77bc766a-c61e-4ba9-9b4f-721cccf44973",
              "parentUUID": "c35c7316-9c54-4b26-ac66-704eb32978ae",
              "isHook": false,
              "skipped": false
            },
            {
              "title": "Verifica se ao clicar no botão com um valor preenchido, o tamanho do board muda.",
              "fullTitle": "10 - Faça o quadro de pixels ter seu tamanho definido pelo usuário. Verifica se ao clicar no botão com um valor preenchido, o tamanho do board muda.",
              "timedOut": null,
              "duration": 5740,
              "state": "failed",
              "speed": null,
              "pass": false,
              "fail": true,
              "pending": false,
              "context": null,
              "code": "cy.get('#board-size').clear().type(10);\ncy.get('#generate-board').click();\ncy.get('.pixel').should('have.length', 100);",
              "err": {
                "message": "CypressError: Timed out retrying: Expected to find element: '#board-size', but never found it.",
                "estack": "CypressError: Timed out retrying: Expected to find element: '#board-size', but never found it.\n    at cypressErr (http://localhost:40875/__cypress/runner/cypress_runner.js:149934:9)\n    at throwErr (http://localhost:40875/__cypress/runner/cypress_runner.js:149867:11)\n    at Object.throwErrByPath (http://localhost:40875/__cypress/runner/cypress_runner.js:149915:3)\n    at retry (http://localhost:40875/__cypress/runner/cypress_runner.js:144197:19)\n    at onFailFn (http://localhost:40875/__cypress/runner/cypress_runner.js:132448:16)\n    at tryCatcher (http://localhost:40875/__cypress/runner/cypress_runner.js:167415:23)\n    at Promise._settlePromiseFromHandler (http://localhost:40875/__cypress/runner/cypress_runner.js:165351:31)\n    at Promise._settlePromise (http://localhost:40875/__cypress/runner/cypress_runner.js:165408:18)\n    at Promise._settlePromise0 (http://localhost:40875/__cypress/runner/cypress_runner.js:165453:10)\n    at Promise._settlePromises (http://localhost:40875/__cypress/runner/cypress_runner.js:165528:18)\n    at Async../node_modules/bluebird/js/release/async.js.Async._drainQueue (http://localhost:40875/__cypress/runner/cypress_runner.js:162140:16)\n    at Async../node_modules/bluebird/js/release/async.js.Async._drainQueues (http://localhost:40875/__cypress/runner/cypress_runner.js:162150:10)\n    at Async.drainQueues (http://localhost:40875/__cypress/runner/cypress_runner.js:162024:14)",
                "diff": null
              },
              "uuid": "17226701-b64f-4ee7-9773-1f29a32b5f6d",
              "parentUUID": "c35c7316-9c54-4b26-ac66-704eb32978ae",
              "isHook": false,
              "skipped": false
            },
            {
              "title": "Verifica se o novo quadro tem todos os pixels preenchidos com a cor branca",
              "fullTitle": "10 - Faça o quadro de pixels ter seu tamanho definido pelo usuário. Verifica se o novo quadro tem todos os pixels preenchidos com a cor branca",
              "timedOut": null,
              "duration": 6454,
              "state": "failed",
              "speed": null,
              "pass": false,
              "fail": true,
              "pending": false,
              "context": null,
              "code": "cy.get('#board-size').clear().type(6);\ncy.get('#generate-board').click();\ncy.get('.pixel').should('have.length', 36).each(function (pixel) {\n  expect(pixel).to.have.css('background-color', WHITE);\n});",
              "err": {
                "message": "CypressError: Timed out retrying: Expected to find element: '#board-size', but never found it.",
                "estack": "CypressError: Timed out retrying: Expected to find element: '#board-size', but never found it.\n    at cypressErr (http://localhost:40875/__cypress/runner/cypress_runner.js:149934:9)\n    at throwErr (http://localhost:40875/__cypress/runner/cypress_runner.js:149867:11)\n    at Object.throwErrByPath (http://localhost:40875/__cypress/runner/cypress_runner.js:149915:3)\n    at retry (http://localhost:40875/__cypress/runner/cypress_runner.js:144197:19)\n    at onFailFn (http://localhost:40875/__cypress/runner/cypress_runner.js:132448:16)\n    at tryCatcher (http://localhost:40875/__cypress/runner/cypress_runner.js:167415:23)\n    at Promise._settlePromiseFromHandler (http://localhost:40875/__cypress/runner/cypress_runner.js:165351:31)\n    at Promise._settlePromise (http://localhost:40875/__cypress/runner/cypress_runner.js:165408:18)\n    at Promise._settlePromise0 (http://localhost:40875/__cypress/runner/cypress_runner.js:165453:10)\n    at Promise._settlePromises (http://localhost:40875/__cypress/runner/cypress_runner.js:165528:18)\n    at Async../node_modules/bluebird/js/release/async.js.Async._drainQueue (http://localhost:40875/__cypress/runner/cypress_runner.js:162140:16)\n    at Async../node_modules/bluebird/js/release/async.js.Async._drainQueues (http://localhost:40875/__cypress/runner/cypress_runner.js:162150:10)\n    at Async.drainQueues (http://localhost:40875/__cypress/runner/cypress_runner.js:162024:14)",
                "diff": null
              },
              "uuid": "ca2e3b2f-2f0e-43a3-8548-00ac6cff734d",
              "parentUUID": "c35c7316-9c54-4b26-ac66-704eb32978ae",
              "isHook": false,
              "skipped": false
            }
          ],
          "suites": [],
          "passes": [],
          "failures": [
            "d097cd25-6231-44c8-8323-94d581b18e8b",
            "38251548-7b91-4ec1-a8af-41775937e0b8",
            "51b60a2a-0770-4422-884a-4a507b4d02ad",
            "17b18ba8-14d1-431c-b058-7804f65e7276",
            "e867e87f-c023-4604-984b-b6dd181b15d6",
            "06ed8f97-f074-4266-9a1b-ad1349a78569",
            "77bc766a-c61e-4ba9-9b4f-721cccf44973",
            "17226701-b64f-4ee7-9773-1f29a32b5f6d",
            "ca2e3b2f-2f0e-43a3-8548-00ac6cff734d"
          ],
          "pending": [],
          "skipped": [],
          "duration": 56367,
          "root": false,
          "rootEmpty": false,
          "_timeout": 2000
        },
        {
          "uuid": "d8cc58f2-b9e6-4488-a8e3-23be737d1e77",
          "title": "11 - Limite o tamanho mínimo e máximo do board.",
          "fullFile": "",
          "file": "",
          "beforeHooks": [],
          "afterHooks": [],
          "tests": [
            {
              "title": "Verifica se a altura máxima do board é 50",
              "fullTitle": "11 - Limite o tamanho mínimo e máximo do board. Verifica se a altura máxima do board é 50",
              "timedOut": null,
              "duration": 6373,
              "state": "failed",
              "speed": null,
              "pass": false,
              "fail": true,
              "pending": false,
              "context": null,
              "code": "cy.get('#board-size').clear().type(50);\ncy.get('#generate-board').click();\ncy.get('.pixel').should('have.length', 2500);",
              "err": {
                "message": "CypressError: Timed out retrying: Expected to find element: '#board-size', but never found it.",
                "estack": "CypressError: Timed out retrying: Expected to find element: '#board-size', but never found it.\n    at cypressErr (http://localhost:40875/__cypress/runner/cypress_runner.js:149934:9)\n    at throwErr (http://localhost:40875/__cypress/runner/cypress_runner.js:149867:11)\n    at Object.throwErrByPath (http://localhost:40875/__cypress/runner/cypress_runner.js:149915:3)\n    at retry (http://localhost:40875/__cypress/runner/cypress_runner.js:144197:19)\n    at onFailFn (http://localhost:40875/__cypress/runner/cypress_runner.js:132448:16)\n    at tryCatcher (http://localhost:40875/__cypress/runner/cypress_runner.js:167415:23)\n    at Promise._settlePromiseFromHandler (http://localhost:40875/__cypress/runner/cypress_runner.js:165351:31)\n    at Promise._settlePromise (http://localhost:40875/__cypress/runner/cypress_runner.js:165408:18)\n    at Promise._settlePromise0 (http://localhost:40875/__cypress/runner/cypress_runner.js:165453:10)\n    at Promise._settlePromises (http://localhost:40875/__cypress/runner/cypress_runner.js:165528:18)\n    at Async../node_modules/bluebird/js/release/async.js.Async._drainQueue (http://localhost:40875/__cypress/runner/cypress_runner.js:162140:16)\n    at Async../node_modules/bluebird/js/release/async.js.Async._drainQueues (http://localhost:40875/__cypress/runner/cypress_runner.js:162150:10)\n    at Async.drainQueues (http://localhost:40875/__cypress/runner/cypress_runner.js:162024:14)",
                "diff": null
              },
              "uuid": "0233d1ca-d075-4232-9086-0a10c69af7e1",
              "parentUUID": "d8cc58f2-b9e6-4488-a8e3-23be737d1e77",
              "isHook": false,
              "skipped": false
            },
            {
              "title": "Verifica se a altura do board é 5 quando um valor menor é colocado no input",
              "fullTitle": "11 - Limite o tamanho mínimo e máximo do board. Verifica se a altura do board é 5 quando um valor menor é colocado no input",
              "timedOut": null,
              "duration": 6435,
              "state": "failed",
              "speed": null,
              "pass": false,
              "fail": true,
              "pending": false,
              "context": null,
              "code": "cy.get('#board-size').clear().type(4);\ncy.get('#generate-board').click();\ncy.get('.pixel').should('have.length', 25);",
              "err": {
                "message": "CypressError: Timed out retrying: Expected to find element: '#board-size', but never found it.",
                "estack": "CypressError: Timed out retrying: Expected to find element: '#board-size', but never found it.\n    at cypressErr (http://localhost:40875/__cypress/runner/cypress_runner.js:149934:9)\n    at throwErr (http://localhost:40875/__cypress/runner/cypress_runner.js:149867:11)\n    at Object.throwErrByPath (http://localhost:40875/__cypress/runner/cypress_runner.js:149915:3)\n    at retry (http://localhost:40875/__cypress/runner/cypress_runner.js:144197:19)\n    at onFailFn (http://localhost:40875/__cypress/runner/cypress_runner.js:132448:16)\n    at tryCatcher (http://localhost:40875/__cypress/runner/cypress_runner.js:167415:23)\n    at Promise._settlePromiseFromHandler (http://localhost:40875/__cypress/runner/cypress_runner.js:165351:31)\n    at Promise._settlePromise (http://localhost:40875/__cypress/runner/cypress_runner.js:165408:18)\n    at Promise._settlePromise0 (http://localhost:40875/__cypress/runner/cypress_runner.js:165453:10)\n    at Promise._settlePromises (http://localhost:40875/__cypress/runner/cypress_runner.js:165528:18)\n    at Async../node_modules/bluebird/js/release/async.js.Async._drainQueue (http://localhost:40875/__cypress/runner/cypress_runner.js:162140:16)\n    at Async../node_modules/bluebird/js/release/async.js.Async._drainQueues (http://localhost:40875/__cypress/runner/cypress_runner.js:162150:10)\n    at Async.drainQueues (http://localhost:40875/__cypress/runner/cypress_runner.js:162024:14)",
                "diff": null
              },
              "uuid": "6f278e7b-7893-4e7c-8541-e0a92d362174",
              "parentUUID": "d8cc58f2-b9e6-4488-a8e3-23be737d1e77",
              "isHook": false,
              "skipped": false
            },
            {
              "title": "Verifica se a altura do board é 50 quando um valor maior é colocado no input",
              "fullTitle": "11 - Limite o tamanho mínimo e máximo do board. Verifica se a altura do board é 50 quando um valor maior é colocado no input",
              "timedOut": null,
              "duration": 5694,
              "state": "failed",
              "speed": null,
              "pass": false,
              "fail": true,
              "pending": false,
              "context": null,
              "code": "cy.get('#board-size').clear().type(51);\ncy.get('#generate-board').click();\ncy.get('.pixel').should('have.length', 2500);",
              "err": {
                "message": "CypressError: Timed out retrying: Expected to find element: '#board-size', but never found it.",
                "estack": "CypressError: Timed out retrying: Expected to find element: '#board-size', but never found it.\n    at cypressErr (http://localhost:40875/__cypress/runner/cypress_runner.js:149934:9)\n    at throwErr (http://localhost:40875/__cypress/runner/cypress_runner.js:149867:11)\n    at Object.throwErrByPath (http://localhost:40875/__cypress/runner/cypress_runner.js:149915:3)\n    at retry (http://localhost:40875/__cypress/runner/cypress_runner.js:144197:19)\n    at onFailFn (http://localhost:40875/__cypress/runner/cypress_runner.js:132448:16)\n    at tryCatcher (http://localhost:40875/__cypress/runner/cypress_runner.js:167415:23)\n    at Promise._settlePromiseFromHandler (http://localhost:40875/__cypress/runner/cypress_runner.js:165351:31)\n    at Promise._settlePromise (http://localhost:40875/__cypress/runner/cypress_runner.js:165408:18)\n    at Promise._settlePromise0 (http://localhost:40875/__cypress/runner/cypress_runner.js:165453:10)\n    at Promise._settlePromises (http://localhost:40875/__cypress/runner/cypress_runner.js:165528:18)\n    at Async../node_modules/bluebird/js/release/async.js.Async._drainQueue (http://localhost:40875/__cypress/runner/cypress_runner.js:162140:16)\n    at Async../node_modules/bluebird/js/release/async.js.Async._drainQueues (http://localhost:40875/__cypress/runner/cypress_runner.js:162150:10)\n    at Async.drainQueues (http://localhost:40875/__cypress/runner/cypress_runner.js:162024:14)",
                "diff": null
              },
              "uuid": "f061cce2-7cb8-4637-96ae-c18fed69f2ef",
              "parentUUID": "d8cc58f2-b9e6-4488-a8e3-23be737d1e77",
              "isHook": false,
              "skipped": false
            }
          ],
          "suites": [],
          "passes": [],
          "failures": [
            "0233d1ca-d075-4232-9086-0a10c69af7e1",
            "6f278e7b-7893-4e7c-8541-e0a92d362174",
            "f061cce2-7cb8-4637-96ae-c18fed69f2ef"
          ],
          "pending": [],
          "skipped": [],
          "duration": 18502,
          "root": false,
          "rootEmpty": false,
          "_timeout": 2000
        },
        {
          "uuid": "1634b464-aa67-4fc5-bbe1-e1e1c6173a68",
          "title": "12 - Faça com que as cores da paleta sejam geradas aleatoriamente ao carregar a página.",
          "fullFile": "",
          "file": "",
          "beforeHooks": [],
          "afterHooks": [],
          "tests": [
            {
              "title": "Verifica se as cores geradas na paleta são diferentes a cada carregamento da página",
              "fullTitle": "12 - Faça com que as cores da paleta sejam geradas aleatoriamente ao carregar a página. Verifica se as cores geradas na paleta são diferentes a cada carregamento da página",
              "timedOut": null,
              "duration": 2469,
              "state": "failed",
              "speed": null,
              "pass": false,
              "fail": true,
              "pending": false,
              "context": null,
              "code": "cy.get('.color').then(function (colors) {\n  var currentColors;\n  var previousColors;\n  previousColors = Array.from(colors).map(function (color) {\n    return Cypress.$(color).css('background-color');\n  });\n  for (var i = 0; i < 5; i += 1) {\n    cy.reload();\n    cy.get('.color').then(function (colors) {\n      currentColors = Array.from(colors).map(function (color) {\n        return Cypress.$(color).css('background-color');\n      });\n      expect(currentColors).not.to.deep.equal(previousColors);\n      previousColors = currentColors;\n    });\n  }\n});",
              "err": {
                "message": "AssertionError: expected [ Array(4) ] to not deeply equal [ Array(4) ]",
                "estack": "AssertionError: expected [ Array(4) ] to not deeply equal [ Array(4) ]\n    at getRet (http://localhost:40875/__cypress/runner/cypress_runner.js:136585:16)\n    at tryCatcher (http://localhost:40875/__cypress/runner/cypress_runner.js:167415:23)\n    at Function.Promise.attempt.Promise.try (http://localhost:40875/__cypress/runner/cypress_runner.js:164690:29)\n    at Context.thenFn (http://localhost:40875/__cypress/runner/cypress_runner.js:136599:23)\n    at Context.then (http://localhost:40875/__cypress/runner/cypress_runner.js:136971:21)\n    at Context.<anonymous> (http://localhost:40875/__cypress/runner/cypress_runner.js:148875:21)\n    at http://localhost:40875/__cypress/runner/cypress_runner.js:148351:33\n    at tryCatcher (http://localhost:40875/__cypress/runner/cypress_runner.js:167415:23)\n    at Promise._settlePromiseFromHandler (http://localhost:40875/__cypress/runner/cypress_runner.js:165351:31)\n    at Promise._settlePromise (http://localhost:40875/__cypress/runner/cypress_runner.js:165408:18)\n    at Promise._settlePromiseCtx (http://localhost:40875/__cypress/runner/cypress_runner.js:165445:10)\n    at Async../node_modules/bluebird/js/release/async.js.Async._drainQueue (http://localhost:40875/__cypress/runner/cypress_runner.js:162145:12)\n    at Async../node_modules/bluebird/js/release/async.js.Async._drainQueues (http://localhost:40875/__cypress/runner/cypress_runner.js:162150:10)\n    at Async.drainQueues (http://localhost:40875/__cypress/runner/cypress_runner.js:162024:14)",
                "diff": ""
              },
              "uuid": "a8e71247-f7ce-4af1-a770-84bc3179adeb",
              "parentUUID": "1634b464-aa67-4fc5-bbe1-e1e1c6173a68",
              "isHook": false,
              "skipped": false
            },
            {
              "title": "Verifica se a cor preta ainda está presente e é a primeira na sua paleta de cores",
              "fullTitle": "12 - Faça com que as cores da paleta sejam geradas aleatoriamente ao carregar a página. Verifica se a cor preta ainda está presente e é a primeira na sua paleta de cores",
              "timedOut": null,
              "duration": 2143,
              "state": "failed",
              "speed": null,
              "pass": false,
              "fail": true,
              "pending": false,
              "context": null,
              "code": "cy.get('.color').then(function (colors) {\n  var currentColors;\n  var previousColors;\n  previousColors = Array.from(colors).map(function (color) {\n    return Cypress.$(color).css('background-color');\n  });\n  expect(previousColors[0]).to.eq(BLACK);\n  for (var i = 0; i < 5; i += 1) {\n    cy.reload();\n    cy.get('.color').then(function (colors) {\n      currentColors = Array.from(colors).map(function (color) {\n        return Cypress.$(color).css('background-color');\n      });\n      expect(currentColors[0]).to.eq(BLACK);\n      expect(currentColors).not.to.deep.equal(previousColors);\n      previousColors = currentColors;\n    });\n  }\n});",
              "err": {
                "message": "AssertionError: expected [ Array(4) ] to not deeply equal [ Array(4) ]",
                "estack": "AssertionError: expected [ Array(4) ] to not deeply equal [ Array(4) ]\n    at getRet (http://localhost:40875/__cypress/runner/cypress_runner.js:136585:16)\n    at tryCatcher (http://localhost:40875/__cypress/runner/cypress_runner.js:167415:23)\n    at Function.Promise.attempt.Promise.try (http://localhost:40875/__cypress/runner/cypress_runner.js:164690:29)\n    at Context.thenFn (http://localhost:40875/__cypress/runner/cypress_runner.js:136599:23)\n    at Context.then (http://localhost:40875/__cypress/runner/cypress_runner.js:136971:21)\n    at Context.<anonymous> (http://localhost:40875/__cypress/runner/cypress_runner.js:148875:21)\n    at http://localhost:40875/__cypress/runner/cypress_runner.js:148351:33\n    at tryCatcher (http://localhost:40875/__cypress/runner/cypress_runner.js:167415:23)\n    at Promise._settlePromiseFromHandler (http://localhost:40875/__cypress/runner/cypress_runner.js:165351:31)\n    at Promise._settlePromise (http://localhost:40875/__cypress/runner/cypress_runner.js:165408:18)\n    at Promise._settlePromiseCtx (http://localhost:40875/__cypress/runner/cypress_runner.js:165445:10)\n    at Async../node_modules/bluebird/js/release/async.js.Async._drainQueue (http://localhost:40875/__cypress/runner/cypress_runner.js:162145:12)\n    at Async../node_modules/bluebird/js/release/async.js.Async._drainQueues (http://localhost:40875/__cypress/runner/cypress_runner.js:162150:10)\n    at Async.drainQueues (http://localhost:40875/__cypress/runner/cypress_runner.js:162024:14)",
                "diff": ""
              },
              "uuid": "c04f963b-5af2-4ca8-87a7-34ca98d8161f",
              "parentUUID": "1634b464-aa67-4fc5-bbe1-e1e1c6173a68",
              "isHook": false,
              "skipped": false
            }
          ],
          "suites": [],
          "passes": [],
          "failures": [
            "a8e71247-f7ce-4af1-a770-84bc3179adeb",
            "c04f963b-5af2-4ca8-87a7-34ca98d8161f"
          ],
          "pending": [],
          "skipped": [],
          "duration": 4612,
          "root": false,
          "rootEmpty": false,
          "_timeout": 2000
        }
      ],
      "passes": [],
      "failures": [],
      "pending": [],
      "skipped": [],
      "duration": 0,
      "root": true,
      "rootEmpty": true,
      "_timeout": 2000
    }
  ],
  "meta": {
    "mocha": {
      "version": "7.0.1"
    },
    "mochawesome": {
      "options": {
        "quiet": false,
        "reportFilename": "mochawesome",
        "saveHtml": false,
        "saveJson": true,
        "consoleReporter": "spec",
        "useInlineDiffs": false
      },
      "version": "4.1.0"
    },
    "marge": {
      "options": {
        "id": "default",
        "reportDir": "cypress/reports",
        "overwrite": true,
        "html": false,
        "json": true
      },
      "version": "4.1.0"
    }
  }
}