{
  "stats": {
    "suites": 12,
    "tests": 41,
    "passes": 2,
    "pending": 0,
    "failures": 39,
    "start": "2021-07-08T18:09:02.245Z",
    "end": "2021-07-08T18:11:41.577Z",
    "duration": 159332,
    "testsRegistered": 41,
    "passPercent": 4.878048780487805,
    "pendingPercent": 0,
    "other": 0,
    "hasOther": false,
    "skipped": 0,
    "hasSkipped": false
  },
  "results": [
    {
      "uuid": "4273e3b0-a0c1-43ff-b9af-057a4462ea8c",
      "title": "",
      "fullFile": "cypress/integration/project.spec.js",
      "file": "cypress/integration/project.spec.js",
      "beforeHooks": [],
      "afterHooks": [],
      "tests": [],
      "suites": [
        {
          "uuid": "e5b6a48d-6f8b-46db-9ed3-1ec2d616b557",
          "title": "1 - Adicione à página o título \"Paleta de Cores\".",
          "fullFile": "",
          "file": "",
          "beforeHooks": [],
          "afterHooks": [],
          "tests": [
            {
              "title": "Verifica se contém um elemento `h1` com o id `title` com o título correto",
              "fullTitle": "1 - Adicione à página o título \"Paleta de Cores\". Verifica se contém um elemento `h1` com o id `title` com o título correto",
              "timedOut": null,
              "duration": 4272,
              "state": "failed",
              "speed": null,
              "pass": false,
              "fail": true,
              "pending": false,
              "context": null,
              "code": "cy.get('h1#title').should('contain.text', 'Paleta de Cores');",
              "err": {
                "message": "CypressError: Timed out retrying: expected '<h1#title>' to contain text 'Paleta de Cores', but the text was 'Paleta de cores'",
                "estack": "CypressError: Timed out retrying: expected '<h1#title>' to contain text 'Paleta de Cores', but the text was 'Paleta de cores'\n    at cypressErr (http://localhost:42679/__cypress/runner/cypress_runner.js:149934:9)\n    at throwErr (http://localhost:42679/__cypress/runner/cypress_runner.js:149867:11)\n    at Object.throwErrByPath (http://localhost:42679/__cypress/runner/cypress_runner.js:149915:3)\n    at retry (http://localhost:42679/__cypress/runner/cypress_runner.js:144197:19)\n    at onFailFn (http://localhost:42679/__cypress/runner/cypress_runner.js:132448:16)\n    at tryCatcher (http://localhost:42679/__cypress/runner/cypress_runner.js:167415:23)\n    at Promise._settlePromiseFromHandler (http://localhost:42679/__cypress/runner/cypress_runner.js:165351:31)\n    at Promise._settlePromise (http://localhost:42679/__cypress/runner/cypress_runner.js:165408:18)\n    at Promise._settlePromise0 (http://localhost:42679/__cypress/runner/cypress_runner.js:165453:10)\n    at Promise._settlePromises (http://localhost:42679/__cypress/runner/cypress_runner.js:165528:18)\n    at Async../node_modules/bluebird/js/release/async.js.Async._drainQueue (http://localhost:42679/__cypress/runner/cypress_runner.js:162140:16)\n    at Async../node_modules/bluebird/js/release/async.js.Async._drainQueues (http://localhost:42679/__cypress/runner/cypress_runner.js:162150:10)\n    at Async.drainQueues (http://localhost:42679/__cypress/runner/cypress_runner.js:162024:14)",
                "diff": null
              },
              "uuid": "485266cf-c6f2-4128-877e-b942d6d7b3bc",
              "parentUUID": "e5b6a48d-6f8b-46db-9ed3-1ec2d616b557",
              "isHook": false,
              "skipped": false
            }
          ],
          "suites": [],
          "passes": [],
          "failures": [
            "485266cf-c6f2-4128-877e-b942d6d7b3bc"
          ],
          "pending": [],
          "skipped": [],
          "duration": 4272,
          "root": false,
          "rootEmpty": false,
          "_timeout": 2000
        },
        {
          "uuid": "fb8b8fbc-9cf8-409c-a3ce-a5291c7d21ea",
          "title": "2 - Adicione à página uma paleta de quatro cores distintas.",
          "fullFile": "",
          "file": "",
          "beforeHooks": [],
          "afterHooks": [],
          "tests": [
            {
              "title": "A paleta de cores deve ser um elemento com `id` denominado `color-palette`",
              "fullTitle": "2 - Adicione à página uma paleta de quatro cores distintas. A paleta de cores deve ser um elemento com `id` denominado `color-palette`",
              "timedOut": null,
              "duration": 123,
              "state": "passed",
              "speed": "slow",
              "pass": true,
              "fail": false,
              "pending": false,
              "context": null,
              "code": "cy.get('#color-palette').should('be.visible');",
              "err": {},
              "uuid": "ebbb16c2-cc72-416c-9072-88fb5b090b23",
              "parentUUID": "fb8b8fbc-9cf8-409c-a3ce-a5291c7d21ea",
              "isHook": false,
              "skipped": false
            },
            {
              "title": "Verifica se cada cor individual da paleta de cores possui a `classe` chamada `color`.",
              "fullTitle": "2 - Adicione à página uma paleta de quatro cores distintas. Verifica se cada cor individual da paleta de cores possui a `classe` chamada `color`.",
              "timedOut": null,
              "duration": 4194,
              "state": "failed",
              "speed": null,
              "pass": false,
              "fail": true,
              "pending": false,
              "context": null,
              "code": "cy.get('.color').should('have.length', 4).then(function (colors) {\n  for (var i = 0; i < colors.length; i++) {\n    cy.wrap(colors[i]).should('be.visible');\n  }\n});",
              "err": {
                "message": "CypressError: Timed out retrying: Expected to find element: '.color', but never found it.",
                "estack": "CypressError: Timed out retrying: Expected to find element: '.color', but never found it.\n    at cypressErr (http://localhost:42679/__cypress/runner/cypress_runner.js:149934:9)\n    at throwErr (http://localhost:42679/__cypress/runner/cypress_runner.js:149867:11)\n    at Object.throwErrByPath (http://localhost:42679/__cypress/runner/cypress_runner.js:149915:3)\n    at retry (http://localhost:42679/__cypress/runner/cypress_runner.js:144197:19)\n    at onFailFn (http://localhost:42679/__cypress/runner/cypress_runner.js:132448:16)\n    at tryCatcher (http://localhost:42679/__cypress/runner/cypress_runner.js:167415:23)\n    at Promise._settlePromiseFromHandler (http://localhost:42679/__cypress/runner/cypress_runner.js:165351:31)\n    at Promise._settlePromise (http://localhost:42679/__cypress/runner/cypress_runner.js:165408:18)\n    at Promise._settlePromise0 (http://localhost:42679/__cypress/runner/cypress_runner.js:165453:10)\n    at Promise._settlePromises (http://localhost:42679/__cypress/runner/cypress_runner.js:165528:18)\n    at Async../node_modules/bluebird/js/release/async.js.Async._drainQueue (http://localhost:42679/__cypress/runner/cypress_runner.js:162140:16)\n    at Async../node_modules/bluebird/js/release/async.js.Async._drainQueues (http://localhost:42679/__cypress/runner/cypress_runner.js:162150:10)\n    at Async.drainQueues (http://localhost:42679/__cypress/runner/cypress_runner.js:162024:14)",
                "diff": null
              },
              "uuid": "1e019445-3566-4862-8afa-cfce1836297c",
              "parentUUID": "fb8b8fbc-9cf8-409c-a3ce-a5291c7d21ea",
              "isHook": false,
              "skipped": false
            },
            {
              "title": "Verifica se a cor de fundo de cada elemento da paleta é a cor que o elemento representa. **A única cor não permitida na paleta é a cor branca.**",
              "fullTitle": "2 - Adicione à página uma paleta de quatro cores distintas. Verifica se a cor de fundo de cada elemento da paleta é a cor que o elemento representa. **A única cor não permitida na paleta é a cor branca.**",
              "timedOut": null,
              "duration": 4223,
              "state": "failed",
              "speed": null,
              "pass": false,
              "fail": true,
              "pending": false,
              "context": null,
              "code": "cy.get('.color').each(function (color) {\n  cy.wrap(color).should('have.class', 'color').and('not.have.css', 'background-color', WHITE);\n  cy.wrap(color).should('have.css', 'background-color');\n});",
              "err": {
                "message": "CypressError: Timed out retrying: Expected to find element: '.color', but never found it.",
                "estack": "CypressError: Timed out retrying: Expected to find element: '.color', but never found it.\n    at cypressErr (http://localhost:42679/__cypress/runner/cypress_runner.js:149934:9)\n    at throwErr (http://localhost:42679/__cypress/runner/cypress_runner.js:149867:11)\n    at Object.throwErrByPath (http://localhost:42679/__cypress/runner/cypress_runner.js:149915:3)\n    at retry (http://localhost:42679/__cypress/runner/cypress_runner.js:144197:19)\n    at onFailFn (http://localhost:42679/__cypress/runner/cypress_runner.js:132448:16)\n    at tryCatcher (http://localhost:42679/__cypress/runner/cypress_runner.js:167415:23)\n    at Promise._settlePromiseFromHandler (http://localhost:42679/__cypress/runner/cypress_runner.js:165351:31)\n    at Promise._settlePromise (http://localhost:42679/__cypress/runner/cypress_runner.js:165408:18)\n    at Promise._settlePromise0 (http://localhost:42679/__cypress/runner/cypress_runner.js:165453:10)\n    at Promise._settlePromises (http://localhost:42679/__cypress/runner/cypress_runner.js:165528:18)\n    at Async../node_modules/bluebird/js/release/async.js.Async._drainQueue (http://localhost:42679/__cypress/runner/cypress_runner.js:162140:16)\n    at Async../node_modules/bluebird/js/release/async.js.Async._drainQueues (http://localhost:42679/__cypress/runner/cypress_runner.js:162150:10)\n    at Async.drainQueues (http://localhost:42679/__cypress/runner/cypress_runner.js:162024:14)",
                "diff": null
              },
              "uuid": "b1e60d61-7f2b-4f56-9d11-4b7be99958a4",
              "parentUUID": "fb8b8fbc-9cf8-409c-a3ce-a5291c7d21ea",
              "isHook": false,
              "skipped": false
            },
            {
              "title": "Verifica se cada elemento da paleta de cores tem uma borda preta, sólida e com 1 pixel de largura;",
              "fullTitle": "2 - Adicione à página uma paleta de quatro cores distintas. Verifica se cada elemento da paleta de cores tem uma borda preta, sólida e com 1 pixel de largura;",
              "timedOut": null,
              "duration": 4226,
              "state": "failed",
              "speed": null,
              "pass": false,
              "fail": true,
              "pending": false,
              "context": null,
              "code": "cy.get('.color').each(function (color) {\n  cy.wrap(color).and('have.css', 'border', \"1px solid \".concat(BLACK)).and('have.class', 'color');\n});",
              "err": {
                "message": "CypressError: Timed out retrying: Expected to find element: '.color', but never found it.",
                "estack": "CypressError: Timed out retrying: Expected to find element: '.color', but never found it.\n    at cypressErr (http://localhost:42679/__cypress/runner/cypress_runner.js:149934:9)\n    at throwErr (http://localhost:42679/__cypress/runner/cypress_runner.js:149867:11)\n    at Object.throwErrByPath (http://localhost:42679/__cypress/runner/cypress_runner.js:149915:3)\n    at retry (http://localhost:42679/__cypress/runner/cypress_runner.js:144197:19)\n    at onFailFn (http://localhost:42679/__cypress/runner/cypress_runner.js:132448:16)\n    at tryCatcher (http://localhost:42679/__cypress/runner/cypress_runner.js:167415:23)\n    at Promise._settlePromiseFromHandler (http://localhost:42679/__cypress/runner/cypress_runner.js:165351:31)\n    at Promise._settlePromise (http://localhost:42679/__cypress/runner/cypress_runner.js:165408:18)\n    at Promise._settlePromise0 (http://localhost:42679/__cypress/runner/cypress_runner.js:165453:10)\n    at Promise._settlePromises (http://localhost:42679/__cypress/runner/cypress_runner.js:165528:18)\n    at Async../node_modules/bluebird/js/release/async.js.Async._drainQueue (http://localhost:42679/__cypress/runner/cypress_runner.js:162140:16)\n    at Async../node_modules/bluebird/js/release/async.js.Async._drainQueues (http://localhost:42679/__cypress/runner/cypress_runner.js:162150:10)\n    at Async.drainQueues (http://localhost:42679/__cypress/runner/cypress_runner.js:162024:14)",
                "diff": null
              },
              "uuid": "055e2b3f-1aca-4856-92fa-80b77b88aa51",
              "parentUUID": "fb8b8fbc-9cf8-409c-a3ce-a5291c7d21ea",
              "isHook": false,
              "skipped": false
            },
            {
              "title": "Verifica se a paleta lista todas as cores disponíveis para utilização, lado a lado.",
              "fullTitle": "2 - Adicione à página uma paleta de quatro cores distintas. Verifica se a paleta lista todas as cores disponíveis para utilização, lado a lado.",
              "timedOut": null,
              "duration": 4212,
              "state": "failed",
              "speed": null,
              "pass": false,
              "fail": true,
              "pending": false,
              "context": null,
              "code": "cy.get('.color').then(function (colors) {\n  for (var index = 1; index < colors.length; index += 1) {\n    var currentColor = colors[index];\n    var previousColor = colors[index - 1];\n    cy.wrap(currentColor).should('be.onTheRightOf', previousColor).and('be.horizontallyAlignedWith', previousColor);\n  }\n});",
              "err": {
                "message": "CypressError: Timed out retrying: Expected to find element: '.color', but never found it.",
                "estack": "CypressError: Timed out retrying: Expected to find element: '.color', but never found it.\n    at cypressErr (http://localhost:42679/__cypress/runner/cypress_runner.js:149934:9)\n    at throwErr (http://localhost:42679/__cypress/runner/cypress_runner.js:149867:11)\n    at Object.throwErrByPath (http://localhost:42679/__cypress/runner/cypress_runner.js:149915:3)\n    at retry (http://localhost:42679/__cypress/runner/cypress_runner.js:144197:19)\n    at onFailFn (http://localhost:42679/__cypress/runner/cypress_runner.js:132448:16)\n    at tryCatcher (http://localhost:42679/__cypress/runner/cypress_runner.js:167415:23)\n    at Promise._settlePromiseFromHandler (http://localhost:42679/__cypress/runner/cypress_runner.js:165351:31)\n    at Promise._settlePromise (http://localhost:42679/__cypress/runner/cypress_runner.js:165408:18)\n    at Promise._settlePromise0 (http://localhost:42679/__cypress/runner/cypress_runner.js:165453:10)\n    at Promise._settlePromises (http://localhost:42679/__cypress/runner/cypress_runner.js:165528:18)\n    at Async../node_modules/bluebird/js/release/async.js.Async._drainQueue (http://localhost:42679/__cypress/runner/cypress_runner.js:162140:16)\n    at Async../node_modules/bluebird/js/release/async.js.Async._drainQueues (http://localhost:42679/__cypress/runner/cypress_runner.js:162150:10)\n    at Async.drainQueues (http://localhost:42679/__cypress/runner/cypress_runner.js:162024:14)",
                "diff": null
              },
              "uuid": "15deacac-cb23-42cb-bbda-7376b23326e0",
              "parentUUID": "fb8b8fbc-9cf8-409c-a3ce-a5291c7d21ea",
              "isHook": false,
              "skipped": false
            },
            {
              "title": "Verifica se a paleta de cores está posicionada abaixo do título 'Paleta de Cores'",
              "fullTitle": "2 - Adicione à página uma paleta de quatro cores distintas. Verifica se a paleta de cores está posicionada abaixo do título 'Paleta de Cores'",
              "timedOut": null,
              "duration": 121,
              "state": "passed",
              "speed": "slow",
              "pass": true,
              "fail": false,
              "pending": false,
              "context": null,
              "code": "cy.get('h1#title').then(function (title) {\n  cy.get('#color-palette').should('be.belowOf', title);\n});",
              "err": {},
              "uuid": "0307e10a-cdf1-476b-933a-0d303bdd091f",
              "parentUUID": "fb8b8fbc-9cf8-409c-a3ce-a5291c7d21ea",
              "isHook": false,
              "skipped": false
            },
            {
              "title": "Verifica se a paleta de cores não contém cores repetidas.",
              "fullTitle": "2 - Adicione à página uma paleta de quatro cores distintas. Verifica se a paleta de cores não contém cores repetidas.",
              "timedOut": null,
              "duration": 4198,
              "state": "failed",
              "speed": null,
              "pass": false,
              "fail": true,
              "pending": false,
              "context": null,
              "code": "cy.get('.color').then(function (colors) {\n  var allColors = Array.from(colors).map(function (color) {\n    return Cypress.$(color).css('background-color');\n  });\n  cy.log(allColors);\n  var uniqColors = (0, _toConsumableArray2[\"default\"])(new Set(allColors));\n  cy.log(uniqColors);\n  expect(allColors.length).to.eq(uniqColors.length);\n});",
              "err": {
                "message": "CypressError: Timed out retrying: Expected to find element: '.color', but never found it.",
                "estack": "CypressError: Timed out retrying: Expected to find element: '.color', but never found it.\n    at cypressErr (http://localhost:42679/__cypress/runner/cypress_runner.js:149934:9)\n    at throwErr (http://localhost:42679/__cypress/runner/cypress_runner.js:149867:11)\n    at Object.throwErrByPath (http://localhost:42679/__cypress/runner/cypress_runner.js:149915:3)\n    at retry (http://localhost:42679/__cypress/runner/cypress_runner.js:144197:19)\n    at onFailFn (http://localhost:42679/__cypress/runner/cypress_runner.js:132448:16)\n    at tryCatcher (http://localhost:42679/__cypress/runner/cypress_runner.js:167415:23)\n    at Promise._settlePromiseFromHandler (http://localhost:42679/__cypress/runner/cypress_runner.js:165351:31)\n    at Promise._settlePromise (http://localhost:42679/__cypress/runner/cypress_runner.js:165408:18)\n    at Promise._settlePromise0 (http://localhost:42679/__cypress/runner/cypress_runner.js:165453:10)\n    at Promise._settlePromises (http://localhost:42679/__cypress/runner/cypress_runner.js:165528:18)\n    at Async../node_modules/bluebird/js/release/async.js.Async._drainQueue (http://localhost:42679/__cypress/runner/cypress_runner.js:162140:16)\n    at Async../node_modules/bluebird/js/release/async.js.Async._drainQueues (http://localhost:42679/__cypress/runner/cypress_runner.js:162150:10)\n    at Async.drainQueues (http://localhost:42679/__cypress/runner/cypress_runner.js:162024:14)",
                "diff": null
              },
              "uuid": "5f1b7abe-518f-476e-9e9c-c696f20bcf0f",
              "parentUUID": "fb8b8fbc-9cf8-409c-a3ce-a5291c7d21ea",
              "isHook": false,
              "skipped": false
            }
          ],
          "suites": [],
          "passes": [
            "ebbb16c2-cc72-416c-9072-88fb5b090b23",
            "0307e10a-cdf1-476b-933a-0d303bdd091f"
          ],
          "failures": [
            "1e019445-3566-4862-8afa-cfce1836297c",
            "b1e60d61-7f2b-4f56-9d11-4b7be99958a4",
            "055e2b3f-1aca-4856-92fa-80b77b88aa51",
            "15deacac-cb23-42cb-bbda-7376b23326e0",
            "5f1b7abe-518f-476e-9e9c-c696f20bcf0f"
          ],
          "pending": [],
          "skipped": [],
          "duration": 21297,
          "root": false,
          "rootEmpty": false,
          "_timeout": 2000
        },
        {
          "uuid": "33d57362-2292-4445-8079-492b8e55b8b5",
          "title": "3 - Adicione a cor **preta** como a primeira cor da paleta de cores.",
          "fullFile": "",
          "file": "",
          "beforeHooks": [],
          "afterHooks": [],
          "tests": [
            {
              "title": "Verifica se a primeira cor da paleta é preta",
              "fullTitle": "3 - Adicione a cor **preta** como a primeira cor da paleta de cores. Verifica se a primeira cor da paleta é preta",
              "timedOut": null,
              "duration": 4253,
              "state": "failed",
              "speed": null,
              "pass": false,
              "fail": true,
              "pending": false,
              "context": null,
              "code": "cy.get('.color').first().should('have.css', 'background-color', BLACK);",
              "err": {
                "message": "CypressError: Timed out retrying: Expected to find element: '.color', but never found it.",
                "estack": "CypressError: Timed out retrying: Expected to find element: '.color', but never found it.\n    at cypressErr (http://localhost:42679/__cypress/runner/cypress_runner.js:149934:9)\n    at throwErr (http://localhost:42679/__cypress/runner/cypress_runner.js:149867:11)\n    at Object.throwErrByPath (http://localhost:42679/__cypress/runner/cypress_runner.js:149915:3)\n    at retry (http://localhost:42679/__cypress/runner/cypress_runner.js:144197:19)\n    at onFailFn (http://localhost:42679/__cypress/runner/cypress_runner.js:132448:16)\n    at tryCatcher (http://localhost:42679/__cypress/runner/cypress_runner.js:167415:23)\n    at Promise._settlePromiseFromHandler (http://localhost:42679/__cypress/runner/cypress_runner.js:165351:31)\n    at Promise._settlePromise (http://localhost:42679/__cypress/runner/cypress_runner.js:165408:18)\n    at Promise._settlePromise0 (http://localhost:42679/__cypress/runner/cypress_runner.js:165453:10)\n    at Promise._settlePromises (http://localhost:42679/__cypress/runner/cypress_runner.js:165528:18)\n    at Async../node_modules/bluebird/js/release/async.js.Async._drainQueue (http://localhost:42679/__cypress/runner/cypress_runner.js:162140:16)\n    at Async../node_modules/bluebird/js/release/async.js.Async._drainQueues (http://localhost:42679/__cypress/runner/cypress_runner.js:162150:10)\n    at Async.drainQueues (http://localhost:42679/__cypress/runner/cypress_runner.js:162024:14)",
                "diff": null
              },
              "uuid": "87a11ef6-e57f-438a-986a-dc1d40cbe924",
              "parentUUID": "33d57362-2292-4445-8079-492b8e55b8b5",
              "isHook": false,
              "skipped": false
            },
            {
              "title": "Verifica se as demais cores podem ser escolhidas livremente.",
              "fullTitle": "3 - Adicione a cor **preta** como a primeira cor da paleta de cores. Verifica se as demais cores podem ser escolhidas livremente.",
              "timedOut": null,
              "duration": 4293,
              "state": "failed",
              "speed": null,
              "pass": false,
              "fail": true,
              "pending": false,
              "context": null,
              "code": "cy.get('.color').eq(1).should('not.have.css', 'background-color', BLACK);\ncy.get('.color').eq(1).should('not.have.css', 'background-color', WHITE);\ncy.get('.color').eq(1).should('not.have.css', 'background-color', 'rgba(0, 0, 0, 0)');\ncy.get('.color').eq(1).should('have.css', 'background-color');\ncy.get('.color').eq(2).should('not.have.css', 'background-color', BLACK);\ncy.get('.color').eq(2).should('not.have.css', 'background-color', WHITE);\ncy.get('.color').eq(2).should('not.have.css', 'background-color', 'rgba(0, 0, 0, 0)');\ncy.get('.color').eq(2).should('have.css', 'background-color');\ncy.get('.color').eq(3).should('not.have.css', 'background-color', BLACK);\ncy.get('.color').eq(3).should('not.have.css', 'background-color', WHITE);\ncy.get('.color').eq(3).should('not.have.css', 'background-color', 'rgba(0, 0, 0, 0)');\ncy.get('.color').eq(3).should('have.css', 'background-color');",
              "err": {
                "message": "CypressError: Timed out retrying: Expected to find element: '.color', but never found it.",
                "estack": "CypressError: Timed out retrying: Expected to find element: '.color', but never found it.\n    at cypressErr (http://localhost:42679/__cypress/runner/cypress_runner.js:149934:9)\n    at throwErr (http://localhost:42679/__cypress/runner/cypress_runner.js:149867:11)\n    at Object.throwErrByPath (http://localhost:42679/__cypress/runner/cypress_runner.js:149915:3)\n    at retry (http://localhost:42679/__cypress/runner/cypress_runner.js:144197:19)\n    at onFailFn (http://localhost:42679/__cypress/runner/cypress_runner.js:132448:16)\n    at tryCatcher (http://localhost:42679/__cypress/runner/cypress_runner.js:167415:23)\n    at Promise._settlePromiseFromHandler (http://localhost:42679/__cypress/runner/cypress_runner.js:165351:31)\n    at Promise._settlePromise (http://localhost:42679/__cypress/runner/cypress_runner.js:165408:18)\n    at Promise._settlePromise0 (http://localhost:42679/__cypress/runner/cypress_runner.js:165453:10)\n    at Promise._settlePromises (http://localhost:42679/__cypress/runner/cypress_runner.js:165528:18)\n    at Async../node_modules/bluebird/js/release/async.js.Async._drainQueue (http://localhost:42679/__cypress/runner/cypress_runner.js:162140:16)\n    at Async../node_modules/bluebird/js/release/async.js.Async._drainQueues (http://localhost:42679/__cypress/runner/cypress_runner.js:162150:10)\n    at Async.drainQueues (http://localhost:42679/__cypress/runner/cypress_runner.js:162024:14)",
                "diff": null
              },
              "uuid": "d1c0324a-5155-44a7-a22f-81dfccb29a4c",
              "parentUUID": "33d57362-2292-4445-8079-492b8e55b8b5",
              "isHook": false,
              "skipped": false
            }
          ],
          "suites": [],
          "passes": [],
          "failures": [
            "87a11ef6-e57f-438a-986a-dc1d40cbe924",
            "d1c0324a-5155-44a7-a22f-81dfccb29a4c"
          ],
          "pending": [],
          "skipped": [],
          "duration": 8546,
          "root": false,
          "rootEmpty": false,
          "_timeout": 2000
        },
        {
          "uuid": "2fd0a35b-a806-4d9e-8ef6-f731119d7c25",
          "title": "4 - Adicione à página um quadro de pixels, com 25 pixels.",
          "fullFile": "",
          "file": "",
          "beforeHooks": [],
          "afterHooks": [],
          "tests": [
            {
              "title": "Verifica se o quadro de pixels possui o `id` denominado `pixel-board`",
              "fullTitle": "4 - Adicione à página um quadro de pixels, com 25 pixels. Verifica se o quadro de pixels possui o `id` denominado `pixel-board`",
              "timedOut": null,
              "duration": 4230,
              "state": "failed",
              "speed": null,
              "pass": false,
              "fail": true,
              "pending": false,
              "context": null,
              "code": "cy.get('#pixel-board').should('be.visible');",
              "err": {
                "message": "CypressError: Timed out retrying: Expected to find element: '#pixel-board', but never found it.",
                "estack": "CypressError: Timed out retrying: Expected to find element: '#pixel-board', but never found it.\n    at cypressErr (http://localhost:42679/__cypress/runner/cypress_runner.js:149934:9)\n    at throwErr (http://localhost:42679/__cypress/runner/cypress_runner.js:149867:11)\n    at Object.throwErrByPath (http://localhost:42679/__cypress/runner/cypress_runner.js:149915:3)\n    at retry (http://localhost:42679/__cypress/runner/cypress_runner.js:144197:19)\n    at onFailFn (http://localhost:42679/__cypress/runner/cypress_runner.js:132448:16)\n    at tryCatcher (http://localhost:42679/__cypress/runner/cypress_runner.js:167415:23)\n    at Promise._settlePromiseFromHandler (http://localhost:42679/__cypress/runner/cypress_runner.js:165351:31)\n    at Promise._settlePromise (http://localhost:42679/__cypress/runner/cypress_runner.js:165408:18)\n    at Promise._settlePromise0 (http://localhost:42679/__cypress/runner/cypress_runner.js:165453:10)\n    at Promise._settlePromises (http://localhost:42679/__cypress/runner/cypress_runner.js:165528:18)\n    at Async../node_modules/bluebird/js/release/async.js.Async._drainQueue (http://localhost:42679/__cypress/runner/cypress_runner.js:162140:16)\n    at Async../node_modules/bluebird/js/release/async.js.Async._drainQueues (http://localhost:42679/__cypress/runner/cypress_runner.js:162150:10)\n    at Async.drainQueues (http://localhost:42679/__cypress/runner/cypress_runner.js:162024:14)",
                "diff": null
              },
              "uuid": "d8475017-569c-4c35-9ab0-e2db46971b69",
              "parentUUID": "2fd0a35b-a806-4d9e-8ef6-f731119d7c25",
              "isHook": false,
              "skipped": false
            },
            {
              "title": "Verifica se cada pixel individual dentro do quadro possui a `classe` denominada `pixel`.",
              "fullTitle": "4 - Adicione à página um quadro de pixels, com 25 pixels. Verifica se cada pixel individual dentro do quadro possui a `classe` denominada `pixel`.",
              "timedOut": null,
              "duration": 4222,
              "state": "failed",
              "speed": null,
              "pass": false,
              "fail": true,
              "pending": false,
              "context": null,
              "code": "cy.get('.pixel').should('have.length', 25);",
              "err": {
                "message": "CypressError: Timed out retrying: Expected to find element: '.pixel', but never found it.",
                "estack": "CypressError: Timed out retrying: Expected to find element: '.pixel', but never found it.\n    at cypressErr (http://localhost:42679/__cypress/runner/cypress_runner.js:149934:9)\n    at throwErr (http://localhost:42679/__cypress/runner/cypress_runner.js:149867:11)\n    at Object.throwErrByPath (http://localhost:42679/__cypress/runner/cypress_runner.js:149915:3)\n    at retry (http://localhost:42679/__cypress/runner/cypress_runner.js:144197:19)\n    at onFailFn (http://localhost:42679/__cypress/runner/cypress_runner.js:132448:16)\n    at tryCatcher (http://localhost:42679/__cypress/runner/cypress_runner.js:167415:23)\n    at Promise._settlePromiseFromHandler (http://localhost:42679/__cypress/runner/cypress_runner.js:165351:31)\n    at Promise._settlePromise (http://localhost:42679/__cypress/runner/cypress_runner.js:165408:18)\n    at Promise._settlePromise0 (http://localhost:42679/__cypress/runner/cypress_runner.js:165453:10)\n    at Promise._settlePromises (http://localhost:42679/__cypress/runner/cypress_runner.js:165528:18)\n    at Async../node_modules/bluebird/js/release/async.js.Async._drainQueue (http://localhost:42679/__cypress/runner/cypress_runner.js:162140:16)\n    at Async../node_modules/bluebird/js/release/async.js.Async._drainQueues (http://localhost:42679/__cypress/runner/cypress_runner.js:162150:10)\n    at Async.drainQueues (http://localhost:42679/__cypress/runner/cypress_runner.js:162024:14)",
                "diff": null
              },
              "uuid": "975b9dc1-a77f-49eb-b356-454b51e5c604",
              "parentUUID": "2fd0a35b-a806-4d9e-8ef6-f731119d7c25",
              "isHook": false,
              "skipped": false
            },
            {
              "title": "Verifica se a cor inicial dos pixels dentro do quadro, ao abrir a página, é branca.",
              "fullTitle": "4 - Adicione à página um quadro de pixels, com 25 pixels. Verifica se a cor inicial dos pixels dentro do quadro, ao abrir a página, é branca.",
              "timedOut": null,
              "duration": 4253,
              "state": "failed",
              "speed": null,
              "pass": false,
              "fail": true,
              "pending": false,
              "context": null,
              "code": "cy.get('.pixel').should('have.length', 25).each(function (pixel) {\n  expect(pixel).to.have.css('background-color', WHITE);\n});",
              "err": {
                "message": "CypressError: Timed out retrying: Expected to find element: '.pixel', but never found it.",
                "estack": "CypressError: Timed out retrying: Expected to find element: '.pixel', but never found it.\n    at cypressErr (http://localhost:42679/__cypress/runner/cypress_runner.js:149934:9)\n    at throwErr (http://localhost:42679/__cypress/runner/cypress_runner.js:149867:11)\n    at Object.throwErrByPath (http://localhost:42679/__cypress/runner/cypress_runner.js:149915:3)\n    at retry (http://localhost:42679/__cypress/runner/cypress_runner.js:144197:19)\n    at onFailFn (http://localhost:42679/__cypress/runner/cypress_runner.js:132448:16)\n    at tryCatcher (http://localhost:42679/__cypress/runner/cypress_runner.js:167415:23)\n    at Promise._settlePromiseFromHandler (http://localhost:42679/__cypress/runner/cypress_runner.js:165351:31)\n    at Promise._settlePromise (http://localhost:42679/__cypress/runner/cypress_runner.js:165408:18)\n    at Promise._settlePromise0 (http://localhost:42679/__cypress/runner/cypress_runner.js:165453:10)\n    at Promise._settlePromises (http://localhost:42679/__cypress/runner/cypress_runner.js:165528:18)\n    at Async../node_modules/bluebird/js/release/async.js.Async._drainQueue (http://localhost:42679/__cypress/runner/cypress_runner.js:162140:16)\n    at Async../node_modules/bluebird/js/release/async.js.Async._drainQueues (http://localhost:42679/__cypress/runner/cypress_runner.js:162150:10)\n    at Async.drainQueues (http://localhost:42679/__cypress/runner/cypress_runner.js:162024:14)",
                "diff": null
              },
              "uuid": "0e55a914-bd67-4284-b1ff-e7d3a5a818b5",
              "parentUUID": "2fd0a35b-a806-4d9e-8ef6-f731119d7c25",
              "isHook": false,
              "skipped": false
            },
            {
              "title": "Verifica se o quadro de pixels aparece abaixo da paleta de cores",
              "fullTitle": "4 - Adicione à página um quadro de pixels, com 25 pixels. Verifica se o quadro de pixels aparece abaixo da paleta de cores",
              "timedOut": null,
              "duration": 4253,
              "state": "failed",
              "speed": null,
              "pass": false,
              "fail": true,
              "pending": false,
              "context": null,
              "code": "cy.get('#color-palette').then(function (palette) {\n  cy.get('#pixel-board').should('be.belowOf', palette);\n});",
              "err": {
                "message": "CypressError: Timed out retrying: Expected to find element: '#pixel-board', but never found it.",
                "estack": "CypressError: Timed out retrying: Expected to find element: '#pixel-board', but never found it.\n    at cypressErr (http://localhost:42679/__cypress/runner/cypress_runner.js:149934:9)\n    at throwErr (http://localhost:42679/__cypress/runner/cypress_runner.js:149867:11)\n    at Object.throwErrByPath (http://localhost:42679/__cypress/runner/cypress_runner.js:149915:3)\n    at retry (http://localhost:42679/__cypress/runner/cypress_runner.js:144197:19)\n    at onFailFn (http://localhost:42679/__cypress/runner/cypress_runner.js:132448:16)\n    at tryCatcher (http://localhost:42679/__cypress/runner/cypress_runner.js:167415:23)\n    at Promise._settlePromiseFromHandler (http://localhost:42679/__cypress/runner/cypress_runner.js:165351:31)\n    at Promise._settlePromise (http://localhost:42679/__cypress/runner/cypress_runner.js:165408:18)\n    at Promise._settlePromise0 (http://localhost:42679/__cypress/runner/cypress_runner.js:165453:10)\n    at Promise._settlePromises (http://localhost:42679/__cypress/runner/cypress_runner.js:165528:18)\n    at Async../node_modules/bluebird/js/release/async.js.Async._drainQueue (http://localhost:42679/__cypress/runner/cypress_runner.js:162140:16)\n    at Async../node_modules/bluebird/js/release/async.js.Async._drainQueues (http://localhost:42679/__cypress/runner/cypress_runner.js:162150:10)\n    at Async.drainQueues (http://localhost:42679/__cypress/runner/cypress_runner.js:162024:14)",
                "diff": null
              },
              "uuid": "96fcc578-eb86-4540-afcd-634119489510",
              "parentUUID": "2fd0a35b-a806-4d9e-8ef6-f731119d7c25",
              "isHook": false,
              "skipped": false
            }
          ],
          "suites": [],
          "passes": [],
          "failures": [
            "d8475017-569c-4c35-9ab0-e2db46971b69",
            "975b9dc1-a77f-49eb-b356-454b51e5c604",
            "0e55a914-bd67-4284-b1ff-e7d3a5a818b5",
            "96fcc578-eb86-4540-afcd-634119489510"
          ],
          "pending": [],
          "skipped": [],
          "duration": 16958,
          "root": false,
          "rootEmpty": false,
          "_timeout": 2000
        },
        {
          "uuid": "128545af-b53d-4f81-9b3c-604adc0e22ec",
          "title": "5 - Faça com que cada elemento do quadro de pixels possua 40 pixels de largura, 40 pixels de altura e seja delimitado por uma borda preta de 1 pixel.",
          "fullFile": "",
          "file": "",
          "beforeHooks": [],
          "afterHooks": [],
          "tests": [
            {
              "title": "Verifica se o quadro de pixels tem altura e comprimento de 5 elementos",
              "fullTitle": "5 - Faça com que cada elemento do quadro de pixels possua 40 pixels de largura, 40 pixels de altura e seja delimitado por uma borda preta de 1 pixel. Verifica se o quadro de pixels tem altura e comprimento de 5 elementos",
              "timedOut": null,
              "duration": 4225,
              "state": "failed",
              "speed": null,
              "pass": false,
              "fail": true,
              "pending": false,
              "context": null,
              "code": "cy.get('.pixel').should('have.length', 25).each(function (pixel) {\n  expect(pixel).to.have.css('background-color', WHITE);\n}).and(function (pixels) {\n  var rows = chunk(pixels, 5);\n  rows.forEach(function (row) {\n    for (var index = 1; index < row.length; index += 1) {\n      var current = pixels[index];\n      var previous = pixels[index - 1];\n      cy.wrap(current).should('be.onTheRightOf', previous).and('be.horizontallyAlignedWith', previous);\n    }\n  });\n  for (var index = 1; index < 5; index += 1) {\n    expect(pixels[index * 5]).to.be.belowOf(pixels[(index - 1) * 5]);\n  }\n});",
              "err": {
                "message": "CypressError: Timed out retrying: Expected to find element: '.pixel', but never found it.",
                "estack": "CypressError: Timed out retrying: Expected to find element: '.pixel', but never found it.\n    at cypressErr (http://localhost:42679/__cypress/runner/cypress_runner.js:149934:9)\n    at throwErr (http://localhost:42679/__cypress/runner/cypress_runner.js:149867:11)\n    at Object.throwErrByPath (http://localhost:42679/__cypress/runner/cypress_runner.js:149915:3)\n    at retry (http://localhost:42679/__cypress/runner/cypress_runner.js:144197:19)\n    at onFailFn (http://localhost:42679/__cypress/runner/cypress_runner.js:132448:16)\n    at tryCatcher (http://localhost:42679/__cypress/runner/cypress_runner.js:167415:23)\n    at Promise._settlePromiseFromHandler (http://localhost:42679/__cypress/runner/cypress_runner.js:165351:31)\n    at Promise._settlePromise (http://localhost:42679/__cypress/runner/cypress_runner.js:165408:18)\n    at Promise._settlePromise0 (http://localhost:42679/__cypress/runner/cypress_runner.js:165453:10)\n    at Promise._settlePromises (http://localhost:42679/__cypress/runner/cypress_runner.js:165528:18)\n    at Async../node_modules/bluebird/js/release/async.js.Async._drainQueue (http://localhost:42679/__cypress/runner/cypress_runner.js:162140:16)\n    at Async../node_modules/bluebird/js/release/async.js.Async._drainQueues (http://localhost:42679/__cypress/runner/cypress_runner.js:162150:10)\n    at Async.drainQueues (http://localhost:42679/__cypress/runner/cypress_runner.js:162024:14)",
                "diff": null
              },
              "uuid": "6dd6bdf9-a9f7-45aa-9b9b-439f61cfaffc",
              "parentUUID": "128545af-b53d-4f81-9b3c-604adc0e22ec",
              "isHook": false,
              "skipped": false
            },
            {
              "title": "Verifica se 40 pixels é o tamanho total do elemento, incluindo seu conteúdo e excluindo a borda preta, que deve ser criada à parte.",
              "fullTitle": "5 - Faça com que cada elemento do quadro de pixels possua 40 pixels de largura, 40 pixels de altura e seja delimitado por uma borda preta de 1 pixel. Verifica se 40 pixels é o tamanho total do elemento, incluindo seu conteúdo e excluindo a borda preta, que deve ser criada à parte.",
              "timedOut": null,
              "duration": 4239,
              "state": "failed",
              "speed": null,
              "pass": false,
              "fail": true,
              "pending": false,
              "context": null,
              "code": "cy.get('.pixel').each(function (pixel) {\n  cy.wrap(pixel).should('have.css', 'height', '40px').and('have.css', 'width', '40px').and('have.css', 'border', \"1px solid \".concat(BLACK));\n});",
              "err": {
                "message": "CypressError: Timed out retrying: Expected to find element: '.pixel', but never found it.",
                "estack": "CypressError: Timed out retrying: Expected to find element: '.pixel', but never found it.\n    at cypressErr (http://localhost:42679/__cypress/runner/cypress_runner.js:149934:9)\n    at throwErr (http://localhost:42679/__cypress/runner/cypress_runner.js:149867:11)\n    at Object.throwErrByPath (http://localhost:42679/__cypress/runner/cypress_runner.js:149915:3)\n    at retry (http://localhost:42679/__cypress/runner/cypress_runner.js:144197:19)\n    at onFailFn (http://localhost:42679/__cypress/runner/cypress_runner.js:132448:16)\n    at tryCatcher (http://localhost:42679/__cypress/runner/cypress_runner.js:167415:23)\n    at Promise._settlePromiseFromHandler (http://localhost:42679/__cypress/runner/cypress_runner.js:165351:31)\n    at Promise._settlePromise (http://localhost:42679/__cypress/runner/cypress_runner.js:165408:18)\n    at Promise._settlePromise0 (http://localhost:42679/__cypress/runner/cypress_runner.js:165453:10)\n    at Promise._settlePromises (http://localhost:42679/__cypress/runner/cypress_runner.js:165528:18)\n    at Async../node_modules/bluebird/js/release/async.js.Async._drainQueue (http://localhost:42679/__cypress/runner/cypress_runner.js:162140:16)\n    at Async../node_modules/bluebird/js/release/async.js.Async._drainQueues (http://localhost:42679/__cypress/runner/cypress_runner.js:162150:10)\n    at Async.drainQueues (http://localhost:42679/__cypress/runner/cypress_runner.js:162024:14)",
                "diff": null
              },
              "uuid": "3b1e0e03-0c2d-409e-9df4-fad923db83f7",
              "parentUUID": "128545af-b53d-4f81-9b3c-604adc0e22ec",
              "isHook": false,
              "skipped": false
            }
          ],
          "suites": [],
          "passes": [],
          "failures": [
            "6dd6bdf9-a9f7-45aa-9b9b-439f61cfaffc",
            "3b1e0e03-0c2d-409e-9df4-fad923db83f7"
          ],
          "pending": [],
          "skipped": [],
          "duration": 8464,
          "root": false,
          "rootEmpty": false,
          "_timeout": 2000
        },
        {
          "uuid": "d163b823-aadc-4991-a270-55f048d3977f",
          "title": "6 - Defina a cor preta como cor inicial. Ao carregar a página a cor preta já deve estar selecionada para pintar os pixels",
          "fullFile": "",
          "file": "",
          "beforeHooks": [],
          "afterHooks": [],
          "tests": [
            {
              "title": "Verifica se o elemento da cor preta possui, inicialmente, a `classe` `selected`",
              "fullTitle": "6 - Defina a cor preta como cor inicial. Ao carregar a página a cor preta já deve estar selecionada para pintar os pixels Verifica se o elemento da cor preta possui, inicialmente, a `classe` `selected`",
              "timedOut": null,
              "duration": 4232,
              "state": "failed",
              "speed": null,
              "pass": false,
              "fail": true,
              "pending": false,
              "context": null,
              "code": "cy.get('.selected').first().should('have.css', 'background-color', BLACK);",
              "err": {
                "message": "CypressError: Timed out retrying: Expected to find element: '.selected', but never found it.",
                "estack": "CypressError: Timed out retrying: Expected to find element: '.selected', but never found it.\n    at cypressErr (http://localhost:42679/__cypress/runner/cypress_runner.js:149934:9)\n    at throwErr (http://localhost:42679/__cypress/runner/cypress_runner.js:149867:11)\n    at Object.throwErrByPath (http://localhost:42679/__cypress/runner/cypress_runner.js:149915:3)\n    at retry (http://localhost:42679/__cypress/runner/cypress_runner.js:144197:19)\n    at onFailFn (http://localhost:42679/__cypress/runner/cypress_runner.js:132448:16)\n    at tryCatcher (http://localhost:42679/__cypress/runner/cypress_runner.js:167415:23)\n    at Promise._settlePromiseFromHandler (http://localhost:42679/__cypress/runner/cypress_runner.js:165351:31)\n    at Promise._settlePromise (http://localhost:42679/__cypress/runner/cypress_runner.js:165408:18)\n    at Promise._settlePromise0 (http://localhost:42679/__cypress/runner/cypress_runner.js:165453:10)\n    at Promise._settlePromises (http://localhost:42679/__cypress/runner/cypress_runner.js:165528:18)\n    at Async../node_modules/bluebird/js/release/async.js.Async._drainQueue (http://localhost:42679/__cypress/runner/cypress_runner.js:162140:16)\n    at Async../node_modules/bluebird/js/release/async.js.Async._drainQueues (http://localhost:42679/__cypress/runner/cypress_runner.js:162150:10)\n    at Async.drainQueues (http://localhost:42679/__cypress/runner/cypress_runner.js:162024:14)",
                "diff": null
              },
              "uuid": "fb9999d1-418d-4aae-92bd-99c125cf1264",
              "parentUUID": "d163b823-aadc-4991-a270-55f048d3977f",
              "isHook": false,
              "skipped": false
            },
            {
              "title": "Verifica se nenhuma outra cor da paleta tem a `classe` `selected`",
              "fullTitle": "6 - Defina a cor preta como cor inicial. Ao carregar a página a cor preta já deve estar selecionada para pintar os pixels Verifica se nenhuma outra cor da paleta tem a `classe` `selected`",
              "timedOut": null,
              "duration": 4250,
              "state": "failed",
              "speed": null,
              "pass": false,
              "fail": true,
              "pending": false,
              "context": null,
              "code": "cy.get('.color:not(:first-child)').each(function (color) {\n  cy.wrap(color).should('not.have.class', 'selected');\n});",
              "err": {
                "message": "CypressError: Timed out retrying: Expected to find element: '.color:not(:first-child)', but never found it.",
                "estack": "CypressError: Timed out retrying: Expected to find element: '.color:not(:first-child)', but never found it.\n    at cypressErr (http://localhost:42679/__cypress/runner/cypress_runner.js:149934:9)\n    at throwErr (http://localhost:42679/__cypress/runner/cypress_runner.js:149867:11)\n    at Object.throwErrByPath (http://localhost:42679/__cypress/runner/cypress_runner.js:149915:3)\n    at retry (http://localhost:42679/__cypress/runner/cypress_runner.js:144197:19)\n    at onFailFn (http://localhost:42679/__cypress/runner/cypress_runner.js:132448:16)\n    at tryCatcher (http://localhost:42679/__cypress/runner/cypress_runner.js:167415:23)\n    at Promise._settlePromiseFromHandler (http://localhost:42679/__cypress/runner/cypress_runner.js:165351:31)\n    at Promise._settlePromise (http://localhost:42679/__cypress/runner/cypress_runner.js:165408:18)\n    at Promise._settlePromise0 (http://localhost:42679/__cypress/runner/cypress_runner.js:165453:10)\n    at Promise._settlePromises (http://localhost:42679/__cypress/runner/cypress_runner.js:165528:18)\n    at Async../node_modules/bluebird/js/release/async.js.Async._drainQueue (http://localhost:42679/__cypress/runner/cypress_runner.js:162140:16)\n    at Async../node_modules/bluebird/js/release/async.js.Async._drainQueues (http://localhost:42679/__cypress/runner/cypress_runner.js:162150:10)\n    at Async.drainQueues (http://localhost:42679/__cypress/runner/cypress_runner.js:162024:14)",
                "diff": null
              },
              "uuid": "715c2837-aa7a-4468-8c48-1f5cf066956c",
              "parentUUID": "d163b823-aadc-4991-a270-55f048d3977f",
              "isHook": false,
              "skipped": false
            }
          ],
          "suites": [],
          "passes": [],
          "failures": [
            "fb9999d1-418d-4aae-92bd-99c125cf1264",
            "715c2837-aa7a-4468-8c48-1f5cf066956c"
          ],
          "pending": [],
          "skipped": [],
          "duration": 8482,
          "root": false,
          "rootEmpty": false,
          "_timeout": 2000
        },
        {
          "uuid": "29babbb6-5549-413c-8dba-5e4b9729e5a7",
          "title": "7 - Clicar em uma das cores da paleta, faz com que ela seja selecionada e utilizada para preencher os pixels no quadro.",
          "fullFile": "",
          "file": "",
          "beforeHooks": [],
          "afterHooks": [],
          "tests": [
            {
              "title": "Verifica se somente uma cor da paleta de cores tem a classe `selected` de cada vez",
              "fullTitle": "7 - Clicar em uma das cores da paleta, faz com que ela seja selecionada e utilizada para preencher os pixels no quadro. Verifica se somente uma cor da paleta de cores tem a classe `selected` de cada vez",
              "timedOut": null,
              "duration": 4213,
              "state": "failed",
              "speed": null,
              "pass": false,
              "fail": true,
              "pending": false,
              "context": null,
              "code": "cy.get('.color').each(function (selectedColor, selectedColorIndex) {\n  cy.wrap(selectedColor).click();\n  cy.get('.color').each(function (color, colorIndex) {\n    if (colorIndex === selectedColorIndex) {\n      expect(color).to.have[\"class\"]('selected');\n    } else {\n      expect(color).not.to.have[\"class\"]('selected');\n    }\n  });\n});",
              "err": {
                "message": "CypressError: Timed out retrying: Expected to find element: '.color', but never found it.",
                "estack": "CypressError: Timed out retrying: Expected to find element: '.color', but never found it.\n    at cypressErr (http://localhost:42679/__cypress/runner/cypress_runner.js:149934:9)\n    at throwErr (http://localhost:42679/__cypress/runner/cypress_runner.js:149867:11)\n    at Object.throwErrByPath (http://localhost:42679/__cypress/runner/cypress_runner.js:149915:3)\n    at retry (http://localhost:42679/__cypress/runner/cypress_runner.js:144197:19)\n    at onFailFn (http://localhost:42679/__cypress/runner/cypress_runner.js:132448:16)\n    at tryCatcher (http://localhost:42679/__cypress/runner/cypress_runner.js:167415:23)\n    at Promise._settlePromiseFromHandler (http://localhost:42679/__cypress/runner/cypress_runner.js:165351:31)\n    at Promise._settlePromise (http://localhost:42679/__cypress/runner/cypress_runner.js:165408:18)\n    at Promise._settlePromise0 (http://localhost:42679/__cypress/runner/cypress_runner.js:165453:10)\n    at Promise._settlePromises (http://localhost:42679/__cypress/runner/cypress_runner.js:165528:18)\n    at Async../node_modules/bluebird/js/release/async.js.Async._drainQueue (http://localhost:42679/__cypress/runner/cypress_runner.js:162140:16)\n    at Async../node_modules/bluebird/js/release/async.js.Async._drainQueues (http://localhost:42679/__cypress/runner/cypress_runner.js:162150:10)\n    at Async.drainQueues (http://localhost:42679/__cypress/runner/cypress_runner.js:162024:14)",
                "diff": null
              },
              "uuid": "be0eb1e1-536d-48ba-8b66-df81f6c68932",
              "parentUUID": "29babbb6-5549-413c-8dba-5e4b9729e5a7",
              "isHook": false,
              "skipped": false
            },
            {
              "title": "Verifica se os pixels dentro do quadro não têm a classe `selected` quando são clicados",
              "fullTitle": "7 - Clicar em uma das cores da paleta, faz com que ela seja selecionada e utilizada para preencher os pixels no quadro. Verifica se os pixels dentro do quadro não têm a classe `selected` quando são clicados",
              "timedOut": null,
              "duration": 4231,
              "state": "failed",
              "speed": null,
              "pass": false,
              "fail": true,
              "pending": false,
              "context": null,
              "code": "cy.get('.color').each(function (color) {\n  var backgroundColor = color.css('background-color');\n  cy.wrap(color).click();\n  cy.get('.pixel').each(function (pixel) {\n    cy.wrap(pixel).click().should('not.have.class', 'selected');\n  });\n});",
              "err": {
                "message": "CypressError: Timed out retrying: Expected to find element: '.color', but never found it.",
                "estack": "CypressError: Timed out retrying: Expected to find element: '.color', but never found it.\n    at cypressErr (http://localhost:42679/__cypress/runner/cypress_runner.js:149934:9)\n    at throwErr (http://localhost:42679/__cypress/runner/cypress_runner.js:149867:11)\n    at Object.throwErrByPath (http://localhost:42679/__cypress/runner/cypress_runner.js:149915:3)\n    at retry (http://localhost:42679/__cypress/runner/cypress_runner.js:144197:19)\n    at onFailFn (http://localhost:42679/__cypress/runner/cypress_runner.js:132448:16)\n    at tryCatcher (http://localhost:42679/__cypress/runner/cypress_runner.js:167415:23)\n    at Promise._settlePromiseFromHandler (http://localhost:42679/__cypress/runner/cypress_runner.js:165351:31)\n    at Promise._settlePromise (http://localhost:42679/__cypress/runner/cypress_runner.js:165408:18)\n    at Promise._settlePromise0 (http://localhost:42679/__cypress/runner/cypress_runner.js:165453:10)\n    at Promise._settlePromises (http://localhost:42679/__cypress/runner/cypress_runner.js:165528:18)\n    at Async../node_modules/bluebird/js/release/async.js.Async._drainQueue (http://localhost:42679/__cypress/runner/cypress_runner.js:162140:16)\n    at Async../node_modules/bluebird/js/release/async.js.Async._drainQueues (http://localhost:42679/__cypress/runner/cypress_runner.js:162150:10)\n    at Async.drainQueues (http://localhost:42679/__cypress/runner/cypress_runner.js:162024:14)",
                "diff": null
              },
              "uuid": "e819019b-40b6-44ba-9c57-4e4bd912b573",
              "parentUUID": "29babbb6-5549-413c-8dba-5e4b9729e5a7",
              "isHook": false,
              "skipped": false
            }
          ],
          "suites": [],
          "passes": [],
          "failures": [
            "be0eb1e1-536d-48ba-8b66-df81f6c68932",
            "e819019b-40b6-44ba-9c57-4e4bd912b573"
          ],
          "pending": [],
          "skipped": [],
          "duration": 8444,
          "root": false,
          "rootEmpty": false,
          "_timeout": 2000
        },
        {
          "uuid": "9e4c2805-cdd6-4563-b33c-39d317d0af4d",
          "title": "8 - Clicar em um pixel dentro do quadro após selecionar uma cor na paleta, faz com que o pixel seja preenchido com a cor selecionada.",
          "fullFile": "",
          "file": "",
          "beforeHooks": [],
          "afterHooks": [],
          "tests": [
            {
              "title": "Verifica se ao carregar a página deve ser possível pintar os pixels de preto",
              "fullTitle": "8 - Clicar em um pixel dentro do quadro após selecionar uma cor na paleta, faz com que o pixel seja preenchido com a cor selecionada. Verifica se ao carregar a página deve ser possível pintar os pixels de preto",
              "timedOut": null,
              "duration": 4280,
              "state": "failed",
              "speed": null,
              "pass": false,
              "fail": true,
              "pending": false,
              "context": null,
              "code": "cy.get('.pixel').each(function (pixel) {\n  cy.wrap(pixel).click().should('have.css', 'background-color', BLACK);\n});",
              "err": {
                "message": "CypressError: Timed out retrying: Expected to find element: '.pixel', but never found it.",
                "estack": "CypressError: Timed out retrying: Expected to find element: '.pixel', but never found it.\n    at cypressErr (http://localhost:42679/__cypress/runner/cypress_runner.js:149934:9)\n    at throwErr (http://localhost:42679/__cypress/runner/cypress_runner.js:149867:11)\n    at Object.throwErrByPath (http://localhost:42679/__cypress/runner/cypress_runner.js:149915:3)\n    at retry (http://localhost:42679/__cypress/runner/cypress_runner.js:144197:19)\n    at onFailFn (http://localhost:42679/__cypress/runner/cypress_runner.js:132448:16)\n    at tryCatcher (http://localhost:42679/__cypress/runner/cypress_runner.js:167415:23)\n    at Promise._settlePromiseFromHandler (http://localhost:42679/__cypress/runner/cypress_runner.js:165351:31)\n    at Promise._settlePromise (http://localhost:42679/__cypress/runner/cypress_runner.js:165408:18)\n    at Promise._settlePromise0 (http://localhost:42679/__cypress/runner/cypress_runner.js:165453:10)\n    at Promise._settlePromises (http://localhost:42679/__cypress/runner/cypress_runner.js:165528:18)\n    at Async../node_modules/bluebird/js/release/async.js.Async._drainQueue (http://localhost:42679/__cypress/runner/cypress_runner.js:162140:16)\n    at Async../node_modules/bluebird/js/release/async.js.Async._drainQueues (http://localhost:42679/__cypress/runner/cypress_runner.js:162150:10)\n    at Async.drainQueues (http://localhost:42679/__cypress/runner/cypress_runner.js:162024:14)",
                "diff": null
              },
              "uuid": "feb48d0f-2260-4cb3-bb9d-13c91ba4c743",
              "parentUUID": "9e4c2805-cdd6-4563-b33c-39d317d0af4d",
              "isHook": false,
              "skipped": false
            },
            {
              "title": "Verifica se após selecionar uma outra cor na paleta, é possível pintar os pixels com essa cor",
              "fullTitle": "8 - Clicar em um pixel dentro do quadro após selecionar uma cor na paleta, faz com que o pixel seja preenchido com a cor selecionada. Verifica se após selecionar uma outra cor na paleta, é possível pintar os pixels com essa cor",
              "timedOut": null,
              "duration": 4268,
              "state": "failed",
              "speed": null,
              "pass": false,
              "fail": true,
              "pending": false,
              "context": null,
              "code": "cy.get('.color').each(function (color) {\n  var backgroundColor = color.css('background-color');\n  cy.wrap(color).click();\n  cy.get('.pixel').each(function (pixel) {\n    cy.wrap(pixel).click().should('have.css', 'background-color', backgroundColor);\n  });\n});",
              "err": {
                "message": "CypressError: Timed out retrying: Expected to find element: '.color', but never found it.",
                "estack": "CypressError: Timed out retrying: Expected to find element: '.color', but never found it.\n    at cypressErr (http://localhost:42679/__cypress/runner/cypress_runner.js:149934:9)\n    at throwErr (http://localhost:42679/__cypress/runner/cypress_runner.js:149867:11)\n    at Object.throwErrByPath (http://localhost:42679/__cypress/runner/cypress_runner.js:149915:3)\n    at retry (http://localhost:42679/__cypress/runner/cypress_runner.js:144197:19)\n    at onFailFn (http://localhost:42679/__cypress/runner/cypress_runner.js:132448:16)\n    at tryCatcher (http://localhost:42679/__cypress/runner/cypress_runner.js:167415:23)\n    at Promise._settlePromiseFromHandler (http://localhost:42679/__cypress/runner/cypress_runner.js:165351:31)\n    at Promise._settlePromise (http://localhost:42679/__cypress/runner/cypress_runner.js:165408:18)\n    at Promise._settlePromise0 (http://localhost:42679/__cypress/runner/cypress_runner.js:165453:10)\n    at Promise._settlePromises (http://localhost:42679/__cypress/runner/cypress_runner.js:165528:18)\n    at Async../node_modules/bluebird/js/release/async.js.Async._drainQueue (http://localhost:42679/__cypress/runner/cypress_runner.js:162140:16)\n    at Async../node_modules/bluebird/js/release/async.js.Async._drainQueues (http://localhost:42679/__cypress/runner/cypress_runner.js:162150:10)\n    at Async.drainQueues (http://localhost:42679/__cypress/runner/cypress_runner.js:162024:14)",
                "diff": null
              },
              "uuid": "46b750f9-9e3c-4b8a-ad01-3fe5c9d6bacc",
              "parentUUID": "9e4c2805-cdd6-4563-b33c-39d317d0af4d",
              "isHook": false,
              "skipped": false
            },
            {
              "title": "Verifica se somente o pixel que foi clicado foi preenchido com a cor selecionada, sem influenciar na cor dos demais pixels.",
              "fullTitle": "8 - Clicar em um pixel dentro do quadro após selecionar uma cor na paleta, faz com que o pixel seja preenchido com a cor selecionada. Verifica se somente o pixel que foi clicado foi preenchido com a cor selecionada, sem influenciar na cor dos demais pixels.",
              "timedOut": null,
              "duration": 4255,
              "state": "failed",
              "speed": null,
              "pass": false,
              "fail": true,
              "pending": false,
              "context": null,
              "code": "var colorToPixelIndexMap = {\n  0: 6,\n  1: 8,\n  2: 16,\n  3: 18\n};\ncy.get('.color').each(function (color, index) {\n  cy.wrap(color).click();\n  var backgroundColor = color.css('background-color');\n  var clickedPixelIndex = colorToPixelIndexMap[index];\n  cy.get('.pixel').eq(clickedPixelIndex).click();\n  cy.get('.pixel').eq(clickedPixelIndex - 1).should('not.have.css', 'background-color', backgroundColor);\n  cy.get('.pixel').eq(clickedPixelIndex + 1).should('not.have.css', 'background-color', backgroundColor);\n  cy.get('.pixel').eq(clickedPixelIndex - 5).should('not.have.css', 'background-color', backgroundColor);\n  cy.get('.pixel').eq(clickedPixelIndex + 5).should('not.have.css', 'background-color', backgroundColor);\n  cy.get('.pixel').eq(clickedPixelIndex - 6).should('not.have.css', 'background-color', backgroundColor);\n  cy.get('.pixel').eq(clickedPixelIndex - 4).should('not.have.css', 'background-color', backgroundColor);\n  cy.get('.pixel').eq(clickedPixelIndex + 4).should('not.have.css', 'background-color', backgroundColor);\n  cy.get('.pixel').eq(clickedPixelIndex + 6).should('not.have.css', 'background-color', backgroundColor);\n});",
              "err": {
                "message": "CypressError: Timed out retrying: Expected to find element: '.color', but never found it.",
                "estack": "CypressError: Timed out retrying: Expected to find element: '.color', but never found it.\n    at cypressErr (http://localhost:42679/__cypress/runner/cypress_runner.js:149934:9)\n    at throwErr (http://localhost:42679/__cypress/runner/cypress_runner.js:149867:11)\n    at Object.throwErrByPath (http://localhost:42679/__cypress/runner/cypress_runner.js:149915:3)\n    at retry (http://localhost:42679/__cypress/runner/cypress_runner.js:144197:19)\n    at onFailFn (http://localhost:42679/__cypress/runner/cypress_runner.js:132448:16)\n    at tryCatcher (http://localhost:42679/__cypress/runner/cypress_runner.js:167415:23)\n    at Promise._settlePromiseFromHandler (http://localhost:42679/__cypress/runner/cypress_runner.js:165351:31)\n    at Promise._settlePromise (http://localhost:42679/__cypress/runner/cypress_runner.js:165408:18)\n    at Promise._settlePromise0 (http://localhost:42679/__cypress/runner/cypress_runner.js:165453:10)\n    at Promise._settlePromises (http://localhost:42679/__cypress/runner/cypress_runner.js:165528:18)\n    at Async../node_modules/bluebird/js/release/async.js.Async._drainQueue (http://localhost:42679/__cypress/runner/cypress_runner.js:162140:16)\n    at Async../node_modules/bluebird/js/release/async.js.Async._drainQueues (http://localhost:42679/__cypress/runner/cypress_runner.js:162150:10)\n    at Async.drainQueues (http://localhost:42679/__cypress/runner/cypress_runner.js:162024:14)",
                "diff": null
              },
              "uuid": "fa7dd560-f2fb-4064-9e2a-1b38d174a284",
              "parentUUID": "9e4c2805-cdd6-4563-b33c-39d317d0af4d",
              "isHook": false,
              "skipped": false
            }
          ],
          "suites": [],
          "passes": [],
          "failures": [
            "feb48d0f-2260-4cb3-bb9d-13c91ba4c743",
            "46b750f9-9e3c-4b8a-ad01-3fe5c9d6bacc",
            "fa7dd560-f2fb-4064-9e2a-1b38d174a284"
          ],
          "pending": [],
          "skipped": [],
          "duration": 12803,
          "root": false,
          "rootEmpty": false,
          "_timeout": 2000
        },
        {
          "uuid": "8e875400-c8fa-44f9-9497-cacab04abe64",
          "title": "9 - Crie um botão que, ao ser clicado, limpa o quadro preenchendo a cor de todos seus pixels com branco.",
          "fullFile": "",
          "file": "",
          "beforeHooks": [],
          "afterHooks": [],
          "tests": [
            {
              "title": "Verifica se o botão tem o `id` denominado `clear-board`",
              "fullTitle": "9 - Crie um botão que, ao ser clicado, limpa o quadro preenchendo a cor de todos seus pixels com branco. Verifica se o botão tem o `id` denominado `clear-board`",
              "timedOut": null,
              "duration": 4286,
              "state": "failed",
              "speed": null,
              "pass": false,
              "fail": true,
              "pending": false,
              "context": null,
              "code": "cy.get('#clear-board').should('be.visible');",
              "err": {
                "message": "CypressError: Timed out retrying: Expected to find element: '#clear-board', but never found it.",
                "estack": "CypressError: Timed out retrying: Expected to find element: '#clear-board', but never found it.\n    at cypressErr (http://localhost:42679/__cypress/runner/cypress_runner.js:149934:9)\n    at throwErr (http://localhost:42679/__cypress/runner/cypress_runner.js:149867:11)\n    at Object.throwErrByPath (http://localhost:42679/__cypress/runner/cypress_runner.js:149915:3)\n    at retry (http://localhost:42679/__cypress/runner/cypress_runner.js:144197:19)\n    at onFailFn (http://localhost:42679/__cypress/runner/cypress_runner.js:132448:16)\n    at tryCatcher (http://localhost:42679/__cypress/runner/cypress_runner.js:167415:23)\n    at Promise._settlePromiseFromHandler (http://localhost:42679/__cypress/runner/cypress_runner.js:165351:31)\n    at Promise._settlePromise (http://localhost:42679/__cypress/runner/cypress_runner.js:165408:18)\n    at Promise._settlePromise0 (http://localhost:42679/__cypress/runner/cypress_runner.js:165453:10)\n    at Promise._settlePromises (http://localhost:42679/__cypress/runner/cypress_runner.js:165528:18)\n    at Async../node_modules/bluebird/js/release/async.js.Async._drainQueue (http://localhost:42679/__cypress/runner/cypress_runner.js:162140:16)\n    at Async../node_modules/bluebird/js/release/async.js.Async._drainQueues (http://localhost:42679/__cypress/runner/cypress_runner.js:162150:10)\n    at Async.drainQueues (http://localhost:42679/__cypress/runner/cypress_runner.js:162024:14)",
                "diff": null
              },
              "uuid": "ae01ac86-119e-4cac-8eba-2dc8cee8d8de",
              "parentUUID": "8e875400-c8fa-44f9-9497-cacab04abe64",
              "isHook": false,
              "skipped": false
            },
            {
              "title": "Verifica se o botão está posicionado entre a paleta de cores e o quadro de pixels",
              "fullTitle": "9 - Crie um botão que, ao ser clicado, limpa o quadro preenchendo a cor de todos seus pixels com branco. Verifica se o botão está posicionado entre a paleta de cores e o quadro de pixels",
              "timedOut": null,
              "duration": 4244,
              "state": "failed",
              "speed": null,
              "pass": false,
              "fail": true,
              "pending": false,
              "context": null,
              "code": "cy.get('#color-palette').then(function (palette) {\n  cy.get('#clear-board').should('be.belowOf', palette);\n});\ncy.get('#clear-board').then(function (clearBtn) {\n  cy.get('#pixel-board').should('be.belowOf', clearBtn);\n});",
              "err": {
                "message": "CypressError: Timed out retrying: Expected to find element: '#clear-board', but never found it.",
                "estack": "CypressError: Timed out retrying: Expected to find element: '#clear-board', but never found it.\n    at cypressErr (http://localhost:42679/__cypress/runner/cypress_runner.js:149934:9)\n    at throwErr (http://localhost:42679/__cypress/runner/cypress_runner.js:149867:11)\n    at Object.throwErrByPath (http://localhost:42679/__cypress/runner/cypress_runner.js:149915:3)\n    at retry (http://localhost:42679/__cypress/runner/cypress_runner.js:144197:19)\n    at onFailFn (http://localhost:42679/__cypress/runner/cypress_runner.js:132448:16)\n    at tryCatcher (http://localhost:42679/__cypress/runner/cypress_runner.js:167415:23)\n    at Promise._settlePromiseFromHandler (http://localhost:42679/__cypress/runner/cypress_runner.js:165351:31)\n    at Promise._settlePromise (http://localhost:42679/__cypress/runner/cypress_runner.js:165408:18)\n    at Promise._settlePromise0 (http://localhost:42679/__cypress/runner/cypress_runner.js:165453:10)\n    at Promise._settlePromises (http://localhost:42679/__cypress/runner/cypress_runner.js:165528:18)\n    at Async../node_modules/bluebird/js/release/async.js.Async._drainQueue (http://localhost:42679/__cypress/runner/cypress_runner.js:162140:16)\n    at Async../node_modules/bluebird/js/release/async.js.Async._drainQueues (http://localhost:42679/__cypress/runner/cypress_runner.js:162150:10)\n    at Async.drainQueues (http://localhost:42679/__cypress/runner/cypress_runner.js:162024:14)",
                "diff": null
              },
              "uuid": "1eb87c1b-fcb9-4680-9046-a7d24752c722",
              "parentUUID": "8e875400-c8fa-44f9-9497-cacab04abe64",
              "isHook": false,
              "skipped": false
            },
            {
              "title": "Verifica se o texto do botão é 'Limpar'",
              "fullTitle": "9 - Crie um botão que, ao ser clicado, limpa o quadro preenchendo a cor de todos seus pixels com branco. Verifica se o texto do botão é 'Limpar'",
              "timedOut": null,
              "duration": 4257,
              "state": "failed",
              "speed": null,
              "pass": false,
              "fail": true,
              "pending": false,
              "context": null,
              "code": "cy.get('#clear-board').should('contain.text', 'Limpar');",
              "err": {
                "message": "CypressError: Timed out retrying: Expected to find element: '#clear-board', but never found it.",
                "estack": "CypressError: Timed out retrying: Expected to find element: '#clear-board', but never found it.\n    at cypressErr (http://localhost:42679/__cypress/runner/cypress_runner.js:149934:9)\n    at throwErr (http://localhost:42679/__cypress/runner/cypress_runner.js:149867:11)\n    at Object.throwErrByPath (http://localhost:42679/__cypress/runner/cypress_runner.js:149915:3)\n    at retry (http://localhost:42679/__cypress/runner/cypress_runner.js:144197:19)\n    at onFailFn (http://localhost:42679/__cypress/runner/cypress_runner.js:132448:16)\n    at tryCatcher (http://localhost:42679/__cypress/runner/cypress_runner.js:167415:23)\n    at Promise._settlePromiseFromHandler (http://localhost:42679/__cypress/runner/cypress_runner.js:165351:31)\n    at Promise._settlePromise (http://localhost:42679/__cypress/runner/cypress_runner.js:165408:18)\n    at Promise._settlePromise0 (http://localhost:42679/__cypress/runner/cypress_runner.js:165453:10)\n    at Promise._settlePromises (http://localhost:42679/__cypress/runner/cypress_runner.js:165528:18)\n    at Async../node_modules/bluebird/js/release/async.js.Async._drainQueue (http://localhost:42679/__cypress/runner/cypress_runner.js:162140:16)\n    at Async../node_modules/bluebird/js/release/async.js.Async._drainQueues (http://localhost:42679/__cypress/runner/cypress_runner.js:162150:10)\n    at Async.drainQueues (http://localhost:42679/__cypress/runner/cypress_runner.js:162024:14)",
                "diff": null
              },
              "uuid": "ca017dff-0700-4e82-832d-28095d98cfbe",
              "parentUUID": "8e875400-c8fa-44f9-9497-cacab04abe64",
              "isHook": false,
              "skipped": false
            },
            {
              "title": "Verifica se ao clicar no botão, o quadro de pixels é totalmente preenchido de branco",
              "fullTitle": "9 - Crie um botão que, ao ser clicado, limpa o quadro preenchendo a cor de todos seus pixels com branco. Verifica se ao clicar no botão, o quadro de pixels é totalmente preenchido de branco",
              "timedOut": null,
              "duration": 4239,
              "state": "failed",
              "speed": null,
              "pass": false,
              "fail": true,
              "pending": false,
              "context": null,
              "code": "cy.get('.color').eq(1).then(function (color) {\n  var backgroundColor = color.css('background-color');\n  cy.wrap(color).click();\n  cy.get('.pixel').each(function (pixel) {\n    cy.wrap(pixel).click().should('have.css', 'background-color', backgroundColor);\n  });\n});\ncy.get('#clear-board').click();\ncy.get('.pixel').each(function (pixel) {\n  cy.wrap(pixel).should('have.css', 'background-color', WHITE);\n});",
              "err": {
                "message": "CypressError: Timed out retrying: Expected to find element: '.color', but never found it.",
                "estack": "CypressError: Timed out retrying: Expected to find element: '.color', but never found it.\n    at cypressErr (http://localhost:42679/__cypress/runner/cypress_runner.js:149934:9)\n    at throwErr (http://localhost:42679/__cypress/runner/cypress_runner.js:149867:11)\n    at Object.throwErrByPath (http://localhost:42679/__cypress/runner/cypress_runner.js:149915:3)\n    at retry (http://localhost:42679/__cypress/runner/cypress_runner.js:144197:19)\n    at onFailFn (http://localhost:42679/__cypress/runner/cypress_runner.js:132448:16)\n    at tryCatcher (http://localhost:42679/__cypress/runner/cypress_runner.js:167415:23)\n    at Promise._settlePromiseFromHandler (http://localhost:42679/__cypress/runner/cypress_runner.js:165351:31)\n    at Promise._settlePromise (http://localhost:42679/__cypress/runner/cypress_runner.js:165408:18)\n    at Promise._settlePromise0 (http://localhost:42679/__cypress/runner/cypress_runner.js:165453:10)\n    at Promise._settlePromises (http://localhost:42679/__cypress/runner/cypress_runner.js:165528:18)\n    at Async../node_modules/bluebird/js/release/async.js.Async._drainQueue (http://localhost:42679/__cypress/runner/cypress_runner.js:162140:16)\n    at Async../node_modules/bluebird/js/release/async.js.Async._drainQueues (http://localhost:42679/__cypress/runner/cypress_runner.js:162150:10)\n    at Async.drainQueues (http://localhost:42679/__cypress/runner/cypress_runner.js:162024:14)",
                "diff": null
              },
              "uuid": "7b43fa49-6806-475c-8280-b7798f55d39b",
              "parentUUID": "8e875400-c8fa-44f9-9497-cacab04abe64",
              "isHook": false,
              "skipped": false
            }
          ],
          "suites": [],
          "passes": [],
          "failures": [
            "ae01ac86-119e-4cac-8eba-2dc8cee8d8de",
            "1eb87c1b-fcb9-4680-9046-a7d24752c722",
            "ca017dff-0700-4e82-832d-28095d98cfbe",
            "7b43fa49-6806-475c-8280-b7798f55d39b"
          ],
          "pending": [],
          "skipped": [],
          "duration": 17026,
          "root": false,
          "rootEmpty": false,
          "_timeout": 2000
        },
        {
          "uuid": "d3f5de0e-94c8-49b2-8c62-b65f3700d94a",
          "title": "10 - Faça o quadro de pixels ter seu tamanho definido pelo usuário.",
          "fullFile": "",
          "file": "",
          "beforeHooks": [],
          "afterHooks": [],
          "tests": [
            {
              "title": "Verifica se existe um input com o id `board-size`",
              "fullTitle": "10 - Faça o quadro de pixels ter seu tamanho definido pelo usuário. Verifica se existe um input com o id `board-size`",
              "timedOut": null,
              "duration": 4311,
              "state": "failed",
              "speed": null,
              "pass": false,
              "fail": true,
              "pending": false,
              "context": null,
              "code": "cy.get('#board-size').should('be.visible');",
              "err": {
                "message": "CypressError: Timed out retrying: Expected to find element: '#board-size', but never found it.",
                "estack": "CypressError: Timed out retrying: Expected to find element: '#board-size', but never found it.\n    at cypressErr (http://localhost:42679/__cypress/runner/cypress_runner.js:149934:9)\n    at throwErr (http://localhost:42679/__cypress/runner/cypress_runner.js:149867:11)\n    at Object.throwErrByPath (http://localhost:42679/__cypress/runner/cypress_runner.js:149915:3)\n    at retry (http://localhost:42679/__cypress/runner/cypress_runner.js:144197:19)\n    at onFailFn (http://localhost:42679/__cypress/runner/cypress_runner.js:132448:16)\n    at tryCatcher (http://localhost:42679/__cypress/runner/cypress_runner.js:167415:23)\n    at Promise._settlePromiseFromHandler (http://localhost:42679/__cypress/runner/cypress_runner.js:165351:31)\n    at Promise._settlePromise (http://localhost:42679/__cypress/runner/cypress_runner.js:165408:18)\n    at Promise._settlePromise0 (http://localhost:42679/__cypress/runner/cypress_runner.js:165453:10)\n    at Promise._settlePromises (http://localhost:42679/__cypress/runner/cypress_runner.js:165528:18)\n    at Async../node_modules/bluebird/js/release/async.js.Async._drainQueue (http://localhost:42679/__cypress/runner/cypress_runner.js:162140:16)\n    at Async../node_modules/bluebird/js/release/async.js.Async._drainQueues (http://localhost:42679/__cypress/runner/cypress_runner.js:162150:10)\n    at Async.drainQueues (http://localhost:42679/__cypress/runner/cypress_runner.js:162024:14)",
                "diff": null
              },
              "uuid": "fb876497-b284-405d-809d-bd03b9eba15f",
              "parentUUID": "d3f5de0e-94c8-49b2-8c62-b65f3700d94a",
              "isHook": false,
              "skipped": false
            },
            {
              "title": "Verifica se existe um botão com o id `generate-board`",
              "fullTitle": "10 - Faça o quadro de pixels ter seu tamanho definido pelo usuário. Verifica se existe um botão com o id `generate-board`",
              "timedOut": null,
              "duration": 4316,
              "state": "failed",
[...]
                "diff": null
              },
              "uuid": "4c40d627-b0fb-4f65-b43f-745f7a522f23",
              "parentUUID": "d3f5de0e-94c8-49b2-8c62-b65f3700d94a",
              "isHook": false,
              "skipped": false
            },
            {
              "title": "Verifica se o novo quadro tem todos os pixels preenchidos com a cor branca",
              "fullTitle": "10 - Faça o quadro de pixels ter seu tamanho definido pelo usuário. Verifica se o novo quadro tem todos os pixels preenchidos com a cor branca",
              "timedOut": null,
              "duration": 4329,
              "state": "failed",
              "speed": null,
              "pass": false,
              "fail": true,
              "pending": false,
              "context": null,
              "code": "cy.get('#board-size').clear().type(6);\ncy.get('#generate-board').click();\ncy.get('.pixel').should('have.length', 36).each(function (pixel) {\n  expect(pixel).to.have.css('background-color', WHITE);\n});",
              "err": {
                "message": "CypressError: Timed out retrying: Expected to find element: '#board-size', but never found it.",
                "estack": "CypressError: Timed out retrying: Expected to find element: '#board-size', but never found it.\n    at cypressErr (http://localhost:42679/__cypress/runner/cypress_runner.js:149934:9)\n    at throwErr (http://localhost:42679/__cypress/runner/cypress_runner.js:149867:11)\n    at Object.throwErrByPath (http://localhost:42679/__cypress/runner/cypress_runner.js:149915:3)\n    at retry (http://localhost:42679/__cypress/runner/cypress_runner.js:144197:19)\n    at onFailFn (http://localhost:42679/__cypress/runner/cypress_runner.js:132448:16)\n    at tryCatcher (http://localhost:42679/__cypress/runner/cypress_runner.js:167415:23)\n    at Promise._settlePromiseFromHandler (http://localhost:42679/__cypress/runner/cypress_runner.js:165351:31)\n    at Promise._settlePromise (http://localhost:42679/__cypress/runner/cypress_runner.js:165408:18)\n    at Promise._settlePromise0 (http://localhost:42679/__cypress/runner/cypress_runner.js:165453:10)\n    at Promise._settlePromises (http://localhost:42679/__cypress/runner/cypress_runner.js:165528:18)\n    at Async../node_modules/bluebird/js/release/async.js.Async._drainQueue (http://localhost:42679/__cypress/runner/cypress_runner.js:162140:16)\n    at Async../node_modules/bluebird/js/release/async.js.Async._drainQueues (http://localhost:42679/__cypress/runner/cypress_runner.js:162150:10)\n    at Async.drainQueues (http://localhost:42679/__cypress/runner/cypress_runner.js:162024:14)",
                "diff": null
              },
              "uuid": "bb4b2084-f0f2-4f22-8759-fe943d0df46a",
              "parentUUID": "d3f5de0e-94c8-49b2-8c62-b65f3700d94a",
              "isHook": false,
              "skipped": false
            }
          ],
          "suites": [],
          "passes": [],
          "failures": [
            "fb876497-b284-405d-809d-bd03b9eba15f",
            "73c48351-2a3a-48af-8f50-e17aff5bd43f",
            "3bcbbe27-6f9d-4f34-a3ac-969ae8519970",
            "3ad2749b-2c50-41c5-8650-c029e490b88b",
            "65b307ae-a485-47d7-99ee-1d2ff9bb0fd5",
            "462a9a80-6cdf-4664-9b61-b1cf7c5e041c",
            "37cff3f5-c3fb-4c04-8338-a09c0cb4bd4f",
            "4c40d627-b0fb-4f65-b43f-745f7a522f23",
            "bb4b2084-f0f2-4f22-8759-fe943d0df46a"
          ],
          "pending": [],
          "skipped": [],
          "duration": 38599,
          "root": false,
          "rootEmpty": false,
          "_timeout": 2000
        },
        {
          "uuid": "3f4b5bc7-b686-439c-acc4-db2f3508da9e",
          "title": "11 - Limite o tamanho mínimo e máximo do board.",
          "fullFile": "",
          "file": "",
          "beforeHooks": [],
          "afterHooks": [],
          "tests": [
            {
              "title": "Verifica se a altura máxima do board é 50",
              "fullTitle": "11 - Limite o tamanho mínimo e máximo do board. Verifica se a altura máxima do board é 50",
              "timedOut": null,
              "duration": 4287,
              "state": "failed",
              "speed": null,
              "pass": false,
              "fail": true,
              "pending": false,
              "context": null,
              "code": "cy.get('#board-size').clear().type(50);\ncy.get('#generate-board').click();\ncy.get('.pixel').should('have.length', 2500);",
              "err": {
                "message": "CypressError: Timed out retrying: Expected to find element: '#board-size', but never found it.",
                "estack": "CypressError: Timed out retrying: Expected to find element: '#board-size', but never found it.\n    at cypressErr (http://localhost:42679/__cypress/runner/cypress_runner.js:149934:9)\n    at throwErr (http://localhost:42679/__cypress/runner/cypress_runner.js:149867:11)\n    at Object.throwErrByPath (http://localhost:42679/__cypress/runner/cypress_runner.js:149915:3)\n    at retry (http://localhost:42679/__cypress/runner/cypress_runner.js:144197:19)\n    at onFailFn (http://localhost:42679/__cypress/runner/cypress_runner.js:132448:16)\n    at tryCatcher (http://localhost:42679/__cypress/runner/cypress_runner.js:167415:23)\n    at Promise._settlePromiseFromHandler (http://localhost:42679/__cypress/runner/cypress_runner.js:165351:31)\n    at Promise._settlePromise (http://localhost:42679/__cypress/runner/cypress_runner.js:165408:18)\n    at Promise._settlePromise0 (http://localhost:42679/__cypress/runner/cypress_runner.js:165453:10)\n    at Promise._settlePromises (http://localhost:42679/__cypress/runner/cypress_runner.js:165528:18)\n    at Async../node_modules/bluebird/js/release/async.js.Async._drainQueue (http://localhost:42679/__cypress/runner/cypress_runner.js:162140:16)\n    at Async../node_modules/bluebird/js/release/async.js.Async._drainQueues (http://localhost:42679/__cypress/runner/cypress_runner.js:162150:10)\n    at Async.drainQueues (http://localhost:42679/__cypress/runner/cypress_runner.js:162024:14)",
                "diff": null
              },
              "uuid": "643bc05c-c45d-4c63-a018-91453cc21199",
              "parentUUID": "3f4b5bc7-b686-439c-acc4-db2f3508da9e",
              "isHook": false,
              "skipped": false
            },
            {
              "title": "Verifica se a altura do board é 5 quando um valor menor é colocado no input",
              "fullTitle": "11 - Limite o tamanho mínimo e máximo do board. Verifica se a altura do board é 5 quando um valor menor é colocado no input",
              "timedOut": null,
              "duration": 4275,
              "state": "failed",
              "speed": null,
              "pass": false,
              "fail": true,
              "pending": false,
              "context": null,
              "code": "cy.get('#board-size').clear().type(4);\ncy.get('#generate-board').click();\ncy.get('.pixel').should('have.length', 25);",
              "err": {
                "message": "CypressError: Timed out retrying: Expected to find element: '#board-size', but never found it.",
                "estack": "CypressError: Timed out retrying: Expected to find element: '#board-size', but never found it.\n    at cypressErr (http://localhost:42679/__cypress/runner/cypress_runner.js:149934:9)\n    at throwErr (http://localhost:42679/__cypress/runner/cypress_runner.js:149867:11)\n    at Object.throwErrByPath (http://localhost:42679/__cypress/runner/cypress_runner.js:149915:3)\n    at retry (http://localhost:42679/__cypress/runner/cypress_runner.js:144197:19)\n    at onFailFn (http://localhost:42679/__cypress/runner/cypress_runner.js:132448:16)\n    at tryCatcher (http://localhost:42679/__cypress/runner/cypress_runner.js:167415:23)\n    at Promise._settlePromiseFromHandler (http://localhost:42679/__cypress/runner/cypress_runner.js:165351:31)\n    at Promise._settlePromise (http://localhost:42679/__cypress/runner/cypress_runner.js:165408:18)\n    at Promise._settlePromise0 (http://localhost:42679/__cypress/runner/cypress_runner.js:165453:10)\n    at Promise._settlePromises (http://localhost:42679/__cypress/runner/cypress_runner.js:165528:18)\n    at Async../node_modules/bluebird/js/release/async.js.Async._drainQueue (http://localhost:42679/__cypress/runner/cypress_runner.js:162140:16)\n    at Async../node_modules/bluebird/js/release/async.js.Async._drainQueues (http://localhost:42679/__cypress/runner/cypress_runner.js:162150:10)\n    at Async.drainQueues (http://localhost:42679/__cypress/runner/cypress_runner.js:162024:14)",
                "diff": null
              },
              "uuid": "01793d8f-73ed-48a5-af16-e0900a78812e",
              "parentUUID": "3f4b5bc7-b686-439c-acc4-db2f3508da9e",
              "isHook": false,
              "skipped": false
            },
            {
              "title": "Verifica se a altura do board é 50 quando um valor maior é colocado no input",
              "fullTitle": "11 - Limite o tamanho mínimo e máximo do board. Verifica se a altura do board é 50 quando um valor maior é colocado no input",
              "timedOut": null,
              "duration": 4289,
              "state": "failed",
              "speed": null,
              "pass": false,
              "fail": true,
              "pending": false,
              "context": null,
              "code": "cy.get('#board-size').clear().type(51);\ncy.get('#generate-board').click();\ncy.get('.pixel').should('have.length', 2500);",
              "err": {
                "message": "CypressError: Timed out retrying: Expected to find element: '#board-size', but never found it.",
                "estack": "CypressError: Timed out retrying: Expected to find element: '#board-size', but never found it.\n    at cypressErr (http://localhost:42679/__cypress/runner/cypress_runner.js:149934:9)\n    at throwErr (http://localhost:42679/__cypress/runner/cypress_runner.js:149867:11)\n    at Object.throwErrByPath (http://localhost:42679/__cypress/runner/cypress_runner.js:149915:3)\n    at retry (http://localhost:42679/__cypress/runner/cypress_runner.js:144197:19)\n    at onFailFn (http://localhost:42679/__cypress/runner/cypress_runner.js:132448:16)\n    at tryCatcher (http://localhost:42679/__cypress/runner/cypress_runner.js:167415:23)\n    at Promise._settlePromiseFromHandler (http://localhost:42679/__cypress/runner/cypress_runner.js:165351:31)\n    at Promise._settlePromise (http://localhost:42679/__cypress/runner/cypress_runner.js:165408:18)\n    at Promise._settlePromise0 (http://localhost:42679/__cypress/runner/cypress_runner.js:165453:10)\n    at Promise._settlePromises (http://localhost:42679/__cypress/runner/cypress_runner.js:165528:18)\n    at Async../node_modules/bluebird/js/release/async.js.Async._drainQueue (http://localhost:42679/__cypress/runner/cypress_runner.js:162140:16)\n    at Async../node_modules/bluebird/js/release/async.js.Async._drainQueues (http://localhost:42679/__cypress/runner/cypress_runner.js:162150:10)\n    at Async.drainQueues (http://localhost:42679/__cypress/runner/cypress_runner.js:162024:14)",
                "diff": null
              },
              "uuid": "69a0fa51-a43b-43fd-a293-50f0c6b77cd6",
              "parentUUID": "3f4b5bc7-b686-439c-acc4-db2f3508da9e",
              "isHook": false,
              "skipped": false
            }
          ],
          "suites": [],
          "passes": [],
          "failures": [
            "643bc05c-c45d-4c63-a018-91453cc21199",
            "01793d8f-73ed-48a5-af16-e0900a78812e",
            "69a0fa51-a43b-43fd-a293-50f0c6b77cd6"
          ],
          "pending": [],
          "skipped": [],
          "duration": 12851,
          "root": false,
          "rootEmpty": false,
          "_timeout": 2000
        },
        {
          "uuid": "64ff586c-7ea7-4a24-a96c-91f1bd15dff2",
          "title": "12 - Faça com que as cores da paleta sejam geradas aleatoriamente ao carregar a página.",
          "fullFile": "",
          "file": "",
          "beforeHooks": [],
          "afterHooks": [],
          "tests": [
            {
              "title": "Verifica se as cores geradas na paleta são diferentes a cada carregamento da página",
              "fullTitle": "12 - Faça com que as cores da paleta sejam geradas aleatoriamente ao carregar a página. Verifica se as cores geradas na paleta são diferentes a cada carregamento da página",
              "timedOut": null,
              "duration": 419,
              "state": "failed",
              "speed": null,
              "pass": false,
              "fail": true,
              "pending": false,
              "context": null,
              "code": "cy.get('.color').then(function (colors) {\n  var currentColors;\n  var previousColors;\n  previousColors = Array.from(colors).map(function (color) {\n    return Cypress.$(color).css('background-color');\n  });\n  for (var i = 0; i < 5; i += 1) {\n    cy.reload();\n    cy.get('.color').then(function (colors) {\n      currentColors = Array.from(colors).map(function (color) {\n        return Cypress.$(color).css('background-color');\n      });\n      expect(currentColors).not.to.deep.equal(previousColors);\n      previousColors = currentColors;\n    });\n  }\n});",
              "err": {
                "message": "AssertionError: expected [ Array(4) ] to not deeply equal [ Array(4) ]",
                "estack": "AssertionError: expected [ Array(4) ] to not deeply equal [ Array(4) ]\n    at getRet (http://localhost:42679/__cypress/runner/cypress_runner.js:136585:16)\n    at tryCatcher (http://localhost:42679/__cypress/runner/cypress_runner.js:167415:23)\n    at Function.Promise.attempt.Promise.try (http://localhost:42679/__cypress/runner/cypress_runner.js:164690:29)\n    at Context.thenFn (http://localhost:42679/__cypress/runner/cypress_runner.js:136599:23)\n    at Context.then (http://localhost:42679/__cypress/runner/cypress_runner.js:136971:21)\n    at Context.<anonymous> (http://localhost:42679/__cypress/runner/cypress_runner.js:148875:21)\n    at http://localhost:42679/__cypress/runner/cypress_runner.js:148351:33\n    at tryCatcher (http://localhost:42679/__cypress/runner/cypress_runner.js:167415:23)\n    at Promise._settlePromiseFromHandler (http://localhost:42679/__cypress/runner/cypress_runner.js:165351:31)\n    at Promise._settlePromise (http://localhost:42679/__cypress/runner/cypress_runner.js:165408:18)\n    at Promise._settlePromiseCtx (http://localhost:42679/__cypress/runner/cypress_runner.js:165445:10)\n    at Async../node_modules/bluebird/js/release/async.js.Async._drainQueue (http://localhost:42679/__cypress/runner/cypress_runner.js:162145:12)\n    at Async../node_modules/bluebird/js/release/async.js.Async._drainQueues (http://localhost:42679/__cypress/runner/cypress_runner.js:162150:10)\n    at Async.drainQueues (http://localhost:42679/__cypress/runner/cypress_runner.js:162024:14)",
                "diff": ""
              },
              "uuid": "c903b8cb-9645-4f43-828a-d69c7693e6e8",
              "parentUUID": "64ff586c-7ea7-4a24-a96c-91f1bd15dff2",
              "isHook": false,
              "skipped": false
            },
            {
              "title": "Verifica se a cor preta ainda está presente e é a primeira na sua paleta de cores",
              "fullTitle": "12 - Faça com que as cores da paleta sejam geradas aleatoriamente ao carregar a página. Verifica se a cor preta ainda está presente e é a primeira na sua paleta de cores",
              "timedOut": null,
              "duration": 285,
              "state": "failed",
              "speed": null,
              "pass": false,
              "fail": true,
              "pending": false,
              "context": null,
              "code": "cy.get('.color').then(function (colors) {\n  var currentColors;\n  var previousColors;\n  previousColors = Array.from(colors).map(function (color) {\n    return Cypress.$(color).css('background-color');\n  });\n  expect(previousColors[0]).to.eq(BLACK);\n  for (var i = 0; i < 5; i += 1) {\n    cy.reload();\n    cy.get('.color').then(function (colors) {\n      currentColors = Array.from(colors).map(function (color) {\n        return Cypress.$(color).css('background-color');\n      });\n      expect(currentColors[0]).to.eq(BLACK);\n      expect(currentColors).not.to.deep.equal(previousColors);\n      previousColors = currentColors;\n    });\n  }\n});",
              "err": {
                "message": "AssertionError: expected 'rgb(250, 0, 0)' to equal 'rgb(0, 0, 0)'",
                "estack": "AssertionError: expected 'rgb(250, 0, 0)' to equal 'rgb(0, 0, 0)'\n    at getRet (http://localhost:42679/__cypress/runner/cypress_runner.js:136585:16)\n    at tryCatcher (http://localhost:42679/__cypress/runner/cypress_runner.js:167415:23)\n    at Function.Promise.attempt.Promise.try (http://localhost:42679/__cypress/runner/cypress_runner.js:164690:29)\n    at Context.thenFn (http://localhost:42679/__cypress/runner/cypress_runner.js:136599:23)\n    at Context.then (http://localhost:42679/__cypress/runner/cypress_runner.js:136971:21)\n    at Context.<anonymous> (http://localhost:42679/__cypress/runner/cypress_runner.js:148875:21)\n    at http://localhost:42679/__cypress/runner/cypress_runner.js:148351:33\n    at tryCatcher (http://localhost:42679/__cypress/runner/cypress_runner.js:167415:23)\n    at Promise._settlePromiseFromHandler (http://localhost:42679/__cypress/runner/cypress_runner.js:165351:31)\n    at Promise._settlePromise (http://localhost:42679/__cypress/runner/cypress_runner.js:165408:18)\n    at Promise._settlePromiseCtx (http://localhost:42679/__cypress/runner/cypress_runner.js:165445:10)\n    at Async../node_modules/bluebird/js/release/async.js.Async._drainQueue (http://localhost:42679/__cypress/runner/cypress_runner.js:162145:12)\n    at Async../node_modules/bluebird/js/release/async.js.Async._drainQueues (http://localhost:42679/__cypress/runner/cypress_runner.js:162150:10)\n    at Async.drainQueues (http://localhost:42679/__cypress/runner/cypress_runner.js:162024:14)",
                "diff": "- 'rgb(250, 0, 0)'\n+ 'rgb(0, 0, 0)'\n"
              },
              "uuid": "f297cd8e-5a2d-431b-a63f-43a94df3216a",
              "parentUUID": "64ff586c-7ea7-4a24-a96c-91f1bd15dff2",
              "isHook": false,
              "skipped": false
            }
          ],
          "suites": [],
          "passes": [],
          "failures": [
            "c903b8cb-9645-4f43-828a-d69c7693e6e8",
            "f297cd8e-5a2d-431b-a63f-43a94df3216a"
          ],
          "pending": [],
          "skipped": [],
          "duration": 704,
          "root": false,
          "rootEmpty": false,
          "_timeout": 2000
        }
      ],
      "passes": [],
      "failures": [],
      "pending": [],
      "skipped": [],
      "duration": 0,
      "root": true,
      "rootEmpty": true,
      "_timeout": 2000
    }
  ],
  "meta": {
    "mocha": {
      "version": "7.0.1"
    },
    "mochawesome": {
      "options": {
        "quiet": false,
        "reportFilename": "mochawesome",
        "saveHtml": false,
        "saveJson": true,
        "consoleReporter": "spec",
        "useInlineDiffs": false
      },
      "version": "4.1.0"
    },
    "marge": {
      "options": {
        "id": "default",
        "reportDir": "cypress/reports",
        "overwrite": true,
        "html": false,
        "json": true
      },
      "version": "4.1.0"
    }
  }
}