{
  "stats": {
    "suites": 12,
    "tests": 41,
    "passes": 19,
    "pending": 0,
    "failures": 22,
    "start": "2021-08-04T04:55:31.963Z",
    "end": "2021-08-04T04:57:10.453Z",
    "duration": 98490,
    "testsRegistered": 41,
    "passPercent": 46.34146341463415,
    "pendingPercent": 0,
    "other": 0,
    "hasOther": false,
    "skipped": 0,
    "hasSkipped": false
  },
  "results": [
    {
      "uuid": "c43b7e41-e172-445e-9b4f-0f46dd617761",
      "title": "",
      "fullFile": "cypress/integration/project.spec.js",
      "file": "cypress/integration/project.spec.js",
      "beforeHooks": [],
      "afterHooks": [],
      "tests": [],
      "suites": [
        {
          "uuid": "e3cd58ca-d02c-444e-b4fa-7afd6437b537",
          "title": "1 - Adicione à página o título \"Paleta de Cores\".",
          "fullFile": "",
          "file": "",
          "beforeHooks": [],
          "afterHooks": [],
          "tests": [
            {
              "title": "Verifica se contém um elemento `h1` com o id `title` com o título correto",
              "fullTitle": "1 - Adicione à página o título \"Paleta de Cores\". Verifica se contém um elemento `h1` com o id `title` com o título correto",
              "timedOut": null,
              "duration": 244,
              "state": "passed",
              "speed": "slow",
              "pass": true,
              "fail": false,
              "pending": false,
              "context": null,
              "code": "cy.get('h1#title').should('contain.text', 'Paleta de Cores');",
              "err": {},
              "uuid": "2991b135-5796-487c-9b84-2d64d8328043",
              "parentUUID": "e3cd58ca-d02c-444e-b4fa-7afd6437b537",
              "isHook": false,
              "skipped": false
            }
          ],
          "suites": [],
          "passes": [
            "2991b135-5796-487c-9b84-2d64d8328043"
          ],
          "failures": [],
          "pending": [],
          "skipped": [],
          "duration": 244,
          "root": false,
          "rootEmpty": false,
          "_timeout": 2000
        },
        {
          "uuid": "fcace0da-e098-4bf7-9383-6c5ba5cccdf9",
          "title": "2 - Adicione à página uma paleta de quatro cores distintas.",
          "fullFile": "",
          "file": "",
          "beforeHooks": [],
          "afterHooks": [],
          "tests": [
            {
              "title": "A paleta de cores deve ser um elemento com `id` denominado `color-palette`",
              "fullTitle": "2 - Adicione à página uma paleta de quatro cores distintas. A paleta de cores deve ser um elemento com `id` denominado `color-palette`",
              "timedOut": null,
              "duration": 214,
              "state": "passed",
              "speed": "slow",
              "pass": true,
              "fail": false,
              "pending": false,
              "context": null,
              "code": "cy.get('#color-palette').should('be.visible');",
              "err": {},
              "uuid": "fc26daf0-8721-4f73-ab84-687bb9ea553f",
              "parentUUID": "fcace0da-e098-4bf7-9383-6c5ba5cccdf9",
              "isHook": false,
              "skipped": false
            },
            {
              "title": "Verifica se cada cor individual da paleta de cores possui a `classe` chamada `color`.",
              "fullTitle": "2 - Adicione à página uma paleta de quatro cores distintas. Verifica se cada cor individual da paleta de cores possui a `classe` chamada `color`.",
              "timedOut": null,
              "duration": 299,
              "state": "passed",
              "speed": "slow",
              "pass": true,
              "fail": false,
              "pending": false,
              "context": null,
              "code": "cy.get('.color').should('have.length', 4).then(function (colors) {\n  for (var i = 0; i < colors.length; i++) {\n    cy.wrap(colors[i]).should('be.visible');\n  }\n});",
              "err": {},
              "uuid": "c4188201-b273-45cb-98dc-2ce402fa54f6",
              "parentUUID": "fcace0da-e098-4bf7-9383-6c5ba5cccdf9",
              "isHook": false,
              "skipped": false
            },
            {
              "title": "Verifica se a cor de fundo de cada elemento da paleta é a cor que o elemento representa. **A única cor não permitida na paleta é a cor branca.**",
              "fullTitle": "2 - Adicione à página uma paleta de quatro cores distintas. Verifica se a cor de fundo de cada elemento da paleta é a cor que o elemento representa. **A única cor não permitida na paleta é a cor branca.**",
              "timedOut": null,
              "duration": 246,
              "state": "passed",
              "speed": "slow",
              "pass": true,
              "fail": false,
              "pending": false,
              "context": null,
              "code": "cy.get('.color').each(function (color) {\n  cy.wrap(color).should('have.class', 'color').and('not.have.css', 'background-color', WHITE);\n  cy.wrap(color).should('have.css', 'background-color');\n});",
              "err": {},
              "uuid": "6a91e2a0-182d-44b0-b40a-b0cf02f31a3f",
              "parentUUID": "fcace0da-e098-4bf7-9383-6c5ba5cccdf9",
              "isHook": false,
              "skipped": false
            },
            {
              "title": "Verifica se cada elemento da paleta de cores tem uma borda preta, sólida e com 1 pixel de largura;",
              "fullTitle": "2 - Adicione à página uma paleta de quatro cores distintas. Verifica se cada elemento da paleta de cores tem uma borda preta, sólida e com 1 pixel de largura;",
              "timedOut": null,
              "duration": 148,
              "state": "passed",
              "speed": "slow",
              "pass": true,
              "fail": false,
              "pending": false,
              "context": null,
              "code": "cy.get('.color').each(function (color) {\n  cy.wrap(color).and('have.css', 'border', \"1px solid \".concat(BLACK)).and('have.class', 'color');\n});",
              "err": {},
              "uuid": "d75f04d1-6ead-49a7-9a13-fbc33438e1d7",
              "parentUUID": "fcace0da-e098-4bf7-9383-6c5ba5cccdf9",
              "isHook": false,
              "skipped": false
            },
            {
              "title": "Verifica se a paleta lista todas as cores disponíveis para utilização, lado a lado.",
              "fullTitle": "2 - Adicione à página uma paleta de quatro cores distintas. Verifica se a paleta lista todas as cores disponíveis para utilização, lado a lado.",
              "timedOut": null,
              "duration": 144,
              "state": "passed",
              "speed": "slow",
              "pass": true,
              "fail": false,
              "pending": false,
              "context": null,
              "code": "cy.get('.color').then(function (colors) {\n  for (var index = 1; index < colors.length; index += 1) {\n    var currentColor = colors[index];\n    var previousColor = colors[index - 1];\n    cy.wrap(currentColor).should('be.onTheRightOf', previousColor).and('be.horizontallyAlignedWith', previousColor);\n  }\n});",
              "err": {},
              "uuid": "08b7443d-fe32-4acc-9f07-ea7a34ab450d",
              "parentUUID": "fcace0da-e098-4bf7-9383-6c5ba5cccdf9",
              "isHook": false,
              "skipped": false
            },
            {
              "title": "Verifica se a paleta de cores está posicionada abaixo do título 'Paleta de Cores'",
              "fullTitle": "2 - Adicione à página uma paleta de quatro cores distintas. Verifica se a paleta de cores está posicionada abaixo do título 'Paleta de Cores'",
              "timedOut": null,
              "duration": 120,
              "state": "passed",
              "speed": "slow",
              "pass": true,
              "fail": false,
              "pending": false,
              "context": null,
              "code": "cy.get('h1#title').then(function (title) {\n  cy.get('#color-palette').should('be.belowOf', title);\n});",
              "err": {},
              "uuid": "644c1050-7842-4f4d-b3f1-6cfd07f278d1",
              "parentUUID": "fcace0da-e098-4bf7-9383-6c5ba5cccdf9",
              "isHook": false,
              "skipped": false
            },
            {
              "title": "Verifica se a paleta de cores não contém cores repetidas.",
              "fullTitle": "2 - Adicione à página uma paleta de quatro cores distintas. Verifica se a paleta de cores não contém cores repetidas.",
              "timedOut": null,
              "duration": 100,
              "state": "passed",
              "speed": "slow",
              "pass": true,
              "fail": false,
              "pending": false,
              "context": null,
              "code": "cy.get('.color').then(function (colors) {\n  var allColors = Array.from(colors).map(function (color) {\n    return Cypress.$(color).css('background-color');\n  });\n  cy.log(allColors);\n  var uniqColors = (0, _toConsumableArray2[\"default\"])(new Set(allColors));\n  cy.log(uniqColors);\n  expect(allColors.length).to.eq(uniqColors.length);\n});",
              "err": {},
              "uuid": "a82ed300-9f9f-4d53-991c-395219fc82d7",
              "parentUUID": "fcace0da-e098-4bf7-9383-6c5ba5cccdf9",
              "isHook": false,
              "skipped": false
            }
          ],
          "suites": [],
          "passes": [
            "fc26daf0-8721-4f73-ab84-687bb9ea553f",
            "c4188201-b273-45cb-98dc-2ce402fa54f6",
            "6a91e2a0-182d-44b0-b40a-b0cf02f31a3f",
            "d75f04d1-6ead-49a7-9a13-fbc33438e1d7",
            "08b7443d-fe32-4acc-9f07-ea7a34ab450d",
            "644c1050-7842-4f4d-b3f1-6cfd07f278d1",
            "a82ed300-9f9f-4d53-991c-395219fc82d7"
          ],
          "failures": [],
          "pending": [],
          "skipped": [],
          "duration": 1271,
          "root": false,
          "rootEmpty": false,
          "_timeout": 2000
        },
        {
          "uuid": "ff9143a4-71ff-42ad-8e47-5c12217e4a1f",
          "title": "3 - Adicione a cor **preta** como a primeira cor da paleta de cores.",
          "fullFile": "",
          "file": "",
          "beforeHooks": [],
          "afterHooks": [],
          "tests": [
            {
              "title": "Verifica se a primeira cor da paleta é preta",
              "fullTitle": "3 - Adicione a cor **preta** como a primeira cor da paleta de cores. Verifica se a primeira cor da paleta é preta",
              "timedOut": null,
              "duration": 188,
              "state": "passed",
              "speed": "slow",
              "pass": true,
              "fail": false,
              "pending": false,
              "context": null,
              "code": "cy.get('.color').first().should('have.css', 'background-color', BLACK);",
              "err": {},
              "uuid": "3b0e0bb6-0867-408d-a466-6b01cd8e9b7b",
              "parentUUID": "ff9143a4-71ff-42ad-8e47-5c12217e4a1f",
              "isHook": false,
              "skipped": false
            },
            {
              "title": "Verifica se as demais cores podem ser escolhidas livremente.",
              "fullTitle": "3 - Adicione a cor **preta** como a primeira cor da paleta de cores. Verifica se as demais cores podem ser escolhidas livremente.",
              "timedOut": null,
              "duration": 292,
              "state": "passed",
              "speed": "slow",
              "pass": true,
              "fail": false,
              "pending": false,
              "context": null,
              "code": "cy.get('.color').eq(1).should('not.have.css', 'background-color', BLACK);\ncy.get('.color').eq(1).should('not.have.css', 'background-color', WHITE);\ncy.get('.color').eq(1).should('not.have.css', 'background-color', 'rgba(0, 0, 0, 0)');\ncy.get('.color').eq(1).should('have.css', 'background-color');\ncy.get('.color').eq(2).should('not.have.css', 'background-color', BLACK);\ncy.get('.color').eq(2).should('not.have.css', 'background-color', WHITE);\ncy.get('.color').eq(2).should('not.have.css', 'background-color', 'rgba(0, 0, 0, 0)');\ncy.get('.color').eq(2).should('have.css', 'background-color');\ncy.get('.color').eq(3).should('not.have.css', 'background-color', BLACK);\ncy.get('.color').eq(3).should('not.have.css', 'background-color', WHITE);\ncy.get('.color').eq(3).should('not.have.css', 'background-color', 'rgba(0, 0, 0, 0)');\ncy.get('.color').eq(3).should('have.css', 'background-color');",
              "err": {},
              "uuid": "b3ba473e-8cff-464a-9ace-5e51a3123a5a",
              "parentUUID": "ff9143a4-71ff-42ad-8e47-5c12217e4a1f",
              "isHook": false,
              "skipped": false
            }
          ],
          "suites": [],
          "passes": [
            "3b0e0bb6-0867-408d-a466-6b01cd8e9b7b",
            "b3ba473e-8cff-464a-9ace-5e51a3123a5a"
          ],
          "failures": [],
          "pending": [],
          "skipped": [],
          "duration": 480,
          "root": false,
          "rootEmpty": false,
          "_timeout": 2000
        },
        {
          "uuid": "5a1b73a4-90d8-4599-a933-b32b284afa12",
          "title": "4 - Adicione à página um quadro de pixels, com 25 pixels.",
          "fullFile": "",
          "file": "",
          "beforeHooks": [],
          "afterHooks": [],
          "tests": [
            {
              "title": "Verifica se o quadro de pixels possui o `id` denominado `pixel-board`",
              "fullTitle": "4 - Adicione à página um quadro de pixels, com 25 pixels. Verifica se o quadro de pixels possui o `id` denominado `pixel-board`",
              "timedOut": null,
              "duration": 139,
              "state": "passed",
              "speed": "slow",
              "pass": true,
              "fail": false,
              "pending": false,
              "context": null,
              "code": "cy.get('#pixel-board').should('be.visible');",
              "err": {},
              "uuid": "24dbffce-f67e-49d0-bb6d-ac41d1ed9bac",
              "parentUUID": "5a1b73a4-90d8-4599-a933-b32b284afa12",
              "isHook": false,
              "skipped": false
            },
            {
              "title": "Verifica se cada pixel individual dentro do quadro possui a `classe` denominada `pixel`.",
              "fullTitle": "4 - Adicione à página um quadro de pixels, com 25 pixels. Verifica se cada pixel individual dentro do quadro possui a `classe` denominada `pixel`.",
              "timedOut": null,
              "duration": 245,
              "state": "passed",
              "speed": "slow",
              "pass": true,
              "fail": false,
              "pending": false,
              "context": null,
              "code": "cy.get('.pixel').should('have.length', 25);",
              "err": {},
              "uuid": "a26f8c8a-87b1-4e53-b2cd-704dfb2a187c",
              "parentUUID": "5a1b73a4-90d8-4599-a933-b32b284afa12",
              "isHook": false,
              "skipped": false
            },
            {
              "title": "Verifica se a cor inicial dos pixels dentro do quadro, ao abrir a página, é branca.",
              "fullTitle": "4 - Adicione à página um quadro de pixels, com 25 pixels. Verifica se a cor inicial dos pixels dentro do quadro, ao abrir a página, é branca.",
              "timedOut": null,
              "duration": 206,
              "state": "passed",
              "speed": "slow",
              "pass": true,
              "fail": false,
              "pending": false,
              "context": null,
              "code": "cy.get('.pixel').should('have.length', 25).each(function (pixel) {\n  expect(pixel).to.have.css('background-color', WHITE);\n});",
              "err": {},
              "uuid": "a93d21ba-3618-4e76-aa4d-c6f59b74908e",
              "parentUUID": "5a1b73a4-90d8-4599-a933-b32b284afa12",
              "isHook": false,
              "skipped": false
            },
            {
              "title": "Verifica se o quadro de pixels aparece abaixo da paleta de cores",
              "fullTitle": "4 - Adicione à página um quadro de pixels, com 25 pixels. Verifica se o quadro de pixels aparece abaixo da paleta de cores",
              "timedOut": null,
              "duration": 146,
              "state": "passed",
              "speed": "slow",
              "pass": true,
              "fail": false,
              "pending": false,
              "context": null,
              "code": "cy.get('#color-palette').then(function (palette) {\n  cy.get('#pixel-board').should('be.belowOf', palette);\n});",
              "err": {},
              "uuid": "c2ee0745-6454-4f99-99f4-2b7d99812d9b",
              "parentUUID": "5a1b73a4-90d8-4599-a933-b32b284afa12",
              "isHook": false,
              "skipped": false
            }
          ],
          "suites": [],
          "passes": [
            "24dbffce-f67e-49d0-bb6d-ac41d1ed9bac",
            "a26f8c8a-87b1-4e53-b2cd-704dfb2a187c",
            "a93d21ba-3618-4e76-aa4d-c6f59b74908e",
            "c2ee0745-6454-4f99-99f4-2b7d99812d9b"
          ],
          "failures": [],
          "pending": [],
          "skipped": [],
          "duration": 736,
          "root": false,
          "rootEmpty": false,
          "_timeout": 2000
        },
        {
          "uuid": "e98804c6-b948-4c4e-8a91-e4b3d2b437e9",
          "title": "5 - Faça com que cada elemento do quadro de pixels possua 40 pixels de largura, 40 pixels de altura e seja delimitado por uma borda preta de 1 pixel.",
          "fullFile": "",
          "file": "",
          "beforeHooks": [],
          "afterHooks": [],
          "tests": [
            {
              "title": "Verifica se o quadro de pixels tem altura e comprimento de 5 elementos",
              "fullTitle": "5 - Faça com que cada elemento do quadro de pixels possua 40 pixels de largura, 40 pixels de altura e seja delimitado por uma borda preta de 1 pixel. Verifica se o quadro de pixels tem altura e comprimento de 5 elementos",
              "timedOut": null,
              "duration": 475,
              "state": "passed",
              "speed": "slow",
              "pass": true,
              "fail": false,
              "pending": false,
              "context": null,
              "code": "cy.get('.pixel').should('have.length', 25).each(function (pixel) {\n  expect(pixel).to.have.css('background-color', WHITE);\n}).and(function (pixels) {\n  var rows = chunk(pixels, 5);\n  rows.forEach(function (row) {\n    for (var index = 1; index < row.length; index += 1) {\n      var current = pixels[index];\n      var previous = pixels[index - 1];\n      cy.wrap(current).should('be.onTheRightOf', previous).and('be.horizontallyAlignedWith', previous);\n    }\n  });\n  for (var index = 1; index < 5; index += 1) {\n    expect(pixels[index * 5]).to.be.belowOf(pixels[(index - 1) * 5]);\n  }\n});",
              "err": {},
              "uuid": "d42a7a93-f6fd-40d6-a38a-94ef04c73b2c",
              "parentUUID": "e98804c6-b948-4c4e-8a91-e4b3d2b437e9",
              "isHook": false,
              "skipped": false
            },
            {
              "title": "Verifica se 40 pixels é o tamanho total do elemento, incluindo seu conteúdo e excluindo a borda preta, que deve ser criada à parte.",
              "fullTitle": "5 - Faça com que cada elemento do quadro de pixels possua 40 pixels de largura, 40 pixels de altura e seja delimitado por uma borda preta de 1 pixel. Verifica se 40 pixels é o tamanho total do elemento, incluindo seu conteúdo e excluindo a borda preta, que deve ser criada à parte.",
              "timedOut": null,
              "duration": 4247,
              "state": "failed",
              "speed": null,
              "pass": false,
              "fail": true,
              "pending": false,
              "context": null,
              "code": "cy.get('.pixel').each(function (pixel) {\n  cy.wrap(pixel).should('have.css', 'height', '40px').and('have.css', 'width', '40px').and('have.css', 'border', \"1px solid \".concat(BLACK));\n});",
              "err": {
                "message": "AssertionError: Timed out retrying: expected '<td.pixel>' to have CSS property 'height' with the value '40px', but the value was '74px'",
                "estack": "AssertionError: Timed out retrying: expected '<td.pixel>' to have CSS property 'height' with the value '40px', but the value was '74px'\n    at Context.eval (http://localhost:45825/__cypress/tests?p=cypress/integration/project.spec.js:193:22)",
                "diff": "- '74px'\n+ '40px'\n"
              },
              "uuid": "c70755af-5f12-4369-beb3-90e115467a31",
              "parentUUID": "e98804c6-b948-4c4e-8a91-e4b3d2b437e9",
              "isHook": false,
              "skipped": false
            }
          ],
          "suites": [],
          "passes": [
            "d42a7a93-f6fd-40d6-a38a-94ef04c73b2c"
          ],
          "failures": [
            "c70755af-5f12-4369-beb3-90e115467a31"
          ],
          "pending": [],
          "skipped": [],
          "duration": 4722,
          "root": false,
          "rootEmpty": false,
          "_timeout": 2000
        },
        {
          "uuid": "fb69217a-4429-4925-8a8a-c9f82c381bc2",
          "title": "6 - Defina a cor preta como cor inicial. Ao carregar a página a cor preta já deve estar selecionada para pintar os pixels",
          "fullFile": "",
          "file": "",
          "beforeHooks": [],
          "afterHooks": [],
          "tests": [
            {
              "title": "Verifica se o elemento da cor preta possui, inicialmente, a `classe` `selected`",
              "fullTitle": "6 - Defina a cor preta como cor inicial. Ao carregar a página a cor preta já deve estar selecionada para pintar os pixels Verifica se o elemento da cor preta possui, inicialmente, a `classe` `selected`",
              "timedOut": null,
              "duration": 157,
              "state": "passed",
              "speed": "slow",
              "pass": true,
              "fail": false,
              "pending": false,
              "context": null,
              "code": "cy.get('.selected').first().should('have.css', 'background-color', BLACK);",
              "err": {},
              "uuid": "2b9674f3-011b-411f-817e-878cc5849fd1",
              "parentUUID": "fb69217a-4429-4925-8a8a-c9f82c381bc2",
              "isHook": false,
              "skipped": false
            },
            {
              "title": "Verifica se nenhuma outra cor da paleta tem a `classe` `selected`",
              "fullTitle": "6 - Defina a cor preta como cor inicial. Ao carregar a página a cor preta já deve estar selecionada para pintar os pixels Verifica se nenhuma outra cor da paleta tem a `classe` `selected`",
              "timedOut": null,
              "duration": 105,
              "state": "passed",
              "speed": "slow",
              "pass": true,
              "fail": false,
              "pending": false,
              "context": null,
              "code": "cy.get('.color:not(:first-child)').each(function (color) {\n  cy.wrap(color).should('not.have.class', 'selected');\n});",
              "err": {},
              "uuid": "63c01152-5a37-4bd8-947c-d14664ef557d",
              "parentUUID": "fb69217a-4429-4925-8a8a-c9f82c381bc2",
              "isHook": false,
              "skipped": false
            }
          ],
          "suites": [],
          "passes": [
            "2b9674f3-011b-411f-817e-878cc5849fd1",
            "63c01152-5a37-4bd8-947c-d14664ef557d"
          ],
          "failures": [],
          "pending": [],
          "skipped": [],
          "duration": 262,
          "root": false,
          "rootEmpty": false,
          "_timeout": 2000
        },
        {
          "uuid": "9e7204ed-16b1-48a7-ad38-1c8597407095",
          "title": "7 - Clicar em uma das cores da paleta, faz com que ela seja selecionada e utilizada para preencher os pixels no quadro.",
          "fullFile": "",
          "file": "",
          "beforeHooks": [],
          "afterHooks": [],
          "tests": [
            {
              "title": "Verifica se somente uma cor da paleta de cores tem a classe `selected` de cada vez",
              "fullTitle": "7 - Clicar em uma das cores da paleta, faz com que ela seja selecionada e utilizada para preencher os pixels no quadro. Verifica se somente uma cor da paleta de cores tem a classe `selected` de cada vez",
              "timedOut": null,
              "duration": 304,
              "state": "failed",
              "speed": null,
              "pass": false,
              "fail": true,
              "pending": false,
              "context": null,
              "code": "cy.get('.color').each(function (selectedColor, selectedColorIndex) {\n  cy.wrap(selectedColor).click();\n  cy.get('.color').each(function (color, colorIndex) {\n    if (colorIndex === selectedColorIndex) {\n      expect(color).to.have[\"class\"]('selected');\n    } else {\n      expect(color).not.to.have[\"class\"]('selected');\n    }\n  });\n});",
              "err": {
                "message": "AssertionError: expected '<td#black.color.selected>' not to have class 'selected'",
                "estack": "AssertionError: expected '<td#black.color.selected>' not to have class 'selected'\n    at Context.eval (http://localhost:45825/__cypress/tests?p=cypress/integration/project.spec.js:221:45)",
                "diff": null
              },
              "uuid": "e4df8686-402b-489f-9604-fd7216db28ae",
              "parentUUID": "9e7204ed-16b1-48a7-ad38-1c8597407095",
              "isHook": false,
              "skipped": false
            },
            {
              "title": "Verifica se os pixels dentro do quadro não têm a classe `selected` quando são clicados",
              "fullTitle": "7 - Clicar em uma das cores da paleta, faz com que ela seja selecionada e utilizada para preencher os pixels no quadro. Verifica se os pixels dentro do quadro não têm a classe `selected` quando são clicados",
              "timedOut": null,
              "duration": 9483,
              "state": "passed",
              "speed": "slow",
              "pass": true,
              "fail": false,
              "pending": false,
              "context": null,
              "code": "cy.get('.color').each(function (color) {\n  var backgroundColor = color.css('background-color');\n  cy.wrap(color).click();\n  cy.get('.pixel').each(function (pixel) {\n    cy.wrap(pixel).click().should('not.have.class', 'selected');\n  });\n});",
              "err": {},
              "uuid": "ba2f7b9d-04f9-488a-ba75-31d5e16085aa",
              "parentUUID": "9e7204ed-16b1-48a7-ad38-1c8597407095",
              "isHook": false,
              "skipped": false
            }
          ],
          "suites": [],
          "passes": [
            "ba2f7b9d-04f9-488a-ba75-31d5e16085aa"
          ],
          "failures": [
            "e4df8686-402b-489f-9604-fd7216db28ae"
          ],
          "pending": [],
          "skipped": [],
          "duration": 9787,
          "root": false,
          "rootEmpty": false,
          "_timeout": 2000
        },
        {
          "uuid": "b6c53a5a-59d4-4be3-9012-c9620001c204",
          "title": "8 - Clicar em um pixel dentro do quadro após selecionar uma cor na paleta, faz com que o pixel seja preenchido com a cor selecionada.",
          "fullFile": "",
          "file": "",
          "beforeHooks": [],
          "afterHooks": [],
          "tests": [
            {
              "title": "Verifica se ao carregar a página deve ser possível pintar os pixels de preto",
              "fullTitle": "8 - Clicar em um pixel dentro do quadro após selecionar uma cor na paleta, faz com que o pixel seja preenchido com a cor selecionada. Verifica se ao carregar a página deve ser possível pintar os pixels de preto",
              "timedOut": null,
              "duration": 4301,
              "state": "failed",
              "speed": null,
              "pass": false,
              "fail": true,
              "pending": false,
              "context": null,
              "code": "cy.get('.pixel').each(function (pixel) {\n  cy.wrap(pixel).click().should('have.css', 'background-color', BLACK);\n});",
              "err": {
                "message": "AssertionError: Timed out retrying: expected '<td.pixel>' to have CSS property 'background-color' with the value 'rgb(0, 0, 0)', but the value was 'rgb(255, 255, 255)'",
                "estack": "AssertionError: Timed out retrying: expected '<td.pixel>' to have CSS property 'background-color' with the value 'rgb(0, 0, 0)', but the value was 'rgb(255, 255, 255)'\n    at Context.eval (http://localhost:45825/__cypress/tests?p=cypress/integration/project.spec.js:242:30)",
                "diff": "- 'rgb(255, 255, 255)'\n+ 'rgb(0, 0, 0)'\n"
              },
              "uuid": "e83bffb3-7dce-4e11-93bf-2748811cd55c",
              "parentUUID": "b6c53a5a-59d4-4be3-9012-c9620001c204",
              "isHook": false,
              "skipped": false
            },
            {
              "title": "Verifica se após selecionar uma outra cor na paleta, é possível pintar os pixels com essa cor",
              "fullTitle": "8 - Clicar em um pixel dentro do quadro após selecionar uma cor na paleta, faz com que o pixel seja preenchido com a cor selecionada. Verifica se após selecionar uma outra cor na paleta, é possível pintar os pixels com essa cor",
              "timedOut": null,
              "duration": 4413,
              "state": "failed",
              "speed": null,
              "pass": false,
              "fail": true,
              "pending": false,
              "context": null,
              "code": "cy.get('.color').each(function (color) {\n  var backgroundColor = color.css('background-color');\n  cy.wrap(color).click();\n  cy.get('.pixel').each(function (pixel) {\n    cy.wrap(pixel).click().should('have.css', 'background-color', backgroundColor);\n  });\n});",
              "err": {
                "message": "AssertionError: Timed out retrying: expected '<td.pixel>' to have CSS property 'background-color' with the value 'rgb(0, 0, 0)', but the value was 'rgb(255, 255, 255)'",
                "estack": "AssertionError: Timed out retrying: expected '<td.pixel>' to have CSS property 'background-color' with the value 'rgb(0, 0, 0)', but the value was 'rgb(255, 255, 255)'\n    at Context.eval (http://localhost:45825/__cypress/tests?p=cypress/integration/project.spec.js:250:32)",
                "diff": "- 'rgb(255, 255, 255)'\n+ 'rgb(0, 0, 0)'\n"
              },
              "uuid": "f7bf0d65-7b52-40ff-bea5-f41a0b21c373",
              "parentUUID": "b6c53a5a-59d4-4be3-9012-c9620001c204",
              "isHook": false,
              "skipped": false
            },
            {
              "title": "Verifica se somente o pixel que foi clicado foi preenchido com a cor selecionada, sem influenciar na cor dos demais pixels.",
              "fullTitle": "8 - Clicar em um pixel dentro do quadro após selecionar uma cor na paleta, faz com que o pixel seja preenchido com a cor selecionada. Verifica se somente o pixel que foi clicado foi preenchido com a cor selecionada, sem influenciar na cor dos demais pixels.",
              "timedOut": null,
              "duration": 1651,
              "state": "passed",
              "speed": "slow",
              "pass": true,
              "fail": false,
              "pending": false,
              "context": null,
              "code": "var colorToPixelIndexMap = {\n  0: 6,\n  1: 8,\n  2: 16,\n  3: 18\n};\ncy.get('.color').each(function (color, index) {\n  cy.wrap(color).click();\n  var backgroundColor = color.css('background-color');\n  var clickedPixelIndex = colorToPixelIndexMap[index];\n  cy.get('.pixel').eq(clickedPixelIndex).click();\n  cy.get('.pixel').eq(clickedPixelIndex - 1).should('not.have.css', 'background-color', backgroundColor);\n  cy.get('.pixel').eq(clickedPixelIndex + 1).should('not.have.css', 'background-color', backgroundColor);\n  cy.get('.pixel').eq(clickedPixelIndex - 5).should('not.have.css', 'background-color', backgroundColor);\n  cy.get('.pixel').eq(clickedPixelIndex + 5).should('not.have.css', 'background-color', backgroundColor);\n  cy.get('.pixel').eq(clickedPixelIndex - 6).should('not.have.css', 'background-color', backgroundColor);\n  cy.get('.pixel').eq(clickedPixelIndex - 4).should('not.have.css', 'background-color', backgroundColor);\n  cy.get('.pixel').eq(clickedPixelIndex + 4).should('not.have.css', 'background-color', backgroundColor);\n  cy.get('.pixel').eq(clickedPixelIndex + 6).should('not.have.css', 'background-color', backgroundColor);\n});",
              "err": {},
              "uuid": "3a34abee-4d29-4877-9889-fa4dc360ccc4",
              "parentUUID": "b6c53a5a-59d4-4be3-9012-c9620001c204",
              "isHook": false,
              "skipped": false
            }
          ],
          "suites": [],
          "passes": [
            "3a34abee-4d29-4877-9889-fa4dc360ccc4"
          ],
          "failures": [
            "e83bffb3-7dce-4e11-93bf-2748811cd55c",
            "f7bf0d65-7b52-40ff-bea5-f41a0b21c373"
          ],
          "pending": [],
          "skipped": [],
          "duration": 10365,
          "root": false,
          "rootEmpty": false,
          "_timeout": 2000
        },
        {
          "uuid": "f2841ebd-ea78-48ee-bbd2-9480cc3e94a8",
          "title": "9 - Crie um botão que, ao ser clicado, limpa o quadro preenchendo a cor de todos seus pixels com branco.",
          "fullFile": "",
          "file": "",
          "beforeHooks": [],
          "afterHooks": [],
          "tests": [
            {
              "title": "Verifica se o botão tem o `id` denominado `clear-board`",
              "fullTitle": "9 - Crie um botão que, ao ser clicado, limpa o quadro preenchendo a cor de todos seus pixels com branco. Verifica se o botão tem o `id` denominado `clear-board`",
              "timedOut": null,
              "duration": 4229,
              "state": "failed",
              "speed": null,
              "pass": false,
              "fail": true,
              "pending": false,
              "context": null,
              "code": "cy.get('#clear-board').should('be.visible');",
              "err": {
                "message": "AssertionError: Timed out retrying: Expected to find element: `#clear-board`, but never found it.",
                "estack": "AssertionError: Timed out retrying: Expected to find element: `#clear-board`, but never found it.\n    at Context.eval (http://localhost:45825/__cypress/tests?p=cypress/integration/project.spec.js:282:28)",
                "diff": null
              },
              "uuid": "b60bf51e-e5fa-40a0-a6b7-e06492ae3ba1",
              "parentUUID": "f2841ebd-ea78-48ee-bbd2-9480cc3e94a8",
              "isHook": false,
              "skipped": false
            },
            {
              "title": "Verifica se o botão está posicionado entre a paleta de cores e o quadro de pixels",
              "fullTitle": "9 - Crie um botão que, ao ser clicado, limpa o quadro preenchendo a cor de todos seus pixels com branco. Verifica se o botão está posicionado entre a paleta de cores e o quadro de pixels",
              "timedOut": null,
              "duration": 4188,
              "state": "failed",
              "speed": null,
              "pass": false,
              "fail": true,
              "pending": false,
              "context": null,
              "code": "cy.get('#color-palette').then(function (palette) {\n  cy.get('#clear-board').should('be.belowOf', palette);\n});\ncy.get('#clear-board').then(function (clearBtn) {\n  cy.get('#pixel-board').should('be.belowOf', clearBtn);\n});",
              "err": {
                "message": "AssertionError: Timed out retrying: Expected to find element: `#clear-board`, but never found it.",
                "estack": "AssertionError: Timed out retrying: Expected to find element: `#clear-board`, but never found it.\n    at Context.eval (http://localhost:45825/__cypress/tests?p=cypress/integration/project.spec.js:286:30)",
                "diff": null
              },
              "uuid": "192bbb22-9f8e-424e-b6a6-104580a951a8",
              "parentUUID": "f2841ebd-ea78-48ee-bbd2-9480cc3e94a8",
              "isHook": false,
              "skipped": false
            },
            {
              "title": "Verifica se o texto do botão é 'Limpar'",
              "fullTitle": "9 - Crie um botão que, ao ser clicado, limpa o quadro preenchendo a cor de todos seus pixels com branco. Verifica se o texto do botão é 'Limpar'",
              "timedOut": null,
              "duration": 4211,
              "state": "failed",
              "speed": null,
              "pass": false,
              "fail": true,
              "pending": false,
              "context": null,
              "code": "cy.get('#clear-board').should('contain.text', 'Limpar');",
              "err": {
                "message": "AssertionError: Timed out retrying: Expected to find element: `#clear-board`, but never found it.",
                "estack": "AssertionError: Timed out retrying: Expected to find element: `#clear-board`, but never found it.\n    at Context.eval (http://localhost:45825/__cypress/tests?p=cypress/integration/project.spec.js:293:28)",
                "diff": null
              },
              "uuid": "da73d19c-5242-407c-85e9-1b09e46cdbd5",
              "parentUUID": "f2841ebd-ea78-48ee-bbd2-9480cc3e94a8",
              "isHook": false,
              "skipped": false
            },
            {
              "title": "Verifica se ao clicar no botão, o quadro de pixels é totalmente preenchido de branco",
              "fullTitle": "9 - Crie um botão que, ao ser clicado, limpa o quadro preenchendo a cor de todos seus pixels com branco. Verifica se ao clicar no botão, o quadro de pixels é totalmente preenchido de branco",
              "timedOut": null,
              "duration": 4293,
              "state": "failed",
              "speed": null,
              "pass": false,
              "fail": true,
              "pending": false,
              "context": null,
              "code": "cy.get('.color').eq(1).then(function (color) {\n  var backgroundColor = color.css('background-color');\n  cy.wrap(color).click();\n  cy.get('.pixel').each(function (pixel) {\n    cy.wrap(pixel).click().should('have.css', 'background-color', backgroundColor);\n  });\n});\ncy.get('#clear-board').click();\ncy.get('.pixel').each(function (pixel) {\n  cy.wrap(pixel).should('have.css', 'background-color', WHITE);\n});",
              "err": {
                "message": "AssertionError: Timed out retrying: expected '<td.pixel>' to have CSS property 'background-color' with the value 'rgb(255, 0, 0)', but the value was 'rgb(255, 255, 255)'",
                "estack": "AssertionError: Timed out retrying: expected '<td.pixel>' to have CSS property 'background-color' with the value 'rgb(255, 0, 0)', but the value was 'rgb(255, 255, 255)'\n    at Context.eval (http://localhost:45825/__cypress/tests?p=cypress/integration/project.spec.js:300:32)",
                "diff": "- 'rgb(255, 255, 255)'\n+ 'rgb(255, 0, 0)'\n"
              },
              "uuid": "d85e029c-51a5-4262-b089-7b2c227a89fa",
              "parentUUID": "f2841ebd-ea78-48ee-bbd2-9480cc3e94a8",
              "isHook": false,
              "skipped": false
            }
          ],
          "suites": [],
          "passes": [],
          "failures": [
            "b60bf51e-e5fa-40a0-a6b7-e06492ae3ba1",
            "192bbb22-9f8e-424e-b6a6-104580a951a8",
            "da73d19c-5242-407c-85e9-1b09e46cdbd5",
            "d85e029c-51a5-4262-b089-7b2c227a89fa"
          ],
          "pending": [],
          "skipped": [],
          "duration": 16921,
          "root": false,
          "rootEmpty": false,
          "_timeout": 2000
        },
        {
          "uuid": "a1e9b256-220d-4d2f-bfdc-e9297040529a",
          "title": "10 - Faça o quadro de pixels ter seu tamanho definido pelo usuário.",
          "fullFile": "",
          "file": "",
          "beforeHooks": [],
          "afterHooks": [],
          "tests": [
            {
              "title": "Verifica se existe um input com o id `board-size`",
              "fullTitle": "10 - Faça o quadro de pixels ter seu tamanho definido pelo usuário. Verifica se existe um input com o id `board-size`",
              "timedOut": null,
              "duration": 4292,
              "state": "failed",
              "speed": null,
              "pass": false,
              "fail": true,
              "pending": false,
              "context": null,
              "code": "cy.get('#board-size').should('be.visible');",
              "err": {
                "message": "AssertionError: Timed out retrying: Expected to find element: `#board-size`, but never found it.",
                "estack": "AssertionError: Timed out retrying: Expected to find element: `#board-size`, but never found it.\n    at Context.eval (http://localhost:45825/__cypress/tests?p=cypress/integration/project.spec.js:314:27)",
                "diff": null
              },
              "uuid": "6440e6f7-0c62-4f62-b365-ac9742ded0db",
              "parentUUID": "a1e9b256-220d-4d2f-bfdc-e9297040529a",
              "isHook": false,
              "skipped": false
            },
            {
              "title": "Verifica se existe um botão com o id `generate-board`",
              "fullTitle": "10 - Faça o quadro de pixels ter seu tamanho definido pelo usuário. Verifica se existe um botão com o id `generate-board`",
              "timedOut": null,
              "duration": 4192,
              "state": "failed",
              "speed": null,
              "pass": false,
              "fail": true,
              "pending": false,
              "context": null,
              "code": "cy.get('#generate-board').should('be.visible');",
              "err": {
                "message": "AssertionError: Timed out retrying: Expected to find element: `#generate-board`, but never found it.",
                "estack": "AssertionError: Timed out retrying: Expected to find element: `#generate-board`, but never found it.\n    at Context.eval (http://localhost:45825/__cypress/tests?p=cypress/integration/project.spec.js:317:31)",
                "diff": null
              },
              "uuid": "0a173725-051b-4d20-8482-a351b326e58f",
              "parentUUID": "a1e9b256-220d-4d2f-bfdc-e9297040529a",
              "isHook": false,
              "skipped": false
            },
            {
              "title": "Verifica se o input só aceita número maiores que zero. Essa restrição deve ser feita usando os atributos do elemento `input`",
              "fullTitle": "10 - Faça o quadro de pixels ter seu tamanho definido pelo usuário. Verifica se o input só aceita número maiores que zero. Essa restrição deve ser feita usando os atributos do elemento `input`",
              "timedOut": null,
              "duration": 4198,
              "state": "failed",
              "speed": null,
              "pass": false,
              "fail": true,
              "pending": false,
              "context": null,
              "code": "cy.get('#board-size[type=\\'number\\'][min=\\'1\\']');",
              "err": {
                "message": "AssertionError: Timed out retrying: Expected to find element: `#board-size[type='number'][min='1']`, but never found it.",
                "estack": "AssertionError: Timed out retrying: Expected to find element: `#board-size[type='number'][min='1']`, but never found it.\n    at Context.eval (http://localhost:45825/__cypress/tests?p=cypress/integration/project.spec.js:320:8)",
                "diff": null
              },
              "uuid": "ec7c2724-951a-4f32-894b-fa4182155e22",
              "parentUUID": "a1e9b256-220d-4d2f-bfdc-e9297040529a",
              "isHook": false,
              "skipped": false
            },
            {
              "title": "Verifica se o botão contém o texto 'VQV'",
              "fullTitle": "10 - Faça o quadro de pixels ter seu tamanho definido pelo usuário. Verifica se o botão contém o texto 'VQV'",
              "timedOut": null,
              "duration": 4199,
              "state": "failed",
              "speed": null,
              "pass": false,
              "fail": true,
              "pending": false,
              "context": null,
              "code": "cy.get('#generate-board').contains(/vqv/i);",
              "err": {
                "message": "AssertionError: Timed out retrying: Expected to find element: `#generate-board`, but never found it.",
                "estack": "AssertionError: Timed out retrying: Expected to find element: `#generate-board`, but never found it.\n    at Context.eval (http://localhost:45825/__cypress/tests?p=cypress/integration/project.spec.js:323:8)",
                "diff": null
              },
              "uuid": "2af83d75-addb-4bd5-a0c6-b357351fb4c6",
              "parentUUID": "a1e9b256-220d-4d2f-bfdc-e9297040529a",
              "isHook": false,
              "skipped": false
            },
            {
              "title": "Verifica se o input está posicionado entre a paleta de cores e o quadro de pixels",
              "fullTitle": "10 - Faça o quadro de pixels ter seu tamanho definido pelo usuário. Verifica se o input está posicionado entre a paleta de cores e o quadro de pixels",
              "timedOut": null,
              "duration": 4207,
              "state": "failed",
              "speed": null,
              "pass": false,
              "fail": true,
              "pending": false,
              "context": null,
              "code": "cy.get('#color-palette').then(function (palette) {\n  cy.get('#board-size').should('be.belowOf', palette);\n});\ncy.get('#board-size').then(function (palette) {\n  cy.get('#pixel-board').should('be.belowOf', palette);\n});",
              "err": {
                "message": "AssertionError: Timed out retrying: Expected to find element: `#board-size`, but never found it.",
                "estack": "AssertionError: Timed out retrying: Expected to find element: `#board-size`, but never found it.\n    at Context.eval (http://localhost:45825/__cypress/tests?p=cypress/integration/project.spec.js:327:29)",
                "diff": null
              },
              "uuid": "0e17c3ca-1d79-40e0-811c-dbab6f074ee8",
              "parentUUID": "a1e9b256-220d-4d2f-bfdc-e9297040529a",
              "isHook": false,
              "skipped": false
            },
            {
              "title": "Verifica se o botão está posicionado ao lado do input",
              "fullTitle": "10 - Faça o quadro de pixels ter seu tamanho definido pelo usuário. Verifica se o botão está posicionado ao lado do input",
              "timedOut": null,
              "duration": 4210,
              "state": "failed",
              "speed": null,
              "pass": false,
              "fail": true,
              "pending": false,
              "context": null,
              "code": "cy.get('#board-size').then(function (board) {\n  cy.get('#generate-board').should('be.onTheRightOf', board);\n});",
              "err": {
                "message": "AssertionError: Timed out retrying: Expected to find element: `#board-size`, but never found it.",
                "estack": "AssertionError: Timed out retrying: Expected to find element: `#board-size`, but never found it.\n    at Context.eval (http://localhost:45825/__cypress/tests?p=cypress/integration/project.spec.js:334:8)",
                "diff": null
              },
              "uuid": "affb4c03-557c-42f0-b0a4-9f763ea1e5c8",
              "parentUUID": "a1e9b256-220d-4d2f-bfdc-e9297040529a",
              "isHook": false,
              "skipped": false
            },
            {
              "title": "Verifica se nenhum valor for colocado no input ao clicar no botão, um `alert` é exibido com o texto: 'Board inválido!'",
              "fullTitle": "10 - Faça o quadro de pixels ter seu tamanho definido pelo usuário. Verifica se nenhum valor for colocado no input ao clicar no botão, um `alert` é exibido com o texto: 'Board inválido!'",
              "timedOut": null,
              "duration": 4222,
              "state": "failed",
              "speed": null,
              "pass": false,
              "fail": true,
              "pending": false,
              "context": null,
              "code": "var alerted = false;\ncy.on('window:alert', function (msg) {\n  return alerted = msg;\n});\ncy.get('#generate-board').click().then(function () {\n  return expect(alerted).to.match(/Board inválido!/i);\n});",
              "err": {
                "message": "AssertionError: Timed out retrying: Expected to find element: `#generate-board`, but never found it.",
                "estack": "AssertionError: Timed out retrying: Expected to find element: `#generate-board`, but never found it.\n    at Context.eval (http://localhost:45825/__cypress/tests?p=cypress/integration/project.spec.js:343:8)",
                "diff": null
              },
              "uuid": "79c6e1db-dd5d-4a42-aba6-fcd61ef31e49",
              "parentUUID": "a1e9b256-220d-4d2f-bfdc-e9297040529a",
              "isHook": false,
              "skipped": false
            },
            {
              "title": "Verifica se ao clicar no botão com um valor preenchido, o tamanho do board muda.",
              "fullTitle": "10 - Faça o quadro de pixels ter seu tamanho definido pelo usuário. Verifica se ao clicar no botão com um valor preenchido, o tamanho do board muda.",
              "timedOut": null,
              "duration": 4149,
              "state": "failed",
              "speed": null,
              "pass": false,
              "fail": true,
              "pending": false,
              "context": null,
              "code": "cy.get('#board-size').clear().type(10);\ncy.get('#generate-board').click();\ncy.get('.pixel').should('have.length', 100);",
              "err": {
                "message": "AssertionError: Timed out retrying: Expected to find element: `#board-size`, but never found it.",
                "estack": "AssertionError: Timed out retrying: Expected to find element: `#board-size`, but never found it.\n    at Context.eval (http://localhost:45825/__cypress/tests?p=cypress/integration/project.spec.js:348:8)",
                "diff": null
              },
              "uuid": "d805899d-51e7-4e15-8067-834636c1a9e2",
              "parentUUID": "a1e9b256-220d-4d2f-bfdc-e9297040529a",
              "isHook": false,
              "skipped": false
            },
            {
              "title": "Verifica se o novo quadro tem todos os pixels preenchidos com a cor branca",
              "fullTitle": "10 - Faça o quadro de pixels ter seu tamanho definido pelo usuário. Verifica se o novo quadro tem todos os pixels preenchidos com a cor branca",
              "timedOut": null,
              "duration": 4184,
              "state": "failed",
              "speed": null,
              "pass": false,
              "fail": true,
              "pending": false,
              "context": null,
              "code": "cy.get('#board-size').clear().type(6);\ncy.get('#generate-board').click();\ncy.get('.pixel').should('have.length', 36).each(function (pixel) {\n  expect(pixel).to.have.css('background-color', WHITE);\n});",
              "err": {
                "message": "AssertionError: Timed out retrying: Expected to find element: `#board-size`, but never found it.",
                "estack": "AssertionError: Timed out retrying: Expected to find element: `#board-size`, but never found it.\n    at Context.eval (http://localhost:45825/__cypress/tests?p=cypress/integration/project.spec.js:353:8)",
                "diff": null
              },
              "uuid": "a8510636-b6ac-4f9e-b0ca-897639f6b189",
              "parentUUID": "a1e9b256-220d-4d2f-bfdc-e9297040529a",
              "isHook": false,
              "skipped": false
            }
          ],
          "suites": [],
          "passes": [],
          "failures": [
            "6440e6f7-0c62-4f62-b365-ac9742ded0db",
            "0a173725-051b-4d20-8482-a351b326e58f",
            "ec7c2724-951a-4f32-894b-fa4182155e22",
            "2af83d75-addb-4bd5-a0c6-b357351fb4c6",
            "0e17c3ca-1d79-40e0-811c-dbab6f074ee8",
            "affb4c03-557c-42f0-b0a4-9f763ea1e5c8",
            "79c6e1db-dd5d-4a42-aba6-fcd61ef31e49",
            "d805899d-51e7-4e15-8067-834636c1a9e2",
            "a8510636-b6ac-4f9e-b0ca-897639f6b189"
          ],
          "pending": [],
          "skipped": [],
          "duration": 37853,
          "root": false,
          "rootEmpty": false,
          "_timeout": 2000
        },
        {
          "uuid": "d0544e56-11bf-4cfc-9f16-1f6b2f7b7102",
          "title": "11 - Limite o tamanho mínimo e máximo do board.",
          "fullFile": "",
          "file": "",
          "beforeHooks": [],
          "afterHooks": [],
          "tests": [
            {
              "title": "Verifica se a altura máxima do board é 50",
              "fullTitle": "11 - Limite o tamanho mínimo e máximo do board. Verifica se a altura máxima do board é 50",
              "timedOut": null,
              "duration": 4223,
              "state": "failed",
              "speed": null,
              "pass": false,
              "fail": true,
              "pending": false,
              "context": null,
              "code": "cy.get('#board-size').clear().type(50);\ncy.get('#generate-board').click();\ncy.get('.pixel').should('have.length', 2500);",
              "err": {
                "message": "AssertionError: Timed out retrying: Expected to find element: `#board-size`, but never found it.",
                "estack": "AssertionError: Timed out retrying: Expected to find element: `#board-size`, but never found it.\n    at Context.eval (http://localhost:45825/__cypress/tests?p=cypress/integration/project.spec.js:365:8)",
                "diff": null
              },
              "uuid": "023117eb-5c6d-4b98-aff7-69e222345702",
              "parentUUID": "d0544e56-11bf-4cfc-9f16-1f6b2f7b7102",
              "isHook": false,
              "skipped": false
            },
            {
              "title": "Verifica se a altura do board é 5 quando um valor menor é colocado no input",
              "fullTitle": "11 - Limite o tamanho mínimo e máximo do board. Verifica se a altura do board é 5 quando um valor menor é colocado no input",
              "timedOut": null,
              "duration": 4207,
              "state": "failed",
              "speed": null,
              "pass": false,
              "fail": true,
              "pending": false,
              "context": null,
              "code": "cy.get('#board-size').clear().type(4);\ncy.get('#generate-board').click();\ncy.get('.pixel').should('have.length', 25);",
              "err": {
                "message": "AssertionError: Timed out retrying: Expected to find element: `#board-size`, but never found it.",
                "estack": "AssertionError: Timed out retrying: Expected to find element: `#board-size`, but never found it.\n    at Context.eval (http://localhost:45825/__cypress/tests?p=cypress/integration/project.spec.js:370:8)",
                "diff": null
              },
              "uuid": "25e7324f-0683-4f56-8156-530368febd9d",
              "parentUUID": "d0544e56-11bf-4cfc-9f16-1f6b2f7b7102",
              "isHook": false,
              "skipped": false
            },
            {
              "title": "Verifica se a altura do board é 50 quando um valor maior é colocado no input",
              "fullTitle": "11 - Limite o tamanho mínimo e máximo do board. Verifica se a altura do board é 50 quando um valor maior é colocado no input",
              "timedOut": null,
              "duration": 4319,
              "state": "failed",
              "speed": null,
              "pass": false,
              "fail": true,
              "pending": false,
              "context": null,
              "code": "cy.get('#board-size').clear().type(51);\ncy.get('#generate-board').click();\ncy.get('.pixel').should('have.length', 2500);",
              "err": {
                "message": "AssertionError: Timed out retrying: Expected to find element: `#board-size`, but never found it.",
                "estack": "AssertionError: Timed out retrying: Expected to find element: `#board-size`, but never found it.\n    at Context.eval (http://localhost:45825/__cypress/tests?p=cypress/integration/project.spec.js:375:8)",
                "diff": null
              },
              "uuid": "fdb59364-b63b-4081-8d85-d183c872afac",
              "parentUUID": "d0544e56-11bf-4cfc-9f16-1f6b2f7b7102",
              "isHook": false,
              "skipped": false
            }
          ],
          "suites": [],
          "passes": [],
          "failures": [
            "023117eb-5c6d-4b98-aff7-69e222345702",
            "25e7324f-0683-4f56-8156-530368febd9d",
            "fdb59364-b63b-4081-8d85-d183c872afac"
          ],
          "pending": [],
          "skipped": [],
          "duration": 12749,
          "root": false,
          "rootEmpty": false,
          "_timeout": 2000
        },
        {
          "uuid": "b880007e-3eaf-48a0-84ef-3445d1d52375",
          "title": "12 - Faça com que as cores da paleta sejam geradas aleatoriamente ao carregar a página.",
          "fullFile": "",
          "file": "",
          "beforeHooks": [],
          "afterHooks": [],
          "tests": [
            {
              "title": "Verifica se as cores geradas na paleta são diferentes a cada carregamento da página",
              "fullTitle": "12 - Faça com que as cores da paleta sejam geradas aleatoriamente ao carregar a página. Verifica se as cores geradas na paleta são diferentes a cada carregamento da página",
              "timedOut": null,
              "duration": 260,
              "state": "failed",
              "speed": null,
              "pass": false,
              "fail": true,
              "pending": false,
              "context": null,
              "code": "cy.get('.color').then(function (colors) {\n  var currentColors;\n  var previousColors;\n  previousColors = Array.from(colors).map(function (color) {\n    return Cypress.$(color).css('background-color');\n  });\n  for (var i = 0; i < 5; i += 1) {\n    cy.reload();\n    cy.get('.color').then(function (colors) {\n      currentColors = Array.from(colors).map(function (color) {\n        return Cypress.$(color).css('background-color');\n      });\n      expect(currentColors).not.to.deep.equal(previousColors);\n      previousColors = currentColors;\n    });\n  }\n});",
              "err": {
                "message": "AssertionError: expected [ Array(4) ] to not deeply equal [ Array(4) ]",
                "estack": "AssertionError: expected [ Array(4) ] to not deeply equal [ Array(4) ]\n    at Context.eval (http://localhost:45825/__cypress/tests?p=cypress/integration/project.spec.js:398:45)",
                "diff": ""
              },
              "uuid": "c3033b6f-8c73-40ec-8615-6a73838ad9ca",
              "parentUUID": "b880007e-3eaf-48a0-84ef-3445d1d52375",
              "isHook": false,
              "skipped": false
            },
            {
              "title": "Verifica se a cor preta ainda está presente e é a primeira na sua paleta de cores",
              "fullTitle": "12 - Faça com que as cores da paleta sejam geradas aleatoriamente ao carregar a página. Verifica se a cor preta ainda está presente e é a primeira na sua paleta de cores",
              "timedOut": null,
              "duration": 227,
              "state": "failed",
              "speed": null,
              "pass": false,
              "fail": true,
              "pending": false,
              "context": null,
              "code": "cy.get('.color').then(function (colors) {\n  var currentColors;\n  var previousColors;\n  previousColors = Array.from(colors).map(function (color) {\n    return Cypress.$(color).css('background-color');\n  });\n  expect(previousColors[0]).to.eq(BLACK);\n  for (var i = 0; i < 5; i += 1) {\n    cy.reload();\n    cy.get('.color').then(function (colors) {\n      currentColors = Array.from(colors).map(function (color) {\n        return Cypress.$(color).css('background-color');\n      });\n      expect(currentColors[0]).to.eq(BLACK);\n      expect(currentColors).not.to.deep.equal(previousColors);\n      previousColors = currentColors;\n    });\n  }\n});",
              "err": {
                "message": "AssertionError: expected [ Array(4) ] to not deeply equal [ Array(4) ]",
                "estack": "AssertionError: expected [ Array(4) ] to not deeply equal [ Array(4) ]\n    at Context.eval (http://localhost:45825/__cypress/tests?p=cypress/integration/project.spec.js:420:45)",
                "diff": ""
              },
              "uuid": "55bbd1d7-08f2-44ad-92d6-9fa844627a38",
              "parentUUID": "b880007e-3eaf-48a0-84ef-3445d1d52375",
              "isHook": false,
              "skipped": false
            }
          ],
          "suites": [],
          "passes": [],
          "failures": [
            "c3033b6f-8c73-40ec-8615-6a73838ad9ca",
            "55bbd1d7-08f2-44ad-92d6-9fa844627a38"
          ],
          "pending": [],
          "skipped": [],
          "duration": 487,
          "root": false,
          "rootEmpty": false,
          "_timeout": 2000
        }
      ],
      "passes": [],
      "failures": [],
      "pending": [],
      "skipped": [],
      "duration": 0,
      "root": true,
      "rootEmpty": true,
      "_timeout": 2000
    }
  ],
  "meta": {
    "mocha": {
      "version": "7.0.1"
    },
    "mochawesome": {
      "options": {
        "quiet": false,
        "reportFilename": "mochawesome",
        "saveHtml": false,
        "saveJson": true,
        "consoleReporter": "spec",
        "useInlineDiffs": false
      },
      "version": "4.1.0"
    },
    "marge": {
      "options": {
        "id": "default",
        "reportDir": "cypress/reports",
        "overwrite": true,
        "html": false,
        "json": true
      },
      "version": "4.1.0"
    }
  }
}