{
  "stats": {
    "suites": 12,
    "tests": 41,
    "passes": 1,
    "pending": 0,
    "failures": 40,
    "start": "2021-07-08T17:44:15.205Z",
    "end": "2021-07-08T17:47:07.878Z",
    "duration": 172673,
    "testsRegistered": 41,
    "passPercent": 2.4390243902439024,
    "pendingPercent": 0,
    "other": 0,
    "hasOther": false,
    "skipped": 0,
    "hasSkipped": false
  },
  "results": [
    {
      "uuid": "c29c5450-21df-456c-a1c0-fb6c89c30bf8",
      "title": "",
      "fullFile": "cypress/integration/project.spec.js",
      "file": "cypress/integration/project.spec.js",
      "beforeHooks": [],
      "afterHooks": [],
      "tests": [],
      "suites": [
        {
          "uuid": "bb4aad8d-efd2-4d61-9a1f-f25376b912d3",
          "title": "1 - Adicione à página o título \"Paleta de Cores\".",
          "fullFile": "",
          "file": "",
          "beforeHooks": [],
          "afterHooks": [],
          "tests": [
            {
              "title": "Verifica se contém um elemento `h1` com o id `title` com o título correto",
              "fullTitle": "1 - Adicione à página o título \"Paleta de Cores\". Verifica se contém um elemento `h1` com o id `title` com o título correto",
              "timedOut": null,
              "duration": 164,
              "state": "passed",
              "speed": "slow",
              "pass": true,
              "fail": false,
              "pending": false,
              "context": null,
              "code": "cy.get('h1#title').should('contain.text', 'Paleta de Cores');",
              "err": {},
              "uuid": "695ea193-1d3b-4a90-9cef-061c320bb988",
              "parentUUID": "bb4aad8d-efd2-4d61-9a1f-f25376b912d3",
              "isHook": false,
              "skipped": false
            }
          ],
          "suites": [],
          "passes": [
            "695ea193-1d3b-4a90-9cef-061c320bb988"
          ],
          "failures": [],
          "pending": [],
          "skipped": [],
          "duration": 164,
          "root": false,
          "rootEmpty": false,
          "_timeout": 2000
        },
        {
          "uuid": "949c9e9c-c62c-4168-b840-7b832f32f4d2",
          "title": "2 - Adicione à página uma paleta de quatro cores distintas.",
          "fullFile": "",
          "file": "",
          "beforeHooks": [],
          "afterHooks": [],
          "tests": [
            {
              "title": "A paleta de cores deve ser um elemento com `id` denominado `color-palette`",
              "fullTitle": "2 - Adicione à página uma paleta de quatro cores distintas. A paleta de cores deve ser um elemento com `id` denominado `color-palette`",
              "timedOut": null,
              "duration": 4220,
              "state": "failed",
              "speed": null,
              "pass": false,
              "fail": true,
              "pending": false,
              "context": null,
              "code": "cy.get('#color-palette').should('be.visible');",
              "err": {
                "message": "CypressError: Timed out retrying: Expected to find element: '#color-palette', but never found it.",
                "estack": "CypressError: Timed out retrying: Expected to find element: '#color-palette', but never found it.\n    at cypressErr (http://localhost:34257/__cypress/runner/cypress_runner.js:149934:9)\n    at throwErr (http://localhost:34257/__cypress/runner/cypress_runner.js:149867:11)\n    at Object.throwErrByPath (http://localhost:34257/__cypress/runner/cypress_runner.js:149915:3)\n    at retry (http://localhost:34257/__cypress/runner/cypress_runner.js:144197:19)\n    at onFailFn (http://localhost:34257/__cypress/runner/cypress_runner.js:132448:16)\n    at tryCatcher (http://localhost:34257/__cypress/runner/cypress_runner.js:167415:23)\n    at Promise._settlePromiseFromHandler (http://localhost:34257/__cypress/runner/cypress_runner.js:165351:31)\n    at Promise._settlePromise (http://localhost:34257/__cypress/runner/cypress_runner.js:165408:18)\n    at Promise._settlePromise0 (http://localhost:34257/__cypress/runner/cypress_runner.js:165453:10)\n    at Promise._settlePromises (http://localhost:34257/__cypress/runner/cypress_runner.js:165528:18)\n    at Async../node_modules/bluebird/js/release/async.js.Async._drainQueue (http://localhost:34257/__cypress/runner/cypress_runner.js:162140:16)\n    at Async../node_modules/bluebird/js/release/async.js.Async._drainQueues (http://localhost:34257/__cypress/runner/cypress_runner.js:162150:10)\n    at Async.drainQueues (http://localhost:34257/__cypress/runner/cypress_runner.js:162024:14)",
                "diff": null
              },
              "uuid": "53eb5e96-53f9-4f53-8e84-2747ac60fb44",
              "parentUUID": "949c9e9c-c62c-4168-b840-7b832f32f4d2",
              "isHook": false,
              "skipped": false
            },
            {
              "title": "Verifica se cada cor individual da paleta de cores possui a `classe` chamada `color`.",
              "fullTitle": "2 - Adicione à página uma paleta de quatro cores distintas. Verifica se cada cor individual da paleta de cores possui a `classe` chamada `color`.",
              "timedOut": null,
              "duration": 4222,
              "state": "failed",
              "speed": null,
              "pass": false,
              "fail": true,
              "pending": false,
              "context": null,
              "code": "cy.get('.color').should('have.length', 4).then(function (colors) {\n  for (var i = 0; i < colors.length; i++) {\n    cy.wrap(colors[i]).should('be.visible');\n  }\n});",
              "err": {
                "message": "CypressError: Timed out retrying: Expected to find element: '.color', but never found it.",
                "estack": "CypressError: Timed out retrying: Expected to find element: '.color', but never found it.\n    at cypressErr (http://localhost:34257/__cypress/runner/cypress_runner.js:149934:9)\n    at throwErr (http://localhost:34257/__cypress/runner/cypress_runner.js:149867:11)\n    at Object.throwErrByPath (http://localhost:34257/__cypress/runner/cypress_runner.js:149915:3)\n    at retry (http://localhost:34257/__cypress/runner/cypress_runner.js:144197:19)\n    at onFailFn (http://localhost:34257/__cypress/runner/cypress_runner.js:132448:16)\n    at tryCatcher (http://localhost:34257/__cypress/runner/cypress_runner.js:167415:23)\n    at Promise._settlePromiseFromHandler (http://localhost:34257/__cypress/runner/cypress_runner.js:165351:31)\n    at Promise._settlePromise (http://localhost:34257/__cypress/runner/cypress_runner.js:165408:18)\n    at Promise._settlePromise0 (http://localhost:34257/__cypress/runner/cypress_runner.js:165453:10)\n    at Promise._settlePromises (http://localhost:34257/__cypress/runner/cypress_runner.js:165528:18)\n    at Async../node_modules/bluebird/js/release/async.js.Async._drainQueue (http://localhost:34257/__cypress/runner/cypress_runner.js:162140:16)\n    at Async../node_modules/bluebird/js/release/async.js.Async._drainQueues (http://localhost:34257/__cypress/runner/cypress_runner.js:162150:10)\n    at Async.drainQueues (http://localhost:34257/__cypress/runner/cypress_runner.js:162024:14)",
                "diff": null
              },
              "uuid": "f053a281-1d8c-405b-a3a9-dfd0ba977c3d",
              "parentUUID": "949c9e9c-c62c-4168-b840-7b832f32f4d2",
              "isHook": false,
              "skipped": false
            },
            {
              "title": "Verifica se a cor de fundo de cada elemento da paleta é a cor que o elemento representa. **A única cor não permitida na paleta é a cor branca.**",
              "fullTitle": "2 - Adicione à página uma paleta de quatro cores distintas. Verifica se a cor de fundo de cada elemento da paleta é a cor que o elemento representa. **A única cor não permitida na paleta é a cor branca.**",
              "timedOut": null,
              "duration": 4279,
              "state": "failed",
              "speed": null,
              "pass": false,
              "fail": true,
              "pending": false,
              "context": null,
              "code": "cy.get('.color').each(function (color) {\n  cy.wrap(color).should('have.class', 'color').and('not.have.css', 'background-color', WHITE);\n  cy.wrap(color).should('have.css', 'background-color');\n});",
              "err": {
                "message": "CypressError: Timed out retrying: Expected to find element: '.color', but never found it.",
                "estack": "CypressError: Timed out retrying: Expected to find element: '.color', but never found it.\n    at cypressErr (http://localhost:34257/__cypress/runner/cypress_runner.js:149934:9)\n    at throwErr (http://localhost:34257/__cypress/runner/cypress_runner.js:149867:11)\n    at Object.throwErrByPath (http://localhost:34257/__cypress/runner/cypress_runner.js:149915:3)\n    at retry (http://localhost:34257/__cypress/runner/cypress_runner.js:144197:19)\n    at onFailFn (http://localhost:34257/__cypress/runner/cypress_runner.js:132448:16)\n    at tryCatcher (http://localhost:34257/__cypress/runner/cypress_runner.js:167415:23)\n    at Promise._settlePromiseFromHandler (http://localhost:34257/__cypress/runner/cypress_runner.js:165351:31)\n    at Promise._settlePromise (http://localhost:34257/__cypress/runner/cypress_runner.js:165408:18)\n    at Promise._settlePromise0 (http://localhost:34257/__cypress/runner/cypress_runner.js:165453:10)\n    at Promise._settlePromises (http://localhost:34257/__cypress/runner/cypress_runner.js:165528:18)\n    at Async../node_modules/bluebird/js/release/async.js.Async._drainQueue (http://localhost:34257/__cypress/runner/cypress_runner.js:162140:16)\n    at Async../node_modules/bluebird/js/release/async.js.Async._drainQueues (http://localhost:34257/__cypress/runner/cypress_runner.js:162150:10)\n    at Async.drainQueues (http://localhost:34257/__cypress/runner/cypress_runner.js:162024:14)",
                "diff": null
              },
              "uuid": "41b9c757-8421-4791-937a-c8d45cc765e4",
              "parentUUID": "949c9e9c-c62c-4168-b840-7b832f32f4d2",
              "isHook": false,
              "skipped": false
            },
            {
              "title": "Verifica se cada elemento da paleta de cores tem uma borda preta, sólida e com 1 pixel de largura;",
              "fullTitle": "2 - Adicione à página uma paleta de quatro cores distintas. Verifica se cada elemento da paleta de cores tem uma borda preta, sólida e com 1 pixel de largura;",
              "timedOut": null,
              "duration": 4231,
              "state": "failed",
              "speed": null,
              "pass": false,
              "fail": true,
              "pending": false,
              "context": null,
              "code": "cy.get('.color').each(function (color) {\n  cy.wrap(color).and('have.css', 'border', \"1px solid \".concat(BLACK)).and('have.class', 'color');\n});",
              "err": {
                "message": "CypressError: Timed out retrying: Expected to find element: '.color', but never found it.",
                "estack": "CypressError: Timed out retrying: Expected to find element: '.color', but never found it.\n    at cypressErr (http://localhost:34257/__cypress/runner/cypress_runner.js:149934:9)\n    at throwErr (http://localhost:34257/__cypress/runner/cypress_runner.js:149867:11)\n    at Object.throwErrByPath (http://localhost:34257/__cypress/runner/cypress_runner.js:149915:3)\n    at retry (http://localhost:34257/__cypress/runner/cypress_runner.js:144197:19)\n    at onFailFn (http://localhost:34257/__cypress/runner/cypress_runner.js:132448:16)\n    at tryCatcher (http://localhost:34257/__cypress/runner/cypress_runner.js:167415:23)\n    at Promise._settlePromiseFromHandler (http://localhost:34257/__cypress/runner/cypress_runner.js:165351:31)\n    at Promise._settlePromise (http://localhost:34257/__cypress/runner/cypress_runner.js:165408:18)\n    at Promise._settlePromise0 (http://localhost:34257/__cypress/runner/cypress_runner.js:165453:10)\n    at Promise._settlePromises (http://localhost:34257/__cypress/runner/cypress_runner.js:165528:18)\n    at Async../node_modules/bluebird/js/release/async.js.Async._drainQueue (http://localhost:34257/__cypress/runner/cypress_runner.js:162140:16)\n    at Async../node_modules/bluebird/js/release/async.js.Async._drainQueues (http://localhost:34257/__cypress/runner/cypress_runner.js:162150:10)\n    at Async.drainQueues (http://localhost:34257/__cypress/runner/cypress_runner.js:162024:14)",
                "diff": null
              },
              "uuid": "b06b9325-545f-41b3-a709-92e7a5aeb9b1",
              "parentUUID": "949c9e9c-c62c-4168-b840-7b832f32f4d2",
              "isHook": false,
              "skipped": false
            },
            {
              "title": "Verifica se a paleta lista todas as cores disponíveis para utilização, lado a lado.",
              "fullTitle": "2 - Adicione à página uma paleta de quatro cores distintas. Verifica se a paleta lista todas as cores disponíveis para utilização, lado a lado.",
              "timedOut": null,
              "duration": 4330,
              "state": "failed",
              "speed": null,
              "pass": false,
              "fail": true,
              "pending": false,
              "context": null,
              "code": "cy.get('.color').then(function (colors) {\n  for (var index = 1; index < colors.length; index += 1) {\n    var currentColor = colors[index];\n    var previousColor = colors[index - 1];\n    cy.wrap(currentColor).should('be.onTheRightOf', previousColor).and('be.horizontallyAlignedWith', previousColor);\n  }\n});",
              "err": {
                "message": "CypressError: Timed out retrying: Expected to find element: '.color', but never found it.",
                "estack": "CypressError: Timed out retrying: Expected to find element: '.color', but never found it.\n    at cypressErr (http://localhost:34257/__cypress/runner/cypress_runner.js:149934:9)\n    at throwErr (http://localhost:34257/__cypress/runner/cypress_runner.js:149867:11)\n    at Object.throwErrByPath (http://localhost:34257/__cypress/runner/cypress_runner.js:149915:3)\n    at retry (http://localhost:34257/__cypress/runner/cypress_runner.js:144197:19)\n    at onFailFn (http://localhost:34257/__cypress/runner/cypress_runner.js:132448:16)\n    at tryCatcher (http://localhost:34257/__cypress/runner/cypress_runner.js:167415:23)\n    at Promise._settlePromiseFromHandler (http://localhost:34257/__cypress/runner/cypress_runner.js:165351:31)\n    at Promise._settlePromise (http://localhost:34257/__cypress/runner/cypress_runner.js:165408:18)\n    at Promise._settlePromise0 (http://localhost:34257/__cypress/runner/cypress_runner.js:165453:10)\n    at Promise._settlePromises (http://localhost:34257/__cypress/runner/cypress_runner.js:165528:18)\n    at Async../node_modules/bluebird/js/release/async.js.Async._drainQueue (http://localhost:34257/__cypress/runner/cypress_runner.js:162140:16)\n    at Async../node_modules/bluebird/js/release/async.js.Async._drainQueues (http://localhost:34257/__cypress/runner/cypress_runner.js:162150:10)\n    at Async.drainQueues (http://localhost:34257/__cypress/runner/cypress_runner.js:162024:14)",
                "diff": null
              },
              "uuid": "48f8385a-023e-46c0-818c-7d4aeec5d949",
              "parentUUID": "949c9e9c-c62c-4168-b840-7b832f32f4d2",
              "isHook": false,
              "skipped": false
            },
            {
              "title": "Verifica se a paleta de cores está posicionada abaixo do título 'Paleta de Cores'",
              "fullTitle": "2 - Adicione à página uma paleta de quatro cores distintas. Verifica se a paleta de cores está posicionada abaixo do título 'Paleta de Cores'",
              "timedOut": null,
              "duration": 4252,
              "state": "failed",
              "speed": null,
              "pass": false,
              "fail": true,
              "pending": false,
              "context": null,
              "code": "cy.get('h1#title').then(function (title) {\n  cy.get('#color-palette').should('be.belowOf', title);\n});",
              "err": {
                "message": "CypressError: Timed out retrying: Expected to find element: '#color-palette', but never found it.",
                "estack": "CypressError: Timed out retrying: Expected to find element: '#color-palette', but never found it.\n    at cypressErr (http://localhost:34257/__cypress/runner/cypress_runner.js:149934:9)\n    at throwErr (http://localhost:34257/__cypress/runner/cypress_runner.js:149867:11)\n    at Object.throwErrByPath (http://localhost:34257/__cypress/runner/cypress_runner.js:149915:3)\n    at retry (http://localhost:34257/__cypress/runner/cypress_runner.js:144197:19)\n    at onFailFn (http://localhost:34257/__cypress/runner/cypress_runner.js:132448:16)\n    at tryCatcher (http://localhost:34257/__cypress/runner/cypress_runner.js:167415:23)\n    at Promise._settlePromiseFromHandler (http://localhost:34257/__cypress/runner/cypress_runner.js:165351:31)\n    at Promise._settlePromise (http://localhost:34257/__cypress/runner/cypress_runner.js:165408:18)\n    at Promise._settlePromise0 (http://localhost:34257/__cypress/runner/cypress_runner.js:165453:10)\n    at Promise._settlePromises (http://localhost:34257/__cypress/runner/cypress_runner.js:165528:18)\n    at Async../node_modules/bluebird/js/release/async.js.Async._drainQueue (http://localhost:34257/__cypress/runner/cypress_runner.js:162140:16)\n    at Async../node_modules/bluebird/js/release/async.js.Async._drainQueues (http://localhost:34257/__cypress/runner/cypress_runner.js:162150:10)\n    at Async.drainQueues (http://localhost:34257/__cypress/runner/cypress_runner.js:162024:14)",
                "diff": null
              },
              "uuid": "07dc05ec-7b01-4e48-8da1-66c502895010",
              "parentUUID": "949c9e9c-c62c-4168-b840-7b832f32f4d2",
              "isHook": false,
              "skipped": false
            },
            {
              "title": "Verifica se a paleta de cores não contém cores repetidas.",
              "fullTitle": "2 - Adicione à página uma paleta de quatro cores distintas. Verifica se a paleta de cores não contém cores repetidas.",
              "timedOut": null,
              "duration": 4387,
              "state": "failed",
              "speed": null,
              "pass": false,
              "fail": true,
              "pending": false,
              "context": null,
              "code": "cy.get('.color').then(function (colors) {\n  var allColors = Array.from(colors).map(function (color) {\n    return Cypress.$(color).css('background-color');\n  });\n  cy.log(allColors);\n  var uniqColors = (0, _toConsumableArray2[\"default\"])(new Set(allColors));\n  cy.log(uniqColors);\n  expect(allColors.length).to.eq(uniqColors.length);\n});",
              "err": {
                "message": "CypressError: Timed out retrying: Expected to find element: '.color', but never found it.",
                "estack": "CypressError: Timed out retrying: Expected to find element: '.color', but never found it.\n    at cypressErr (http://localhost:34257/__cypress/runner/cypress_runner.js:149934:9)\n    at throwErr (http://localhost:34257/__cypress/runner/cypress_runner.js:149867:11)\n    at Object.throwErrByPath (http://localhost:34257/__cypress/runner/cypress_runner.js:149915:3)\n    at retry (http://localhost:34257/__cypress/runner/cypress_runner.js:144197:19)\n    at onFailFn (http://localhost:34257/__cypress/runner/cypress_runner.js:132448:16)\n    at tryCatcher (http://localhost:34257/__cypress/runner/cypress_runner.js:167415:23)\n    at Promise._settlePromiseFromHandler (http://localhost:34257/__cypress/runner/cypress_runner.js:165351:31)\n    at Promise._settlePromise (http://localhost:34257/__cypress/runner/cypress_runner.js:165408:18)\n    at Promise._settlePromise0 (http://localhost:34257/__cypress/runner/cypress_runner.js:165453:10)\n    at Promise._settlePromises (http://localhost:34257/__cypress/runner/cypress_runner.js:165528:18)\n    at Async../node_modules/bluebird/js/release/async.js.Async._drainQueue (http://localhost:34257/__cypress/runner/cypress_runner.js:162140:16)\n    at Async../node_modules/bluebird/js/release/async.js.Async._drainQueues (http://localhost:34257/__cypress/runner/cypress_runner.js:162150:10)\n    at Async.drainQueues (http://localhost:34257/__cypress/runner/cypress_runner.js:162024:14)",
                "diff": null
              },
              "uuid": "b87bc768-01fe-48d9-a095-7d05b1f05a7f",
              "parentUUID": "949c9e9c-c62c-4168-b840-7b832f32f4d2",
              "isHook": false,
              "skipped": false
            }
          ],
          "suites": [],
          "passes": [],
          "failures": [
            "53eb5e96-53f9-4f53-8e84-2747ac60fb44",
            "f053a281-1d8c-405b-a3a9-dfd0ba977c3d",
            "41b9c757-8421-4791-937a-c8d45cc765e4",
            "b06b9325-545f-41b3-a709-92e7a5aeb9b1",
            "48f8385a-023e-46c0-818c-7d4aeec5d949",
            "07dc05ec-7b01-4e48-8da1-66c502895010",
            "b87bc768-01fe-48d9-a095-7d05b1f05a7f"
          ],
          "pending": [],
          "skipped": [],
          "duration": 29921,
          "root": false,
          "rootEmpty": false,
          "_timeout": 2000
        },
        {
          "uuid": "408b6c88-58c4-4ef8-a820-2242868bc2d4",
          "title": "3 - Adicione a cor **preta** como a primeira cor da paleta de cores.",
          "fullFile": "",
          "file": "",
          "beforeHooks": [],
          "afterHooks": [],
          "tests": [
            {
              "title": "Verifica se a primeira cor da paleta é preta",
              "fullTitle": "3 - Adicione a cor **preta** como a primeira cor da paleta de cores. Verifica se a primeira cor da paleta é preta",
              "timedOut": null,
              "duration": 4258,
              "state": "failed",
              "speed": null,
              "pass": false,
              "fail": true,
              "pending": false,
              "context": null,
              "code": "cy.get('.color').first().should('have.css', 'background-color', BLACK);",
              "err": {
                "message": "CypressError: Timed out retrying: Expected to find element: '.color', but never found it.",
                "estack": "CypressError: Timed out retrying: Expected to find element: '.color', but never found it.\n    at cypressErr (http://localhost:34257/__cypress/runner/cypress_runner.js:149934:9)\n    at throwErr (http://localhost:34257/__cypress/runner/cypress_runner.js:149867:11)\n    at Object.throwErrByPath (http://localhost:34257/__cypress/runner/cypress_runner.js:149915:3)\n    at retry (http://localhost:34257/__cypress/runner/cypress_runner.js:144197:19)\n    at onFailFn (http://localhost:34257/__cypress/runner/cypress_runner.js:132448:16)\n    at tryCatcher (http://localhost:34257/__cypress/runner/cypress_runner.js:167415:23)\n    at Promise._settlePromiseFromHandler (http://localhost:34257/__cypress/runner/cypress_runner.js:165351:31)\n    at Promise._settlePromise (http://localhost:34257/__cypress/runner/cypress_runner.js:165408:18)\n    at Promise._settlePromise0 (http://localhost:34257/__cypress/runner/cypress_runner.js:165453:10)\n    at Promise._settlePromises (http://localhost:34257/__cypress/runner/cypress_runner.js:165528:18)\n    at Async../node_modules/bluebird/js/release/async.js.Async._drainQueue (http://localhost:34257/__cypress/runner/cypress_runner.js:162140:16)\n    at Async../node_modules/bluebird/js/release/async.js.Async._drainQueues (http://localhost:34257/__cypress/runner/cypress_runner.js:162150:10)\n    at Async.drainQueues (http://localhost:34257/__cypress/runner/cypress_runner.js:162024:14)",
                "diff": null
              },
              "uuid": "f990dc4a-d8fa-4f92-bb0f-1a376a21cefb",
              "parentUUID": "408b6c88-58c4-4ef8-a820-2242868bc2d4",
              "isHook": false,
              "skipped": false
            },
            {
              "title": "Verifica se as demais cores podem ser escolhidas livremente.",
              "fullTitle": "3 - Adicione a cor **preta** como a primeira cor da paleta de cores. Verifica se as demais cores podem ser escolhidas livremente.",
              "timedOut": null,
              "duration": 4247,
              "state": "failed",
              "speed": null,
              "pass": false,
              "fail": true,
              "pending": false,
              "context": null,
              "code": "cy.get('.color').eq(1).should('not.have.css', 'background-color', BLACK);\ncy.get('.color').eq(1).should('not.have.css', 'background-color', WHITE);\ncy.get('.color').eq(1).should('not.have.css', 'background-color', 'rgba(0, 0, 0, 0)');\ncy.get('.color').eq(1).should('have.css', 'background-color');\ncy.get('.color').eq(2).should('not.have.css', 'background-color', BLACK);\ncy.get('.color').eq(2).should('not.have.css', 'background-color', WHITE);\ncy.get('.color').eq(2).should('not.have.css', 'background-color', 'rgba(0, 0, 0, 0)');\ncy.get('.color').eq(2).should('have.css', 'background-color');\ncy.get('.color').eq(3).should('not.have.css', 'background-color', BLACK);\ncy.get('.color').eq(3).should('not.have.css', 'background-color', WHITE);\ncy.get('.color').eq(3).should('not.have.css', 'background-color', 'rgba(0, 0, 0, 0)');\ncy.get('.color').eq(3).should('have.css', 'background-color');",
              "err": {
                "message": "CypressError: Timed out retrying: Expected to find element: '.color', but never found it.",
                "estack": "CypressError: Timed out retrying: Expected to find element: '.color', but never found it.\n    at cypressErr (http://localhost:34257/__cypress/runner/cypress_runner.js:149934:9)\n    at throwErr (http://localhost:34257/__cypress/runner/cypress_runner.js:149867:11)\n    at Object.throwErrByPath (http://localhost:34257/__cypress/runner/cypress_runner.js:149915:3)\n    at retry (http://localhost:34257/__cypress/runner/cypress_runner.js:144197:19)\n    at onFailFn (http://localhost:34257/__cypress/runner/cypress_runner.js:132448:16)\n    at tryCatcher (http://localhost:34257/__cypress/runner/cypress_runner.js:167415:23)\n    at Promise._settlePromiseFromHandler (http://localhost:34257/__cypress/runner/cypress_runner.js:165351:31)\n    at Promise._settlePromise (http://localhost:34257/__cypress/runner/cypress_runner.js:165408:18)\n    at Promise._settlePromise0 (http://localhost:34257/__cypress/runner/cypress_runner.js:165453:10)\n    at Promise._settlePromises (http://localhost:34257/__cypress/runner/cypress_runner.js:165528:18)\n    at Async../node_modules/bluebird/js/release/async.js.Async._drainQueue (http://localhost:34257/__cypress/runner/cypress_runner.js:162140:16)\n    at Async../node_modules/bluebird/js/release/async.js.Async._drainQueues (http://localhost:34257/__cypress/runner/cypress_runner.js:162150:10)\n    at Async.drainQueues (http://localhost:34257/__cypress/runner/cypress_runner.js:162024:14)",
                "diff": null
              },
              "uuid": "f703a710-befa-4e9f-95aa-5180c59faca3",
              "parentUUID": "408b6c88-58c4-4ef8-a820-2242868bc2d4",
              "isHook": false,
              "skipped": false
            }
          ],
          "suites": [],
          "passes": [],
          "failures": [
            "f990dc4a-d8fa-4f92-bb0f-1a376a21cefb",
            "f703a710-befa-4e9f-95aa-5180c59faca3"
          ],
          "pending": [],
          "skipped": [],
          "duration": 8505,
          "root": false,
          "rootEmpty": false,
          "_timeout": 2000
        },
        {
          "uuid": "3f79d09d-e872-415b-b62f-c0d518e00931",
          "title": "4 - Adicione à página um quadro de pixels, com 25 pixels.",
          "fullFile": "",
          "file": "",
          "beforeHooks": [],
          "afterHooks": [],
          "tests": [
            {
              "title": "Verifica se o quadro de pixels possui o `id` denominado `pixel-board`",
              "fullTitle": "4 - Adicione à página um quadro de pixels, com 25 pixels. Verifica se o quadro de pixels possui o `id` denominado `pixel-board`",
              "timedOut": null,
              "duration": 4293,
              "state": "failed",
              "speed": null,
              "pass": false,
              "fail": true,
              "pending": false,
              "context": null,
              "code": "cy.get('#pixel-board').should('be.visible');",
              "err": {
                "message": "CypressError: Timed out retrying: Expected to find element: '#pixel-board', but never found it.",
                "estack": "CypressError: Timed out retrying: Expected to find element: '#pixel-board', but never found it.\n    at cypressErr (http://localhost:34257/__cypress/runner/cypress_runner.js:149934:9)\n    at throwErr (http://localhost:34257/__cypress/runner/cypress_runner.js:149867:11)\n    at Object.throwErrByPath (http://localhost:34257/__cypress/runner/cypress_runner.js:149915:3)\n    at retry (http://localhost:34257/__cypress/runner/cypress_runner.js:144197:19)\n    at onFailFn (http://localhost:34257/__cypress/runner/cypress_runner.js:132448:16)\n    at tryCatcher (http://localhost:34257/__cypress/runner/cypress_runner.js:167415:23)\n    at Promise._settlePromiseFromHandler (http://localhost:34257/__cypress/runner/cypress_runner.js:165351:31)\n    at Promise._settlePromise (http://localhost:34257/__cypress/runner/cypress_runner.js:165408:18)\n    at Promise._settlePromise0 (http://localhost:34257/__cypress/runner/cypress_runner.js:165453:10)\n    at Promise._settlePromises (http://localhost:34257/__cypress/runner/cypress_runner.js:165528:18)\n    at Async../node_modules/bluebird/js/release/async.js.Async._drainQueue (http://localhost:34257/__cypress/runner/cypress_runner.js:162140:16)\n    at Async../node_modules/bluebird/js/release/async.js.Async._drainQueues (http://localhost:34257/__cypress/runner/cypress_runner.js:162150:10)\n    at Async.drainQueues (http://localhost:34257/__cypress/runner/cypress_runner.js:162024:14)",
                "diff": null
              },
              "uuid": "40821efa-4358-4140-aa64-76d95545e5c6",
              "parentUUID": "3f79d09d-e872-415b-b62f-c0d518e00931",
              "isHook": false,
              "skipped": false
            },
            {
              "title": "Verifica se cada pixel individual dentro do quadro possui a `classe` denominada `pixel`.",
              "fullTitle": "4 - Adicione à página um quadro de pixels, com 25 pixels. Verifica se cada pixel individual dentro do quadro possui a `classe` denominada `pixel`.",
              "timedOut": null,
              "duration": 4240,
              "state": "failed",
              "speed": null,
              "pass": false,
              "fail": true,
              "pending": false,
              "context": null,
              "code": "cy.get('.pixel').should('have.length', 25);",
              "err": {
                "message": "CypressError: Timed out retrying: Expected to find element: '.pixel', but never found it.",
                "estack": "CypressError: Timed out retrying: Expected to find element: '.pixel', but never found it.\n    at cypressErr (http://localhost:34257/__cypress/runner/cypress_runner.js:149934:9)\n    at throwErr (http://localhost:34257/__cypress/runner/cypress_runner.js:149867:11)\n    at Object.throwErrByPath (http://localhost:34257/__cypress/runner/cypress_runner.js:149915:3)\n    at retry (http://localhost:34257/__cypress/runner/cypress_runner.js:144197:19)\n    at onFailFn (http://localhost:34257/__cypress/runner/cypress_runner.js:132448:16)\n    at tryCatcher (http://localhost:34257/__cypress/runner/cypress_runner.js:167415:23)\n    at Promise._settlePromiseFromHandler (http://localhost:34257/__cypress/runner/cypress_runner.js:165351:31)\n    at Promise._settlePromise (http://localhost:34257/__cypress/runner/cypress_runner.js:165408:18)\n    at Promise._settlePromise0 (http://localhost:34257/__cypress/runner/cypress_runner.js:165453:10)\n    at Promise._settlePromises (http://localhost:34257/__cypress/runner/cypress_runner.js:165528:18)\n    at Async../node_modules/bluebird/js/release/async.js.Async._drainQueue (http://localhost:34257/__cypress/runner/cypress_runner.js:162140:16)\n    at Async../node_modules/bluebird/js/release/async.js.Async._drainQueues (http://localhost:34257/__cypress/runner/cypress_runner.js:162150:10)\n    at Async.drainQueues (http://localhost:34257/__cypress/runner/cypress_runner.js:162024:14)",
                "diff": null
              },
              "uuid": "9af28828-1ae6-401d-a9c8-91ebfd068a48",
              "parentUUID": "3f79d09d-e872-415b-b62f-c0d518e00931",
              "isHook": false,
              "skipped": false
            },
            {
              "title": "Verifica se a cor inicial dos pixels dentro do quadro, ao abrir a página, é branca.",
              "fullTitle": "4 - Adicione à página um quadro de pixels, com 25 pixels. Verifica se a cor inicial dos pixels dentro do quadro, ao abrir a página, é branca.",
              "timedOut": null,
              "duration": 4234,
              "state": "failed",
              "speed": null,
              "pass": false,
              "fail": true,
              "pending": false,
              "context": null,
              "code": "cy.get('.pixel').should('have.length', 25).each(function (pixel) {\n  expect(pixel).to.have.css('background-color', WHITE);\n});",
              "err": {
                "message": "CypressError: Timed out retrying: Expected to find element: '.pixel', but never found it.",
                "estack": "CypressError: Timed out retrying: Expected to find element: '.pixel', but never found it.\n    at cypressErr (http://localhost:34257/__cypress/runner/cypress_runner.js:149934:9)\n    at throwErr (http://localhost:34257/__cypress/runner/cypress_runner.js:149867:11)\n    at Object.throwErrByPath (http://localhost:34257/__cypress/runner/cypress_runner.js:149915:3)\n    at retry (http://localhost:34257/__cypress/runner/cypress_runner.js:144197:19)\n    at onFailFn (http://localhost:34257/__cypress/runner/cypress_runner.js:132448:16)\n    at tryCatcher (http://localhost:34257/__cypress/runner/cypress_runner.js:167415:23)\n    at Promise._settlePromiseFromHandler (http://localhost:34257/__cypress/runner/cypress_runner.js:165351:31)\n    at Promise._settlePromise (http://localhost:34257/__cypress/runner/cypress_runner.js:165408:18)\n    at Promise._settlePromise0 (http://localhost:34257/__cypress/runner/cypress_runner.js:165453:10)\n    at Promise._settlePromises (http://localhost:34257/__cypress/runner/cypress_runner.js:165528:18)\n    at Async../node_modules/bluebird/js/release/async.js.Async._drainQueue (http://localhost:34257/__cypress/runner/cypress_runner.js:162140:16)\n    at Async../node_modules/bluebird/js/release/async.js.Async._drainQueues (http://localhost:34257/__cypress/runner/cypress_runner.js:162150:10)\n    at Async.drainQueues (http://localhost:34257/__cypress/runner/cypress_runner.js:162024:14)",
                "diff": null
              },
              "uuid": "264ff51b-67e7-44b9-b973-439ac90a5545",
              "parentUUID": "3f79d09d-e872-415b-b62f-c0d518e00931",
              "isHook": false,
              "skipped": false
            },
            {
              "title": "Verifica se o quadro de pixels aparece abaixo da paleta de cores",
              "fullTitle": "4 - Adicione à página um quadro de pixels, com 25 pixels. Verifica se o quadro de pixels aparece abaixo da paleta de cores",
              "timedOut": null,
              "duration": 4346,
              "state": "failed",
              "speed": null,
              "pass": false,
              "fail": true,
              "pending": false,
              "context": null,
              "code": "cy.get('#color-palette').then(function (palette) {\n  cy.get('#pixel-board').should('be.belowOf', palette);\n});",
              "err": {
                "message": "CypressError: Timed out retrying: Expected to find element: '#color-palette', but never found it.",
                "estack": "CypressError: Timed out retrying: Expected to find element: '#color-palette', but never found it.\n    at cypressErr (http://localhost:34257/__cypress/runner/cypress_runner.js:149934:9)\n    at throwErr (http://localhost:34257/__cypress/runner/cypress_runner.js:149867:11)\n    at Object.throwErrByPath (http://localhost:34257/__cypress/runner/cypress_runner.js:149915:3)\n    at retry (http://localhost:34257/__cypress/runner/cypress_runner.js:144197:19)\n    at onFailFn (http://localhost:34257/__cypress/runner/cypress_runner.js:132448:16)\n    at tryCatcher (http://localhost:34257/__cypress/runner/cypress_runner.js:167415:23)\n    at Promise._settlePromiseFromHandler (http://localhost:34257/__cypress/runner/cypress_runner.js:165351:31)\n    at Promise._settlePromise (http://localhost:34257/__cypress/runner/cypress_runner.js:165408:18)\n    at Promise._settlePromise0 (http://localhost:34257/__cypress/runner/cypress_runner.js:165453:10)\n    at Promise._settlePromises (http://localhost:34257/__cypress/runner/cypress_runner.js:165528:18)\n    at Async../node_modules/bluebird/js/release/async.js.Async._drainQueue (http://localhost:34257/__cypress/runner/cypress_runner.js:162140:16)\n    at Async../node_modules/bluebird/js/release/async.js.Async._drainQueues (http://localhost:34257/__cypress/runner/cypress_runner.js:162150:10)\n    at Async.drainQueues (http://localhost:34257/__cypress/runner/cypress_runner.js:162024:14)",
                "diff": null
              },
              "uuid": "84ad6691-3660-45fa-b142-781ace4373f7",
              "parentUUID": "3f79d09d-e872-415b-b62f-c0d518e00931",
              "isHook": false,
              "skipped": false
            }
          ],
          "suites": [],
          "passes": [],
          "failures": [
            "40821efa-4358-4140-aa64-76d95545e5c6",
            "9af28828-1ae6-401d-a9c8-91ebfd068a48",
            "264ff51b-67e7-44b9-b973-439ac90a5545",
            "84ad6691-3660-45fa-b142-781ace4373f7"
          ],
          "pending": [],
          "skipped": [],
          "duration": 17113,
          "root": false,
          "rootEmpty": false,
          "_timeout": 2000
        },
        {
          "uuid": "e55ecca2-872d-46c5-9664-5bf3121d6801",
          "title": "5 - Faça com que cada elemento do quadro de pixels possua 40 pixels de largura, 40 pixels de altura e seja delimitado por uma borda preta de 1 pixel.",
          "fullFile": "",
          "file": "",
          "beforeHooks": [],
          "afterHooks": [],
          "tests": [
            {
              "title": "Verifica se o quadro de pixels tem altura e comprimento de 5 elementos",
              "fullTitle": "5 - Faça com que cada elemento do quadro de pixels possua 40 pixels de largura, 40 pixels de altura e seja delimitado por uma borda preta de 1 pixel. Verifica se o quadro de pixels tem altura e comprimento de 5 elementos",
              "timedOut": null,
              "duration": 4421,
              "state": "failed",
              "speed": null,
              "pass": false,
              "fail": true,
              "pending": false,
              "context": null,
              "code": "cy.get('.pixel').should('have.length', 25).each(function (pixel) {\n  expect(pixel).to.have.css('background-color', WHITE);\n}).and(function (pixels) {\n  var rows = chunk(pixels, 5);\n  rows.forEach(function (row) {\n    for (var index = 1; index < row.length; index += 1) {\n      var current = pixels[index];\n      var previous = pixels[index - 1];\n      cy.wrap(current).should('be.onTheRightOf', previous).and('be.horizontallyAlignedWith', previous);\n    }\n  });\n  for (var index = 1; index < 5; index += 1) {\n    expect(pixels[index * 5]).to.be.belowOf(pixels[(index - 1) * 5]);\n  }\n});",
              "err": {
                "message": "CypressError: Timed out retrying: Expected to find element: '.pixel', but never found it.",
                "estack": "CypressError: Timed out retrying: Expected to find element: '.pixel', but never found it.\n    at cypressErr (http://localhost:34257/__cypress/runner/cypress_runner.js:149934:9)\n    at throwErr (http://localhost:34257/__cypress/runner/cypress_runner.js:149867:11)\n    at Object.throwErrByPath (http://localhost:34257/__cypress/runner/cypress_runner.js:149915:3)\n    at retry (http://localhost:34257/__cypress/runner/cypress_runner.js:144197:19)\n    at onFailFn (http://localhost:34257/__cypress/runner/cypress_runner.js:132448:16)\n    at tryCatcher (http://localhost:34257/__cypress/runner/cypress_runner.js:167415:23)\n    at Promise._settlePromiseFromHandler (http://localhost:34257/__cypress/runner/cypress_runner.js:165351:31)\n    at Promise._settlePromise (http://localhost:34257/__cypress/runner/cypress_runner.js:165408:18)\n    at Promise._settlePromise0 (http://localhost:34257/__cypress/runner/cypress_runner.js:165453:10)\n    at Promise._settlePromises (http://localhost:34257/__cypress/runner/cypress_runner.js:165528:18)\n    at Async../node_modules/bluebird/js/release/async.js.Async._drainQueue (http://localhost:34257/__cypress/runner/cypress_runner.js:162140:16)\n    at Async../node_modules/bluebird/js/release/async.js.Async._drainQueues (http://localhost:34257/__cypress/runner/cypress_runner.js:162150:10)\n    at Async.drainQueues (http://localhost:34257/__cypress/runner/cypress_runner.js:162024:14)",
                "diff": null
              },
              "uuid": "8fff6a37-35ae-43c3-a875-fe76025f5f88",
              "parentUUID": "e55ecca2-872d-46c5-9664-5bf3121d6801",
              "isHook": false,
              "skipped": false
            },
            {
              "title": "Verifica se 40 pixels é o tamanho total do elemento, incluindo seu conteúdo e excluindo a borda preta, que deve ser criada à parte.",
              "fullTitle": "5 - Faça com que cada elemento do quadro de pixels possua 40 pixels de largura, 40 pixels de altura e seja delimitado por uma borda preta de 1 pixel. Verifica se 40 pixels é o tamanho total do elemento, incluindo seu conteúdo e excluindo a borda preta, que deve ser criada à parte.",
              "timedOut": null,
              "duration": 4220,
              "state": "failed",
              "speed": null,
              "pass": false,
              "fail": true,
              "pending": false,
              "context": null,
              "code": "cy.get('.pixel').each(function (pixel) {\n  cy.wrap(pixel).should('have.css', 'height', '40px').and('have.css', 'width', '40px').and('have.css', 'border', \"1px solid \".concat(BLACK));\n});",
              "err": {
                "message": "CypressError: Timed out retrying: Expected to find element: '.pixel', but never found it.",
                "estack": "CypressError: Timed out retrying: Expected to find element: '.pixel', but never found it.\n    at cypressErr (http://localhost:34257/__cypress/runner/cypress_runner.js:149934:9)\n    at throwErr (http://localhost:34257/__cypress/runner/cypress_runner.js:149867:11)\n    at Object.throwErrByPath (http://localhost:34257/__cypress/runner/cypress_runner.js:149915:3)\n    at retry (http://localhost:34257/__cypress/runner/cypress_runner.js:144197:19)\n    at onFailFn (http://localhost:34257/__cypress/runner/cypress_runner.js:132448:16)\n    at tryCatcher (http://localhost:34257/__cypress/runner/cypress_runner.js:167415:23)\n    at Promise._settlePromiseFromHandler (http://localhost:34257/__cypress/runner/cypress_runner.js:165351:31)\n    at Promise._settlePromise (http://localhost:34257/__cypress/runner/cypress_runner.js:165408:18)\n    at Promise._settlePromise0 (http://localhost:34257/__cypress/runner/cypress_runner.js:165453:10)\n    at Promise._settlePromises (http://localhost:34257/__cypress/runner/cypress_runner.js:165528:18)\n    at Async../node_modules/bluebird/js/release/async.js.Async._drainQueue (http://localhost:34257/__cypress/runner/cypress_runner.js:162140:16)\n    at Async../node_modules/bluebird/js/release/async.js.Async._drainQueues (http://localhost:34257/__cypress/runner/cypress_runner.js:162150:10)\n    at Async.drainQueues (http://localhost:34257/__cypress/runner/cypress_runner.js:162024:14)",
                "diff": null
              },
              "uuid": "54318837-770a-45c5-8de8-31cf814f673d",
              "parentUUID": "e55ecca2-872d-46c5-9664-5bf3121d6801",
              "isHook": false,
              "skipped": false
            }
          ],
          "suites": [],
          "passes": [],
          "failures": [
            "8fff6a37-35ae-43c3-a875-fe76025f5f88",
            "54318837-770a-45c5-8de8-31cf814f673d"
          ],
          "pending": [],
          "skipped": [],
          "duration": 8641,
          "root": false,
          "rootEmpty": false,
          "_timeout": 2000
        },
        {
          "uuid": "efc5ef3a-ccd5-4321-a94f-e9b4c0dc3c4e",
          "title": "6 - Defina a cor preta como cor inicial. Ao carregar a página a cor preta já deve estar selecionada para pintar os pixels",
          "fullFile": "",
          "file": "",
          "beforeHooks": [],
          "afterHooks": [],
          "tests": [
            {
              "title": "Verifica se o elemento da cor preta possui, inicialmente, a `classe` `selected`",
              "fullTitle": "6 - Defina a cor preta como cor inicial. Ao carregar a página a cor preta já deve estar selecionada para pintar os pixels Verifica se o elemento da cor preta possui, inicialmente, a `classe` `selected`",
              "timedOut": null,
              "duration": 4267,
              "state": "failed",
              "speed": null,
              "pass": false,
              "fail": true,
              "pending": false,
              "context": null,
              "code": "cy.get('.selected').first().should('have.css', 'background-color', BLACK);",
              "err": {
                "message": "CypressError: Timed out retrying: Expected to find element: '.selected', but never found it.",
                "estack": "CypressError: Timed out retrying: Expected to find element: '.selected', but never found it.\n    at cypressErr (http://localhost:34257/__cypress/runner/cypress_runner.js:149934:9)\n    at throwErr (http://localhost:34257/__cypress/runner/cypress_runner.js:149867:11)\n    at Object.throwErrByPath (http://localhost:34257/__cypress/runner/cypress_runner.js:149915:3)\n    at retry (http://localhost:34257/__cypress/runner/cypress_runner.js:144197:19)\n    at onFailFn (http://localhost:34257/__cypress/runner/cypress_runner.js:132448:16)\n    at tryCatcher (http://localhost:34257/__cypress/runner/cypress_runner.js:167415:23)\n    at Promise._settlePromiseFromHandler (http://localhost:34257/__cypress/runner/cypress_runner.js:165351:31)\n    at Promise._settlePromise (http://localhost:34257/__cypress/runner/cypress_runner.js:165408:18)\n    at Promise._settlePromise0 (http://localhost:34257/__cypress/runner/cypress_runner.js:165453:10)\n    at Promise._settlePromises (http://localhost:34257/__cypress/runner/cypress_runner.js:165528:18)\n    at Async../node_modules/bluebird/js/release/async.js.Async._drainQueue (http://localhost:34257/__cypress/runner/cypress_runner.js:162140:16)\n    at Async../node_modules/bluebird/js/release/async.js.Async._drainQueues (http://localhost:34257/__cypress/runner/cypress_runner.js:162150:10)\n    at Async.drainQueues (http://localhost:34257/__cypress/runner/cypress_runner.js:162024:14)",
                "diff": null
              },
              "uuid": "aae5a9e8-1287-4abe-8b0a-12c5e7f24243",
              "parentUUID": "efc5ef3a-ccd5-4321-a94f-e9b4c0dc3c4e",
              "isHook": false,
              "skipped": false
            },
            {
              "title": "Verifica se nenhuma outra cor da paleta tem a `classe` `selected`",
              "fullTitle": "6 - Defina a cor preta como cor inicial. Ao carregar a página a cor preta já deve estar selecionada para pintar os pixels Verifica se nenhuma outra cor da paleta tem a `classe` `selected`",
              "timedOut": null,
              "duration": 4248,
              "state": "failed",
              "speed": null,
              "pass": false,
              "fail": true,
              "pending": false,
              "context": null,
              "code": "cy.get('.color:not(:first-child)').each(function (color) {\n  cy.wrap(color).should('not.have.class', 'selected');\n});",
              "err": {
                "message": "CypressError: Timed out retrying: Expected to find element: '.color:not(:first-child)', but never found it.",
                "estack": "CypressError: Timed out retrying: Expected to find element: '.color:not(:first-child)', but never found it.\n    at cypressErr (http://localhost:34257/__cypress/runner/cypress_runner.js:149934:9)\n    at throwErr (http://localhost:34257/__cypress/runner/cypress_runner.js:149867:11)\n    at Object.throwErrByPath (http://localhost:34257/__cypress/runner/cypress_runner.js:149915:3)\n    at retry (http://localhost:34257/__cypress/runner/cypress_runner.js:144197:19)\n    at onFailFn (http://localhost:34257/__cypress/runner/cypress_runner.js:132448:16)\n    at tryCatcher (http://localhost:34257/__cypress/runner/cypress_runner.js:167415:23)\n    at Promise._settlePromiseFromHandler (http://localhost:34257/__cypress/runner/cypress_runner.js:165351:31)\n    at Promise._settlePromise (http://localhost:34257/__cypress/runner/cypress_runner.js:165408:18)\n    at Promise._settlePromise0 (http://localhost:34257/__cypress/runner/cypress_runner.js:165453:10)\n    at Promise._settlePromises (http://localhost:34257/__cypress/runner/cypress_runner.js:165528:18)\n    at Async../node_modules/bluebird/js/release/async.js.Async._drainQueue (http://localhost:34257/__cypress/runner/cypress_runner.js:162140:16)\n    at Async../node_modules/bluebird/js/release/async.js.Async._drainQueues (http://localhost:34257/__cypress/runner/cypress_runner.js:162150:10)\n    at Async.drainQueues (http://localhost:34257/__cypress/runner/cypress_runner.js:162024:14)",
                "diff": null
              },
              "uuid": "c3627245-d1a3-4590-a20b-1849fcc51713",
              "parentUUID": "efc5ef3a-ccd5-4321-a94f-e9b4c0dc3c4e",
              "isHook": false,
              "skipped": false
            }
          ],
          "suites": [],
          "passes": [],
          "failures": [
            "aae5a9e8-1287-4abe-8b0a-12c5e7f24243",
            "c3627245-d1a3-4590-a20b-1849fcc51713"
          ],
          "pending": [],
          "skipped": [],
          "duration": 8515,
          "root": false,
          "rootEmpty": false,
          "_timeout": 2000
        },
        {
          "uuid": "e8bbdcdd-b001-4eac-beb1-110569219e01",
          "title": "7 - Clicar em uma das cores da paleta, faz com que ela seja selecionada e utilizada para preencher os pixels no quadro.",
          "fullFile": "",
          "file": "",
          "beforeHooks": [],
          "afterHooks": [],
          "tests": [
            {
              "title": "Verifica se somente uma cor da paleta de cores tem a classe `selected` de cada vez",
              "fullTitle": "7 - Clicar em uma das cores da paleta, faz com que ela seja selecionada e utilizada para preencher os pixels no quadro. Verifica se somente uma cor da paleta de cores tem a classe `selected` de cada vez",
              "timedOut": null,
              "duration": 4382,
              "state": "failed",
              "speed": null,
              "pass": false,
              "fail": true,
              "pending": false,
              "context": null,
              "code": "cy.get('.color').each(function (selectedColor, selectedColorIndex) {\n  cy.wrap(selectedColor).click();\n  cy.get('.color').each(function (color, colorIndex) {\n    if (colorIndex === selectedColorIndex) {\n      expect(color).to.have[\"class\"]('selected');\n    } else {\n      expect(color).not.to.have[\"class\"]('selected');\n    }\n  });\n});",
              "err": {
                "message": "CypressError: Timed out retrying: Expected to find element: '.color', but never found it.",
                "estack": "CypressError: Timed out retrying: Expected to find element: '.color', but never found it.\n    at cypressErr (http://localhost:34257/__cypress/runner/cypress_runner.js:149934:9)\n    at throwErr (http://localhost:34257/__cypress/runner/cypress_runner.js:149867:11)\n    at Object.throwErrByPath (http://localhost:34257/__cypress/runner/cypress_runner.js:149915:3)\n    at retry (http://localhost:34257/__cypress/runner/cypress_runner.js:144197:19)\n    at onFailFn (http://localhost:34257/__cypress/runner/cypress_runner.js:132448:16)\n    at tryCatcher (http://localhost:34257/__cypress/runner/cypress_runner.js:167415:23)\n    at Promise._settlePromiseFromHandler (http://localhost:34257/__cypress/runner/cypress_runner.js:165351:31)\n    at Promise._settlePromise (http://localhost:34257/__cypress/runner/cypress_runner.js:165408:18)\n    at Promise._settlePromise0 (http://localhost:34257/__cypress/runner/cypress_runner.js:165453:10)\n    at Promise._settlePromises (http://localhost:34257/__cypress/runner/cypress_runner.js:165528:18)\n    at Async../node_modules/bluebird/js/release/async.js.Async._drainQueue (http://localhost:34257/__cypress/runner/cypress_runner.js:162140:16)\n    at Async../node_modules/bluebird/js/release/async.js.Async._drainQueues (http://localhost:34257/__cypress/runner/cypress_runner.js:162150:10)\n    at Async.drainQueues (http://localhost:34257/__cypress/runner/cypress_runner.js:162024:14)",
                "diff": null
              },
              "uuid": "bfb264f6-fa3c-433d-98bd-c407edaa03d2",
              "parentUUID": "e8bbdcdd-b001-4eac-beb1-110569219e01",
              "isHook": false,
              "skipped": false
            },
            {
              "title": "Verifica se os pixels dentro do quadro não têm a classe `selected` quando são clicados",
              "fullTitle": "7 - Clicar em uma das cores da paleta, faz com que ela seja selecionada e utilizada para preencher os pixels no quadro. Verifica se os pixels dentro do quadro não têm a classe `selected` quando são clicados",
              "timedOut": null,
              "duration": 4184,
              "state": "failed",
              "speed": null,
              "pass": false,
              "fail": true,
              "pending": false,
              "context": null,
              "code": "cy.get('.color').each(function (color) {\n  var backgroundColor = color.css('background-color');\n  cy.wrap(color).click();\n  cy.get('.pixel').each(function (pixel) {\n    cy.wrap(pixel).click().should('not.have.class', 'selected');\n  });\n});",
              "err": {
                "message": "CypressError: Timed out retrying: Expected to find element: '.color', but never found it.",
                "estack": "CypressError: Timed out retrying: Expected to find element: '.color', but never found it.\n    at cypressErr (http://localhost:34257/__cypress/runner/cypress_runner.js:149934:9)\n    at throwErr (http://localhost:34257/__cypress/runner/cypress_runner.js:149867:11)\n    at Object.throwErrByPath (http://localhost:34257/__cypress/runner/cypress_runner.js:149915:3)\n    at retry (http://localhost:34257/__cypress/runner/cypress_runner.js:144197:19)\n    at onFailFn (http://localhost:34257/__cypress/runner/cypress_runner.js:132448:16)\n    at tryCatcher (http://localhost:34257/__cypress/runner/cypress_runner.js:167415:23)\n    at Promise._settlePromiseFromHandler (http://localhost:34257/__cypress/runner/cypress_runner.js:165351:31)\n    at Promise._settlePromise (http://localhost:34257/__cypress/runner/cypress_runner.js:165408:18)\n    at Promise._settlePromise0 (http://localhost:34257/__cypress/runner/cypress_runner.js:165453:10)\n    at Promise._settlePromises (http://localhost:34257/__cypress/runner/cypress_runner.js:165528:18)\n    at Async../node_modules/bluebird/js/release/async.js.Async._drainQueue (http://localhost:34257/__cypress/runner/cypress_runner.js:162140:16)\n    at Async../node_modules/bluebird/js/release/async.js.Async._drainQueues (http://localhost:34257/__cypress/runner/cypress_runner.js:162150:10)\n    at Async.drainQueues (http://localhost:34257/__cypress/runner/cypress_runner.js:162024:14)",
                "diff": null
              },
              "uuid": "2afeb797-6827-4e12-9b4e-f2de4ec9d6ef",
              "parentUUID": "e8bbdcdd-b001-4eac-beb1-110569219e01",
              "isHook": false,
              "skipped": false
            }
          ],
          "suites": [],
          "passes": [],
          "failures": [
            "bfb264f6-fa3c-433d-98bd-c407edaa03d2",
            "2afeb797-6827-4e12-9b4e-f2de4ec9d6ef"
          ],
          "pending": [],
          "skipped": [],
          "duration": 8566,
          "root": false,
          "rootEmpty": false,
          "_timeout": 2000
        },
        {
          "uuid": "f313ff86-8bde-44dd-8d3e-7f3aa42a07ef",
          "title": "8 - Clicar em um pixel dentro do quadro após selecionar uma cor na paleta, faz com que o pixel seja preenchido com a cor selecionada.",
          "fullFile": "",
          "file": "",
          "beforeHooks": [],
          "afterHooks": [],
          "tests": [
            {
              "title": "Verifica se ao carregar a página deve ser possível pintar os pixels de preto",
              "fullTitle": "8 - Clicar em um pixel dentro do quadro após selecionar uma cor na paleta, faz com que o pixel seja preenchido com a cor selecionada. Verifica se ao carregar a página deve ser possível pintar os pixels de preto",
              "timedOut": null,
              "duration": 4292,
              "state": "failed",
              "speed": null,
              "pass": false,
              "fail": true,
              "pending": false,
              "context": null,
              "code": "cy.get('.pixel').each(function (pixel) {\n  cy.wrap(pixel).click().should('have.css', 'background-color', BLACK);\n});",
              "err": {
                "message": "CypressError: Timed out retrying: Expected to find element: '.pixel', but never found it.",
                "estack": "CypressError: Timed out retrying: Expected to find element: '.pixel', but never found it.\n    at cypressErr (http://localhost:34257/__cypress/runner/cypress_runner.js:149934:9)\n    at throwErr (http://localhost:34257/__cypress/runner/cypress_runner.js:149867:11)\n    at Object.throwErrByPath (http://localhost:34257/__cypress/runner/cypress_runner.js:149915:3)\n    at retry (http://localhost:34257/__cypress/runner/cypress_runner.js:144197:19)\n    at onFailFn (http://localhost:34257/__cypress/runner/cypress_runner.js:132448:16)\n    at tryCatcher (http://localhost:34257/__cypress/runner/cypress_runner.js:167415:23)\n    at Promise._settlePromiseFromHandler (http://localhost:34257/__cypress/runner/cypress_runner.js:165351:31)\n    at Promise._settlePromise (http://localhost:34257/__cypress/runner/cypress_runner.js:165408:18)\n    at Promise._settlePromise0 (http://localhost:34257/__cypress/runner/cypress_runner.js:165453:10)\n    at Promise._settlePromises (http://localhost:34257/__cypress/runner/cypress_runner.js:165528:18)\n    at Async../node_modules/bluebird/js/release/async.js.Async._drainQueue (http://localhost:34257/__cypress/runner/cypress_runner.js:162140:16)\n    at Async../node_modules/bluebird/js/release/async.js.Async._drainQueues (http://localhost:34257/__cypress/runner/cypress_runner.js:162150:10)\n    at Async.drainQueues (http://localhost:34257/__cypress/runner/cypress_runner.js:162024:14)",
                "diff": null
              },
              "uuid": "f58b0ef6-d29e-46bc-aaab-9e9df2d88d67",
              "parentUUID": "f313ff86-8bde-44dd-8d3e-7f3aa42a07ef",
              "isHook": false,
              "skipped": false
            },
            {
              "title": "Verifica se após selecionar uma outra cor na paleta, é possível pintar os pixels com essa cor",
              "fullTitle": "8 - Clicar em um pixel dentro do quadro após selecionar uma cor na paleta, faz com que o pixel seja preenchido com a cor selecionada. Verifica se após selecionar uma outra cor na paleta, é possível pintar os pixels com essa cor",
              "timedOut": null,
              "duration": 4303,
              "state": "failed",
              "speed": null,
              "pass": false,
              "fail": true,
              "pending": false,
              "context": null,
              "code": "cy.get('.color').each(function (color) {\n  var backgroundColor = color.css('background-color');\n  cy.wrap(color).click();\n  cy.get('.pixel').each(function (pixel) {\n    cy.wrap(pixel).click().should('have.css', 'background-color', backgroundColor);\n  });\n});",
              "err": {
                "message": "CypressError: Timed out retrying: Expected to find element: '.color', but never found it.",
                "estack": "CypressError: Timed out retrying: Expected to find element: '.color', but never found it.\n    at cypressErr (http://localhost:34257/__cypress/runner/cypress_runner.js:149934:9)\n    at throwErr (http://localhost:34257/__cypress/runner/cypress_runner.js:149867:11)\n    at Object.throwErrByPath (http://localhost:34257/__cypress/runner/cypress_runner.js:149915:3)\n    at retry (http://localhost:34257/__cypress/runner/cypress_runner.js:144197:19)\n    at onFailFn (http://localhost:34257/__cypress/runner/cypress_runner.js:132448:16)\n    at tryCatcher (http://localhost:34257/__cypress/runner/cypress_runner.js:167415:23)\n    at Promise._settlePromiseFromHandler (http://localhost:34257/__cypress/runner/cypress_runner.js:165351:31)\n    at Promise._settlePromise (http://localhost:34257/__cypress/runner/cypress_runner.js:165408:18)\n    at Promise._settlePromise0 (http://localhost:34257/__cypress/runner/cypress_runner.js:165453:10)\n    at Promise._settlePromises (http://localhost:34257/__cypress/runner/cypress_runner.js:165528:18)\n    at Async../node_modules/bluebird/js/release/async.js.Async._drainQueue (http://localhost:34257/__cypress/runner/cypress_runner.js:162140:16)\n    at Async../node_modules/bluebird/js/release/async.js.Async._drainQueues (http://localhost:34257/__cypress/runner/cypress_runner.js:162150:10)\n    at Async.drainQueues (http://localhost:34257/__cypress/runner/cypress_runner.js:162024:14)",
                "diff": null
              },
              "uuid": "327328e5-2d98-468a-8b2a-65c58b150e6e",
              "parentUUID": "f313ff86-8bde-44dd-8d3e-7f3aa42a07ef",
              "isHook": false,
              "skipped": false
            },
            {
              "title": "Verifica se somente o pixel que foi clicado foi preenchido com a cor selecionada, sem influenciar na cor dos demais pixels.",
              "fullTitle": "8 - Clicar em um pixel dentro do quadro após selecionar uma cor na paleta, faz com que o pixel seja preenchido com a cor selecionada. Verifica se somente o pixel que foi clicado foi preenchido com a cor selecionada, sem influenciar na cor dos demais pixels.",
              "timedOut": null,
              "duration": 4248,
              "state": "failed",
              "speed": null,
              "pass": false,
              "fail": true,
              "pending": false,
              "context": null,
              "code": "var colorToPixelIndexMap = {\n  0: 6,\n  1: 8,\n  2: 16,\n  3: 18\n};\ncy.get('.color').each(function (color, index) {\n  cy.wrap(color).click();\n  var backgroundColor = color.css('background-color');\n  var clickedPixelIndex = colorToPixelIndexMap[index];\n  cy.get('.pixel').eq(clickedPixelIndex).click();\n  cy.get('.pixel').eq(clickedPixelIndex - 1).should('not.have.css', 'background-color', backgroundColor);\n  cy.get('.pixel').eq(clickedPixelIndex + 1).should('not.have.css', 'background-color', backgroundColor);\n  cy.get('.pixel').eq(clickedPixelIndex - 5).should('not.have.css', 'background-color', backgroundColor);\n  cy.get('.pixel').eq(clickedPixelIndex + 5).should('not.have.css', 'background-color', backgroundColor);\n  cy.get('.pixel').eq(clickedPixelIndex - 6).should('not.have.css', 'background-color', backgroundColor);\n  cy.get('.pixel').eq(clickedPixelIndex - 4).should('not.have.css', 'background-color', backgroundColor);\n  cy.get('.pixel').eq(clickedPixelIndex + 4).should('not.have.css', 'background-color', backgroundColor);\n  cy.get('.pixel').eq(clickedPixelIndex + 6).should('not.have.css', 'background-color', backgroundColor);\n});",
              "err": {
                "message": "CypressError: Timed out retrying: Expected to find element: '.color', but never found it.",
                "estack": "CypressError: Timed out retrying: Expected to find element: '.color', but never found it.\n    at cypressErr (http://localhost:34257/__cypress/runner/cypress_runner.js:149934:9)\n    at throwErr (http://localhost:34257/__cypress/runner/cypress_runner.js:149867:11)\n    at Object.throwErrByPath (http://localhost:34257/__cypress/runner/cypress_runner.js:149915:3)\n    at retry (http://localhost:34257/__cypress/runner/cypress_runner.js:144197:19)\n    at onFailFn (http://localhost:34257/__cypress/runner/cypress_runner.js:132448:16)\n    at tryCatcher (http://localhost:34257/__cypress/runner/cypress_runner.js:167415:23)\n    at Promise._settlePromiseFromHandler (http://localhost:34257/__cypress/runner/cypress_runner.js:165351:31)\n    at Promise._settlePromise (http://localhost:34257/__cypress/runner/cypress_runner.js:165408:18)\n    at Promise._settlePromise0 (http://localhost:34257/__cypress/runner/cypress_runner.js:165453:10)\n    at Promise._settlePromises (http://localhost:34257/__cypress/runner/cypress_runner.js:165528:18)\n    at Async../node_modules/bluebird/js/release/async.js.Async._drainQueue (http://localhost:34257/__cypress/runner/cypress_runner.js:162140:16)\n    at Async../node_modules/bluebird/js/release/async.js.Async._drainQueues (http://localhost:34257/__cypress/runner/cypress_runner.js:162150:10)\n    at Async.drainQueues (http://localhost:34257/__cypress/runner/cypress_runner.js:162024:14)",
                "diff": null
              },
              "uuid": "bc555bbc-5af1-4128-9b32-22233ad68144",
              "parentUUID": "f313ff86-8bde-44dd-8d3e-7f3aa42a07ef",
              "isHook": false,
              "skipped": false
            }
          ],
          "suites": [],
          "passes": [],
          "failures": [
            "f58b0ef6-d29e-46bc-aaab-9e9df2d88d67",
            "327328e5-2d98-468a-8b2a-65c58b150e6e",
            "bc555bbc-5af1-4128-9b32-22233ad68144"
          ],
          "pending": [],
          "skipped": [],
          "duration": 12843,
          "root": false,
          "rootEmpty": false,
          "_timeout": 2000
        },
        {
          "uuid": "33773910-fc6b-4ffe-8b09-dccdeb6e769a",
          "title": "9 - Crie um botão que, ao ser clicado, limpa o quadro preenchendo a cor de todos seus pixels com branco.",
          "fullFile": "",
          "file": "",
          "beforeHooks": [],
          "afterHooks": [],
          "tests": [
            {
              "title": "Verifica se o botão tem o `id` denominado `clear-board`",
              "fullTitle": "9 - Crie um botão que, ao ser clicado, limpa o quadro preenchendo a cor de todos seus pixels com branco. Verifica se o botão tem o `id` denominado `clear-board`",
              "timedOut": null,
              "duration": 4278,
              "state": "failed",
              "speed": null,
              "pass": false,
              "fail": true,
              "pending": false,
              "context": null,
              "code": "cy.get('#clear-board').should('be.visible');",
              "err": {
                "message": "CypressError: Timed out retrying: Expected to find element: '#clear-board', but never found it.",
                "estack": "CypressError: Timed out retrying: Expected to find element: '#clear-board', but never found it.\n    at cypressErr (http://localhost:34257/__cypress/runner/cypress_runner.js:149934:9)\n    at throwErr (http://localhost:34257/__cypress/runner/cypress_runner.js:149867:11)\n    at Object.throwErrByPath (http://localhost:34257/__cypress/runner/cypress_runner.js:149915:3)\n    at retry (http://localhost:34257/__cypress/runner/cypress_runner.js:144197:19)\n    at onFailFn (http://localhost:34257/__cypress/runner/cypress_runner.js:132448:16)\n    at tryCatcher (http://localhost:34257/__cypress/runner/cypress_runner.js:167415:23)\n    at Promise._settlePromiseFromHandler (http://localhost:34257/__cypress/runner/cypress_runner.js:165351:31)\n    at Promise._settlePromise (http://localhost:34257/__cypress/runner/cypress_runner.js:165408:18)\n    at Promise._settlePromise0 (http://localhost:34257/__cypress/runner/cypress_runner.js:165453:10)\n    at Promise._settlePromises (http://localhost:34257/__cypress/runner/cypress_runner.js:165528:18)\n    at Async../node_modules/bluebird/js/release/async.js.Async._drainQueue (http://localhost:34257/__cypress/runner/cypress_runner.js:162140:16)\n    at Async../node_modules/bluebird/js/release/async.js.Async._drainQueues (http://localhost:34257/__cypress/runner/cypress_runner.js:162150:10)\n    at Async.drainQueues (http://localhost:34257/__cypress/runner/cypress_runner.js:162024:14)",
                "diff": null
              },
              "uuid": "765f6a63-0f29-4e8c-8588-9d055ab35bf9",
              "parentUUID": "33773910-fc6b-4ffe-8b09-dccdeb6e769a",
              "isHook": false,
              "skipped": false
            },
            {
              "title": "Verifica se o botão está posicionado entre a paleta de cores e o quadro de pixels",
              "fullTitle": "9 - Crie um botão que, ao ser clicado, limpa o quadro preenchendo a cor de todos seus pixels com branco. Verifica se o botão está posicionado entre a paleta de cores e o quadro de pixels",
              "timedOut": null,
              "duration": 4233,
              "state": "failed",
              "speed": null,
              "pass": false,
              "fail": true,
              "pending": false,
              "context": null,
              "code": "cy.get('#color-palette').then(function (palette) {\n  cy.get('#clear-board').should('be.belowOf', palette);\n});\ncy.get('#clear-board').then(function (clearBtn) {\n  cy.get('#pixel-board').should('be.belowOf', clearBtn);\n});",
              "err": {
                "message": "CypressError: Timed out retrying: Expected to find element: '#color-palette', but never found it.",
                "estack": "CypressError: Timed out retrying: Expected to find element: '#color-palette', but never found it.\n    at cypressErr (http://localhost:34257/__cypress/runner/cypress_runner.js:149934:9)\n    at throwErr (http://localhost:34257/__cypress/runner/cypress_runner.js:149867:11)\n    at Object.throwErrByPath (http://localhost:34257/__cypress/runner/cypress_runner.js:149915:3)\n    at retry (http://localhost:34257/__cypress/runner/cypress_runner.js:144197:19)\n    at onFailFn (http://localhost:34257/__cypress/runner/cypress_runner.js:132448:16)\n    at tryCatcher (http://localhost:34257/__cypress/runner/cypress_runner.js:167415:23)\n    at Promise._settlePromiseFromHandler (http://localhost:34257/__cypress/runner/cypress_runner.js:165351:31)\n    at Promise._settlePromise (http://localhost:34257/__cypress/runner/cypress_runner.js:165408:18)\n    at Promise._settlePromise0 (http://localhost:34257/__cypress/runner/cypress_runner.js:165453:10)\n    at Promise._settlePromises (http://localhost:34257/__cypress/runner/cypress_runner.js:165528:18)\n    at Async../node_modules/bluebird/js/release/async.js.Async._drainQueue (http://localhost:34257/__cypress/runner/cypress_runner.js:162140:16)\n    at Async../node_modules/bluebird/js/release/async.js.Async._drainQueues (http://localhost:34257/__cypress/runner/cypress_runner.js:162150:10)\n    at Async.drainQueues (http://localhost:34257/__cypress/runner/cypress_runner.js:162024:14)",
                "diff": null
              },
              "uuid": "ec5937e0-7204-4d1c-a93a-4c1dce1c7681",
              "parentUUID": "33773910-fc6b-4ffe-8b09-dccdeb6e769a",
              "isHook": false,
              "skipped": false
            },
            {
              "title": "Verifica se o texto do botão é 'Limpar'",
              "fullTitle": "9 - Crie um botão que, ao ser clicado, limpa o quadro preenchendo a cor de todos seus pixels com branco. Verifica se o texto do botão é 'Limpar'",
              "timedOut": null,
              "duration": 4338,
              "state": "failed",
              "speed": null,
              "pass": false,
              "fail": true,
              "pending": false,
              "context": null,
              "code": "cy.get('#clear-board').should('contain.text', 'Limpar');",
              "err": {
                "message": "CypressError: Timed out retrying: Expected to find element: '#clear-board', but never found it.",
                "estack": "CypressError: Timed out retrying: Expected to find element: '#clear-board', but never found it.\n    at cypressErr (http://localhost:34257/__cypress/runner/cypress_runner.js:149934:9)\n    at throwErr (http://localhost:34257/__cypress/runner/cypress_runner.js:149867:11)\n    at Object.throwErrByPath (http://localhost:34257/__cypress/runner/cypress_runner.js:149915:3)\n    at retry (http://localhost:34257/__cypress/runner/cypress_runner.js:144197:19)\n    at onFailFn (http://localhost:34257/__cypress/runner/cypress_runner.js:132448:16)\n    at tryCatcher (http://localhost:34257/__cypress/runner/cypress_runner.js:167415:23)\n    at Promise._settlePromiseFromHandler (http://localhost:34257/__cypress/runner/cypress_runner.js:165351:31)\n    at Promise._settlePromise (http://localhost:34257/__cypress/runner/cypress_runner.js:165408:18)\n    at Promise._settlePromise0 (http://localhost:34257/__cypress/runner/cypress_runner.js:165453:10)\n    at Promise._settlePromises (http://localhost:34257/__cypress/runner/cypress_runner.js:165528:18)\n    at Async../node_modules/bluebird/js/release/async.js.Async._drainQueue (http://localhost:34257/__cypress/runner/cypress_runner.js:162140:16)\n    at Async../node_modules/bluebird/js/release/async.js.Async._drainQueues (http://localhost:34257/__cypress/runner/cypress_runner.js:162150:10)\n    at Async.drainQueues (http://localhost:34257/__cypress/runner/cypress_runner.js:162024:14)",
                "diff": null
              },
              "uuid": "0adcd1e7-3cac-4b05-9d57-eb86b05028a3",
              "parentUUID": "33773910-fc6b-4ffe-8b09-dccdeb6e769a",
              "isHook": false,
              "skipped": false
            },
            {
              "title": "Verifica se ao clicar no botão, o quadro de pixels é totalmente preenchido de branco",
              "fullTitle": "9 - Crie um botão que, ao ser clicado, limpa o quadro preenchendo a cor de todos seus pixels com branco. Verifica se ao clicar no botão, o quadro de pixels é totalmente preenchido de branco",
              "timedOut": null,
              "duration": 4274,
              "state": "failed",
              "speed": null,
              "pass": false,
              "fail": true,
              "pending": false,
              "context": null,
              "code": "cy.get('.color').eq(1).then(function (color) {\n  var backgroundColor = color.css('background-color');\n  cy.wrap(color).click();\n  cy.get('.pixel').each(function (pixel) {\n    cy.wrap(pixel).click().should('have.css', 'background-color', backgroundColor);\n  });\n});\ncy.get('#clear-board').click();\ncy.get('.pixel').each(function (pixel) {\n  cy.wrap(pixel).should('have.css', 'background-color', WHITE);\n});",
              "err": {
                "message": "CypressError: Timed out retrying: Expected to find element: '.color', but never found it.",
                "estack": "CypressError: Timed out retrying: Expected to find element: '.color', but never found it.\n    at cypressErr (http://localhost:34257/__cypress/runner/cypress_runner.js:149934:9)\n    at throwErr (http://localhost:34257/__cypress/runner/cypress_runner.js:149867:11)\n    at Object.throwErrByPath (http://localhost:34257/__cypress/runner/cypress_runner.js:149915:3)\n    at retry (http://localhost:34257/__cypress/runner/cypress_runner.js:144197:19)\n    at onFailFn (http://localhost:34257/__cypress/runner/cypress_runner.js:132448:16)\n    at tryCatcher (http://localhost:34257/__cypress/runner/cypress_runner.js:167415:23)\n    at Promise._settlePromiseFromHandler (http://localhost:34257/__cypress/runner/cypress_runner.js:165351:31)\n    at Promise._settlePromise (http://localhost:34257/__cypress/runner/cypress_runner.js:165408:18)\n    at Promise._settlePromise0 (http://localhost:34257/__cypress/runner/cypress_runner.js:165453:10)\n    at Promise._settlePromises (http://localhost:34257/__cypress/runner/cypress_runner.js:165528:18)\n    at Async../node_modules/bluebird/js/release/async.js.Async._drainQueue (http://localhost:34257/__cypress/runner/cypress_runner.js:162140:16)\n    at Async../node_modules/bluebird/js/release/async.js.Async._drainQueues (http://localhost:34257/__cypress/runner/cypress_runner.js:162150:10)\n    at Async.drainQueues (http://localhost:34257/__cypress/runner/cypress_runner.js:162024:14)",
                "diff": null
              },
              "uuid": "5a3141cb-1ca9-4cbf-b617-515f15f215fd",
              "parentUUID": "33773910-fc6b-4ffe-8b09-dccdeb6e769a",
              "isHook": false,
              "skipped": false
            }
          ],
          "suites": [],
          "passes": [],
          "failures": [
            "765f6a63-0f29-4e8c-8588-9d055ab35bf9",
            "ec5937e0-7204-4d1c-a93a-4c1dce1c7681",
            "0adcd1e7-3cac-4b05-9d57-eb86b05028a3",
            "5a3141cb-1ca9-4cbf-b617-515f15f215fd"
          ],
          "pending": [],
          "skipped": [],
          "duration": 17123,
          "root": false,
          "rootEmpty": false,
          "_timeout": 2000
        },
        {
          "uuid": "84a43718-a2f4-41ec-a548-3da280c3c73b",
          "title": "10 - Faça o quadro de pixels ter seu tamanho definido pelo usuário.",
          "fullFile": "",
          "file": "",
          "beforeHooks": [],
          "afterHooks": [],
          "tests": [
            {
              "title": "Verifica se existe um input com o id `board-size`",
              "fullTitle": "10 - Faça o quadro de pixels ter seu tamanho definido pelo usuário. Verifica se existe um input com o id `board-size`",
              "timedOut": null,
              "duration": 4313,
              "state": "failed",
              "speed": null,
              "pass": false,
              "fail": true,
              "pending": false,
              "context": null,
              "code": "cy.get('#board-size').should('be.visible');",
              "err": {
                "message": "CypressError: Timed out retrying: Expected to find element: '#board-size', but never found it.",
[...]
                "diff": null
              },
              "uuid": "a29edbd8-68b7-4873-b7e2-8376f8e2684a",
              "parentUUID": "84a43718-a2f4-41ec-a548-3da280c3c73b",
              "isHook": false,
              "skipped": false
            },
            {
              "title": "Verifica se o novo quadro tem todos os pixels preenchidos com a cor branca",
              "fullTitle": "10 - Faça o quadro de pixels ter seu tamanho definido pelo usuário. Verifica se o novo quadro tem todos os pixels preenchidos com a cor branca",
              "timedOut": null,
              "duration": 4288,
              "state": "failed",
              "speed": null,
              "pass": false,
              "fail": true,
              "pending": false,
              "context": null,
              "code": "cy.get('#board-size').clear().type(6);\ncy.get('#generate-board').click();\ncy.get('.pixel').should('have.length', 36).each(function (pixel) {\n  expect(pixel).to.have.css('background-color', WHITE);\n});",
              "err": {
                "message": "CypressError: Timed out retrying: Expected to find element: '#board-size', but never found it.",
                "estack": "CypressError: Timed out retrying: Expected to find element: '#board-size', but never found it.\n    at cypressErr (http://localhost:34257/__cypress/runner/cypress_runner.js:149934:9)\n    at throwErr (http://localhost:34257/__cypress/runner/cypress_runner.js:149867:11)\n    at Object.throwErrByPath (http://localhost:34257/__cypress/runner/cypress_runner.js:149915:3)\n    at retry (http://localhost:34257/__cypress/runner/cypress_runner.js:144197:19)\n    at onFailFn (http://localhost:34257/__cypress/runner/cypress_runner.js:132448:16)\n    at tryCatcher (http://localhost:34257/__cypress/runner/cypress_runner.js:167415:23)\n    at Promise._settlePromiseFromHandler (http://localhost:34257/__cypress/runner/cypress_runner.js:165351:31)\n    at Promise._settlePromise (http://localhost:34257/__cypress/runner/cypress_runner.js:165408:18)\n    at Promise._settlePromise0 (http://localhost:34257/__cypress/runner/cypress_runner.js:165453:10)\n    at Promise._settlePromises (http://localhost:34257/__cypress/runner/cypress_runner.js:165528:18)\n    at Async../node_modules/bluebird/js/release/async.js.Async._drainQueue (http://localhost:34257/__cypress/runner/cypress_runner.js:162140:16)\n    at Async../node_modules/bluebird/js/release/async.js.Async._drainQueues (http://localhost:34257/__cypress/runner/cypress_runner.js:162150:10)\n    at Async.drainQueues (http://localhost:34257/__cypress/runner/cypress_runner.js:162024:14)",
                "diff": null
              },
              "uuid": "3b46ee5c-e7e8-4a53-b981-d4eaaf21a783",
              "parentUUID": "84a43718-a2f4-41ec-a548-3da280c3c73b",
              "isHook": false,
              "skipped": false
            }
          ],
          "suites": [],
          "passes": [],
          "failures": [
            "b7ee2684-830a-4854-8ddd-1063aa59858a",
            "91045084-1ce1-4184-81af-30c87d8b67db",
            "1a1d3a7e-eba0-4571-8205-ae58e1fda692",
            "1e4e0752-b9e6-4f3d-bcc7-c6cf63dd29c3",
            "1573e897-50d6-40d8-9842-48725e3bbbdf",
            "cec56f45-761c-47da-864e-f816714f3b18",
            "c15c50e6-2184-4165-910b-a8ee47f1ea9f",
            "a29edbd8-68b7-4873-b7e2-8376f8e2684a",
            "3b46ee5c-e7e8-4a53-b981-d4eaaf21a783"
          ],
          "pending": [],
          "skipped": [],
          "duration": 38529,
          "root": false,
          "rootEmpty": false,
          "_timeout": 2000
        },
        {
          "uuid": "39eab5f4-bc0d-47f0-83fa-3467a1cd4864",
          "title": "11 - Limite o tamanho mínimo e máximo do board.",
          "fullFile": "",
          "file": "",
          "beforeHooks": [],
          "afterHooks": [],
          "tests": [
            {
              "title": "Verifica se a altura máxima do board é 50",
              "fullTitle": "11 - Limite o tamanho mínimo e máximo do board. Verifica se a altura máxima do board é 50",
              "timedOut": null,
              "duration": 4449,
              "state": "failed",
              "speed": null,
              "pass": false,
              "fail": true,
              "pending": false,
              "context": null,
              "code": "cy.get('#board-size').clear().type(50);\ncy.get('#generate-board').click();\ncy.get('.pixel').should('have.length', 2500);",
              "err": {
                "message": "CypressError: Timed out retrying: Expected to find element: '#board-size', but never found it.",
                "estack": "CypressError: Timed out retrying: Expected to find element: '#board-size', but never found it.\n    at cypressErr (http://localhost:34257/__cypress/runner/cypress_runner.js:149934:9)\n    at throwErr (http://localhost:34257/__cypress/runner/cypress_runner.js:149867:11)\n    at Object.throwErrByPath (http://localhost:34257/__cypress/runner/cypress_runner.js:149915:3)\n    at retry (http://localhost:34257/__cypress/runner/cypress_runner.js:144197:19)\n    at onFailFn (http://localhost:34257/__cypress/runner/cypress_runner.js:132448:16)\n    at tryCatcher (http://localhost:34257/__cypress/runner/cypress_runner.js:167415:23)\n    at Promise._settlePromiseFromHandler (http://localhost:34257/__cypress/runner/cypress_runner.js:165351:31)\n    at Promise._settlePromise (http://localhost:34257/__cypress/runner/cypress_runner.js:165408:18)\n    at Promise._settlePromise0 (http://localhost:34257/__cypress/runner/cypress_runner.js:165453:10)\n    at Promise._settlePromises (http://localhost:34257/__cypress/runner/cypress_runner.js:165528:18)\n    at Async../node_modules/bluebird/js/release/async.js.Async._drainQueue (http://localhost:34257/__cypress/runner/cypress_runner.js:162140:16)\n    at Async../node_modules/bluebird/js/release/async.js.Async._drainQueues (http://localhost:34257/__cypress/runner/cypress_runner.js:162150:10)\n    at Async.drainQueues (http://localhost:34257/__cypress/runner/cypress_runner.js:162024:14)",
                "diff": null
              },
              "uuid": "296c8bc4-7dc9-490c-8ed7-d1b1021941b6",
              "parentUUID": "39eab5f4-bc0d-47f0-83fa-3467a1cd4864",
              "isHook": false,
              "skipped": false
            },
            {
              "title": "Verifica se a altura do board é 5 quando um valor menor é colocado no input",
              "fullTitle": "11 - Limite o tamanho mínimo e máximo do board. Verifica se a altura do board é 5 quando um valor menor é colocado no input",
              "timedOut": null,
              "duration": 4393,
              "state": "failed",
              "speed": null,
              "pass": false,
              "fail": true,
              "pending": false,
              "context": null,
              "code": "cy.get('#board-size').clear().type(4);\ncy.get('#generate-board').click();\ncy.get('.pixel').should('have.length', 25);",
              "err": {
                "message": "CypressError: Timed out retrying: Expected to find element: '#board-size', but never found it.",
                "estack": "CypressError: Timed out retrying: Expected to find element: '#board-size', but never found it.\n    at cypressErr (http://localhost:34257/__cypress/runner/cypress_runner.js:149934:9)\n    at throwErr (http://localhost:34257/__cypress/runner/cypress_runner.js:149867:11)\n    at Object.throwErrByPath (http://localhost:34257/__cypress/runner/cypress_runner.js:149915:3)\n    at retry (http://localhost:34257/__cypress/runner/cypress_runner.js:144197:19)\n    at onFailFn (http://localhost:34257/__cypress/runner/cypress_runner.js:132448:16)\n    at tryCatcher (http://localhost:34257/__cypress/runner/cypress_runner.js:167415:23)\n    at Promise._settlePromiseFromHandler (http://localhost:34257/__cypress/runner/cypress_runner.js:165351:31)\n    at Promise._settlePromise (http://localhost:34257/__cypress/runner/cypress_runner.js:165408:18)\n    at Promise._settlePromise0 (http://localhost:34257/__cypress/runner/cypress_runner.js:165453:10)\n    at Promise._settlePromises (http://localhost:34257/__cypress/runner/cypress_runner.js:165528:18)\n    at Async../node_modules/bluebird/js/release/async.js.Async._drainQueue (http://localhost:34257/__cypress/runner/cypress_runner.js:162140:16)\n    at Async../node_modules/bluebird/js/release/async.js.Async._drainQueues (http://localhost:34257/__cypress/runner/cypress_runner.js:162150:10)\n    at Async.drainQueues (http://localhost:34257/__cypress/runner/cypress_runner.js:162024:14)",
                "diff": null
              },
              "uuid": "f90ae6cb-97e2-4d56-8137-5fb8793a5e46",
              "parentUUID": "39eab5f4-bc0d-47f0-83fa-3467a1cd4864",
              "isHook": false,
              "skipped": false
            },
            {
              "title": "Verifica se a altura do board é 50 quando um valor maior é colocado no input",
              "fullTitle": "11 - Limite o tamanho mínimo e máximo do board. Verifica se a altura do board é 50 quando um valor maior é colocado no input",
              "timedOut": null,
              "duration": 4355,
              "state": "failed",
              "speed": null,
              "pass": false,
              "fail": true,
              "pending": false,
              "context": null,
              "code": "cy.get('#board-size').clear().type(51);\ncy.get('#generate-board').click();\ncy.get('.pixel').should('have.length', 2500);",
              "err": {
                "message": "CypressError: Timed out retrying: Expected to find element: '#board-size', but never found it.",
                "estack": "CypressError: Timed out retrying: Expected to find element: '#board-size', but never found it.\n    at cypressErr (http://localhost:34257/__cypress/runner/cypress_runner.js:149934:9)\n    at throwErr (http://localhost:34257/__cypress/runner/cypress_runner.js:149867:11)\n    at Object.throwErrByPath (http://localhost:34257/__cypress/runner/cypress_runner.js:149915:3)\n    at retry (http://localhost:34257/__cypress/runner/cypress_runner.js:144197:19)\n    at onFailFn (http://localhost:34257/__cypress/runner/cypress_runner.js:132448:16)\n    at tryCatcher (http://localhost:34257/__cypress/runner/cypress_runner.js:167415:23)\n    at Promise._settlePromiseFromHandler (http://localhost:34257/__cypress/runner/cypress_runner.js:165351:31)\n    at Promise._settlePromise (http://localhost:34257/__cypress/runner/cypress_runner.js:165408:18)\n    at Promise._settlePromise0 (http://localhost:34257/__cypress/runner/cypress_runner.js:165453:10)\n    at Promise._settlePromises (http://localhost:34257/__cypress/runner/cypress_runner.js:165528:18)\n    at Async../node_modules/bluebird/js/release/async.js.Async._drainQueue (http://localhost:34257/__cypress/runner/cypress_runner.js:162140:16)\n    at Async../node_modules/bluebird/js/release/async.js.Async._drainQueues (http://localhost:34257/__cypress/runner/cypress_runner.js:162150:10)\n    at Async.drainQueues (http://localhost:34257/__cypress/runner/cypress_runner.js:162024:14)",
                "diff": null
              },
              "uuid": "30daad6d-f3b1-4690-b86f-771e0f40af1c",
              "parentUUID": "39eab5f4-bc0d-47f0-83fa-3467a1cd4864",
              "isHook": false,
              "skipped": false
            }
          ],
          "suites": [],
          "passes": [],
          "failures": [
            "296c8bc4-7dc9-490c-8ed7-d1b1021941b6",
            "f90ae6cb-97e2-4d56-8137-5fb8793a5e46",
            "30daad6d-f3b1-4690-b86f-771e0f40af1c"
          ],
          "pending": [],
          "skipped": [],
          "duration": 13197,
          "root": false,
          "rootEmpty": false,
          "_timeout": 2000
        },
        {
          "uuid": "51c8f5f3-a14d-49ca-b4c2-50ab4dee8a16",
          "title": "12 - Faça com que as cores da paleta sejam geradas aleatoriamente ao carregar a página.",
          "fullFile": "",
          "file": "",
          "beforeHooks": [],
          "afterHooks": [],
          "tests": [
            {
              "title": "Verifica se as cores geradas na paleta são diferentes a cada carregamento da página",
              "fullTitle": "12 - Faça com que as cores da paleta sejam geradas aleatoriamente ao carregar a página. Verifica se as cores geradas na paleta são diferentes a cada carregamento da página",
              "timedOut": null,
              "duration": 4298,
              "state": "failed",
              "speed": null,
              "pass": false,
              "fail": true,
              "pending": false,
              "context": null,
              "code": "cy.get('.color').then(function (colors) {\n  var currentColors;\n  var previousColors;\n  previousColors = Array.from(colors).map(function (color) {\n    return Cypress.$(color).css('background-color');\n  });\n  for (var i = 0; i < 5; i += 1) {\n    cy.reload();\n    cy.get('.color').then(function (colors) {\n      currentColors = Array.from(colors).map(function (color) {\n        return Cypress.$(color).css('background-color');\n      });\n      expect(currentColors).not.to.deep.equal(previousColors);\n      previousColors = currentColors;\n    });\n  }\n});",
              "err": {
                "message": "CypressError: Timed out retrying: Expected to find element: '.color', but never found it.",
                "estack": "CypressError: Timed out retrying: Expected to find element: '.color', but never found it.\n    at cypressErr (http://localhost:34257/__cypress/runner/cypress_runner.js:149934:9)\n    at throwErr (http://localhost:34257/__cypress/runner/cypress_runner.js:149867:11)\n    at Object.throwErrByPath (http://localhost:34257/__cypress/runner/cypress_runner.js:149915:3)\n    at retry (http://localhost:34257/__cypress/runner/cypress_runner.js:144197:19)\n    at onFailFn (http://localhost:34257/__cypress/runner/cypress_runner.js:132448:16)\n    at tryCatcher (http://localhost:34257/__cypress/runner/cypress_runner.js:167415:23)\n    at Promise._settlePromiseFromHandler (http://localhost:34257/__cypress/runner/cypress_runner.js:165351:31)\n    at Promise._settlePromise (http://localhost:34257/__cypress/runner/cypress_runner.js:165408:18)\n    at Promise._settlePromise0 (http://localhost:34257/__cypress/runner/cypress_runner.js:165453:10)\n    at Promise._settlePromises (http://localhost:34257/__cypress/runner/cypress_runner.js:165528:18)\n    at Async../node_modules/bluebird/js/release/async.js.Async._drainQueue (http://localhost:34257/__cypress/runner/cypress_runner.js:162140:16)\n    at Async../node_modules/bluebird/js/release/async.js.Async._drainQueues (http://localhost:34257/__cypress/runner/cypress_runner.js:162150:10)\n    at Async.drainQueues (http://localhost:34257/__cypress/runner/cypress_runner.js:162024:14)",
                "diff": null
              },
              "uuid": "03e8ebc7-41e4-4488-83c5-abd32fcbfed6",
              "parentUUID": "51c8f5f3-a14d-49ca-b4c2-50ab4dee8a16",
              "isHook": false,
              "skipped": false
            },
            {
              "title": "Verifica se a cor preta ainda está presente e é a primeira na sua paleta de cores",
              "fullTitle": "12 - Faça com que as cores da paleta sejam geradas aleatoriamente ao carregar a página. Verifica se a cor preta ainda está presente e é a primeira na sua paleta de cores",
              "timedOut": null,
              "duration": 4375,
              "state": "failed",
              "speed": null,
              "pass": false,
              "fail": true,
              "pending": false,
              "context": null,
              "code": "cy.get('.color').then(function (colors) {\n  var currentColors;\n  var previousColors;\n  previousColors = Array.from(colors).map(function (color) {\n    return Cypress.$(color).css('background-color');\n  });\n  expect(previousColors[0]).to.eq(BLACK);\n  for (var i = 0; i < 5; i += 1) {\n    cy.reload();\n    cy.get('.color').then(function (colors) {\n      currentColors = Array.from(colors).map(function (color) {\n        return Cypress.$(color).css('background-color');\n      });\n      expect(currentColors[0]).to.eq(BLACK);\n      expect(currentColors).not.to.deep.equal(previousColors);\n      previousColors = currentColors;\n    });\n  }\n});",
              "err": {
                "message": "CypressError: Timed out retrying: Expected to find element: '.color', but never found it.",
                "estack": "CypressError: Timed out retrying: Expected to find element: '.color', but never found it.\n    at cypressErr (http://localhost:34257/__cypress/runner/cypress_runner.js:149934:9)\n    at throwErr (http://localhost:34257/__cypress/runner/cypress_runner.js:149867:11)\n    at Object.throwErrByPath (http://localhost:34257/__cypress/runner/cypress_runner.js:149915:3)\n    at retry (http://localhost:34257/__cypress/runner/cypress_runner.js:144197:19)\n    at onFailFn (http://localhost:34257/__cypress/runner/cypress_runner.js:132448:16)\n    at tryCatcher (http://localhost:34257/__cypress/runner/cypress_runner.js:167415:23)\n    at Promise._settlePromiseFromHandler (http://localhost:34257/__cypress/runner/cypress_runner.js:165351:31)\n    at Promise._settlePromise (http://localhost:34257/__cypress/runner/cypress_runner.js:165408:18)\n    at Promise._settlePromise0 (http://localhost:34257/__cypress/runner/cypress_runner.js:165453:10)\n    at Promise._settlePromises (http://localhost:34257/__cypress/runner/cypress_runner.js:165528:18)\n    at Async../node_modules/bluebird/js/release/async.js.Async._drainQueue (http://localhost:34257/__cypress/runner/cypress_runner.js:162140:16)\n    at Async../node_modules/bluebird/js/release/async.js.Async._drainQueues (http://localhost:34257/__cypress/runner/cypress_runner.js:162150:10)\n    at Async.drainQueues (http://localhost:34257/__cypress/runner/cypress_runner.js:162024:14)",
                "diff": null
              },
              "uuid": "2be7e5af-8cc4-49a6-af74-a828396c04a7",
              "parentUUID": "51c8f5f3-a14d-49ca-b4c2-50ab4dee8a16",
              "isHook": false,
              "skipped": false
            }
          ],
          "suites": [],
          "passes": [],
          "failures": [
            "03e8ebc7-41e4-4488-83c5-abd32fcbfed6",
            "2be7e5af-8cc4-49a6-af74-a828396c04a7"
          ],
          "pending": [],
          "skipped": [],
          "duration": 8673,
          "root": false,
          "rootEmpty": false,
          "_timeout": 2000
        }
      ],
      "passes": [],
      "failures": [],
      "pending": [],
      "skipped": [],
      "duration": 0,
      "root": true,
      "rootEmpty": true,
      "_timeout": 2000
    }
  ],
  "meta": {
    "mocha": {
      "version": "7.0.1"
    },
    "mochawesome": {
      "options": {
        "quiet": false,
        "reportFilename": "mochawesome",
        "saveHtml": false,
        "saveJson": true,
        "consoleReporter": "spec",
        "useInlineDiffs": false
      },
      "version": "4.1.0"
    },
    "marge": {
      "options": {
        "id": "default",
        "reportDir": "cypress/reports",
        "overwrite": true,
        "html": false,
        "json": true
      },
      "version": "4.1.0"
    }
  }
}