{
  "stats": {
    "suites": 12,
    "tests": 41,
    "passes": 23,
    "pending": 0,
    "failures": 18,
    "start": "2021-07-13T15:11:13.428Z",
    "end": "2021-07-13T15:13:24.597Z",
    "duration": 131169,
    "testsRegistered": 41,
    "passPercent": 56.09756097560976,
    "pendingPercent": 0,
    "other": 0,
    "hasOther": false,
    "skipped": 0,
    "hasSkipped": false
  },
  "results": [
    {
      "uuid": "e88f0260-3bb3-4bf8-9546-7ae0381a54c0",
      "title": "",
      "fullFile": "cypress/integration/project.spec.js",
      "file": "cypress/integration/project.spec.js",
      "beforeHooks": [],
      "afterHooks": [],
      "tests": [],
      "suites": [
        {
          "uuid": "e81faadd-c92b-4dc3-9ccf-43132808365a",
          "title": "1 - Adicione à página o título \"Paleta de Cores\".",
          "fullFile": "",
          "file": "",
          "beforeHooks": [],
          "afterHooks": [],
          "tests": [
            {
              "title": "Verifica se contém um elemento `h1` com o id `title` com o título correto",
              "fullTitle": "1 - Adicione à página o título \"Paleta de Cores\". Verifica se contém um elemento `h1` com o id `title` com o título correto",
              "timedOut": null,
              "duration": 934,
              "state": "passed",
              "speed": "slow",
              "pass": true,
              "fail": false,
              "pending": false,
              "context": null,
              "code": "cy.get('h1#title').should('contain.text', 'Paleta de Cores');",
              "err": {},
              "uuid": "18b62e27-8831-40c0-9096-db378a2182b0",
              "parentUUID": "e81faadd-c92b-4dc3-9ccf-43132808365a",
              "isHook": false,
              "skipped": false
            }
          ],
          "suites": [],
          "passes": [
            "18b62e27-8831-40c0-9096-db378a2182b0"
          ],
          "failures": [],
          "pending": [],
          "skipped": [],
          "duration": 934,
          "root": false,
          "rootEmpty": false,
          "_timeout": 2000
        },
        {
          "uuid": "804de3a0-35f3-4180-a62b-057f30cffa0d",
          "title": "2 - Adicione à página uma paleta de quatro cores distintas.",
          "fullFile": "",
          "file": "",
          "beforeHooks": [],
          "afterHooks": [],
          "tests": [
            {
              "title": "A paleta de cores deve ser um elemento com `id` denominado `color-palette`",
              "fullTitle": "2 - Adicione à página uma paleta de quatro cores distintas. A paleta de cores deve ser um elemento com `id` denominado `color-palette`",
              "timedOut": null,
              "duration": 649,
              "state": "passed",
              "speed": "slow",
              "pass": true,
              "fail": false,
              "pending": false,
              "context": null,
              "code": "cy.get('#color-palette').should('be.visible');",
              "err": {},
              "uuid": "b1d110ce-d2eb-4f44-a65f-bc469017e58c",
              "parentUUID": "804de3a0-35f3-4180-a62b-057f30cffa0d",
              "isHook": false,
              "skipped": false
            },
            {
              "title": "Verifica se cada cor individual da paleta de cores possui a `classe` chamada `color`.",
              "fullTitle": "2 - Adicione à página uma paleta de quatro cores distintas. Verifica se cada cor individual da paleta de cores possui a `classe` chamada `color`.",
              "timedOut": null,
              "duration": 663,
              "state": "passed",
              "speed": "slow",
              "pass": true,
              "fail": false,
              "pending": false,
              "context": null,
              "code": "cy.get('.color').should('have.length', 4).then(function (colors) {\n  for (var i = 0; i < colors.length; i++) {\n    cy.wrap(colors[i]).should('be.visible');\n  }\n});",
              "err": {},
              "uuid": "5e7b03d9-1900-457a-b5c5-885f4f656962",
              "parentUUID": "804de3a0-35f3-4180-a62b-057f30cffa0d",
              "isHook": false,
              "skipped": false
            },
            {
              "title": "Verifica se a cor de fundo de cada elemento da paleta é a cor que o elemento representa. **A única cor não permitida na paleta é a cor branca.**",
              "fullTitle": "2 - Adicione à página uma paleta de quatro cores distintas. Verifica se a cor de fundo de cada elemento da paleta é a cor que o elemento representa. **A única cor não permitida na paleta é a cor branca.**",
              "timedOut": null,
              "duration": 781,
              "state": "passed",
              "speed": "slow",
              "pass": true,
              "fail": false,
              "pending": false,
              "context": null,
              "code": "cy.get('.color').each(function (color) {\n  cy.wrap(color).should('have.class', 'color').and('not.have.css', 'background-color', WHITE);\n  cy.wrap(color).should('have.css', 'background-color');\n});",
              "err": {},
              "uuid": "834424a5-09dd-4203-b476-51f2ceda7968",
              "parentUUID": "804de3a0-35f3-4180-a62b-057f30cffa0d",
              "isHook": false,
              "skipped": false
            },
            {
              "title": "Verifica se cada elemento da paleta de cores tem uma borda preta, sólida e com 1 pixel de largura;",
              "fullTitle": "2 - Adicione à página uma paleta de quatro cores distintas. Verifica se cada elemento da paleta de cores tem uma borda preta, sólida e com 1 pixel de largura;",
              "timedOut": null,
              "duration": 530,
              "state": "passed",
              "speed": "slow",
              "pass": true,
              "fail": false,
              "pending": false,
              "context": null,
              "code": "cy.get('.color').each(function (color) {\n  cy.wrap(color).and('have.css', 'border', \"1px solid \".concat(BLACK)).and('have.class', 'color');\n});",
              "err": {},
              "uuid": "2d9e682c-3f4a-4279-bc1f-7f8eba2805eb",
              "parentUUID": "804de3a0-35f3-4180-a62b-057f30cffa0d",
              "isHook": false,
              "skipped": false
            },
            {
              "title": "Verifica se a paleta lista todas as cores disponíveis para utilização, lado a lado.",
              "fullTitle": "2 - Adicione à página uma paleta de quatro cores distintas. Verifica se a paleta lista todas as cores disponíveis para utilização, lado a lado.",
              "timedOut": null,
              "duration": 524,
              "state": "passed",
              "speed": "slow",
              "pass": true,
              "fail": false,
              "pending": false,
              "context": null,
              "code": "cy.get('.color').then(function (colors) {\n  for (var index = 1; index < colors.length; index += 1) {\n    var currentColor = colors[index];\n    var previousColor = colors[index - 1];\n    cy.wrap(currentColor).should('be.onTheRightOf', previousColor).and('be.horizontallyAlignedWith', previousColor);\n  }\n});",
              "err": {},
              "uuid": "63cb9fc3-1daf-4687-abe7-bef311feafe5",
              "parentUUID": "804de3a0-35f3-4180-a62b-057f30cffa0d",
              "isHook": false,
              "skipped": false
            },
            {
              "title": "Verifica se a paleta de cores está posicionada abaixo do título 'Paleta de Cores'",
              "fullTitle": "2 - Adicione à página uma paleta de quatro cores distintas. Verifica se a paleta de cores está posicionada abaixo do título 'Paleta de Cores'",
              "timedOut": null,
              "duration": 406,
              "state": "passed",
              "speed": "slow",
              "pass": true,
              "fail": false,
              "pending": false,
              "context": null,
              "code": "cy.get('h1#title').then(function (title) {\n  cy.get('#color-palette').should('be.belowOf', title);\n});",
              "err": {},
              "uuid": "38034088-d814-4a7f-808c-66b8569f585b",
              "parentUUID": "804de3a0-35f3-4180-a62b-057f30cffa0d",
              "isHook": false,
              "skipped": false
            },
            {
              "title": "Verifica se a paleta de cores não contém cores repetidas.",
              "fullTitle": "2 - Adicione à página uma paleta de quatro cores distintas. Verifica se a paleta de cores não contém cores repetidas.",
              "timedOut": null,
              "duration": 414,
              "state": "passed",
              "speed": "slow",
              "pass": true,
              "fail": false,
              "pending": false,
              "context": null,
              "code": "cy.get('.color').then(function (colors) {\n  var allColors = Array.from(colors).map(function (color) {\n    return Cypress.$(color).css('background-color');\n  });\n  cy.log(allColors);\n  var uniqColors = (0, _toConsumableArray2[\"default\"])(new Set(allColors));\n  cy.log(uniqColors);\n  expect(allColors.length).to.eq(uniqColors.length);\n});",
              "err": {},
              "uuid": "d7dd874b-cc05-488d-94cd-2ec512fb02f8",
              "parentUUID": "804de3a0-35f3-4180-a62b-057f30cffa0d",
              "isHook": false,
              "skipped": false
            }
          ],
          "suites": [],
          "passes": [
            "b1d110ce-d2eb-4f44-a65f-bc469017e58c",
            "5e7b03d9-1900-457a-b5c5-885f4f656962",
            "834424a5-09dd-4203-b476-51f2ceda7968",
            "2d9e682c-3f4a-4279-bc1f-7f8eba2805eb",
            "63cb9fc3-1daf-4687-abe7-bef311feafe5",
            "38034088-d814-4a7f-808c-66b8569f585b",
            "d7dd874b-cc05-488d-94cd-2ec512fb02f8"
          ],
          "failures": [],
          "pending": [],
          "skipped": [],
          "duration": 3967,
          "root": false,
          "rootEmpty": false,
          "_timeout": 2000
        },
        {
          "uuid": "2d3f7884-c989-4a76-82f8-b8d2c7539e3a",
          "title": "3 - Adicione a cor **preta** como a primeira cor da paleta de cores.",
          "fullFile": "",
          "file": "",
          "beforeHooks": [],
          "afterHooks": [],
          "tests": [
            {
              "title": "Verifica se a primeira cor da paleta é preta",
              "fullTitle": "3 - Adicione a cor **preta** como a primeira cor da paleta de cores. Verifica se a primeira cor da paleta é preta",
              "timedOut": null,
              "duration": 478,
              "state": "passed",
              "speed": "slow",
              "pass": true,
              "fail": false,
              "pending": false,
              "context": null,
              "code": "cy.get('.color').first().should('have.css', 'background-color', BLACK);",
              "err": {},
              "uuid": "24fd7b2f-4205-4041-abf7-776c0be98868",
              "parentUUID": "2d3f7884-c989-4a76-82f8-b8d2c7539e3a",
              "isHook": false,
              "skipped": false
            },
            {
              "title": "Verifica se as demais cores podem ser escolhidas livremente.",
              "fullTitle": "3 - Adicione a cor **preta** como a primeira cor da paleta de cores. Verifica se as demais cores podem ser escolhidas livremente.",
              "timedOut": null,
              "duration": 825,
              "state": "passed",
              "speed": "slow",
              "pass": true,
              "fail": false,
              "pending": false,
              "context": null,
              "code": "cy.get('.color').eq(1).should('not.have.css', 'background-color', BLACK);\ncy.get('.color').eq(1).should('not.have.css', 'background-color', WHITE);\ncy.get('.color').eq(1).should('not.have.css', 'background-color', 'rgba(0, 0, 0, 0)');\ncy.get('.color').eq(1).should('have.css', 'background-color');\ncy.get('.color').eq(2).should('not.have.css', 'background-color', BLACK);\ncy.get('.color').eq(2).should('not.have.css', 'background-color', WHITE);\ncy.get('.color').eq(2).should('not.have.css', 'background-color', 'rgba(0, 0, 0, 0)');\ncy.get('.color').eq(2).should('have.css', 'background-color');\ncy.get('.color').eq(3).should('not.have.css', 'background-color', BLACK);\ncy.get('.color').eq(3).should('not.have.css', 'background-color', WHITE);\ncy.get('.color').eq(3).should('not.have.css', 'background-color', 'rgba(0, 0, 0, 0)');\ncy.get('.color').eq(3).should('have.css', 'background-color');",
              "err": {},
              "uuid": "15dbc975-3635-4b8a-a1ab-127f671cfdfb",
              "parentUUID": "2d3f7884-c989-4a76-82f8-b8d2c7539e3a",
              "isHook": false,
              "skipped": false
            }
          ],
          "suites": [],
          "passes": [
            "24fd7b2f-4205-4041-abf7-776c0be98868",
            "15dbc975-3635-4b8a-a1ab-127f671cfdfb"
          ],
          "failures": [],
          "pending": [],
          "skipped": [],
          "duration": 1303,
          "root": false,
          "rootEmpty": false,
          "_timeout": 2000
        },
        {
          "uuid": "ffa64e0b-d7bc-4f12-9700-2461c35b65d5",
          "title": "4 - Adicione à página um quadro de pixels, com 25 pixels.",
          "fullFile": "",
          "file": "",
          "beforeHooks": [],
          "afterHooks": [],
          "tests": [
            {
              "title": "Verifica se o quadro de pixels possui o `id` denominado `pixel-board`",
              "fullTitle": "4 - Adicione à página um quadro de pixels, com 25 pixels. Verifica se o quadro de pixels possui o `id` denominado `pixel-board`",
              "timedOut": null,
              "duration": 372,
              "state": "passed",
              "speed": "slow",
              "pass": true,
              "fail": false,
              "pending": false,
              "context": null,
              "code": "cy.get('#pixel-board').should('be.visible');",
              "err": {},
              "uuid": "0fb9a33f-3617-4a2e-8fb3-455267fe6645",
              "parentUUID": "ffa64e0b-d7bc-4f12-9700-2461c35b65d5",
              "isHook": false,
              "skipped": false
            },
            {
              "title": "Verifica se cada pixel individual dentro do quadro possui a `classe` denominada `pixel`.",
              "fullTitle": "4 - Adicione à página um quadro de pixels, com 25 pixels. Verifica se cada pixel individual dentro do quadro possui a `classe` denominada `pixel`.",
              "timedOut": null,
              "duration": 494,
              "state": "passed",
              "speed": "slow",
              "pass": true,
              "fail": false,
              "pending": false,
              "context": null,
              "code": "cy.get('.pixel').should('have.length', 25);",
              "err": {},
              "uuid": "197f6a5b-84ec-400c-87d5-f4914c76beb8",
              "parentUUID": "ffa64e0b-d7bc-4f12-9700-2461c35b65d5",
              "isHook": false,
              "skipped": false
            },
            {
              "title": "Verifica se a cor inicial dos pixels dentro do quadro, ao abrir a página, é branca.",
              "fullTitle": "4 - Adicione à página um quadro de pixels, com 25 pixels. Verifica se a cor inicial dos pixels dentro do quadro, ao abrir a página, é branca.",
              "timedOut": null,
              "duration": 720,
              "state": "passed",
              "speed": "slow",
              "pass": true,
              "fail": false,
              "pending": false,
              "context": null,
              "code": "cy.get('.pixel').should('have.length', 25).each(function (pixel) {\n  expect(pixel).to.have.css('background-color', WHITE);\n});",
              "err": {},
              "uuid": "8afbca2d-2ec0-4e11-b7f0-269fbef452c7",
              "parentUUID": "ffa64e0b-d7bc-4f12-9700-2461c35b65d5",
              "isHook": false,
              "skipped": false
            },
            {
              "title": "Verifica se o quadro de pixels aparece abaixo da paleta de cores",
              "fullTitle": "4 - Adicione à página um quadro de pixels, com 25 pixels. Verifica se o quadro de pixels aparece abaixo da paleta de cores",
              "timedOut": null,
              "duration": 387,
              "state": "passed",
              "speed": "slow",
              "pass": true,
              "fail": false,
              "pending": false,
              "context": null,
              "code": "cy.get('#color-palette').then(function (palette) {\n  cy.get('#pixel-board').should('be.belowOf', palette);\n});",
              "err": {},
              "uuid": "4777ff7d-5efd-4a69-adbd-e502c0fee220",
              "parentUUID": "ffa64e0b-d7bc-4f12-9700-2461c35b65d5",
              "isHook": false,
              "skipped": false
            }
          ],
          "suites": [],
          "passes": [
            "0fb9a33f-3617-4a2e-8fb3-455267fe6645",
            "197f6a5b-84ec-400c-87d5-f4914c76beb8",
            "8afbca2d-2ec0-4e11-b7f0-269fbef452c7",
            "4777ff7d-5efd-4a69-adbd-e502c0fee220"
          ],
          "failures": [],
          "pending": [],
          "skipped": [],
          "duration": 1973,
          "root": false,
          "rootEmpty": false,
          "_timeout": 2000
        },
        {
          "uuid": "ae994fd8-2ec9-4fdd-aa1a-0ba028dfb860",
          "title": "5 - Faça com que cada elemento do quadro de pixels possua 40 pixels de largura, 40 pixels de altura e seja delimitado por uma borda preta de 1 pixel.",
          "fullFile": "",
          "file": "",
          "beforeHooks": [],
          "afterHooks": [],
          "tests": [
            {
              "title": "Verifica se o quadro de pixels tem altura e comprimento de 5 elementos",
              "fullTitle": "5 - Faça com que cada elemento do quadro de pixels possua 40 pixels de largura, 40 pixels de altura e seja delimitado por uma borda preta de 1 pixel. Verifica se o quadro de pixels tem altura e comprimento de 5 elementos",
              "timedOut": null,
              "duration": 1210,
              "state": "passed",
              "speed": "slow",
              "pass": true,
              "fail": false,
              "pending": false,
              "context": null,
              "code": "cy.get('.pixel').should('have.length', 25).each(function (pixel) {\n  expect(pixel).to.have.css('background-color', WHITE);\n}).and(function (pixels) {\n  var rows = chunk(pixels, 5);\n  rows.forEach(function (row) {\n    for (var index = 1; index < row.length; index += 1) {\n      var current = pixels[index];\n      var previous = pixels[index - 1];\n      cy.wrap(current).should('be.onTheRightOf', previous).and('be.horizontallyAlignedWith', previous);\n    }\n  });\n  for (var index = 1; index < 5; index += 1) {\n    expect(pixels[index * 5]).to.be.belowOf(pixels[(index - 1) * 5]);\n  }\n});",
              "err": {},
              "uuid": "820939b5-ac6d-4649-81d4-475c19523907",
              "parentUUID": "ae994fd8-2ec9-4fdd-aa1a-0ba028dfb860",
              "isHook": false,
              "skipped": false
            },
            {
              "title": "Verifica se 40 pixels é o tamanho total do elemento, incluindo seu conteúdo e excluindo a borda preta, que deve ser criada à parte.",
              "fullTitle": "5 - Faça com que cada elemento do quadro de pixels possua 40 pixels de largura, 40 pixels de altura e seja delimitado por uma borda preta de 1 pixel. Verifica se 40 pixels é o tamanho total do elemento, incluindo seu conteúdo e excluindo a borda preta, que deve ser criada à parte.",
              "timedOut": null,
              "duration": 1400,
              "state": "passed",
              "speed": "slow",
              "pass": true,
              "fail": false,
              "pending": false,
              "context": null,
              "code": "cy.get('.pixel').each(function (pixel) {\n  cy.wrap(pixel).should('have.css', 'height', '40px').and('have.css', 'width', '40px').and('have.css', 'border', \"1px solid \".concat(BLACK));\n});",
              "err": {},
              "uuid": "182379d8-2a40-41fb-97af-4e1fd91e90ca",
              "parentUUID": "ae994fd8-2ec9-4fdd-aa1a-0ba028dfb860",
              "isHook": false,
              "skipped": false
            }
          ],
          "suites": [],
          "passes": [
            "820939b5-ac6d-4649-81d4-475c19523907",
            "182379d8-2a40-41fb-97af-4e1fd91e90ca"
          ],
          "failures": [],
          "pending": [],
          "skipped": [],
          "duration": 2610,
          "root": false,
          "rootEmpty": false,
          "_timeout": 2000
        },
        {
          "uuid": "e59d38dd-0a9c-4415-813d-3f7167b1e27b",
          "title": "6 - Defina a cor preta como cor inicial. Ao carregar a página a cor preta já deve estar selecionada para pintar os pixels",
          "fullFile": "",
          "file": "",
          "beforeHooks": [],
          "afterHooks": [],
          "tests": [
            {
              "title": "Verifica se o elemento da cor preta possui, inicialmente, a `classe` `selected`",
              "fullTitle": "6 - Defina a cor preta como cor inicial. Ao carregar a página a cor preta já deve estar selecionada para pintar os pixels Verifica se o elemento da cor preta possui, inicialmente, a `classe` `selected`",
              "timedOut": null,
              "duration": 357,
              "state": "passed",
              "speed": "slow",
              "pass": true,
              "fail": false,
              "pending": false,
              "context": null,
              "code": "cy.get('.selected').first().should('have.css', 'background-color', BLACK);",
              "err": {},
              "uuid": "1e785b00-21a9-4b6d-855c-0f5fcb934568",
              "parentUUID": "e59d38dd-0a9c-4415-813d-3f7167b1e27b",
              "isHook": false,
              "skipped": false
            },
            {
              "title": "Verifica se nenhuma outra cor da paleta tem a `classe` `selected`",
              "fullTitle": "6 - Defina a cor preta como cor inicial. Ao carregar a página a cor preta já deve estar selecionada para pintar os pixels Verifica se nenhuma outra cor da paleta tem a `classe` `selected`",
              "timedOut": null,
              "duration": 399,
              "state": "passed",
              "speed": "slow",
              "pass": true,
              "fail": false,
              "pending": false,
              "context": null,
              "code": "cy.get('.color:not(:first-child)').each(function (color) {\n  cy.wrap(color).should('not.have.class', 'selected');\n});",
              "err": {},
              "uuid": "0eedce3f-c785-4704-adf4-56945116ce50",
              "parentUUID": "e59d38dd-0a9c-4415-813d-3f7167b1e27b",
              "isHook": false,
              "skipped": false
            }
          ],
          "suites": [],
          "passes": [
            "1e785b00-21a9-4b6d-855c-0f5fcb934568",
            "0eedce3f-c785-4704-adf4-56945116ce50"
          ],
          "failures": [],
          "pending": [],
          "skipped": [],
          "duration": 756,
          "root": false,
          "rootEmpty": false,
          "_timeout": 2000
        },
        {
          "uuid": "c9cb147d-e918-4f91-9ce1-e31dc09d0f84",
          "title": "7 - Clicar em uma das cores da paleta, faz com que ela seja selecionada e utilizada para preencher os pixels no quadro.",
          "fullFile": "",
          "file": "",
          "beforeHooks": [],
          "afterHooks": [],
          "tests": [
            {
              "title": "Verifica se somente uma cor da paleta de cores tem a classe `selected` de cada vez",
              "fullTitle": "7 - Clicar em uma das cores da paleta, faz com que ela seja selecionada e utilizada para preencher os pixels no quadro. Verifica se somente uma cor da paleta de cores tem a classe `selected` de cada vez",
              "timedOut": null,
              "duration": 1005,
              "state": "passed",
              "speed": "slow",
              "pass": true,
              "fail": false,
              "pending": false,
              "context": null,
              "code": "cy.get('.color').each(function (selectedColor, selectedColorIndex) {\n  cy.wrap(selectedColor).click();\n  cy.get('.color').each(function (color, colorIndex) {\n    if (colorIndex === selectedColorIndex) {\n      expect(color).to.have[\"class\"]('selected');\n    } else {\n      expect(color).not.to.have[\"class\"]('selected');\n    }\n  });\n});",
              "err": {},
              "uuid": "fd6ba04f-163e-463c-9e29-a0531de26309",
              "parentUUID": "c9cb147d-e918-4f91-9ce1-e31dc09d0f84",
              "isHook": false,
              "skipped": false
            },
            {
              "title": "Verifica se os pixels dentro do quadro não têm a classe `selected` quando são clicados",
              "fullTitle": "7 - Clicar em uma das cores da paleta, faz com que ela seja selecionada e utilizada para preencher os pixels no quadro. Verifica se os pixels dentro do quadro não têm a classe `selected` quando são clicados",
              "timedOut": null,
              "duration": 11813,
              "state": "passed",
              "speed": "slow",
              "pass": true,
              "fail": false,
              "pending": false,
              "context": null,
              "code": "cy.get('.color').each(function (color) {\n  var backgroundColor = color.css('background-color');\n  cy.wrap(color).click();\n  cy.get('.pixel').each(function (pixel) {\n    cy.wrap(pixel).click().should('not.have.class', 'selected');\n  });\n});",
              "err": {},
              "uuid": "2323f6f1-0a08-46ca-ab8b-6c74fbb47574",
              "parentUUID": "c9cb147d-e918-4f91-9ce1-e31dc09d0f84",
              "isHook": false,
              "skipped": false
            }
          ],
          "suites": [],
          "passes": [
            "fd6ba04f-163e-463c-9e29-a0531de26309",
            "2323f6f1-0a08-46ca-ab8b-6c74fbb47574"
          ],
          "failures": [],
          "pending": [],
          "skipped": [],
          "duration": 12818,
          "root": false,
          "rootEmpty": false,
          "_timeout": 2000
        },
        {
          "uuid": "b30de1bc-d7fe-4aef-9a29-2b419f531caf",
          "title": "8 - Clicar em um pixel dentro do quadro após selecionar uma cor na paleta, faz com que o pixel seja preenchido com a cor selecionada.",
          "fullFile": "",
          "file": "",
          "beforeHooks": [],
          "afterHooks": [],
          "tests": [
            {
              "title": "Verifica se ao carregar a página deve ser possível pintar os pixels de preto",
              "fullTitle": "8 - Clicar em um pixel dentro do quadro após selecionar uma cor na paleta, faz com que o pixel seja preenchido com a cor selecionada. Verifica se ao carregar a página deve ser possível pintar os pixels de preto",
              "timedOut": null,
              "duration": 3217,
              "state": "passed",
              "speed": "slow",
              "pass": true,
              "fail": false,
              "pending": false,
              "context": null,
              "code": "cy.get('.pixel').each(function (pixel) {\n  cy.wrap(pixel).click().should('have.css', 'background-color', BLACK);\n});",
              "err": {},
              "uuid": "b5a13326-ce90-4907-a94b-6fc2cff832c8",
              "parentUUID": "b30de1bc-d7fe-4aef-9a29-2b419f531caf",
              "isHook": false,
              "skipped": false
            },
            {
              "title": "Verifica se após selecionar uma outra cor na paleta, é possível pintar os pixels com essa cor",
              "fullTitle": "8 - Clicar em um pixel dentro do quadro após selecionar uma cor na paleta, faz com que o pixel seja preenchido com a cor selecionada. Verifica se após selecionar uma outra cor na paleta, é possível pintar os pixels com essa cor",
              "timedOut": null,
              "duration": 11517,
              "state": "passed",
              "speed": "slow",
              "pass": true,
              "fail": false,
              "pending": false,
              "context": null,
              "code": "cy.get('.color').each(function (color) {\n  var backgroundColor = color.css('background-color');\n  cy.wrap(color).click();\n  cy.get('.pixel').each(function (pixel) {\n    cy.wrap(pixel).click().should('have.css', 'background-color', backgroundColor);\n  });\n});",
              "err": {},
              "uuid": "13dc38f0-baad-4c22-bc63-ad106fcad50d",
              "parentUUID": "b30de1bc-d7fe-4aef-9a29-2b419f531caf",
              "isHook": false,
              "skipped": false
            },
            {
              "title": "Verifica se somente o pixel que foi clicado foi preenchido com a cor selecionada, sem influenciar na cor dos demais pixels.",
              "fullTitle": "8 - Clicar em um pixel dentro do quadro após selecionar uma cor na paleta, faz com que o pixel seja preenchido com a cor selecionada. Verifica se somente o pixel que foi clicado foi preenchido com a cor selecionada, sem influenciar na cor dos demais pixels.",
              "timedOut": null,
              "duration": 3629,
              "state": "passed",
              "speed": "slow",
              "pass": true,
              "fail": false,
              "pending": false,
              "context": null,
              "code": "var colorToPixelIndexMap = {\n  0: 6,\n  1: 8,\n  2: 16,\n  3: 18\n};\ncy.get('.color').each(function (color, index) {\n  cy.wrap(color).click();\n  var backgroundColor = color.css('background-color');\n  var clickedPixelIndex = colorToPixelIndexMap[index];\n  cy.get('.pixel').eq(clickedPixelIndex).click();\n  cy.get('.pixel').eq(clickedPixelIndex - 1).should('not.have.css', 'background-color', backgroundColor);\n  cy.get('.pixel').eq(clickedPixelIndex + 1).should('not.have.css', 'background-color', backgroundColor);\n  cy.get('.pixel').eq(clickedPixelIndex - 5).should('not.have.css', 'background-color', backgroundColor);\n  cy.get('.pixel').eq(clickedPixelIndex + 5).should('not.have.css', 'background-color', backgroundColor);\n  cy.get('.pixel').eq(clickedPixelIndex - 6).should('not.have.css', 'background-color', backgroundColor);\n  cy.get('.pixel').eq(clickedPixelIndex - 4).should('not.have.css', 'background-color', backgroundColor);\n  cy.get('.pixel').eq(clickedPixelIndex + 4).should('not.have.css', 'background-color', backgroundColor);\n  cy.get('.pixel').eq(clickedPixelIndex + 6).should('not.have.css', 'background-color', backgroundColor);\n});",
              "err": {},
              "uuid": "4b94517e-9925-486f-a6a9-0f87526e0789",
              "parentUUID": "b30de1bc-d7fe-4aef-9a29-2b419f531caf",
              "isHook": false,
              "skipped": false
            }
          ],
          "suites": [],
          "passes": [
            "b5a13326-ce90-4907-a94b-6fc2cff832c8",
            "13dc38f0-baad-4c22-bc63-ad106fcad50d",
            "4b94517e-9925-486f-a6a9-0f87526e0789"
          ],
          "failures": [],
          "pending": [],
          "skipped": [],
          "duration": 18363,
          "root": false,
          "rootEmpty": false,
          "_timeout": 2000
        },
        {
          "uuid": "a716a19b-7189-4a80-9feb-f4823f0d7b19",
          "title": "9 - Crie um botão que, ao ser clicado, limpa o quadro preenchendo a cor de todos seus pixels com branco.",
          "fullFile": "",
          "file": "",
          "beforeHooks": [],
          "afterHooks": [],
          "tests": [
            {
              "title": "Verifica se o botão tem o `id` denominado `clear-board`",
              "fullTitle": "9 - Crie um botão que, ao ser clicado, limpa o quadro preenchendo a cor de todos seus pixels com branco. Verifica se o botão tem o `id` denominado `clear-board`",
              "timedOut": null,
              "duration": 5094,
              "state": "failed",
              "speed": null,
              "pass": false,
              "fail": true,
              "pending": false,
              "context": null,
              "code": "cy.get('#clear-board').should('be.visible');",
              "err": {
                "message": "CypressError: Timed out retrying: Expected to find element: '#clear-board', but never found it.",
                "estack": "CypressError: Timed out retrying: Expected to find element: '#clear-board', but never found it.\n    at cypressErr (http://localhost:33441/__cypress/runner/cypress_runner.js:149934:9)\n    at throwErr (http://localhost:33441/__cypress/runner/cypress_runner.js:149867:11)\n    at Object.throwErrByPath (http://localhost:33441/__cypress/runner/cypress_runner.js:149915:3)\n    at retry (http://localhost:33441/__cypress/runner/cypress_runner.js:144197:19)\n    at onFailFn (http://localhost:33441/__cypress/runner/cypress_runner.js:132448:16)\n    at tryCatcher (http://localhost:33441/__cypress/runner/cypress_runner.js:167415:23)\n    at Promise._settlePromiseFromHandler (http://localhost:33441/__cypress/runner/cypress_runner.js:165351:31)\n    at Promise._settlePromise (http://localhost:33441/__cypress/runner/cypress_runner.js:165408:18)\n    at Promise._settlePromise0 (http://localhost:33441/__cypress/runner/cypress_runner.js:165453:10)\n    at Promise._settlePromises (http://localhost:33441/__cypress/runner/cypress_runner.js:165528:18)\n    at Async../node_modules/bluebird/js/release/async.js.Async._drainQueue (http://localhost:33441/__cypress/runner/cypress_runner.js:162140:16)\n    at Async../node_modules/bluebird/js/release/async.js.Async._drainQueues (http://localhost:33441/__cypress/runner/cypress_runner.js:162150:10)\n    at Async.drainQueues (http://localhost:33441/__cypress/runner/cypress_runner.js:162024:14)",
                "diff": null
              },
              "uuid": "36b7dafb-5d53-4b9f-a10b-d0647a229549",
              "parentUUID": "a716a19b-7189-4a80-9feb-f4823f0d7b19",
              "isHook": false,
              "skipped": false
            },
            {
              "title": "Verifica se o botão está posicionado entre a paleta de cores e o quadro de pixels",
              "fullTitle": "9 - Crie um botão que, ao ser clicado, limpa o quadro preenchendo a cor de todos seus pixels com branco. Verifica se o botão está posicionado entre a paleta de cores e o quadro de pixels",
              "timedOut": null,
              "duration": 4942,
              "state": "failed",
              "speed": null,
              "pass": false,
              "fail": true,
              "pending": false,
              "context": null,
              "code": "cy.get('#color-palette').then(function (palette) {\n  cy.get('#clear-board').should('be.belowOf', palette);\n});\ncy.get('#clear-board').then(function (clearBtn) {\n  cy.get('#pixel-board').should('be.belowOf', clearBtn);\n});",
              "err": {
                "message": "CypressError: Timed out retrying: Expected to find element: '#clear-board', but never found it.",
                "estack": "CypressError: Timed out retrying: Expected to find element: '#clear-board', but never found it.\n    at cypressErr (http://localhost:33441/__cypress/runner/cypress_runner.js:149934:9)\n    at throwErr (http://localhost:33441/__cypress/runner/cypress_runner.js:149867:11)\n    at Object.throwErrByPath (http://localhost:33441/__cypress/runner/cypress_runner.js:149915:3)\n    at retry (http://localhost:33441/__cypress/runner/cypress_runner.js:144197:19)\n    at onFailFn (http://localhost:33441/__cypress/runner/cypress_runner.js:132448:16)\n    at tryCatcher (http://localhost:33441/__cypress/runner/cypress_runner.js:167415:23)\n    at Promise._settlePromiseFromHandler (http://localhost:33441/__cypress/runner/cypress_runner.js:165351:31)\n    at Promise._settlePromise (http://localhost:33441/__cypress/runner/cypress_runner.js:165408:18)\n    at Promise._settlePromise0 (http://localhost:33441/__cypress/runner/cypress_runner.js:165453:10)\n    at Promise._settlePromises (http://localhost:33441/__cypress/runner/cypress_runner.js:165528:18)\n    at Async../node_modules/bluebird/js/release/async.js.Async._drainQueue (http://localhost:33441/__cypress/runner/cypress_runner.js:162140:16)\n    at Async../node_modules/bluebird/js/release/async.js.Async._drainQueues (http://localhost:33441/__cypress/runner/cypress_runner.js:162150:10)\n    at Async.drainQueues (http://localhost:33441/__cypress/runner/cypress_runner.js:162024:14)",
                "diff": null
              },
              "uuid": "68b9dd58-7baf-4bc1-8fb6-25c52b308b52",
              "parentUUID": "a716a19b-7189-4a80-9feb-f4823f0d7b19",
              "isHook": false,
              "skipped": false
            },
            {
              "title": "Verifica se o texto do botão é 'Limpar'",
              "fullTitle": "9 - Crie um botão que, ao ser clicado, limpa o quadro preenchendo a cor de todos seus pixels com branco. Verifica se o texto do botão é 'Limpar'",
              "timedOut": null,
              "duration": 5158,
              "state": "failed",
              "speed": null,
              "pass": false,
              "fail": true,
              "pending": false,
              "context": null,
              "code": "cy.get('#clear-board').should('contain.text', 'Limpar');",
              "err": {
                "message": "CypressError: Timed out retrying: Expected to find element: '#clear-board', but never found it.",
                "estack": "CypressError: Timed out retrying: Expected to find element: '#clear-board', but never found it.\n    at cypressErr (http://localhost:33441/__cypress/runner/cypress_runner.js:149934:9)\n    at throwErr (http://localhost:33441/__cypress/runner/cypress_runner.js:149867:11)\n    at Object.throwErrByPath (http://localhost:33441/__cypress/runner/cypress_runner.js:149915:3)\n    at retry (http://localhost:33441/__cypress/runner/cypress_runner.js:144197:19)\n    at onFailFn (http://localhost:33441/__cypress/runner/cypress_runner.js:132448:16)\n    at tryCatcher (http://localhost:33441/__cypress/runner/cypress_runner.js:167415:23)\n    at Promise._settlePromiseFromHandler (http://localhost:33441/__cypress/runner/cypress_runner.js:165351:31)\n    at Promise._settlePromise (http://localhost:33441/__cypress/runner/cypress_runner.js:165408:18)\n    at Promise._settlePromise0 (http://localhost:33441/__cypress/runner/cypress_runner.js:165453:10)\n    at Promise._settlePromises (http://localhost:33441/__cypress/runner/cypress_runner.js:165528:18)\n    at Async../node_modules/bluebird/js/release/async.js.Async._drainQueue (http://localhost:33441/__cypress/runner/cypress_runner.js:162140:16)\n    at Async../node_modules/bluebird/js/release/async.js.Async._drainQueues (http://localhost:33441/__cypress/runner/cypress_runner.js:162150:10)\n    at Async.drainQueues (http://localhost:33441/__cypress/runner/cypress_runner.js:162024:14)",
                "diff": null
              },
              "uuid": "52c9dfd9-4355-4be3-918b-093f23d8debf",
              "parentUUID": "a716a19b-7189-4a80-9feb-f4823f0d7b19",
              "isHook": false,
              "skipped": false
            },
            {
              "title": "Verifica se ao clicar no botão, o quadro de pixels é totalmente preenchido de branco",
              "fullTitle": "9 - Crie um botão que, ao ser clicado, limpa o quadro preenchendo a cor de todos seus pixels com branco. Verifica se ao clicar no botão, o quadro de pixels é totalmente preenchido de branco",
              "timedOut": null,
              "duration": 8129,
              "state": "failed",
              "speed": null,
              "pass": false,
              "fail": true,
              "pending": false,
              "context": null,
              "code": "cy.get('.color').eq(1).then(function (color) {\n  var backgroundColor = color.css('background-color');\n  cy.wrap(color).click();\n  cy.get('.pixel').each(function (pixel) {\n    cy.wrap(pixel).click().should('have.css', 'background-color', backgroundColor);\n  });\n});\ncy.get('#clear-board').click();\ncy.get('.pixel').each(function (pixel) {\n  cy.wrap(pixel).should('have.css', 'background-color', WHITE);\n});",
              "err": {
                "message": "CypressError: Timed out retrying: Expected to find element: '#clear-board', but never found it.",
                "estack": "CypressError: Timed out retrying: Expected to find element: '#clear-board', but never found it.\n    at cypressErr (http://localhost:33441/__cypress/runner/cypress_runner.js:149934:9)\n    at throwErr (http://localhost:33441/__cypress/runner/cypress_runner.js:149867:11)\n    at Object.throwErrByPath (http://localhost:33441/__cypress/runner/cypress_runner.js:149915:3)\n    at retry (http://localhost:33441/__cypress/runner/cypress_runner.js:144197:19)\n    at onFailFn (http://localhost:33441/__cypress/runner/cypress_runner.js:132448:16)\n    at tryCatcher (http://localhost:33441/__cypress/runner/cypress_runner.js:167415:23)\n    at Promise._settlePromiseFromHandler (http://localhost:33441/__cypress/runner/cypress_runner.js:165351:31)\n    at Promise._settlePromise (http://localhost:33441/__cypress/runner/cypress_runner.js:165408:18)\n    at Promise._settlePromise0 (http://localhost:33441/__cypress/runner/cypress_runner.js:165453:10)\n    at Promise._settlePromises (http://localhost:33441/__cypress/runner/cypress_runner.js:165528:18)\n    at Async../node_modules/bluebird/js/release/async.js.Async._drainQueue (http://localhost:33441/__cypress/runner/cypress_runner.js:162140:16)\n    at Async../node_modules/bluebird/js/release/async.js.Async._drainQueues (http://localhost:33441/__cypress/runner/cypress_runner.js:162150:10)\n    at Async.drainQueues (http://localhost:33441/__cypress/runner/cypress_runner.js:162024:14)",
                "diff": null
              },
              "uuid": "93cffdc3-b035-4d0b-9ae2-198ca188d801",
              "parentUUID": "a716a19b-7189-4a80-9feb-f4823f0d7b19",
              "isHook": false,
              "skipped": false
            }
          ],
          "suites": [],
          "passes": [],
          "failures": [
            "36b7dafb-5d53-4b9f-a10b-d0647a229549",
            "68b9dd58-7baf-4bc1-8fb6-25c52b308b52",
            "52c9dfd9-4355-4be3-918b-093f23d8debf",
            "93cffdc3-b035-4d0b-9ae2-198ca188d801"
          ],
          "pending": [],
          "skipped": [],
          "duration": 23323,
          "root": false,
          "rootEmpty": false,
          "_timeout": 2000
        },
        {
          "uuid": "4240e0b1-b543-49ba-8100-bc59b98a7dea",
          "title": "10 - Faça o quadro de pixels ter seu tamanho definido pelo usuário.",
          "fullFile": "",
          "file": "",
          "beforeHooks": [],
          "afterHooks": [],
          "tests": [
            {
              "title": "Verifica se existe um input com o id `board-size`",
              "fullTitle": "10 - Faça o quadro de pixels ter seu tamanho definido pelo usuário. Verifica se existe um input com o id `board-size`",
              "timedOut": null,
              "duration": 5310,
              "state": "failed",
              "speed": null,
              "pass": false,
              "fail": true,
              "pending": false,
              "context": null,
              "code": "cy.get('#board-size').should('be.visible');",
              "err": {
                "message": "CypressError: Timed out retrying: Expected to find element: '#board-size', but never found it.",
                "estack": "CypressError: Timed out retrying: Expected to find element: '#board-size', but never found it.\n    at cypressErr (http://localhost:33441/__cypress/runner/cypress_runner.js:149934:9)\n    at throwErr (http://localhost:33441/__cypress/runner/cypress_runner.js:149867:11)\n    at Object.throwErrByPath (http://localhost:33441/__cypress/runner/cypress_runner.js:149915:3)\n    at retry (http://localhost:33441/__cypress/runner/cypress_runner.js:144197:19)\n    at onFailFn (http://localhost:33441/__cypress/runner/cypress_runner.js:132448:16)\n    at tryCatcher (http://localhost:33441/__cypress/runner/cypress_runner.js:167415:23)\n    at Promise._settlePromiseFromHandler (http://localhost:33441/__cypress/runner/cypress_runner.js:165351:31)\n    at Promise._settlePromise (http://localhost:33441/__cypress/runner/cypress_runner.js:165408:18)\n    at Promise._settlePromise0 (http://localhost:33441/__cypress/runner/cypress_runner.js:165453:10)\n    at Promise._settlePromises (http://localhost:33441/__cypress/runner/cypress_runner.js:165528:18)\n    at Async../node_modules/bluebird/js/release/async.js.Async._drainQueue (http://localhost:33441/__cypress/runner/cypress_runner.js:162140:16)\n    at Async../node_modules/bluebird/js/release/async.js.Async._drainQueues (http://localhost:33441/__cypress/runner/cypress_runner.js:162150:10)\n    at Async.drainQueues (http://localhost:33441/__cypress/runner/cypress_runner.js:162024:14)",
                "diff": null
              },
              "uuid": "3f30a225-8605-4d0d-bdfa-079b828182df",
              "parentUUID": "4240e0b1-b543-49ba-8100-bc59b98a7dea",
              "isHook": false,
              "skipped": false
            },
            {
              "title": "Verifica se existe um botão com o id `generate-board`",
              "fullTitle": "10 - Faça o quadro de pixels ter seu tamanho definido pelo usuário. Verifica se existe um botão com o id `generate-board`",
              "timedOut": null,
              "duration": 5331,
              "state": "failed",
              "speed": null,
              "pass": false,
              "fail": true,
              "pending": false,
              "context": null,
              "code": "cy.get('#generate-board').should('be.visible');",
              "err": {
                "message": "CypressError: Timed out retrying: Expected to find element: '#generate-board', but never found it.",
                "estack": "CypressError: Timed out retrying: Expected to find element: '#generate-board', but never found it.\n    at cypressErr (http://localhost:33441/__cypress/runner/cypress_runner.js:149934:9)\n    at throwErr (http://localhost:33441/__cypress/runner/cypress_runner.js:149867:11)\n    at Object.throwErrByPath (http://localhost:33441/__cypress/runner/cypress_runner.js:149915:3)\n    at retry (http://localhost:33441/__cypress/runner/cypress_runner.js:144197:19)\n    at onFailFn (http://localhost:33441/__cypress/runner/cypress_runner.js:132448:16)\n    at tryCatcher (http://localhost:33441/__cypress/runner/cypress_runner.js:167415:23)\n    at Promise._settlePromiseFromHandler (http://localhost:33441/__cypress/runner/cypress_runner.js:165351:31)\n    at Promise._settlePromise (http://localhost:33441/__cypress/runner/cypress_runner.js:165408:18)\n    at Promise._settlePromise0 (http://localhost:33441/__cypress/runner/cypress_runner.js:165453:10)\n    at Promise._settlePromises (http://localhost:33441/__cypress/runner/cypress_runner.js:165528:18)\n    at Async../node_modules/bluebird/js/release/async.js.Async._drainQueue (http://localhost:33441/__cypress/runner/cypress_runner.js:162140:16)\n    at Async../node_modules/bluebird/js/release/async.js.Async._drainQueues (http://localhost:33441/__cypress/runner/cypress_runner.js:162150:10)\n    at Async.drainQueues (http://localhost:33441/__cypress/runner/cypress_runner.js:162024:14)",
                "diff": null
              },
              "uuid": "ab5a262e-b9ee-4514-94e2-4767503d9874",
              "parentUUID": "4240e0b1-b543-49ba-8100-bc59b98a7dea",
              "isHook": false,
              "skipped": false
            },
            {
              "title": "Verifica se o input só aceita número maiores que zero. Essa restrição deve ser feita usando os atributos do elemento `input`",
              "fullTitle": "10 - Faça o quadro de pixels ter seu tamanho definido pelo usuário. Verifica se o input só aceita número maiores que zero. Essa restrição deve ser feita usando os atributos do elemento `input`",
              "timedOut": null,
              "duration": 5223,
              "state": "failed",
              "speed": null,
              "pass": false,
              "fail": true,
              "pending": false,
              "context": null,
              "code": "cy.get('#board-size[type=\\'number\\'][min=\\'1\\']');",
              "err": {
                "message": "CypressError: Timed out retrying: Expected to find element: '#board-size[type='number'][min='1']', but never found it.",
                "estack": "CypressError: Timed out retrying: Expected to find element: '#board-size[type='number'][min='1']', but never found it.\n    at cypressErr (http://localhost:33441/__cypress/runner/cypress_runner.js:149934:9)\n    at throwErr (http://localhost:33441/__cypress/runner/cypress_runner.js:149867:11)\n    at Object.throwErrByPath (http://localhost:33441/__cypress/runner/cypress_runner.js:149915:3)\n    at retry (http://localhost:33441/__cypress/runner/cypress_runner.js:144197:19)\n    at onFailFn (http://localhost:33441/__cypress/runner/cypress_runner.js:132448:16)\n    at tryCatcher (http://localhost:33441/__cypress/runner/cypress_runner.js:167415:23)\n    at Promise._settlePromiseFromHandler (http://localhost:33441/__cypress/runner/cypress_runner.js:165351:31)\n    at Promise._settlePromise (http://localhost:33441/__cypress/runner/cypress_runner.js:165408:18)\n    at Promise._settlePromise0 (http://localhost:33441/__cypress/runner/cypress_runner.js:165453:10)\n    at Promise._settlePromises (http://localhost:33441/__cypress/runner/cypress_runner.js:165528:18)\n    at Async../node_modules/bluebird/js/release/async.js.Async._drainQueue (http://localhost:33441/__cypress/runner/cypress_runner.js:162140:16)\n    at Async../node_modules/bluebird/js/release/async.js.Async._drainQueues (http://localhost:33441/__cypress/runner/cypress_runner.js:162150:10)\n    at Async.drainQueues (http://localhost:33441/__cypress/runner/cypress_runner.js:162024:14)",
                "diff": null
              },
              "uuid": "d03f1709-182e-415e-85b5-fb349c144f3b",
              "parentUUID": "4240e0b1-b543-49ba-8100-bc59b98a7dea",
              "isHook": false,
              "skipped": false
            },
            {
              "title": "Verifica se o botão contém o texto 'VQV'",
              "fullTitle": "10 - Faça o quadro de pixels ter seu tamanho definido pelo usuário. Verifica se o botão contém o texto 'VQV'",
              "timedOut": null,
              "duration": 5226,
              "state": "failed",
              "speed": null,
              "pass": false,
              "fail": true,
              "pending": false,
              "context": null,
              "code": "cy.get('#generate-board').contains(/vqv/i);",
              "err": {
                "message": "CypressError: Timed out retrying: Expected to find element: '#generate-board', but never found it.",
                "estack": "CypressError: Timed out retrying: Expected to find element: '#generate-board', but never found it.\n    at cypressErr (http://localhost:33441/__cypress/runner/cypress_runner.js:149934:9)\n    at throwErr (http://localhost:33441/__cypress/runner/cypress_runner.js:149867:11)\n    at Object.throwErrByPath (http://localhost:33441/__cypress/runner/cypress_runner.js:149915:3)\n    at retry (http://localhost:33441/__cypress/runner/cypress_runner.js:144197:19)\n    at onFailFn (http://localhost:33441/__cypress/runner/cypress_runner.js:132448:16)\n    at tryCatcher (http://localhost:33441/__cypress/runner/cypress_runner.js:167415:23)\n    at Promise._settlePromiseFromHandler (http://localhost:33441/__cypress/runner/cypress_runner.js:165351:31)\n    at Promise._settlePromise (http://localhost:33441/__cypress/runner/cypress_runner.js:165408:18)\n    at Promise._settlePromise0 (http://localhost:33441/__cypress/runner/cypress_runner.js:165453:10)\n    at Promise._settlePromises (http://localhost:33441/__cypress/runner/cypress_runner.js:165528:18)\n    at Async../node_modules/bluebird/js/release/async.js.Async._drainQueue (http://localhost:33441/__cypress/runner/cypress_runner.js:162140:16)\n    at Async../node_modules/bluebird/js/release/async.js.Async._drainQueues (http://localhost:33441/__cypress/runner/cypress_runner.js:162150:10)\n    at Async.drainQueues (http://localhost:33441/__cypress/runner/cypress_runner.js:162024:14)",
                "diff": null
              },
              "uuid": "27d2f6ba-e9b7-471a-ae00-d17a960ea3d4",
              "parentUUID": "4240e0b1-b543-49ba-8100-bc59b98a7dea",
              "isHook": false,
              "skipped": false
            },
            {
              "title": "Verifica se o input está posicionado entre a paleta de cores e o quadro de pixels",
              "fullTitle": "10 - Faça o quadro de pixels ter seu tamanho definido pelo usuário. Verifica se o input está posicionado entre a paleta de cores e o quadro de pixels",
              "timedOut": null,
              "duration": 5322,
              "state": "failed",
              "speed": null,
              "pass": false,
              "fail": true,
              "pending": false,
              "context": null,
              "code": "cy.get('#color-palette').then(function (palette) {\n  cy.get('#board-size').should('be.belowOf', palette);\n});\ncy.get('#board-size').then(function (palette) {\n  cy.get('#pixel-board').should('be.belowOf', palette);\n});",
              "err": {
                "message": "CypressError: Timed out retrying: Expected to find element: '#board-size', but never found it.",
                "estack": "CypressError: Timed out retrying: Expected to find element: '#board-size', but never found it.\n    at cypressErr (http://localhost:33441/__cypress/runner/cypress_runner.js:149934:9)\n    at throwErr (http://localhost:33441/__cypress/runner/cypress_runner.js:149867:11)\n    at Object.throwErrByPath (http://localhost:33441/__cypress/runner/cypress_runner.js:149915:3)\n    at retry (http://localhost:33441/__cypress/runner/cypress_runner.js:144197:19)\n    at onFailFn (http://localhost:33441/__cypress/runner/cypress_runner.js:132448:16)\n    at tryCatcher (http://localhost:33441/__cypress/runner/cypress_runner.js:167415:23)\n    at Promise._settlePromiseFromHandler (http://localhost:33441/__cypress/runner/cypress_runner.js:165351:31)\n    at Promise._settlePromise (http://localhost:33441/__cypress/runner/cypress_runner.js:165408:18)\n    at Promise._settlePromise0 (http://localhost:33441/__cypress/runner/cypress_runner.js:165453:10)\n    at Promise._settlePromises (http://localhost:33441/__cypress/runner/cypress_runner.js:165528:18)\n    at Async../node_modules/bluebird/js/release/async.js.Async._drainQueue (http://localhost:33441/__cypress/runner/cypress_runner.js:162140:16)\n    at Async../node_modules/bluebird/js/release/async.js.Async._drainQueues (http://localhost:33441/__cypress/runner/cypress_runner.js:162150:10)\n    at Async.drainQueues (http://localhost:33441/__cypress/runner/cypress_runner.js:162024:14)",
                "diff": null
              },
              "uuid": "38133a86-0877-4ee6-8d41-9a7cfc6d79f8",
              "parentUUID": "4240e0b1-b543-49ba-8100-bc59b98a7dea",
              "isHook": false,
              "skipped": false
            },
            {
              "title": "Verifica se o botão está posicionado ao lado do input",
              "fullTitle": "10 - Faça o quadro de pixels ter seu tamanho definido pelo usuário. Verifica se o botão está posicionado ao lado do input",
              "timedOut": null,
              "duration": 5246,
              "state": "failed",
              "speed": null,
              "pass": false,
              "fail": true,
              "pending": false,
              "context": null,
              "code": "cy.get('#board-size').then(function (board) {\n  cy.get('#generate-board').should('be.onTheRightOf', board);\n});",
              "err": {
                "message": "CypressError: Timed out retrying: Expected to find element: '#board-size', but never found it.",
                "estack": "CypressError: Timed out retrying: Expected to find element: '#board-size', but never found it.\n    at cypressErr (http://localhost:33441/__cypress/runner/cypress_runner.js:149934:9)\n    at throwErr (http://localhost:33441/__cypress/runner/cypress_runner.js:149867:11)\n    at Object.throwErrByPath (http://localhost:33441/__cypress/runner/cypress_runner.js:149915:3)\n    at retry (http://localhost:33441/__cypress/runner/cypress_runner.js:144197:19)\n    at onFailFn (http://localhost:33441/__cypress/runner/cypress_runner.js:132448:16)\n    at tryCatcher (http://localhost:33441/__cypress/runner/cypress_runner.js:167415:23)\n    at Promise._settlePromiseFromHandler (http://localhost:33441/__cypress/runner/cypress_runner.js:165351:31)\n    at Promise._settlePromise (http://localhost:33441/__cypress/runner/cypress_runner.js:165408:18)\n    at Promise._settlePromise0 (http://localhost:33441/__cypress/runner/cypress_runner.js:165453:10)\n    at Promise._settlePromises (http://localhost:33441/__cypress/runner/cypress_runner.js:165528:18)\n    at Async../node_modules/bluebird/js/release/async.js.Async._drainQueue (http://localhost:33441/__cypress/runner/cypress_runner.js:162140:16)\n    at Async../node_modules/bluebird/js/release/async.js.Async._drainQueues (http://localhost:33441/__cypress/runner/cypress_runner.js:162150:10)\n    at Async.drainQueues (http://localhost:33441/__cypress/runner/cypress_runner.js:162024:14)",
                "diff": null
              },
              "uuid": "4635109b-39aa-4054-8ec5-1e200600b403",
              "parentUUID": "4240e0b1-b543-49ba-8100-bc59b98a7dea",
              "isHook": false,
              "skipped": false
            },
            {
              "title": "Verifica se nenhum valor for colocado no input ao clicar no botão, um `alert` é exibido com o texto: 'Board inválido!'",
              "fullTitle": "10 - Faça o quadro de pixels ter seu tamanho definido pelo usuário. Verifica se nenhum valor for colocado no input ao clicar no botão, um `alert` é exibido com o texto: 'Board inválido!'",
              "timedOut": null,
              "duration": 5346,
              "state": "failed",
              "speed": null,
              "pass": false,
              "fail": true,
              "pending": false,
              "context": null,
              "code": "var alerted = false;\ncy.on('window:alert', function (msg) {\n  return alerted = msg;\n});\ncy.get('#generate-board').click().then(function () {\n  return expect(alerted).to.match(/Board inválido!/i);\n});",
              "err": {
                "message": "CypressError: Timed out retrying: Expected to find element: '#generate-board', but never found it.",
                "estack": "CypressError: Timed out retrying: Expected to find element: '#generate-board', but never found it.\n    at cypressErr (http://localhost:33441/__cypress/runner/cypress_runner.js:149934:9)\n    at throwErr (http://localhost:33441/__cypress/runner/cypress_runner.js:149867:11)\n    at Object.throwErrByPath (http://localhost:33441/__cypress/runner/cypress_runner.js:149915:3)\n    at retry (http://localhost:33441/__cypress/runner/cypress_runner.js:144197:19)\n    at onFailFn (http://localhost:33441/__cypress/runner/cypress_runner.js:132448:16)\n    at tryCatcher (http://localhost:33441/__cypress/runner/cypress_runner.js:167415:23)\n    at Promise._settlePromiseFromHandler (http://localhost:33441/__cypress/runner/cypress_runner.js:165351:31)\n    at Promise._settlePromise (http://localhost:33441/__cypress/runner/cypress_runner.js:165408:18)\n    at Promise._settlePromise0 (http://localhost:33441/__cypress/runner/cypress_runner.js:165453:10)\n    at Promise._settlePromises (http://localhost:33441/__cypress/runner/cypress_runner.js:165528:18)\n    at Async../node_modules/bluebird/js/release/async.js.Async._drainQueue (http://localhost:33441/__cypress/runner/cypress_runner.js:162140:16)\n    at Async../node_modules/bluebird/js/release/async.js.Async._drainQueues (http://localhost:33441/__cypress/runner/cypress_runner.js:162150:10)\n    at Async.drainQueues (http://localhost:33441/__cypress/runner/cypress_runner.js:162024:14)",
                "diff": null
              },
              "uuid": "e9baf0d7-d5e9-47aa-8e24-472e959359cf",
              "parentUUID": "4240e0b1-b543-49ba-8100-bc59b98a7dea",
              "isHook": false,
              "skipped": false
            },
            {
              "title": "Verifica se ao clicar no botão com um valor preenchido, o tamanho do board muda.",
              "fullTitle": "10 - Faça o quadro de pixels ter seu tamanho definido pelo usuário. Verifica se ao clicar no botão com um valor preenchido, o tamanho do board muda.",
              "timedOut": null,
              "duration": 5020,
              "state": "failed",
              "speed": null,
              "pass": false,
              "fail": true,
              "pending": false,
              "context": null,
              "code": "cy.get('#board-size').clear().type(10);\ncy.get('#generate-board').click();\ncy.get('.pixel').should('have.length', 100);",
              "err": {
                "message": "CypressError: Timed out retrying: Expected to find element: '#board-size', but never found it.",
                "estack": "CypressError: Timed out retrying: Expected to find element: '#board-size', but never found it.\n    at cypressErr (http://localhost:33441/__cypress/runner/cypress_runner.js:149934:9)\n    at throwErr (http://localhost:33441/__cypress/runner/cypress_runner.js:149867:11)\n    at Object.throwErrByPath (http://localhost:33441/__cypress/runner/cypress_runner.js:149915:3)\n    at retry (http://localhost:33441/__cypress/runner/cypress_runner.js:144197:19)\n    at onFailFn (http://localhost:33441/__cypress/runner/cypress_runner.js:132448:16)\n    at tryCatcher (http://localhost:33441/__cypress/runner/cypress_runner.js:167415:23)\n    at Promise._settlePromiseFromHandler (http://localhost:33441/__cypress/runner/cypress_runner.js:165351:31)\n    at Promise._settlePromise (http://localhost:33441/__cypress/runner/cypress_runner.js:165408:18)\n    at Promise._settlePromise0 (http://localhost:33441/__cypress/runner/cypress_runner.js:165453:10)\n    at Promise._settlePromises (http://localhost:33441/__cypress/runner/cypress_runner.js:165528:18)\n    at Async../node_modules/bluebird/js/release/async.js.Async._drainQueue (http://localhost:33441/__cypress/runner/cypress_runner.js:162140:16)\n    at Async../node_modules/bluebird/js/release/async.js.Async._drainQueues (http://localhost:33441/__cypress/runner/cypress_runner.js:162150:10)\n    at Async.drainQueues (http://localhost:33441/__cypress/runner/cypress_runner.js:162024:14)",
                "diff": null
              },
              "uuid": "2df59aee-05af-4527-ba97-25409d10838c",
              "parentUUID": "4240e0b1-b543-49ba-8100-bc59b98a7dea",
              "isHook": false,
              "skipped": false
            },
            {
              "title": "Verifica se o novo quadro tem todos os pixels preenchidos com a cor branca",
              "fullTitle": "10 - Faça o quadro de pixels ter seu tamanho definido pelo usuário. Verifica se o novo quadro tem todos os pixels preenchidos com a cor branca",
              "timedOut": null,
              "duration": 4710,
              "state": "failed",
              "speed": null,
              "pass": false,
              "fail": true,
              "pending": false,
              "context": null,
              "code": "cy.get('#board-size').clear().type(6);\ncy.get('#generate-board').click();\ncy.get('.pixel').should('have.length', 36).each(function (pixel) {\n  expect(pixel).to.have.css('background-color', WHITE);\n});",
              "err": {
                "message": "CypressError: Timed out retrying: Expected to find element: '#board-size', but never found it.",
                "estack": "CypressError: Timed out retrying: Expected to find element: '#board-size', but never found it.\n    at cypressErr (http://localhost:33441/__cypress/runner/cypress_runner.js:149934:9)\n    at throwErr (http://localhost:33441/__cypress/runner/cypress_runner.js:149867:11)\n    at Object.throwErrByPath (http://localhost:33441/__cypress/runner/cypress_runner.js:149915:3)\n    at retry (http://localhost:33441/__cypress/runner/cypress_runner.js:144197:19)\n    at onFailFn (http://localhost:33441/__cypress/runner/cypress_runner.js:132448:16)\n    at tryCatcher (http://localhost:33441/__cypress/runner/cypress_runner.js:167415:23)\n    at Promise._settlePromiseFromHandler (http://localhost:33441/__cypress/runner/cypress_runner.js:165351:31)\n    at Promise._settlePromise (http://localhost:33441/__cypress/runner/cypress_runner.js:165408:18)\n    at Promise._settlePromise0 (http://localhost:33441/__cypress/runner/cypress_runner.js:165453:10)\n    at Promise._settlePromises (http://localhost:33441/__cypress/runner/cypress_runner.js:165528:18)\n    at Async../node_modules/bluebird/js/release/async.js.Async._drainQueue (http://localhost:33441/__cypress/runner/cypress_runner.js:162140:16)\n    at Async../node_modules/bluebird/js/release/async.js.Async._drainQueues (http://localhost:33441/__cypress/runner/cypress_runner.js:162150:10)\n    at Async.drainQueues (http://localhost:33441/__cypress/runner/cypress_runner.js:162024:14)",
                "diff": null
              },
              "uuid": "b09a6628-ef5a-4210-94bc-0399a3f5894d",
              "parentUUID": "4240e0b1-b543-49ba-8100-bc59b98a7dea",
              "isHook": false,
              "skipped": false
            }
          ],
          "suites": [],
          "passes": [],
          "failures": [
            "3f30a225-8605-4d0d-bdfa-079b828182df",
            "ab5a262e-b9ee-4514-94e2-4767503d9874",
            "d03f1709-182e-415e-85b5-fb349c144f3b",
            "27d2f6ba-e9b7-471a-ae00-d17a960ea3d4",
            "38133a86-0877-4ee6-8d41-9a7cfc6d79f8",
            "4635109b-39aa-4054-8ec5-1e200600b403",
            "e9baf0d7-d5e9-47aa-8e24-472e959359cf",
            "2df59aee-05af-4527-ba97-25409d10838c",
            "b09a6628-ef5a-4210-94bc-0399a3f5894d"
          ],
          "pending": [],
          "skipped": [],
          "duration": 46734,
          "root": false,
          "rootEmpty": false,
          "_timeout": 2000
        },
        {
          "uuid": "8048cf7b-d147-44b6-87d8-4a1426f59858",
          "title": "11 - Limite o tamanho mínimo e máximo do board.",
          "fullFile": "",
          "file": "",
          "beforeHooks": [],
          "afterHooks": [],
          "tests": [
            {
              "title": "Verifica se a altura máxima do board é 50",
              "fullTitle": "11 - Limite o tamanho mínimo e máximo do board. Verifica se a altura máxima do board é 50",
              "timedOut": null,
              "duration": 4867,
              "state": "failed",
              "speed": null,
              "pass": false,
              "fail": true,
              "pending": false,
              "context": null,
              "code": "cy.get('#board-size').clear().type(50);\ncy.get('#generate-board').click();\ncy.get('.pixel').should('have.length', 2500);",
              "err": {
                "message": "CypressError: Timed out retrying: Expected to find element: '#board-size', but never found it.",
                "estack": "CypressError: Timed out retrying: Expected to find element: '#board-size', but never found it.\n    at cypressErr (http://localhost:33441/__cypress/runner/cypress_runner.js:149934:9)\n    at throwErr (http://localhost:33441/__cypress/runner/cypress_runner.js:149867:11)\n    at Object.throwErrByPath (http://localhost:33441/__cypress/runner/cypress_runner.js:149915:3)\n    at retry (http://localhost:33441/__cypress/runner/cypress_runner.js:144197:19)\n    at onFailFn (http://localhost:33441/__cypress/runner/cypress_runner.js:132448:16)\n    at tryCatcher (http://localhost:33441/__cypress/runner/cypress_runner.js:167415:23)\n    at Promise._settlePromiseFromHandler (http://localhost:33441/__cypress/runner/cypress_runner.js:165351:31)\n    at Promise._settlePromise (http://localhost:33441/__cypress/runner/cypress_runner.js:165408:18)\n    at Promise._settlePromise0 (http://localhost:33441/__cypress/runner/cypress_runner.js:165453:10)\n    at Promise._settlePromises (http://localhost:33441/__cypress/runner/cypress_runner.js:165528:18)\n    at Async../node_modules/bluebird/js/release/async.js.Async._drainQueue (http://localhost:33441/__cypress/runner/cypress_runner.js:162140:16)\n    at Async../node_modules/bluebird/js/release/async.js.Async._drainQueues (http://localhost:33441/__cypress/runner/cypress_runner.js:162150:10)\n    at Async.drainQueues (http://localhost:33441/__cypress/runner/cypress_runner.js:162024:14)",
                "diff": null
              },
              "uuid": "f0bb456d-3dcd-42a7-9f6a-f50602c78d3a",
              "parentUUID": "8048cf7b-d147-44b6-87d8-4a1426f59858",
              "isHook": false,
              "skipped": false
            },
            {
              "title": "Verifica se a altura do board é 5 quando um valor menor é colocado no input",
              "fullTitle": "11 - Limite o tamanho mínimo e máximo do board. Verifica se a altura do board é 5 quando um valor menor é colocado no input",
              "timedOut": null,
              "duration": 4766,
              "state": "failed",
              "speed": null,
              "pass": false,
              "fail": true,
              "pending": false,
              "context": null,
              "code": "cy.get('#board-size').clear().type(4);\ncy.get('#generate-board').click();\ncy.get('.pixel').should('have.length', 25);",
              "err": {
                "message": "CypressError: Timed out retrying: Expected to find element: '#board-size', but never found it.",
                "estack": "CypressError: Timed out retrying: Expected to find element: '#board-size', but never found it.\n    at cypressErr (http://localhost:33441/__cypress/runner/cypress_runner.js:149934:9)\n    at throwErr (http://localhost:33441/__cypress/runner/cypress_runner.js:149867:11)\n    at Object.throwErrByPath (http://localhost:33441/__cypress/runner/cypress_runner.js:149915:3)\n    at retry (http://localhost:33441/__cypress/runner/cypress_runner.js:144197:19)\n    at onFailFn (http://localhost:33441/__cypress/runner/cypress_runner.js:132448:16)\n    at tryCatcher (http://localhost:33441/__cypress/runner/cypress_runner.js:167415:23)\n    at Promise._settlePromiseFromHandler (http://localhost:33441/__cypress/runner/cypress_runner.js:165351:31)\n    at Promise._settlePromise (http://localhost:33441/__cypress/runner/cypress_runner.js:165408:18)\n    at Promise._settlePromise0 (http://localhost:33441/__cypress/runner/cypress_runner.js:165453:10)\n    at Promise._settlePromises (http://localhost:33441/__cypress/runner/cypress_runner.js:165528:18)\n    at Async../node_modules/bluebird/js/release/async.js.Async._drainQueue (http://localhost:33441/__cypress/runner/cypress_runner.js:162140:16)\n    at Async../node_modules/bluebird/js/release/async.js.Async._drainQueues (http://localhost:33441/__cypress/runner/cypress_runner.js:162150:10)\n    at Async.drainQueues (http://localhost:33441/__cypress/runner/cypress_runner.js:162024:14)",
                "diff": null
              },
              "uuid": "0d7c495f-3715-48f1-88b1-5005eabd32f1",
              "parentUUID": "8048cf7b-d147-44b6-87d8-4a1426f59858",
              "isHook": false,
              "skipped": false
            },
            {
              "title": "Verifica se a altura do board é 50 quando um valor maior é colocado no input",
              "fullTitle": "11 - Limite o tamanho mínimo e máximo do board. Verifica se a altura do board é 50 quando um valor maior é colocado no input",
              "timedOut": null,
              "duration": 4761,
              "state": "failed",
              "speed": null,
              "pass": false,
              "fail": true,
              "pending": false,
              "context": null,
              "code": "cy.get('#board-size').clear().type(51);\ncy.get('#generate-board').click();\ncy.get('.pixel').should('have.length', 2500);",
              "err": {
                "message": "CypressError: Timed out retrying: Expected to find element: '#board-size', but never found it.",
                "estack": "CypressError: Timed out retrying: Expected to find element: '#board-size', but never found it.\n    at cypressErr (http://localhost:33441/__cypress/runner/cypress_runner.js:149934:9)\n    at throwErr (http://localhost:33441/__cypress/runner/cypress_runner.js:149867:11)\n    at Object.throwErrByPath (http://localhost:33441/__cypress/runner/cypress_runner.js:149915:3)\n    at retry (http://localhost:33441/__cypress/runner/cypress_runner.js:144197:19)\n    at onFailFn (http://localhost:33441/__cypress/runner/cypress_runner.js:132448:16)\n    at tryCatcher (http://localhost:33441/__cypress/runner/cypress_runner.js:167415:23)\n    at Promise._settlePromiseFromHandler (http://localhost:33441/__cypress/runner/cypress_runner.js:165351:31)\n    at Promise._settlePromise (http://localhost:33441/__cypress/runner/cypress_runner.js:165408:18)\n    at Promise._settlePromise0 (http://localhost:33441/__cypress/runner/cypress_runner.js:165453:10)\n    at Promise._settlePromises (http://localhost:33441/__cypress/runner/cypress_runner.js:165528:18)\n    at Async../node_modules/bluebird/js/release/async.js.Async._drainQueue (http://localhost:33441/__cypress/runner/cypress_runner.js:162140:16)\n    at Async../node_modules/bluebird/js/release/async.js.Async._drainQueues (http://localhost:33441/__cypress/runner/cypress_runner.js:162150:10)\n    at Async.drainQueues (http://localhost:33441/__cypress/runner/cypress_runner.js:162024:14)",
                "diff": null
              },
              "uuid": "8036ee50-e0c4-4f6f-a992-b2672034c817",
              "parentUUID": "8048cf7b-d147-44b6-87d8-4a1426f59858",
              "isHook": false,
              "skipped": false
            }
          ],
          "suites": [],
          "passes": [],
          "failures": [
            "f0bb456d-3dcd-42a7-9f6a-f50602c78d3a",
            "0d7c495f-3715-48f1-88b1-5005eabd32f1",
            "8036ee50-e0c4-4f6f-a992-b2672034c817"
          ],
          "pending": [],
          "skipped": [],
          "duration": 14394,
          "root": false,
          "rootEmpty": false,
          "_timeout": 2000
        },
        {
          "uuid": "31b3f6e8-761c-4104-88d7-86e72cb445d8",
          "title": "12 - Faça com que as cores da paleta sejam geradas aleatoriamente ao carregar a página.",
          "fullFile": "",
          "file": "",
          "beforeHooks": [],
          "afterHooks": [],
          "tests": [
            {
              "title": "Verifica se as cores geradas na paleta são diferentes a cada carregamento da página",
              "fullTitle": "12 - Faça com que as cores da paleta sejam geradas aleatoriamente ao carregar a página. Verifica se as cores geradas na paleta são diferentes a cada carregamento da página",
              "timedOut": null,
              "duration": 767,
              "state": "failed",
              "speed": null,
              "pass": false,
              "fail": true,
              "pending": false,
              "context": null,
              "code": "cy.get('.color').then(function (colors) {\n  var currentColors;\n  var previousColors;\n  previousColors = Array.from(colors).map(function (color) {\n    return Cypress.$(color).css('background-color');\n  });\n  for (var i = 0; i < 5; i += 1) {\n    cy.reload();\n    cy.get('.color').then(function (colors) {\n      currentColors = Array.from(colors).map(function (color) {\n        return Cypress.$(color).css('background-color');\n      });\n      expect(currentColors).not.to.deep.equal(previousColors);\n      previousColors = currentColors;\n    });\n  }\n});",
              "err": {
                "message": "AssertionError: expected [ Array(4) ] to not deeply equal [ Array(4) ]",
                "estack": "AssertionError: expected [ Array(4) ] to not deeply equal [ Array(4) ]\n    at getRet (http://localhost:33441/__cypress/runner/cypress_runner.js:136585:16)\n    at tryCatcher (http://localhost:33441/__cypress/runner/cypress_runner.js:167415:23)\n    at Function.Promise.attempt.Promise.try (http://localhost:33441/__cypress/runner/cypress_runner.js:164690:29)\n    at Context.thenFn (http://localhost:33441/__cypress/runner/cypress_runner.js:136599:23)\n    at Context.then (http://localhost:33441/__cypress/runner/cypress_runner.js:136971:21)\n    at Context.<anonymous> (http://localhost:33441/__cypress/runner/cypress_runner.js:148875:21)\n    at http://localhost:33441/__cypress/runner/cypress_runner.js:148351:33\n    at tryCatcher (http://localhost:33441/__cypress/runner/cypress_runner.js:167415:23)\n    at Promise._settlePromiseFromHandler (http://localhost:33441/__cypress/runner/cypress_runner.js:165351:31)\n    at Promise._settlePromise (http://localhost:33441/__cypress/runner/cypress_runner.js:165408:18)\n    at Promise._settlePromiseCtx (http://localhost:33441/__cypress/runner/cypress_runner.js:165445:10)\n    at Async../node_modules/bluebird/js/release/async.js.Async._drainQueue (http://localhost:33441/__cypress/runner/cypress_runner.js:162145:12)\n    at Async../node_modules/bluebird/js/release/async.js.Async._drainQueues (http://localhost:33441/__cypress/runner/cypress_runner.js:162150:10)\n    at Async.drainQueues (http://localhost:33441/__cypress/runner/cypress_runner.js:162024:14)",
                "diff": ""
              },
              "uuid": "b1c2c9a2-5bc3-4aef-80f5-3ca92f2d82ac",
              "parentUUID": "31b3f6e8-761c-4104-88d7-86e72cb445d8",
              "isHook": false,
              "skipped": false
            },
            {
              "title": "Verifica se a cor preta ainda está presente e é a primeira na sua paleta de cores",
              "fullTitle": "12 - Faça com que as cores da paleta sejam geradas aleatoriamente ao carregar a página. Verifica se a cor preta ainda está presente e é a primeira na sua paleta de cores",
              "timedOut": null,
              "duration": 567,
              "state": "failed",
              "speed": null,
              "pass": false,
              "fail": true,
              "pending": false,
              "context": null,
              "code": "cy.get('.color').then(function (colors) {\n  var currentColors;\n  var previousColors;\n  previousColors = Array.from(colors).map(function (color) {\n    return Cypress.$(color).css('background-color');\n  });\n  expect(previousColors[0]).to.eq(BLACK);\n  for (var i = 0; i < 5; i += 1) {\n    cy.reload();\n    cy.get('.color').then(function (colors) {\n      currentColors = Array.from(colors).map(function (color) {\n        return Cypress.$(color).css('background-color');\n      });\n      expect(currentColors[0]).to.eq(BLACK);\n      expect(currentColors).not.to.deep.equal(previousColors);\n      previousColors = currentColors;\n    });\n  }\n});",
              "err": {
                "message": "AssertionError: expected [ Array(4) ] to not deeply equal [ Array(4) ]",
                "estack": "AssertionError: expected [ Array(4) ] to not deeply equal [ Array(4) ]\n    at getRet (http://localhost:33441/__cypress/runner/cypress_runner.js:136585:16)\n    at tryCatcher (http://localhost:33441/__cypress/runner/cypress_runner.js:167415:23)\n    at Function.Promise.attempt.Promise.try (http://localhost:33441/__cypress/runner/cypress_runner.js:164690:29)\n    at Context.thenFn (http://localhost:33441/__cypress/runner/cypress_runner.js:136599:23)\n    at Context.then (http://localhost:33441/__cypress/runner/cypress_runner.js:136971:21)\n    at Context.<anonymous> (http://localhost:33441/__cypress/runner/cypress_runner.js:148875:21)\n    at http://localhost:33441/__cypress/runner/cypress_runner.js:148351:33\n    at tryCatcher (http://localhost:33441/__cypress/runner/cypress_runner.js:167415:23)\n    at Promise._settlePromiseFromHandler (http://localhost:33441/__cypress/runner/cypress_runner.js:165351:31)\n    at Promise._settlePromise (http://localhost:33441/__cypress/runner/cypress_runner.js:165408:18)\n    at Promise._settlePromiseCtx (http://localhost:33441/__cypress/runner/cypress_runner.js:165445:10)\n    at Async../node_modules/bluebird/js/release/async.js.Async._drainQueue (http://localhost:33441/__cypress/runner/cypress_runner.js:162145:12)\n    at Async../node_modules/bluebird/js/release/async.js.Async._drainQueues (http://localhost:33441/__cypress/runner/cypress_runner.js:162150:10)\n    at Async.drainQueues (http://localhost:33441/__cypress/runner/cypress_runner.js:162024:14)",
                "diff": ""
              },
              "uuid": "ece090fe-e854-4698-9521-881f51cf0427",
              "parentUUID": "31b3f6e8-761c-4104-88d7-86e72cb445d8",
              "isHook": false,
              "skipped": false
            }
          ],
          "suites": [],
          "passes": [],
          "failures": [
            "b1c2c9a2-5bc3-4aef-80f5-3ca92f2d82ac",
            "ece090fe-e854-4698-9521-881f51cf0427"
          ],
          "pending": [],
          "skipped": [],
          "duration": 1334,
          "root": false,
          "rootEmpty": false,
          "_timeout": 2000
        }
      ],
      "passes": [],
      "failures": [],
      "pending": [],
      "skipped": [],
      "duration": 0,
      "root": true,
      "rootEmpty": true,
      "_timeout": 2000
    }
  ],
  "meta": {
    "mocha": {
      "version": "7.0.1"
    },
    "mochawesome": {
      "options": {
        "quiet": false,
        "reportFilename": "mochawesome",
        "saveHtml": false,
        "saveJson": true,
        "consoleReporter": "spec",
        "useInlineDiffs": false
      },
      "version": "4.1.0"
    },
    "marge": {
      "options": {
        "id": "default",
        "reportDir": "cypress/reports",
        "overwrite": true,
        "html": false,
        "json": true
      },
      "version": "4.1.0"
    }
  }
}