{
  "stats": {
    "suites": 12,
    "tests": 41,
    "passes": 26,
    "pending": 0,
    "failures": 15,
    "start": "2021-07-09T23:09:06.827Z",
    "end": "2021-07-09T23:10:28.570Z",
    "duration": 81743,
    "testsRegistered": 41,
    "passPercent": 63.41463414634146,
    "pendingPercent": 0,
    "other": 0,
    "hasOther": false,
    "skipped": 0,
    "hasSkipped": false
  },
  "results": [
    {
      "uuid": "acd354ce-c65f-480b-b516-fde4ac88e950",
      "title": "",
      "fullFile": "cypress/integration/project.spec.js",
      "file": "cypress/integration/project.spec.js",
      "beforeHooks": [],
      "afterHooks": [],
      "tests": [],
      "suites": [
        {
          "uuid": "5dc7bfe5-053f-482e-9d41-9347a10d8bb7",
          "title": "1 - Adicione à página o título \"Paleta de Cores\".",
          "fullFile": "",
          "file": "",
          "beforeHooks": [],
          "afterHooks": [],
          "tests": [
            {
              "title": "Verifica se contém um elemento `h1` com o id `title` com o título correto",
              "fullTitle": "1 - Adicione à página o título \"Paleta de Cores\". Verifica se contém um elemento `h1` com o id `title` com o título correto",
              "timedOut": null,
              "duration": 179,
              "state": "passed",
              "speed": "slow",
              "pass": true,
              "fail": false,
              "pending": false,
              "context": null,
              "code": "cy.get('h1#title').should('contain.text', 'Paleta de Cores');",
              "err": {},
              "uuid": "f7f5d595-c2e8-49f9-896b-6c95a168fc19",
              "parentUUID": "5dc7bfe5-053f-482e-9d41-9347a10d8bb7",
              "isHook": false,
              "skipped": false
            }
          ],
          "suites": [],
          "passes": [
            "f7f5d595-c2e8-49f9-896b-6c95a168fc19"
          ],
          "failures": [],
          "pending": [],
          "skipped": [],
          "duration": 179,
          "root": false,
          "rootEmpty": false,
          "_timeout": 2000
        },
        {
          "uuid": "5f8132e0-5354-45f5-9730-17892dbf2b19",
          "title": "2 - Adicione à página uma paleta de quatro cores distintas.",
          "fullFile": "",
          "file": "",
          "beforeHooks": [],
          "afterHooks": [],
          "tests": [
            {
              "title": "A paleta de cores deve ser um elemento com `id` denominado `color-palette`",
              "fullTitle": "2 - Adicione à página uma paleta de quatro cores distintas. A paleta de cores deve ser um elemento com `id` denominado `color-palette`",
              "timedOut": null,
              "duration": 169,
              "state": "passed",
              "speed": "slow",
              "pass": true,
              "fail": false,
              "pending": false,
              "context": null,
              "code": "cy.get('#color-palette').should('be.visible');",
              "err": {},
              "uuid": "9ebc2c2b-ec9e-4fdb-814a-4a4f9968967b",
              "parentUUID": "5f8132e0-5354-45f5-9730-17892dbf2b19",
              "isHook": false,
              "skipped": false
            },
            {
              "title": "Verifica se cada cor individual da paleta de cores possui a `classe` chamada `color`.",
              "fullTitle": "2 - Adicione à página uma paleta de quatro cores distintas. Verifica se cada cor individual da paleta de cores possui a `classe` chamada `color`.",
              "timedOut": null,
              "duration": 121,
              "state": "passed",
              "speed": "slow",
              "pass": true,
              "fail": false,
              "pending": false,
              "context": null,
              "code": "cy.get('.color').should('have.length', 4).then(function (colors) {\n  for (var i = 0; i < colors.length; i++) {\n    cy.wrap(colors[i]).should('be.visible');\n  }\n});",
              "err": {},
              "uuid": "760494d2-f373-4ba6-acc9-4a40c0dbebff",
              "parentUUID": "5f8132e0-5354-45f5-9730-17892dbf2b19",
              "isHook": false,
              "skipped": false
            },
            {
              "title": "Verifica se a cor de fundo de cada elemento da paleta é a cor que o elemento representa. **A única cor não permitida na paleta é a cor branca.**",
              "fullTitle": "2 - Adicione à página uma paleta de quatro cores distintas. Verifica se a cor de fundo de cada elemento da paleta é a cor que o elemento representa. **A única cor não permitida na paleta é a cor branca.**",
              "timedOut": null,
              "duration": 159,
              "state": "passed",
              "speed": "slow",
              "pass": true,
              "fail": false,
              "pending": false,
              "context": null,
              "code": "cy.get('.color').each(function (color) {\n  cy.wrap(color).should('have.class', 'color').and('not.have.css', 'background-color', WHITE);\n  cy.wrap(color).should('have.css', 'background-color');\n});",
              "err": {},
              "uuid": "db1fb8fa-fbb3-4772-8dd3-942970734a97",
              "parentUUID": "5f8132e0-5354-45f5-9730-17892dbf2b19",
              "isHook": false,
              "skipped": false
            },
            {
              "title": "Verifica se cada elemento da paleta de cores tem uma borda preta, sólida e com 1 pixel de largura;",
              "fullTitle": "2 - Adicione à página uma paleta de quatro cores distintas. Verifica se cada elemento da paleta de cores tem uma borda preta, sólida e com 1 pixel de largura;",
              "timedOut": null,
              "duration": 118,
              "state": "passed",
              "speed": "slow",
              "pass": true,
              "fail": false,
              "pending": false,
              "context": null,
              "code": "cy.get('.color').each(function (color) {\n  cy.wrap(color).and('have.css', 'border', \"1px solid \".concat(BLACK)).and('have.class', 'color');\n});",
              "err": {},
              "uuid": "3d7159d6-698b-48f1-a0bf-0eb61c4df6c3",
              "parentUUID": "5f8132e0-5354-45f5-9730-17892dbf2b19",
              "isHook": false,
              "skipped": false
            },
            {
              "title": "Verifica se a paleta lista todas as cores disponíveis para utilização, lado a lado.",
              "fullTitle": "2 - Adicione à página uma paleta de quatro cores distintas. Verifica se a paleta lista todas as cores disponíveis para utilização, lado a lado.",
              "timedOut": null,
              "duration": 156,
              "state": "passed",
              "speed": "slow",
              "pass": true,
              "fail": false,
              "pending": false,
              "context": null,
              "code": "cy.get('.color').then(function (colors) {\n  for (var index = 1; index < colors.length; index += 1) {\n    var currentColor = colors[index];\n    var previousColor = colors[index - 1];\n    cy.wrap(currentColor).should('be.onTheRightOf', previousColor).and('be.horizontallyAlignedWith', previousColor);\n  }\n});",
              "err": {},
              "uuid": "17cbf4de-870d-4b15-ab3b-b64bbc0c5569",
              "parentUUID": "5f8132e0-5354-45f5-9730-17892dbf2b19",
              "isHook": false,
              "skipped": false
            },
            {
              "title": "Verifica se a paleta de cores está posicionada abaixo do título 'Paleta de Cores'",
              "fullTitle": "2 - Adicione à página uma paleta de quatro cores distintas. Verifica se a paleta de cores está posicionada abaixo do título 'Paleta de Cores'",
              "timedOut": null,
              "duration": 93,
              "state": "passed",
              "speed": "slow",
              "pass": true,
              "fail": false,
              "pending": false,
              "context": null,
              "code": "cy.get('h1#title').then(function (title) {\n  cy.get('#color-palette').should('be.belowOf', title);\n});",
              "err": {},
              "uuid": "2980dcd3-1b09-4e8f-b089-dadff5e780d9",
              "parentUUID": "5f8132e0-5354-45f5-9730-17892dbf2b19",
              "isHook": false,
              "skipped": false
            },
            {
              "title": "Verifica se a paleta de cores não contém cores repetidas.",
              "fullTitle": "2 - Adicione à página uma paleta de quatro cores distintas. Verifica se a paleta de cores não contém cores repetidas.",
              "timedOut": null,
              "duration": 95,
              "state": "passed",
              "speed": "slow",
              "pass": true,
              "fail": false,
              "pending": false,
              "context": null,
              "code": "cy.get('.color').then(function (colors) {\n  var allColors = Array.from(colors).map(function (color) {\n    return Cypress.$(color).css('background-color');\n  });\n  cy.log(allColors);\n  var uniqColors = (0, _toConsumableArray2[\"default\"])(new Set(allColors));\n  cy.log(uniqColors);\n  expect(allColors.length).to.eq(uniqColors.length);\n});",
              "err": {},
              "uuid": "912d7080-5461-46fc-9994-3682a5245659",
              "parentUUID": "5f8132e0-5354-45f5-9730-17892dbf2b19",
              "isHook": false,
              "skipped": false
            }
          ],
          "suites": [],
          "passes": [
            "9ebc2c2b-ec9e-4fdb-814a-4a4f9968967b",
            "760494d2-f373-4ba6-acc9-4a40c0dbebff",
            "db1fb8fa-fbb3-4772-8dd3-942970734a97",
            "3d7159d6-698b-48f1-a0bf-0eb61c4df6c3",
            "17cbf4de-870d-4b15-ab3b-b64bbc0c5569",
            "2980dcd3-1b09-4e8f-b089-dadff5e780d9",
            "912d7080-5461-46fc-9994-3682a5245659"
          ],
          "failures": [],
          "pending": [],
          "skipped": [],
          "duration": 911,
          "root": false,
          "rootEmpty": false,
          "_timeout": 2000
        },
        {
          "uuid": "70ec7ac7-87b6-4c24-ac7c-b50865bc8d46",
          "title": "3 - Adicione a cor **preta** como a primeira cor da paleta de cores.",
          "fullFile": "",
          "file": "",
          "beforeHooks": [],
          "afterHooks": [],
          "tests": [
            {
              "title": "Verifica se a primeira cor da paleta é preta",
              "fullTitle": "3 - Adicione a cor **preta** como a primeira cor da paleta de cores. Verifica se a primeira cor da paleta é preta",
              "timedOut": null,
              "duration": 145,
              "state": "passed",
              "speed": "slow",
              "pass": true,
              "fail": false,
              "pending": false,
              "context": null,
              "code": "cy.get('.color').first().should('have.css', 'background-color', BLACK);",
              "err": {},
              "uuid": "4044b174-309e-4b3e-a50b-be38d2318434",
              "parentUUID": "70ec7ac7-87b6-4c24-ac7c-b50865bc8d46",
              "isHook": false,
              "skipped": false
            },
            {
              "title": "Verifica se as demais cores podem ser escolhidas livremente.",
              "fullTitle": "3 - Adicione a cor **preta** como a primeira cor da paleta de cores. Verifica se as demais cores podem ser escolhidas livremente.",
              "timedOut": null,
              "duration": 170,
              "state": "passed",
              "speed": "slow",
              "pass": true,
              "fail": false,
              "pending": false,
              "context": null,
              "code": "cy.get('.color').eq(1).should('not.have.css', 'background-color', BLACK);\ncy.get('.color').eq(1).should('not.have.css', 'background-color', WHITE);\ncy.get('.color').eq(1).should('not.have.css', 'background-color', 'rgba(0, 0, 0, 0)');\ncy.get('.color').eq(1).should('have.css', 'background-color');\ncy.get('.color').eq(2).should('not.have.css', 'background-color', BLACK);\ncy.get('.color').eq(2).should('not.have.css', 'background-color', WHITE);\ncy.get('.color').eq(2).should('not.have.css', 'background-color', 'rgba(0, 0, 0, 0)');\ncy.get('.color').eq(2).should('have.css', 'background-color');\ncy.get('.color').eq(3).should('not.have.css', 'background-color', BLACK);\ncy.get('.color').eq(3).should('not.have.css', 'background-color', WHITE);\ncy.get('.color').eq(3).should('not.have.css', 'background-color', 'rgba(0, 0, 0, 0)');\ncy.get('.color').eq(3).should('have.css', 'background-color');",
              "err": {},
              "uuid": "e05a11de-cce8-4ac5-b5c7-db9347fc31b2",
              "parentUUID": "70ec7ac7-87b6-4c24-ac7c-b50865bc8d46",
              "isHook": false,
              "skipped": false
            }
          ],
          "suites": [],
          "passes": [
            "4044b174-309e-4b3e-a50b-be38d2318434",
            "e05a11de-cce8-4ac5-b5c7-db9347fc31b2"
          ],
          "failures": [],
          "pending": [],
          "skipped": [],
          "duration": 315,
          "root": false,
          "rootEmpty": false,
          "_timeout": 2000
        },
        {
          "uuid": "6534c4a0-d555-4e56-9c06-080048f019d9",
          "title": "4 - Adicione à página um quadro de pixels, com 25 pixels.",
          "fullFile": "",
          "file": "",
          "beforeHooks": [],
          "afterHooks": [],
          "tests": [
            {
              "title": "Verifica se o quadro de pixels possui o `id` denominado `pixel-board`",
              "fullTitle": "4 - Adicione à página um quadro de pixels, com 25 pixels. Verifica se o quadro de pixels possui o `id` denominado `pixel-board`",
              "timedOut": null,
              "duration": 127,
              "state": "passed",
              "speed": "slow",
              "pass": true,
              "fail": false,
              "pending": false,
              "context": null,
              "code": "cy.get('#pixel-board').should('be.visible');",
              "err": {},
              "uuid": "4a43b353-4b67-45cc-bcd2-0aea5f0bb55b",
              "parentUUID": "6534c4a0-d555-4e56-9c06-080048f019d9",
              "isHook": false,
              "skipped": false
            },
            {
              "title": "Verifica se cada pixel individual dentro do quadro possui a `classe` denominada `pixel`.",
              "fullTitle": "4 - Adicione à página um quadro de pixels, com 25 pixels. Verifica se cada pixel individual dentro do quadro possui a `classe` denominada `pixel`.",
              "timedOut": null,
              "duration": 119,
              "state": "passed",
              "speed": "slow",
              "pass": true,
              "fail": false,
              "pending": false,
              "context": null,
              "code": "cy.get('.pixel').should('have.length', 25);",
              "err": {},
              "uuid": "6502fdf6-9c97-44f8-b403-7d7bf80bd9f1",
              "parentUUID": "6534c4a0-d555-4e56-9c06-080048f019d9",
              "isHook": false,
              "skipped": false
            },
            {
              "title": "Verifica se a cor inicial dos pixels dentro do quadro, ao abrir a página, é branca.",
              "fullTitle": "4 - Adicione à página um quadro de pixels, com 25 pixels. Verifica se a cor inicial dos pixels dentro do quadro, ao abrir a página, é branca.",
              "timedOut": null,
              "duration": 192,
              "state": "passed",
              "speed": "slow",
              "pass": true,
              "fail": false,
              "pending": false,
              "context": null,
              "code": "cy.get('.pixel').should('have.length', 25).each(function (pixel) {\n  expect(pixel).to.have.css('background-color', WHITE);\n});",
              "err": {},
              "uuid": "fccf829c-d97e-43b4-b0af-2817c7a1f302",
              "parentUUID": "6534c4a0-d555-4e56-9c06-080048f019d9",
              "isHook": false,
              "skipped": false
            },
            {
              "title": "Verifica se o quadro de pixels aparece abaixo da paleta de cores",
              "fullTitle": "4 - Adicione à página um quadro de pixels, com 25 pixels. Verifica se o quadro de pixels aparece abaixo da paleta de cores",
              "timedOut": null,
              "duration": 87,
              "state": "passed",
              "speed": "slow",
              "pass": true,
              "fail": false,
              "pending": false,
              "context": null,
              "code": "cy.get('#color-palette').then(function (palette) {\n  cy.get('#pixel-board').should('be.belowOf', palette);\n});",
              "err": {},
              "uuid": "1e863696-28fc-4c79-ad29-210d2f78d4a9",
              "parentUUID": "6534c4a0-d555-4e56-9c06-080048f019d9",
              "isHook": false,
              "skipped": false
            }
          ],
          "suites": [],
          "passes": [
            "4a43b353-4b67-45cc-bcd2-0aea5f0bb55b",
            "6502fdf6-9c97-44f8-b403-7d7bf80bd9f1",
            "fccf829c-d97e-43b4-b0af-2817c7a1f302",
            "1e863696-28fc-4c79-ad29-210d2f78d4a9"
          ],
          "failures": [],
          "pending": [],
          "skipped": [],
          "duration": 525,
          "root": false,
          "rootEmpty": false,
          "_timeout": 2000
        },
        {
          "uuid": "bfc461d6-3f7a-42b0-ad40-44316f3580fa",
          "title": "5 - Faça com que cada elemento do quadro de pixels possua 40 pixels de largura, 40 pixels de altura e seja delimitado por uma borda preta de 1 pixel.",
          "fullFile": "",
          "file": "",
          "beforeHooks": [],
          "afterHooks": [],
          "tests": [
            {
              "title": "Verifica se o quadro de pixels tem altura e comprimento de 5 elementos",
              "fullTitle": "5 - Faça com que cada elemento do quadro de pixels possua 40 pixels de largura, 40 pixels de altura e seja delimitado por uma borda preta de 1 pixel. Verifica se o quadro de pixels tem altura e comprimento de 5 elementos",
              "timedOut": null,
              "duration": 330,
              "state": "passed",
              "speed": "slow",
              "pass": true,
              "fail": false,
              "pending": false,
              "context": null,
              "code": "cy.get('.pixel').should('have.length', 25).each(function (pixel) {\n  expect(pixel).to.have.css('background-color', WHITE);\n}).and(function (pixels) {\n  var rows = chunk(pixels, 5);\n  rows.forEach(function (row) {\n    for (var index = 1; index < row.length; index += 1) {\n      var current = pixels[index];\n      var previous = pixels[index - 1];\n      cy.wrap(current).should('be.onTheRightOf', previous).and('be.horizontallyAlignedWith', previous);\n    }\n  });\n  for (var index = 1; index < 5; index += 1) {\n    expect(pixels[index * 5]).to.be.belowOf(pixels[(index - 1) * 5]);\n  }\n});",
              "err": {},
              "uuid": "8cb89566-398c-4627-b038-a484b81e2753",
              "parentUUID": "bfc461d6-3f7a-42b0-ad40-44316f3580fa",
              "isHook": false,
              "skipped": false
            },
            {
              "title": "Verifica se 40 pixels é o tamanho total do elemento, incluindo seu conteúdo e excluindo a borda preta, que deve ser criada à parte.",
              "fullTitle": "5 - Faça com que cada elemento do quadro de pixels possua 40 pixels de largura, 40 pixels de altura e seja delimitado por uma borda preta de 1 pixel. Verifica se 40 pixels é o tamanho total do elemento, incluindo seu conteúdo e excluindo a borda preta, que deve ser criada à parte.",
              "timedOut": null,
              "duration": 292,
              "state": "passed",
              "speed": "slow",
              "pass": true,
              "fail": false,
              "pending": false,
              "context": null,
              "code": "cy.get('.pixel').each(function (pixel) {\n  cy.wrap(pixel).should('have.css', 'height', '40px').and('have.css', 'width', '40px').and('have.css', 'border', \"1px solid \".concat(BLACK));\n});",
              "err": {},
              "uuid": "e71a6778-bb54-4bb5-aa76-b517d11077c4",
              "parentUUID": "bfc461d6-3f7a-42b0-ad40-44316f3580fa",
              "isHook": false,
              "skipped": false
            }
          ],
          "suites": [],
          "passes": [
            "8cb89566-398c-4627-b038-a484b81e2753",
            "e71a6778-bb54-4bb5-aa76-b517d11077c4"
          ],
          "failures": [],
          "pending": [],
          "skipped": [],
          "duration": 622,
          "root": false,
          "rootEmpty": false,
          "_timeout": 2000
        },
        {
          "uuid": "7e189cd3-0f15-4008-a676-2b31d557d645",
          "title": "6 - Defina a cor preta como cor inicial. Ao carregar a página a cor preta já deve estar selecionada para pintar os pixels",
          "fullFile": "",
          "file": "",
          "beforeHooks": [],
          "afterHooks": [],
          "tests": [
            {
              "title": "Verifica se o elemento da cor preta possui, inicialmente, a `classe` `selected`",
              "fullTitle": "6 - Defina a cor preta como cor inicial. Ao carregar a página a cor preta já deve estar selecionada para pintar os pixels Verifica se o elemento da cor preta possui, inicialmente, a `classe` `selected`",
              "timedOut": null,
              "duration": 96,
              "state": "passed",
              "speed": "slow",
              "pass": true,
              "fail": false,
              "pending": false,
              "context": null,
              "code": "cy.get('.selected').first().should('have.css', 'background-color', BLACK);",
              "err": {},
              "uuid": "705e27cf-ac8a-4fa5-b65b-a94b35f0f0ed",
              "parentUUID": "7e189cd3-0f15-4008-a676-2b31d557d645",
              "isHook": false,
              "skipped": false
            },
            {
              "title": "Verifica se nenhuma outra cor da paleta tem a `classe` `selected`",
              "fullTitle": "6 - Defina a cor preta como cor inicial. Ao carregar a página a cor preta já deve estar selecionada para pintar os pixels Verifica se nenhuma outra cor da paleta tem a `classe` `selected`",
              "timedOut": null,
              "duration": 94,
              "state": "passed",
              "speed": "slow",
              "pass": true,
              "fail": false,
              "pending": false,
              "context": null,
              "code": "cy.get('.color:not(:first-child)').each(function (color) {\n  cy.wrap(color).should('not.have.class', 'selected');\n});",
              "err": {},
              "uuid": "343690e8-13d9-4538-891e-4996690aceb3",
              "parentUUID": "7e189cd3-0f15-4008-a676-2b31d557d645",
              "isHook": false,
              "skipped": false
            }
          ],
          "suites": [],
          "passes": [
            "705e27cf-ac8a-4fa5-b65b-a94b35f0f0ed",
            "343690e8-13d9-4538-891e-4996690aceb3"
          ],
          "failures": [],
          "pending": [],
          "skipped": [],
          "duration": 190,
          "root": false,
          "rootEmpty": false,
          "_timeout": 2000
        },
        {
          "uuid": "8a62cda2-4ff3-437d-88d5-bdd760ca253a",
          "title": "7 - Clicar em uma das cores da paleta, faz com que ela seja selecionada e utilizada para preencher os pixels no quadro.",
          "fullFile": "",
          "file": "",
          "beforeHooks": [],
          "afterHooks": [],
          "tests": [
            {
              "title": "Verifica se somente uma cor da paleta de cores tem a classe `selected` de cada vez",
              "fullTitle": "7 - Clicar em uma das cores da paleta, faz com que ela seja selecionada e utilizada para preencher os pixels no quadro. Verifica se somente uma cor da paleta de cores tem a classe `selected` de cada vez",
              "timedOut": null,
              "duration": 479,
              "state": "passed",
              "speed": "slow",
              "pass": true,
              "fail": false,
              "pending": false,
              "context": null,
              "code": "cy.get('.color').each(function (selectedColor, selectedColorIndex) {\n  cy.wrap(selectedColor).click();\n  cy.get('.color').each(function (color, colorIndex) {\n    if (colorIndex === selectedColorIndex) {\n      expect(color).to.have[\"class\"]('selected');\n    } else {\n      expect(color).not.to.have[\"class\"]('selected');\n    }\n  });\n});",
              "err": {},
              "uuid": "0578f586-8421-43e3-b090-7aefa3c45ff8",
              "parentUUID": "8a62cda2-4ff3-437d-88d5-bdd760ca253a",
              "isHook": false,
              "skipped": false
            },
            {
              "title": "Verifica se os pixels dentro do quadro não têm a classe `selected` quando são clicados",
              "fullTitle": "7 - Clicar em uma das cores da paleta, faz com que ela seja selecionada e utilizada para preencher os pixels no quadro. Verifica se os pixels dentro do quadro não têm a classe `selected` quando são clicados",
              "timedOut": null,
              "duration": 9247,
              "state": "passed",
              "speed": "slow",
              "pass": true,
              "fail": false,
              "pending": false,
              "context": null,
              "code": "cy.get('.color').each(function (color) {\n  var backgroundColor = color.css('background-color');\n  cy.wrap(color).click();\n  cy.get('.pixel').each(function (pixel) {\n    cy.wrap(pixel).click().should('not.have.class', 'selected');\n  });\n});",
              "err": {},
              "uuid": "a48b7b8a-0149-4324-80d4-6058fe12a02b",
              "parentUUID": "8a62cda2-4ff3-437d-88d5-bdd760ca253a",
              "isHook": false,
              "skipped": false
            }
          ],
          "suites": [],
          "passes": [
            "0578f586-8421-43e3-b090-7aefa3c45ff8",
            "a48b7b8a-0149-4324-80d4-6058fe12a02b"
          ],
          "failures": [],
          "pending": [],
          "skipped": [],
          "duration": 9726,
          "root": false,
          "rootEmpty": false,
          "_timeout": 2000
        },
        {
          "uuid": "8f8067c7-2f95-4929-a65a-b376a9f83caf",
          "title": "8 - Clicar em um pixel dentro do quadro após selecionar uma cor na paleta, faz com que o pixel seja preenchido com a cor selecionada.",
          "fullFile": "",
          "file": "",
          "beforeHooks": [],
          "afterHooks": [],
          "tests": [
            {
              "title": "Verifica se ao carregar a página deve ser possível pintar os pixels de preto",
              "fullTitle": "8 - Clicar em um pixel dentro do quadro após selecionar uma cor na paleta, faz com que o pixel seja preenchido com a cor selecionada. Verifica se ao carregar a página deve ser possível pintar os pixels de preto",
              "timedOut": null,
              "duration": 4411,
              "state": "failed",
              "speed": null,
              "pass": false,
              "fail": true,
              "pending": false,
              "context": null,
              "code": "cy.get('.pixel').each(function (pixel) {\n  cy.wrap(pixel).click().should('have.css', 'background-color', BLACK);\n});",
              "err": {
                "message": "CypressError: Timed out retrying: expected '<td.pixel>' to have CSS property 'background-color' with the value 'rgb(0, 0, 0)', but the value was 'rgb(255, 255, 255)'",
                "estack": "CypressError: Timed out retrying: expected '<td.pixel>' to have CSS property 'background-color' with the value 'rgb(0, 0, 0)', but the value was 'rgb(255, 255, 255)'\n    at cypressErr (http://localhost:44621/__cypress/runner/cypress_runner.js:149934:9)\n    at throwErr (http://localhost:44621/__cypress/runner/cypress_runner.js:149867:11)\n    at Object.throwErrByPath (http://localhost:44621/__cypress/runner/cypress_runner.js:149915:3)\n    at retry (http://localhost:44621/__cypress/runner/cypress_runner.js:144197:19)\n    at onFailFn (http://localhost:44621/__cypress/runner/cypress_runner.js:132448:16)\n    at tryCatcher (http://localhost:44621/__cypress/runner/cypress_runner.js:167415:23)\n    at Promise._settlePromiseFromHandler (http://localhost:44621/__cypress/runner/cypress_runner.js:165351:31)\n    at Promise._settlePromise (http://localhost:44621/__cypress/runner/cypress_runner.js:165408:18)\n    at Promise._settlePromise0 (http://localhost:44621/__cypress/runner/cypress_runner.js:165453:10)\n    at Promise._settlePromises (http://localhost:44621/__cypress/runner/cypress_runner.js:165528:18)\n    at Async../node_modules/bluebird/js/release/async.js.Async._drainQueue (http://localhost:44621/__cypress/runner/cypress_runner.js:162140:16)\n    at Async../node_modules/bluebird/js/release/async.js.Async._drainQueues (http://localhost:44621/__cypress/runner/cypress_runner.js:162150:10)\n    at Async.drainQueues (http://localhost:44621/__cypress/runner/cypress_runner.js:162024:14)",
                "diff": null
              },
              "uuid": "a3ff1e5a-9843-447c-a7d5-b3ec91d124bf",
              "parentUUID": "8f8067c7-2f95-4929-a65a-b376a9f83caf",
              "isHook": false,
              "skipped": false
            },
            {
              "title": "Verifica se após selecionar uma outra cor na paleta, é possível pintar os pixels com essa cor",
              "fullTitle": "8 - Clicar em um pixel dentro do quadro após selecionar uma cor na paleta, faz com que o pixel seja preenchido com a cor selecionada. Verifica se após selecionar uma outra cor na paleta, é possível pintar os pixels com essa cor",
              "timedOut": null,
              "duration": 4548,
              "state": "failed",
              "speed": null,
              "pass": false,
              "fail": true,
              "pending": false,
              "context": null,
              "code": "cy.get('.color').each(function (color) {\n  var backgroundColor = color.css('background-color');\n  cy.wrap(color).click();\n  cy.get('.pixel').each(function (pixel) {\n    cy.wrap(pixel).click().should('have.css', 'background-color', backgroundColor);\n  });\n});",
              "err": {
                "message": "CypressError: Timed out retrying: expected '<td.pixel>' to have CSS property 'background-color' with the value 'rgb(0, 0, 0)', but the value was 'rgb(255, 255, 255)'",
                "estack": "CypressError: Timed out retrying: expected '<td.pixel>' to have CSS property 'background-color' with the value 'rgb(0, 0, 0)', but the value was 'rgb(255, 255, 255)'\n    at cypressErr (http://localhost:44621/__cypress/runner/cypress_runner.js:149934:9)\n    at throwErr (http://localhost:44621/__cypress/runner/cypress_runner.js:149867:11)\n    at Object.throwErrByPath (http://localhost:44621/__cypress/runner/cypress_runner.js:149915:3)\n    at retry (http://localhost:44621/__cypress/runner/cypress_runner.js:144197:19)\n    at onFailFn (http://localhost:44621/__cypress/runner/cypress_runner.js:132448:16)\n    at tryCatcher (http://localhost:44621/__cypress/runner/cypress_runner.js:167415:23)\n    at Promise._settlePromiseFromHandler (http://localhost:44621/__cypress/runner/cypress_runner.js:165351:31)\n    at Promise._settlePromise (http://localhost:44621/__cypress/runner/cypress_runner.js:165408:18)\n    at Promise._settlePromise0 (http://localhost:44621/__cypress/runner/cypress_runner.js:165453:10)\n    at Promise._settlePromises (http://localhost:44621/__cypress/runner/cypress_runner.js:165528:18)\n    at Async../node_modules/bluebird/js/release/async.js.Async._drainQueue (http://localhost:44621/__cypress/runner/cypress_runner.js:162140:16)\n    at Async../node_modules/bluebird/js/release/async.js.Async._drainQueues (http://localhost:44621/__cypress/runner/cypress_runner.js:162150:10)\n    at Async.drainQueues (http://localhost:44621/__cypress/runner/cypress_runner.js:162024:14)",
                "diff": null
              },
              "uuid": "1d9f3c8a-4513-453a-a39d-441bee6aea29",
              "parentUUID": "8f8067c7-2f95-4929-a65a-b376a9f83caf",
              "isHook": false,
              "skipped": false
            },
            {
              "title": "Verifica se somente o pixel que foi clicado foi preenchido com a cor selecionada, sem influenciar na cor dos demais pixels.",
              "fullTitle": "8 - Clicar em um pixel dentro do quadro após selecionar uma cor na paleta, faz com que o pixel seja preenchido com a cor selecionada. Verifica se somente o pixel que foi clicado foi preenchido com a cor selecionada, sem influenciar na cor dos demais pixels.",
              "timedOut": null,
              "duration": 1392,
              "state": "passed",
              "speed": "slow",
              "pass": true,
              "fail": false,
              "pending": false,
              "context": null,
              "code": "var colorToPixelIndexMap = {\n  0: 6,\n  1: 8,\n  2: 16,\n  3: 18\n};\ncy.get('.color').each(function (color, index) {\n  cy.wrap(color).click();\n  var backgroundColor = color.css('background-color');\n  var clickedPixelIndex = colorToPixelIndexMap[index];\n  cy.get('.pixel').eq(clickedPixelIndex).click();\n  cy.get('.pixel').eq(clickedPixelIndex - 1).should('not.have.css', 'background-color', backgroundColor);\n  cy.get('.pixel').eq(clickedPixelIndex + 1).should('not.have.css', 'background-color', backgroundColor);\n  cy.get('.pixel').eq(clickedPixelIndex - 5).should('not.have.css', 'background-color', backgroundColor);\n  cy.get('.pixel').eq(clickedPixelIndex + 5).should('not.have.css', 'background-color', backgroundColor);\n  cy.get('.pixel').eq(clickedPixelIndex - 6).should('not.have.css', 'background-color', backgroundColor);\n  cy.get('.pixel').eq(clickedPixelIndex - 4).should('not.have.css', 'background-color', backgroundColor);\n  cy.get('.pixel').eq(clickedPixelIndex + 4).should('not.have.css', 'background-color', backgroundColor);\n  cy.get('.pixel').eq(clickedPixelIndex + 6).should('not.have.css', 'background-color', backgroundColor);\n});",
              "err": {},
              "uuid": "55c90c39-f083-4367-bbfd-ee2936d286bf",
              "parentUUID": "8f8067c7-2f95-4929-a65a-b376a9f83caf",
              "isHook": false,
              "skipped": false
            }
          ],
          "suites": [],
          "passes": [
            "55c90c39-f083-4367-bbfd-ee2936d286bf"
          ],
          "failures": [
            "a3ff1e5a-9843-447c-a7d5-b3ec91d124bf",
            "1d9f3c8a-4513-453a-a39d-441bee6aea29"
          ],
          "pending": [],
          "skipped": [],
          "duration": 10351,
          "root": false,
          "rootEmpty": false,
          "_timeout": 2000
        },
        {
          "uuid": "41b754fd-c5b9-4d6d-95cc-0dcbefe4f7b0",
          "title": "9 - Crie um botão que, ao ser clicado, limpa o quadro preenchendo a cor de todos seus pixels com branco.",
          "fullFile": "",
          "file": "",
          "beforeHooks": [],
          "afterHooks": [],
          "tests": [
            {
              "title": "Verifica se o botão tem o `id` denominado `clear-board`",
              "fullTitle": "9 - Crie um botão que, ao ser clicado, limpa o quadro preenchendo a cor de todos seus pixels com branco. Verifica se o botão tem o `id` denominado `clear-board`",
              "timedOut": null,
              "duration": 149,
              "state": "passed",
              "speed": "slow",
              "pass": true,
              "fail": false,
              "pending": false,
              "context": null,
              "code": "cy.get('#clear-board').should('be.visible');",
              "err": {},
              "uuid": "becd31d2-b415-4828-9a60-3009d614cf42",
              "parentUUID": "41b754fd-c5b9-4d6d-95cc-0dcbefe4f7b0",
              "isHook": false,
              "skipped": false
            },
            {
              "title": "Verifica se o botão está posicionado entre a paleta de cores e o quadro de pixels",
              "fullTitle": "9 - Crie um botão que, ao ser clicado, limpa o quadro preenchendo a cor de todos seus pixels com branco. Verifica se o botão está posicionado entre a paleta de cores e o quadro de pixels",
              "timedOut": null,
              "duration": 104,
              "state": "passed",
              "speed": "slow",
              "pass": true,
              "fail": false,
              "pending": false,
              "context": null,
              "code": "cy.get('#color-palette').then(function (palette) {\n  cy.get('#clear-board').should('be.belowOf', palette);\n});\ncy.get('#clear-board').then(function (clearBtn) {\n  cy.get('#pixel-board').should('be.belowOf', clearBtn);\n});",
              "err": {},
              "uuid": "5f4808e6-1a55-434e-b4c0-145092bd6cf4",
              "parentUUID": "41b754fd-c5b9-4d6d-95cc-0dcbefe4f7b0",
              "isHook": false,
              "skipped": false
            },
            {
              "title": "Verifica se o texto do botão é 'Limpar'",
              "fullTitle": "9 - Crie um botão que, ao ser clicado, limpa o quadro preenchendo a cor de todos seus pixels com branco. Verifica se o texto do botão é 'Limpar'",
              "timedOut": null,
              "duration": 72,
              "state": "passed",
              "speed": "medium",
              "pass": true,
              "fail": false,
              "pending": false,
              "context": null,
              "code": "cy.get('#clear-board').should('contain.text', 'Limpar');",
              "err": {},
              "uuid": "f88a02c0-784c-4454-a323-1d4317d990ce",
              "parentUUID": "41b754fd-c5b9-4d6d-95cc-0dcbefe4f7b0",
              "isHook": false,
              "skipped": false
            },
            {
              "title": "Verifica se ao clicar no botão, o quadro de pixels é totalmente preenchido de branco",
              "fullTitle": "9 - Crie um botão que, ao ser clicado, limpa o quadro preenchendo a cor de todos seus pixels com branco. Verifica se ao clicar no botão, o quadro de pixels é totalmente preenchido de branco",
              "timedOut": null,
              "duration": 4378,
              "state": "failed",
              "speed": null,
              "pass": false,
              "fail": true,
              "pending": false,
              "context": null,
              "code": "cy.get('.color').eq(1).then(function (color) {\n  var backgroundColor = color.css('background-color');\n  cy.wrap(color).click();\n  cy.get('.pixel').each(function (pixel) {\n    cy.wrap(pixel).click().should('have.css', 'background-color', backgroundColor);\n  });\n});\ncy.get('#clear-board').click();\ncy.get('.pixel').each(function (pixel) {\n  cy.wrap(pixel).should('have.css', 'background-color', WHITE);\n});",
              "err": {
                "message": "CypressError: Timed out retrying: expected '<td.pixel>' to have CSS property 'background-color' with the value 'rgb(156, 10, 107)', but the value was 'rgb(255, 255, 255)'",
                "estack": "CypressError: Timed out retrying: expected '<td.pixel>' to have CSS property 'background-color' with the value 'rgb(156, 10, 107)', but the value was 'rgb(255, 255, 255)'\n    at cypressErr (http://localhost:44621/__cypress/runner/cypress_runner.js:149934:9)\n    at throwErr (http://localhost:44621/__cypress/runner/cypress_runner.js:149867:11)\n    at Object.throwErrByPath (http://localhost:44621/__cypress/runner/cypress_runner.js:149915:3)\n    at retry (http://localhost:44621/__cypress/runner/cypress_runner.js:144197:19)\n    at onFailFn (http://localhost:44621/__cypress/runner/cypress_runner.js:132448:16)\n    at tryCatcher (http://localhost:44621/__cypress/runner/cypress_runner.js:167415:23)\n    at Promise._settlePromiseFromHandler (http://localhost:44621/__cypress/runner/cypress_runner.js:165351:31)\n    at Promise._settlePromise (http://localhost:44621/__cypress/runner/cypress_runner.js:165408:18)\n    at Promise._settlePromise0 (http://localhost:44621/__cypress/runner/cypress_runner.js:165453:10)\n    at Promise._settlePromises (http://localhost:44621/__cypress/runner/cypress_runner.js:165528:18)\n    at Async../node_modules/bluebird/js/release/async.js.Async._drainQueue (http://localhost:44621/__cypress/runner/cypress_runner.js:162140:16)\n    at Async../node_modules/bluebird/js/release/async.js.Async._drainQueues (http://localhost:44621/__cypress/runner/cypress_runner.js:162150:10)\n    at Async.drainQueues (http://localhost:44621/__cypress/runner/cypress_runner.js:162024:14)",
                "diff": null
              },
              "uuid": "c1dbdf79-d2ac-4d86-aecd-77763bd60e6c",
              "parentUUID": "41b754fd-c5b9-4d6d-95cc-0dcbefe4f7b0",
              "isHook": false,
              "skipped": false
            }
          ],
          "suites": [],
          "passes": [
            "becd31d2-b415-4828-9a60-3009d614cf42",
            "5f4808e6-1a55-434e-b4c0-145092bd6cf4",
            "f88a02c0-784c-4454-a323-1d4317d990ce"
          ],
          "failures": [
            "c1dbdf79-d2ac-4d86-aecd-77763bd60e6c"
          ],
          "pending": [],
          "skipped": [],
          "duration": 4703,
          "root": false,
          "rootEmpty": false,
          "_timeout": 2000
        },
        {
          "uuid": "2875556f-134c-411e-ad19-67fdfaf35505",
          "title": "10 - Faça o quadro de pixels ter seu tamanho definido pelo usuário.",
          "fullFile": "",
          "file": "",
          "beforeHooks": [],
          "afterHooks": [],
          "tests": [
            {
              "title": "Verifica se existe um input com o id `board-size`",
              "fullTitle": "10 - Faça o quadro de pixels ter seu tamanho definido pelo usuário. Verifica se existe um input com o id `board-size`",
              "timedOut": null,
              "duration": 4279,
              "state": "failed",
              "speed": null,
              "pass": false,
              "fail": true,
              "pending": false,
              "context": null,
              "code": "cy.get('#board-size').should('be.visible');",
              "err": {
                "message": "CypressError: Timed out retrying: Expected to find element: '#board-size', but never found it.",
                "estack": "CypressError: Timed out retrying: Expected to find element: '#board-size', but never found it.\n    at cypressErr (http://localhost:44621/__cypress/runner/cypress_runner.js:149934:9)\n    at throwErr (http://localhost:44621/__cypress/runner/cypress_runner.js:149867:11)\n    at Object.throwErrByPath (http://localhost:44621/__cypress/runner/cypress_runner.js:149915:3)\n    at retry (http://localhost:44621/__cypress/runner/cypress_runner.js:144197:19)\n    at onFailFn (http://localhost:44621/__cypress/runner/cypress_runner.js:132448:16)\n    at tryCatcher (http://localhost:44621/__cypress/runner/cypress_runner.js:167415:23)\n    at Promise._settlePromiseFromHandler (http://localhost:44621/__cypress/runner/cypress_runner.js:165351:31)\n    at Promise._settlePromise (http://localhost:44621/__cypress/runner/cypress_runner.js:165408:18)\n    at Promise._settlePromise0 (http://localhost:44621/__cypress/runner/cypress_runner.js:165453:10)\n    at Promise._settlePromises (http://localhost:44621/__cypress/runner/cypress_runner.js:165528:18)\n    at Async../node_modules/bluebird/js/release/async.js.Async._drainQueue (http://localhost:44621/__cypress/runner/cypress_runner.js:162140:16)\n    at Async../node_modules/bluebird/js/release/async.js.Async._drainQueues (http://localhost:44621/__cypress/runner/cypress_runner.js:162150:10)\n    at Async.drainQueues (http://localhost:44621/__cypress/runner/cypress_runner.js:162024:14)",
                "diff": null
              },
              "uuid": "53e0f198-9e8e-4b0f-b32c-8032607c4a04",
              "parentUUID": "2875556f-134c-411e-ad19-67fdfaf35505",
              "isHook": false,
              "skipped": false
            },
            {
              "title": "Verifica se existe um botão com o id `generate-board`",
              "fullTitle": "10 - Faça o quadro de pixels ter seu tamanho definido pelo usuário. Verifica se existe um botão com o id `generate-board`",
              "timedOut": null,
              "duration": 4426,
              "state": "failed",
              "speed": null,
              "pass": false,
              "fail": true,
              "pending": false,
              "context": null,
              "code": "cy.get('#generate-board').should('be.visible');",
              "err": {
                "message": "CypressError: Timed out retrying: Expected to find element: '#generate-board', but never found it.",
                "estack": "CypressError: Timed out retrying: Expected to find element: '#generate-board', but never found it.\n    at cypressErr (http://localhost:44621/__cypress/runner/cypress_runner.js:149934:9)\n    at throwErr (http://localhost:44621/__cypress/runner/cypress_runner.js:149867:11)\n    at Object.throwErrByPath (http://localhost:44621/__cypress/runner/cypress_runner.js:149915:3)\n    at retry (http://localhost:44621/__cypress/runner/cypress_runner.js:144197:19)\n    at onFailFn (http://localhost:44621/__cypress/runner/cypress_runner.js:132448:16)\n    at tryCatcher (http://localhost:44621/__cypress/runner/cypress_runner.js:167415:23)\n    at Promise._settlePromiseFromHandler (http://localhost:44621/__cypress/runner/cypress_runner.js:165351:31)\n    at Promise._settlePromise (http://localhost:44621/__cypress/runner/cypress_runner.js:165408:18)\n    at Promise._settlePromise0 (http://localhost:44621/__cypress/runner/cypress_runner.js:165453:10)\n    at Promise._settlePromises (http://localhost:44621/__cypress/runner/cypress_runner.js:165528:18)\n    at Async../node_modules/bluebird/js/release/async.js.Async._drainQueue (http://localhost:44621/__cypress/runner/cypress_runner.js:162140:16)\n    at Async../node_modules/bluebird/js/release/async.js.Async._drainQueues (http://localhost:44621/__cypress/runner/cypress_runner.js:162150:10)\n    at Async.drainQueues (http://localhost:44621/__cypress/runner/cypress_runner.js:162024:14)",
                "diff": null
              },
              "uuid": "5d4bd5c6-c40f-48db-ab64-a74dc3785947",
              "parentUUID": "2875556f-134c-411e-ad19-67fdfaf35505",
              "isHook": false,
              "skipped": false
            },
            {
              "title": "Verifica se o input só aceita número maiores que zero. Essa restrição deve ser feita usando os atributos do elemento `input`",
              "fullTitle": "10 - Faça o quadro de pixels ter seu tamanho definido pelo usuário. Verifica se o input só aceita número maiores que zero. Essa restrição deve ser feita usando os atributos do elemento `input`",
              "timedOut": null,
              "duration": 4333,
              "state": "failed",
              "speed": null,
              "pass": false,
              "fail": true,
              "pending": false,
              "context": null,
              "code": "cy.get('#board-size[type=\\'number\\'][min=\\'1\\']');",
              "err": {
                "message": "CypressError: Timed out retrying: Expected to find element: '#board-size[type='number'][min='1']', but never found it.",
                "estack": "CypressError: Timed out retrying: Expected to find element: '#board-size[type='number'][min='1']', but never found it.\n    at cypressErr (http://localhost:44621/__cypress/runner/cypress_runner.js:149934:9)\n    at throwErr (http://localhost:44621/__cypress/runner/cypress_runner.js:149867:11)\n    at Object.throwErrByPath (http://localhost:44621/__cypress/runner/cypress_runner.js:149915:3)\n    at retry (http://localhost:44621/__cypress/runner/cypress_runner.js:144197:19)\n    at onFailFn (http://localhost:44621/__cypress/runner/cypress_runner.js:132448:16)\n    at tryCatcher (http://localhost:44621/__cypress/runner/cypress_runner.js:167415:23)\n    at Promise._settlePromiseFromHandler (http://localhost:44621/__cypress/runner/cypress_runner.js:165351:31)\n    at Promise._settlePromise (http://localhost:44621/__cypress/runner/cypress_runner.js:165408:18)\n    at Promise._settlePromise0 (http://localhost:44621/__cypress/runner/cypress_runner.js:165453:10)\n    at Promise._settlePromises (http://localhost:44621/__cypress/runner/cypress_runner.js:165528:18)\n    at Async../node_modules/bluebird/js/release/async.js.Async._drainQueue (http://localhost:44621/__cypress/runner/cypress_runner.js:162140:16)\n    at Async../node_modules/bluebird/js/release/async.js.Async._drainQueues (http://localhost:44621/__cypress/runner/cypress_runner.js:162150:10)\n    at Async.drainQueues (http://localhost:44621/__cypress/runner/cypress_runner.js:162024:14)",
                "diff": null
              },
              "uuid": "3c1042fe-f627-47c1-ae2d-8e29a2ad66ee",
              "parentUUID": "2875556f-134c-411e-ad19-67fdfaf35505",
              "isHook": false,
              "skipped": false
            },
            {
              "title": "Verifica se o botão contém o texto 'VQV'",
              "fullTitle": "10 - Faça o quadro de pixels ter seu tamanho definido pelo usuário. Verifica se o botão contém o texto 'VQV'",
              "timedOut": null,
              "duration": 4350,
              "state": "failed",
              "speed": null,
              "pass": false,
              "fail": true,
              "pending": false,
              "context": null,
              "code": "cy.get('#generate-board').contains(/vqv/i);",
              "err": {
                "message": "CypressError: Timed out retrying: Expected to find element: '#generate-board', but never found it.",
                "estack": "CypressError: Timed out retrying: Expected to find element: '#generate-board', but never found it.\n    at cypressErr (http://localhost:44621/__cypress/runner/cypress_runner.js:149934:9)\n    at throwErr (http://localhost:44621/__cypress/runner/cypress_runner.js:149867:11)\n    at Object.throwErrByPath (http://localhost:44621/__cypress/runner/cypress_runner.js:149915:3)\n    at retry (http://localhost:44621/__cypress/runner/cypress_runner.js:144197:19)\n    at onFailFn (http://localhost:44621/__cypress/runner/cypress_runner.js:132448:16)\n    at tryCatcher (http://localhost:44621/__cypress/runner/cypress_runner.js:167415:23)\n    at Promise._settlePromiseFromHandler (http://localhost:44621/__cypress/runner/cypress_runner.js:165351:31)\n    at Promise._settlePromise (http://localhost:44621/__cypress/runner/cypress_runner.js:165408:18)\n    at Promise._settlePromise0 (http://localhost:44621/__cypress/runner/cypress_runner.js:165453:10)\n    at Promise._settlePromises (http://localhost:44621/__cypress/runner/cypress_runner.js:165528:18)\n    at Async../node_modules/bluebird/js/release/async.js.Async._drainQueue (http://localhost:44621/__cypress/runner/cypress_runner.js:162140:16)\n    at Async../node_modules/bluebird/js/release/async.js.Async._drainQueues (http://localhost:44621/__cypress/runner/cypress_runner.js:162150:10)\n    at Async.drainQueues (http://localhost:44621/__cypress/runner/cypress_runner.js:162024:14)",
                "diff": null
              },
              "uuid": "222b6be2-bf50-4f68-ae2b-6a74668af662",
              "parentUUID": "2875556f-134c-411e-ad19-67fdfaf35505",
              "isHook": false,
              "skipped": false
            },
            {
              "title": "Verifica se o input está posicionado entre a paleta de cores e o quadro de pixels",
              "fullTitle": "10 - Faça o quadro de pixels ter seu tamanho definido pelo usuário. Verifica se o input está posicionado entre a paleta de cores e o quadro de pixels",
              "timedOut": null,
              "duration": 4334,
              "state": "failed",
              "speed": null,
              "pass": false,
              "fail": true,
              "pending": false,
              "context": null,
              "code": "cy.get('#color-palette').then(function (palette) {\n  cy.get('#board-size').should('be.belowOf', palette);\n});\ncy.get('#board-size').then(function (palette) {\n  cy.get('#pixel-board').should('be.belowOf', palette);\n});",
              "err": {
                "message": "CypressError: Timed out retrying: Expected to find element: '#board-size', but never found it.",
                "estack": "CypressError: Timed out retrying: Expected to find element: '#board-size', but never found it.\n    at cypressErr (http://localhost:44621/__cypress/runner/cypress_runner.js:149934:9)\n    at throwErr (http://localhost:44621/__cypress/runner/cypress_runner.js:149867:11)\n    at Object.throwErrByPath (http://localhost:44621/__cypress/runner/cypress_runner.js:149915:3)\n    at retry (http://localhost:44621/__cypress/runner/cypress_runner.js:144197:19)\n    at onFailFn (http://localhost:44621/__cypress/runner/cypress_runner.js:132448:16)\n    at tryCatcher (http://localhost:44621/__cypress/runner/cypress_runner.js:167415:23)\n    at Promise._settlePromiseFromHandler (http://localhost:44621/__cypress/runner/cypress_runner.js:165351:31)\n    at Promise._settlePromise (http://localhost:44621/__cypress/runner/cypress_runner.js:165408:18)\n    at Promise._settlePromise0 (http://localhost:44621/__cypress/runner/cypress_runner.js:165453:10)\n    at Promise._settlePromises (http://localhost:44621/__cypress/runner/cypress_runner.js:165528:18)\n    at Async../node_modules/bluebird/js/release/async.js.Async._drainQueue (http://localhost:44621/__cypress/runner/cypress_runner.js:162140:16)\n    at Async../node_modules/bluebird/js/release/async.js.Async._drainQueues (http://localhost:44621/__cypress/runner/cypress_runner.js:162150:10)\n    at Async.drainQueues (http://localhost:44621/__cypress/runner/cypress_runner.js:162024:14)",
                "diff": null
              },
              "uuid": "8df2866f-618e-487d-b838-65b604e1bef4",
              "parentUUID": "2875556f-134c-411e-ad19-67fdfaf35505",
              "isHook": false,
              "skipped": false
            },
            {
              "title": "Verifica se o botão está posicionado ao lado do input",
              "fullTitle": "10 - Faça o quadro de pixels ter seu tamanho definido pelo usuário. Verifica se o botão está posicionado ao lado do input",
              "timedOut": null,
              "duration": 4335,
              "state": "failed",
              "speed": null,
              "pass": false,
              "fail": true,
              "pending": false,
              "context": null,
              "code": "cy.get('#board-size').then(function (board) {\n  cy.get('#generate-board').should('be.onTheRightOf', board);\n});",
              "err": {
                "message": "CypressError: Timed out retrying: Expected to find element: '#board-size', but never found it.",
                "estack": "CypressError: Timed out retrying: Expected to find element: '#board-size', but never found it.\n    at cypressErr (http://localhost:44621/__cypress/runner/cypress_runner.js:149934:9)\n    at throwErr (http://localhost:44621/__cypress/runner/cypress_runner.js:149867:11)\n    at Object.throwErrByPath (http://localhost:44621/__cypress/runner/cypress_runner.js:149915:3)\n    at retry (http://localhost:44621/__cypress/runner/cypress_runner.js:144197:19)\n    at onFailFn (http://localhost:44621/__cypress/runner/cypress_runner.js:132448:16)\n    at tryCatcher (http://localhost:44621/__cypress/runner/cypress_runner.js:167415:23)\n    at Promise._settlePromiseFromHandler (http://localhost:44621/__cypress/runner/cypress_runner.js:165351:31)\n    at Promise._settlePromise (http://localhost:44621/__cypress/runner/cypress_runner.js:165408:18)\n    at Promise._settlePromise0 (http://localhost:44621/__cypress/runner/cypress_runner.js:165453:10)\n    at Promise._settlePromises (http://localhost:44621/__cypress/runner/cypress_runner.js:165528:18)\n    at Async../node_modules/bluebird/js/release/async.js.Async._drainQueue (http://localhost:44621/__cypress/runner/cypress_runner.js:162140:16)\n    at Async../node_modules/bluebird/js/release/async.js.Async._drainQueues (http://localhost:44621/__cypress/runner/cypress_runner.js:162150:10)\n    at Async.drainQueues (http://localhost:44621/__cypress/runner/cypress_runner.js:162024:14)",
                "diff": null
              },
              "uuid": "19087247-9bd4-48e6-bb75-52f2d31f345b",
              "parentUUID": "2875556f-134c-411e-ad19-67fdfaf35505",
              "isHook": false,
              "skipped": false
            },
            {
              "title": "Verifica se nenhum valor for colocado no input ao clicar no botão, um `alert` é exibido com o texto: 'Board inválido!'",
              "fullTitle": "10 - Faça o quadro de pixels ter seu tamanho definido pelo usuário. Verifica se nenhum valor for colocado no input ao clicar no botão, um `alert` é exibido com o texto: 'Board inválido!'",
              "timedOut": null,
              "duration": 4292,
              "state": "failed",
              "speed": null,
              "pass": false,
              "fail": true,
              "pending": false,
              "context": null,
              "code": "var alerted = false;\ncy.on('window:alert', function (msg) {\n  return alerted = msg;\n});\ncy.get('#generate-board').click().then(function () {\n  return expect(alerted).to.match(/Board inválido!/i);\n});",
              "err": {
                "message": "CypressError: Timed out retrying: Expected to find element: '#generate-board', but never found it.",
                "estack": "CypressError: Timed out retrying: Expected to find element: '#generate-board', but never found it.\n    at cypressErr (http://localhost:44621/__cypress/runner/cypress_runner.js:149934:9)\n    at throwErr (http://localhost:44621/__cypress/runner/cypress_runner.js:149867:11)\n    at Object.throwErrByPath (http://localhost:44621/__cypress/runner/cypress_runner.js:149915:3)\n    at retry (http://localhost:44621/__cypress/runner/cypress_runner.js:144197:19)\n    at onFailFn (http://localhost:44621/__cypress/runner/cypress_runner.js:132448:16)\n    at tryCatcher (http://localhost:44621/__cypress/runner/cypress_runner.js:167415:23)\n    at Promise._settlePromiseFromHandler (http://localhost:44621/__cypress/runner/cypress_runner.js:165351:31)\n    at Promise._settlePromise (http://localhost:44621/__cypress/runner/cypress_runner.js:165408:18)\n    at Promise._settlePromise0 (http://localhost:44621/__cypress/runner/cypress_runner.js:165453:10)\n    at Promise._settlePromises (http://localhost:44621/__cypress/runner/cypress_runner.js:165528:18)\n    at Async../node_modules/bluebird/js/release/async.js.Async._drainQueue (http://localhost:44621/__cypress/runner/cypress_runner.js:162140:16)\n    at Async../node_modules/bluebird/js/release/async.js.Async._drainQueues (http://localhost:44621/__cypress/runner/cypress_runner.js:162150:10)\n    at Async.drainQueues (http://localhost:44621/__cypress/runner/cypress_runner.js:162024:14)",
                "diff": null
              },
              "uuid": "acc704da-f806-408d-aa37-b52321f3054a",
              "parentUUID": "2875556f-134c-411e-ad19-67fdfaf35505",
              "isHook": false,
              "skipped": false
            },
            {
              "title": "Verifica se ao clicar no botão com um valor preenchido, o tamanho do board muda.",
              "fullTitle": "10 - Faça o quadro de pixels ter seu tamanho definido pelo usuário. Verifica se ao clicar no botão com um valor preenchido, o tamanho do board muda.",
              "timedOut": null,
              "duration": 4368,
              "state": "failed",
              "speed": null,
              "pass": false,
              "fail": true,
              "pending": false,
              "context": null,
              "code": "cy.get('#board-size').clear().type(10);\ncy.get('#generate-board').click();\ncy.get('.pixel').should('have.length', 100);",
              "err": {
                "message": "CypressError: Timed out retrying: Expected to find element: '#board-size', but never found it.",
                "estack": "CypressError: Timed out retrying: Expected to find element: '#board-size', but never found it.\n    at cypressErr (http://localhost:44621/__cypress/runner/cypress_runner.js:149934:9)\n    at throwErr (http://localhost:44621/__cypress/runner/cypress_runner.js:149867:11)\n    at Object.throwErrByPath (http://localhost:44621/__cypress/runner/cypress_runner.js:149915:3)\n    at retry (http://localhost:44621/__cypress/runner/cypress_runner.js:144197:19)\n    at onFailFn (http://localhost:44621/__cypress/runner/cypress_runner.js:132448:16)\n    at tryCatcher (http://localhost:44621/__cypress/runner/cypress_runner.js:167415:23)\n    at Promise._settlePromiseFromHandler (http://localhost:44621/__cypress/runner/cypress_runner.js:165351:31)\n    at Promise._settlePromise (http://localhost:44621/__cypress/runner/cypress_runner.js:165408:18)\n    at Promise._settlePromise0 (http://localhost:44621/__cypress/runner/cypress_runner.js:165453:10)\n    at Promise._settlePromises (http://localhost:44621/__cypress/runner/cypress_runner.js:165528:18)\n    at Async../node_modules/bluebird/js/release/async.js.Async._drainQueue (http://localhost:44621/__cypress/runner/cypress_runner.js:162140:16)\n    at Async../node_modules/bluebird/js/release/async.js.Async._drainQueues (http://localhost:44621/__cypress/runner/cypress_runner.js:162150:10)\n    at Async.drainQueues (http://localhost:44621/__cypress/runner/cypress_runner.js:162024:14)",
                "diff": null
              },
              "uuid": "b86b33b9-42fc-4ed3-b429-38f2574afe64",
              "parentUUID": "2875556f-134c-411e-ad19-67fdfaf35505",
              "isHook": false,
              "skipped": false
            },
            {
              "title": "Verifica se o novo quadro tem todos os pixels preenchidos com a cor branca",
              "fullTitle": "10 - Faça o quadro de pixels ter seu tamanho definido pelo usuário. Verifica se o novo quadro tem todos os pixels preenchidos com a cor branca",
              "timedOut": null,
              "duration": 4291,
              "state": "failed",
              "speed": null,
              "pass": false,
              "fail": true,
              "pending": false,
              "context": null,
              "code": "cy.get('#board-size').clear().type(6);\ncy.get('#generate-board').click();\ncy.get('.pixel').should('have.length', 36).each(function (pixel) {\n  expect(pixel).to.have.css('background-color', WHITE);\n});",
              "err": {
                "message": "CypressError: Timed out retrying: Expected to find element: '#board-size', but never found it.",
                "estack": "CypressError: Timed out retrying: Expected to find element: '#board-size', but never found it.\n    at cypressErr (http://localhost:44621/__cypress/runner/cypress_runner.js:149934:9)\n    at throwErr (http://localhost:44621/__cypress/runner/cypress_runner.js:149867:11)\n    at Object.throwErrByPath (http://localhost:44621/__cypress/runner/cypress_runner.js:149915:3)\n    at retry (http://localhost:44621/__cypress/runner/cypress_runner.js:144197:19)\n    at onFailFn (http://localhost:44621/__cypress/runner/cypress_runner.js:132448:16)\n    at tryCatcher (http://localhost:44621/__cypress/runner/cypress_runner.js:167415:23)\n    at Promise._settlePromiseFromHandler (http://localhost:44621/__cypress/runner/cypress_runner.js:165351:31)\n    at Promise._settlePromise (http://localhost:44621/__cypress/runner/cypress_runner.js:165408:18)\n    at Promise._settlePromise0 (http://localhost:44621/__cypress/runner/cypress_runner.js:165453:10)\n    at Promise._settlePromises (http://localhost:44621/__cypress/runner/cypress_runner.js:165528:18)\n    at Async../node_modules/bluebird/js/release/async.js.Async._drainQueue (http://localhost:44621/__cypress/runner/cypress_runner.js:162140:16)\n    at Async../node_modules/bluebird/js/release/async.js.Async._drainQueues (http://localhost:44621/__cypress/runner/cypress_runner.js:162150:10)\n    at Async.drainQueues (http://localhost:44621/__cypress/runner/cypress_runner.js:162024:14)",
                "diff": null
              },
              "uuid": "38f36549-1e9d-414a-af03-8cc590dd9e9f",
              "parentUUID": "2875556f-134c-411e-ad19-67fdfaf35505",
              "isHook": false,
              "skipped": false
            }
          ],
          "suites": [],
          "passes": [],
          "failures": [
            "53e0f198-9e8e-4b0f-b32c-8032607c4a04",
            "5d4bd5c6-c40f-48db-ab64-a74dc3785947",
            "3c1042fe-f627-47c1-ae2d-8e29a2ad66ee",
            "222b6be2-bf50-4f68-ae2b-6a74668af662",
            "8df2866f-618e-487d-b838-65b604e1bef4",
            "19087247-9bd4-48e6-bb75-52f2d31f345b",
            "acc704da-f806-408d-aa37-b52321f3054a",
            "b86b33b9-42fc-4ed3-b429-38f2574afe64",
            "38f36549-1e9d-414a-af03-8cc590dd9e9f"
          ],
          "pending": [],
          "skipped": [],
          "duration": 39008,
          "root": false,
          "rootEmpty": false,
          "_timeout": 2000
        },
        {
          "uuid": "db9a4a82-51c3-4196-82d6-b697021becd6",
          "title": "11 - Limite o tamanho mínimo e máximo do board.",
          "fullFile": "",
          "file": "",
          "beforeHooks": [],
          "afterHooks": [],
          "tests": [
            {
              "title": "Verifica se a altura máxima do board é 50",
              "fullTitle": "11 - Limite o tamanho mínimo e máximo do board. Verifica se a altura máxima do board é 50",
              "timedOut": null,
              "duration": 4316,
              "state": "failed",
              "speed": null,
              "pass": false,
              "fail": true,
              "pending": false,
              "context": null,
              "code": "cy.get('#board-size').clear().type(50);\ncy.get('#generate-board').click();\ncy.get('.pixel').should('have.length', 2500);",
              "err": {
                "message": "CypressError: Timed out retrying: Expected to find element: '#board-size', but never found it.",
                "estack": "CypressError: Timed out retrying: Expected to find element: '#board-size', but never found it.\n    at cypressErr (http://localhost:44621/__cypress/runner/cypress_runner.js:149934:9)\n    at throwErr (http://localhost:44621/__cypress/runner/cypress_runner.js:149867:11)\n    at Object.throwErrByPath (http://localhost:44621/__cypress/runner/cypress_runner.js:149915:3)\n    at retry (http://localhost:44621/__cypress/runner/cypress_runner.js:144197:19)\n    at onFailFn (http://localhost:44621/__cypress/runner/cypress_runner.js:132448:16)\n    at tryCatcher (http://localhost:44621/__cypress/runner/cypress_runner.js:167415:23)\n    at Promise._settlePromiseFromHandler (http://localhost:44621/__cypress/runner/cypress_runner.js:165351:31)\n    at Promise._settlePromise (http://localhost:44621/__cypress/runner/cypress_runner.js:165408:18)\n    at Promise._settlePromise0 (http://localhost:44621/__cypress/runner/cypress_runner.js:165453:10)\n    at Promise._settlePromises (http://localhost:44621/__cypress/runner/cypress_runner.js:165528:18)\n    at Async../node_modules/bluebird/js/release/async.js.Async._drainQueue (http://localhost:44621/__cypress/runner/cypress_runner.js:162140:16)\n    at Async../node_modules/bluebird/js/release/async.js.Async._drainQueues (http://localhost:44621/__cypress/runner/cypress_runner.js:162150:10)\n    at Async.drainQueues (http://localhost:44621/__cypress/runner/cypress_runner.js:162024:14)",
                "diff": null
              },
              "uuid": "68de54a0-aff3-4c3d-9c8a-49e5b20f79dc",
              "parentUUID": "db9a4a82-51c3-4196-82d6-b697021becd6",
              "isHook": false,
              "skipped": false
            },
            {
              "title": "Verifica se a altura do board é 5 quando um valor menor é colocado no input",
              "fullTitle": "11 - Limite o tamanho mínimo e máximo do board. Verifica se a altura do board é 5 quando um valor menor é colocado no input",
              "timedOut": null,
              "duration": 4296,
              "state": "failed",
              "speed": null,
              "pass": false,
              "fail": true,
              "pending": false,
              "context": null,
              "code": "cy.get('#board-size').clear().type(4);\ncy.get('#generate-board').click();\ncy.get('.pixel').should('have.length', 25);",
              "err": {
                "message": "CypressError: Timed out retrying: Expected to find element: '#board-size', but never found it.",
                "estack": "CypressError: Timed out retrying: Expected to find element: '#board-size', but never found it.\n    at cypressErr (http://localhost:44621/__cypress/runner/cypress_runner.js:149934:9)\n    at throwErr (http://localhost:44621/__cypress/runner/cypress_runner.js:149867:11)\n    at Object.throwErrByPath (http://localhost:44621/__cypress/runner/cypress_runner.js:149915:3)\n    at retry (http://localhost:44621/__cypress/runner/cypress_runner.js:144197:19)\n    at onFailFn (http://localhost:44621/__cypress/runner/cypress_runner.js:132448:16)\n    at tryCatcher (http://localhost:44621/__cypress/runner/cypress_runner.js:167415:23)\n    at Promise._settlePromiseFromHandler (http://localhost:44621/__cypress/runner/cypress_runner.js:165351:31)\n    at Promise._settlePromise (http://localhost:44621/__cypress/runner/cypress_runner.js:165408:18)\n    at Promise._settlePromise0 (http://localhost:44621/__cypress/runner/cypress_runner.js:165453:10)\n    at Promise._settlePromises (http://localhost:44621/__cypress/runner/cypress_runner.js:165528:18)\n    at Async../node_modules/bluebird/js/release/async.js.Async._drainQueue (http://localhost:44621/__cypress/runner/cypress_runner.js:162140:16)\n    at Async../node_modules/bluebird/js/release/async.js.Async._drainQueues (http://localhost:44621/__cypress/runner/cypress_runner.js:162150:10)\n    at Async.drainQueues (http://localhost:44621/__cypress/runner/cypress_runner.js:162024:14)",
                "diff": null
              },
              "uuid": "01e101ae-5864-461e-8ec5-afda8431526a",
              "parentUUID": "db9a4a82-51c3-4196-82d6-b697021becd6",
              "isHook": false,
              "skipped": false
            },
            {
              "title": "Verifica se a altura do board é 50 quando um valor maior é colocado no input",
              "fullTitle": "11 - Limite o tamanho mínimo e máximo do board. Verifica se a altura do board é 50 quando um valor maior é colocado no input",
              "timedOut": null,
              "duration": 4527,
              "state": "failed",
              "speed": null,
              "pass": false,
              "fail": true,
              "pending": false,
              "context": null,
              "code": "cy.get('#board-size').clear().type(51);\ncy.get('#generate-board').click();\ncy.get('.pixel').should('have.length', 2500);",
              "err": {
                "message": "CypressError: Timed out retrying: Expected to find element: '#board-size', but never found it.",
                "estack": "CypressError: Timed out retrying: Expected to find element: '#board-size', but never found it.\n    at cypressErr (http://localhost:44621/__cypress/runner/cypress_runner.js:149934:9)\n    at throwErr (http://localhost:44621/__cypress/runner/cypress_runner.js:149867:11)\n    at Object.throwErrByPath (http://localhost:44621/__cypress/runner/cypress_runner.js:149915:3)\n    at retry (http://localhost:44621/__cypress/runner/cypress_runner.js:144197:19)\n    at onFailFn (http://localhost:44621/__cypress/runner/cypress_runner.js:132448:16)\n    at tryCatcher (http://localhost:44621/__cypress/runner/cypress_runner.js:167415:23)\n    at Promise._settlePromiseFromHandler (http://localhost:44621/__cypress/runner/cypress_runner.js:165351:31)\n    at Promise._settlePromise (http://localhost:44621/__cypress/runner/cypress_runner.js:165408:18)\n    at Promise._settlePromise0 (http://localhost:44621/__cypress/runner/cypress_runner.js:165453:10)\n    at Promise._settlePromises (http://localhost:44621/__cypress/runner/cypress_runner.js:165528:18)\n    at Async../node_modules/bluebird/js/release/async.js.Async._drainQueue (http://localhost:44621/__cypress/runner/cypress_runner.js:162140:16)\n    at Async../node_modules/bluebird/js/release/async.js.Async._drainQueues (http://localhost:44621/__cypress/runner/cypress_runner.js:162150:10)\n    at Async.drainQueues (http://localhost:44621/__cypress/runner/cypress_runner.js:162024:14)",
                "diff": null
              },
              "uuid": "2214a35f-6afa-4b6d-afbc-76a52f9de154",
              "parentUUID": "db9a4a82-51c3-4196-82d6-b697021becd6",
              "isHook": false,
              "skipped": false
            }
          ],
          "suites": [],
          "passes": [],
          "failures": [
            "68de54a0-aff3-4c3d-9c8a-49e5b20f79dc",
            "01e101ae-5864-461e-8ec5-afda8431526a",
            "2214a35f-6afa-4b6d-afbc-76a52f9de154"
          ],
          "pending": [],
          "skipped": [],
          "duration": 13139,
          "root": false,
          "rootEmpty": false,
          "_timeout": 2000
        },
        {
          "uuid": "42a73842-bc57-4207-8ed4-a17df2bab3a5",
          "title": "12 - Faça com que as cores da paleta sejam geradas aleatoriamente ao carregar a página.",
          "fullFile": "",
          "file": "",
          "beforeHooks": [],
          "afterHooks": [],
          "tests": [
            {
              "title": "Verifica se as cores geradas na paleta são diferentes a cada carregamento da página",
              "fullTitle": "12 - Faça com que as cores da paleta sejam geradas aleatoriamente ao carregar a página. Verifica se as cores geradas na paleta são diferentes a cada carregamento da página",
              "timedOut": null,
              "duration": 477,
              "state": "passed",
              "speed": "slow",
              "pass": true,
              "fail": false,
              "pending": false,
              "context": null,
              "code": "cy.get('.color').then(function (colors) {\n  var currentColors;\n  var previousColors;\n  previousColors = Array.from(colors).map(function (color) {\n    return Cypress.$(color).css('background-color');\n  });\n  for (var i = 0; i < 5; i += 1) {\n    cy.reload();\n    cy.get('.color').then(function (colors) {\n      currentColors = Array.from(colors).map(function (color) {\n        return Cypress.$(color).css('background-color');\n      });\n      expect(currentColors).not.to.deep.equal(previousColors);\n      previousColors = currentColors;\n    });\n  }\n});",
              "err": {},
              "uuid": "03fe14db-6f29-48b9-917c-78547e4eb54b",
              "parentUUID": "42a73842-bc57-4207-8ed4-a17df2bab3a5",
              "isHook": false,
              "skipped": false
            },
            {
              "title": "Verifica se a cor preta ainda está presente e é a primeira na sua paleta de cores",
              "fullTitle": "12 - Faça com que as cores da paleta sejam geradas aleatoriamente ao carregar a página. Verifica se a cor preta ainda está presente e é a primeira na sua paleta de cores",
              "timedOut": null,
              "duration": 485,
              "state": "passed",
              "speed": "slow",
              "pass": true,
              "fail": false,
              "pending": false,
              "context": null,
              "code": "cy.get('.color').then(function (colors) {\n  var currentColors;\n  var previousColors;\n  previousColors = Array.from(colors).map(function (color) {\n    return Cypress.$(color).css('background-color');\n  });\n  expect(previousColors[0]).to.eq(BLACK);\n  for (var i = 0; i < 5; i += 1) {\n    cy.reload();\n    cy.get('.color').then(function (colors) {\n      currentColors = Array.from(colors).map(function (color) {\n        return Cypress.$(color).css('background-color');\n      });\n      expect(currentColors[0]).to.eq(BLACK);\n      expect(currentColors).not.to.deep.equal(previousColors);\n      previousColors = currentColors;\n    });\n  }\n});",
              "err": {},
              "uuid": "7fb25573-0a22-4381-abcf-b99d6c883e8a",
              "parentUUID": "42a73842-bc57-4207-8ed4-a17df2bab3a5",
              "isHook": false,
              "skipped": false
            }
          ],
          "suites": [],
          "passes": [
            "03fe14db-6f29-48b9-917c-78547e4eb54b",
            "7fb25573-0a22-4381-abcf-b99d6c883e8a"
          ],
          "failures": [],
          "pending": [],
          "skipped": [],
          "duration": 962,
          "root": false,
          "rootEmpty": false,
          "_timeout": 2000
        }
      ],
      "passes": [],
      "failures": [],
      "pending": [],
      "skipped": [],
      "duration": 0,
      "root": true,
      "rootEmpty": true,
      "_timeout": 2000
    }
  ],
  "meta": {
    "mocha": {
      "version": "7.0.1"
    },
    "mochawesome": {
      "options": {
        "quiet": false,
        "reportFilename": "mochawesome",
        "saveHtml": false,
        "saveJson": true,
        "consoleReporter": "spec",
        "useInlineDiffs": false
      },
      "version": "4.1.0"
    },
    "marge": {
      "options": {
        "id": "default",
        "reportDir": "cypress/reports",
        "overwrite": true,
        "html": false,
        "json": true
      },
      "version": "4.1.0"
    }
  }
}