{
  "stats": {
    "suites": 12,
    "tests": 41,
    "passes": 5,
    "pending": 0,
    "failures": 36,
    "start": "2021-07-08T18:30:46.710Z",
    "end": "2021-07-08T18:33:21.646Z",
    "duration": 154936,
    "testsRegistered": 41,
    "passPercent": 12.195121951219512,
    "pendingPercent": 0,
    "other": 0,
    "hasOther": false,
    "skipped": 0,
    "hasSkipped": false
  },
  "results": [
    {
      "uuid": "e5749445-3f4e-4b25-b175-9b1b95faa3d8",
      "title": "",
      "fullFile": "cypress/integration/project.spec.js",
      "file": "cypress/integration/project.spec.js",
      "beforeHooks": [],
      "afterHooks": [],
      "tests": [],
      "suites": [
        {
          "uuid": "8df88a9f-fbbd-4e69-afde-92df19d04998",
          "title": "1 - Adicione à página o título \"Paleta de Cores\".",
          "fullFile": "",
          "file": "",
          "beforeHooks": [],
          "afterHooks": [],
          "tests": [
            {
              "title": "Verifica se contém um elemento `h1` com o id `title` com o título correto",
              "fullTitle": "1 - Adicione à página o título \"Paleta de Cores\". Verifica se contém um elemento `h1` com o id `title` com o título correto",
              "timedOut": null,
              "duration": 411,
              "state": "passed",
              "speed": "slow",
              "pass": true,
              "fail": false,
              "pending": false,
              "context": null,
              "code": "cy.get('h1#title').should('contain.text', 'Paleta de Cores');",
              "err": {},
              "uuid": "f8c1c84b-4f63-42ff-99a3-03d24cb5f9f9",
              "parentUUID": "8df88a9f-fbbd-4e69-afde-92df19d04998",
              "isHook": false,
              "skipped": false
            }
          ],
          "suites": [],
          "passes": [
            "f8c1c84b-4f63-42ff-99a3-03d24cb5f9f9"
          ],
          "failures": [],
          "pending": [],
          "skipped": [],
          "duration": 411,
          "root": false,
          "rootEmpty": false,
          "_timeout": 2000
        },
        {
          "uuid": "9017697b-87e3-4508-83cb-9de2b8696387",
          "title": "2 - Adicione à página uma paleta de quatro cores distintas.",
          "fullFile": "",
          "file": "",
          "beforeHooks": [],
          "afterHooks": [],
          "tests": [
            {
              "title": "A paleta de cores deve ser um elemento com `id` denominado `color-palette`",
              "fullTitle": "2 - Adicione à página uma paleta de quatro cores distintas. A paleta de cores deve ser um elemento com `id` denominado `color-palette`",
              "timedOut": null,
              "duration": 4593,
              "state": "failed",
              "speed": null,
              "pass": false,
              "fail": true,
              "pending": false,
              "context": null,
              "code": "cy.get('#color-palette').should('be.visible');",
              "err": {
                "message": "CypressError: Timed out retrying: expected '<main#color-palette>' to be 'visible'\n\nThis element '<main#color-palette>' is not visible because it has an effective width and height of: '1350 x 0' pixels.",
                "estack": "CypressError: Timed out retrying: expected '<main#color-palette>' to be 'visible'\n\nThis element '<main#color-palette>' is not visible because it has an effective width and height of: '1350 x 0' pixels.\n    at cypressErr (http://localhost:32923/__cypress/runner/cypress_runner.js:149934:9)\n    at throwErr (http://localhost:32923/__cypress/runner/cypress_runner.js:149867:11)\n    at Object.throwErrByPath (http://localhost:32923/__cypress/runner/cypress_runner.js:149915:3)\n    at retry (http://localhost:32923/__cypress/runner/cypress_runner.js:144197:19)\n    at onFailFn (http://localhost:32923/__cypress/runner/cypress_runner.js:132448:16)\n    at tryCatcher (http://localhost:32923/__cypress/runner/cypress_runner.js:167415:23)\n    at Promise._settlePromiseFromHandler (http://localhost:32923/__cypress/runner/cypress_runner.js:165351:31)\n    at Promise._settlePromise (http://localhost:32923/__cypress/runner/cypress_runner.js:165408:18)\n    at Promise._settlePromise0 (http://localhost:32923/__cypress/runner/cypress_runner.js:165453:10)\n    at Promise._settlePromises (http://localhost:32923/__cypress/runner/cypress_runner.js:165528:18)\n    at Async../node_modules/bluebird/js/release/async.js.Async._drainQueue (http://localhost:32923/__cypress/runner/cypress_runner.js:162140:16)\n    at Async../node_modules/bluebird/js/release/async.js.Async._drainQueues (http://localhost:32923/__cypress/runner/cypress_runner.js:162150:10)\n    at Async.drainQueues (http://localhost:32923/__cypress/runner/cypress_runner.js:162024:14)",
                "diff": null
              },
              "uuid": "b8c70080-741a-4254-8b1d-c6a1e882204a",
              "parentUUID": "9017697b-87e3-4508-83cb-9de2b8696387",
              "isHook": false,
              "skipped": false
            },
            {
              "title": "Verifica se cada cor individual da paleta de cores possui a `classe` chamada `color`.",
              "fullTitle": "2 - Adicione à página uma paleta de quatro cores distintas. Verifica se cada cor individual da paleta de cores possui a `classe` chamada `color`.",
              "timedOut": null,
              "duration": 4473,
              "state": "failed",
              "speed": null,
              "pass": false,
              "fail": true,
              "pending": false,
              "context": null,
              "code": "cy.get('.color').should('have.length', 4).then(function (colors) {\n  for (var i = 0; i < colors.length; i++) {\n    cy.wrap(colors[i]).should('be.visible');\n  }\n});",
              "err": {
                "message": "CypressError: Timed out retrying: expected '<span.color>' to be 'visible'\n\nThis element '<span.color>' is not visible because it has an effective width and height of: '0 x 0' pixels.",
                "estack": "CypressError: Timed out retrying: expected '<span.color>' to be 'visible'\n\nThis element '<span.color>' is not visible because it has an effective width and height of: '0 x 0' pixels.\n    at cypressErr (http://localhost:32923/__cypress/runner/cypress_runner.js:149934:9)\n    at throwErr (http://localhost:32923/__cypress/runner/cypress_runner.js:149867:11)\n    at Object.throwErrByPath (http://localhost:32923/__cypress/runner/cypress_runner.js:149915:3)\n    at retry (http://localhost:32923/__cypress/runner/cypress_runner.js:144197:19)\n    at onFailFn (http://localhost:32923/__cypress/runner/cypress_runner.js:132448:16)\n    at tryCatcher (http://localhost:32923/__cypress/runner/cypress_runner.js:167415:23)\n    at Promise._settlePromiseFromHandler (http://localhost:32923/__cypress/runner/cypress_runner.js:165351:31)\n    at Promise._settlePromise (http://localhost:32923/__cypress/runner/cypress_runner.js:165408:18)\n    at Promise._settlePromise0 (http://localhost:32923/__cypress/runner/cypress_runner.js:165453:10)\n    at Promise._settlePromises (http://localhost:32923/__cypress/runner/cypress_runner.js:165528:18)\n    at Async../node_modules/bluebird/js/release/async.js.Async._drainQueue (http://localhost:32923/__cypress/runner/cypress_runner.js:162140:16)\n    at Async../node_modules/bluebird/js/release/async.js.Async._drainQueues (http://localhost:32923/__cypress/runner/cypress_runner.js:162150:10)\n    at Async.drainQueues (http://localhost:32923/__cypress/runner/cypress_runner.js:162024:14)",
                "diff": null
              },
              "uuid": "0b3645be-471d-4179-9701-5f3dc14ecd72",
              "parentUUID": "9017697b-87e3-4508-83cb-9de2b8696387",
              "isHook": false,
              "skipped": false
            },
            {
              "title": "Verifica se a cor de fundo de cada elemento da paleta é a cor que o elemento representa. **A única cor não permitida na paleta é a cor branca.**",
              "fullTitle": "2 - Adicione à página uma paleta de quatro cores distintas. Verifica se a cor de fundo de cada elemento da paleta é a cor que o elemento representa. **A única cor não permitida na paleta é a cor branca.**",
              "timedOut": null,
              "duration": 291,
              "state": "passed",
              "speed": "slow",
              "pass": true,
              "fail": false,
              "pending": false,
              "context": null,
              "code": "cy.get('.color').each(function (color) {\n  cy.wrap(color).should('have.class', 'color').and('not.have.css', 'background-color', WHITE);\n  cy.wrap(color).should('have.css', 'background-color');\n});",
              "err": {},
              "uuid": "1268e43c-1217-4c99-885c-f745a60295d1",
              "parentUUID": "9017697b-87e3-4508-83cb-9de2b8696387",
              "isHook": false,
              "skipped": false
            },
            {
              "title": "Verifica se cada elemento da paleta de cores tem uma borda preta, sólida e com 1 pixel de largura;",
              "fullTitle": "2 - Adicione à página uma paleta de quatro cores distintas. Verifica se cada elemento da paleta de cores tem uma borda preta, sólida e com 1 pixel de largura;",
              "timedOut": null,
              "duration": 4462,
              "state": "failed",
              "speed": null,
              "pass": false,
              "fail": true,
              "pending": false,
              "context": null,
              "code": "cy.get('.color').each(function (color) {\n  cy.wrap(color).and('have.css', 'border', \"1px solid \".concat(BLACK)).and('have.class', 'color');\n});",
              "err": {
                "message": "CypressError: Timed out retrying: expected '<span.color>' to have CSS property 'border' with the value '1px solid rgb(0, 0, 0)', but the value was '0px none rgb(0, 0, 0)'",
                "estack": "CypressError: Timed out retrying: expected '<span.color>' to have CSS property 'border' with the value '1px solid rgb(0, 0, 0)', but the value was '0px none rgb(0, 0, 0)'\n    at cypressErr (http://localhost:32923/__cypress/runner/cypress_runner.js:149934:9)\n    at throwErr (http://localhost:32923/__cypress/runner/cypress_runner.js:149867:11)\n    at Object.throwErrByPath (http://localhost:32923/__cypress/runner/cypress_runner.js:149915:3)\n    at retry (http://localhost:32923/__cypress/runner/cypress_runner.js:144197:19)\n    at onFailFn (http://localhost:32923/__cypress/runner/cypress_runner.js:132448:16)\n    at tryCatcher (http://localhost:32923/__cypress/runner/cypress_runner.js:167415:23)\n    at Promise._settlePromiseFromHandler (http://localhost:32923/__cypress/runner/cypress_runner.js:165351:31)\n    at Promise._settlePromise (http://localhost:32923/__cypress/runner/cypress_runner.js:165408:18)\n    at Promise._settlePromise0 (http://localhost:32923/__cypress/runner/cypress_runner.js:165453:10)\n    at Promise._settlePromises (http://localhost:32923/__cypress/runner/cypress_runner.js:165528:18)\n    at Async../node_modules/bluebird/js/release/async.js.Async._drainQueue (http://localhost:32923/__cypress/runner/cypress_runner.js:162140:16)\n    at Async../node_modules/bluebird/js/release/async.js.Async._drainQueues (http://localhost:32923/__cypress/runner/cypress_runner.js:162150:10)\n    at Async.drainQueues (http://localhost:32923/__cypress/runner/cypress_runner.js:162024:14)",
                "diff": null
              },
              "uuid": "b6589a2d-db30-4b24-891d-6b4635443911",
              "parentUUID": "9017697b-87e3-4508-83cb-9de2b8696387",
              "isHook": false,
              "skipped": false
            },
            {
              "title": "Verifica se a paleta lista todas as cores disponíveis para utilização, lado a lado.",
              "fullTitle": "2 - Adicione à página uma paleta de quatro cores distintas. Verifica se a paleta lista todas as cores disponíveis para utilização, lado a lado.",
              "timedOut": null,
              "duration": 217,
              "state": "passed",
              "speed": "slow",
              "pass": true,
              "fail": false,
              "pending": false,
              "context": null,
              "code": "cy.get('.color').then(function (colors) {\n  for (var index = 1; index < colors.length; index += 1) {\n    var currentColor = colors[index];\n    var previousColor = colors[index - 1];\n    cy.wrap(currentColor).should('be.onTheRightOf', previousColor).and('be.horizontallyAlignedWith', previousColor);\n  }\n});",
              "err": {},
              "uuid": "d117ff97-1862-40e2-a9af-c4f1f121daf7",
              "parentUUID": "9017697b-87e3-4508-83cb-9de2b8696387",
              "isHook": false,
              "skipped": false
            },
            {
              "title": "Verifica se a paleta de cores está posicionada abaixo do título 'Paleta de Cores'",
              "fullTitle": "2 - Adicione à página uma paleta de quatro cores distintas. Verifica se a paleta de cores está posicionada abaixo do título 'Paleta de Cores'",
              "timedOut": null,
              "duration": 145,
              "state": "passed",
              "speed": "slow",
              "pass": true,
              "fail": false,
              "pending": false,
              "context": null,
              "code": "cy.get('h1#title').then(function (title) {\n  cy.get('#color-palette').should('be.belowOf', title);\n});",
              "err": {},
              "uuid": "72bba417-1cfb-4002-928f-f6dd833daab6",
              "parentUUID": "9017697b-87e3-4508-83cb-9de2b8696387",
              "isHook": false,
              "skipped": false
            },
            {
              "title": "Verifica se a paleta de cores não contém cores repetidas.",
              "fullTitle": "2 - Adicione à página uma paleta de quatro cores distintas. Verifica se a paleta de cores não contém cores repetidas.",
              "timedOut": null,
              "duration": 355,
              "state": "failed",
              "speed": null,
              "pass": false,
              "fail": true,
              "pending": false,
              "context": null,
              "code": "cy.get('.color').then(function (colors) {\n  var allColors = Array.from(colors).map(function (color) {\n    return Cypress.$(color).css('background-color');\n  });\n  cy.log(allColors);\n  var uniqColors = (0, _toConsumableArray2[\"default\"])(new Set(allColors));\n  cy.log(uniqColors);\n  expect(allColors.length).to.eq(uniqColors.length);\n});",
              "err": {
                "message": "AssertionError: expected 4 to equal 1",
                "estack": "AssertionError: expected 4 to equal 1\n    at getRet (http://localhost:32923/__cypress/runner/cypress_runner.js:136585:16)\n    at tryCatcher (http://localhost:32923/__cypress/runner/cypress_runner.js:167415:23)\n    at Function.Promise.attempt.Promise.try (http://localhost:32923/__cypress/runner/cypress_runner.js:164690:29)\n    at Context.thenFn (http://localhost:32923/__cypress/runner/cypress_runner.js:136599:23)\n    at Context.then (http://localhost:32923/__cypress/runner/cypress_runner.js:136971:21)\n    at Context.<anonymous> (http://localhost:32923/__cypress/runner/cypress_runner.js:148875:21)\n    at http://localhost:32923/__cypress/runner/cypress_runner.js:148351:33\n    at tryCatcher (http://localhost:32923/__cypress/runner/cypress_runner.js:167415:23)\n    at Promise._settlePromiseFromHandler (http://localhost:32923/__cypress/runner/cypress_runner.js:165351:31)\n    at Promise._settlePromise (http://localhost:32923/__cypress/runner/cypress_runner.js:165408:18)\n    at Promise._settlePromiseCtx (http://localhost:32923/__cypress/runner/cypress_runner.js:165445:10)\n    at Async../node_modules/bluebird/js/release/async.js.Async._drainQueue (http://localhost:32923/__cypress/runner/cypress_runner.js:162145:12)\n    at Async../node_modules/bluebird/js/release/async.js.Async._drainQueues (http://localhost:32923/__cypress/runner/cypress_runner.js:162150:10)\n    at Async.drainQueues (http://localhost:32923/__cypress/runner/cypress_runner.js:162024:14)",
                "diff": "- 4\n+ 1\n"
              },
              "uuid": "7a3f1f5b-2fe0-4bd6-b439-61b43cba7d4d",
              "parentUUID": "9017697b-87e3-4508-83cb-9de2b8696387",
              "isHook": false,
              "skipped": false
            }
          ],
          "suites": [],
          "passes": [
            "1268e43c-1217-4c99-885c-f745a60295d1",
            "d117ff97-1862-40e2-a9af-c4f1f121daf7",
            "72bba417-1cfb-4002-928f-f6dd833daab6"
          ],
          "failures": [
            "b8c70080-741a-4254-8b1d-c6a1e882204a",
            "0b3645be-471d-4179-9701-5f3dc14ecd72",
            "b6589a2d-db30-4b24-891d-6b4635443911",
            "7a3f1f5b-2fe0-4bd6-b439-61b43cba7d4d"
          ],
          "pending": [],
          "skipped": [],
          "duration": 14536,
          "root": false,
          "rootEmpty": false,
          "_timeout": 2000
        },
        {
          "uuid": "dc0727cf-eecb-487f-94b5-fb65e3465dde",
          "title": "3 - Adicione a cor **preta** como a primeira cor da paleta de cores.",
          "fullFile": "",
          "file": "",
          "beforeHooks": [],
          "afterHooks": [],
          "tests": [
            {
              "title": "Verifica se a primeira cor da paleta é preta",
              "fullTitle": "3 - Adicione a cor **preta** como a primeira cor da paleta de cores. Verifica se a primeira cor da paleta é preta",
              "timedOut": null,
              "duration": 4457,
              "state": "failed",
              "speed": null,
              "pass": false,
              "fail": true,
              "pending": false,
              "context": null,
              "code": "cy.get('.color').first().should('have.css', 'background-color', BLACK);",
              "err": {
                "message": "CypressError: Timed out retrying: expected '<span.color>' to have CSS property 'background-color' with the value 'rgb(0, 0, 0)', but the value was 'rgba(0, 0, 0, 0)'",
                "estack": "CypressError: Timed out retrying: expected '<span.color>' to have CSS property 'background-color' with the value 'rgb(0, 0, 0)', but the value was 'rgba(0, 0, 0, 0)'\n    at cypressErr (http://localhost:32923/__cypress/runner/cypress_runner.js:149934:9)\n    at throwErr (http://localhost:32923/__cypress/runner/cypress_runner.js:149867:11)\n    at Object.throwErrByPath (http://localhost:32923/__cypress/runner/cypress_runner.js:149915:3)\n    at retry (http://localhost:32923/__cypress/runner/cypress_runner.js:144197:19)\n    at onFailFn (http://localhost:32923/__cypress/runner/cypress_runner.js:132448:16)\n    at tryCatcher (http://localhost:32923/__cypress/runner/cypress_runner.js:167415:23)\n    at Promise._settlePromiseFromHandler (http://localhost:32923/__cypress/runner/cypress_runner.js:165351:31)\n    at Promise._settlePromise (http://localhost:32923/__cypress/runner/cypress_runner.js:165408:18)\n    at Promise._settlePromise0 (http://localhost:32923/__cypress/runner/cypress_runner.js:165453:10)\n    at Promise._settlePromises (http://localhost:32923/__cypress/runner/cypress_runner.js:165528:18)\n    at Async../node_modules/bluebird/js/release/async.js.Async._drainQueue (http://localhost:32923/__cypress/runner/cypress_runner.js:162140:16)\n    at Async../node_modules/bluebird/js/release/async.js.Async._drainQueues (http://localhost:32923/__cypress/runner/cypress_runner.js:162150:10)\n    at Async.drainQueues (http://localhost:32923/__cypress/runner/cypress_runner.js:162024:14)",
                "diff": null
              },
              "uuid": "1878a989-1459-4b59-a038-fd68f892751c",
              "parentUUID": "dc0727cf-eecb-487f-94b5-fb65e3465dde",
              "isHook": false,
              "skipped": false
            },
            {
              "title": "Verifica se as demais cores podem ser escolhidas livremente.",
              "fullTitle": "3 - Adicione a cor **preta** como a primeira cor da paleta de cores. Verifica se as demais cores podem ser escolhidas livremente.",
              "timedOut": null,
              "duration": 4462,
              "state": "failed",
              "speed": null,
              "pass": false,
              "fail": true,
              "pending": false,
              "context": null,
              "code": "cy.get('.color').eq(1).should('not.have.css', 'background-color', BLACK);\ncy.get('.color').eq(1).should('not.have.css', 'background-color', WHITE);\ncy.get('.color').eq(1).should('not.have.css', 'background-color', 'rgba(0, 0, 0, 0)');\ncy.get('.color').eq(1).should('have.css', 'background-color');\ncy.get('.color').eq(2).should('not.have.css', 'background-color', BLACK);\ncy.get('.color').eq(2).should('not.have.css', 'background-color', WHITE);\ncy.get('.color').eq(2).should('not.have.css', 'background-color', 'rgba(0, 0, 0, 0)');\ncy.get('.color').eq(2).should('have.css', 'background-color');\ncy.get('.color').eq(3).should('not.have.css', 'background-color', BLACK);\ncy.get('.color').eq(3).should('not.have.css', 'background-color', WHITE);\ncy.get('.color').eq(3).should('not.have.css', 'background-color', 'rgba(0, 0, 0, 0)');\ncy.get('.color').eq(3).should('have.css', 'background-color');",
              "err": {
                "message": "CypressError: Timed out retrying: expected '<span.color>' not to have CSS property 'background-color' with the value 'rgba(0, 0, 0, 0)', but the value was 'rgba(0, 0, 0, 0)'",
                "estack": "CypressError: Timed out retrying: expected '<span.color>' not to have CSS property 'background-color' with the value 'rgba(0, 0, 0, 0)', but the value was 'rgba(0, 0, 0, 0)'\n    at cypressErr (http://localhost:32923/__cypress/runner/cypress_runner.js:149934:9)\n    at throwErr (http://localhost:32923/__cypress/runner/cypress_runner.js:149867:11)\n    at Object.throwErrByPath (http://localhost:32923/__cypress/runner/cypress_runner.js:149915:3)\n    at retry (http://localhost:32923/__cypress/runner/cypress_runner.js:144197:19)\n    at onFailFn (http://localhost:32923/__cypress/runner/cypress_runner.js:132448:16)\n    at tryCatcher (http://localhost:32923/__cypress/runner/cypress_runner.js:167415:23)\n    at Promise._settlePromiseFromHandler (http://localhost:32923/__cypress/runner/cypress_runner.js:165351:31)\n    at Promise._settlePromise (http://localhost:32923/__cypress/runner/cypress_runner.js:165408:18)\n    at Promise._settlePromise0 (http://localhost:32923/__cypress/runner/cypress_runner.js:165453:10)\n    at Promise._settlePromises (http://localhost:32923/__cypress/runner/cypress_runner.js:165528:18)\n    at Async../node_modules/bluebird/js/release/async.js.Async._drainQueue (http://localhost:32923/__cypress/runner/cypress_runner.js:162140:16)\n    at Async../node_modules/bluebird/js/release/async.js.Async._drainQueues (http://localhost:32923/__cypress/runner/cypress_runner.js:162150:10)\n    at Async.drainQueues (http://localhost:32923/__cypress/runner/cypress_runner.js:162024:14)",
                "diff": null
              },
              "uuid": "0a5ee123-9b46-4fe8-bb17-79e63f4304c6",
              "parentUUID": "dc0727cf-eecb-487f-94b5-fb65e3465dde",
              "isHook": false,
              "skipped": false
            }
          ],
          "suites": [],
          "passes": [],
          "failures": [
            "1878a989-1459-4b59-a038-fd68f892751c",
            "0a5ee123-9b46-4fe8-bb17-79e63f4304c6"
          ],
          "pending": [],
          "skipped": [],
          "duration": 8919,
          "root": false,
          "rootEmpty": false,
          "_timeout": 2000
        },
        {
          "uuid": "f48a93ee-681f-41ab-96b3-39a2357ca833",
          "title": "4 - Adicione à página um quadro de pixels, com 25 pixels.",
          "fullFile": "",
          "file": "",
          "beforeHooks": [],
          "afterHooks": [],
          "tests": [
            {
              "title": "Verifica se o quadro de pixels possui o `id` denominado `pixel-board`",
              "fullTitle": "4 - Adicione à página um quadro de pixels, com 25 pixels. Verifica se o quadro de pixels possui o `id` denominado `pixel-board`",
              "timedOut": null,
              "duration": 4463,
              "state": "failed",
              "speed": null,
              "pass": false,
              "fail": true,
              "pending": false,
              "context": null,
              "code": "cy.get('#pixel-board').should('be.visible');",
              "err": {
                "message": "CypressError: Timed out retrying: Expected to find element: '#pixel-board', but never found it.",
                "estack": "CypressError: Timed out retrying: Expected to find element: '#pixel-board', but never found it.\n    at cypressErr (http://localhost:32923/__cypress/runner/cypress_runner.js:149934:9)\n    at throwErr (http://localhost:32923/__cypress/runner/cypress_runner.js:149867:11)\n    at Object.throwErrByPath (http://localhost:32923/__cypress/runner/cypress_runner.js:149915:3)\n    at retry (http://localhost:32923/__cypress/runner/cypress_runner.js:144197:19)\n    at onFailFn (http://localhost:32923/__cypress/runner/cypress_runner.js:132448:16)\n    at tryCatcher (http://localhost:32923/__cypress/runner/cypress_runner.js:167415:23)\n    at Promise._settlePromiseFromHandler (http://localhost:32923/__cypress/runner/cypress_runner.js:165351:31)\n    at Promise._settlePromise (http://localhost:32923/__cypress/runner/cypress_runner.js:165408:18)\n    at Promise._settlePromise0 (http://localhost:32923/__cypress/runner/cypress_runner.js:165453:10)\n    at Promise._settlePromises (http://localhost:32923/__cypress/runner/cypress_runner.js:165528:18)\n    at Async../node_modules/bluebird/js/release/async.js.Async._drainQueue (http://localhost:32923/__cypress/runner/cypress_runner.js:162140:16)\n    at Async../node_modules/bluebird/js/release/async.js.Async._drainQueues (http://localhost:32923/__cypress/runner/cypress_runner.js:162150:10)\n    at Async.drainQueues (http://localhost:32923/__cypress/runner/cypress_runner.js:162024:14)",
                "diff": null
              },
              "uuid": "5d80ad72-ba8b-4395-adf8-485953aedd38",
              "parentUUID": "f48a93ee-681f-41ab-96b3-39a2357ca833",
              "isHook": false,
              "skipped": false
            },
            {
              "title": "Verifica se cada pixel individual dentro do quadro possui a `classe` denominada `pixel`.",
              "fullTitle": "4 - Adicione à página um quadro de pixels, com 25 pixels. Verifica se cada pixel individual dentro do quadro possui a `classe` denominada `pixel`.",
              "timedOut": null,
              "duration": 4495,
              "state": "failed",
              "speed": null,
              "pass": false,
              "fail": true,
              "pending": false,
              "context": null,
              "code": "cy.get('.pixel').should('have.length', 25);",
              "err": {
                "message": "CypressError: Timed out retrying: Expected to find element: '.pixel', but never found it.",
                "estack": "CypressError: Timed out retrying: Expected to find element: '.pixel', but never found it.\n    at cypressErr (http://localhost:32923/__cypress/runner/cypress_runner.js:149934:9)\n    at throwErr (http://localhost:32923/__cypress/runner/cypress_runner.js:149867:11)\n    at Object.throwErrByPath (http://localhost:32923/__cypress/runner/cypress_runner.js:149915:3)\n    at retry (http://localhost:32923/__cypress/runner/cypress_runner.js:144197:19)\n    at onFailFn (http://localhost:32923/__cypress/runner/cypress_runner.js:132448:16)\n    at tryCatcher (http://localhost:32923/__cypress/runner/cypress_runner.js:167415:23)\n    at Promise._settlePromiseFromHandler (http://localhost:32923/__cypress/runner/cypress_runner.js:165351:31)\n    at Promise._settlePromise (http://localhost:32923/__cypress/runner/cypress_runner.js:165408:18)\n    at Promise._settlePromise0 (http://localhost:32923/__cypress/runner/cypress_runner.js:165453:10)\n    at Promise._settlePromises (http://localhost:32923/__cypress/runner/cypress_runner.js:165528:18)\n    at Async../node_modules/bluebird/js/release/async.js.Async._drainQueue (http://localhost:32923/__cypress/runner/cypress_runner.js:162140:16)\n    at Async../node_modules/bluebird/js/release/async.js.Async._drainQueues (http://localhost:32923/__cypress/runner/cypress_runner.js:162150:10)\n    at Async.drainQueues (http://localhost:32923/__cypress/runner/cypress_runner.js:162024:14)",
                "diff": null
              },
              "uuid": "73fa9f9c-80b8-4ca3-a298-b3c01837957b",
              "parentUUID": "f48a93ee-681f-41ab-96b3-39a2357ca833",
              "isHook": false,
              "skipped": false
            },
            {
              "title": "Verifica se a cor inicial dos pixels dentro do quadro, ao abrir a página, é branca.",
              "fullTitle": "4 - Adicione à página um quadro de pixels, com 25 pixels. Verifica se a cor inicial dos pixels dentro do quadro, ao abrir a página, é branca.",
              "timedOut": null,
              "duration": 4415,
              "state": "failed",
              "speed": null,
              "pass": false,
              "fail": true,
              "pending": false,
              "context": null,
              "code": "cy.get('.pixel').should('have.length', 25).each(function (pixel) {\n  expect(pixel).to.have.css('background-color', WHITE);\n});",
              "err": {
                "message": "CypressError: Timed out retrying: Expected to find element: '.pixel', but never found it.",
                "estack": "CypressError: Timed out retrying: Expected to find element: '.pixel', but never found it.\n    at cypressErr (http://localhost:32923/__cypress/runner/cypress_runner.js:149934:9)\n    at throwErr (http://localhost:32923/__cypress/runner/cypress_runner.js:149867:11)\n    at Object.throwErrByPath (http://localhost:32923/__cypress/runner/cypress_runner.js:149915:3)\n    at retry (http://localhost:32923/__cypress/runner/cypress_runner.js:144197:19)\n    at onFailFn (http://localhost:32923/__cypress/runner/cypress_runner.js:132448:16)\n    at tryCatcher (http://localhost:32923/__cypress/runner/cypress_runner.js:167415:23)\n    at Promise._settlePromiseFromHandler (http://localhost:32923/__cypress/runner/cypress_runner.js:165351:31)\n    at Promise._settlePromise (http://localhost:32923/__cypress/runner/cypress_runner.js:165408:18)\n    at Promise._settlePromise0 (http://localhost:32923/__cypress/runner/cypress_runner.js:165453:10)\n    at Promise._settlePromises (http://localhost:32923/__cypress/runner/cypress_runner.js:165528:18)\n    at Async../node_modules/bluebird/js/release/async.js.Async._drainQueue (http://localhost:32923/__cypress/runner/cypress_runner.js:162140:16)\n    at Async../node_modules/bluebird/js/release/async.js.Async._drainQueues (http://localhost:32923/__cypress/runner/cypress_runner.js:162150:10)\n    at Async.drainQueues (http://localhost:32923/__cypress/runner/cypress_runner.js:162024:14)",
                "diff": null
              },
              "uuid": "f99378ce-c144-4488-8b08-d1074b543871",
              "parentUUID": "f48a93ee-681f-41ab-96b3-39a2357ca833",
              "isHook": false,
              "skipped": false
            },
            {
              "title": "Verifica se o quadro de pixels aparece abaixo da paleta de cores",
              "fullTitle": "4 - Adicione à página um quadro de pixels, com 25 pixels. Verifica se o quadro de pixels aparece abaixo da paleta de cores",
              "timedOut": null,
              "duration": 4451,
              "state": "failed",
              "speed": null,
              "pass": false,
              "fail": true,
              "pending": false,
              "context": null,
              "code": "cy.get('#color-palette').then(function (palette) {\n  cy.get('#pixel-board').should('be.belowOf', palette);\n});",
              "err": {
                "message": "CypressError: Timed out retrying: Expected to find element: '#pixel-board', but never found it.",
                "estack": "CypressError: Timed out retrying: Expected to find element: '#pixel-board', but never found it.\n    at cypressErr (http://localhost:32923/__cypress/runner/cypress_runner.js:149934:9)\n    at throwErr (http://localhost:32923/__cypress/runner/cypress_runner.js:149867:11)\n    at Object.throwErrByPath (http://localhost:32923/__cypress/runner/cypress_runner.js:149915:3)\n    at retry (http://localhost:32923/__cypress/runner/cypress_runner.js:144197:19)\n    at onFailFn (http://localhost:32923/__cypress/runner/cypress_runner.js:132448:16)\n    at tryCatcher (http://localhost:32923/__cypress/runner/cypress_runner.js:167415:23)\n    at Promise._settlePromiseFromHandler (http://localhost:32923/__cypress/runner/cypress_runner.js:165351:31)\n    at Promise._settlePromise (http://localhost:32923/__cypress/runner/cypress_runner.js:165408:18)\n    at Promise._settlePromise0 (http://localhost:32923/__cypress/runner/cypress_runner.js:165453:10)\n    at Promise._settlePromises (http://localhost:32923/__cypress/runner/cypress_runner.js:165528:18)\n    at Async../node_modules/bluebird/js/release/async.js.Async._drainQueue (http://localhost:32923/__cypress/runner/cypress_runner.js:162140:16)\n    at Async../node_modules/bluebird/js/release/async.js.Async._drainQueues (http://localhost:32923/__cypress/runner/cypress_runner.js:162150:10)\n    at Async.drainQueues (http://localhost:32923/__cypress/runner/cypress_runner.js:162024:14)",
                "diff": null
              },
              "uuid": "550c3846-5bdb-48d3-ba78-1e88ca5cf2de",
              "parentUUID": "f48a93ee-681f-41ab-96b3-39a2357ca833",
              "isHook": false,
              "skipped": false
            }
          ],
          "suites": [],
          "passes": [],
          "failures": [
            "5d80ad72-ba8b-4395-adf8-485953aedd38",
            "73fa9f9c-80b8-4ca3-a298-b3c01837957b",
            "f99378ce-c144-4488-8b08-d1074b543871",
            "550c3846-5bdb-48d3-ba78-1e88ca5cf2de"
          ],
          "pending": [],
          "skipped": [],
          "duration": 17824,
          "root": false,
          "rootEmpty": false,
          "_timeout": 2000
        },
        {
          "uuid": "2ac2d574-7e18-445a-a0ab-cb5bc59c3353",
          "title": "5 - Faça com que cada elemento do quadro de pixels possua 40 pixels de largura, 40 pixels de altura e seja delimitado por uma borda preta de 1 pixel.",
          "fullFile": "",
          "file": "",
          "beforeHooks": [],
          "afterHooks": [],
          "tests": [
            {
              "title": "Verifica se o quadro de pixels tem altura e comprimento de 5 elementos",
              "fullTitle": "5 - Faça com que cada elemento do quadro de pixels possua 40 pixels de largura, 40 pixels de altura e seja delimitado por uma borda preta de 1 pixel. Verifica se o quadro de pixels tem altura e comprimento de 5 elementos",
              "timedOut": null,
              "duration": 4610,
              "state": "failed",
              "speed": null,
              "pass": false,
              "fail": true,
              "pending": false,
              "context": null,
              "code": "cy.get('.pixel').should('have.length', 25).each(function (pixel) {\n  expect(pixel).to.have.css('background-color', WHITE);\n}).and(function (pixels) {\n  var rows = chunk(pixels, 5);\n  rows.forEach(function (row) {\n    for (var index = 1; index < row.length; index += 1) {\n      var current = pixels[index];\n      var previous = pixels[index - 1];\n      cy.wrap(current).should('be.onTheRightOf', previous).and('be.horizontallyAlignedWith', previous);\n    }\n  });\n  for (var index = 1; index < 5; index += 1) {\n    expect(pixels[index * 5]).to.be.belowOf(pixels[(index - 1) * 5]);\n  }\n});",
              "err": {
                "message": "CypressError: Timed out retrying: Expected to find element: '.pixel', but never found it.",
                "estack": "CypressError: Timed out retrying: Expected to find element: '.pixel', but never found it.\n    at cypressErr (http://localhost:32923/__cypress/runner/cypress_runner.js:149934:9)\n    at throwErr (http://localhost:32923/__cypress/runner/cypress_runner.js:149867:11)\n    at Object.throwErrByPath (http://localhost:32923/__cypress/runner/cypress_runner.js:149915:3)\n    at retry (http://localhost:32923/__cypress/runner/cypress_runner.js:144197:19)\n    at onFailFn (http://localhost:32923/__cypress/runner/cypress_runner.js:132448:16)\n    at tryCatcher (http://localhost:32923/__cypress/runner/cypress_runner.js:167415:23)\n    at Promise._settlePromiseFromHandler (http://localhost:32923/__cypress/runner/cypress_runner.js:165351:31)\n    at Promise._settlePromise (http://localhost:32923/__cypress/runner/cypress_runner.js:165408:18)\n    at Promise._settlePromise0 (http://localhost:32923/__cypress/runner/cypress_runner.js:165453:10)\n    at Promise._settlePromises (http://localhost:32923/__cypress/runner/cypress_runner.js:165528:18)\n    at Async../node_modules/bluebird/js/release/async.js.Async._drainQueue (http://localhost:32923/__cypress/runner/cypress_runner.js:162140:16)\n    at Async../node_modules/bluebird/js/release/async.js.Async._drainQueues (http://localhost:32923/__cypress/runner/cypress_runner.js:162150:10)\n    at Async.drainQueues (http://localhost:32923/__cypress/runner/cypress_runner.js:162024:14)",
                "diff": null
              },
              "uuid": "ecd34b94-a9ac-4412-ad8e-0e9b5a07df58",
              "parentUUID": "2ac2d574-7e18-445a-a0ab-cb5bc59c3353",
              "isHook": false,
              "skipped": false
            },
            {
              "title": "Verifica se 40 pixels é o tamanho total do elemento, incluindo seu conteúdo e excluindo a borda preta, que deve ser criada à parte.",
              "fullTitle": "5 - Faça com que cada elemento do quadro de pixels possua 40 pixels de largura, 40 pixels de altura e seja delimitado por uma borda preta de 1 pixel. Verifica se 40 pixels é o tamanho total do elemento, incluindo seu conteúdo e excluindo a borda preta, que deve ser criada à parte.",
              "timedOut": null,
              "duration": 4475,
              "state": "failed",
              "speed": null,
              "pass": false,
              "fail": true,
              "pending": false,
              "context": null,
              "code": "cy.get('.pixel').each(function (pixel) {\n  cy.wrap(pixel).should('have.css', 'height', '40px').and('have.css', 'width', '40px').and('have.css', 'border', \"1px solid \".concat(BLACK));\n});",
              "err": {
                "message": "CypressError: Timed out retrying: Expected to find element: '.pixel', but never found it.",
                "estack": "CypressError: Timed out retrying: Expected to find element: '.pixel', but never found it.\n    at cypressErr (http://localhost:32923/__cypress/runner/cypress_runner.js:149934:9)\n    at throwErr (http://localhost:32923/__cypress/runner/cypress_runner.js:149867:11)\n    at Object.throwErrByPath (http://localhost:32923/__cypress/runner/cypress_runner.js:149915:3)\n    at retry (http://localhost:32923/__cypress/runner/cypress_runner.js:144197:19)\n    at onFailFn (http://localhost:32923/__cypress/runner/cypress_runner.js:132448:16)\n    at tryCatcher (http://localhost:32923/__cypress/runner/cypress_runner.js:167415:23)\n    at Promise._settlePromiseFromHandler (http://localhost:32923/__cypress/runner/cypress_runner.js:165351:31)\n    at Promise._settlePromise (http://localhost:32923/__cypress/runner/cypress_runner.js:165408:18)\n    at Promise._settlePromise0 (http://localhost:32923/__cypress/runner/cypress_runner.js:165453:10)\n    at Promise._settlePromises (http://localhost:32923/__cypress/runner/cypress_runner.js:165528:18)\n    at Async../node_modules/bluebird/js/release/async.js.Async._drainQueue (http://localhost:32923/__cypress/runner/cypress_runner.js:162140:16)\n    at Async../node_modules/bluebird/js/release/async.js.Async._drainQueues (http://localhost:32923/__cypress/runner/cypress_runner.js:162150:10)\n    at Async.drainQueues (http://localhost:32923/__cypress/runner/cypress_runner.js:162024:14)",
                "diff": null
              },
              "uuid": "e682c208-26ea-4c1a-9048-8aaf58eecc82",
              "parentUUID": "2ac2d574-7e18-445a-a0ab-cb5bc59c3353",
              "isHook": false,
              "skipped": false
            }
          ],
          "suites": [],
          "passes": [],
          "failures": [
            "ecd34b94-a9ac-4412-ad8e-0e9b5a07df58",
            "e682c208-26ea-4c1a-9048-8aaf58eecc82"
          ],
          "pending": [],
          "skipped": [],
          "duration": 9085,
          "root": false,
          "rootEmpty": false,
          "_timeout": 2000
        },
        {
          "uuid": "b47b4823-5fdd-4410-8286-187e56867402",
          "title": "6 - Defina a cor preta como cor inicial. Ao carregar a página a cor preta já deve estar selecionada para pintar os pixels",
          "fullFile": "",
          "file": "",
          "beforeHooks": [],
          "afterHooks": [],
          "tests": [
            {
              "title": "Verifica se o elemento da cor preta possui, inicialmente, a `classe` `selected`",
              "fullTitle": "6 - Defina a cor preta como cor inicial. Ao carregar a página a cor preta já deve estar selecionada para pintar os pixels Verifica se o elemento da cor preta possui, inicialmente, a `classe` `selected`",
              "timedOut": null,
              "duration": 4493,
              "state": "failed",
              "speed": null,
              "pass": false,
              "fail": true,
              "pending": false,
              "context": null,
              "code": "cy.get('.selected').first().should('have.css', 'background-color', BLACK);",
              "err": {
                "message": "CypressError: Timed out retrying: Expected to find element: '.selected', but never found it.",
                "estack": "CypressError: Timed out retrying: Expected to find element: '.selected', but never found it.\n    at cypressErr (http://localhost:32923/__cypress/runner/cypress_runner.js:149934:9)\n    at throwErr (http://localhost:32923/__cypress/runner/cypress_runner.js:149867:11)\n    at Object.throwErrByPath (http://localhost:32923/__cypress/runner/cypress_runner.js:149915:3)\n    at retry (http://localhost:32923/__cypress/runner/cypress_runner.js:144197:19)\n    at onFailFn (http://localhost:32923/__cypress/runner/cypress_runner.js:132448:16)\n    at tryCatcher (http://localhost:32923/__cypress/runner/cypress_runner.js:167415:23)\n    at Promise._settlePromiseFromHandler (http://localhost:32923/__cypress/runner/cypress_runner.js:165351:31)\n    at Promise._settlePromise (http://localhost:32923/__cypress/runner/cypress_runner.js:165408:18)\n    at Promise._settlePromise0 (http://localhost:32923/__cypress/runner/cypress_runner.js:165453:10)\n    at Promise._settlePromises (http://localhost:32923/__cypress/runner/cypress_runner.js:165528:18)\n    at Async../node_modules/bluebird/js/release/async.js.Async._drainQueue (http://localhost:32923/__cypress/runner/cypress_runner.js:162140:16)\n    at Async../node_modules/bluebird/js/release/async.js.Async._drainQueues (http://localhost:32923/__cypress/runner/cypress_runner.js:162150:10)\n    at Async.drainQueues (http://localhost:32923/__cypress/runner/cypress_runner.js:162024:14)",
                "diff": null
              },
              "uuid": "10ef148b-58f6-469f-996a-a50181063aba",
              "parentUUID": "b47b4823-5fdd-4410-8286-187e56867402",
              "isHook": false,
              "skipped": false
            },
            {
              "title": "Verifica se nenhuma outra cor da paleta tem a `classe` `selected`",
              "fullTitle": "6 - Defina a cor preta como cor inicial. Ao carregar a página a cor preta já deve estar selecionada para pintar os pixels Verifica se nenhuma outra cor da paleta tem a `classe` `selected`",
              "timedOut": null,
              "duration": 248,
              "state": "passed",
              "speed": "slow",
              "pass": true,
              "fail": false,
              "pending": false,
              "context": null,
              "code": "cy.get('.color:not(:first-child)').each(function (color) {\n  cy.wrap(color).should('not.have.class', 'selected');\n});",
              "err": {},
              "uuid": "c88951cd-bd18-4c38-b169-58456bd59ccc",
              "parentUUID": "b47b4823-5fdd-4410-8286-187e56867402",
              "isHook": false,
              "skipped": false
            }
          ],
          "suites": [],
          "passes": [
            "c88951cd-bd18-4c38-b169-58456bd59ccc"
          ],
          "failures": [
            "10ef148b-58f6-469f-996a-a50181063aba"
          ],
          "pending": [],
          "skipped": [],
          "duration": 4741,
          "root": false,
          "rootEmpty": false,
          "_timeout": 2000
        },
        {
          "uuid": "ce623a66-d53a-4abc-b1cb-979228b726be",
          "title": "7 - Clicar em uma das cores da paleta, faz com que ela seja selecionada e utilizada para preencher os pixels no quadro.",
          "fullFile": "",
          "file": "",
          "beforeHooks": [],
          "afterHooks": [],
          "tests": [
            {
              "title": "Verifica se somente uma cor da paleta de cores tem a classe `selected` de cada vez",
              "fullTitle": "7 - Clicar em uma das cores da paleta, faz com que ela seja selecionada e utilizada para preencher os pixels no quadro. Verifica se somente uma cor da paleta de cores tem a classe `selected` de cada vez",
              "timedOut": null,
              "duration": 4499,
              "state": "failed",
              "speed": null,
              "pass": false,
              "fail": true,
              "pending": false,
              "context": null,
              "code": "cy.get('.color').each(function (selectedColor, selectedColorIndex) {\n  cy.wrap(selectedColor).click();\n  cy.get('.color').each(function (color, colorIndex) {\n    if (colorIndex === selectedColorIndex) {\n      expect(color).to.have[\"class\"]('selected');\n    } else {\n      expect(color).not.to.have[\"class\"]('selected');\n    }\n  });\n});",
              "err": {
                "message": "CypressError: Timed out retrying: cy.click() failed because this element is not visible:\n\n<span class=\"color\"></span>\n\nThis element '<span.color>' is not visible because it has an effective width and height of: '0 x 0' pixels.\n\nFix this problem, or use {force: true} to disable error checking.\n\nhttps://on.cypress.io/element-cannot-be-interacted-with",
                "estack": "CypressError: Timed out retrying: cy.click() failed because this element is not visible:\n\n<span class=\"color\"></span>\n\nThis element '<span.color>' is not visible because it has an effective width and height of: '0 x 0' pixels.\n\nFix this problem, or use {force: true} to disable error checking.\n\nhttps://on.cypress.io/element-cannot-be-interacted-with\n    at cypressErr (http://localhost:32923/__cypress/runner/cypress_runner.js:149934:9)\n    at throwErr (http://localhost:32923/__cypress/runner/cypress_runner.js:149867:11)\n    at Object.throwErrByPath (http://localhost:32923/__cypress/runner/cypress_runner.js:149915:3)\n    at Object.retry (http://localhost:32923/__cypress/runner/cypress_runner.js:144197:19)\n    at retryActionability (http://localhost:32923/__cypress/runner/cypress_runner.js:132052:19)\n    at tryCatcher (http://localhost:32923/__cypress/runner/cypress_runner.js:167415:23)\n    at Function.Promise.attempt.Promise.try (http://localhost:32923/__cypress/runner/cypress_runner.js:164690:29)\n    at tryFn (http://localhost:32923/__cypress/runner/cypress_runner.js:144661:21)\n    at whenStable (http://localhost:32923/__cypress/runner/cypress_runner.js:144696:12)\n    at http://localhost:32923/__cypress/runner/cypress_runner.js:144240:16\n    at tryCatcher (http://localhost:32923/__cypress/runner/cypress_runner.js:167415:23)\n    at Promise._settlePromiseFromHandler (http://localhost:32923/__cypress/runner/cypress_runner.js:165351:31)\n    at Promise._settlePromise (http://localhost:32923/__cypress/runner/cypress_runner.js:165408:18)\n    at Promise._settlePromise0 (http://localhost:32923/__cypress/runner/cypress_runner.js:165453:10)\n    at Promise._settlePromises (http://localhost:32923/__cypress/runner/cypress_runner.js:165532:18)\n    at Promise._fulfill (http://localhost:32923/__cypress/runner/cypress_runner.js:165477:18)",
                "diff": null
              },
              "uuid": "4a980ea6-f23c-4fca-a7a1-c9c991f0088e",
              "parentUUID": "ce623a66-d53a-4abc-b1cb-979228b726be",
              "isHook": false,
              "skipped": false
            },
            {
              "title": "Verifica se os pixels dentro do quadro não têm a classe `selected` quando são clicados",
              "fullTitle": "7 - Clicar em uma das cores da paleta, faz com que ela seja selecionada e utilizada para preencher os pixels no quadro. Verifica se os pixels dentro do quadro não têm a classe `selected` quando são clicados",
              "timedOut": null,
              "duration": 4619,
              "state": "failed",
              "speed": null,
              "pass": false,
              "fail": true,
              "pending": false,
              "context": null,
              "code": "cy.get('.color').each(function (color) {\n  var backgroundColor = color.css('background-color');\n  cy.wrap(color).click();\n  cy.get('.pixel').each(function (pixel) {\n    cy.wrap(pixel).click().should('not.have.class', 'selected');\n  });\n});",
              "err": {
                "message": "CypressError: Timed out retrying: cy.click() failed because this element is not visible:\n\n<span class=\"color\"></span>\n\nThis element '<span.color>' is not visible because it has an effective width and height of: '0 x 0' pixels.\n\nFix this problem, or use {force: true} to disable error checking.\n\nhttps://on.cypress.io/element-cannot-be-interacted-with",
                "estack": "CypressError: Timed out retrying: cy.click() failed because this element is not visible:\n\n<span class=\"color\"></span>\n\nThis element '<span.color>' is not visible because it has an effective width and height of: '0 x 0' pixels.\n\nFix this problem, or use {force: true} to disable error checking.\n\nhttps://on.cypress.io/element-cannot-be-interacted-with\n    at cypressErr (http://localhost:32923/__cypress/runner/cypress_runner.js:149934:9)\n    at throwErr (http://localhost:32923/__cypress/runner/cypress_runner.js:149867:11)\n    at Object.throwErrByPath (http://localhost:32923/__cypress/runner/cypress_runner.js:149915:3)\n    at Object.retry (http://localhost:32923/__cypress/runner/cypress_runner.js:144197:19)\n    at retryActionability (http://localhost:32923/__cypress/runner/cypress_runner.js:132052:19)\n    at tryCatcher (http://localhost:32923/__cypress/runner/cypress_runner.js:167415:23)\n    at Function.Promise.attempt.Promise.try (http://localhost:32923/__cypress/runner/cypress_runner.js:164690:29)\n    at tryFn (http://localhost:32923/__cypress/runner/cypress_runner.js:144661:21)\n    at whenStable (http://localhost:32923/__cypress/runner/cypress_runner.js:144696:12)\n    at http://localhost:32923/__cypress/runner/cypress_runner.js:144240:16\n    at tryCatcher (http://localhost:32923/__cypress/runner/cypress_runner.js:167415:23)\n    at Promise._settlePromiseFromHandler (http://localhost:32923/__cypress/runner/cypress_runner.js:165351:31)\n    at Promise._settlePromise (http://localhost:32923/__cypress/runner/cypress_runner.js:165408:18)\n    at Promise._settlePromise0 (http://localhost:32923/__cypress/runner/cypress_runner.js:165453:10)\n    at Promise._settlePromises (http://localhost:32923/__cypress/runner/cypress_runner.js:165532:18)\n    at Promise._fulfill (http://localhost:32923/__cypress/runner/cypress_runner.js:165477:18)",
                "diff": null
              },
              "uuid": "cee8e8c2-7e43-4856-b417-904a5c88ca1a",
              "parentUUID": "ce623a66-d53a-4abc-b1cb-979228b726be",
              "isHook": false,
              "skipped": false
            }
          ],
          "suites": [],
          "passes": [],
          "failures": [
            "4a980ea6-f23c-4fca-a7a1-c9c991f0088e",
            "cee8e8c2-7e43-4856-b417-904a5c88ca1a"
          ],
          "pending": [],
          "skipped": [],
          "duration": 9118,
          "root": false,
          "rootEmpty": false,
          "_timeout": 2000
        },
        {
          "uuid": "5b66735b-d3aa-4c78-b4aa-07ab9ff230a8",
          "title": "8 - Clicar em um pixel dentro do quadro após selecionar uma cor na paleta, faz com que o pixel seja preenchido com a cor selecionada.",
          "fullFile": "",
          "file": "",
          "beforeHooks": [],
          "afterHooks": [],
          "tests": [
            {
              "title": "Verifica se ao carregar a página deve ser possível pintar os pixels de preto",
              "fullTitle": "8 - Clicar em um pixel dentro do quadro após selecionar uma cor na paleta, faz com que o pixel seja preenchido com a cor selecionada. Verifica se ao carregar a página deve ser possível pintar os pixels de preto",
              "timedOut": null,
              "duration": 4646,
              "state": "failed",
              "speed": null,
              "pass": false,
              "fail": true,
              "pending": false,
              "context": null,
              "code": "cy.get('.pixel').each(function (pixel) {\n  cy.wrap(pixel).click().should('have.css', 'background-color', BLACK);\n});",
              "err": {
                "message": "CypressError: Timed out retrying: Expected to find element: '.pixel', but never found it.",
                "estack": "CypressError: Timed out retrying: Expected to find element: '.pixel', but never found it.\n    at cypressErr (http://localhost:32923/__cypress/runner/cypress_runner.js:149934:9)\n    at throwErr (http://localhost:32923/__cypress/runner/cypress_runner.js:149867:11)\n    at Object.throwErrByPath (http://localhost:32923/__cypress/runner/cypress_runner.js:149915:3)\n    at retry (http://localhost:32923/__cypress/runner/cypress_runner.js:144197:19)\n    at onFailFn (http://localhost:32923/__cypress/runner/cypress_runner.js:132448:16)\n    at tryCatcher (http://localhost:32923/__cypress/runner/cypress_runner.js:167415:23)\n    at Promise._settlePromiseFromHandler (http://localhost:32923/__cypress/runner/cypress_runner.js:165351:31)\n    at Promise._settlePromise (http://localhost:32923/__cypress/runner/cypress_runner.js:165408:18)\n    at Promise._settlePromise0 (http://localhost:32923/__cypress/runner/cypress_runner.js:165453:10)\n    at Promise._settlePromises (http://localhost:32923/__cypress/runner/cypress_runner.js:165528:18)\n    at Async../node_modules/bluebird/js/release/async.js.Async._drainQueue (http://localhost:32923/__cypress/runner/cypress_runner.js:162140:16)\n    at Async../node_modules/bluebird/js/release/async.js.Async._drainQueues (http://localhost:32923/__cypress/runner/cypress_runner.js:162150:10)\n    at Async.drainQueues (http://localhost:32923/__cypress/runner/cypress_runner.js:162024:14)",
                "diff": null
              },
              "uuid": "768358d5-c2d0-472d-96f7-d110f17e0791",
              "parentUUID": "5b66735b-d3aa-4c78-b4aa-07ab9ff230a8",
              "isHook": false,
              "skipped": false
            },
            {
              "title": "Verifica se após selecionar uma outra cor na paleta, é possível pintar os pixels com essa cor",
              "fullTitle": "8 - Clicar em um pixel dentro do quadro após selecionar uma cor na paleta, faz com que o pixel seja preenchido com a cor selecionada. Verifica se após selecionar uma outra cor na paleta, é possível pintar os pixels com essa cor",
              "timedOut": null,
              "duration": 4639,
              "state": "failed",
              "speed": null,
              "pass": false,
              "fail": true,
              "pending": false,
              "context": null,
              "code": "cy.get('.color').each(function (color) {\n  var backgroundColor = color.css('background-color');\n  cy.wrap(color).click();\n  cy.get('.pixel').each(function (pixel) {\n    cy.wrap(pixel).click().should('have.css', 'background-color', backgroundColor);\n  });\n});",
              "err": {
                "message": "CypressError: Timed out retrying: cy.click() failed because this element is not visible:\n\n<span class=\"color\"></span>\n\nThis element '<span.color>' is not visible because it has an effective width and height of: '0 x 0' pixels.\n\nFix this problem, or use {force: true} to disable error checking.\n\nhttps://on.cypress.io/element-cannot-be-interacted-with",
                "estack": "CypressError: Timed out retrying: cy.click() failed because this element is not visible:\n\n<span class=\"color\"></span>\n\nThis element '<span.color>' is not visible because it has an effective width and height of: '0 x 0' pixels.\n\nFix this problem, or use {force: true} to disable error checking.\n\nhttps://on.cypress.io/element-cannot-be-interacted-with\n    at cypressErr (http://localhost:32923/__cypress/runner/cypress_runner.js:149934:9)\n    at throwErr (http://localhost:32923/__cypress/runner/cypress_runner.js:149867:11)\n    at Object.throwErrByPath (http://localhost:32923/__cypress/runner/cypress_runner.js:149915:3)\n    at Object.retry (http://localhost:32923/__cypress/runner/cypress_runner.js:144197:19)\n    at retryActionability (http://localhost:32923/__cypress/runner/cypress_runner.js:132052:19)\n    at tryCatcher (http://localhost:32923/__cypress/runner/cypress_runner.js:167415:23)\n    at Function.Promise.attempt.Promise.try (http://localhost:32923/__cypress/runner/cypress_runner.js:164690:29)\n    at tryFn (http://localhost:32923/__cypress/runner/cypress_runner.js:144661:21)\n    at whenStable (http://localhost:32923/__cypress/runner/cypress_runner.js:144696:12)\n    at http://localhost:32923/__cypress/runner/cypress_runner.js:144240:16\n    at tryCatcher (http://localhost:32923/__cypress/runner/cypress_runner.js:167415:23)\n    at Promise._settlePromiseFromHandler (http://localhost:32923/__cypress/runner/cypress_runner.js:165351:31)\n    at Promise._settlePromise (http://localhost:32923/__cypress/runner/cypress_runner.js:165408:18)\n    at Promise._settlePromise0 (http://localhost:32923/__cypress/runner/cypress_runner.js:165453:10)\n    at Promise._settlePromises (http://localhost:32923/__cypress/runner/cypress_runner.js:165532:18)\n    at Promise._fulfill (http://localhost:32923/__cypress/runner/cypress_runner.js:165477:18)",
                "diff": null
              },
              "uuid": "85b277ec-a20d-4f6c-8e22-33e77beb645b",
              "parentUUID": "5b66735b-d3aa-4c78-b4aa-07ab9ff230a8",
              "isHook": false,
              "skipped": false
            },
            {
              "title": "Verifica se somente o pixel que foi clicado foi preenchido com a cor selecionada, sem influenciar na cor dos demais pixels.",
              "fullTitle": "8 - Clicar em um pixel dentro do quadro após selecionar uma cor na paleta, faz com que o pixel seja preenchido com a cor selecionada. Verifica se somente o pixel que foi clicado foi preenchido com a cor selecionada, sem influenciar na cor dos demais pixels.",
              "timedOut": null,
              "duration": 4566,
              "state": "failed",
              "speed": null,
              "pass": false,
              "fail": true,
              "pending": false,
              "context": null,
              "code": "var colorToPixelIndexMap = {\n  0: 6,\n  1: 8,\n  2: 16,\n  3: 18\n};\ncy.get('.color').each(function (color, index) {\n  cy.wrap(color).click();\n  var backgroundColor = color.css('background-color');\n  var clickedPixelIndex = colorToPixelIndexMap[index];\n  cy.get('.pixel').eq(clickedPixelIndex).click();\n  cy.get('.pixel').eq(clickedPixelIndex - 1).should('not.have.css', 'background-color', backgroundColor);\n  cy.get('.pixel').eq(clickedPixelIndex + 1).should('not.have.css', 'background-color', backgroundColor);\n  cy.get('.pixel').eq(clickedPixelIndex - 5).should('not.have.css', 'background-color', backgroundColor);\n  cy.get('.pixel').eq(clickedPixelIndex + 5).should('not.have.css', 'background-color', backgroundColor);\n  cy.get('.pixel').eq(clickedPixelIndex - 6).should('not.have.css', 'background-color', backgroundColor);\n  cy.get('.pixel').eq(clickedPixelIndex - 4).should('not.have.css', 'background-color', backgroundColor);\n  cy.get('.pixel').eq(clickedPixelIndex + 4).should('not.have.css', 'background-color', backgroundColor);\n  cy.get('.pixel').eq(clickedPixelIndex + 6).should('not.have.css', 'background-color', backgroundColor);\n});",
              "err": {
                "message": "CypressError: Timed out retrying: cy.click() failed because this element is not visible:\n\n<span class=\"color\"></span>\n\nThis element '<span.color>' is not visible because it has an effective width and height of: '0 x 0' pixels.\n\nFix this problem, or use {force: true} to disable error checking.\n\nhttps://on.cypress.io/element-cannot-be-interacted-with",
                "estack": "CypressError: Timed out retrying: cy.click() failed because this element is not visible:\n\n<span class=\"color\"></span>\n\nThis element '<span.color>' is not visible because it has an effective width and height of: '0 x 0' pixels.\n\nFix this problem, or use {force: true} to disable error checking.\n\nhttps://on.cypress.io/element-cannot-be-interacted-with\n    at cypressErr (http://localhost:32923/__cypress/runner/cypress_runner.js:149934:9)\n    at throwErr (http://localhost:32923/__cypress/runner/cypress_runner.js:149867:11)\n    at Object.throwErrByPath (http://localhost:32923/__cypress/runner/cypress_runner.js:149915:3)\n    at Object.retry (http://localhost:32923/__cypress/runner/cypress_runner.js:144197:19)\n    at retryActionability (http://localhost:32923/__cypress/runner/cypress_runner.js:132052:19)\n    at tryCatcher (http://localhost:32923/__cypress/runner/cypress_runner.js:167415:23)\n    at Function.Promise.attempt.Promise.try (http://localhost:32923/__cypress/runner/cypress_runner.js:164690:29)\n    at tryFn (http://localhost:32923/__cypress/runner/cypress_runner.js:144661:21)\n    at whenStable (http://localhost:32923/__cypress/runner/cypress_runner.js:144696:12)\n    at http://localhost:32923/__cypress/runner/cypress_runner.js:144240:16\n    at tryCatcher (http://localhost:32923/__cypress/runner/cypress_runner.js:167415:23)\n    at Promise._settlePromiseFromHandler (http://localhost:32923/__cypress/runner/cypress_runner.js:165351:31)\n    at Promise._settlePromise (http://localhost:32923/__cypress/runner/cypress_runner.js:165408:18)\n    at Promise._settlePromise0 (http://localhost:32923/__cypress/runner/cypress_runner.js:165453:10)\n    at Promise._settlePromises (http://localhost:32923/__cypress/runner/cypress_runner.js:165532:18)\n    at Promise._fulfill (http://localhost:32923/__cypress/runner/cypress_runner.js:165477:18)",
                "diff": null
              },
              "uuid": "57ad0796-9684-4c20-be50-f534b779c814",
              "parentUUID": "5b66735b-d3aa-4c78-b4aa-07ab9ff230a8",
              "isHook": false,
              "skipped": false
            }
          ],
          "suites": [],
          "passes": [],
          "failures": [
            "768358d5-c2d0-472d-96f7-d110f17e0791",
            "85b277ec-a20d-4f6c-8e22-33e77beb645b",
            "57ad0796-9684-4c20-be50-f534b779c814"
          ],
          "pending": [],
          "skipped": [],
          "duration": 13851,
          "root": false,
          "rootEmpty": false,
          "_timeout": 2000
        },
        {
          "uuid": "97b45def-37a3-4cbb-bb4b-6bc8fbecdf63",
          "title": "9 - Crie um botão que, ao ser clicado, limpa o quadro preenchendo a cor de todos seus pixels com branco.",
          "fullFile": "",
          "file": "",
          "beforeHooks": [],
          "afterHooks": [],
          "tests": [
            {
              "title": "Verifica se o botão tem o `id` denominado `clear-board`",
              "fullTitle": "9 - Crie um botão que, ao ser clicado, limpa o quadro preenchendo a cor de todos seus pixels com branco. Verifica se o botão tem o `id` denominado `clear-board`",
              "timedOut": null,
              "duration": 4619,
              "state": "failed",
              "speed": null,
              "pass": false,
              "fail": true,
              "pending": false,
              "context": null,
              "code": "cy.get('#clear-board').should('be.visible');",
              "err": {
                "message": "CypressError: Timed out retrying: Expected to find element: '#clear-board', but never found it.",
                "estack": "CypressError: Timed out retrying: Expected to find element: '#clear-board', but never found it.\n    at cypressErr (http://localhost:32923/__cypress/runner/cypress_runner.js:149934:9)\n    at throwErr (http://localhost:32923/__cypress/runner/cypress_runner.js:149867:11)\n    at Object.throwErrByPath (http://localhost:32923/__cypress/runner/cypress_runner.js:149915:3)\n    at retry (http://localhost:32923/__cypress/runner/cypress_runner.js:144197:19)\n    at onFailFn (http://localhost:32923/__cypress/runner/cypress_runner.js:132448:16)\n    at tryCatcher (http://localhost:32923/__cypress/runner/cypress_runner.js:167415:23)\n    at Promise._settlePromiseFromHandler (http://localhost:32923/__cypress/runner/cypress_runner.js:165351:31)\n    at Promise._settlePromise (http://localhost:32923/__cypress/runner/cypress_runner.js:165408:18)\n    at Promise._settlePromise0 (http://localhost:32923/__cypress/runner/cypress_runner.js:165453:10)\n    at Promise._settlePromises (http://localhost:32923/__cypress/runner/cypress_runner.js:165528:18)\n    at Async../node_modules/bluebird/js/release/async.js.Async._drainQueue (http://localhost:32923/__cypress/runner/cypress_runner.js:162140:16)\n    at Async../node_modules/bluebird/js/release/async.js.Async._drainQueues (http://localhost:32923/__cypress/runner/cypress_runner.js:162150:10)\n    at Async.drainQueues (http://localhost:32923/__cypress/runner/cypress_runner.js:162024:14)",
                "diff": null
              },
              "uuid": "6ec519be-0078-4cc8-9fbb-d863b56fe8f8",
              "parentUUID": "97b45def-37a3-4cbb-bb4b-6bc8fbecdf63",
              "isHook": false,
              "skipped": false
            },
            {
              "title": "Verifica se o botão está posicionado entre a paleta de cores e o quadro de pixels",
              "fullTitle": "9 - Crie um botão que, ao ser clicado, limpa o quadro preenchendo a cor de todos seus pixels com branco. Verifica se o botão está posicionado entre a paleta de cores e o quadro de pixels",
              "timedOut": null,
              "duration": 4517,
              "state": "failed",
              "speed": null,
              "pass": false,
              "fail": true,
              "pending": false,
              "context": null,
              "code": "cy.get('#color-palette').then(function (palette) {\n  cy.get('#clear-board').should('be.belowOf', palette);\n});\ncy.get('#clear-board').then(function (clearBtn) {\n  cy.get('#pixel-board').should('be.belowOf', clearBtn);\n});",
              "err": {
                "message": "CypressError: Timed out retrying: Expected to find element: '#clear-board', but never found it.",
                "estack": "CypressError: Timed out retrying: Expected to find element: '#clear-board', but never found it.\n    at cypressErr (http://localhost:32923/__cypress/runner/cypress_runner.js:149934:9)\n    at throwErr (http://localhost:32923/__cypress/runner/cypress_runner.js:149867:11)\n    at Object.throwErrByPath (http://localhost:32923/__cypress/runner/cypress_runner.js:149915:3)\n    at retry (http://localhost:32923/__cypress/runner/cypress_runner.js:144197:19)\n    at onFailFn (http://localhost:32923/__cypress/runner/cypress_runner.js:132448:16)\n    at tryCatcher (http://localhost:32923/__cypress/runner/cypress_runner.js:167415:23)\n    at Promise._settlePromiseFromHandler (http://localhost:32923/__cypress/runner/cypress_runner.js:165351:31)\n    at Promise._settlePromise (http://localhost:32923/__cypress/runner/cypress_runner.js:165408:18)\n    at Promise._settlePromise0 (http://localhost:32923/__cypress/runner/cypress_runner.js:165453:10)\n    at Promise._settlePromises (http://localhost:32923/__cypress/runner/cypress_runner.js:165528:18)\n    at Async../node_modules/bluebird/js/release/async.js.Async._drainQueue (http://localhost:32923/__cypress/runner/cypress_runner.js:162140:16)\n    at Async../node_modules/bluebird/js/release/async.js.Async._drainQueues (http://localhost:32923/__cypress/runner/cypress_runner.js:162150:10)\n    at Async.drainQueues (http://localhost:32923/__cypress/runner/cypress_runner.js:162024:14)",
                "diff": null
              },
              "uuid": "ce74f537-2b67-4ece-a86e-12222d999346",
              "parentUUID": "97b45def-37a3-4cbb-bb4b-6bc8fbecdf63",
              "isHook": false,
              "skipped": false
            },
            {
              "title": "Verifica se o texto do botão é 'Limpar'",
              "fullTitle": "9 - Crie um botão que, ao ser clicado, limpa o quadro preenchendo a cor de todos seus pixels com branco. Verifica se o texto do botão é 'Limpar'",
              "timedOut": null,
              "duration": 4491,
              "state": "failed",
              "speed": null,
              "pass": false,
              "fail": true,
              "pending": false,
              "context": null,
              "code": "cy.get('#clear-board').should('contain.text', 'Limpar');",
              "err": {
                "message": "CypressError: Timed out retrying: Expected to find element: '#clear-board', but never found it.",
                "estack": "CypressError: Timed out retrying: Expected to find element: '#clear-board', but never found it.\n    at cypressErr (http://localhost:32923/__cypress/runner/cypress_runner.js:149934:9)\n    at throwErr (http://localhost:32923/__cypress/runner/cypress_runner.js:149867:11)\n    at Object.throwErrByPath (http://localhost:32923/__cypress/runner/cypress_runner.js:149915:3)\n    at retry (http://localhost:32923/__cypress/runner/cypress_runner.js:144197:19)\n    at onFailFn (http://localhost:32923/__cypress/runner/cypress_runner.js:132448:16)\n    at tryCatcher (http://localhost:32923/__cypress/runner/cypress_runner.js:167415:23)\n    at Promise._settlePromiseFromHandler (http://localhost:32923/__cypress/runner/cypress_runner.js:165351:31)\n    at Promise._settlePromise (http://localhost:32923/__cypress/runner/cypress_runner.js:165408:18)\n    at Promise._settlePromise0 (http://localhost:32923/__cypress/runner/cypress_runner.js:165453:10)\n    at Promise._settlePromises (http://localhost:32923/__cypress/runner/cypress_runner.js:165528:18)\n    at Async../node_modules/bluebird/js/release/async.js.Async._drainQueue (http://localhost:32923/__cypress/runner/cypress_runner.js:162140:16)\n    at Async../node_modules/bluebird/js/release/async.js.Async._drainQueues (http://localhost:32923/__cypress/runner/cypress_runner.js:162150:10)\n    at Async.drainQueues (http://localhost:32923/__cypress/runner/cypress_runner.js:162024:14)",
                "diff": null
              },
              "uuid": "646ac96c-8181-45ae-80c9-698406601192",
              "parentUUID": "97b45def-37a3-4cbb-bb4b-6bc8fbecdf63",
              "isHook": false,
              "skipped": false
            },
            {
              "title": "Verifica se ao clicar no botão, o quadro de pixels é totalmente preenchido de branco",
              "fullTitle": "9 - Crie um botão que, ao ser clicado, limpa o quadro preenchendo a cor de todos seus pixels com branco. Verifica se ao clicar no botão, o quadro de pixels é totalmente preenchido de branco",
              "timedOut": null,
              "duration": 4632,
              "state": "failed",
              "speed": null,
              "pass": false,
              "fail": true,
              "pending": false,
              "context": null,
              "code": "cy.get('.color').eq(1).then(function (color) {\n  var backgroundColor = color.css('background-color');\n  cy.wrap(color).click();\n  cy.get('.pixel').each(function (pixel) {\n    cy.wrap(pixel).click().should('have.css', 'background-color', backgroundColor);\n  });\n});\ncy.get('#clear-board').click();\ncy.get('.pixel').each(function (pixel) {\n  cy.wrap(pixel).should('have.css', 'background-color', WHITE);\n});",
              "err": {
                "message": "CypressError: Timed out retrying: cy.click() failed because this element is not visible:\n\n<span class=\"color\"></span>\n\nThis element '<span.color>' is not visible because it has an effective width and height of: '0 x 0' pixels.\n\nFix this problem, or use {force: true} to disable error checking.\n\nhttps://on.cypress.io/element-cannot-be-interacted-with",
                "estack": "CypressError: Timed out retrying: cy.click() failed because this element is not visible:\n\n<span class=\"color\"></span>\n\nThis element '<span.color>' is not visible because it has an effective width and height of: '0 x 0' pixels.\n\nFix this problem, or use {force: true} to disable error checking.\n\nhttps://on.cypress.io/element-cannot-be-interacted-with\n    at cypressErr (http://localhost:32923/__cypress/runner/cypress_runner.js:149934:9)\n    at throwErr (http://localhost:32923/__cypress/runner/cypress_runner.js:149867:11)\n    at Object.throwErrByPath (http://localhost:32923/__cypress/runner/cypress_runner.js:149915:3)\n    at Object.retry (http://localhost:32923/__cypress/runner/cypress_runner.js:144197:19)\n    at retryActionability (http://localhost:32923/__cypress/runner/cypress_runner.js:132052:19)\n    at tryCatcher (http://localhost:32923/__cypress/runner/cypress_runner.js:167415:23)\n    at Function.Promise.attempt.Promise.try (http://localhost:32923/__cypress/runner/cypress_runner.js:164690:29)\n    at tryFn (http://localhost:32923/__cypress/runner/cypress_runner.js:144661:21)\n    at whenStable (http://localhost:32923/__cypress/runner/cypress_runner.js:144696:12)\n    at http://localhost:32923/__cypress/runner/cypress_runner.js:144240:16\n    at tryCatcher (http://localhost:32923/__cypress/runner/cypress_runner.js:167415:23)\n    at Promise._settlePromiseFromHandler (http://localhost:32923/__cypress/runner/cypress_runner.js:165351:31)\n    at Promise._settlePromise (http://localhost:32923/__cypress/runner/cypress_runner.js:165408:18)\n    at Promise._settlePromise0 (http://localhost:32923/__cypress/runner/cypress_runner.js:165453:10)\n    at Promise._settlePromises (http://localhost:32923/__cypress/runner/cypress_runner.js:165532:18)\n    at Promise._fulfill (http://localhost:32923/__cypress/runner/cypress_runner.js:165477:18)",
                "diff": null
              },
              "uuid": "ee24901e-e71e-474d-826e-d8df3fd8e5f4",
              "parentUUID": "97b45def-37a3-4cbb-bb4b-6bc8fbecdf63",
              "isHook": false,
              "skipped": false
            }
          ],
          "suites": [],
          "passes": [],
          "failures": [
            "6ec519be-0078-4cc8-9fbb-d863b56fe8f8",
            "ce74f537-2b67-4ece-a86e-12222d999346",
            "646ac96c-8181-45ae-80c9-698406601192",
            "ee24901e-e71e-474d-826e-d8df3fd8e5f4"
          ],
          "pending": [],
          "skipped": [],
          "duration": 18259,
          "root": false,
          "rootEmpty": false,
          "_timeout": 2000
        },
        {
          "uuid": "fe2c9a98-30af-423f-9a25-f1111737e57d",
          "title": "10 - Faça o quadro de pixels ter seu tamanho definido pelo usuário.",
          "fullFile": "",
          "file": "",
          "beforeHooks": [],
          "afterHooks": [],
          "tests": [
            {
              "title": "Verifica se existe um input com o id `board-size`",
              "fullTitle": "10 - Faça o quadro de pixels ter seu tamanho definido pelo usuário. Verifica se existe um input com o id `board-size`",
              "timedOut": null,
              "duration": 4584,
              "state": "failed",
              "speed": null,
              "pass": false,
              "fail": true,
              "pending": false,
              "context": null,
              "code": "cy.get('#board-size').should('be.visible');",
              "err": {
                "message": "CypressError: Timed out retrying: Expected to find element: '#board-size', but never found it.",
                "estack": "CypressError: Timed out retrying: Expected to find element: '#board-size', but never found it.\n    at cypressErr (http://localhost:32923/__cypress/runner/cypress_runner.js:149934:9)\n    at throwErr (http://localhost:32923/__cypress/runner/cypress_runner.js:149867:11)\n    at Object.throwErrByPath (http://localhost:32923/__cypress/runner/cypress_runner.js:149915:3)\n    at retry (http://localhost:32923/__cypress/runner/cypress_runner.js:144197:19)\n    at onFailFn (http://localhost:32923/__cypress/runner/cypress_runner.js:132448:16)\n    at tryCatcher (http://localhost:32923/__cypress/runner/cypress_runner.js:167415:23)\n    at Promise._settlePromiseFromHandler (http://localhost:32923/__cypress/runner/cypress_runner.js:165351:31)\n    at Promise._settlePromise (http://localhost:32923/__cypress/runner/cypress_runner.js:165408:18)\n    at Promise._settlePromise0 (http://localhost:32923/__cypress/runner/cypress_runner.js:165453:10)\n    at Promise._settlePromises (http://localhost:32923/__cypress/runner/cypress_runner.js:165528:18)\n    at Async../node_modules/bluebird/js/release/async.js.Async._drainQueue (http://localhost:32923/__cypress/runner/cypress_runner.js:162140:16)\n    at Async../node_modules/bluebird/js/release/async.js.Async._drainQueues (http://localhost:32923/__cypress/runner/cypress_runner.js:162150:10)\n    at Async.drainQueues (http://localhost:32923/__cypress/runner/cypress_runner.js:162024:14)",
                "diff": null
              },
              "uuid": "156cab2a-cdef-4e77-aaae-947abce7895c",
              "parentUUID": "fe2c9a98-30af-423f-9a25-f1111737e57d",
              "isHook": false,
              "skipped": false
            },
            {
              "title": "Verifica se existe um botão com o id `generate-board`",
              "fullTitle": "10 - Faça o quadro de pixels ter seu tamanho definido pelo usuário. Verifica se existe um botão com o id `generate-board`",
              "timedOut": null,
              "duration": 4533,
              "state": "failed",
              "speed": null,
              "pass": false,
              "fail": true,
              "pending": false,
              "context": null,
              "code": "cy.get('#generate-board').should('be.visible');",
              "err": {
                "message": "CypressError: Timed out retrying: Expected to find element: '#generate-board', but never found it.",
[...]
                "diff": null
              },
              "uuid": "7044de7a-9990-4862-b6b4-6262be8e0f44",
              "parentUUID": "fe2c9a98-30af-423f-9a25-f1111737e57d",
              "isHook": false,
              "skipped": false
            },
            {
              "title": "Verifica se o novo quadro tem todos os pixels preenchidos com a cor branca",
              "fullTitle": "10 - Faça o quadro de pixels ter seu tamanho definido pelo usuário. Verifica se o novo quadro tem todos os pixels preenchidos com a cor branca",
              "timedOut": null,
              "duration": 4520,
              "state": "failed",
              "speed": null,
              "pass": false,
              "fail": true,
              "pending": false,
              "context": null,
              "code": "cy.get('#board-size').clear().type(6);\ncy.get('#generate-board').click();\ncy.get('.pixel').should('have.length', 36).each(function (pixel) {\n  expect(pixel).to.have.css('background-color', WHITE);\n});",
              "err": {
                "message": "CypressError: Timed out retrying: Expected to find element: '#board-size', but never found it.",
                "estack": "CypressError: Timed out retrying: Expected to find element: '#board-size', but never found it.\n    at cypressErr (http://localhost:32923/__cypress/runner/cypress_runner.js:149934:9)\n    at throwErr (http://localhost:32923/__cypress/runner/cypress_runner.js:149867:11)\n    at Object.throwErrByPath (http://localhost:32923/__cypress/runner/cypress_runner.js:149915:3)\n    at retry (http://localhost:32923/__cypress/runner/cypress_runner.js:144197:19)\n    at onFailFn (http://localhost:32923/__cypress/runner/cypress_runner.js:132448:16)\n    at tryCatcher (http://localhost:32923/__cypress/runner/cypress_runner.js:167415:23)\n    at Promise._settlePromiseFromHandler (http://localhost:32923/__cypress/runner/cypress_runner.js:165351:31)\n    at Promise._settlePromise (http://localhost:32923/__cypress/runner/cypress_runner.js:165408:18)\n    at Promise._settlePromise0 (http://localhost:32923/__cypress/runner/cypress_runner.js:165453:10)\n    at Promise._settlePromises (http://localhost:32923/__cypress/runner/cypress_runner.js:165528:18)\n    at Async../node_modules/bluebird/js/release/async.js.Async._drainQueue (http://localhost:32923/__cypress/runner/cypress_runner.js:162140:16)\n    at Async../node_modules/bluebird/js/release/async.js.Async._drainQueues (http://localhost:32923/__cypress/runner/cypress_runner.js:162150:10)\n    at Async.drainQueues (http://localhost:32923/__cypress/runner/cypress_runner.js:162024:14)",
                "diff": null
              },
              "uuid": "ef120049-7fd9-477d-b7c0-e088b5558edf",
              "parentUUID": "fe2c9a98-30af-423f-9a25-f1111737e57d",
              "isHook": false,
              "skipped": false
            }
          ],
          "suites": [],
          "passes": [],
          "failures": [
            "156cab2a-cdef-4e77-aaae-947abce7895c",
            "17c60341-bc33-454e-8979-c68990f06542",
            "c3c01ebe-b391-4d35-85bd-7ac28b858b4b",
            "61bbec14-1d52-4d92-8ec8-6cbe3cff4b66",
            "23fb07ea-41e3-4f71-b340-b9594f64bc30",
            "162ebdea-d759-4584-bae5-f6ff558a0a74",
            "f56421e0-9958-4525-bfb4-0752284d2fa9",
            "7044de7a-9990-4862-b6b4-6262be8e0f44",
            "ef120049-7fd9-477d-b7c0-e088b5558edf"
          ],
          "pending": [],
          "skipped": [],
          "duration": 40743,
          "root": false,
          "rootEmpty": false,
          "_timeout": 2000
        },
        {
          "uuid": "9b31a865-3738-4fe8-b0b3-eed6dd89cf18",
          "title": "11 - Limite o tamanho mínimo e máximo do board.",
          "fullFile": "",
          "file": "",
          "beforeHooks": [],
          "afterHooks": [],
          "tests": [
            {
              "title": "Verifica se a altura máxima do board é 50",
              "fullTitle": "11 - Limite o tamanho mínimo e máximo do board. Verifica se a altura máxima do board é 50",
              "timedOut": null,
              "duration": 4546,
              "state": "failed",
              "speed": null,
              "pass": false,
              "fail": true,
              "pending": false,
              "context": null,
              "code": "cy.get('#board-size').clear().type(50);\ncy.get('#generate-board').click();\ncy.get('.pixel').should('have.length', 2500);",
              "err": {
                "message": "CypressError: Timed out retrying: Expected to find element: '#board-size', but never found it.",
                "estack": "CypressError: Timed out retrying: Expected to find element: '#board-size', but never found it.\n    at cypressErr (http://localhost:32923/__cypress/runner/cypress_runner.js:149934:9)\n    at throwErr (http://localhost:32923/__cypress/runner/cypress_runner.js:149867:11)\n    at Object.throwErrByPath (http://localhost:32923/__cypress/runner/cypress_runner.js:149915:3)\n    at retry (http://localhost:32923/__cypress/runner/cypress_runner.js:144197:19)\n    at onFailFn (http://localhost:32923/__cypress/runner/cypress_runner.js:132448:16)\n    at tryCatcher (http://localhost:32923/__cypress/runner/cypress_runner.js:167415:23)\n    at Promise._settlePromiseFromHandler (http://localhost:32923/__cypress/runner/cypress_runner.js:165351:31)\n    at Promise._settlePromise (http://localhost:32923/__cypress/runner/cypress_runner.js:165408:18)\n    at Promise._settlePromise0 (http://localhost:32923/__cypress/runner/cypress_runner.js:165453:10)\n    at Promise._settlePromises (http://localhost:32923/__cypress/runner/cypress_runner.js:165528:18)\n    at Async../node_modules/bluebird/js/release/async.js.Async._drainQueue (http://localhost:32923/__cypress/runner/cypress_runner.js:162140:16)\n    at Async../node_modules/bluebird/js/release/async.js.Async._drainQueues (http://localhost:32923/__cypress/runner/cypress_runner.js:162150:10)\n    at Async.drainQueues (http://localhost:32923/__cypress/runner/cypress_runner.js:162024:14)",
                "diff": null
              },
              "uuid": "396084bb-a6b8-4ab7-8c7e-95d1a0be4523",
              "parentUUID": "9b31a865-3738-4fe8-b0b3-eed6dd89cf18",
              "isHook": false,
              "skipped": false
            },
            {
              "title": "Verifica se a altura do board é 5 quando um valor menor é colocado no input",
              "fullTitle": "11 - Limite o tamanho mínimo e máximo do board. Verifica se a altura do board é 5 quando um valor menor é colocado no input",
              "timedOut": null,
              "duration": 4647,
              "state": "failed",
              "speed": null,
              "pass": false,
              "fail": true,
              "pending": false,
              "context": null,
              "code": "cy.get('#board-size').clear().type(4);\ncy.get('#generate-board').click();\ncy.get('.pixel').should('have.length', 25);",
              "err": {
                "message": "CypressError: Timed out retrying: Expected to find element: '#board-size', but never found it.",
                "estack": "CypressError: Timed out retrying: Expected to find element: '#board-size', but never found it.\n    at cypressErr (http://localhost:32923/__cypress/runner/cypress_runner.js:149934:9)\n    at throwErr (http://localhost:32923/__cypress/runner/cypress_runner.js:149867:11)\n    at Object.throwErrByPath (http://localhost:32923/__cypress/runner/cypress_runner.js:149915:3)\n    at retry (http://localhost:32923/__cypress/runner/cypress_runner.js:144197:19)\n    at onFailFn (http://localhost:32923/__cypress/runner/cypress_runner.js:132448:16)\n    at tryCatcher (http://localhost:32923/__cypress/runner/cypress_runner.js:167415:23)\n    at Promise._settlePromiseFromHandler (http://localhost:32923/__cypress/runner/cypress_runner.js:165351:31)\n    at Promise._settlePromise (http://localhost:32923/__cypress/runner/cypress_runner.js:165408:18)\n    at Promise._settlePromise0 (http://localhost:32923/__cypress/runner/cypress_runner.js:165453:10)\n    at Promise._settlePromises (http://localhost:32923/__cypress/runner/cypress_runner.js:165528:18)\n    at Async../node_modules/bluebird/js/release/async.js.Async._drainQueue (http://localhost:32923/__cypress/runner/cypress_runner.js:162140:16)\n    at Async../node_modules/bluebird/js/release/async.js.Async._drainQueues (http://localhost:32923/__cypress/runner/cypress_runner.js:162150:10)\n    at Async.drainQueues (http://localhost:32923/__cypress/runner/cypress_runner.js:162024:14)",
                "diff": null
              },
              "uuid": "ec41092d-6f1b-4493-a2c3-ed25f2d251b1",
              "parentUUID": "9b31a865-3738-4fe8-b0b3-eed6dd89cf18",
              "isHook": false,
              "skipped": false
            },
            {
              "title": "Verifica se a altura do board é 50 quando um valor maior é colocado no input",
              "fullTitle": "11 - Limite o tamanho mínimo e máximo do board. Verifica se a altura do board é 50 quando um valor maior é colocado no input",
              "timedOut": null,
              "duration": 4668,
              "state": "failed",
              "speed": null,
              "pass": false,
              "fail": true,
              "pending": false,
              "context": null,
              "code": "cy.get('#board-size').clear().type(51);\ncy.get('#generate-board').click();\ncy.get('.pixel').should('have.length', 2500);",
              "err": {
                "message": "CypressError: Timed out retrying: Expected to find element: '#board-size', but never found it.",
                "estack": "CypressError: Timed out retrying: Expected to find element: '#board-size', but never found it.\n    at cypressErr (http://localhost:32923/__cypress/runner/cypress_runner.js:149934:9)\n    at throwErr (http://localhost:32923/__cypress/runner/cypress_runner.js:149867:11)\n    at Object.throwErrByPath (http://localhost:32923/__cypress/runner/cypress_runner.js:149915:3)\n    at retry (http://localhost:32923/__cypress/runner/cypress_runner.js:144197:19)\n    at onFailFn (http://localhost:32923/__cypress/runner/cypress_runner.js:132448:16)\n    at tryCatcher (http://localhost:32923/__cypress/runner/cypress_runner.js:167415:23)\n    at Promise._settlePromiseFromHandler (http://localhost:32923/__cypress/runner/cypress_runner.js:165351:31)\n    at Promise._settlePromise (http://localhost:32923/__cypress/runner/cypress_runner.js:165408:18)\n    at Promise._settlePromise0 (http://localhost:32923/__cypress/runner/cypress_runner.js:165453:10)\n    at Promise._settlePromises (http://localhost:32923/__cypress/runner/cypress_runner.js:165528:18)\n    at Async../node_modules/bluebird/js/release/async.js.Async._drainQueue (http://localhost:32923/__cypress/runner/cypress_runner.js:162140:16)\n    at Async../node_modules/bluebird/js/release/async.js.Async._drainQueues (http://localhost:32923/__cypress/runner/cypress_runner.js:162150:10)\n    at Async.drainQueues (http://localhost:32923/__cypress/runner/cypress_runner.js:162024:14)",
                "diff": null
              },
              "uuid": "d09d8c06-36fc-497c-9c7c-acdea91c27d9",
              "parentUUID": "9b31a865-3738-4fe8-b0b3-eed6dd89cf18",
              "isHook": false,
              "skipped": false
            }
          ],
          "suites": [],
          "passes": [],
          "failures": [
            "396084bb-a6b8-4ab7-8c7e-95d1a0be4523",
            "ec41092d-6f1b-4493-a2c3-ed25f2d251b1",
            "d09d8c06-36fc-497c-9c7c-acdea91c27d9"
          ],
          "pending": [],
          "skipped": [],
          "duration": 13861,
          "root": false,
          "rootEmpty": false,
          "_timeout": 2000
        },
        {
          "uuid": "a7a77cbe-4f27-4ed7-904d-11dbe8a83a8c",
          "title": "12 - Faça com que as cores da paleta sejam geradas aleatoriamente ao carregar a página.",
          "fullFile": "",
          "file": "",
          "beforeHooks": [],
          "afterHooks": [],
          "tests": [
            {
              "title": "Verifica se as cores geradas na paleta são diferentes a cada carregamento da página",
              "fullTitle": "12 - Faça com que as cores da paleta sejam geradas aleatoriamente ao carregar a página. Verifica se as cores geradas na paleta são diferentes a cada carregamento da página",
              "timedOut": null,
              "duration": 622,
              "state": "failed",
              "speed": null,
              "pass": false,
              "fail": true,
              "pending": false,
              "context": null,
              "code": "cy.get('.color').then(function (colors) {\n  var currentColors;\n  var previousColors;\n  previousColors = Array.from(colors).map(function (color) {\n    return Cypress.$(color).css('background-color');\n  });\n  for (var i = 0; i < 5; i += 1) {\n    cy.reload();\n    cy.get('.color').then(function (colors) {\n      currentColors = Array.from(colors).map(function (color) {\n        return Cypress.$(color).css('background-color');\n      });\n      expect(currentColors).not.to.deep.equal(previousColors);\n      previousColors = currentColors;\n    });\n  }\n});",
              "err": {
                "message": "AssertionError: expected [ Array(4) ] to not deeply equal [ Array(4) ]",
                "estack": "AssertionError: expected [ Array(4) ] to not deeply equal [ Array(4) ]\n    at getRet (http://localhost:32923/__cypress/runner/cypress_runner.js:136585:16)\n    at tryCatcher (http://localhost:32923/__cypress/runner/cypress_runner.js:167415:23)\n    at Function.Promise.attempt.Promise.try (http://localhost:32923/__cypress/runner/cypress_runner.js:164690:29)\n    at Context.thenFn (http://localhost:32923/__cypress/runner/cypress_runner.js:136599:23)\n    at Context.then (http://localhost:32923/__cypress/runner/cypress_runner.js:136971:21)\n    at Context.<anonymous> (http://localhost:32923/__cypress/runner/cypress_runner.js:148875:21)\n    at http://localhost:32923/__cypress/runner/cypress_runner.js:148351:33\n    at tryCatcher (http://localhost:32923/__cypress/runner/cypress_runner.js:167415:23)\n    at Promise._settlePromiseFromHandler (http://localhost:32923/__cypress/runner/cypress_runner.js:165351:31)\n    at Promise._settlePromise (http://localhost:32923/__cypress/runner/cypress_runner.js:165408:18)\n    at Promise._settlePromiseCtx (http://localhost:32923/__cypress/runner/cypress_runner.js:165445:10)\n    at Async../node_modules/bluebird/js/release/async.js.Async._drainQueue (http://localhost:32923/__cypress/runner/cypress_runner.js:162145:12)\n    at Async../node_modules/bluebird/js/release/async.js.Async._drainQueues (http://localhost:32923/__cypress/runner/cypress_runner.js:162150:10)\n    at Async.drainQueues (http://localhost:32923/__cypress/runner/cypress_runner.js:162024:14)",
                "diff": ""
              },
              "uuid": "86edfbd7-e899-4187-a8ad-923c6c949c2e",
              "parentUUID": "a7a77cbe-4f27-4ed7-904d-11dbe8a83a8c",
              "isHook": false,
              "skipped": false
            },
            {
              "title": "Verifica se a cor preta ainda está presente e é a primeira na sua paleta de cores",
              "fullTitle": "12 - Faça com que as cores da paleta sejam geradas aleatoriamente ao carregar a página. Verifica se a cor preta ainda está presente e é a primeira na sua paleta de cores",
              "timedOut": null,
              "duration": 453,
              "state": "failed",
              "speed": null,
              "pass": false,
              "fail": true,
              "pending": false,
              "context": null,
              "code": "cy.get('.color').then(function (colors) {\n  var currentColors;\n  var previousColors;\n  previousColors = Array.from(colors).map(function (color) {\n    return Cypress.$(color).css('background-color');\n  });\n  expect(previousColors[0]).to.eq(BLACK);\n  for (var i = 0; i < 5; i += 1) {\n    cy.reload();\n    cy.get('.color').then(function (colors) {\n      currentColors = Array.from(colors).map(function (color) {\n        return Cypress.$(color).css('background-color');\n      });\n      expect(currentColors[0]).to.eq(BLACK);\n      expect(currentColors).not.to.deep.equal(previousColors);\n      previousColors = currentColors;\n    });\n  }\n});",
              "err": {
                "message": "AssertionError: expected 'rgba(0, 0, 0, 0)' to equal 'rgb(0, 0, 0)'",
                "estack": "AssertionError: expected 'rgba(0, 0, 0, 0)' to equal 'rgb(0, 0, 0)'\n    at getRet (http://localhost:32923/__cypress/runner/cypress_runner.js:136585:16)\n    at tryCatcher (http://localhost:32923/__cypress/runner/cypress_runner.js:167415:23)\n    at Function.Promise.attempt.Promise.try (http://localhost:32923/__cypress/runner/cypress_runner.js:164690:29)\n    at Context.thenFn (http://localhost:32923/__cypress/runner/cypress_runner.js:136599:23)\n    at Context.then (http://localhost:32923/__cypress/runner/cypress_runner.js:136971:21)\n    at Context.<anonymous> (http://localhost:32923/__cypress/runner/cypress_runner.js:148875:21)\n    at http://localhost:32923/__cypress/runner/cypress_runner.js:148351:33\n    at tryCatcher (http://localhost:32923/__cypress/runner/cypress_runner.js:167415:23)\n    at Promise._settlePromiseFromHandler (http://localhost:32923/__cypress/runner/cypress_runner.js:165351:31)\n    at Promise._settlePromise (http://localhost:32923/__cypress/runner/cypress_runner.js:165408:18)\n    at Promise._settlePromiseCtx (http://localhost:32923/__cypress/runner/cypress_runner.js:165445:10)\n    at Async../node_modules/bluebird/js/release/async.js.Async._drainQueue (http://localhost:32923/__cypress/runner/cypress_runner.js:162145:12)\n    at Async../node_modules/bluebird/js/release/async.js.Async._drainQueues (http://localhost:32923/__cypress/runner/cypress_runner.js:162150:10)\n    at Async.drainQueues (http://localhost:32923/__cypress/runner/cypress_runner.js:162024:14)",
                "diff": "- 'rgba(0, 0, 0, 0)'\n+ 'rgb(0, 0, 0)'\n"
              },
              "uuid": "d35bc852-3d34-4b2c-a274-1e5cdca90d71",
              "parentUUID": "a7a77cbe-4f27-4ed7-904d-11dbe8a83a8c",
              "isHook": false,
              "skipped": false
            }
          ],
          "suites": [],
          "passes": [],
          "failures": [
            "86edfbd7-e899-4187-a8ad-923c6c949c2e",
            "d35bc852-3d34-4b2c-a274-1e5cdca90d71"
          ],
          "pending": [],
          "skipped": [],
          "duration": 1075,
          "root": false,
          "rootEmpty": false,
          "_timeout": 2000
        }
      ],
      "passes": [],
      "failures": [],
      "pending": [],
      "skipped": [],
      "duration": 0,
      "root": true,
      "rootEmpty": true,
      "_timeout": 2000
    }
  ],
  "meta": {
    "mocha": {
      "version": "7.0.1"
    },
    "mochawesome": {
      "options": {
        "quiet": false,
        "reportFilename": "mochawesome",
        "saveHtml": false,
        "saveJson": true,
        "consoleReporter": "spec",
        "useInlineDiffs": false
      },
      "version": "4.1.0"
    },
    "marge": {
      "options": {
        "id": "default",
        "reportDir": "cypress/reports",
        "overwrite": true,
        "html": false,
        "json": true
      },
      "version": "4.1.0"
    }
  }
}