{
  "stats": {
    "suites": 12,
    "tests": 41,
    "passes": 22,
    "pending": 0,
    "failures": 19,
    "start": "2021-07-09T00:07:59.756Z",
    "end": "2021-07-09T00:09:42.315Z",
    "duration": 102559,
    "testsRegistered": 41,
    "passPercent": 53.65853658536586,
    "pendingPercent": 0,
    "other": 0,
    "hasOther": false,
    "skipped": 0,
    "hasSkipped": false
  },
  "results": [
    {
      "uuid": "40e73565-4012-4189-8a50-21a3ecd155d3",
      "title": "",
      "fullFile": "cypress/integration/project.spec.js",
      "file": "cypress/integration/project.spec.js",
      "beforeHooks": [],
      "afterHooks": [],
      "tests": [],
      "suites": [
        {
          "uuid": "ed320114-c2c9-41cd-adcd-ee715ca765e1",
          "title": "1 - Adicione à página o título \"Paleta de Cores\".",
          "fullFile": "",
          "file": "",
          "beforeHooks": [],
          "afterHooks": [],
          "tests": [
            {
              "title": "Verifica se contém um elemento `h1` com o id `title` com o título correto",
              "fullTitle": "1 - Adicione à página o título \"Paleta de Cores\". Verifica se contém um elemento `h1` com o id `title` com o título correto",
              "timedOut": null,
              "duration": 4617,
              "state": "failed",
              "speed": null,
              "pass": false,
              "fail": true,
              "pending": false,
              "context": null,
              "code": "cy.get('h1#title').should('contain.text', 'Paleta de Cores');",
              "err": {
                "message": "CypressError: Timed out retrying: expected '<h1#title>' to contain text 'Paleta de Cores', but the text was 'Paleta de cores'",
                "estack": "CypressError: Timed out retrying: expected '<h1#title>' to contain text 'Paleta de Cores', but the text was 'Paleta de cores'\n    at cypressErr (http://localhost:40953/__cypress/runner/cypress_runner.js:149934:9)\n    at throwErr (http://localhost:40953/__cypress/runner/cypress_runner.js:149867:11)\n    at Object.throwErrByPath (http://localhost:40953/__cypress/runner/cypress_runner.js:149915:3)\n    at retry (http://localhost:40953/__cypress/runner/cypress_runner.js:144197:19)\n    at onFailFn (http://localhost:40953/__cypress/runner/cypress_runner.js:132448:16)\n    at tryCatcher (http://localhost:40953/__cypress/runner/cypress_runner.js:167415:23)\n    at Promise._settlePromiseFromHandler (http://localhost:40953/__cypress/runner/cypress_runner.js:165351:31)\n    at Promise._settlePromise (http://localhost:40953/__cypress/runner/cypress_runner.js:165408:18)\n    at Promise._settlePromise0 (http://localhost:40953/__cypress/runner/cypress_runner.js:165453:10)\n    at Promise._settlePromises (http://localhost:40953/__cypress/runner/cypress_runner.js:165528:18)\n    at Async../node_modules/bluebird/js/release/async.js.Async._drainQueue (http://localhost:40953/__cypress/runner/cypress_runner.js:162140:16)\n    at Async../node_modules/bluebird/js/release/async.js.Async._drainQueues (http://localhost:40953/__cypress/runner/cypress_runner.js:162150:10)\n    at Async.drainQueues (http://localhost:40953/__cypress/runner/cypress_runner.js:162024:14)",
                "diff": null
              },
              "uuid": "427252a9-d742-44c5-b7f0-dee0bcf88631",
              "parentUUID": "ed320114-c2c9-41cd-adcd-ee715ca765e1",
              "isHook": false,
              "skipped": false
            }
          ],
          "suites": [],
          "passes": [],
          "failures": [
            "427252a9-d742-44c5-b7f0-dee0bcf88631"
          ],
          "pending": [],
          "skipped": [],
          "duration": 4617,
          "root": false,
          "rootEmpty": false,
          "_timeout": 2000
        },
        {
          "uuid": "f88beb10-c530-42a3-931a-339f0727de6f",
          "title": "2 - Adicione à página uma paleta de quatro cores distintas.",
          "fullFile": "",
          "file": "",
          "beforeHooks": [],
          "afterHooks": [],
          "tests": [
            {
              "title": "A paleta de cores deve ser um elemento com `id` denominado `color-palette`",
              "fullTitle": "2 - Adicione à página uma paleta de quatro cores distintas. A paleta de cores deve ser um elemento com `id` denominado `color-palette`",
              "timedOut": null,
              "duration": 163,
              "state": "passed",
              "speed": "slow",
              "pass": true,
              "fail": false,
              "pending": false,
              "context": null,
              "code": "cy.get('#color-palette').should('be.visible');",
              "err": {},
              "uuid": "63ed264a-fc9f-4dcf-bd15-92139dcc9adb",
              "parentUUID": "f88beb10-c530-42a3-931a-339f0727de6f",
              "isHook": false,
              "skipped": false
            },
            {
              "title": "Verifica se cada cor individual da paleta de cores possui a `classe` chamada `color`.",
              "fullTitle": "2 - Adicione à página uma paleta de quatro cores distintas. Verifica se cada cor individual da paleta de cores possui a `classe` chamada `color`.",
              "timedOut": null,
              "duration": 158,
              "state": "passed",
              "speed": "slow",
              "pass": true,
              "fail": false,
              "pending": false,
              "context": null,
              "code": "cy.get('.color').should('have.length', 4).then(function (colors) {\n  for (var i = 0; i < colors.length; i++) {\n    cy.wrap(colors[i]).should('be.visible');\n  }\n});",
              "err": {},
              "uuid": "068d637a-e384-4e46-bd27-90768a729731",
              "parentUUID": "f88beb10-c530-42a3-931a-339f0727de6f",
              "isHook": false,
              "skipped": false
            },
            {
              "title": "Verifica se a cor de fundo de cada elemento da paleta é a cor que o elemento representa. **A única cor não permitida na paleta é a cor branca.**",
              "fullTitle": "2 - Adicione à página uma paleta de quatro cores distintas. Verifica se a cor de fundo de cada elemento da paleta é a cor que o elemento representa. **A única cor não permitida na paleta é a cor branca.**",
              "timedOut": null,
              "duration": 140,
              "state": "passed",
              "speed": "slow",
              "pass": true,
              "fail": false,
              "pending": false,
              "context": null,
              "code": "cy.get('.color').each(function (color) {\n  cy.wrap(color).should('have.class', 'color').and('not.have.css', 'background-color', WHITE);\n  cy.wrap(color).should('have.css', 'background-color');\n});",
              "err": {},
              "uuid": "e773f7fb-05a5-4de3-8ae4-7f10a60197c3",
              "parentUUID": "f88beb10-c530-42a3-931a-339f0727de6f",
              "isHook": false,
              "skipped": false
            },
            {
              "title": "Verifica se cada elemento da paleta de cores tem uma borda preta, sólida e com 1 pixel de largura;",
              "fullTitle": "2 - Adicione à página uma paleta de quatro cores distintas. Verifica se cada elemento da paleta de cores tem uma borda preta, sólida e com 1 pixel de largura;",
              "timedOut": null,
              "duration": 114,
              "state": "passed",
              "speed": "slow",
              "pass": true,
              "fail": false,
              "pending": false,
              "context": null,
              "code": "cy.get('.color').each(function (color) {\n  cy.wrap(color).and('have.css', 'border', \"1px solid \".concat(BLACK)).and('have.class', 'color');\n});",
              "err": {},
              "uuid": "fbbc8ba0-6b20-437a-8d60-5bca7f6c17bc",
              "parentUUID": "f88beb10-c530-42a3-931a-339f0727de6f",
              "isHook": false,
              "skipped": false
            },
            {
              "title": "Verifica se a paleta lista todas as cores disponíveis para utilização, lado a lado.",
              "fullTitle": "2 - Adicione à página uma paleta de quatro cores distintas. Verifica se a paleta lista todas as cores disponíveis para utilização, lado a lado.",
              "timedOut": null,
              "duration": 116,
              "state": "passed",
              "speed": "slow",
              "pass": true,
              "fail": false,
              "pending": false,
              "context": null,
              "code": "cy.get('.color').then(function (colors) {\n  for (var index = 1; index < colors.length; index += 1) {\n    var currentColor = colors[index];\n    var previousColor = colors[index - 1];\n    cy.wrap(currentColor).should('be.onTheRightOf', previousColor).and('be.horizontallyAlignedWith', previousColor);\n  }\n});",
              "err": {},
              "uuid": "d8560be6-3a0b-4a07-8e38-88df8172346c",
              "parentUUID": "f88beb10-c530-42a3-931a-339f0727de6f",
              "isHook": false,
              "skipped": false
            },
            {
              "title": "Verifica se a paleta de cores está posicionada abaixo do título 'Paleta de Cores'",
              "fullTitle": "2 - Adicione à página uma paleta de quatro cores distintas. Verifica se a paleta de cores está posicionada abaixo do título 'Paleta de Cores'",
              "timedOut": null,
              "duration": 131,
              "state": "passed",
              "speed": "slow",
              "pass": true,
              "fail": false,
              "pending": false,
              "context": null,
              "code": "cy.get('h1#title').then(function (title) {\n  cy.get('#color-palette').should('be.belowOf', title);\n});",
              "err": {},
              "uuid": "f055971f-0aff-49cc-8005-a0e2f8a376e1",
              "parentUUID": "f88beb10-c530-42a3-931a-339f0727de6f",
              "isHook": false,
              "skipped": false
            },
            {
              "title": "Verifica se a paleta de cores não contém cores repetidas.",
              "fullTitle": "2 - Adicione à página uma paleta de quatro cores distintas. Verifica se a paleta de cores não contém cores repetidas.",
              "timedOut": null,
              "duration": 112,
              "state": "passed",
              "speed": "slow",
              "pass": true,
              "fail": false,
              "pending": false,
              "context": null,
              "code": "cy.get('.color').then(function (colors) {\n  var allColors = Array.from(colors).map(function (color) {\n    return Cypress.$(color).css('background-color');\n  });\n  cy.log(allColors);\n  var uniqColors = (0, _toConsumableArray2[\"default\"])(new Set(allColors));\n  cy.log(uniqColors);\n  expect(allColors.length).to.eq(uniqColors.length);\n});",
              "err": {},
              "uuid": "b72274b0-dba1-40e8-8328-93827dce7522",
              "parentUUID": "f88beb10-c530-42a3-931a-339f0727de6f",
              "isHook": false,
              "skipped": false
            }
          ],
          "suites": [],
          "passes": [
            "63ed264a-fc9f-4dcf-bd15-92139dcc9adb",
            "068d637a-e384-4e46-bd27-90768a729731",
            "e773f7fb-05a5-4de3-8ae4-7f10a60197c3",
            "fbbc8ba0-6b20-437a-8d60-5bca7f6c17bc",
            "d8560be6-3a0b-4a07-8e38-88df8172346c",
            "f055971f-0aff-49cc-8005-a0e2f8a376e1",
            "b72274b0-dba1-40e8-8328-93827dce7522"
          ],
          "failures": [],
          "pending": [],
          "skipped": [],
          "duration": 934,
          "root": false,
          "rootEmpty": false,
          "_timeout": 2000
        },
        {
          "uuid": "e88d90af-d40c-4ea5-ae88-fa0400ccabaa",
          "title": "3 - Adicione a cor **preta** como a primeira cor da paleta de cores.",
          "fullFile": "",
          "file": "",
          "beforeHooks": [],
          "afterHooks": [],
          "tests": [
            {
              "title": "Verifica se a primeira cor da paleta é preta",
              "fullTitle": "3 - Adicione a cor **preta** como a primeira cor da paleta de cores. Verifica se a primeira cor da paleta é preta",
              "timedOut": null,
              "duration": 128,
              "state": "passed",
              "speed": "slow",
              "pass": true,
              "fail": false,
              "pending": false,
              "context": null,
              "code": "cy.get('.color').first().should('have.css', 'background-color', BLACK);",
              "err": {},
              "uuid": "cb7d5d7b-1a79-4667-a4b0-a6f7e45ae1df",
              "parentUUID": "e88d90af-d40c-4ea5-ae88-fa0400ccabaa",
              "isHook": false,
              "skipped": false
            },
            {
              "title": "Verifica se as demais cores podem ser escolhidas livremente.",
              "fullTitle": "3 - Adicione a cor **preta** como a primeira cor da paleta de cores. Verifica se as demais cores podem ser escolhidas livremente.",
              "timedOut": null,
              "duration": 218,
              "state": "passed",
              "speed": "slow",
              "pass": true,
              "fail": false,
              "pending": false,
              "context": null,
              "code": "cy.get('.color').eq(1).should('not.have.css', 'background-color', BLACK);\ncy.get('.color').eq(1).should('not.have.css', 'background-color', WHITE);\ncy.get('.color').eq(1).should('not.have.css', 'background-color', 'rgba(0, 0, 0, 0)');\ncy.get('.color').eq(1).should('have.css', 'background-color');\ncy.get('.color').eq(2).should('not.have.css', 'background-color', BLACK);\ncy.get('.color').eq(2).should('not.have.css', 'background-color', WHITE);\ncy.get('.color').eq(2).should('not.have.css', 'background-color', 'rgba(0, 0, 0, 0)');\ncy.get('.color').eq(2).should('have.css', 'background-color');\ncy.get('.color').eq(3).should('not.have.css', 'background-color', BLACK);\ncy.get('.color').eq(3).should('not.have.css', 'background-color', WHITE);\ncy.get('.color').eq(3).should('not.have.css', 'background-color', 'rgba(0, 0, 0, 0)');\ncy.get('.color').eq(3).should('have.css', 'background-color');",
              "err": {},
              "uuid": "ac7f427a-ac48-4a3d-8ddb-a8f7f525ddbb",
              "parentUUID": "e88d90af-d40c-4ea5-ae88-fa0400ccabaa",
              "isHook": false,
              "skipped": false
            }
          ],
          "suites": [],
          "passes": [
            "cb7d5d7b-1a79-4667-a4b0-a6f7e45ae1df",
            "ac7f427a-ac48-4a3d-8ddb-a8f7f525ddbb"
          ],
          "failures": [],
          "pending": [],
          "skipped": [],
          "duration": 346,
          "root": false,
          "rootEmpty": false,
          "_timeout": 2000
        },
        {
          "uuid": "b72df5a9-8a15-47cb-b688-d68404961de0",
          "title": "4 - Adicione à página um quadro de pixels, com 25 pixels.",
          "fullFile": "",
          "file": "",
          "beforeHooks": [],
          "afterHooks": [],
          "tests": [
            {
              "title": "Verifica se o quadro de pixels possui o `id` denominado `pixel-board`",
              "fullTitle": "4 - Adicione à página um quadro de pixels, com 25 pixels. Verifica se o quadro de pixels possui o `id` denominado `pixel-board`",
              "timedOut": null,
              "duration": 106,
              "state": "passed",
              "speed": "slow",
              "pass": true,
              "fail": false,
              "pending": false,
              "context": null,
              "code": "cy.get('#pixel-board').should('be.visible');",
              "err": {},
              "uuid": "ea03a198-b559-45b3-a8c9-a32c52e883d8",
              "parentUUID": "b72df5a9-8a15-47cb-b688-d68404961de0",
              "isHook": false,
              "skipped": false
            },
            {
              "title": "Verifica se cada pixel individual dentro do quadro possui a `classe` denominada `pixel`.",
              "fullTitle": "4 - Adicione à página um quadro de pixels, com 25 pixels. Verifica se cada pixel individual dentro do quadro possui a `classe` denominada `pixel`.",
              "timedOut": null,
              "duration": 116,
              "state": "passed",
              "speed": "slow",
              "pass": true,
              "fail": false,
              "pending": false,
              "context": null,
              "code": "cy.get('.pixel').should('have.length', 25);",
              "err": {},
              "uuid": "3f03dda8-71bc-4726-b4f0-0c38e8bc8937",
              "parentUUID": "b72df5a9-8a15-47cb-b688-d68404961de0",
              "isHook": false,
              "skipped": false
            },
            {
              "title": "Verifica se a cor inicial dos pixels dentro do quadro, ao abrir a página, é branca.",
              "fullTitle": "4 - Adicione à página um quadro de pixels, com 25 pixels. Verifica se a cor inicial dos pixels dentro do quadro, ao abrir a página, é branca.",
              "timedOut": null,
              "duration": 330,
              "state": "failed",
              "speed": null,
              "pass": false,
              "fail": true,
              "pending": false,
              "context": null,
              "code": "cy.get('.pixel').should('have.length', 25).each(function (pixel) {\n  expect(pixel).to.have.css('background-color', WHITE);\n});",
              "err": {
                "message": "AssertionError: expected '<td.pixel>' to have CSS property 'background-color' with the value 'rgb(255, 255, 255)', but the value was 'rgba(0, 0, 0, 0)'",
                "estack": "AssertionError: expected '<td.pixel>' to have CSS property 'background-color' with the value 'rgb(255, 255, 255)', but the value was 'rgba(0, 0, 0, 0)'\n    at callback (http://localhost:40953/__cypress/runner/cypress_runner.js:136947:20)\n    at getRet (http://localhost:40953/__cypress/runner/cypress_runner.js:136585:16)\n    at tryCatcher (http://localhost:40953/__cypress/runner/cypress_runner.js:167415:23)\n    at Function.Promise.attempt.Promise.try (http://localhost:40953/__cypress/runner/cypress_runner.js:164690:29)\n    at thenFn (http://localhost:40953/__cypress/runner/cypress_runner.js:136599:23)\n    at yieldItem (http://localhost:40953/__cypress/runner/cypress_runner.js:136954:16)\n    at tryCatcher (http://localhost:40953/__cypress/runner/cypress_runner.js:167415:23)\n    at Object.gotValue (http://localhost:40953/__cypress/runner/cypress_runner.js:166557:18)\n    at Object.gotAccum (http://localhost:40953/__cypress/runner/cypress_runner.js:166546:25)\n    at Object.tryCatcher (http://localhost:40953/__cypress/runner/cypress_runner.js:167415:23)\n    at Promise._settlePromiseFromHandler (http://localhost:40953/__cypress/runner/cypress_runner.js:165351:31)\n    at Promise._settlePromise (http://localhost:40953/__cypress/runner/cypress_runner.js:165408:18)\n    at Promise._settlePromiseCtx (http://localhost:40953/__cypress/runner/cypress_runner.js:165445:10)\n    at Async../node_modules/bluebird/js/release/async.js.Async._drainQueue (http://localhost:40953/__cypress/runner/cypress_runner.js:162145:12)\n    at Async../node_modules/bluebird/js/release/async.js.Async._drainQueues (http://localhost:40953/__cypress/runner/cypress_runner.js:162150:10)\n    at Async.drainQueues (http://localhost:40953/__cypress/runner/cypress_runner.js:162024:14)",
                "diff": "- 'rgba(0, 0, 0, 0)'\n+ 'rgb(255, 255, 255)'\n"
              },
              "uuid": "2b8cfc15-3481-402d-8b9d-9244fbbec95a",
              "parentUUID": "b72df5a9-8a15-47cb-b688-d68404961de0",
              "isHook": false,
              "skipped": false
            },
            {
              "title": "Verifica se o quadro de pixels aparece abaixo da paleta de cores",
              "fullTitle": "4 - Adicione à página um quadro de pixels, com 25 pixels. Verifica se o quadro de pixels aparece abaixo da paleta de cores",
              "timedOut": null,
              "duration": 135,
              "state": "passed",
              "speed": "slow",
              "pass": true,
              "fail": false,
              "pending": false,
              "context": null,
              "code": "cy.get('#color-palette').then(function (palette) {\n  cy.get('#pixel-board').should('be.belowOf', palette);\n});",
              "err": {},
              "uuid": "3bc2ac64-dcc3-451d-926f-c48ed1153dcb",
              "parentUUID": "b72df5a9-8a15-47cb-b688-d68404961de0",
              "isHook": false,
              "skipped": false
            }
          ],
          "suites": [],
          "passes": [
            "ea03a198-b559-45b3-a8c9-a32c52e883d8",
            "3f03dda8-71bc-4726-b4f0-0c38e8bc8937",
            "3bc2ac64-dcc3-451d-926f-c48ed1153dcb"
          ],
          "failures": [
            "2b8cfc15-3481-402d-8b9d-9244fbbec95a"
          ],
          "pending": [],
          "skipped": [],
          "duration": 687,
          "root": false,
          "rootEmpty": false,
          "_timeout": 2000
        },
        {
          "uuid": "57730dcb-2222-4376-a602-039fd61ea76c",
          "title": "5 - Faça com que cada elemento do quadro de pixels possua 40 pixels de largura, 40 pixels de altura e seja delimitado por uma borda preta de 1 pixel.",
          "fullFile": "",
          "file": "",
          "beforeHooks": [],
          "afterHooks": [],
          "tests": [
            {
              "title": "Verifica se o quadro de pixels tem altura e comprimento de 5 elementos",
              "fullTitle": "5 - Faça com que cada elemento do quadro de pixels possua 40 pixels de largura, 40 pixels de altura e seja delimitado por uma borda preta de 1 pixel. Verifica se o quadro de pixels tem altura e comprimento de 5 elementos",
              "timedOut": null,
              "duration": 365,
              "state": "failed",
              "speed": null,
              "pass": false,
              "fail": true,
              "pending": false,
              "context": null,
              "code": "cy.get('.pixel').should('have.length', 25).each(function (pixel) {\n  expect(pixel).to.have.css('background-color', WHITE);\n}).and(function (pixels) {\n  var rows = chunk(pixels, 5);\n  rows.forEach(function (row) {\n    for (var index = 1; index < row.length; index += 1) {\n      var current = pixels[index];\n      var previous = pixels[index - 1];\n      cy.wrap(current).should('be.onTheRightOf', previous).and('be.horizontallyAlignedWith', previous);\n    }\n  });\n  for (var index = 1; index < 5; index += 1) {\n    expect(pixels[index * 5]).to.be.belowOf(pixels[(index - 1) * 5]);\n  }\n});",
              "err": {
                "message": "AssertionError: expected '<td.pixel>' to have CSS property 'background-color' with the value 'rgb(255, 255, 255)', but the value was 'rgba(0, 0, 0, 0)'",
                "estack": "AssertionError: expected '<td.pixel>' to have CSS property 'background-color' with the value 'rgb(255, 255, 255)', but the value was 'rgba(0, 0, 0, 0)'\n    at callback (http://localhost:40953/__cypress/runner/cypress_runner.js:136947:20)\n    at getRet (http://localhost:40953/__cypress/runner/cypress_runner.js:136585:16)\n    at tryCatcher (http://localhost:40953/__cypress/runner/cypress_runner.js:167415:23)\n    at Function.Promise.attempt.Promise.try (http://localhost:40953/__cypress/runner/cypress_runner.js:164690:29)\n    at thenFn (http://localhost:40953/__cypress/runner/cypress_runner.js:136599:23)\n    at yieldItem (http://localhost:40953/__cypress/runner/cypress_runner.js:136954:16)\n    at tryCatcher (http://localhost:40953/__cypress/runner/cypress_runner.js:167415:23)\n    at Object.gotValue (http://localhost:40953/__cypress/runner/cypress_runner.js:166557:18)\n    at Object.gotAccum (http://localhost:40953/__cypress/runner/cypress_runner.js:166546:25)\n    at Object.tryCatcher (http://localhost:40953/__cypress/runner/cypress_runner.js:167415:23)\n    at Promise._settlePromiseFromHandler (http://localhost:40953/__cypress/runner/cypress_runner.js:165351:31)\n    at Promise._settlePromise (http://localhost:40953/__cypress/runner/cypress_runner.js:165408:18)\n    at Promise._settlePromiseCtx (http://localhost:40953/__cypress/runner/cypress_runner.js:165445:10)\n    at Async../node_modules/bluebird/js/release/async.js.Async._drainQueue (http://localhost:40953/__cypress/runner/cypress_runner.js:162145:12)\n    at Async../node_modules/bluebird/js/release/async.js.Async._drainQueues (http://localhost:40953/__cypress/runner/cypress_runner.js:162150:10)\n    at Async.drainQueues (http://localhost:40953/__cypress/runner/cypress_runner.js:162024:14)",
                "diff": "- 'rgba(0, 0, 0, 0)'\n+ 'rgb(255, 255, 255)'\n"
              },
              "uuid": "5a835cd2-ea14-42db-b9e6-ee88da832efb",
              "parentUUID": "57730dcb-2222-4376-a602-039fd61ea76c",
              "isHook": false,
              "skipped": false
            },
            {
              "title": "Verifica se 40 pixels é o tamanho total do elemento, incluindo seu conteúdo e excluindo a borda preta, que deve ser criada à parte.",
              "fullTitle": "5 - Faça com que cada elemento do quadro de pixels possua 40 pixels de largura, 40 pixels de altura e seja delimitado por uma borda preta de 1 pixel. Verifica se 40 pixels é o tamanho total do elemento, incluindo seu conteúdo e excluindo a borda preta, que deve ser criada à parte.",
              "timedOut": null,
              "duration": 312,
              "state": "passed",
              "speed": "slow",
              "pass": true,
              "fail": false,
              "pending": false,
              "context": null,
              "code": "cy.get('.pixel').each(function (pixel) {\n  cy.wrap(pixel).should('have.css', 'height', '40px').and('have.css', 'width', '40px').and('have.css', 'border', \"1px solid \".concat(BLACK));\n});",
              "err": {},
              "uuid": "d0c88b51-e274-4142-ae08-d69911e15eff",
              "parentUUID": "57730dcb-2222-4376-a602-039fd61ea76c",
              "isHook": false,
              "skipped": false
            }
          ],
          "suites": [],
          "passes": [
            "d0c88b51-e274-4142-ae08-d69911e15eff"
          ],
          "failures": [
            "5a835cd2-ea14-42db-b9e6-ee88da832efb"
          ],
          "pending": [],
          "skipped": [],
          "duration": 677,
          "root": false,
          "rootEmpty": false,
          "_timeout": 2000
        },
        {
          "uuid": "646f58bc-d226-4025-aa43-559f80d9fff0",
          "title": "6 - Defina a cor preta como cor inicial. Ao carregar a página a cor preta já deve estar selecionada para pintar os pixels",
          "fullFile": "",
          "file": "",
          "beforeHooks": [],
          "afterHooks": [],
          "tests": [
            {
              "title": "Verifica se o elemento da cor preta possui, inicialmente, a `classe` `selected`",
              "fullTitle": "6 - Defina a cor preta como cor inicial. Ao carregar a página a cor preta já deve estar selecionada para pintar os pixels Verifica se o elemento da cor preta possui, inicialmente, a `classe` `selected`",
              "timedOut": null,
              "duration": 110,
              "state": "passed",
              "speed": "slow",
              "pass": true,
              "fail": false,
              "pending": false,
              "context": null,
              "code": "cy.get('.selected').first().should('have.css', 'background-color', BLACK);",
              "err": {},
              "uuid": "46ddc764-7b99-4b28-8929-6a5ac3e3dee1",
              "parentUUID": "646f58bc-d226-4025-aa43-559f80d9fff0",
              "isHook": false,
              "skipped": false
            },
            {
              "title": "Verifica se nenhuma outra cor da paleta tem a `classe` `selected`",
              "fullTitle": "6 - Defina a cor preta como cor inicial. Ao carregar a página a cor preta já deve estar selecionada para pintar os pixels Verifica se nenhuma outra cor da paleta tem a `classe` `selected`",
              "timedOut": null,
              "duration": 94,
              "state": "passed",
              "speed": "slow",
              "pass": true,
              "fail": false,
              "pending": false,
              "context": null,
              "code": "cy.get('.color:not(:first-child)').each(function (color) {\n  cy.wrap(color).should('not.have.class', 'selected');\n});",
              "err": {},
              "uuid": "a5a1b4e8-afb5-4b23-9d47-04a5e9561995",
              "parentUUID": "646f58bc-d226-4025-aa43-559f80d9fff0",
              "isHook": false,
              "skipped": false
            }
          ],
          "suites": [],
          "passes": [
            "46ddc764-7b99-4b28-8929-6a5ac3e3dee1",
            "a5a1b4e8-afb5-4b23-9d47-04a5e9561995"
          ],
          "failures": [],
          "pending": [],
          "skipped": [],
          "duration": 204,
          "root": false,
          "rootEmpty": false,
          "_timeout": 2000
        },
        {
          "uuid": "efcb635d-d581-47d4-a151-8f9c39810845",
          "title": "7 - Clicar em uma das cores da paleta, faz com que ela seja selecionada e utilizada para preencher os pixels no quadro.",
          "fullFile": "",
          "file": "",
          "beforeHooks": [],
          "afterHooks": [],
          "tests": [
            {
              "title": "Verifica se somente uma cor da paleta de cores tem a classe `selected` de cada vez",
              "fullTitle": "7 - Clicar em uma das cores da paleta, faz com que ela seja selecionada e utilizada para preencher os pixels no quadro. Verifica se somente uma cor da paleta de cores tem a classe `selected` de cada vez",
              "timedOut": null,
              "duration": 517,
              "state": "passed",
              "speed": "slow",
              "pass": true,
              "fail": false,
              "pending": false,
              "context": null,
              "code": "cy.get('.color').each(function (selectedColor, selectedColorIndex) {\n  cy.wrap(selectedColor).click();\n  cy.get('.color').each(function (color, colorIndex) {\n    if (colorIndex === selectedColorIndex) {\n      expect(color).to.have[\"class\"]('selected');\n    } else {\n      expect(color).not.to.have[\"class\"]('selected');\n    }\n  });\n});",
              "err": {},
              "uuid": "5dd59c00-2605-44da-a4cd-a39d54e420bd",
              "parentUUID": "efcb635d-d581-47d4-a151-8f9c39810845",
              "isHook": false,
              "skipped": false
            },
            {
              "title": "Verifica se os pixels dentro do quadro não têm a classe `selected` quando são clicados",
              "fullTitle": "7 - Clicar em uma das cores da paleta, faz com que ela seja selecionada e utilizada para preencher os pixels no quadro. Verifica se os pixels dentro do quadro não têm a classe `selected` quando são clicados",
              "timedOut": null,
              "duration": 8779,
              "state": "passed",
              "speed": "slow",
              "pass": true,
              "fail": false,
              "pending": false,
              "context": null,
              "code": "cy.get('.color').each(function (color) {\n  var backgroundColor = color.css('background-color');\n  cy.wrap(color).click();\n  cy.get('.pixel').each(function (pixel) {\n    cy.wrap(pixel).click().should('not.have.class', 'selected');\n  });\n});",
              "err": {},
              "uuid": "c13ade3b-aa82-463d-b373-53b10f42f74a",
              "parentUUID": "efcb635d-d581-47d4-a151-8f9c39810845",
              "isHook": false,
              "skipped": false
            }
          ],
          "suites": [],
          "passes": [
            "5dd59c00-2605-44da-a4cd-a39d54e420bd",
            "c13ade3b-aa82-463d-b373-53b10f42f74a"
          ],
          "failures": [],
          "pending": [],
          "skipped": [],
          "duration": 9296,
          "root": false,
          "rootEmpty": false,
          "_timeout": 2000
        },
        {
          "uuid": "5d4f27e8-ceec-4620-9d95-b71769e959ef",
          "title": "8 - Clicar em um pixel dentro do quadro após selecionar uma cor na paleta, faz com que o pixel seja preenchido com a cor selecionada.",
          "fullFile": "",
          "file": "",
          "beforeHooks": [],
          "afterHooks": [],
          "tests": [
            {
              "title": "Verifica se ao carregar a página deve ser possível pintar os pixels de preto",
              "fullTitle": "8 - Clicar em um pixel dentro do quadro após selecionar uma cor na paleta, faz com que o pixel seja preenchido com a cor selecionada. Verifica se ao carregar a página deve ser possível pintar os pixels de preto",
              "timedOut": null,
              "duration": 2190,
              "state": "passed",
              "speed": "slow",
              "pass": true,
              "fail": false,
              "pending": false,
              "context": null,
              "code": "cy.get('.pixel').each(function (pixel) {\n  cy.wrap(pixel).click().should('have.css', 'background-color', BLACK);\n});",
              "err": {},
              "uuid": "aa970283-13a5-424b-8cf0-f582c05d8ef6",
              "parentUUID": "5d4f27e8-ceec-4620-9d95-b71769e959ef",
              "isHook": false,
              "skipped": false
            },
            {
              "title": "Verifica se após selecionar uma outra cor na paleta, é possível pintar os pixels com essa cor",
              "fullTitle": "8 - Clicar em um pixel dentro do quadro após selecionar uma cor na paleta, faz com que o pixel seja preenchido com a cor selecionada. Verifica se após selecionar uma outra cor na paleta, é possível pintar os pixels com essa cor",
              "timedOut": null,
              "duration": 8612,
              "state": "passed",
              "speed": "slow",
              "pass": true,
              "fail": false,
              "pending": false,
              "context": null,
              "code": "cy.get('.color').each(function (color) {\n  var backgroundColor = color.css('background-color');\n  cy.wrap(color).click();\n  cy.get('.pixel').each(function (pixel) {\n    cy.wrap(pixel).click().should('have.css', 'background-color', backgroundColor);\n  });\n});",
              "err": {},
              "uuid": "6b14481e-2a1b-4af8-99f9-11b551e67b05",
              "parentUUID": "5d4f27e8-ceec-4620-9d95-b71769e959ef",
              "isHook": false,
              "skipped": false
            },
            {
              "title": "Verifica se somente o pixel que foi clicado foi preenchido com a cor selecionada, sem influenciar na cor dos demais pixels.",
              "fullTitle": "8 - Clicar em um pixel dentro do quadro após selecionar uma cor na paleta, faz com que o pixel seja preenchido com a cor selecionada. Verifica se somente o pixel que foi clicado foi preenchido com a cor selecionada, sem influenciar na cor dos demais pixels.",
              "timedOut": null,
              "duration": 1510,
              "state": "passed",
              "speed": "slow",
              "pass": true,
              "fail": false,
              "pending": false,
              "context": null,
              "code": "var colorToPixelIndexMap = {\n  0: 6,\n  1: 8,\n  2: 16,\n  3: 18\n};\ncy.get('.color').each(function (color, index) {\n  cy.wrap(color).click();\n  var backgroundColor = color.css('background-color');\n  var clickedPixelIndex = colorToPixelIndexMap[index];\n  cy.get('.pixel').eq(clickedPixelIndex).click();\n  cy.get('.pixel').eq(clickedPixelIndex - 1).should('not.have.css', 'background-color', backgroundColor);\n  cy.get('.pixel').eq(clickedPixelIndex + 1).should('not.have.css', 'background-color', backgroundColor);\n  cy.get('.pixel').eq(clickedPixelIndex - 5).should('not.have.css', 'background-color', backgroundColor);\n  cy.get('.pixel').eq(clickedPixelIndex + 5).should('not.have.css', 'background-color', backgroundColor);\n  cy.get('.pixel').eq(clickedPixelIndex - 6).should('not.have.css', 'background-color', backgroundColor);\n  cy.get('.pixel').eq(clickedPixelIndex - 4).should('not.have.css', 'background-color', backgroundColor);\n  cy.get('.pixel').eq(clickedPixelIndex + 4).should('not.have.css', 'background-color', backgroundColor);\n  cy.get('.pixel').eq(clickedPixelIndex + 6).should('not.have.css', 'background-color', backgroundColor);\n});",
              "err": {},
              "uuid": "a1524f40-c52d-469b-900f-1b0d1307621b",
              "parentUUID": "5d4f27e8-ceec-4620-9d95-b71769e959ef",
              "isHook": false,
              "skipped": false
            }
          ],
          "suites": [],
          "passes": [
            "aa970283-13a5-424b-8cf0-f582c05d8ef6",
            "6b14481e-2a1b-4af8-99f9-11b551e67b05",
            "a1524f40-c52d-469b-900f-1b0d1307621b"
          ],
          "failures": [],
          "pending": [],
          "skipped": [],
          "duration": 12312,
          "root": false,
          "rootEmpty": false,
          "_timeout": 2000
        },
        {
          "uuid": "b9236034-f671-441d-bf9d-481cfaab0cac",
          "title": "9 - Crie um botão que, ao ser clicado, limpa o quadro preenchendo a cor de todos seus pixels com branco.",
          "fullFile": "",
          "file": "",
          "beforeHooks": [],
          "afterHooks": [],
          "tests": [
            {
              "title": "Verifica se o botão tem o `id` denominado `clear-board`",
              "fullTitle": "9 - Crie um botão que, ao ser clicado, limpa o quadro preenchendo a cor de todos seus pixels com branco. Verifica se o botão tem o `id` denominado `clear-board`",
              "timedOut": null,
              "duration": 4324,
              "state": "failed",
              "speed": null,
              "pass": false,
              "fail": true,
              "pending": false,
              "context": null,
              "code": "cy.get('#clear-board').should('be.visible');",
              "err": {
                "message": "CypressError: Timed out retrying: Expected to find element: '#clear-board', but never found it.",
                "estack": "CypressError: Timed out retrying: Expected to find element: '#clear-board', but never found it.\n    at cypressErr (http://localhost:40953/__cypress/runner/cypress_runner.js:149934:9)\n    at throwErr (http://localhost:40953/__cypress/runner/cypress_runner.js:149867:11)\n    at Object.throwErrByPath (http://localhost:40953/__cypress/runner/cypress_runner.js:149915:3)\n    at retry (http://localhost:40953/__cypress/runner/cypress_runner.js:144197:19)\n    at onFailFn (http://localhost:40953/__cypress/runner/cypress_runner.js:132448:16)\n    at tryCatcher (http://localhost:40953/__cypress/runner/cypress_runner.js:167415:23)\n    at Promise._settlePromiseFromHandler (http://localhost:40953/__cypress/runner/cypress_runner.js:165351:31)\n    at Promise._settlePromise (http://localhost:40953/__cypress/runner/cypress_runner.js:165408:18)\n    at Promise._settlePromise0 (http://localhost:40953/__cypress/runner/cypress_runner.js:165453:10)\n    at Promise._settlePromises (http://localhost:40953/__cypress/runner/cypress_runner.js:165528:18)\n    at Async../node_modules/bluebird/js/release/async.js.Async._drainQueue (http://localhost:40953/__cypress/runner/cypress_runner.js:162140:16)\n    at Async../node_modules/bluebird/js/release/async.js.Async._drainQueues (http://localhost:40953/__cypress/runner/cypress_runner.js:162150:10)\n    at Async.drainQueues (http://localhost:40953/__cypress/runner/cypress_runner.js:162024:14)",
                "diff": null
              },
              "uuid": "2fba7150-f2cf-4474-814e-0161f2b4d063",
              "parentUUID": "b9236034-f671-441d-bf9d-481cfaab0cac",
              "isHook": false,
              "skipped": false
            },
            {
              "title": "Verifica se o botão está posicionado entre a paleta de cores e o quadro de pixels",
              "fullTitle": "9 - Crie um botão que, ao ser clicado, limpa o quadro preenchendo a cor de todos seus pixels com branco. Verifica se o botão está posicionado entre a paleta de cores e o quadro de pixels",
              "timedOut": null,
              "duration": 4279,
              "state": "failed",
              "speed": null,
              "pass": false,
              "fail": true,
              "pending": false,
              "context": null,
              "code": "cy.get('#color-palette').then(function (palette) {\n  cy.get('#clear-board').should('be.belowOf', palette);\n});\ncy.get('#clear-board').then(function (clearBtn) {\n  cy.get('#pixel-board').should('be.belowOf', clearBtn);\n});",
              "err": {
                "message": "CypressError: Timed out retrying: Expected to find element: '#clear-board', but never found it.",
                "estack": "CypressError: Timed out retrying: Expected to find element: '#clear-board', but never found it.\n    at cypressErr (http://localhost:40953/__cypress/runner/cypress_runner.js:149934:9)\n    at throwErr (http://localhost:40953/__cypress/runner/cypress_runner.js:149867:11)\n    at Object.throwErrByPath (http://localhost:40953/__cypress/runner/cypress_runner.js:149915:3)\n    at retry (http://localhost:40953/__cypress/runner/cypress_runner.js:144197:19)\n    at onFailFn (http://localhost:40953/__cypress/runner/cypress_runner.js:132448:16)\n    at tryCatcher (http://localhost:40953/__cypress/runner/cypress_runner.js:167415:23)\n    at Promise._settlePromiseFromHandler (http://localhost:40953/__cypress/runner/cypress_runner.js:165351:31)\n    at Promise._settlePromise (http://localhost:40953/__cypress/runner/cypress_runner.js:165408:18)\n    at Promise._settlePromise0 (http://localhost:40953/__cypress/runner/cypress_runner.js:165453:10)\n    at Promise._settlePromises (http://localhost:40953/__cypress/runner/cypress_runner.js:165528:18)\n    at Async../node_modules/bluebird/js/release/async.js.Async._drainQueue (http://localhost:40953/__cypress/runner/cypress_runner.js:162140:16)\n    at Async../node_modules/bluebird/js/release/async.js.Async._drainQueues (http://localhost:40953/__cypress/runner/cypress_runner.js:162150:10)\n    at Async.drainQueues (http://localhost:40953/__cypress/runner/cypress_runner.js:162024:14)",
                "diff": null
              },
              "uuid": "be12a9bb-cb30-4772-a7f5-07380beaa046",
              "parentUUID": "b9236034-f671-441d-bf9d-481cfaab0cac",
              "isHook": false,
              "skipped": false
            },
            {
              "title": "Verifica se o texto do botão é 'Limpar'",
              "fullTitle": "9 - Crie um botão que, ao ser clicado, limpa o quadro preenchendo a cor de todos seus pixels com branco. Verifica se o texto do botão é 'Limpar'",
              "timedOut": null,
              "duration": 4301,
              "state": "failed",
              "speed": null,
              "pass": false,
              "fail": true,
              "pending": false,
              "context": null,
              "code": "cy.get('#clear-board').should('contain.text', 'Limpar');",
              "err": {
                "message": "CypressError: Timed out retrying: Expected to find element: '#clear-board', but never found it.",
                "estack": "CypressError: Timed out retrying: Expected to find element: '#clear-board', but never found it.\n    at cypressErr (http://localhost:40953/__cypress/runner/cypress_runner.js:149934:9)\n    at throwErr (http://localhost:40953/__cypress/runner/cypress_runner.js:149867:11)\n    at Object.throwErrByPath (http://localhost:40953/__cypress/runner/cypress_runner.js:149915:3)\n    at retry (http://localhost:40953/__cypress/runner/cypress_runner.js:144197:19)\n    at onFailFn (http://localhost:40953/__cypress/runner/cypress_runner.js:132448:16)\n    at tryCatcher (http://localhost:40953/__cypress/runner/cypress_runner.js:167415:23)\n    at Promise._settlePromiseFromHandler (http://localhost:40953/__cypress/runner/cypress_runner.js:165351:31)\n    at Promise._settlePromise (http://localhost:40953/__cypress/runner/cypress_runner.js:165408:18)\n    at Promise._settlePromise0 (http://localhost:40953/__cypress/runner/cypress_runner.js:165453:10)\n    at Promise._settlePromises (http://localhost:40953/__cypress/runner/cypress_runner.js:165528:18)\n    at Async../node_modules/bluebird/js/release/async.js.Async._drainQueue (http://localhost:40953/__cypress/runner/cypress_runner.js:162140:16)\n    at Async../node_modules/bluebird/js/release/async.js.Async._drainQueues (http://localhost:40953/__cypress/runner/cypress_runner.js:162150:10)\n    at Async.drainQueues (http://localhost:40953/__cypress/runner/cypress_runner.js:162024:14)",
                "diff": null
              },
              "uuid": "0752825c-da57-4758-8fe6-e5cda8fba6a2",
              "parentUUID": "b9236034-f671-441d-bf9d-481cfaab0cac",
              "isHook": false,
              "skipped": false
            },
            {
              "title": "Verifica se ao clicar no botão, o quadro de pixels é totalmente preenchido de branco",
              "fullTitle": "9 - Crie um botão que, ao ser clicado, limpa o quadro preenchendo a cor de todos seus pixels com branco. Verifica se ao clicar no botão, o quadro de pixels é totalmente preenchido de branco",
              "timedOut": null,
              "duration": 6396,
              "state": "failed",
              "speed": null,
              "pass": false,
              "fail": true,
              "pending": false,
              "context": null,
              "code": "cy.get('.color').eq(1).then(function (color) {\n  var backgroundColor = color.css('background-color');\n  cy.wrap(color).click();\n  cy.get('.pixel').each(function (pixel) {\n    cy.wrap(pixel).click().should('have.css', 'background-color', backgroundColor);\n  });\n});\ncy.get('#clear-board').click();\ncy.get('.pixel').each(function (pixel) {\n  cy.wrap(pixel).should('have.css', 'background-color', WHITE);\n});",
              "err": {
                "message": "CypressError: Timed out retrying: Expected to find element: '#clear-board', but never found it.",
                "estack": "CypressError: Timed out retrying: Expected to find element: '#clear-board', but never found it.\n    at cypressErr (http://localhost:40953/__cypress/runner/cypress_runner.js:149934:9)\n    at throwErr (http://localhost:40953/__cypress/runner/cypress_runner.js:149867:11)\n    at Object.throwErrByPath (http://localhost:40953/__cypress/runner/cypress_runner.js:149915:3)\n    at retry (http://localhost:40953/__cypress/runner/cypress_runner.js:144197:19)\n    at onFailFn (http://localhost:40953/__cypress/runner/cypress_runner.js:132448:16)\n    at tryCatcher (http://localhost:40953/__cypress/runner/cypress_runner.js:167415:23)\n    at Promise._settlePromiseFromHandler (http://localhost:40953/__cypress/runner/cypress_runner.js:165351:31)\n    at Promise._settlePromise (http://localhost:40953/__cypress/runner/cypress_runner.js:165408:18)\n    at Promise._settlePromise0 (http://localhost:40953/__cypress/runner/cypress_runner.js:165453:10)\n    at Promise._settlePromises (http://localhost:40953/__cypress/runner/cypress_runner.js:165528:18)\n    at Async../node_modules/bluebird/js/release/async.js.Async._drainQueue (http://localhost:40953/__cypress/runner/cypress_runner.js:162140:16)\n    at Async../node_modules/bluebird/js/release/async.js.Async._drainQueues (http://localhost:40953/__cypress/runner/cypress_runner.js:162150:10)\n    at Async.drainQueues (http://localhost:40953/__cypress/runner/cypress_runner.js:162024:14)",
                "diff": null
              },
              "uuid": "da0983f5-ed94-4328-ab37-36c7b31770ae",
              "parentUUID": "b9236034-f671-441d-bf9d-481cfaab0cac",
              "isHook": false,
              "skipped": false
            }
          ],
          "suites": [],
          "passes": [],
          "failures": [
            "2fba7150-f2cf-4474-814e-0161f2b4d063",
            "be12a9bb-cb30-4772-a7f5-07380beaa046",
            "0752825c-da57-4758-8fe6-e5cda8fba6a2",
            "da0983f5-ed94-4328-ab37-36c7b31770ae"
          ],
          "pending": [],
          "skipped": [],
          "duration": 19300,
          "root": false,
          "rootEmpty": false,
          "_timeout": 2000
        },
        {
          "uuid": "693ad6cd-d6e8-4af4-808f-7a6447061e38",
          "title": "10 - Faça o quadro de pixels ter seu tamanho definido pelo usuário.",
          "fullFile": "",
          "file": "",
          "beforeHooks": [],
          "afterHooks": [],
          "tests": [
            {
              "title": "Verifica se existe um input com o id `board-size`",
              "fullTitle": "10 - Faça o quadro de pixels ter seu tamanho definido pelo usuário. Verifica se existe um input com o id `board-size`",
              "timedOut": null,
              "duration": 4335,
              "state": "failed",
              "speed": null,
              "pass": false,
              "fail": true,
              "pending": false,
              "context": null,
              "code": "cy.get('#board-size').should('be.visible');",
              "err": {
                "message": "CypressError: Timed out retrying: Expected to find element: '#board-size', but never found it.",
                "estack": "CypressError: Timed out retrying: Expected to find element: '#board-size', but never found it.\n    at cypressErr (http://localhost:40953/__cypress/runner/cypress_runner.js:149934:9)\n    at throwErr (http://localhost:40953/__cypress/runner/cypress_runner.js:149867:11)\n    at Object.throwErrByPath (http://localhost:40953/__cypress/runner/cypress_runner.js:149915:3)\n    at retry (http://localhost:40953/__cypress/runner/cypress_runner.js:144197:19)\n    at onFailFn (http://localhost:40953/__cypress/runner/cypress_runner.js:132448:16)\n    at tryCatcher (http://localhost:40953/__cypress/runner/cypress_runner.js:167415:23)\n    at Promise._settlePromiseFromHandler (http://localhost:40953/__cypress/runner/cypress_runner.js:165351:31)\n    at Promise._settlePromise (http://localhost:40953/__cypress/runner/cypress_runner.js:165408:18)\n    at Promise._settlePromise0 (http://localhost:40953/__cypress/runner/cypress_runner.js:165453:10)\n    at Promise._settlePromises (http://localhost:40953/__cypress/runner/cypress_runner.js:165528:18)\n    at Async../node_modules/bluebird/js/release/async.js.Async._drainQueue (http://localhost:40953/__cypress/runner/cypress_runner.js:162140:16)\n    at Async../node_modules/bluebird/js/release/async.js.Async._drainQueues (http://localhost:40953/__cypress/runner/cypress_runner.js:162150:10)\n    at Async.drainQueues (http://localhost:40953/__cypress/runner/cypress_runner.js:162024:14)",
                "diff": null
              },
              "uuid": "01a56062-7db7-4b44-bcfc-5b7fefc83cc9",
              "parentUUID": "693ad6cd-d6e8-4af4-808f-7a6447061e38",
              "isHook": false,
              "skipped": false
            },
            {
              "title": "Verifica se existe um botão com o id `generate-board`",
              "fullTitle": "10 - Faça o quadro de pixels ter seu tamanho definido pelo usuário. Verifica se existe um botão com o id `generate-board`",
              "timedOut": null,
              "duration": 4338,
              "state": "failed",
              "speed": null,
              "pass": false,
              "fail": true,
              "pending": false,
              "context": null,
              "code": "cy.get('#generate-board').should('be.visible');",
              "err": {
                "message": "CypressError: Timed out retrying: Expected to find element: '#generate-board', but never found it.",
                "estack": "CypressError: Timed out retrying: Expected to find element: '#generate-board', but never found it.\n    at cypressErr (http://localhost:40953/__cypress/runner/cypress_runner.js:149934:9)\n    at throwErr (http://localhost:40953/__cypress/runner/cypress_runner.js:149867:11)\n    at Object.throwErrByPath (http://localhost:40953/__cypress/runner/cypress_runner.js:149915:3)\n    at retry (http://localhost:40953/__cypress/runner/cypress_runner.js:144197:19)\n    at onFailFn (http://localhost:40953/__cypress/runner/cypress_runner.js:132448:16)\n    at tryCatcher (http://localhost:40953/__cypress/runner/cypress_runner.js:167415:23)\n    at Promise._settlePromiseFromHandler (http://localhost:40953/__cypress/runner/cypress_runner.js:165351:31)\n    at Promise._settlePromise (http://localhost:40953/__cypress/runner/cypress_runner.js:165408:18)\n    at Promise._settlePromise0 (http://localhost:40953/__cypress/runner/cypress_runner.js:165453:10)\n    at Promise._settlePromises (http://localhost:40953/__cypress/runner/cypress_runner.js:165528:18)\n    at Async../node_modules/bluebird/js/release/async.js.Async._drainQueue (http://localhost:40953/__cypress/runner/cypress_runner.js:162140:16)\n    at Async../node_modules/bluebird/js/release/async.js.Async._drainQueues (http://localhost:40953/__cypress/runner/cypress_runner.js:162150:10)\n    at Async.drainQueues (http://localhost:40953/__cypress/runner/cypress_runner.js:162024:14)",
                "diff": null
              },
              "uuid": "82086847-27b1-43d8-b83c-a6af1d3d575e",
              "parentUUID": "693ad6cd-d6e8-4af4-808f-7a6447061e38",
              "isHook": false,
              "skipped": false
            },
            {
              "title": "Verifica se o input só aceita número maiores que zero. Essa restrição deve ser feita usando os atributos do elemento `input`",
              "fullTitle": "10 - Faça o quadro de pixels ter seu tamanho definido pelo usuário. Verifica se o input só aceita número maiores que zero. Essa restrição deve ser feita usando os atributos do elemento `input`",
              "timedOut": null,
              "duration": 4316,
              "state": "failed",
              "speed": null,
              "pass": false,
              "fail": true,
              "pending": false,
              "context": null,
              "code": "cy.get('#board-size[type=\\'number\\'][min=\\'1\\']');",
              "err": {
                "message": "CypressError: Timed out retrying: Expected to find element: '#board-size[type='number'][min='1']', but never found it.",
                "estack": "CypressError: Timed out retrying: Expected to find element: '#board-size[type='number'][min='1']', but never found it.\n    at cypressErr (http://localhost:40953/__cypress/runner/cypress_runner.js:149934:9)\n    at throwErr (http://localhost:40953/__cypress/runner/cypress_runner.js:149867:11)\n    at Object.throwErrByPath (http://localhost:40953/__cypress/runner/cypress_runner.js:149915:3)\n    at retry (http://localhost:40953/__cypress/runner/cypress_runner.js:144197:19)\n    at onFailFn (http://localhost:40953/__cypress/runner/cypress_runner.js:132448:16)\n    at tryCatcher (http://localhost:40953/__cypress/runner/cypress_runner.js:167415:23)\n    at Promise._settlePromiseFromHandler (http://localhost:40953/__cypress/runner/cypress_runner.js:165351:31)\n    at Promise._settlePromise (http://localhost:40953/__cypress/runner/cypress_runner.js:165408:18)\n    at Promise._settlePromise0 (http://localhost:40953/__cypress/runner/cypress_runner.js:165453:10)\n    at Promise._settlePromises (http://localhost:40953/__cypress/runner/cypress_runner.js:165528:18)\n    at Async../node_modules/bluebird/js/release/async.js.Async._drainQueue (http://localhost:40953/__cypress/runner/cypress_runner.js:162140:16)\n    at Async../node_modules/bluebird/js/release/async.js.Async._drainQueues (http://localhost:40953/__cypress/runner/cypress_runner.js:162150:10)\n    at Async.drainQueues (http://localhost:40953/__cypress/runner/cypress_runner.js:162024:14)",
                "diff": null
              },
              "uuid": "234209d1-f75e-41f8-b649-76f4dcc0bae4",
              "parentUUID": "693ad6cd-d6e8-4af4-808f-7a6447061e38",
              "isHook": false,
              "skipped": false
            },
            {
              "title": "Verifica se o botão contém o texto 'VQV'",
              "fullTitle": "10 - Faça o quadro de pixels ter seu tamanho definido pelo usuário. Verifica se o botão contém o texto 'VQV'",
              "timedOut": null,
              "duration": 4332,
              "state": "failed",
              "speed": null,
              "pass": false,
              "fail": true,
              "pending": false,
              "context": null,
              "code": "cy.get('#generate-board').contains(/vqv/i);",
              "err": {
                "message": "CypressError: Timed out retrying: Expected to find element: '#generate-board', but never found it.",
                "estack": "CypressError: Timed out retrying: Expected to find element: '#generate-board', but never found it.\n    at cypressErr (http://localhost:40953/__cypress/runner/cypress_runner.js:149934:9)\n    at throwErr (http://localhost:40953/__cypress/runner/cypress_runner.js:149867:11)\n    at Object.throwErrByPath (http://localhost:40953/__cypress/runner/cypress_runner.js:149915:3)\n    at retry (http://localhost:40953/__cypress/runner/cypress_runner.js:144197:19)\n    at onFailFn (http://localhost:40953/__cypress/runner/cypress_runner.js:132448:16)\n    at tryCatcher (http://localhost:40953/__cypress/runner/cypress_runner.js:167415:23)\n    at Promise._settlePromiseFromHandler (http://localhost:40953/__cypress/runner/cypress_runner.js:165351:31)\n    at Promise._settlePromise (http://localhost:40953/__cypress/runner/cypress_runner.js:165408:18)\n    at Promise._settlePromise0 (http://localhost:40953/__cypress/runner/cypress_runner.js:165453:10)\n    at Promise._settlePromises (http://localhost:40953/__cypress/runner/cypress_runner.js:165528:18)\n    at Async../node_modules/bluebird/js/release/async.js.Async._drainQueue (http://localhost:40953/__cypress/runner/cypress_runner.js:162140:16)\n    at Async../node_modules/bluebird/js/release/async.js.Async._drainQueues (http://localhost:40953/__cypress/runner/cypress_runner.js:162150:10)\n    at Async.drainQueues (http://localhost:40953/__cypress/runner/cypress_runner.js:162024:14)",
                "diff": null
              },
              "uuid": "d6702eff-18c1-4643-9d1e-81b9ec195dba",
              "parentUUID": "693ad6cd-d6e8-4af4-808f-7a6447061e38",
              "isHook": false,
              "skipped": false
            },
            {
              "title": "Verifica se o input está posicionado entre a paleta de cores e o quadro de pixels",
              "fullTitle": "10 - Faça o quadro de pixels ter seu tamanho definido pelo usuário. Verifica se o input está posicionado entre a paleta de cores e o quadro de pixels",
              "timedOut": null,
              "duration": 4301,
              "state": "failed",
              "speed": null,
              "pass": false,
              "fail": true,
              "pending": false,
              "context": null,
              "code": "cy.get('#color-palette').then(function (palette) {\n  cy.get('#board-size').should('be.belowOf', palette);\n});\ncy.get('#board-size').then(function (palette) {\n  cy.get('#pixel-board').should('be.belowOf', palette);\n});",
              "err": {
                "message": "CypressError: Timed out retrying: Expected to find element: '#board-size', but never found it.",
                "estack": "CypressError: Timed out retrying: Expected to find element: '#board-size', but never found it.\n    at cypressErr (http://localhost:40953/__cypress/runner/cypress_runner.js:149934:9)\n    at throwErr (http://localhost:40953/__cypress/runner/cypress_runner.js:149867:11)\n    at Object.throwErrByPath (http://localhost:40953/__cypress/runner/cypress_runner.js:149915:3)\n    at retry (http://localhost:40953/__cypress/runner/cypress_runner.js:144197:19)\n    at onFailFn (http://localhost:40953/__cypress/runner/cypress_runner.js:132448:16)\n    at tryCatcher (http://localhost:40953/__cypress/runner/cypress_runner.js:167415:23)\n    at Promise._settlePromiseFromHandler (http://localhost:40953/__cypress/runner/cypress_runner.js:165351:31)\n    at Promise._settlePromise (http://localhost:40953/__cypress/runner/cypress_runner.js:165408:18)\n    at Promise._settlePromise0 (http://localhost:40953/__cypress/runner/cypress_runner.js:165453:10)\n    at Promise._settlePromises (http://localhost:40953/__cypress/runner/cypress_runner.js:165528:18)\n    at Async../node_modules/bluebird/js/release/async.js.Async._drainQueue (http://localhost:40953/__cypress/runner/cypress_runner.js:162140:16)\n    at Async../node_modules/bluebird/js/release/async.js.Async._drainQueues (http://localhost:40953/__cypress/runner/cypress_runner.js:162150:10)\n    at Async.drainQueues (http://localhost:40953/__cypress/runner/cypress_runner.js:162024:14)",
                "diff": null
              },
              "uuid": "fbd9a5fd-19fb-4b01-b940-9b3aabfe6a11",
              "parentUUID": "693ad6cd-d6e8-4af4-808f-7a6447061e38",
              "isHook": false,
              "skipped": false
            },
            {
              "title": "Verifica se o botão está posicionado ao lado do input",
              "fullTitle": "10 - Faça o quadro de pixels ter seu tamanho definido pelo usuário. Verifica se o botão está posicionado ao lado do input",
              "timedOut": null,
              "duration": 4302,
              "state": "failed",
              "speed": null,
              "pass": false,
              "fail": true,
              "pending": false,
              "context": null,
              "code": "cy.get('#board-size').then(function (board) {\n  cy.get('#generate-board').should('be.onTheRightOf', board);\n});",
              "err": {
                "message": "CypressError: Timed out retrying: Expected to find element: '#board-size', but never found it.",
                "estack": "CypressError: Timed out retrying: Expected to find element: '#board-size', but never found it.\n    at cypressErr (http://localhost:40953/__cypress/runner/cypress_runner.js:149934:9)\n    at throwErr (http://localhost:40953/__cypress/runner/cypress_runner.js:149867:11)\n    at Object.throwErrByPath (http://localhost:40953/__cypress/runner/cypress_runner.js:149915:3)\n    at retry (http://localhost:40953/__cypress/runner/cypress_runner.js:144197:19)\n    at onFailFn (http://localhost:40953/__cypress/runner/cypress_runner.js:132448:16)\n    at tryCatcher (http://localhost:40953/__cypress/runner/cypress_runner.js:167415:23)\n    at Promise._settlePromiseFromHandler (http://localhost:40953/__cypress/runner/cypress_runner.js:165351:31)\n    at Promise._settlePromise (http://localhost:40953/__cypress/runner/cypress_runner.js:165408:18)\n    at Promise._settlePromise0 (http://localhost:40953/__cypress/runner/cypress_runner.js:165453:10)\n    at Promise._settlePromises (http://localhost:40953/__cypress/runner/cypress_runner.js:165528:18)\n    at Async../node_modules/bluebird/js/release/async.js.Async._drainQueue (http://localhost:40953/__cypress/runner/cypress_runner.js:162140:16)\n    at Async../node_modules/bluebird/js/release/async.js.Async._drainQueues (http://localhost:40953/__cypress/runner/cypress_runner.js:162150:10)\n    at Async.drainQueues (http://localhost:40953/__cypress/runner/cypress_runner.js:162024:14)",
                "diff": null
              },
              "uuid": "0c71a473-5364-4a8e-b6d0-528cac04e297",
              "parentUUID": "693ad6cd-d6e8-4af4-808f-7a6447061e38",
              "isHook": false,
              "skipped": false
            },
            {
              "title": "Verifica se nenhum valor for colocado no input ao clicar no botão, um `alert` é exibido com o texto: 'Board inválido!'",
              "fullTitle": "10 - Faça o quadro de pixels ter seu tamanho definido pelo usuário. Verifica se nenhum valor for colocado no input ao clicar no botão, um `alert` é exibido com o texto: 'Board inválido!'",
              "timedOut": null,
              "duration": 4297,
              "state": "failed",
              "speed": null,
              "pass": false,
              "fail": true,
              "pending": false,
              "context": null,
              "code": "var alerted = false;\ncy.on('window:alert', function (msg) {\n  return alerted = msg;\n});\ncy.get('#generate-board').click().then(function () {\n  return expect(alerted).to.match(/Board inválido!/i);\n});",
              "err": {
                "message": "CypressError: Timed out retrying: Expected to find element: '#generate-board', but never found it.",
                "estack": "CypressError: Timed out retrying: Expected to find element: '#generate-board', but never found it.\n    at cypressErr (http://localhost:40953/__cypress/runner/cypress_runner.js:149934:9)\n    at throwErr (http://localhost:40953/__cypress/runner/cypress_runner.js:149867:11)\n    at Object.throwErrByPath (http://localhost:40953/__cypress/runner/cypress_runner.js:149915:3)\n    at retry (http://localhost:40953/__cypress/runner/cypress_runner.js:144197:19)\n    at onFailFn (http://localhost:40953/__cypress/runner/cypress_runner.js:132448:16)\n    at tryCatcher (http://localhost:40953/__cypress/runner/cypress_runner.js:167415:23)\n    at Promise._settlePromiseFromHandler (http://localhost:40953/__cypress/runner/cypress_runner.js:165351:31)\n    at Promise._settlePromise (http://localhost:40953/__cypress/runner/cypress_runner.js:165408:18)\n    at Promise._settlePromise0 (http://localhost:40953/__cypress/runner/cypress_runner.js:165453:10)\n    at Promise._settlePromises (http://localhost:40953/__cypress/runner/cypress_runner.js:165528:18)\n    at Async../node_modules/bluebird/js/release/async.js.Async._drainQueue (http://localhost:40953/__cypress/runner/cypress_runner.js:162140:16)\n    at Async../node_modules/bluebird/js/release/async.js.Async._drainQueues (http://localhost:40953/__cypress/runner/cypress_runner.js:162150:10)\n    at Async.drainQueues (http://localhost:40953/__cypress/runner/cypress_runner.js:162024:14)",
                "diff": null
              },
              "uuid": "32cbb478-a910-4d6b-b722-3ef1eac96765",
              "parentUUID": "693ad6cd-d6e8-4af4-808f-7a6447061e38",
              "isHook": false,
              "skipped": false
            },
            {
              "title": "Verifica se ao clicar no botão com um valor preenchido, o tamanho do board muda.",
              "fullTitle": "10 - Faça o quadro de pixels ter seu tamanho definido pelo usuário. Verifica se ao clicar no botão com um valor preenchido, o tamanho do board muda.",
              "timedOut": null,
              "duration": 4317,
              "state": "failed",
              "speed": null,
              "pass": false,
              "fail": true,
              "pending": false,
              "context": null,
              "code": "cy.get('#board-size').clear().type(10);\ncy.get('#generate-board').click();\ncy.get('.pixel').should('have.length', 100);",
              "err": {
                "message": "CypressError: Timed out retrying: Expected to find element: '#board-size', but never found it.",
                "estack": "CypressError: Timed out retrying: Expected to find element: '#board-size', but never found it.\n    at cypressErr (http://localhost:40953/__cypress/runner/cypress_runner.js:149934:9)\n    at throwErr (http://localhost:40953/__cypress/runner/cypress_runner.js:149867:11)\n    at Object.throwErrByPath (http://localhost:40953/__cypress/runner/cypress_runner.js:149915:3)\n    at retry (http://localhost:40953/__cypress/runner/cypress_runner.js:144197:19)\n    at onFailFn (http://localhost:40953/__cypress/runner/cypress_runner.js:132448:16)\n    at tryCatcher (http://localhost:40953/__cypress/runner/cypress_runner.js:167415:23)\n    at Promise._settlePromiseFromHandler (http://localhost:40953/__cypress/runner/cypress_runner.js:165351:31)\n    at Promise._settlePromise (http://localhost:40953/__cypress/runner/cypress_runner.js:165408:18)\n    at Promise._settlePromise0 (http://localhost:40953/__cypress/runner/cypress_runner.js:165453:10)\n    at Promise._settlePromises (http://localhost:40953/__cypress/runner/cypress_runner.js:165528:18)\n    at Async../node_modules/bluebird/js/release/async.js.Async._drainQueue (http://localhost:40953/__cypress/runner/cypress_runner.js:162140:16)\n    at Async../node_modules/bluebird/js/release/async.js.Async._drainQueues (http://localhost:40953/__cypress/runner/cypress_runner.js:162150:10)\n    at Async.drainQueues (http://localhost:40953/__cypress/runner/cypress_runner.js:162024:14)",
                "diff": null
              },
              "uuid": "85db5bfe-9e65-4a13-b213-0645075e2f0b",
              "parentUUID": "693ad6cd-d6e8-4af4-808f-7a6447061e38",
              "isHook": false,
              "skipped": false
            },
            {
              "title": "Verifica se o novo quadro tem todos os pixels preenchidos com a cor branca",
              "fullTitle": "10 - Faça o quadro de pixels ter seu tamanho definido pelo usuário. Verifica se o novo quadro tem todos os pixels preenchidos com a cor branca",
              "timedOut": null,
              "duration": 4303,
              "state": "failed",
              "speed": null,
              "pass": false,
              "fail": true,
              "pending": false,
              "context": null,
              "code": "cy.get('#board-size').clear().type(6);\ncy.get('#generate-board').click();\ncy.get('.pixel').should('have.length', 36).each(function (pixel) {\n  expect(pixel).to.have.css('background-color', WHITE);\n});",
              "err": {
                "message": "CypressError: Timed out retrying: Expected to find element: '#board-size', but never found it.",
                "estack": "CypressError: Timed out retrying: Expected to find element: '#board-size', but never found it.\n    at cypressErr (http://localhost:40953/__cypress/runner/cypress_runner.js:149934:9)\n    at throwErr (http://localhost:40953/__cypress/runner/cypress_runner.js:149867:11)\n    at Object.throwErrByPath (http://localhost:40953/__cypress/runner/cypress_runner.js:149915:3)\n    at retry (http://localhost:40953/__cypress/runner/cypress_runner.js:144197:19)\n    at onFailFn (http://localhost:40953/__cypress/runner/cypress_runner.js:132448:16)\n    at tryCatcher (http://localhost:40953/__cypress/runner/cypress_runner.js:167415:23)\n    at Promise._settlePromiseFromHandler (http://localhost:40953/__cypress/runner/cypress_runner.js:165351:31)\n    at Promise._settlePromise (http://localhost:40953/__cypress/runner/cypress_runner.js:165408:18)\n    at Promise._settlePromise0 (http://localhost:40953/__cypress/runner/cypress_runner.js:165453:10)\n    at Promise._settlePromises (http://localhost:40953/__cypress/runner/cypress_runner.js:165528:18)\n    at Async../node_modules/bluebird/js/release/async.js.Async._drainQueue (http://localhost:40953/__cypress/runner/cypress_runner.js:162140:16)\n    at Async../node_modules/bluebird/js/release/async.js.Async._drainQueues (http://localhost:40953/__cypress/runner/cypress_runner.js:162150:10)\n    at Async.drainQueues (http://localhost:40953/__cypress/runner/cypress_runner.js:162024:14)",
                "diff": null
              },
              "uuid": "0f86aea4-c3ae-4e2c-85bf-925cb614d7a2",
              "parentUUID": "693ad6cd-d6e8-4af4-808f-7a6447061e38",
              "isHook": false,
              "skipped": false
            }
          ],
          "suites": [],
          "passes": [],
          "failures": [
            "01a56062-7db7-4b44-bcfc-5b7fefc83cc9",
            "82086847-27b1-43d8-b83c-a6af1d3d575e",
            "234209d1-f75e-41f8-b649-76f4dcc0bae4",
            "d6702eff-18c1-4643-9d1e-81b9ec195dba",
            "fbd9a5fd-19fb-4b01-b940-9b3aabfe6a11",
            "0c71a473-5364-4a8e-b6d0-528cac04e297",
            "32cbb478-a910-4d6b-b722-3ef1eac96765",
            "85db5bfe-9e65-4a13-b213-0645075e2f0b",
            "0f86aea4-c3ae-4e2c-85bf-925cb614d7a2"
          ],
          "pending": [],
          "skipped": [],
          "duration": 38841,
          "root": false,
          "rootEmpty": false,
          "_timeout": 2000
        },
        {
          "uuid": "0c662a58-981b-4f47-85c3-f887aebc031b",
          "title": "11 - Limite o tamanho mínimo e máximo do board.",
          "fullFile": "",
          "file": "",
          "beforeHooks": [],
          "afterHooks": [],
          "tests": [
            {
              "title": "Verifica se a altura máxima do board é 50",
              "fullTitle": "11 - Limite o tamanho mínimo e máximo do board. Verifica se a altura máxima do board é 50",
              "timedOut": null,
              "duration": 4326,
              "state": "failed",
              "speed": null,
              "pass": false,
              "fail": true,
              "pending": false,
              "context": null,
              "code": "cy.get('#board-size').clear().type(50);\ncy.get('#generate-board').click();\ncy.get('.pixel').should('have.length', 2500);",
              "err": {
                "message": "CypressError: Timed out retrying: Expected to find element: '#board-size', but never found it.",
                "estack": "CypressError: Timed out retrying: Expected to find element: '#board-size', but never found it.\n    at cypressErr (http://localhost:40953/__cypress/runner/cypress_runner.js:149934:9)\n    at throwErr (http://localhost:40953/__cypress/runner/cypress_runner.js:149867:11)\n    at Object.throwErrByPath (http://localhost:40953/__cypress/runner/cypress_runner.js:149915:3)\n    at retry (http://localhost:40953/__cypress/runner/cypress_runner.js:144197:19)\n    at onFailFn (http://localhost:40953/__cypress/runner/cypress_runner.js:132448:16)\n    at tryCatcher (http://localhost:40953/__cypress/runner/cypress_runner.js:167415:23)\n    at Promise._settlePromiseFromHandler (http://localhost:40953/__cypress/runner/cypress_runner.js:165351:31)\n    at Promise._settlePromise (http://localhost:40953/__cypress/runner/cypress_runner.js:165408:18)\n    at Promise._settlePromise0 (http://localhost:40953/__cypress/runner/cypress_runner.js:165453:10)\n    at Promise._settlePromises (http://localhost:40953/__cypress/runner/cypress_runner.js:165528:18)\n    at Async../node_modules/bluebird/js/release/async.js.Async._drainQueue (http://localhost:40953/__cypress/runner/cypress_runner.js:162140:16)\n    at Async../node_modules/bluebird/js/release/async.js.Async._drainQueues (http://localhost:40953/__cypress/runner/cypress_runner.js:162150:10)\n    at Async.drainQueues (http://localhost:40953/__cypress/runner/cypress_runner.js:162024:14)",
                "diff": null
              },
              "uuid": "6bc8c5b6-6303-4acf-99a4-f098e31a6531",
              "parentUUID": "0c662a58-981b-4f47-85c3-f887aebc031b",
              "isHook": false,
              "skipped": false
            },
            {
              "title": "Verifica se a altura do board é 5 quando um valor menor é colocado no input",
              "fullTitle": "11 - Limite o tamanho mínimo e máximo do board. Verifica se a altura do board é 5 quando um valor menor é colocado no input",
              "timedOut": null,
              "duration": 4427,
              "state": "failed",
              "speed": null,
              "pass": false,
              "fail": true,
              "pending": false,
              "context": null,
              "code": "cy.get('#board-size').clear().type(4);\ncy.get('#generate-board').click();\ncy.get('.pixel').should('have.length', 25);",
              "err": {
                "message": "CypressError: Timed out retrying: Expected to find element: '#board-size', but never found it.",
                "estack": "CypressError: Timed out retrying: Expected to find element: '#board-size', but never found it.\n    at cypressErr (http://localhost:40953/__cypress/runner/cypress_runner.js:149934:9)\n    at throwErr (http://localhost:40953/__cypress/runner/cypress_runner.js:149867:11)\n    at Object.throwErrByPath (http://localhost:40953/__cypress/runner/cypress_runner.js:149915:3)\n    at retry (http://localhost:40953/__cypress/runner/cypress_runner.js:144197:19)\n    at onFailFn (http://localhost:40953/__cypress/runner/cypress_runner.js:132448:16)\n    at tryCatcher (http://localhost:40953/__cypress/runner/cypress_runner.js:167415:23)\n    at Promise._settlePromiseFromHandler (http://localhost:40953/__cypress/runner/cypress_runner.js:165351:31)\n    at Promise._settlePromise (http://localhost:40953/__cypress/runner/cypress_runner.js:165408:18)\n    at Promise._settlePromise0 (http://localhost:40953/__cypress/runner/cypress_runner.js:165453:10)\n    at Promise._settlePromises (http://localhost:40953/__cypress/runner/cypress_runner.js:165528:18)\n    at Async../node_modules/bluebird/js/release/async.js.Async._drainQueue (http://localhost:40953/__cypress/runner/cypress_runner.js:162140:16)\n    at Async../node_modules/bluebird/js/release/async.js.Async._drainQueues (http://localhost:40953/__cypress/runner/cypress_runner.js:162150:10)\n    at Async.drainQueues (http://localhost:40953/__cypress/runner/cypress_runner.js:162024:14)",
                "diff": null
              },
              "uuid": "53f706c0-4a93-48b3-804b-3d2bef8b3baa",
              "parentUUID": "0c662a58-981b-4f47-85c3-f887aebc031b",
              "isHook": false,
              "skipped": false
            },
            {
              "title": "Verifica se a altura do board é 50 quando um valor maior é colocado no input",
              "fullTitle": "11 - Limite o tamanho mínimo e máximo do board. Verifica se a altura do board é 50 quando um valor maior é colocado no input",
              "timedOut": null,
              "duration": 4388,
              "state": "failed",
              "speed": null,
              "pass": false,
              "fail": true,
              "pending": false,
              "context": null,
              "code": "cy.get('#board-size').clear().type(51);\ncy.get('#generate-board').click();\ncy.get('.pixel').should('have.length', 2500);",
              "err": {
                "message": "CypressError: Timed out retrying: Expected to find element: '#board-size', but never found it.",
                "estack": "CypressError: Timed out retrying: Expected to find element: '#board-size', but never found it.\n    at cypressErr (http://localhost:40953/__cypress/runner/cypress_runner.js:149934:9)\n    at throwErr (http://localhost:40953/__cypress/runner/cypress_runner.js:149867:11)\n    at Object.throwErrByPath (http://localhost:40953/__cypress/runner/cypress_runner.js:149915:3)\n    at retry (http://localhost:40953/__cypress/runner/cypress_runner.js:144197:19)\n    at onFailFn (http://localhost:40953/__cypress/runner/cypress_runner.js:132448:16)\n    at tryCatcher (http://localhost:40953/__cypress/runner/cypress_runner.js:167415:23)\n    at Promise._settlePromiseFromHandler (http://localhost:40953/__cypress/runner/cypress_runner.js:165351:31)\n    at Promise._settlePromise (http://localhost:40953/__cypress/runner/cypress_runner.js:165408:18)\n    at Promise._settlePromise0 (http://localhost:40953/__cypress/runner/cypress_runner.js:165453:10)\n    at Promise._settlePromises (http://localhost:40953/__cypress/runner/cypress_runner.js:165528:18)\n    at Async../node_modules/bluebird/js/release/async.js.Async._drainQueue (http://localhost:40953/__cypress/runner/cypress_runner.js:162140:16)\n    at Async../node_modules/bluebird/js/release/async.js.Async._drainQueues (http://localhost:40953/__cypress/runner/cypress_runner.js:162150:10)\n    at Async.drainQueues (http://localhost:40953/__cypress/runner/cypress_runner.js:162024:14)",
                "diff": null
              },
              "uuid": "f2b7623f-ee6a-47f4-afa0-a4aae9724455",
              "parentUUID": "0c662a58-981b-4f47-85c3-f887aebc031b",
              "isHook": false,
              "skipped": false
            }
          ],
          "suites": [],
          "passes": [],
          "failures": [
            "6bc8c5b6-6303-4acf-99a4-f098e31a6531",
            "53f706c0-4a93-48b3-804b-3d2bef8b3baa",
            "f2b7623f-ee6a-47f4-afa0-a4aae9724455"
          ],
          "pending": [],
          "skipped": [],
          "duration": 13141,
          "root": false,
          "rootEmpty": false,
          "_timeout": 2000
        },
        {
          "uuid": "23494ba3-c9d7-43fb-ab8e-809ae1296776",
          "title": "12 - Faça com que as cores da paleta sejam geradas aleatoriamente ao carregar a página.",
          "fullFile": "",
          "file": "",
          "beforeHooks": [],
          "afterHooks": [],
          "tests": [
            {
              "title": "Verifica se as cores geradas na paleta são diferentes a cada carregamento da página",
              "fullTitle": "12 - Faça com que as cores da paleta sejam geradas aleatoriamente ao carregar a página. Verifica se as cores geradas na paleta são diferentes a cada carregamento da página",
              "timedOut": null,
              "duration": 496,
              "state": "passed",
              "speed": "slow",
              "pass": true,
              "fail": false,
              "pending": false,
              "context": null,
              "code": "cy.get('.color').then(function (colors) {\n  var currentColors;\n  var previousColors;\n  previousColors = Array.from(colors).map(function (color) {\n    return Cypress.$(color).css('background-color');\n  });\n  for (var i = 0; i < 5; i += 1) {\n    cy.reload();\n    cy.get('.color').then(function (colors) {\n      currentColors = Array.from(colors).map(function (color) {\n        return Cypress.$(color).css('background-color');\n      });\n      expect(currentColors).not.to.deep.equal(previousColors);\n      previousColors = currentColors;\n    });\n  }\n});",
              "err": {},
              "uuid": "e01ad886-01d4-4448-a1ba-8eb371dabe06",
              "parentUUID": "23494ba3-c9d7-43fb-ab8e-809ae1296776",
              "isHook": false,
              "skipped": false
            },
            {
              "title": "Verifica se a cor preta ainda está presente e é a primeira na sua paleta de cores",
              "fullTitle": "12 - Faça com que as cores da paleta sejam geradas aleatoriamente ao carregar a página. Verifica se a cor preta ainda está presente e é a primeira na sua paleta de cores",
              "timedOut": null,
              "duration": 502,
              "state": "passed",
              "speed": "slow",
              "pass": true,
              "fail": false,
              "pending": false,
              "context": null,
              "code": "cy.get('.color').then(function (colors) {\n  var currentColors;\n  var previousColors;\n  previousColors = Array.from(colors).map(function (color) {\n    return Cypress.$(color).css('background-color');\n  });\n  expect(previousColors[0]).to.eq(BLACK);\n  for (var i = 0; i < 5; i += 1) {\n    cy.reload();\n    cy.get('.color').then(function (colors) {\n      currentColors = Array.from(colors).map(function (color) {\n        return Cypress.$(color).css('background-color');\n      });\n      expect(currentColors[0]).to.eq(BLACK);\n      expect(currentColors).not.to.deep.equal(previousColors);\n      previousColors = currentColors;\n    });\n  }\n});",
              "err": {},
              "uuid": "6701bc0b-490f-45f9-ae06-be74b08fed84",
              "parentUUID": "23494ba3-c9d7-43fb-ab8e-809ae1296776",
              "isHook": false,
              "skipped": false
            }
          ],
          "suites": [],
          "passes": [
            "e01ad886-01d4-4448-a1ba-8eb371dabe06",
            "6701bc0b-490f-45f9-ae06-be74b08fed84"
          ],
          "failures": [],
          "pending": [],
          "skipped": [],
          "duration": 998,
          "root": false,
          "rootEmpty": false,
          "_timeout": 2000
        }
      ],
      "passes": [],
      "failures": [],
      "pending": [],
      "skipped": [],
      "duration": 0,
      "root": true,
      "rootEmpty": true,
      "_timeout": 2000
    }
  ],
  "meta": {
    "mocha": {
      "version": "7.0.1"
    },
    "mochawesome": {
      "options": {
        "quiet": false,
        "reportFilename": "mochawesome",
        "saveHtml": false,
        "saveJson": true,
        "consoleReporter": "spec",
        "useInlineDiffs": false
      },
      "version": "4.1.0"
    },
    "marge": {
      "options": {
        "id": "default",
        "reportDir": "cypress/reports",
        "overwrite": true,
        "html": false,
        "json": true
      },
      "version": "4.1.0"
    }
  }
}