{
  "stats": {
    "suites": 12,
    "tests": 41,
    "passes": 17,
    "pending": 0,
    "failures": 24,
    "start": "2021-08-04T03:22:41.342Z",
    "end": "2021-08-04T03:24:19.205Z",
    "duration": 97863,
    "testsRegistered": 41,
    "passPercent": 41.46341463414634,
    "pendingPercent": 0,
    "other": 0,
    "hasOther": false,
    "skipped": 0,
    "hasSkipped": false
  },
  "results": [
    {
      "uuid": "24c4feb4-94d3-4c90-a00b-5411f91029ac",
      "title": "",
      "fullFile": "cypress/integration/project.spec.js",
      "file": "cypress/integration/project.spec.js",
      "beforeHooks": [],
      "afterHooks": [],
      "tests": [],
      "suites": [
        {
          "uuid": "f1fd2fa8-c751-4cd9-810e-95b8adbf3a12",
          "title": "1 - Adicione à página o título \"Paleta de Cores\".",
          "fullFile": "",
          "file": "",
          "beforeHooks": [],
          "afterHooks": [],
          "tests": [
            {
              "title": "Verifica se contém um elemento `h1` com o id `title` com o título correto",
              "fullTitle": "1 - Adicione à página o título \"Paleta de Cores\". Verifica se contém um elemento `h1` com o id `title` com o título correto",
              "timedOut": null,
              "duration": 140,
              "state": "passed",
              "speed": "slow",
              "pass": true,
              "fail": false,
              "pending": false,
              "context": null,
              "code": "cy.get('h1#title').should('contain.text', 'Paleta de Cores');",
              "err": {},
              "uuid": "efda38db-ee50-43db-ad56-51afa1809a76",
              "parentUUID": "f1fd2fa8-c751-4cd9-810e-95b8adbf3a12",
              "isHook": false,
              "skipped": false
            }
          ],
          "suites": [],
          "passes": [
            "efda38db-ee50-43db-ad56-51afa1809a76"
          ],
          "failures": [],
          "pending": [],
          "skipped": [],
          "duration": 140,
          "root": false,
          "rootEmpty": false,
          "_timeout": 2000
        },
        {
          "uuid": "428e7c2d-3bff-41c4-9abb-6ad3eb6cf5a6",
          "title": "2 - Adicione à página uma paleta de quatro cores distintas.",
          "fullFile": "",
          "file": "",
          "beforeHooks": [],
          "afterHooks": [],
          "tests": [
            {
              "title": "A paleta de cores deve ser um elemento com `id` denominado `color-palette`",
              "fullTitle": "2 - Adicione à página uma paleta de quatro cores distintas. A paleta de cores deve ser um elemento com `id` denominado `color-palette`",
              "timedOut": null,
              "duration": 65,
              "state": "passed",
              "speed": "medium",
              "pass": true,
              "fail": false,
              "pending": false,
              "context": null,
              "code": "cy.get('#color-palette').should('be.visible');",
              "err": {},
              "uuid": "482308af-3b51-401e-92b8-efed4b9e27ff",
              "parentUUID": "428e7c2d-3bff-41c4-9abb-6ad3eb6cf5a6",
              "isHook": false,
              "skipped": false
            },
            {
              "title": "Verifica se cada cor individual da paleta de cores possui a `classe` chamada `color`.",
              "fullTitle": "2 - Adicione à página uma paleta de quatro cores distintas. Verifica se cada cor individual da paleta de cores possui a `classe` chamada `color`.",
              "timedOut": null,
              "duration": 85,
              "state": "passed",
              "speed": "slow",
              "pass": true,
              "fail": false,
              "pending": false,
              "context": null,
              "code": "cy.get('.color').should('have.length', 4).then(function (colors) {\n  for (var i = 0; i < colors.length; i++) {\n    cy.wrap(colors[i]).should('be.visible');\n  }\n});",
              "err": {},
              "uuid": "dc9573f2-fcc7-4ffc-85ee-d35e52888dc7",
              "parentUUID": "428e7c2d-3bff-41c4-9abb-6ad3eb6cf5a6",
              "isHook": false,
              "skipped": false
            },
            {
              "title": "Verifica se a cor de fundo de cada elemento da paleta é a cor que o elemento representa. **A única cor não permitida na paleta é a cor branca.**",
              "fullTitle": "2 - Adicione à página uma paleta de quatro cores distintas. Verifica se a cor de fundo de cada elemento da paleta é a cor que o elemento representa. **A única cor não permitida na paleta é a cor branca.**",
              "timedOut": null,
              "duration": 112,
              "state": "passed",
              "speed": "slow",
              "pass": true,
              "fail": false,
              "pending": false,
              "context": null,
              "code": "cy.get('.color').each(function (color) {\n  cy.wrap(color).should('have.class', 'color').and('not.have.css', 'background-color', WHITE);\n  cy.wrap(color).should('have.css', 'background-color');\n});",
              "err": {},
              "uuid": "ceefa3c3-b8c8-4fc9-940c-623e1a5da77d",
              "parentUUID": "428e7c2d-3bff-41c4-9abb-6ad3eb6cf5a6",
              "isHook": false,
              "skipped": false
            },
            {
              "title": "Verifica se cada elemento da paleta de cores tem uma borda preta, sólida e com 1 pixel de largura;",
              "fullTitle": "2 - Adicione à página uma paleta de quatro cores distintas. Verifica se cada elemento da paleta de cores tem uma borda preta, sólida e com 1 pixel de largura;",
              "timedOut": null,
              "duration": 82,
              "state": "passed",
              "speed": "slow",
              "pass": true,
              "fail": false,
              "pending": false,
              "context": null,
              "code": "cy.get('.color').each(function (color) {\n  cy.wrap(color).and('have.css', 'border', \"1px solid \".concat(BLACK)).and('have.class', 'color');\n});",
              "err": {},
              "uuid": "9e5ede16-17b8-4734-972d-932575f8e9e7",
              "parentUUID": "428e7c2d-3bff-41c4-9abb-6ad3eb6cf5a6",
              "isHook": false,
              "skipped": false
            },
            {
              "title": "Verifica se a paleta lista todas as cores disponíveis para utilização, lado a lado.",
              "fullTitle": "2 - Adicione à página uma paleta de quatro cores distintas. Verifica se a paleta lista todas as cores disponíveis para utilização, lado a lado.",
              "timedOut": null,
              "duration": 96,
              "state": "passed",
              "speed": "slow",
              "pass": true,
              "fail": false,
              "pending": false,
              "context": null,
              "code": "cy.get('.color').then(function (colors) {\n  for (var index = 1; index < colors.length; index += 1) {\n    var currentColor = colors[index];\n    var previousColor = colors[index - 1];\n    cy.wrap(currentColor).should('be.onTheRightOf', previousColor).and('be.horizontallyAlignedWith', previousColor);\n  }\n});",
              "err": {},
              "uuid": "dea1c9c2-1f3f-4fd8-85cd-d3dca00cedd4",
              "parentUUID": "428e7c2d-3bff-41c4-9abb-6ad3eb6cf5a6",
              "isHook": false,
              "skipped": false
            },
            {
              "title": "Verifica se a paleta de cores está posicionada abaixo do título 'Paleta de Cores'",
              "fullTitle": "2 - Adicione à página uma paleta de quatro cores distintas. Verifica se a paleta de cores está posicionada abaixo do título 'Paleta de Cores'",
              "timedOut": null,
              "duration": 90,
              "state": "passed",
              "speed": "slow",
              "pass": true,
              "fail": false,
              "pending": false,
              "context": null,
              "code": "cy.get('h1#title').then(function (title) {\n  cy.get('#color-palette').should('be.belowOf', title);\n});",
              "err": {},
              "uuid": "d006387b-5151-40a2-8f9e-fe40ddf85c89",
              "parentUUID": "428e7c2d-3bff-41c4-9abb-6ad3eb6cf5a6",
              "isHook": false,
              "skipped": false
            },
            {
              "title": "Verifica se a paleta de cores não contém cores repetidas.",
              "fullTitle": "2 - Adicione à página uma paleta de quatro cores distintas. Verifica se a paleta de cores não contém cores repetidas.",
              "timedOut": null,
              "duration": 86,
              "state": "passed",
              "speed": "slow",
              "pass": true,
              "fail": false,
              "pending": false,
              "context": null,
              "code": "cy.get('.color').then(function (colors) {\n  var allColors = Array.from(colors).map(function (color) {\n    return Cypress.$(color).css('background-color');\n  });\n  cy.log(allColors);\n  var uniqColors = (0, _toConsumableArray2[\"default\"])(new Set(allColors));\n  cy.log(uniqColors);\n  expect(allColors.length).to.eq(uniqColors.length);\n});",
              "err": {},
              "uuid": "e0039c35-136f-4730-8f64-db5d7e935744",
              "parentUUID": "428e7c2d-3bff-41c4-9abb-6ad3eb6cf5a6",
              "isHook": false,
              "skipped": false
            }
          ],
          "suites": [],
          "passes": [
            "482308af-3b51-401e-92b8-efed4b9e27ff",
            "dc9573f2-fcc7-4ffc-85ee-d35e52888dc7",
            "ceefa3c3-b8c8-4fc9-940c-623e1a5da77d",
            "9e5ede16-17b8-4734-972d-932575f8e9e7",
            "dea1c9c2-1f3f-4fd8-85cd-d3dca00cedd4",
            "d006387b-5151-40a2-8f9e-fe40ddf85c89",
            "e0039c35-136f-4730-8f64-db5d7e935744"
          ],
          "failures": [],
          "pending": [],
          "skipped": [],
          "duration": 616,
          "root": false,
          "rootEmpty": false,
          "_timeout": 2000
        },
        {
          "uuid": "2ddc4b9b-2f0d-4cd3-84ce-2b193879a2eb",
          "title": "3 - Adicione a cor **preta** como a primeira cor da paleta de cores.",
          "fullFile": "",
          "file": "",
          "beforeHooks": [],
          "afterHooks": [],
          "tests": [
            {
              "title": "Verifica se a primeira cor da paleta é preta",
              "fullTitle": "3 - Adicione a cor **preta** como a primeira cor da paleta de cores. Verifica se a primeira cor da paleta é preta",
              "timedOut": null,
              "duration": 89,
              "state": "passed",
              "speed": "slow",
              "pass": true,
              "fail": false,
              "pending": false,
              "context": null,
              "code": "cy.get('.color').first().should('have.css', 'background-color', BLACK);",
              "err": {},
              "uuid": "47db8a2a-6486-4547-b071-9d552f5b2ae5",
              "parentUUID": "2ddc4b9b-2f0d-4cd3-84ce-2b193879a2eb",
              "isHook": false,
              "skipped": false
            },
            {
              "title": "Verifica se as demais cores podem ser escolhidas livremente.",
              "fullTitle": "3 - Adicione a cor **preta** como a primeira cor da paleta de cores. Verifica se as demais cores podem ser escolhidas livremente.",
              "timedOut": null,
              "duration": 142,
              "state": "passed",
              "speed": "slow",
              "pass": true,
              "fail": false,
              "pending": false,
              "context": null,
              "code": "cy.get('.color').eq(1).should('not.have.css', 'background-color', BLACK);\ncy.get('.color').eq(1).should('not.have.css', 'background-color', WHITE);\ncy.get('.color').eq(1).should('not.have.css', 'background-color', 'rgba(0, 0, 0, 0)');\ncy.get('.color').eq(1).should('have.css', 'background-color');\ncy.get('.color').eq(2).should('not.have.css', 'background-color', BLACK);\ncy.get('.color').eq(2).should('not.have.css', 'background-color', WHITE);\ncy.get('.color').eq(2).should('not.have.css', 'background-color', 'rgba(0, 0, 0, 0)');\ncy.get('.color').eq(2).should('have.css', 'background-color');\ncy.get('.color').eq(3).should('not.have.css', 'background-color', BLACK);\ncy.get('.color').eq(3).should('not.have.css', 'background-color', WHITE);\ncy.get('.color').eq(3).should('not.have.css', 'background-color', 'rgba(0, 0, 0, 0)');\ncy.get('.color').eq(3).should('have.css', 'background-color');",
              "err": {},
              "uuid": "52ec70c7-e7e3-4017-a4de-b873996b423c",
              "parentUUID": "2ddc4b9b-2f0d-4cd3-84ce-2b193879a2eb",
              "isHook": false,
              "skipped": false
            }
          ],
          "suites": [],
          "passes": [
            "47db8a2a-6486-4547-b071-9d552f5b2ae5",
            "52ec70c7-e7e3-4017-a4de-b873996b423c"
          ],
          "failures": [],
          "pending": [],
          "skipped": [],
          "duration": 231,
          "root": false,
          "rootEmpty": false,
          "_timeout": 2000
        },
        {
          "uuid": "e71b8f0f-2f9c-421b-b0dc-96ba72b82a7c",
          "title": "4 - Adicione à página um quadro de pixels, com 25 pixels.",
          "fullFile": "",
          "file": "",
          "beforeHooks": [],
          "afterHooks": [],
          "tests": [
            {
              "title": "Verifica se o quadro de pixels possui o `id` denominado `pixel-board`",
              "fullTitle": "4 - Adicione à página um quadro de pixels, com 25 pixels. Verifica se o quadro de pixels possui o `id` denominado `pixel-board`",
              "timedOut": null,
              "duration": 66,
              "state": "passed",
              "speed": "medium",
              "pass": true,
              "fail": false,
              "pending": false,
              "context": null,
              "code": "cy.get('#pixel-board').should('be.visible');",
              "err": {},
              "uuid": "32828fb1-8de0-4d42-aacd-615520ff3deb",
              "parentUUID": "e71b8f0f-2f9c-421b-b0dc-96ba72b82a7c",
              "isHook": false,
              "skipped": false
            },
            {
              "title": "Verifica se cada pixel individual dentro do quadro possui a `classe` denominada `pixel`.",
              "fullTitle": "4 - Adicione à página um quadro de pixels, com 25 pixels. Verifica se cada pixel individual dentro do quadro possui a `classe` denominada `pixel`.",
              "timedOut": null,
              "duration": 88,
              "state": "passed",
              "speed": "slow",
              "pass": true,
              "fail": false,
              "pending": false,
              "context": null,
              "code": "cy.get('.pixel').should('have.length', 25);",
              "err": {},
              "uuid": "06d1e504-ece3-469c-8e6a-f7fec6732ac4",
              "parentUUID": "e71b8f0f-2f9c-421b-b0dc-96ba72b82a7c",
              "isHook": false,
              "skipped": false
            },
            {
              "title": "Verifica se a cor inicial dos pixels dentro do quadro, ao abrir a página, é branca.",
              "fullTitle": "4 - Adicione à página um quadro de pixels, com 25 pixels. Verifica se a cor inicial dos pixels dentro do quadro, ao abrir a página, é branca.",
              "timedOut": null,
              "duration": 481,
              "state": "failed",
              "speed": null,
              "pass": false,
              "fail": true,
              "pending": false,
              "context": null,
              "code": "cy.get('.pixel').should('have.length', 25).each(function (pixel) {\n  expect(pixel).to.have.css('background-color', WHITE);\n});",
              "err": {
                "message": "AssertionError: expected '<div.pixel>' to have CSS property 'background-color' with the value 'rgb(255, 255, 255)', but the value was 'rgba(0, 0, 0, 0)'",
                "estack": "AssertionError: expected '<div.pixel>' to have CSS property 'background-color' with the value 'rgb(255, 255, 255)', but the value was 'rgba(0, 0, 0, 0)'\n    at callback (http://localhost:51059/__cypress/runner/cypress_runner.js:136947:20)\n    at getRet (http://localhost:51059/__cypress/runner/cypress_runner.js:136585:16)\n    at tryCatcher (http://localhost:51059/__cypress/runner/cypress_runner.js:167415:23)\n    at Function.Promise.attempt.Promise.try (http://localhost:51059/__cypress/runner/cypress_runner.js:164690:29)\n    at thenFn (http://localhost:51059/__cypress/runner/cypress_runner.js:136599:23)\n    at yieldItem (http://localhost:51059/__cypress/runner/cypress_runner.js:136954:16)\n    at tryCatcher (http://localhost:51059/__cypress/runner/cypress_runner.js:167415:23)\n    at Object.gotValue (http://localhost:51059/__cypress/runner/cypress_runner.js:166557:18)\n    at Object.gotAccum (http://localhost:51059/__cypress/runner/cypress_runner.js:166546:25)\n    at Object.tryCatcher (http://localhost:51059/__cypress/runner/cypress_runner.js:167415:23)\n    at Promise._settlePromiseFromHandler (http://localhost:51059/__cypress/runner/cypress_runner.js:165351:31)\n    at Promise._settlePromise (http://localhost:51059/__cypress/runner/cypress_runner.js:165408:18)\n    at Promise._settlePromiseCtx (http://localhost:51059/__cypress/runner/cypress_runner.js:165445:10)\n    at Async../node_modules/bluebird/js/release/async.js.Async._drainQueue (http://localhost:51059/__cypress/runner/cypress_runner.js:162145:12)\n    at Async../node_modules/bluebird/js/release/async.js.Async._drainQueues (http://localhost:51059/__cypress/runner/cypress_runner.js:162150:10)\n    at Async.drainQueues (http://localhost:51059/__cypress/runner/cypress_runner.js:162024:14)",
                "diff": "- 'rgba(0, 0, 0, 0)'\n+ 'rgb(255, 255, 255)'\n"
              },
              "uuid": "612839bf-f7a2-474c-bbe8-35ced387ffc7",
              "parentUUID": "e71b8f0f-2f9c-421b-b0dc-96ba72b82a7c",
              "isHook": false,
              "skipped": false
            },
            {
              "title": "Verifica se o quadro de pixels aparece abaixo da paleta de cores",
              "fullTitle": "4 - Adicione à página um quadro de pixels, com 25 pixels. Verifica se o quadro de pixels aparece abaixo da paleta de cores",
              "timedOut": null,
              "duration": 87,
              "state": "passed",
              "speed": "slow",
              "pass": true,
              "fail": false,
              "pending": false,
              "context": null,
              "code": "cy.get('#color-palette').then(function (palette) {\n  cy.get('#pixel-board').should('be.belowOf', palette);\n});",
              "err": {},
              "uuid": "b811b081-8d5a-46ff-bc11-58a082ab3d81",
              "parentUUID": "e71b8f0f-2f9c-421b-b0dc-96ba72b82a7c",
              "isHook": false,
              "skipped": false
            }
          ],
          "suites": [],
          "passes": [
            "32828fb1-8de0-4d42-aacd-615520ff3deb",
            "06d1e504-ece3-469c-8e6a-f7fec6732ac4",
            "b811b081-8d5a-46ff-bc11-58a082ab3d81"
          ],
          "failures": [
            "612839bf-f7a2-474c-bbe8-35ced387ffc7"
          ],
          "pending": [],
          "skipped": [],
          "duration": 722,
          "root": false,
          "rootEmpty": false,
          "_timeout": 2000
        },
        {
          "uuid": "fb4a07b7-6569-4878-93fb-b5d07826521f",
          "title": "5 - Faça com que cada elemento do quadro de pixels possua 40 pixels de largura, 40 pixels de altura e seja delimitado por uma borda preta de 1 pixel.",
          "fullFile": "",
          "file": "",
          "beforeHooks": [],
          "afterHooks": [],
          "tests": [
            {
              "title": "Verifica se o quadro de pixels tem altura e comprimento de 5 elementos",
              "fullTitle": "5 - Faça com que cada elemento do quadro de pixels possua 40 pixels de largura, 40 pixels de altura e seja delimitado por uma borda preta de 1 pixel. Verifica se o quadro de pixels tem altura e comprimento de 5 elementos",
              "timedOut": null,
              "duration": 441,
              "state": "failed",
              "speed": null,
              "pass": false,
              "fail": true,
              "pending": false,
              "context": null,
              "code": "cy.get('.pixel').should('have.length', 25).each(function (pixel) {\n  expect(pixel).to.have.css('background-color', WHITE);\n}).and(function (pixels) {\n  var rows = chunk(pixels, 5);\n  rows.forEach(function (row) {\n    for (var index = 1; index < row.length; index += 1) {\n      var current = pixels[index];\n      var previous = pixels[index - 1];\n      cy.wrap(current).should('be.onTheRightOf', previous).and('be.horizontallyAlignedWith', previous);\n    }\n  });\n  for (var index = 1; index < 5; index += 1) {\n    expect(pixels[index * 5]).to.be.belowOf(pixels[(index - 1) * 5]);\n  }\n});",
              "err": {
                "message": "AssertionError: expected '<div.pixel>' to have CSS property 'background-color' with the value 'rgb(255, 255, 255)', but the value was 'rgba(0, 0, 0, 0)'",
                "estack": "AssertionError: expected '<div.pixel>' to have CSS property 'background-color' with the value 'rgb(255, 255, 255)', but the value was 'rgba(0, 0, 0, 0)'\n    at callback (http://localhost:51059/__cypress/runner/cypress_runner.js:136947:20)\n    at getRet (http://localhost:51059/__cypress/runner/cypress_runner.js:136585:16)\n    at tryCatcher (http://localhost:51059/__cypress/runner/cypress_runner.js:167415:23)\n    at Function.Promise.attempt.Promise.try (http://localhost:51059/__cypress/runner/cypress_runner.js:164690:29)\n    at thenFn (http://localhost:51059/__cypress/runner/cypress_runner.js:136599:23)\n    at yieldItem (http://localhost:51059/__cypress/runner/cypress_runner.js:136954:16)\n    at tryCatcher (http://localhost:51059/__cypress/runner/cypress_runner.js:167415:23)\n    at Object.gotValue (http://localhost:51059/__cypress/runner/cypress_runner.js:166557:18)\n    at Object.gotAccum (http://localhost:51059/__cypress/runner/cypress_runner.js:166546:25)\n    at Object.tryCatcher (http://localhost:51059/__cypress/runner/cypress_runner.js:167415:23)\n    at Promise._settlePromiseFromHandler (http://localhost:51059/__cypress/runner/cypress_runner.js:165351:31)\n    at Promise._settlePromise (http://localhost:51059/__cypress/runner/cypress_runner.js:165408:18)\n    at Promise._settlePromiseCtx (http://localhost:51059/__cypress/runner/cypress_runner.js:165445:10)\n    at Async../node_modules/bluebird/js/release/async.js.Async._drainQueue (http://localhost:51059/__cypress/runner/cypress_runner.js:162145:12)\n    at Async../node_modules/bluebird/js/release/async.js.Async._drainQueues (http://localhost:51059/__cypress/runner/cypress_runner.js:162150:10)\n    at Async.drainQueues (http://localhost:51059/__cypress/runner/cypress_runner.js:162024:14)",
                "diff": "- 'rgba(0, 0, 0, 0)'\n+ 'rgb(255, 255, 255)'\n"
              },
              "uuid": "9fb7644d-42ed-4587-9bb1-aa4c0780391f",
              "parentUUID": "fb4a07b7-6569-4878-93fb-b5d07826521f",
              "isHook": false,
              "skipped": false
            },
            {
              "title": "Verifica se 40 pixels é o tamanho total do elemento, incluindo seu conteúdo e excluindo a borda preta, que deve ser criada à parte.",
              "fullTitle": "5 - Faça com que cada elemento do quadro de pixels possua 40 pixels de largura, 40 pixels de altura e seja delimitado por uma borda preta de 1 pixel. Verifica se 40 pixels é o tamanho total do elemento, incluindo seu conteúdo e excluindo a borda preta, que deve ser criada à parte.",
              "timedOut": null,
              "duration": 311,
              "state": "passed",
              "speed": "slow",
              "pass": true,
              "fail": false,
              "pending": false,
              "context": null,
              "code": "cy.get('.pixel').each(function (pixel) {\n  cy.wrap(pixel).should('have.css', 'height', '40px').and('have.css', 'width', '40px').and('have.css', 'border', \"1px solid \".concat(BLACK));\n});",
              "err": {},
              "uuid": "254bb223-587f-43fa-897c-f1ae0b32172a",
              "parentUUID": "fb4a07b7-6569-4878-93fb-b5d07826521f",
              "isHook": false,
              "skipped": false
            }
          ],
          "suites": [],
          "passes": [
            "254bb223-587f-43fa-897c-f1ae0b32172a"
          ],
          "failures": [
            "9fb7644d-42ed-4587-9bb1-aa4c0780391f"
          ],
          "pending": [],
          "skipped": [],
          "duration": 752,
          "root": false,
          "rootEmpty": false,
          "_timeout": 2000
        },
        {
          "uuid": "411ef490-daf2-4b03-9fe6-b0470655c82c",
          "title": "6 - Defina a cor preta como cor inicial. Ao carregar a página a cor preta já deve estar selecionada para pintar os pixels",
          "fullFile": "",
          "file": "",
          "beforeHooks": [],
          "afterHooks": [],
          "tests": [
            {
              "title": "Verifica se o elemento da cor preta possui, inicialmente, a `classe` `selected`",
              "fullTitle": "6 - Defina a cor preta como cor inicial. Ao carregar a página a cor preta já deve estar selecionada para pintar os pixels Verifica se o elemento da cor preta possui, inicialmente, a `classe` `selected`",
              "timedOut": null,
              "duration": 4306,
              "state": "failed",
              "speed": null,
              "pass": false,
              "fail": true,
              "pending": false,
              "context": null,
              "code": "cy.get('.selected').first().should('have.css', 'background-color', BLACK);",
              "err": {
                "message": "CypressError: Timed out retrying: Expected to find element: '.selected', but never found it.",
                "estack": "CypressError: Timed out retrying: Expected to find element: '.selected', but never found it.\n    at cypressErr (http://localhost:51059/__cypress/runner/cypress_runner.js:149934:9)\n    at throwErr (http://localhost:51059/__cypress/runner/cypress_runner.js:149867:11)\n    at Object.throwErrByPath (http://localhost:51059/__cypress/runner/cypress_runner.js:149915:3)\n    at retry (http://localhost:51059/__cypress/runner/cypress_runner.js:144197:19)\n    at onFailFn (http://localhost:51059/__cypress/runner/cypress_runner.js:132448:16)\n    at tryCatcher (http://localhost:51059/__cypress/runner/cypress_runner.js:167415:23)\n    at Promise._settlePromiseFromHandler (http://localhost:51059/__cypress/runner/cypress_runner.js:165351:31)\n    at Promise._settlePromise (http://localhost:51059/__cypress/runner/cypress_runner.js:165408:18)\n    at Promise._settlePromise0 (http://localhost:51059/__cypress/runner/cypress_runner.js:165453:10)\n    at Promise._settlePromises (http://localhost:51059/__cypress/runner/cypress_runner.js:165528:18)\n    at Async../node_modules/bluebird/js/release/async.js.Async._drainQueue (http://localhost:51059/__cypress/runner/cypress_runner.js:162140:16)\n    at Async../node_modules/bluebird/js/release/async.js.Async._drainQueues (http://localhost:51059/__cypress/runner/cypress_runner.js:162150:10)\n    at Async.drainQueues (http://localhost:51059/__cypress/runner/cypress_runner.js:162024:14)",
                "diff": null
              },
              "uuid": "1ceb11ff-7ba0-4c9e-9b58-38b7a1bf237d",
              "parentUUID": "411ef490-daf2-4b03-9fe6-b0470655c82c",
              "isHook": false,
              "skipped": false
            },
            {
              "title": "Verifica se nenhuma outra cor da paleta tem a `classe` `selected`",
              "fullTitle": "6 - Defina a cor preta como cor inicial. Ao carregar a página a cor preta já deve estar selecionada para pintar os pixels Verifica se nenhuma outra cor da paleta tem a `classe` `selected`",
              "timedOut": null,
              "duration": 91,
              "state": "passed",
              "speed": "slow",
              "pass": true,
              "fail": false,
              "pending": false,
              "context": null,
              "code": "cy.get('.color:not(:first-child)').each(function (color) {\n  cy.wrap(color).should('not.have.class', 'selected');\n});",
              "err": {},
              "uuid": "e34d9c2d-f8a4-490f-97b2-f1294ae43ea1",
              "parentUUID": "411ef490-daf2-4b03-9fe6-b0470655c82c",
              "isHook": false,
              "skipped": false
            }
          ],
          "suites": [],
          "passes": [
            "e34d9c2d-f8a4-490f-97b2-f1294ae43ea1"
          ],
          "failures": [
            "1ceb11ff-7ba0-4c9e-9b58-38b7a1bf237d"
          ],
          "pending": [],
          "skipped": [],
          "duration": 4397,
          "root": false,
          "rootEmpty": false,
          "_timeout": 2000
        },
        {
          "uuid": "749132e0-7f90-4d7e-b242-2b63e51b804b",
          "title": "7 - Clicar em uma das cores da paleta, faz com que ela seja selecionada e utilizada para preencher os pixels no quadro.",
          "fullFile": "",
          "file": "",
          "beforeHooks": [],
          "afterHooks": [],
          "tests": [
            {
              "title": "Verifica se somente uma cor da paleta de cores tem a classe `selected` de cada vez",
              "fullTitle": "7 - Clicar em uma das cores da paleta, faz com que ela seja selecionada e utilizada para preencher os pixels no quadro. Verifica se somente uma cor da paleta de cores tem a classe `selected` de cada vez",
              "timedOut": null,
              "duration": 461,
              "state": "failed",
              "speed": null,
              "pass": false,
              "fail": true,
              "pending": false,
              "context": null,
              "code": "cy.get('.color').each(function (selectedColor, selectedColorIndex) {\n  cy.wrap(selectedColor).click();\n  cy.get('.color').each(function (color, colorIndex) {\n    if (colorIndex === selectedColorIndex) {\n      expect(color).to.have[\"class\"]('selected');\n    } else {\n      expect(color).not.to.have[\"class\"]('selected');\n    }\n  });\n});",
              "err": {
                "message": "AssertionError: expected '<div.color.first-color>' to have class 'selected'",
                "estack": "AssertionError: expected '<div.color.first-color>' to have class 'selected'\n    at callback (http://localhost:51059/__cypress/runner/cypress_runner.js:136947:20)\n    at getRet (http://localhost:51059/__cypress/runner/cypress_runner.js:136585:16)\n    at tryCatcher (http://localhost:51059/__cypress/runner/cypress_runner.js:167415:23)\n    at Function.Promise.attempt.Promise.try (http://localhost:51059/__cypress/runner/cypress_runner.js:164690:29)\n    at thenFn (http://localhost:51059/__cypress/runner/cypress_runner.js:136599:23)\n    at yieldItem (http://localhost:51059/__cypress/runner/cypress_runner.js:136954:16)\n    at tryCatcher (http://localhost:51059/__cypress/runner/cypress_runner.js:167415:23)\n    at Object.gotValue (http://localhost:51059/__cypress/runner/cypress_runner.js:166557:18)\n    at Object.gotAccum (http://localhost:51059/__cypress/runner/cypress_runner.js:166546:25)\n    at Object.tryCatcher (http://localhost:51059/__cypress/runner/cypress_runner.js:167415:23)\n    at Promise._settlePromiseFromHandler (http://localhost:51059/__cypress/runner/cypress_runner.js:165351:31)\n    at Promise._settlePromise (http://localhost:51059/__cypress/runner/cypress_runner.js:165408:18)\n    at Promise._settlePromiseCtx (http://localhost:51059/__cypress/runner/cypress_runner.js:165445:10)\n    at Async../node_modules/bluebird/js/release/async.js.Async._drainQueue (http://localhost:51059/__cypress/runner/cypress_runner.js:162145:12)\n    at Async../node_modules/bluebird/js/release/async.js.Async._drainQueues (http://localhost:51059/__cypress/runner/cypress_runner.js:162150:10)\n    at Async.drainQueues (http://localhost:51059/__cypress/runner/cypress_runner.js:162024:14)",
                "diff": "- { '0': <div class=\"color first-color\"></div>,\n-   length: 1,\n-   jquery: '3.1.1',\n-   constructor: \n-    { [Function: jQuery]\n-      fn: \n-       { jquery: '3.1.1',\n-         constructor: [Circular],\n-         length: 0,\n-         toArray: [Function: toArray],\n-         get: [Function: get],\n-         pushStack: [Function: pushStack],\n-         each: [Function: each],\n-         map: [Function: map],\n-         slice: [Function: slice],\n-         first: [Function: first],\n-         last: [Function: last],\n-         eq: [Function: eq],\n-         end: [Function: end],\n-         push: [Function: push],\n-         sort: [Function: sort],\n-         splice: [Function: splice],\n-         extend: [Function],\n-         find: [Function: find],\n-         filter: [Function: filter],\n-         not: [Function: not],\n-         is: [Function: is],\n-         init: [Function],\n-         has: [Function: has],\n-         closest: [Function: closest],\n-         index: [Function: index],\n-         add: [Function: add],\n-         addBack: [Function: addBack],\n-         parent: [Function],\n-         parents: [Function],\n-         parentsUntil: [Function],\n-         next: [Function],\n-         prev: [Function],\n-         nextAll: [Function],\n-         prevAll: [Function],\n-         nextUntil: [Function],\n-         prevUntil: [Function],\n-         siblings: [Function],\n-         children: [Function],\n-         contents: [Function],\n-         ready: [Function],\n-         data: [Function: data],\n-         removeData: [Function: removeData],\n-         queue: [Function: queue],\n-         dequeue: [Function: dequeue],\n-         clearQueue: [Function: clearQueue],\n-         promise: [Function: promise],\n-         show: [Function],\n-         hide: [Function],\n-         toggle: [Function],\n-         on: [Function: on],\n-         one: [Function: one],\n-         off: [Function: off],\n-         detach: [Function: detach],\n-         remove: [Function: remove],\n-         text: [Function: text],\n-         append: [Function: append],\n-         prepend: [Function: prepend],\n-         before: [Function: before],\n-         after: [Function: after],\n-         empty: [Function: empty],\n-         clone: [Function: clone],\n-         html: [Function: html],\n-         replaceWith: [Function: replaceWith],\n-         appendTo: [Function],\n-         prependTo: [Function],\n-         insertBefore: [Function],\n-         insertAfter: [Function],\n-         replaceAll: [Function],\n-         css: [Function: css],\n-         fadeTo: [Function: fadeTo],\n-         animate: [Function: animate],\n-         stop: [Function: stop],\n-         finish: [Function: finish],\n-         slideDown: [Function],\n-         slideUp: [Function],\n-         slideToggle: [Function],\n-         fadeIn: [Function],\n-         fadeOut: [Function],\n-         fadeToggle: [Function],\n-         delay: [Function],\n-         attr: [Function: attr],\n-         removeAttr: [Function: removeAttr],\n-         prop: [Function: prop],\n-         removeProp: [Function: removeProp],\n-         addClass: [Function: addClass],\n-         removeClass: [Function: removeClass],\n-         toggleClass: [Function: toggleClass],\n-         hasClass: [Function: hasClass],\n-         val: [Function: val],\n-         trigger: [Function: trigger],\n-         triggerHandler: [Function: triggerHandler],\n-         blur: [Function],\n-         focus: [Function],\n-         focusin: [Function],\n-         focusout: [Function],\n-         resize: [Function],\n-         scroll: [Function],\n-         click: [Function],\n-         dblclick: [Function],\n-         mousedown: [Function],\n-         mouseup: [Function],\n-         mousemove: [Function],\n-         mouseover: [Function],\n-         mouseout: [Function],\n-         mouseenter: [Function],\n-         mouseleave: [Function],\n-         change: [Function],\n-         select: [Function],\n-         submit: [Function],\n-         keydown: [Function],\n-         keypress: [Function],\n-         keyup: [Function],\n-         contextmenu: [Function],\n-         hover: [Function: hover],\n-         serialize: [Function: serialize],\n-         serializeArray: [Function: serializeArray],\n-         wrapAll: [Function: wrapAll],\n-         wrapInner: [Function: wrapInner],\n-         wrap: [Function: wrap],\n-         unwrap: [Function: unwrap],\n-         load: [Function],\n-         ajaxStart: [Function],\n-         ajaxStop: [Function],\n-         ajaxComplete: [Function],\n-         ajaxError: [Function],\n-         ajaxSuccess: [Function],\n-         ajaxSend: [Function],\n-         offset: [Function: offset],\n-         position: [Function: position],\n-         offsetParent: [Function: offsetParent],\n-         scrollLeft: [Function],\n-         scrollTop: [Function],\n-         innerHeight: [Function],\n-         height: [Function],\n-         outerHeight: [Function],\n-         innerWidth: [Function],\n-         width: [Function],\n-         outerWidth: [Function],\n-         bind: [Function: bind],\n-         unbind: [Function: unbind],\n-         delegate: [Function: delegate],\n-         undelegate: [Function: undelegate],\n-         scrollTo: [Function] },\n-      extend: [Function],\n-      expando: 'jQuery31106942455838059969',\n-      isReady: true,\n-      error: [Function: error],\n-      noop: [Function: noop],\n-      isFunction: [Function: isFunction],\n-      isArray: [Function: isArray],\n-      isWindow: [Function: isWindow],\n-      isNumeric: [Function: isNumeric],\n-      isPlainObject: [Function: isPlainObject],\n-      isEmptyObject: [Function: isEmptyObject],\n-      type: [Function: type],\n-      globalEval: [Function: globalEval],\n-      camelCase: [Function: camelCase],\n-      nodeName: [Function: nodeName],\n-      each: [Function: each],\n-      trim: [Function: trim],\n-      makeArray: [Function: makeArray],\n-      inArray: [Function: inArray],\n-      merge: [Function: merge],\n-      grep: [Function: grep],\n-      map: [Function: map],\n-      guid: 7,\n-      proxy: [Function: proxy],\n-      now: [Function: now],\n-      support: \n-       { checkClone: true,\n-         noCloneChecked: true,\n-         clearCloneStyle: true,\n-         pixelPosition: [Function: pixelPosition],\n-         boxSizingReliable: [Function: boxSizingReliable],\n-         pixelMarginRight: [Function: pixelMarginRight],\n-         reliableMarginLeft: [Function: reliableMarginLeft],\n-         checkOn: true,\n-         optSelected: true,\n-         radioValue: true,\n-         focusin: false,\n-         cors: true,\n-         ajax: true,\n-         createHTMLDocument: true },\n-      find: \n-       { [Function: Sizzle]\n-         support: [Object],\n-         isXML: [Function],\n-         setDocument: [Function],\n-         matches: [Function],\n-         matchesSelector: [Function],\n-         contains: [Function],\n-         attr: [Function],\n-         escape: [Function],\n-         error: [Function],\n-         uniqueSort: [Function],\n-         getText: [Function],\n-         selectors: [Object],\n-         tokenize: [Function],\n-         compile: [Function],\n-         select: [Function] },\n-      expr: \n-       { cacheLength: 1,\n-         createPseudo: [Function: markFunction],\n-         match: [Object],\n-         attrHandle: [Object],\n-         find: [Object],\n-         relative: [Object],\n-         preFilter: [Object],\n-         filter: [Object],\n-         pseudos: [Object],\n-         filters: [Object],\n-         setFilters: [Object],\n-         ':': [Object] },\n-      unique: [Function],\n-      uniqueSort: [Function],\n-      text: [Function],\n-      isXMLDoc: [Function],\n-      contains: [Function],\n-      escapeSelector: [Function],\n-      filter: [Function],\n-      Callbacks: [Function],\n-      Deferred: { [Function: Deferred] exceptionHook: [Function] },\n-      when: [Function: when],\n-      readyException: [Function],\n-      readyWait: 0,\n-      holdReady: [Function: holdReady],\n-      ready: { [Function: ready] then: [Function: then] },\n-      hasData: [Function: hasData],\n-      data: [Function: data],\n-      removeData: [Function: removeData],\n-      _data: [Function: _data],\n-      _removeData: [Function: _removeData],\n-      queue: [Function: queue],\n-      dequeue: [Function: dequeue],\n-      _queueHooks: [Function: _queueHooks],\n-      event: \n-       { global: [Object],\n-         add: [Function: add],\n-         remove: [Function: remove],\n-         dispatch: [Function: dispatch],\n-         handlers: [Function: handlers],\n-         addProp: [Function: addProp],\n-         fix: [Function: fix],\n-         special: [Object],\n-         trigger: [Function: trigger],\n-         simulate: [Function: simulate] },\n-      removeEvent: [Function],\n-      Event: [Function],\n-      htmlPrefilter: [Function: htmlPrefilter],\n-      clone: [Function: clone],\n-      cleanData: [Function: cleanData],\n-      cssHooks: \n-       { opacity: [Object],\n-         height: [Object],\n-         width: [Object],\n-         marginLeft: [Object],\n-         margin: [Object],\n-         padding: [Object],\n-         borderWidth: [Object],\n-         top: [Object],\n-         left: [Object] },\n-      cssNumber: \n-       { animationIterationCount: true,\n-         columnCount: true,\n-         fillOpacity: true,\n-         flexGrow: true,\n-         flexShrink: true,\n-         fontWeight: true,\n-         lineHeight: true,\n-         opacity: true,\n-         order: true,\n-         orphans: true,\n-         widows: true,\n-         zIndex: true,\n-         zoom: true },\n-      cssProps: \n-       { float: 'cssFloat',\n-         width: 'width',\n-         display: 'display',\n-         boxSizing: 'boxSizing',\n-         height: 'height',\n-         overflow: 'overflow',\n-         overflowY: 'overflowY',\n-         overflowX: 'overflowX',\n-         visibility: 'visibility',\n-         position: 'position',\n-         backgroundColor: 'backgroundColor',\n-         border: 'border',\n-         paddingRight: 'paddingRight',\n-         borderRightWidth: 'borderRightWidth',\n-         paddingLeft: 'paddingLeft',\n-         borderLeftWidth: 'borderLeftWidth',\n-         paddingTop: 'paddingTop',\n-         borderTopWidth: 'borderTopWidth',\n-         paddingBottom: 'paddingBottom',\n-         borderBottomWidth: 'borderBottomWidth' },\n-      style: [Function: style],\n-      css: [Function: css],\n-      Tween: { [Function: Tween] propHooks: [Object] },\n-      easing: \n-       { linear: [Function: linear],\n-         swing: [Function: swing],\n-         _default: 'swing' },\n-      fx: \n-       { [Function: init]\n-         step: {},\n-         tick: [Function],\n-         timer: [Function],\n-         interval: 13,\n-         start: [Function],\n-         stop: [Function],\n-         speeds: [Object] },\n-      Animation: \n-       { [Function: Animation]\n-         tweeners: [Object],\n-         tweener: [Function: tweener],\n-         prefilters: [Object],\n-         prefilter: [Function: prefilter] },\n-      speed: [Function],\n-      timers: [],\n-      attr: [Function: attr],\n-      attrHooks: { type: [Object] },\n-      removeAttr: [Function: removeAttr],\n-      prop: [Function: prop],\n-      propHooks: { tabIndex: [Object] },\n-      propFix: \n-       { for: 'htmlFor',\n-         class: 'className',\n-         tabindex: 'tabIndex',\n-         readonly: 'readOnly',\n-         maxlength: 'maxLength',\n-         cellspacing: 'cellSpacing',\n-         cellpadding: 'cellPadding',\n-         rowspan: 'rowSpan',\n-         colspan: 'colSpan',\n-         usemap: 'useMap',\n-         frameborder: 'frameBorder',\n-         contenteditable: 'contentEditable' },\n-      valHooks: \n-       { option: [Object],\n-         select: [Object],\n-         radio: [Object],\n-         checkbox: [Object] },\n-      parseXML: [Function],\n-      param: [Function],\n-      active: 0,\n-      lastModified: {},\n-      etag: {},\n-      ajaxSettings: \n-       { url: 'http://localhost:51059/__/#/tests/integration/project.spec.js',\n-         type: 'GET',\n-         isLocal: false,\n-         global: true,\n-         processData: true,\n-         async: true,\n-         contentType: 'application/x-www-form-urlencoded; charset=UTF-8',\n-         accepts: [Object],\n-         contents: [Object],\n-         responseFields: [Object],\n-         converters: [Object],\n-         flatOptions: [Object],\n-         xhr: [Function],\n-         jsonp: 'callback',\n-         jsonpCallback: [Function: jsonpCallback],\n-         cache: false },\n-      ajaxSetup: [Function: ajaxSetup],\n-      ajaxPrefilter: [Function],\n-      ajaxTransport: [Function],\n-      ajax: [Function: ajax],\n-      getJSON: [Function: getJSON],\n-      getScript: [Function: getScript],\n-      get: [Function],\n-      post: [Function],\n-      _evalUrl: [Function],\n-      parseHTML: [Function],\n-      offset: { setOffset: [Function: setOffset] },\n-      parseJSON: [Function: parse],\n-      noConflict: [Function],\n-      scrollTo: { [Function] defaults: [Object], max: [Function] } },\n-   toArray: [Function: toArray],\n-   get: [Function: get],\n-   pushStack: [Function: pushStack],\n-   each: [Function: each],\n-   map: [Function: map],\n-   slice: [Function: slice],\n-   first: [Function: first],\n-   last: [Function: last],\n-   eq: [Function: eq],\n-   end: [Function: end],\n-   push: [Function: push],\n-   sort: [Function: sort],\n-   splice: [Function: splice],\n-   extend: [Function],\n-   find: [Function: find],\n-   filter: [Function: filter],\n-   not: [Function: not],\n-   is: [Function: is],\n-   init: [Function],\n-   has: [Function: has],\n-   closest: [Function: closest],\n-   index: [Function: index],\n-   add: [Function: add],\n-   addBack: [Function: addBack],\n-   parent: [Function],\n-   parents: [Function],\n-   parentsUntil: [Function],\n-   next: [Function],\n-   prev: [Function],\n-   nextAll: [Function],\n-   prevAll: [Function],\n-   nextUntil: [Function],\n-   prevUntil: [Function],\n-   siblings: [Function],\n-   children: [Function],\n-   contents: [Function],\n-   ready: [Function],\n-   data: [Function: data],\n-   removeData: [Function: removeData],\n-   queue: [Function: queue],\n-   dequeue: [Function: dequeue],\n-   clearQueue: [Function: clearQueue],\n-   promise: [Function: promise],\n-   show: [Function],\n-   hide: [Function],\n-   toggle: [Function],\n-   on: [Function: on],\n-   one: [Function: one],\n-   off: [Function: off],\n-   detach: [Function: detach],\n-   remove: [Function: remove],\n-   text: [Function: text],\n-   append: [Function: append],\n-   prepend: [Function: prepend],\n-   before: [Function: before],\n-   after: [Function: after],\n-   empty: [Function: empty],\n-   clone: [Function: clone],\n-   html: [Function: html],\n-   replaceWith: [Function: replaceWith],\n-   appendTo: [Function],\n-   prependTo: [Function],\n-   insertBefore: [Function],\n-   insertAfter: [Function],\n-   replaceAll: [Function],\n-   css: [Function: css],\n-   fadeTo: [Function: fadeTo],\n-   animate: [Function: animate],\n-   stop: [Function: stop],\n-   finish: [Function: finish],\n-   slideDown: [Function],\n-   slideUp: [Function],\n-   slideToggle: [Function],\n-   fadeIn: [Function],\n-   fadeOut: [Function],\n-   fadeToggle: [Function],\n-   delay: [Function],\n-   attr: [Function: attr],\n-   removeAttr: [Function: removeAttr],\n-   prop: [Function: prop],\n-   removeProp: [Function: removeProp],\n-   addClass: [Function: addClass],\n-   removeClass: [Function: removeClass],\n-   toggleClass: [Function: toggleClass],\n-   hasClass: [Function: hasClass],\n-   val: [Function: val],\n-   trigger: [Function: trigger],\n-   triggerHandler: [Function: triggerHandler],\n-   blur: [Function],\n-   focus: [Function],\n-   focusin: [Function],\n-   focusout: [Function],\n-   resize: [Function],\n-   scroll: [Function],\n-   click: [Function],\n-   dblclick: [Function],\n-   mousedown: [Function],\n-   mouseup: [Function],\n-   mousemove: [Function],\n-   mouseover: [Function],\n-   mouseout: [Function],\n-   mouseenter: [Function],\n-   mouseleave: [Function],\n-   change: [Function],\n-   select: [Function],\n-   submit: [Function],\n-   keydown: [Function],\n-   keypress: [Function],\n-   keyup: [Function],\n-   contextmenu: [Function],\n-   hover: [Function: hover],\n-   serialize: [Function: serialize],\n-   serializeArray: [Function: serializeArray],\n-   wrapAll: [Function: wrapAll],\n-   wrapInner: [Function: wrapInner],\n-   wrap: [Function: wrap],\n-   unwrap: [Function: unwrap],\n-   load: [Function],\n-   ajaxStart: [Function],\n-   ajaxStop: [Function],\n-   ajaxComplete: [Function],\n-   ajaxError: [Function],\n-   ajaxSuccess: [Function],\n-   ajaxSend: [Function],\n-   offset: [Function: offset],\n-   position: [Function: position],\n-   offsetParent: [Function: offsetParent],\n-   scrollLeft: [Function],\n-   scrollTop: [Function],\n-   innerHeight: [Function],\n-   height: [Function],\n-   outerHeight: [Function],\n-   innerWidth: [Function],\n-   width: [Function],\n-   outerWidth: [Function],\n-   bind: [Function: bind],\n-   unbind: [Function: unbind],\n-   delegate: [Function: delegate],\n-   undelegate: [Function: undelegate],\n-   scrollTo: [Function] }\n+ 'selected'\n"
              },
              "uuid": "936055de-7ff9-4595-9d3e-0d0c79be3e41",
              "parentUUID": "749132e0-7f90-4d7e-b242-2b63e51b804b",
              "isHook": false,
              "skipped": false
            },
            {
              "title": "Verifica se os pixels dentro do quadro não têm a classe `selected` quando são clicados",
              "fullTitle": "7 - Clicar em uma das cores da paleta, faz com que ela seja selecionada e utilizada para preencher os pixels no quadro. Verifica se os pixels dentro do quadro não têm a classe `selected` quando são clicados",
              "timedOut": null,
              "duration": 8251,
              "state": "passed",
              "speed": "slow",
              "pass": true,
              "fail": false,
              "pending": false,
              "context": null,
              "code": "cy.get('.color').each(function (color) {\n  var backgroundColor = color.css('background-color');\n  cy.wrap(color).click();\n  cy.get('.pixel').each(function (pixel) {\n    cy.wrap(pixel).click().should('not.have.class', 'selected');\n  });\n});",
              "err": {},
              "uuid": "787b06a0-0618-4b62-9bca-3abe118d1219",
              "parentUUID": "749132e0-7f90-4d7e-b242-2b63e51b804b",
              "isHook": false,
              "skipped": false
            }
          ],
          "suites": [],
          "passes": [
            "787b06a0-0618-4b62-9bca-3abe118d1219"
          ],
          "failures": [
            "936055de-7ff9-4595-9d3e-0d0c79be3e41"
          ],
          "pending": [],
          "skipped": [],
          "duration": 8712,
          "root": false,
          "rootEmpty": false,
          "_timeout": 2000
        },
        {
          "uuid": "c2ed38e5-cef8-429d-8d43-261a6104ebc4",
          "title": "8 - Clicar em um pixel dentro do quadro após selecionar uma cor na paleta, faz com que o pixel seja preenchido com a cor selecionada.",
          "fullFile": "",
          "file": "",
          "beforeHooks": [],
          "afterHooks": [],
          "tests": [
            {
              "title": "Verifica se ao carregar a página deve ser possível pintar os pixels de preto",
              "fullTitle": "8 - Clicar em um pixel dentro do quadro após selecionar uma cor na paleta, faz com que o pixel seja preenchido com a cor selecionada. Verifica se ao carregar a página deve ser possível pintar os pixels de preto",
              "timedOut": null,
              "duration": 4449,
              "state": "failed",
              "speed": null,
              "pass": false,
              "fail": true,
              "pending": false,
              "context": null,
              "code": "cy.get('.pixel').each(function (pixel) {\n  cy.wrap(pixel).click().should('have.css', 'background-color', BLACK);\n});",
              "err": {
                "message": "CypressError: Timed out retrying: expected '<div.pixel>' to have CSS property 'background-color' with the value 'rgb(0, 0, 0)', but the value was 'rgba(0, 0, 0, 0)'",
                "estack": "CypressError: Timed out retrying: expected '<div.pixel>' to have CSS property 'background-color' with the value 'rgb(0, 0, 0)', but the value was 'rgba(0, 0, 0, 0)'\n    at cypressErr (http://localhost:51059/__cypress/runner/cypress_runner.js:149934:9)\n    at throwErr (http://localhost:51059/__cypress/runner/cypress_runner.js:149867:11)\n    at Object.throwErrByPath (http://localhost:51059/__cypress/runner/cypress_runner.js:149915:3)\n    at retry (http://localhost:51059/__cypress/runner/cypress_runner.js:144197:19)\n    at onFailFn (http://localhost:51059/__cypress/runner/cypress_runner.js:132448:16)\n    at tryCatcher (http://localhost:51059/__cypress/runner/cypress_runner.js:167415:23)\n    at Promise._settlePromiseFromHandler (http://localhost:51059/__cypress/runner/cypress_runner.js:165351:31)\n    at Promise._settlePromise (http://localhost:51059/__cypress/runner/cypress_runner.js:165408:18)\n    at Promise._settlePromise0 (http://localhost:51059/__cypress/runner/cypress_runner.js:165453:10)\n    at Promise._settlePromises (http://localhost:51059/__cypress/runner/cypress_runner.js:165528:18)\n    at Async../node_modules/bluebird/js/release/async.js.Async._drainQueue (http://localhost:51059/__cypress/runner/cypress_runner.js:162140:16)\n    at Async../node_modules/bluebird/js/release/async.js.Async._drainQueues (http://localhost:51059/__cypress/runner/cypress_runner.js:162150:10)\n    at Async.drainQueues (http://localhost:51059/__cypress/runner/cypress_runner.js:162024:14)",
                "diff": null
              },
              "uuid": "f6520b89-cfff-4241-99a8-fdcae371fb23",
              "parentUUID": "c2ed38e5-cef8-429d-8d43-261a6104ebc4",
              "isHook": false,
              "skipped": false
            },
            {
              "title": "Verifica se após selecionar uma outra cor na paleta, é possível pintar os pixels com essa cor",
              "fullTitle": "8 - Clicar em um pixel dentro do quadro após selecionar uma cor na paleta, faz com que o pixel seja preenchido com a cor selecionada. Verifica se após selecionar uma outra cor na paleta, é possível pintar os pixels com essa cor",
              "timedOut": null,
              "duration": 4557,
              "state": "failed",
              "speed": null,
              "pass": false,
              "fail": true,
              "pending": false,
              "context": null,
              "code": "cy.get('.color').each(function (color) {\n  var backgroundColor = color.css('background-color');\n  cy.wrap(color).click();\n  cy.get('.pixel').each(function (pixel) {\n    cy.wrap(pixel).click().should('have.css', 'background-color', backgroundColor);\n  });\n});",
              "err": {
                "message": "CypressError: Timed out retrying: expected '<div.pixel>' to have CSS property 'background-color' with the value 'rgb(0, 0, 0)', but the value was 'rgba(0, 0, 0, 0)'",
                "estack": "CypressError: Timed out retrying: expected '<div.pixel>' to have CSS property 'background-color' with the value 'rgb(0, 0, 0)', but the value was 'rgba(0, 0, 0, 0)'\n    at cypressErr (http://localhost:51059/__cypress/runner/cypress_runner.js:149934:9)\n    at throwErr (http://localhost:51059/__cypress/runner/cypress_runner.js:149867:11)\n    at Object.throwErrByPath (http://localhost:51059/__cypress/runner/cypress_runner.js:149915:3)\n    at retry (http://localhost:51059/__cypress/runner/cypress_runner.js:144197:19)\n    at onFailFn (http://localhost:51059/__cypress/runner/cypress_runner.js:132448:16)\n    at tryCatcher (http://localhost:51059/__cypress/runner/cypress_runner.js:167415:23)\n    at Promise._settlePromiseFromHandler (http://localhost:51059/__cypress/runner/cypress_runner.js:165351:31)\n    at Promise._settlePromise (http://localhost:51059/__cypress/runner/cypress_runner.js:165408:18)\n    at Promise._settlePromise0 (http://localhost:51059/__cypress/runner/cypress_runner.js:165453:10)\n    at Promise._settlePromises (http://localhost:51059/__cypress/runner/cypress_runner.js:165528:18)\n    at Async../node_modules/bluebird/js/release/async.js.Async._drainQueue (http://localhost:51059/__cypress/runner/cypress_runner.js:162140:16)\n    at Async../node_modules/bluebird/js/release/async.js.Async._drainQueues (http://localhost:51059/__cypress/runner/cypress_runner.js:162150:10)\n    at Async.drainQueues (http://localhost:51059/__cypress/runner/cypress_runner.js:162024:14)",
                "diff": null
              },
              "uuid": "3b144195-4ed9-49c4-a7f1-f64dacc55400",
              "parentUUID": "c2ed38e5-cef8-429d-8d43-261a6104ebc4",
              "isHook": false,
              "skipped": false
            },
            {
              "title": "Verifica se somente o pixel que foi clicado foi preenchido com a cor selecionada, sem influenciar na cor dos demais pixels.",
              "fullTitle": "8 - Clicar em um pixel dentro do quadro após selecionar uma cor na paleta, faz com que o pixel seja preenchido com a cor selecionada. Verifica se somente o pixel que foi clicado foi preenchido com a cor selecionada, sem influenciar na cor dos demais pixels.",
              "timedOut": null,
              "duration": 1199,
              "state": "passed",
              "speed": "slow",
              "pass": true,
              "fail": false,
              "pending": false,
              "context": null,
              "code": "var colorToPixelIndexMap = {\n  0: 6,\n  1: 8,\n  2: 16,\n  3: 18\n};\ncy.get('.color').each(function (color, index) {\n  cy.wrap(color).click();\n  var backgroundColor = color.css('background-color');\n  var clickedPixelIndex = colorToPixelIndexMap[index];\n  cy.get('.pixel').eq(clickedPixelIndex).click();\n  cy.get('.pixel').eq(clickedPixelIndex - 1).should('not.have.css', 'background-color', backgroundColor);\n  cy.get('.pixel').eq(clickedPixelIndex + 1).should('not.have.css', 'background-color', backgroundColor);\n  cy.get('.pixel').eq(clickedPixelIndex - 5).should('not.have.css', 'background-color', backgroundColor);\n  cy.get('.pixel').eq(clickedPixelIndex + 5).should('not.have.css', 'background-color', backgroundColor);\n  cy.get('.pixel').eq(clickedPixelIndex - 6).should('not.have.css', 'background-color', backgroundColor);\n  cy.get('.pixel').eq(clickedPixelIndex - 4).should('not.have.css', 'background-color', backgroundColor);\n  cy.get('.pixel').eq(clickedPixelIndex + 4).should('not.have.css', 'background-color', backgroundColor);\n  cy.get('.pixel').eq(clickedPixelIndex + 6).should('not.have.css', 'background-color', backgroundColor);\n});",
              "err": {},
              "uuid": "576b69cd-a622-4d4d-ba06-9756245ec56b",
              "parentUUID": "c2ed38e5-cef8-429d-8d43-261a6104ebc4",
              "isHook": false,
              "skipped": false
            }
          ],
          "suites": [],
          "passes": [
            "576b69cd-a622-4d4d-ba06-9756245ec56b"
          ],
          "failures": [
            "f6520b89-cfff-4241-99a8-fdcae371fb23",
            "3b144195-4ed9-49c4-a7f1-f64dacc55400"
          ],
          "pending": [],
          "skipped": [],
          "duration": 10205,
          "root": false,
          "rootEmpty": false,
          "_timeout": 2000
        },
        {
          "uuid": "6bc52912-ffb4-41d5-b1a1-1627bbcbe0b8",
          "title": "9 - Crie um botão que, ao ser clicado, limpa o quadro preenchendo a cor de todos seus pixels com branco.",
          "fullFile": "",
          "file": "",
          "beforeHooks": [],
          "afterHooks": [],
          "tests": [
            {
              "title": "Verifica se o botão tem o `id` denominado `clear-board`",
              "fullTitle": "9 - Crie um botão que, ao ser clicado, limpa o quadro preenchendo a cor de todos seus pixels com branco. Verifica se o botão tem o `id` denominado `clear-board`",
              "timedOut": null,
              "duration": 4392,
              "state": "failed",
              "speed": null,
              "pass": false,
              "fail": true,
              "pending": false,
              "context": null,
              "code": "cy.get('#clear-board').should('be.visible');",
              "err": {
                "message": "CypressError: Timed out retrying: Expected to find element: '#clear-board', but never found it.",
                "estack": "CypressError: Timed out retrying: Expected to find element: '#clear-board', but never found it.\n    at cypressErr (http://localhost:51059/__cypress/runner/cypress_runner.js:149934:9)\n    at throwErr (http://localhost:51059/__cypress/runner/cypress_runner.js:149867:11)\n    at Object.throwErrByPath (http://localhost:51059/__cypress/runner/cypress_runner.js:149915:3)\n    at retry (http://localhost:51059/__cypress/runner/cypress_runner.js:144197:19)\n    at onFailFn (http://localhost:51059/__cypress/runner/cypress_runner.js:132448:16)\n    at tryCatcher (http://localhost:51059/__cypress/runner/cypress_runner.js:167415:23)\n    at Promise._settlePromiseFromHandler (http://localhost:51059/__cypress/runner/cypress_runner.js:165351:31)\n    at Promise._settlePromise (http://localhost:51059/__cypress/runner/cypress_runner.js:165408:18)\n    at Promise._settlePromise0 (http://localhost:51059/__cypress/runner/cypress_runner.js:165453:10)\n    at Promise._settlePromises (http://localhost:51059/__cypress/runner/cypress_runner.js:165528:18)\n    at Async../node_modules/bluebird/js/release/async.js.Async._drainQueue (http://localhost:51059/__cypress/runner/cypress_runner.js:162140:16)\n    at Async../node_modules/bluebird/js/release/async.js.Async._drainQueues (http://localhost:51059/__cypress/runner/cypress_runner.js:162150:10)\n    at Async.drainQueues (http://localhost:51059/__cypress/runner/cypress_runner.js:162024:14)",
                "diff": null
              },
              "uuid": "f3c48144-3fed-499d-9479-b80e38400c91",
              "parentUUID": "6bc52912-ffb4-41d5-b1a1-1627bbcbe0b8",
              "isHook": false,
              "skipped": false
            },
            {
              "title": "Verifica se o botão está posicionado entre a paleta de cores e o quadro de pixels",
              "fullTitle": "9 - Crie um botão que, ao ser clicado, limpa o quadro preenchendo a cor de todos seus pixels com branco. Verifica se o botão está posicionado entre a paleta de cores e o quadro de pixels",
              "timedOut": null,
              "duration": 4383,
              "state": "failed",
              "speed": null,
              "pass": false,
              "fail": true,
              "pending": false,
              "context": null,
              "code": "cy.get('#color-palette').then(function (palette) {\n  cy.get('#clear-board').should('be.belowOf', palette);\n});\ncy.get('#clear-board').then(function (clearBtn) {\n  cy.get('#pixel-board').should('be.belowOf', clearBtn);\n});",
              "err": {
                "message": "CypressError: Timed out retrying: Expected to find element: '#clear-board', but never found it.",
                "estack": "CypressError: Timed out retrying: Expected to find element: '#clear-board', but never found it.\n    at cypressErr (http://localhost:51059/__cypress/runner/cypress_runner.js:149934:9)\n    at throwErr (http://localhost:51059/__cypress/runner/cypress_runner.js:149867:11)\n    at Object.throwErrByPath (http://localhost:51059/__cypress/runner/cypress_runner.js:149915:3)\n    at retry (http://localhost:51059/__cypress/runner/cypress_runner.js:144197:19)\n    at onFailFn (http://localhost:51059/__cypress/runner/cypress_runner.js:132448:16)\n    at tryCatcher (http://localhost:51059/__cypress/runner/cypress_runner.js:167415:23)\n    at Promise._settlePromiseFromHandler (http://localhost:51059/__cypress/runner/cypress_runner.js:165351:31)\n    at Promise._settlePromise (http://localhost:51059/__cypress/runner/cypress_runner.js:165408:18)\n    at Promise._settlePromise0 (http://localhost:51059/__cypress/runner/cypress_runner.js:165453:10)\n    at Promise._settlePromises (http://localhost:51059/__cypress/runner/cypress_runner.js:165528:18)\n    at Async../node_modules/bluebird/js/release/async.js.Async._drainQueue (http://localhost:51059/__cypress/runner/cypress_runner.js:162140:16)\n    at Async../node_modules/bluebird/js/release/async.js.Async._drainQueues (http://localhost:51059/__cypress/runner/cypress_runner.js:162150:10)\n    at Async.drainQueues (http://localhost:51059/__cypress/runner/cypress_runner.js:162024:14)",
                "diff": null
              },
              "uuid": "e511b782-d2a7-4363-98a8-f20509d02f31",
              "parentUUID": "6bc52912-ffb4-41d5-b1a1-1627bbcbe0b8",
              "isHook": false,
              "skipped": false
            },
            {
              "title": "Verifica se o texto do botão é 'Limpar'",
              "fullTitle": "9 - Crie um botão que, ao ser clicado, limpa o quadro preenchendo a cor de todos seus pixels com branco. Verifica se o texto do botão é 'Limpar'",
              "timedOut": null,
              "duration": 4405,
              "state": "failed",
              "speed": null,
              "pass": false,
              "fail": true,
              "pending": false,
              "context": null,
              "code": "cy.get('#clear-board').should('contain.text', 'Limpar');",
              "err": {
                "message": "CypressError: Timed out retrying: Expected to find element: '#clear-board', but never found it.",
                "estack": "CypressError: Timed out retrying: Expected to find element: '#clear-board', but never found it.\n    at cypressErr (http://localhost:51059/__cypress/runner/cypress_runner.js:149934:9)\n    at throwErr (http://localhost:51059/__cypress/runner/cypress_runner.js:149867:11)\n    at Object.throwErrByPath (http://localhost:51059/__cypress/runner/cypress_runner.js:149915:3)\n    at retry (http://localhost:51059/__cypress/runner/cypress_runner.js:144197:19)\n    at onFailFn (http://localhost:51059/__cypress/runner/cypress_runner.js:132448:16)\n    at tryCatcher (http://localhost:51059/__cypress/runner/cypress_runner.js:167415:23)\n    at Promise._settlePromiseFromHandler (http://localhost:51059/__cypress/runner/cypress_runner.js:165351:31)\n    at Promise._settlePromise (http://localhost:51059/__cypress/runner/cypress_runner.js:165408:18)\n    at Promise._settlePromise0 (http://localhost:51059/__cypress/runner/cypress_runner.js:165453:10)\n    at Promise._settlePromises (http://localhost:51059/__cypress/runner/cypress_runner.js:165528:18)\n    at Async../node_modules/bluebird/js/release/async.js.Async._drainQueue (http://localhost:51059/__cypress/runner/cypress_runner.js:162140:16)\n    at Async../node_modules/bluebird/js/release/async.js.Async._drainQueues (http://localhost:51059/__cypress/runner/cypress_runner.js:162150:10)\n    at Async.drainQueues (http://localhost:51059/__cypress/runner/cypress_runner.js:162024:14)",
                "diff": null
              },
              "uuid": "4974afb5-4d81-4023-9ce1-cf63fb5cb5af",
              "parentUUID": "6bc52912-ffb4-41d5-b1a1-1627bbcbe0b8",
              "isHook": false,
              "skipped": false
            },
            {
              "title": "Verifica se ao clicar no botão, o quadro de pixels é totalmente preenchido de branco",
              "fullTitle": "9 - Crie um botão que, ao ser clicado, limpa o quadro preenchendo a cor de todos seus pixels com branco. Verifica se ao clicar no botão, o quadro de pixels é totalmente preenchido de branco",
              "timedOut": null,
              "duration": 4544,
              "state": "failed",
              "speed": null,
              "pass": false,
              "fail": true,
              "pending": false,
              "context": null,
              "code": "cy.get('.color').eq(1).then(function (color) {\n  var backgroundColor = color.css('background-color');\n  cy.wrap(color).click();\n  cy.get('.pixel').each(function (pixel) {\n    cy.wrap(pixel).click().should('have.css', 'background-color', backgroundColor);\n  });\n});\ncy.get('#clear-board').click();\ncy.get('.pixel').each(function (pixel) {\n  cy.wrap(pixel).should('have.css', 'background-color', WHITE);\n});",
              "err": {
                "message": "CypressError: Timed out retrying: expected '<div.pixel>' to have CSS property 'background-color' with the value 'rgb(165, 42, 42)', but the value was 'rgba(0, 0, 0, 0)'",
                "estack": "CypressError: Timed out retrying: expected '<div.pixel>' to have CSS property 'background-color' with the value 'rgb(165, 42, 42)', but the value was 'rgba(0, 0, 0, 0)'\n    at cypressErr (http://localhost:51059/__cypress/runner/cypress_runner.js:149934:9)\n    at throwErr (http://localhost:51059/__cypress/runner/cypress_runner.js:149867:11)\n    at Object.throwErrByPath (http://localhost:51059/__cypress/runner/cypress_runner.js:149915:3)\n    at retry (http://localhost:51059/__cypress/runner/cypress_runner.js:144197:19)\n    at onFailFn (http://localhost:51059/__cypress/runner/cypress_runner.js:132448:16)\n    at tryCatcher (http://localhost:51059/__cypress/runner/cypress_runner.js:167415:23)\n    at Promise._settlePromiseFromHandler (http://localhost:51059/__cypress/runner/cypress_runner.js:165351:31)\n    at Promise._settlePromise (http://localhost:51059/__cypress/runner/cypress_runner.js:165408:18)\n    at Promise._settlePromise0 (http://localhost:51059/__cypress/runner/cypress_runner.js:165453:10)\n    at Promise._settlePromises (http://localhost:51059/__cypress/runner/cypress_runner.js:165528:18)\n    at Async../node_modules/bluebird/js/release/async.js.Async._drainQueue (http://localhost:51059/__cypress/runner/cypress_runner.js:162140:16)\n    at Async../node_modules/bluebird/js/release/async.js.Async._drainQueues (http://localhost:51059/__cypress/runner/cypress_runner.js:162150:10)\n    at Async.drainQueues (http://localhost:51059/__cypress/runner/cypress_runner.js:162024:14)",
                "diff": null
              },
              "uuid": "e2fc4f24-649e-4b57-91aa-3210d9c82bf9",
              "parentUUID": "6bc52912-ffb4-41d5-b1a1-1627bbcbe0b8",
              "isHook": false,
              "skipped": false
            }
          ],
          "suites": [],
          "passes": [],
          "failures": [
            "f3c48144-3fed-499d-9479-b80e38400c91",
            "e511b782-d2a7-4363-98a8-f20509d02f31",
            "4974afb5-4d81-4023-9ce1-cf63fb5cb5af",
            "e2fc4f24-649e-4b57-91aa-3210d9c82bf9"
          ],
          "pending": [],
          "skipped": [],
          "duration": 17724,
          "root": false,
          "rootEmpty": false,
          "_timeout": 2000
        },
        {
          "uuid": "95db947b-ffd8-4f88-80bb-8edb35587bad",
          "title": "10 - Faça o quadro de pixels ter seu tamanho definido pelo usuário.",
          "fullFile": "",
          "file": "",
          "beforeHooks": [],
          "afterHooks": [],
          "tests": [
            {
              "title": "Verifica se existe um input com o id `board-size`",
              "fullTitle": "10 - Faça o quadro de pixels ter seu tamanho definido pelo usuário. Verifica se existe um input com o id `board-size`",
              "timedOut": null,
              "duration": 4366,
              "state": "failed",
              "speed": null,
              "pass": false,
              "fail": true,
              "pending": false,
              "context": null,
              "code": "cy.get('#board-size').should('be.visible');",
              "err": {
                "message": "CypressError: Timed out retrying: Expected to find element: '#board-size', but never found it.",
                "estack": "CypressError: Timed out retrying: Expected to find element: '#board-size', but never found it.\n    at cypressErr (http://localhost:51059/__cypress/runner/cypress_runner.js:149934:9)\n    at throwErr (http://localhost:51059/__cypress/runner/cypress_runner.js:149867:11)\n    at Object.throwErrByPath (http://localhost:51059/__cypress/runner/cypress_runner.js:149915:3)\n    at retry (http://localhost:51059/__cypress/runner/cypress_runner.js:144197:19)\n    at onFailFn (http://localhost:51059/__cypress/runner/cypress_runner.js:132448:16)\n    at tryCatcher (http://localhost:51059/__cypress/runner/cypress_runner.js:167415:23)\n    at Promise._settlePromiseFromHandler (http://localhost:51059/__cypress/runner/cypress_runner.js:165351:31)\n    at Promise._settlePromise (http://localhost:51059/__cypress/runner/cypress_runner.js:165408:18)\n    at Promise._settlePromise0 (http://localhost:51059/__cypress/runner/cypress_runner.js:165453:10)\n    at Promise._settlePromises (http://localhost:51059/__cypress/runner/cypress_runner.js:165528:18)\n    at Async../node_modules/bluebird/js/release/async.js.Async._drainQueue (http://localhost:51059/__cypress/runner/cypress_runner.js:162140:16)\n    at Async../node_modules/bluebird/js/release/async.js.Async._drainQueues (http://localhost:51059/__cypress/runner/cypress_runner.js:162150:10)\n    at Async.drainQueues (http://localhost:51059/__cypress/runner/cypress_runner.js:162024:14)",
                "diff": null
              },
              "uuid": "c965d4e6-0f88-4fd0-aa4a-474a3ff30529",
              "parentUUID": "95db947b-ffd8-4f88-80bb-8edb35587bad",
              "isHook": false,
              "skipped": false
            },
            {
              "title": "Verifica se existe um botão com o id `generate-board`",
              "fullTitle": "10 - Faça o quadro de pixels ter seu tamanho definido pelo usuário. Verifica se existe um botão com o id `generate-board`",
              "timedOut": null,
              "duration": 4483,
              "state": "failed",
              "speed": null,
              "pass": false,
              "fail": true,
              "pending": false,
              "context": null,
              "code": "cy.get('#generate-board').should('be.visible');",
              "err": {
                "message": "CypressError: Timed out retrying: Expected to find element: '#generate-board', but never found it.",
                "estack": "CypressError: Timed out retrying: Expected to find element: '#generate-board', but never found it.\n    at cypressErr (http://localhost:51059/__cypress/runner/cypress_runner.js:149934:9)\n    at throwErr (http://localhost:51059/__cypress/runner/cypress_runner.js:149867:11)\n    at Object.throwErrByPath (http://localhost:51059/__cypress/runner/cypress_runner.js:149915:3)\n    at retry (http://localhost:51059/__cypress/runner/cypress_runner.js:144197:19)\n    at onFailFn (http://localhost:51059/__cypress/runner/cypress_runner.js:132448:16)\n    at tryCatcher (http://localhost:51059/__cypress/runner/cypress_runner.js:167415:23)\n    at Promise._settlePromiseFromHandler (http://localhost:51059/__cypress/runner/cypress_runner.js:165351:31)\n    at Promise._settlePromise (http://localhost:51059/__cypress/runner/cypress_runner.js:165408:18)\n    at Promise._settlePromise0 (http://localhost:51059/__cypress/runner/cypress_runner.js:165453:10)\n    at Promise._settlePromises (http://localhost:51059/__cypress/runner/cypress_runner.js:165528:18)\n    at Async../node_modules/bluebird/js/release/async.js.Async._drainQueue (http://localhost:51059/__cypress/runner/cypress_runner.js:162140:16)\n    at Async../node_modules/bluebird/js/release/async.js.Async._drainQueues (http://localhost:51059/__cypress/runner/cypress_runner.js:162150:10)\n    at Async.drainQueues (http://localhost:51059/__cypress/runner/cypress_runner.js:162024:14)",
                "diff": null
              },
              "uuid": "215b8838-12d5-43a2-a2fc-5944bd1990cf",
              "parentUUID": "95db947b-ffd8-4f88-80bb-8edb35587bad",
              "isHook": false,
              "skipped": false
            },
            {
              "title": "Verifica se o input só aceita número maiores que zero. Essa restrição deve ser feita usando os atributos do elemento `input`",
              "fullTitle": "10 - Faça o quadro de pixels ter seu tamanho definido pelo usuário. Verifica se o input só aceita número maiores que zero. Essa restrição deve ser feita usando os atributos do elemento `input`",
              "timedOut": null,
              "duration": 4390,
              "state": "failed",
              "speed": null,
              "pass": false,
              "fail": true,
              "pending": false,
              "context": null,
              "code": "cy.get('#board-size[type=\\'number\\'][min=\\'1\\']');",
              "err": {
                "message": "CypressError: Timed out retrying: Expected to find element: '#board-size[type='number'][min='1']', but never found it.",
                "estack": "CypressError: Timed out retrying: Expected to find element: '#board-size[type='number'][min='1']', but never found it.\n    at cypressErr (http://localhost:51059/__cypress/runner/cypress_runner.js:149934:9)\n    at throwErr (http://localhost:51059/__cypress/runner/cypress_runner.js:149867:11)\n    at Object.throwErrByPath (http://localhost:51059/__cypress/runner/cypress_runner.js:149915:3)\n    at retry (http://localhost:51059/__cypress/runner/cypress_runner.js:144197:19)\n    at onFailFn (http://localhost:51059/__cypress/runner/cypress_runner.js:132448:16)\n    at tryCatcher (http://localhost:51059/__cypress/runner/cypress_runner.js:167415:23)\n    at Promise._settlePromiseFromHandler (http://localhost:51059/__cypress/runner/cypress_runner.js:165351:31)\n    at Promise._settlePromise (http://localhost:51059/__cypress/runner/cypress_runner.js:165408:18)\n    at Promise._settlePromise0 (http://localhost:51059/__cypress/runner/cypress_runner.js:165453:10)\n    at Promise._settlePromises (http://localhost:51059/__cypress/runner/cypress_runner.js:165528:18)\n    at Async../node_modules/bluebird/js/release/async.js.Async._drainQueue (http://localhost:51059/__cypress/runner/cypress_runner.js:162140:16)\n    at Async../node_modules/bluebird/js/release/async.js.Async._drainQueues (http://localhost:51059/__cypress/runner/cypress_runner.js:162150:10)\n    at Async.drainQueues (http://localhost:51059/__cypress/runner/cypress_runner.js:162024:14)",
                "diff": null
              },
              "uuid": "a3007eb7-5cd0-4536-8993-465dea24e536",
              "parentUUID": "95db947b-ffd8-4f88-80bb-8edb35587bad",
              "isHook": false,
              "skipped": false
            },
            {
              "title": "Verifica se o botão contém o texto 'VQV'",
              "fullTitle": "10 - Faça o quadro de pixels ter seu tamanho definido pelo usuário. Verifica se o botão contém o texto 'VQV'",
              "timedOut": null,
              "duration": 4402,
              "state": "failed",
              "speed": null,
              "pass": false,
              "fail": true,
              "pending": false,
              "context": null,
              "code": "cy.get('#generate-board').contains(/vqv/i);",
              "err": {
[...]
                "diff": null
              },
              "uuid": "f24f6d97-a9b5-4b9e-b681-1caf270d919c",
              "parentUUID": "95db947b-ffd8-4f88-80bb-8edb35587bad",
              "isHook": false,
              "skipped": false
            },
            {
              "title": "Verifica se o novo quadro tem todos os pixels preenchidos com a cor branca",
              "fullTitle": "10 - Faça o quadro de pixels ter seu tamanho definido pelo usuário. Verifica se o novo quadro tem todos os pixels preenchidos com a cor branca",
              "timedOut": null,
              "duration": 4368,
              "state": "failed",
              "speed": null,
              "pass": false,
              "fail": true,
              "pending": false,
              "context": null,
              "code": "cy.get('#board-size').clear().type(6);\ncy.get('#generate-board').click();\ncy.get('.pixel').should('have.length', 36).each(function (pixel) {\n  expect(pixel).to.have.css('background-color', WHITE);\n});",
              "err": {
                "message": "CypressError: Timed out retrying: Expected to find element: '#board-size', but never found it.",
                "estack": "CypressError: Timed out retrying: Expected to find element: '#board-size', but never found it.\n    at cypressErr (http://localhost:51059/__cypress/runner/cypress_runner.js:149934:9)\n    at throwErr (http://localhost:51059/__cypress/runner/cypress_runner.js:149867:11)\n    at Object.throwErrByPath (http://localhost:51059/__cypress/runner/cypress_runner.js:149915:3)\n    at retry (http://localhost:51059/__cypress/runner/cypress_runner.js:144197:19)\n    at onFailFn (http://localhost:51059/__cypress/runner/cypress_runner.js:132448:16)\n    at tryCatcher (http://localhost:51059/__cypress/runner/cypress_runner.js:167415:23)\n    at Promise._settlePromiseFromHandler (http://localhost:51059/__cypress/runner/cypress_runner.js:165351:31)\n    at Promise._settlePromise (http://localhost:51059/__cypress/runner/cypress_runner.js:165408:18)\n    at Promise._settlePromise0 (http://localhost:51059/__cypress/runner/cypress_runner.js:165453:10)\n    at Promise._settlePromises (http://localhost:51059/__cypress/runner/cypress_runner.js:165528:18)\n    at Async../node_modules/bluebird/js/release/async.js.Async._drainQueue (http://localhost:51059/__cypress/runner/cypress_runner.js:162140:16)\n    at Async../node_modules/bluebird/js/release/async.js.Async._drainQueues (http://localhost:51059/__cypress/runner/cypress_runner.js:162150:10)\n    at Async.drainQueues (http://localhost:51059/__cypress/runner/cypress_runner.js:162024:14)",
                "diff": null
              },
              "uuid": "c9e229a1-7072-4004-80d7-bb38d1962c4b",
              "parentUUID": "95db947b-ffd8-4f88-80bb-8edb35587bad",
              "isHook": false,
              "skipped": false
            }
          ],
          "suites": [],
          "passes": [],
          "failures": [
            "c965d4e6-0f88-4fd0-aa4a-474a3ff30529",
            "215b8838-12d5-43a2-a2fc-5944bd1990cf",
            "a3007eb7-5cd0-4536-8993-465dea24e536",
            "96244482-0269-46ee-beea-f53f7ccb4f01",
            "c141a84b-99ed-4ff3-912b-a158d83b9206",
            "8167ee33-af2b-4079-9667-559b2ae49ad2",
            "bc135756-e5e3-4e35-8880-54f2f094b4b9",
            "f24f6d97-a9b5-4b9e-b681-1caf270d919c",
            "c9e229a1-7072-4004-80d7-bb38d1962c4b"
          ],
          "pending": [],
          "skipped": [],
          "duration": 39539,
          "root": false,
          "rootEmpty": false,
          "_timeout": 2000
        },
        {
          "uuid": "bfcf4b31-23fd-4e8b-9be2-20a38d24e395",
          "title": "11 - Limite o tamanho mínimo e máximo do board.",
          "fullFile": "",
          "file": "",
          "beforeHooks": [],
          "afterHooks": [],
          "tests": [
            {
              "title": "Verifica se a altura máxima do board é 50",
              "fullTitle": "11 - Limite o tamanho mínimo e máximo do board. Verifica se a altura máxima do board é 50",
              "timedOut": null,
              "duration": 4401,
              "state": "failed",
              "speed": null,
              "pass": false,
              "fail": true,
              "pending": false,
              "context": null,
              "code": "cy.get('#board-size').clear().type(50);\ncy.get('#generate-board').click();\ncy.get('.pixel').should('have.length', 2500);",
              "err": {
                "message": "CypressError: Timed out retrying: Expected to find element: '#board-size', but never found it.",
                "estack": "CypressError: Timed out retrying: Expected to find element: '#board-size', but never found it.\n    at cypressErr (http://localhost:51059/__cypress/runner/cypress_runner.js:149934:9)\n    at throwErr (http://localhost:51059/__cypress/runner/cypress_runner.js:149867:11)\n    at Object.throwErrByPath (http://localhost:51059/__cypress/runner/cypress_runner.js:149915:3)\n    at retry (http://localhost:51059/__cypress/runner/cypress_runner.js:144197:19)\n    at onFailFn (http://localhost:51059/__cypress/runner/cypress_runner.js:132448:16)\n    at tryCatcher (http://localhost:51059/__cypress/runner/cypress_runner.js:167415:23)\n    at Promise._settlePromiseFromHandler (http://localhost:51059/__cypress/runner/cypress_runner.js:165351:31)\n    at Promise._settlePromise (http://localhost:51059/__cypress/runner/cypress_runner.js:165408:18)\n    at Promise._settlePromise0 (http://localhost:51059/__cypress/runner/cypress_runner.js:165453:10)\n    at Promise._settlePromises (http://localhost:51059/__cypress/runner/cypress_runner.js:165528:18)\n    at Async../node_modules/bluebird/js/release/async.js.Async._drainQueue (http://localhost:51059/__cypress/runner/cypress_runner.js:162140:16)\n    at Async../node_modules/bluebird/js/release/async.js.Async._drainQueues (http://localhost:51059/__cypress/runner/cypress_runner.js:162150:10)\n    at Async.drainQueues (http://localhost:51059/__cypress/runner/cypress_runner.js:162024:14)",
                "diff": null
              },
              "uuid": "eebf6572-f85d-481c-b730-ffc4b0142fa5",
              "parentUUID": "bfcf4b31-23fd-4e8b-9be2-20a38d24e395",
              "isHook": false,
              "skipped": false
            },
            {
              "title": "Verifica se a altura do board é 5 quando um valor menor é colocado no input",
              "fullTitle": "11 - Limite o tamanho mínimo e máximo do board. Verifica se a altura do board é 5 quando um valor menor é colocado no input",
              "timedOut": null,
              "duration": 4403,
              "state": "failed",
              "speed": null,
              "pass": false,
              "fail": true,
              "pending": false,
              "context": null,
              "code": "cy.get('#board-size').clear().type(4);\ncy.get('#generate-board').click();\ncy.get('.pixel').should('have.length', 25);",
              "err": {
                "message": "CypressError: Timed out retrying: Expected to find element: '#board-size', but never found it.",
                "estack": "CypressError: Timed out retrying: Expected to find element: '#board-size', but never found it.\n    at cypressErr (http://localhost:51059/__cypress/runner/cypress_runner.js:149934:9)\n    at throwErr (http://localhost:51059/__cypress/runner/cypress_runner.js:149867:11)\n    at Object.throwErrByPath (http://localhost:51059/__cypress/runner/cypress_runner.js:149915:3)\n    at retry (http://localhost:51059/__cypress/runner/cypress_runner.js:144197:19)\n    at onFailFn (http://localhost:51059/__cypress/runner/cypress_runner.js:132448:16)\n    at tryCatcher (http://localhost:51059/__cypress/runner/cypress_runner.js:167415:23)\n    at Promise._settlePromiseFromHandler (http://localhost:51059/__cypress/runner/cypress_runner.js:165351:31)\n    at Promise._settlePromise (http://localhost:51059/__cypress/runner/cypress_runner.js:165408:18)\n    at Promise._settlePromise0 (http://localhost:51059/__cypress/runner/cypress_runner.js:165453:10)\n    at Promise._settlePromises (http://localhost:51059/__cypress/runner/cypress_runner.js:165528:18)\n    at Async../node_modules/bluebird/js/release/async.js.Async._drainQueue (http://localhost:51059/__cypress/runner/cypress_runner.js:162140:16)\n    at Async../node_modules/bluebird/js/release/async.js.Async._drainQueues (http://localhost:51059/__cypress/runner/cypress_runner.js:162150:10)\n    at Async.drainQueues (http://localhost:51059/__cypress/runner/cypress_runner.js:162024:14)",
                "diff": null
              },
              "uuid": "16b6c11f-bd72-464a-8a2b-1c6d1034c131",
              "parentUUID": "bfcf4b31-23fd-4e8b-9be2-20a38d24e395",
              "isHook": false,
              "skipped": false
            },
            {
              "title": "Verifica se a altura do board é 50 quando um valor maior é colocado no input",
              "fullTitle": "11 - Limite o tamanho mínimo e máximo do board. Verifica se a altura do board é 50 quando um valor maior é colocado no input",
              "timedOut": null,
              "duration": 4403,
              "state": "failed",
              "speed": null,
              "pass": false,
              "fail": true,
              "pending": false,
              "context": null,
              "code": "cy.get('#board-size').clear().type(51);\ncy.get('#generate-board').click();\ncy.get('.pixel').should('have.length', 2500);",
              "err": {
                "message": "CypressError: Timed out retrying: Expected to find element: '#board-size', but never found it.",
                "estack": "CypressError: Timed out retrying: Expected to find element: '#board-size', but never found it.\n    at cypressErr (http://localhost:51059/__cypress/runner/cypress_runner.js:149934:9)\n    at throwErr (http://localhost:51059/__cypress/runner/cypress_runner.js:149867:11)\n    at Object.throwErrByPath (http://localhost:51059/__cypress/runner/cypress_runner.js:149915:3)\n    at retry (http://localhost:51059/__cypress/runner/cypress_runner.js:144197:19)\n    at onFailFn (http://localhost:51059/__cypress/runner/cypress_runner.js:132448:16)\n    at tryCatcher (http://localhost:51059/__cypress/runner/cypress_runner.js:167415:23)\n    at Promise._settlePromiseFromHandler (http://localhost:51059/__cypress/runner/cypress_runner.js:165351:31)\n    at Promise._settlePromise (http://localhost:51059/__cypress/runner/cypress_runner.js:165408:18)\n    at Promise._settlePromise0 (http://localhost:51059/__cypress/runner/cypress_runner.js:165453:10)\n    at Promise._settlePromises (http://localhost:51059/__cypress/runner/cypress_runner.js:165528:18)\n    at Async../node_modules/bluebird/js/release/async.js.Async._drainQueue (http://localhost:51059/__cypress/runner/cypress_runner.js:162140:16)\n    at Async../node_modules/bluebird/js/release/async.js.Async._drainQueues (http://localhost:51059/__cypress/runner/cypress_runner.js:162150:10)\n    at Async.drainQueues (http://localhost:51059/__cypress/runner/cypress_runner.js:162024:14)",
                "diff": null
              },
              "uuid": "9e775934-7160-4c4e-8696-0f56545c2159",
              "parentUUID": "bfcf4b31-23fd-4e8b-9be2-20a38d24e395",
              "isHook": false,
              "skipped": false
            }
          ],
          "suites": [],
          "passes": [],
          "failures": [
            "eebf6572-f85d-481c-b730-ffc4b0142fa5",
            "16b6c11f-bd72-464a-8a2b-1c6d1034c131",
            "9e775934-7160-4c4e-8696-0f56545c2159"
          ],
          "pending": [],
          "skipped": [],
          "duration": 13207,
          "root": false,
          "rootEmpty": false,
          "_timeout": 2000
        },
        {
          "uuid": "9ef9817f-6d68-4d09-80d0-e36410c022c8",
          "title": "12 - Faça com que as cores da paleta sejam geradas aleatoriamente ao carregar a página.",
          "fullFile": "",
          "file": "",
          "beforeHooks": [],
          "afterHooks": [],
          "tests": [
            {
              "title": "Verifica se as cores geradas na paleta são diferentes a cada carregamento da página",
              "fullTitle": "12 - Faça com que as cores da paleta sejam geradas aleatoriamente ao carregar a página. Verifica se as cores geradas na paleta são diferentes a cada carregamento da página",
              "timedOut": null,
              "duration": 482,
              "state": "failed",
              "speed": null,
              "pass": false,
              "fail": true,
              "pending": false,
              "context": null,
              "code": "cy.get('.color').then(function (colors) {\n  var currentColors;\n  var previousColors;\n  previousColors = Array.from(colors).map(function (color) {\n    return Cypress.$(color).css('background-color');\n  });\n  for (var i = 0; i < 5; i += 1) {\n    cy.reload();\n    cy.get('.color').then(function (colors) {\n      currentColors = Array.from(colors).map(function (color) {\n        return Cypress.$(color).css('background-color');\n      });\n      expect(currentColors).not.to.deep.equal(previousColors);\n      previousColors = currentColors;\n    });\n  }\n});",
              "err": {
                "message": "AssertionError: expected [ Array(4) ] to not deeply equal [ Array(4) ]",
                "estack": "AssertionError: expected [ Array(4) ] to not deeply equal [ Array(4) ]\n    at getRet (http://localhost:51059/__cypress/runner/cypress_runner.js:136585:16)\n    at tryCatcher (http://localhost:51059/__cypress/runner/cypress_runner.js:167415:23)\n    at Function.Promise.attempt.Promise.try (http://localhost:51059/__cypress/runner/cypress_runner.js:164690:29)\n    at Context.thenFn (http://localhost:51059/__cypress/runner/cypress_runner.js:136599:23)\n    at Context.then (http://localhost:51059/__cypress/runner/cypress_runner.js:136971:21)\n    at Context.<anonymous> (http://localhost:51059/__cypress/runner/cypress_runner.js:148875:21)\n    at http://localhost:51059/__cypress/runner/cypress_runner.js:148351:33\n    at tryCatcher (http://localhost:51059/__cypress/runner/cypress_runner.js:167415:23)\n    at Promise._settlePromiseFromHandler (http://localhost:51059/__cypress/runner/cypress_runner.js:165351:31)\n    at Promise._settlePromise (http://localhost:51059/__cypress/runner/cypress_runner.js:165408:18)\n    at Promise._settlePromiseCtx (http://localhost:51059/__cypress/runner/cypress_runner.js:165445:10)\n    at Async../node_modules/bluebird/js/release/async.js.Async._drainQueue (http://localhost:51059/__cypress/runner/cypress_runner.js:162145:12)\n    at Async../node_modules/bluebird/js/release/async.js.Async._drainQueues (http://localhost:51059/__cypress/runner/cypress_runner.js:162150:10)\n    at Async.drainQueues (http://localhost:51059/__cypress/runner/cypress_runner.js:162024:14)",
                "diff": ""
              },
              "uuid": "cab2d81c-9e70-490e-ad9a-a69958db94d2",
              "parentUUID": "9ef9817f-6d68-4d09-80d0-e36410c022c8",
              "isHook": false,
              "skipped": false
            },
            {
              "title": "Verifica se a cor preta ainda está presente e é a primeira na sua paleta de cores",
              "fullTitle": "12 - Faça com que as cores da paleta sejam geradas aleatoriamente ao carregar a página. Verifica se a cor preta ainda está presente e é a primeira na sua paleta de cores",
              "timedOut": null,
              "duration": 448,
              "state": "failed",
              "speed": null,
              "pass": false,
              "fail": true,
              "pending": false,
              "context": null,
              "code": "cy.get('.color').then(function (colors) {\n  var currentColors;\n  var previousColors;\n  previousColors = Array.from(colors).map(function (color) {\n    return Cypress.$(color).css('background-color');\n  });\n  expect(previousColors[0]).to.eq(BLACK);\n  for (var i = 0; i < 5; i += 1) {\n    cy.reload();\n    cy.get('.color').then(function (colors) {\n      currentColors = Array.from(colors).map(function (color) {\n        return Cypress.$(color).css('background-color');\n      });\n      expect(currentColors[0]).to.eq(BLACK);\n      expect(currentColors).not.to.deep.equal(previousColors);\n      previousColors = currentColors;\n    });\n  }\n});",
              "err": {
                "message": "AssertionError: expected [ Array(4) ] to not deeply equal [ Array(4) ]",
                "estack": "AssertionError: expected [ Array(4) ] to not deeply equal [ Array(4) ]\n    at getRet (http://localhost:51059/__cypress/runner/cypress_runner.js:136585:16)\n    at tryCatcher (http://localhost:51059/__cypress/runner/cypress_runner.js:167415:23)\n    at Function.Promise.attempt.Promise.try (http://localhost:51059/__cypress/runner/cypress_runner.js:164690:29)\n    at Context.thenFn (http://localhost:51059/__cypress/runner/cypress_runner.js:136599:23)\n    at Context.then (http://localhost:51059/__cypress/runner/cypress_runner.js:136971:21)\n    at Context.<anonymous> (http://localhost:51059/__cypress/runner/cypress_runner.js:148875:21)\n    at http://localhost:51059/__cypress/runner/cypress_runner.js:148351:33\n    at tryCatcher (http://localhost:51059/__cypress/runner/cypress_runner.js:167415:23)\n    at Promise._settlePromiseFromHandler (http://localhost:51059/__cypress/runner/cypress_runner.js:165351:31)\n    at Promise._settlePromise (http://localhost:51059/__cypress/runner/cypress_runner.js:165408:18)\n    at Promise._settlePromiseCtx (http://localhost:51059/__cypress/runner/cypress_runner.js:165445:10)\n    at Async../node_modules/bluebird/js/release/async.js.Async._drainQueue (http://localhost:51059/__cypress/runner/cypress_runner.js:162145:12)\n    at Async../node_modules/bluebird/js/release/async.js.Async._drainQueues (http://localhost:51059/__cypress/runner/cypress_runner.js:162150:10)\n    at Async.drainQueues (http://localhost:51059/__cypress/runner/cypress_runner.js:162024:14)",
                "diff": ""
              },
              "uuid": "c6c79952-68aa-446d-b515-2300fade0f84",
              "parentUUID": "9ef9817f-6d68-4d09-80d0-e36410c022c8",
              "isHook": false,
              "skipped": false
            }
          ],
          "suites": [],
          "passes": [],
          "failures": [
            "cab2d81c-9e70-490e-ad9a-a69958db94d2",
            "c6c79952-68aa-446d-b515-2300fade0f84"
          ],
          "pending": [],
          "skipped": [],
          "duration": 930,
          "root": false,
          "rootEmpty": false,
          "_timeout": 2000
        }
      ],
      "passes": [],
      "failures": [],
      "pending": [],
      "skipped": [],
      "duration": 0,
      "root": true,
      "rootEmpty": true,
      "_timeout": 2000
    }
  ],
  "meta": {
    "mocha": {
      "version": "7.0.1"
    },
    "mochawesome": {
      "options": {
        "quiet": false,
        "reportFilename": "mochawesome",
        "saveHtml": false,
        "saveJson": true,
        "consoleReporter": "spec",
        "useInlineDiffs": false
      },
      "version": "4.1.0"
    },
    "marge": {
      "options": {
        "id": "default",
        "reportDir": "cypress/reports",
        "overwrite": true,
        "html": false,
        "json": true
      },
      "version": "4.1.0"
    }
  }
}