{
  "stats": {
    "suites": 12,
    "tests": 41,
    "passes": 23,
    "pending": 0,
    "failures": 18,
    "start": "2021-07-08T22:26:31.257Z",
    "end": "2021-07-08T22:28:13.755Z",
    "duration": 102498,
    "testsRegistered": 41,
    "passPercent": 56.09756097560976,
    "pendingPercent": 0,
    "other": 0,
    "hasOther": false,
    "skipped": 0,
    "hasSkipped": false
  },
  "results": [
    {
      "uuid": "29b40a69-bc3f-4626-b993-5b45d3d490bc",
      "title": "",
      "fullFile": "cypress/integration/project.spec.js",
      "file": "cypress/integration/project.spec.js",
      "beforeHooks": [],
      "afterHooks": [],
      "tests": [],
      "suites": [
        {
          "uuid": "75573f37-3ec5-490e-b9ca-ec0b69a77105",
          "title": "1 - Adicione à página o título \"Paleta de Cores\".",
          "fullFile": "",
          "file": "",
          "beforeHooks": [],
          "afterHooks": [],
          "tests": [
            {
              "title": "Verifica se contém um elemento `h1` com o id `title` com o título correto",
              "fullTitle": "1 - Adicione à página o título \"Paleta de Cores\". Verifica se contém um elemento `h1` com o id `title` com o título correto",
              "timedOut": null,
              "duration": 260,
              "state": "passed",
              "speed": "slow",
              "pass": true,
              "fail": false,
              "pending": false,
              "context": null,
              "code": "cy.get('h1#title').should('contain.text', 'Paleta de Cores');",
              "err": {},
              "uuid": "a6ac7991-72b6-4edc-ae57-b11024ba4b31",
              "parentUUID": "75573f37-3ec5-490e-b9ca-ec0b69a77105",
              "isHook": false,
              "skipped": false
            }
          ],
          "suites": [],
          "passes": [
            "a6ac7991-72b6-4edc-ae57-b11024ba4b31"
          ],
          "failures": [],
          "pending": [],
          "skipped": [],
          "duration": 260,
          "root": false,
          "rootEmpty": false,
          "_timeout": 2000
        },
        {
          "uuid": "40575376-2bf3-4aa7-8523-c36c3025f8d3",
          "title": "2 - Adicione à página uma paleta de quatro cores distintas.",
          "fullFile": "",
          "file": "",
          "beforeHooks": [],
          "afterHooks": [],
          "tests": [
            {
              "title": "A paleta de cores deve ser um elemento com `id` denominado `color-palette`",
              "fullTitle": "2 - Adicione à página uma paleta de quatro cores distintas. A paleta de cores deve ser um elemento com `id` denominado `color-palette`",
              "timedOut": null,
              "duration": 217,
              "state": "passed",
              "speed": "slow",
              "pass": true,
              "fail": false,
              "pending": false,
              "context": null,
              "code": "cy.get('#color-palette').should('be.visible');",
              "err": {},
              "uuid": "ec19f317-d91e-40aa-9d10-e4d54100f81d",
              "parentUUID": "40575376-2bf3-4aa7-8523-c36c3025f8d3",
              "isHook": false,
              "skipped": false
            },
            {
              "title": "Verifica se cada cor individual da paleta de cores possui a `classe` chamada `color`.",
              "fullTitle": "2 - Adicione à página uma paleta de quatro cores distintas. Verifica se cada cor individual da paleta de cores possui a `classe` chamada `color`.",
              "timedOut": null,
              "duration": 227,
              "state": "passed",
              "speed": "slow",
              "pass": true,
              "fail": false,
              "pending": false,
              "context": null,
              "code": "cy.get('.color').should('have.length', 4).then(function (colors) {\n  for (var i = 0; i < colors.length; i++) {\n    cy.wrap(colors[i]).should('be.visible');\n  }\n});",
              "err": {},
              "uuid": "f23ca086-06cc-46b2-ad22-b7d26e6d2f93",
              "parentUUID": "40575376-2bf3-4aa7-8523-c36c3025f8d3",
              "isHook": false,
              "skipped": false
            },
            {
              "title": "Verifica se a cor de fundo de cada elemento da paleta é a cor que o elemento representa. **A única cor não permitida na paleta é a cor branca.**",
              "fullTitle": "2 - Adicione à página uma paleta de quatro cores distintas. Verifica se a cor de fundo de cada elemento da paleta é a cor que o elemento representa. **A única cor não permitida na paleta é a cor branca.**",
              "timedOut": null,
              "duration": 234,
              "state": "passed",
              "speed": "slow",
              "pass": true,
              "fail": false,
              "pending": false,
              "context": null,
              "code": "cy.get('.color').each(function (color) {\n  cy.wrap(color).should('have.class', 'color').and('not.have.css', 'background-color', WHITE);\n  cy.wrap(color).should('have.css', 'background-color');\n});",
              "err": {},
              "uuid": "97510a6a-6750-498d-8ed5-b4c372a39a2f",
              "parentUUID": "40575376-2bf3-4aa7-8523-c36c3025f8d3",
              "isHook": false,
              "skipped": false
            },
            {
              "title": "Verifica se cada elemento da paleta de cores tem uma borda preta, sólida e com 1 pixel de largura;",
              "fullTitle": "2 - Adicione à página uma paleta de quatro cores distintas. Verifica se cada elemento da paleta de cores tem uma borda preta, sólida e com 1 pixel de largura;",
              "timedOut": null,
              "duration": 143,
              "state": "passed",
              "speed": "slow",
              "pass": true,
              "fail": false,
              "pending": false,
              "context": null,
              "code": "cy.get('.color').each(function (color) {\n  cy.wrap(color).and('have.css', 'border', \"1px solid \".concat(BLACK)).and('have.class', 'color');\n});",
              "err": {},
              "uuid": "e8d8b430-75d1-4ab5-a259-978a04a42615",
              "parentUUID": "40575376-2bf3-4aa7-8523-c36c3025f8d3",
              "isHook": false,
              "skipped": false
            },
            {
              "title": "Verifica se a paleta lista todas as cores disponíveis para utilização, lado a lado.",
              "fullTitle": "2 - Adicione à página uma paleta de quatro cores distintas. Verifica se a paleta lista todas as cores disponíveis para utilização, lado a lado.",
              "timedOut": null,
              "duration": 131,
              "state": "passed",
              "speed": "slow",
              "pass": true,
              "fail": false,
              "pending": false,
              "context": null,
              "code": "cy.get('.color').then(function (colors) {\n  for (var index = 1; index < colors.length; index += 1) {\n    var currentColor = colors[index];\n    var previousColor = colors[index - 1];\n    cy.wrap(currentColor).should('be.onTheRightOf', previousColor).and('be.horizontallyAlignedWith', previousColor);\n  }\n});",
              "err": {},
              "uuid": "7fe522c5-ce03-48fe-8c3a-e7d36a011514",
              "parentUUID": "40575376-2bf3-4aa7-8523-c36c3025f8d3",
              "isHook": false,
              "skipped": false
            },
            {
              "title": "Verifica se a paleta de cores está posicionada abaixo do título 'Paleta de Cores'",
              "fullTitle": "2 - Adicione à página uma paleta de quatro cores distintas. Verifica se a paleta de cores está posicionada abaixo do título 'Paleta de Cores'",
              "timedOut": null,
              "duration": 113,
              "state": "passed",
              "speed": "slow",
              "pass": true,
              "fail": false,
              "pending": false,
              "context": null,
              "code": "cy.get('h1#title').then(function (title) {\n  cy.get('#color-palette').should('be.belowOf', title);\n});",
              "err": {},
              "uuid": "4252c663-afcd-42b0-90b9-6aae2750543f",
              "parentUUID": "40575376-2bf3-4aa7-8523-c36c3025f8d3",
              "isHook": false,
              "skipped": false
            },
            {
              "title": "Verifica se a paleta de cores não contém cores repetidas.",
              "fullTitle": "2 - Adicione à página uma paleta de quatro cores distintas. Verifica se a paleta de cores não contém cores repetidas.",
              "timedOut": null,
              "duration": 126,
              "state": "passed",
              "speed": "slow",
              "pass": true,
              "fail": false,
              "pending": false,
              "context": null,
              "code": "cy.get('.color').then(function (colors) {\n  var allColors = Array.from(colors).map(function (color) {\n    return Cypress.$(color).css('background-color');\n  });\n  cy.log(allColors);\n  var uniqColors = (0, _toConsumableArray2[\"default\"])(new Set(allColors));\n  cy.log(uniqColors);\n  expect(allColors.length).to.eq(uniqColors.length);\n});",
              "err": {},
              "uuid": "bac1d81d-87b6-458e-824a-f15b02b811a6",
              "parentUUID": "40575376-2bf3-4aa7-8523-c36c3025f8d3",
              "isHook": false,
              "skipped": false
            }
          ],
          "suites": [],
          "passes": [
            "ec19f317-d91e-40aa-9d10-e4d54100f81d",
            "f23ca086-06cc-46b2-ad22-b7d26e6d2f93",
            "97510a6a-6750-498d-8ed5-b4c372a39a2f",
            "e8d8b430-75d1-4ab5-a259-978a04a42615",
            "7fe522c5-ce03-48fe-8c3a-e7d36a011514",
            "4252c663-afcd-42b0-90b9-6aae2750543f",
            "bac1d81d-87b6-458e-824a-f15b02b811a6"
          ],
          "failures": [],
          "pending": [],
          "skipped": [],
          "duration": 1191,
          "root": false,
          "rootEmpty": false,
          "_timeout": 2000
        },
        {
          "uuid": "4d7d0615-4e24-425d-9464-7044ce40595b",
          "title": "3 - Adicione a cor **preta** como a primeira cor da paleta de cores.",
          "fullFile": "",
          "file": "",
          "beforeHooks": [],
          "afterHooks": [],
          "tests": [
            {
              "title": "Verifica se a primeira cor da paleta é preta",
              "fullTitle": "3 - Adicione a cor **preta** como a primeira cor da paleta de cores. Verifica se a primeira cor da paleta é preta",
              "timedOut": null,
              "duration": 124,
              "state": "passed",
              "speed": "slow",
              "pass": true,
              "fail": false,
              "pending": false,
              "context": null,
              "code": "cy.get('.color').first().should('have.css', 'background-color', BLACK);",
              "err": {},
              "uuid": "9423a3ea-1a3d-4a65-865d-8b5befc36bfb",
              "parentUUID": "4d7d0615-4e24-425d-9464-7044ce40595b",
              "isHook": false,
              "skipped": false
            },
            {
              "title": "Verifica se as demais cores podem ser escolhidas livremente.",
              "fullTitle": "3 - Adicione a cor **preta** como a primeira cor da paleta de cores. Verifica se as demais cores podem ser escolhidas livremente.",
              "timedOut": null,
              "duration": 272,
              "state": "passed",
              "speed": "slow",
              "pass": true,
              "fail": false,
              "pending": false,
              "context": null,
              "code": "cy.get('.color').eq(1).should('not.have.css', 'background-color', BLACK);\ncy.get('.color').eq(1).should('not.have.css', 'background-color', WHITE);\ncy.get('.color').eq(1).should('not.have.css', 'background-color', 'rgba(0, 0, 0, 0)');\ncy.get('.color').eq(1).should('have.css', 'background-color');\ncy.get('.color').eq(2).should('not.have.css', 'background-color', BLACK);\ncy.get('.color').eq(2).should('not.have.css', 'background-color', WHITE);\ncy.get('.color').eq(2).should('not.have.css', 'background-color', 'rgba(0, 0, 0, 0)');\ncy.get('.color').eq(2).should('have.css', 'background-color');\ncy.get('.color').eq(3).should('not.have.css', 'background-color', BLACK);\ncy.get('.color').eq(3).should('not.have.css', 'background-color', WHITE);\ncy.get('.color').eq(3).should('not.have.css', 'background-color', 'rgba(0, 0, 0, 0)');\ncy.get('.color').eq(3).should('have.css', 'background-color');",
              "err": {},
              "uuid": "d9ee24cf-1516-4eb7-9390-70362ec824e1",
              "parentUUID": "4d7d0615-4e24-425d-9464-7044ce40595b",
              "isHook": false,
              "skipped": false
            }
          ],
          "suites": [],
          "passes": [
            "9423a3ea-1a3d-4a65-865d-8b5befc36bfb",
            "d9ee24cf-1516-4eb7-9390-70362ec824e1"
          ],
          "failures": [],
          "pending": [],
          "skipped": [],
          "duration": 396,
          "root": false,
          "rootEmpty": false,
          "_timeout": 2000
        },
        {
          "uuid": "8a8e0d21-ca5e-4125-94d8-9878b6d9094f",
          "title": "4 - Adicione à página um quadro de pixels, com 25 pixels.",
          "fullFile": "",
          "file": "",
          "beforeHooks": [],
          "afterHooks": [],
          "tests": [
            {
              "title": "Verifica se o quadro de pixels possui o `id` denominado `pixel-board`",
              "fullTitle": "4 - Adicione à página um quadro de pixels, com 25 pixels. Verifica se o quadro de pixels possui o `id` denominado `pixel-board`",
              "timedOut": null,
              "duration": 145,
              "state": "passed",
              "speed": "slow",
              "pass": true,
              "fail": false,
              "pending": false,
              "context": null,
              "code": "cy.get('#pixel-board').should('be.visible');",
              "err": {},
              "uuid": "aecd469c-fbec-4b66-8337-e6f79ffd4248",
              "parentUUID": "8a8e0d21-ca5e-4125-94d8-9878b6d9094f",
              "isHook": false,
              "skipped": false
            },
            {
              "title": "Verifica se cada pixel individual dentro do quadro possui a `classe` denominada `pixel`.",
              "fullTitle": "4 - Adicione à página um quadro de pixels, com 25 pixels. Verifica se cada pixel individual dentro do quadro possui a `classe` denominada `pixel`.",
              "timedOut": null,
              "duration": 190,
              "state": "passed",
              "speed": "slow",
              "pass": true,
              "fail": false,
              "pending": false,
              "context": null,
              "code": "cy.get('.pixel').should('have.length', 25);",
              "err": {},
              "uuid": "cadc3a04-8641-4d5f-a652-be6853b2b826",
              "parentUUID": "8a8e0d21-ca5e-4125-94d8-9878b6d9094f",
              "isHook": false,
              "skipped": false
            },
            {
              "title": "Verifica se a cor inicial dos pixels dentro do quadro, ao abrir a página, é branca.",
              "fullTitle": "4 - Adicione à página um quadro de pixels, com 25 pixels. Verifica se a cor inicial dos pixels dentro do quadro, ao abrir a página, é branca.",
              "timedOut": null,
              "duration": 283,
              "state": "passed",
              "speed": "slow",
              "pass": true,
              "fail": false,
              "pending": false,
              "context": null,
              "code": "cy.get('.pixel').should('have.length', 25).each(function (pixel) {\n  expect(pixel).to.have.css('background-color', WHITE);\n});",
              "err": {},
              "uuid": "792db4a2-9e03-4943-91ff-0c4f5afe14e6",
              "parentUUID": "8a8e0d21-ca5e-4125-94d8-9878b6d9094f",
              "isHook": false,
              "skipped": false
            },
            {
              "title": "Verifica se o quadro de pixels aparece abaixo da paleta de cores",
              "fullTitle": "4 - Adicione à página um quadro de pixels, com 25 pixels. Verifica se o quadro de pixels aparece abaixo da paleta de cores",
              "timedOut": null,
              "duration": 125,
              "state": "passed",
              "speed": "slow",
              "pass": true,
              "fail": false,
              "pending": false,
              "context": null,
              "code": "cy.get('#color-palette').then(function (palette) {\n  cy.get('#pixel-board').should('be.belowOf', palette);\n});",
              "err": {},
              "uuid": "6da590c3-bec1-4f50-8d42-9a3fa27aa504",
              "parentUUID": "8a8e0d21-ca5e-4125-94d8-9878b6d9094f",
              "isHook": false,
              "skipped": false
            }
          ],
          "suites": [],
          "passes": [
            "aecd469c-fbec-4b66-8337-e6f79ffd4248",
            "cadc3a04-8641-4d5f-a652-be6853b2b826",
            "792db4a2-9e03-4943-91ff-0c4f5afe14e6",
            "6da590c3-bec1-4f50-8d42-9a3fa27aa504"
          ],
          "failures": [],
          "pending": [],
          "skipped": [],
          "duration": 743,
          "root": false,
          "rootEmpty": false,
          "_timeout": 2000
        },
        {
          "uuid": "6c57e7a0-fa7c-4747-8ea7-00a741e3882a",
          "title": "5 - Faça com que cada elemento do quadro de pixels possua 40 pixels de largura, 40 pixels de altura e seja delimitado por uma borda preta de 1 pixel.",
          "fullFile": "",
          "file": "",
          "beforeHooks": [],
          "afterHooks": [],
          "tests": [
            {
              "title": "Verifica se o quadro de pixels tem altura e comprimento de 5 elementos",
              "fullTitle": "5 - Faça com que cada elemento do quadro de pixels possua 40 pixels de largura, 40 pixels de altura e seja delimitado por uma borda preta de 1 pixel. Verifica se o quadro de pixels tem altura e comprimento de 5 elementos",
              "timedOut": null,
              "duration": 364,
              "state": "passed",
              "speed": "slow",
              "pass": true,
              "fail": false,
              "pending": false,
              "context": null,
              "code": "cy.get('.pixel').should('have.length', 25).each(function (pixel) {\n  expect(pixel).to.have.css('background-color', WHITE);\n}).and(function (pixels) {\n  var rows = chunk(pixels, 5);\n  rows.forEach(function (row) {\n    for (var index = 1; index < row.length; index += 1) {\n      var current = pixels[index];\n      var previous = pixels[index - 1];\n      cy.wrap(current).should('be.onTheRightOf', previous).and('be.horizontallyAlignedWith', previous);\n    }\n  });\n  for (var index = 1; index < 5; index += 1) {\n    expect(pixels[index * 5]).to.be.belowOf(pixels[(index - 1) * 5]);\n  }\n});",
              "err": {},
              "uuid": "2645b0ba-119a-4ae7-a411-36c1c62959f0",
              "parentUUID": "6c57e7a0-fa7c-4747-8ea7-00a741e3882a",
              "isHook": false,
              "skipped": false
            },
            {
              "title": "Verifica se 40 pixels é o tamanho total do elemento, incluindo seu conteúdo e excluindo a borda preta, que deve ser criada à parte.",
              "fullTitle": "5 - Faça com que cada elemento do quadro de pixels possua 40 pixels de largura, 40 pixels de altura e seja delimitado por uma borda preta de 1 pixel. Verifica se 40 pixels é o tamanho total do elemento, incluindo seu conteúdo e excluindo a borda preta, que deve ser criada à parte.",
              "timedOut": null,
              "duration": 324,
              "state": "passed",
              "speed": "slow",
              "pass": true,
              "fail": false,
              "pending": false,
              "context": null,
              "code": "cy.get('.pixel').each(function (pixel) {\n  cy.wrap(pixel).should('have.css', 'height', '40px').and('have.css', 'width', '40px').and('have.css', 'border', \"1px solid \".concat(BLACK));\n});",
              "err": {},
              "uuid": "a652c8a7-8613-4a80-8896-97a82cce7960",
              "parentUUID": "6c57e7a0-fa7c-4747-8ea7-00a741e3882a",
              "isHook": false,
              "skipped": false
            }
          ],
          "suites": [],
          "passes": [
            "2645b0ba-119a-4ae7-a411-36c1c62959f0",
            "a652c8a7-8613-4a80-8896-97a82cce7960"
          ],
          "failures": [],
          "pending": [],
          "skipped": [],
          "duration": 688,
          "root": false,
          "rootEmpty": false,
          "_timeout": 2000
        },
        {
          "uuid": "f1493dc1-ebdc-4696-88e3-603678755f9a",
          "title": "6 - Defina a cor preta como cor inicial. Ao carregar a página a cor preta já deve estar selecionada para pintar os pixels",
          "fullFile": "",
          "file": "",
          "beforeHooks": [],
          "afterHooks": [],
          "tests": [
            {
              "title": "Verifica se o elemento da cor preta possui, inicialmente, a `classe` `selected`",
              "fullTitle": "6 - Defina a cor preta como cor inicial. Ao carregar a página a cor preta já deve estar selecionada para pintar os pixels Verifica se o elemento da cor preta possui, inicialmente, a `classe` `selected`",
              "timedOut": null,
              "duration": 116,
              "state": "passed",
              "speed": "slow",
              "pass": true,
              "fail": false,
              "pending": false,
              "context": null,
              "code": "cy.get('.selected').first().should('have.css', 'background-color', BLACK);",
              "err": {},
              "uuid": "5f590a43-05be-46d3-b42c-be8923dd6a52",
              "parentUUID": "f1493dc1-ebdc-4696-88e3-603678755f9a",
              "isHook": false,
              "skipped": false
            },
            {
              "title": "Verifica se nenhuma outra cor da paleta tem a `classe` `selected`",
              "fullTitle": "6 - Defina a cor preta como cor inicial. Ao carregar a página a cor preta já deve estar selecionada para pintar os pixels Verifica se nenhuma outra cor da paleta tem a `classe` `selected`",
              "timedOut": null,
              "duration": 107,
              "state": "passed",
              "speed": "slow",
              "pass": true,
              "fail": false,
              "pending": false,
              "context": null,
              "code": "cy.get('.color:not(:first-child)').each(function (color) {\n  cy.wrap(color).should('not.have.class', 'selected');\n});",
              "err": {},
              "uuid": "273004ed-3cbe-43f4-a2e9-d19549be8b5e",
              "parentUUID": "f1493dc1-ebdc-4696-88e3-603678755f9a",
              "isHook": false,
              "skipped": false
            }
          ],
          "suites": [],
          "passes": [
            "5f590a43-05be-46d3-b42c-be8923dd6a52",
            "273004ed-3cbe-43f4-a2e9-d19549be8b5e"
          ],
          "failures": [],
          "pending": [],
          "skipped": [],
          "duration": 223,
          "root": false,
          "rootEmpty": false,
          "_timeout": 2000
        },
        {
          "uuid": "644ec754-feba-4f69-b7ae-cabd355942cf",
          "title": "7 - Clicar em uma das cores da paleta, faz com que ela seja selecionada e utilizada para preencher os pixels no quadro.",
          "fullFile": "",
          "file": "",
          "beforeHooks": [],
          "afterHooks": [],
          "tests": [
            {
              "title": "Verifica se somente uma cor da paleta de cores tem a classe `selected` de cada vez",
              "fullTitle": "7 - Clicar em uma das cores da paleta, faz com que ela seja selecionada e utilizada para preencher os pixels no quadro. Verifica se somente uma cor da paleta de cores tem a classe `selected` de cada vez",
              "timedOut": null,
              "duration": 529,
              "state": "passed",
              "speed": "slow",
              "pass": true,
              "fail": false,
              "pending": false,
              "context": null,
              "code": "cy.get('.color').each(function (selectedColor, selectedColorIndex) {\n  cy.wrap(selectedColor).click();\n  cy.get('.color').each(function (color, colorIndex) {\n    if (colorIndex === selectedColorIndex) {\n      expect(color).to.have[\"class\"]('selected');\n    } else {\n      expect(color).not.to.have[\"class\"]('selected');\n    }\n  });\n});",
              "err": {},
              "uuid": "95635858-b1c9-4797-a09b-977a2944b481",
              "parentUUID": "644ec754-feba-4f69-b7ae-cabd355942cf",
              "isHook": false,
              "skipped": false
            },
            {
              "title": "Verifica se os pixels dentro do quadro não têm a classe `selected` quando são clicados",
              "fullTitle": "7 - Clicar em uma das cores da paleta, faz com que ela seja selecionada e utilizada para preencher os pixels no quadro. Verifica se os pixels dentro do quadro não têm a classe `selected` quando são clicados",
              "timedOut": null,
              "duration": 9247,
              "state": "passed",
              "speed": "slow",
              "pass": true,
              "fail": false,
              "pending": false,
              "context": null,
              "code": "cy.get('.color').each(function (color) {\n  var backgroundColor = color.css('background-color');\n  cy.wrap(color).click();\n  cy.get('.pixel').each(function (pixel) {\n    cy.wrap(pixel).click().should('not.have.class', 'selected');\n  });\n});",
              "err": {},
              "uuid": "756feaa1-eb4f-4ada-b730-9485b386346c",
              "parentUUID": "644ec754-feba-4f69-b7ae-cabd355942cf",
              "isHook": false,
              "skipped": false
            }
          ],
          "suites": [],
          "passes": [
            "95635858-b1c9-4797-a09b-977a2944b481",
            "756feaa1-eb4f-4ada-b730-9485b386346c"
          ],
          "failures": [],
          "pending": [],
          "skipped": [],
          "duration": 9776,
          "root": false,
          "rootEmpty": false,
          "_timeout": 2000
        },
        {
          "uuid": "d105f741-ef19-44ce-ad49-d3ff69c664b4",
          "title": "8 - Clicar em um pixel dentro do quadro após selecionar uma cor na paleta, faz com que o pixel seja preenchido com a cor selecionada.",
          "fullFile": "",
          "file": "",
          "beforeHooks": [],
          "afterHooks": [],
          "tests": [
            {
              "title": "Verifica se ao carregar a página deve ser possível pintar os pixels de preto",
              "fullTitle": "8 - Clicar em um pixel dentro do quadro após selecionar uma cor na paleta, faz com que o pixel seja preenchido com a cor selecionada. Verifica se ao carregar a página deve ser possível pintar os pixels de preto",
              "timedOut": null,
              "duration": 2359,
              "state": "passed",
              "speed": "slow",
              "pass": true,
              "fail": false,
              "pending": false,
              "context": null,
              "code": "cy.get('.pixel').each(function (pixel) {\n  cy.wrap(pixel).click().should('have.css', 'background-color', BLACK);\n});",
              "err": {},
              "uuid": "49d9270d-17b9-4c4b-aef5-77aa096ad15a",
              "parentUUID": "d105f741-ef19-44ce-ad49-d3ff69c664b4",
              "isHook": false,
              "skipped": false
            },
            {
              "title": "Verifica se após selecionar uma outra cor na paleta, é possível pintar os pixels com essa cor",
              "fullTitle": "8 - Clicar em um pixel dentro do quadro após selecionar uma cor na paleta, faz com que o pixel seja preenchido com a cor selecionada. Verifica se após selecionar uma outra cor na paleta, é possível pintar os pixels com essa cor",
              "timedOut": null,
              "duration": 9077,
              "state": "passed",
              "speed": "slow",
              "pass": true,
              "fail": false,
              "pending": false,
              "context": null,
              "code": "cy.get('.color').each(function (color) {\n  var backgroundColor = color.css('background-color');\n  cy.wrap(color).click();\n  cy.get('.pixel').each(function (pixel) {\n    cy.wrap(pixel).click().should('have.css', 'background-color', backgroundColor);\n  });\n});",
              "err": {},
              "uuid": "f8b4b7a5-db66-4112-93bb-9c91a9c204fa",
              "parentUUID": "d105f741-ef19-44ce-ad49-d3ff69c664b4",
              "isHook": false,
              "skipped": false
            },
            {
              "title": "Verifica se somente o pixel que foi clicado foi preenchido com a cor selecionada, sem influenciar na cor dos demais pixels.",
              "fullTitle": "8 - Clicar em um pixel dentro do quadro após selecionar uma cor na paleta, faz com que o pixel seja preenchido com a cor selecionada. Verifica se somente o pixel que foi clicado foi preenchido com a cor selecionada, sem influenciar na cor dos demais pixels.",
              "timedOut": null,
              "duration": 1921,
              "state": "passed",
              "speed": "slow",
              "pass": true,
              "fail": false,
              "pending": false,
              "context": null,
              "code": "var colorToPixelIndexMap = {\n  0: 6,\n  1: 8,\n  2: 16,\n  3: 18\n};\ncy.get('.color').each(function (color, index) {\n  cy.wrap(color).click();\n  var backgroundColor = color.css('background-color');\n  var clickedPixelIndex = colorToPixelIndexMap[index];\n  cy.get('.pixel').eq(clickedPixelIndex).click();\n  cy.get('.pixel').eq(clickedPixelIndex - 1).should('not.have.css', 'background-color', backgroundColor);\n  cy.get('.pixel').eq(clickedPixelIndex + 1).should('not.have.css', 'background-color', backgroundColor);\n  cy.get('.pixel').eq(clickedPixelIndex - 5).should('not.have.css', 'background-color', backgroundColor);\n  cy.get('.pixel').eq(clickedPixelIndex + 5).should('not.have.css', 'background-color', backgroundColor);\n  cy.get('.pixel').eq(clickedPixelIndex - 6).should('not.have.css', 'background-color', backgroundColor);\n  cy.get('.pixel').eq(clickedPixelIndex - 4).should('not.have.css', 'background-color', backgroundColor);\n  cy.get('.pixel').eq(clickedPixelIndex + 4).should('not.have.css', 'background-color', backgroundColor);\n  cy.get('.pixel').eq(clickedPixelIndex + 6).should('not.have.css', 'background-color', backgroundColor);\n});",
              "err": {},
              "uuid": "4d0351e5-6f38-4183-b539-c20693bd3dda",
              "parentUUID": "d105f741-ef19-44ce-ad49-d3ff69c664b4",
              "isHook": false,
              "skipped": false
            }
          ],
          "suites": [],
          "passes": [
            "49d9270d-17b9-4c4b-aef5-77aa096ad15a",
            "f8b4b7a5-db66-4112-93bb-9c91a9c204fa",
            "4d0351e5-6f38-4183-b539-c20693bd3dda"
          ],
          "failures": [],
          "pending": [],
          "skipped": [],
          "duration": 13357,
          "root": false,
          "rootEmpty": false,
          "_timeout": 2000
        },
        {
          "uuid": "87596cce-06a6-4e98-9a56-af3e5b541c41",
          "title": "9 - Crie um botão que, ao ser clicado, limpa o quadro preenchendo a cor de todos seus pixels com branco.",
          "fullFile": "",
          "file": "",
          "beforeHooks": [],
          "afterHooks": [],
          "tests": [
            {
              "title": "Verifica se o botão tem o `id` denominado `clear-board`",
              "fullTitle": "9 - Crie um botão que, ao ser clicado, limpa o quadro preenchendo a cor de todos seus pixels com branco. Verifica se o botão tem o `id` denominado `clear-board`",
              "timedOut": null,
              "duration": 4396,
              "state": "failed",
              "speed": null,
              "pass": false,
              "fail": true,
              "pending": false,
              "context": null,
              "code": "cy.get('#clear-board').should('be.visible');",
              "err": {
                "message": "CypressError: Timed out retrying: Expected to find element: '#clear-board', but never found it.",
                "estack": "CypressError: Timed out retrying: Expected to find element: '#clear-board', but never found it.\n    at cypressErr (http://localhost:40215/__cypress/runner/cypress_runner.js:149934:9)\n    at throwErr (http://localhost:40215/__cypress/runner/cypress_runner.js:149867:11)\n    at Object.throwErrByPath (http://localhost:40215/__cypress/runner/cypress_runner.js:149915:3)\n    at retry (http://localhost:40215/__cypress/runner/cypress_runner.js:144197:19)\n    at onFailFn (http://localhost:40215/__cypress/runner/cypress_runner.js:132448:16)\n    at tryCatcher (http://localhost:40215/__cypress/runner/cypress_runner.js:167415:23)\n    at Promise._settlePromiseFromHandler (http://localhost:40215/__cypress/runner/cypress_runner.js:165351:31)\n    at Promise._settlePromise (http://localhost:40215/__cypress/runner/cypress_runner.js:165408:18)\n    at Promise._settlePromise0 (http://localhost:40215/__cypress/runner/cypress_runner.js:165453:10)\n    at Promise._settlePromises (http://localhost:40215/__cypress/runner/cypress_runner.js:165528:18)\n    at Async../node_modules/bluebird/js/release/async.js.Async._drainQueue (http://localhost:40215/__cypress/runner/cypress_runner.js:162140:16)\n    at Async../node_modules/bluebird/js/release/async.js.Async._drainQueues (http://localhost:40215/__cypress/runner/cypress_runner.js:162150:10)\n    at Async.drainQueues (http://localhost:40215/__cypress/runner/cypress_runner.js:162024:14)",
                "diff": null
              },
              "uuid": "ca35b551-dcd5-497b-9080-bd83533bafe9",
              "parentUUID": "87596cce-06a6-4e98-9a56-af3e5b541c41",
              "isHook": false,
              "skipped": false
            },
            {
              "title": "Verifica se o botão está posicionado entre a paleta de cores e o quadro de pixels",
              "fullTitle": "9 - Crie um botão que, ao ser clicado, limpa o quadro preenchendo a cor de todos seus pixels com branco. Verifica se o botão está posicionado entre a paleta de cores e o quadro de pixels",
              "timedOut": null,
              "duration": 4364,
              "state": "failed",
              "speed": null,
              "pass": false,
              "fail": true,
              "pending": false,
              "context": null,
              "code": "cy.get('#color-palette').then(function (palette) {\n  cy.get('#clear-board').should('be.belowOf', palette);\n});\ncy.get('#clear-board').then(function (clearBtn) {\n  cy.get('#pixel-board').should('be.belowOf', clearBtn);\n});",
              "err": {
                "message": "CypressError: Timed out retrying: Expected to find element: '#clear-board', but never found it.",
                "estack": "CypressError: Timed out retrying: Expected to find element: '#clear-board', but never found it.\n    at cypressErr (http://localhost:40215/__cypress/runner/cypress_runner.js:149934:9)\n    at throwErr (http://localhost:40215/__cypress/runner/cypress_runner.js:149867:11)\n    at Object.throwErrByPath (http://localhost:40215/__cypress/runner/cypress_runner.js:149915:3)\n    at retry (http://localhost:40215/__cypress/runner/cypress_runner.js:144197:19)\n    at onFailFn (http://localhost:40215/__cypress/runner/cypress_runner.js:132448:16)\n    at tryCatcher (http://localhost:40215/__cypress/runner/cypress_runner.js:167415:23)\n    at Promise._settlePromiseFromHandler (http://localhost:40215/__cypress/runner/cypress_runner.js:165351:31)\n    at Promise._settlePromise (http://localhost:40215/__cypress/runner/cypress_runner.js:165408:18)\n    at Promise._settlePromise0 (http://localhost:40215/__cypress/runner/cypress_runner.js:165453:10)\n    at Promise._settlePromises (http://localhost:40215/__cypress/runner/cypress_runner.js:165528:18)\n    at Async../node_modules/bluebird/js/release/async.js.Async._drainQueue (http://localhost:40215/__cypress/runner/cypress_runner.js:162140:16)\n    at Async../node_modules/bluebird/js/release/async.js.Async._drainQueues (http://localhost:40215/__cypress/runner/cypress_runner.js:162150:10)\n    at Async.drainQueues (http://localhost:40215/__cypress/runner/cypress_runner.js:162024:14)",
                "diff": null
              },
              "uuid": "acaae0ea-6977-499a-9507-05a6b06551ad",
              "parentUUID": "87596cce-06a6-4e98-9a56-af3e5b541c41",
              "isHook": false,
              "skipped": false
            },
            {
              "title": "Verifica se o texto do botão é 'Limpar'",
              "fullTitle": "9 - Crie um botão que, ao ser clicado, limpa o quadro preenchendo a cor de todos seus pixels com branco. Verifica se o texto do botão é 'Limpar'",
              "timedOut": null,
              "duration": 4338,
              "state": "failed",
              "speed": null,
              "pass": false,
              "fail": true,
              "pending": false,
              "context": null,
              "code": "cy.get('#clear-board').should('contain.text', 'Limpar');",
              "err": {
                "message": "CypressError: Timed out retrying: Expected to find element: '#clear-board', but never found it.",
                "estack": "CypressError: Timed out retrying: Expected to find element: '#clear-board', but never found it.\n    at cypressErr (http://localhost:40215/__cypress/runner/cypress_runner.js:149934:9)\n    at throwErr (http://localhost:40215/__cypress/runner/cypress_runner.js:149867:11)\n    at Object.throwErrByPath (http://localhost:40215/__cypress/runner/cypress_runner.js:149915:3)\n    at retry (http://localhost:40215/__cypress/runner/cypress_runner.js:144197:19)\n    at onFailFn (http://localhost:40215/__cypress/runner/cypress_runner.js:132448:16)\n    at tryCatcher (http://localhost:40215/__cypress/runner/cypress_runner.js:167415:23)\n    at Promise._settlePromiseFromHandler (http://localhost:40215/__cypress/runner/cypress_runner.js:165351:31)\n    at Promise._settlePromise (http://localhost:40215/__cypress/runner/cypress_runner.js:165408:18)\n    at Promise._settlePromise0 (http://localhost:40215/__cypress/runner/cypress_runner.js:165453:10)\n    at Promise._settlePromises (http://localhost:40215/__cypress/runner/cypress_runner.js:165528:18)\n    at Async../node_modules/bluebird/js/release/async.js.Async._drainQueue (http://localhost:40215/__cypress/runner/cypress_runner.js:162140:16)\n    at Async../node_modules/bluebird/js/release/async.js.Async._drainQueues (http://localhost:40215/__cypress/runner/cypress_runner.js:162150:10)\n    at Async.drainQueues (http://localhost:40215/__cypress/runner/cypress_runner.js:162024:14)",
                "diff": null
              },
              "uuid": "ac4cd0eb-8f30-44eb-aae3-826bf2d344e6",
              "parentUUID": "87596cce-06a6-4e98-9a56-af3e5b541c41",
              "isHook": false,
              "skipped": false
            },
            {
              "title": "Verifica se ao clicar no botão, o quadro de pixels é totalmente preenchido de branco",
              "fullTitle": "9 - Crie um botão que, ao ser clicado, limpa o quadro preenchendo a cor de todos seus pixels com branco. Verifica se ao clicar no botão, o quadro de pixels é totalmente preenchido de branco",
              "timedOut": null,
              "duration": 6687,
              "state": "failed",
              "speed": null,
              "pass": false,
              "fail": true,
              "pending": false,
              "context": null,
              "code": "cy.get('.color').eq(1).then(function (color) {\n  var backgroundColor = color.css('background-color');\n  cy.wrap(color).click();\n  cy.get('.pixel').each(function (pixel) {\n    cy.wrap(pixel).click().should('have.css', 'background-color', backgroundColor);\n  });\n});\ncy.get('#clear-board').click();\ncy.get('.pixel').each(function (pixel) {\n  cy.wrap(pixel).should('have.css', 'background-color', WHITE);\n});",
              "err": {
                "message": "CypressError: Timed out retrying: Expected to find element: '#clear-board', but never found it.",
                "estack": "CypressError: Timed out retrying: Expected to find element: '#clear-board', but never found it.\n    at cypressErr (http://localhost:40215/__cypress/runner/cypress_runner.js:149934:9)\n    at throwErr (http://localhost:40215/__cypress/runner/cypress_runner.js:149867:11)\n    at Object.throwErrByPath (http://localhost:40215/__cypress/runner/cypress_runner.js:149915:3)\n    at retry (http://localhost:40215/__cypress/runner/cypress_runner.js:144197:19)\n    at onFailFn (http://localhost:40215/__cypress/runner/cypress_runner.js:132448:16)\n    at tryCatcher (http://localhost:40215/__cypress/runner/cypress_runner.js:167415:23)\n    at Promise._settlePromiseFromHandler (http://localhost:40215/__cypress/runner/cypress_runner.js:165351:31)\n    at Promise._settlePromise (http://localhost:40215/__cypress/runner/cypress_runner.js:165408:18)\n    at Promise._settlePromise0 (http://localhost:40215/__cypress/runner/cypress_runner.js:165453:10)\n    at Promise._settlePromises (http://localhost:40215/__cypress/runner/cypress_runner.js:165528:18)\n    at Async../node_modules/bluebird/js/release/async.js.Async._drainQueue (http://localhost:40215/__cypress/runner/cypress_runner.js:162140:16)\n    at Async../node_modules/bluebird/js/release/async.js.Async._drainQueues (http://localhost:40215/__cypress/runner/cypress_runner.js:162150:10)\n    at Async.drainQueues (http://localhost:40215/__cypress/runner/cypress_runner.js:162024:14)",
                "diff": null
              },
              "uuid": "af97834c-87dd-4114-9d8b-58f44efb5263",
              "parentUUID": "87596cce-06a6-4e98-9a56-af3e5b541c41",
              "isHook": false,
              "skipped": false
            }
          ],
          "suites": [],
          "passes": [],
          "failures": [
            "ca35b551-dcd5-497b-9080-bd83533bafe9",
            "acaae0ea-6977-499a-9507-05a6b06551ad",
            "ac4cd0eb-8f30-44eb-aae3-826bf2d344e6",
            "af97834c-87dd-4114-9d8b-58f44efb5263"
          ],
          "pending": [],
          "skipped": [],
          "duration": 19785,
          "root": false,
          "rootEmpty": false,
          "_timeout": 2000
        },
        {
          "uuid": "b84fd6d0-ff76-46aa-8436-0a9eb9340dc6",
          "title": "10 - Faça o quadro de pixels ter seu tamanho definido pelo usuário.",
          "fullFile": "",
          "file": "",
          "beforeHooks": [],
          "afterHooks": [],
          "tests": [
            {
              "title": "Verifica se existe um input com o id `board-size`",
              "fullTitle": "10 - Faça o quadro de pixels ter seu tamanho definido pelo usuário. Verifica se existe um input com o id `board-size`",
              "timedOut": null,
              "duration": 4467,
              "state": "failed",
              "speed": null,
              "pass": false,
              "fail": true,
              "pending": false,
              "context": null,
              "code": "cy.get('#board-size').should('be.visible');",
              "err": {
                "message": "CypressError: Timed out retrying: Expected to find element: '#board-size', but never found it.",
                "estack": "CypressError: Timed out retrying: Expected to find element: '#board-size', but never found it.\n    at cypressErr (http://localhost:40215/__cypress/runner/cypress_runner.js:149934:9)\n    at throwErr (http://localhost:40215/__cypress/runner/cypress_runner.js:149867:11)\n    at Object.throwErrByPath (http://localhost:40215/__cypress/runner/cypress_runner.js:149915:3)\n    at retry (http://localhost:40215/__cypress/runner/cypress_runner.js:144197:19)\n    at onFailFn (http://localhost:40215/__cypress/runner/cypress_runner.js:132448:16)\n    at tryCatcher (http://localhost:40215/__cypress/runner/cypress_runner.js:167415:23)\n    at Promise._settlePromiseFromHandler (http://localhost:40215/__cypress/runner/cypress_runner.js:165351:31)\n    at Promise._settlePromise (http://localhost:40215/__cypress/runner/cypress_runner.js:165408:18)\n    at Promise._settlePromise0 (http://localhost:40215/__cypress/runner/cypress_runner.js:165453:10)\n    at Promise._settlePromises (http://localhost:40215/__cypress/runner/cypress_runner.js:165528:18)\n    at Async../node_modules/bluebird/js/release/async.js.Async._drainQueue (http://localhost:40215/__cypress/runner/cypress_runner.js:162140:16)\n    at Async../node_modules/bluebird/js/release/async.js.Async._drainQueues (http://localhost:40215/__cypress/runner/cypress_runner.js:162150:10)\n    at Async.drainQueues (http://localhost:40215/__cypress/runner/cypress_runner.js:162024:14)",
                "diff": null
              },
              "uuid": "5dd20738-24b3-4628-a9f6-3dacdb52b806",
              "parentUUID": "b84fd6d0-ff76-46aa-8436-0a9eb9340dc6",
              "isHook": false,
              "skipped": false
            },
            {
              "title": "Verifica se existe um botão com o id `generate-board`",
              "fullTitle": "10 - Faça o quadro de pixels ter seu tamanho definido pelo usuário. Verifica se existe um botão com o id `generate-board`",
              "timedOut": null,
              "duration": 4512,
              "state": "failed",
              "speed": null,
              "pass": false,
              "fail": true,
              "pending": false,
              "context": null,
              "code": "cy.get('#generate-board').should('be.visible');",
              "err": {
                "message": "CypressError: Timed out retrying: Expected to find element: '#generate-board', but never found it.",
                "estack": "CypressError: Timed out retrying: Expected to find element: '#generate-board', but never found it.\n    at cypressErr (http://localhost:40215/__cypress/runner/cypress_runner.js:149934:9)\n    at throwErr (http://localhost:40215/__cypress/runner/cypress_runner.js:149867:11)\n    at Object.throwErrByPath (http://localhost:40215/__cypress/runner/cypress_runner.js:149915:3)\n    at retry (http://localhost:40215/__cypress/runner/cypress_runner.js:144197:19)\n    at onFailFn (http://localhost:40215/__cypress/runner/cypress_runner.js:132448:16)\n    at tryCatcher (http://localhost:40215/__cypress/runner/cypress_runner.js:167415:23)\n    at Promise._settlePromiseFromHandler (http://localhost:40215/__cypress/runner/cypress_runner.js:165351:31)\n    at Promise._settlePromise (http://localhost:40215/__cypress/runner/cypress_runner.js:165408:18)\n    at Promise._settlePromise0 (http://localhost:40215/__cypress/runner/cypress_runner.js:165453:10)\n    at Promise._settlePromises (http://localhost:40215/__cypress/runner/cypress_runner.js:165528:18)\n    at Async../node_modules/bluebird/js/release/async.js.Async._drainQueue (http://localhost:40215/__cypress/runner/cypress_runner.js:162140:16)\n    at Async../node_modules/bluebird/js/release/async.js.Async._drainQueues (http://localhost:40215/__cypress/runner/cypress_runner.js:162150:10)\n    at Async.drainQueues (http://localhost:40215/__cypress/runner/cypress_runner.js:162024:14)",
                "diff": null
              },
              "uuid": "2a8559a6-ca07-4081-b05a-744e65ef1ae3",
              "parentUUID": "b84fd6d0-ff76-46aa-8436-0a9eb9340dc6",
              "isHook": false,
              "skipped": false
            },
            {
              "title": "Verifica se o input só aceita número maiores que zero. Essa restrição deve ser feita usando os atributos do elemento `input`",
              "fullTitle": "10 - Faça o quadro de pixels ter seu tamanho definido pelo usuário. Verifica se o input só aceita número maiores que zero. Essa restrição deve ser feita usando os atributos do elemento `input`",
              "timedOut": null,
              "duration": 4438,
              "state": "failed",
              "speed": null,
              "pass": false,
              "fail": true,
              "pending": false,
              "context": null,
              "code": "cy.get('#board-size[type=\\'number\\'][min=\\'1\\']');",
              "err": {
                "message": "CypressError: Timed out retrying: Expected to find element: '#board-size[type='number'][min='1']', but never found it.",
                "estack": "CypressError: Timed out retrying: Expected to find element: '#board-size[type='number'][min='1']', but never found it.\n    at cypressErr (http://localhost:40215/__cypress/runner/cypress_runner.js:149934:9)\n    at throwErr (http://localhost:40215/__cypress/runner/cypress_runner.js:149867:11)\n    at Object.throwErrByPath (http://localhost:40215/__cypress/runner/cypress_runner.js:149915:3)\n    at retry (http://localhost:40215/__cypress/runner/cypress_runner.js:144197:19)\n    at onFailFn (http://localhost:40215/__cypress/runner/cypress_runner.js:132448:16)\n    at tryCatcher (http://localhost:40215/__cypress/runner/cypress_runner.js:167415:23)\n    at Promise._settlePromiseFromHandler (http://localhost:40215/__cypress/runner/cypress_runner.js:165351:31)\n    at Promise._settlePromise (http://localhost:40215/__cypress/runner/cypress_runner.js:165408:18)\n    at Promise._settlePromise0 (http://localhost:40215/__cypress/runner/cypress_runner.js:165453:10)\n    at Promise._settlePromises (http://localhost:40215/__cypress/runner/cypress_runner.js:165528:18)\n    at Async../node_modules/bluebird/js/release/async.js.Async._drainQueue (http://localhost:40215/__cypress/runner/cypress_runner.js:162140:16)\n    at Async../node_modules/bluebird/js/release/async.js.Async._drainQueues (http://localhost:40215/__cypress/runner/cypress_runner.js:162150:10)\n    at Async.drainQueues (http://localhost:40215/__cypress/runner/cypress_runner.js:162024:14)",
                "diff": null
              },
              "uuid": "9eb97670-e824-485d-b5d0-a546a26eecd8",
              "parentUUID": "b84fd6d0-ff76-46aa-8436-0a9eb9340dc6",
              "isHook": false,
              "skipped": false
            },
            {
              "title": "Verifica se o botão contém o texto 'VQV'",
              "fullTitle": "10 - Faça o quadro de pixels ter seu tamanho definido pelo usuário. Verifica se o botão contém o texto 'VQV'",
              "timedOut": null,
              "duration": 4473,
              "state": "failed",
              "speed": null,
              "pass": false,
              "fail": true,
              "pending": false,
              "context": null,
              "code": "cy.get('#generate-board').contains(/vqv/i);",
              "err": {
                "message": "CypressError: Timed out retrying: Expected to find element: '#generate-board', but never found it.",
                "estack": "CypressError: Timed out retrying: Expected to find element: '#generate-board', but never found it.\n    at cypressErr (http://localhost:40215/__cypress/runner/cypress_runner.js:149934:9)\n    at throwErr (http://localhost:40215/__cypress/runner/cypress_runner.js:149867:11)\n    at Object.throwErrByPath (http://localhost:40215/__cypress/runner/cypress_runner.js:149915:3)\n    at retry (http://localhost:40215/__cypress/runner/cypress_runner.js:144197:19)\n    at onFailFn (http://localhost:40215/__cypress/runner/cypress_runner.js:132448:16)\n    at tryCatcher (http://localhost:40215/__cypress/runner/cypress_runner.js:167415:23)\n    at Promise._settlePromiseFromHandler (http://localhost:40215/__cypress/runner/cypress_runner.js:165351:31)\n    at Promise._settlePromise (http://localhost:40215/__cypress/runner/cypress_runner.js:165408:18)\n    at Promise._settlePromise0 (http://localhost:40215/__cypress/runner/cypress_runner.js:165453:10)\n    at Promise._settlePromises (http://localhost:40215/__cypress/runner/cypress_runner.js:165528:18)\n    at Async../node_modules/bluebird/js/release/async.js.Async._drainQueue (http://localhost:40215/__cypress/runner/cypress_runner.js:162140:16)\n    at Async../node_modules/bluebird/js/release/async.js.Async._drainQueues (http://localhost:40215/__cypress/runner/cypress_runner.js:162150:10)\n    at Async.drainQueues (http://localhost:40215/__cypress/runner/cypress_runner.js:162024:14)",
                "diff": null
              },
              "uuid": "938cf70a-3453-4d3d-a8d8-f9a25cd2dd2c",
              "parentUUID": "b84fd6d0-ff76-46aa-8436-0a9eb9340dc6",
              "isHook": false,
              "skipped": false
            },
            {
              "title": "Verifica se o input está posicionado entre a paleta de cores e o quadro de pixels",
              "fullTitle": "10 - Faça o quadro de pixels ter seu tamanho definido pelo usuário. Verifica se o input está posicionado entre a paleta de cores e o quadro de pixels",
              "timedOut": null,
              "duration": 4500,
              "state": "failed",
              "speed": null,
              "pass": false,
              "fail": true,
              "pending": false,
              "context": null,
              "code": "cy.get('#color-palette').then(function (palette) {\n  cy.get('#board-size').should('be.belowOf', palette);\n});\ncy.get('#board-size').then(function (palette) {\n  cy.get('#pixel-board').should('be.belowOf', palette);\n});",
              "err": {
                "message": "CypressError: Timed out retrying: Expected to find element: '#board-size', but never found it.",
                "estack": "CypressError: Timed out retrying: Expected to find element: '#board-size', but never found it.\n    at cypressErr (http://localhost:40215/__cypress/runner/cypress_runner.js:149934:9)\n    at throwErr (http://localhost:40215/__cypress/runner/cypress_runner.js:149867:11)\n    at Object.throwErrByPath (http://localhost:40215/__cypress/runner/cypress_runner.js:149915:3)\n    at retry (http://localhost:40215/__cypress/runner/cypress_runner.js:144197:19)\n    at onFailFn (http://localhost:40215/__cypress/runner/cypress_runner.js:132448:16)\n    at tryCatcher (http://localhost:40215/__cypress/runner/cypress_runner.js:167415:23)\n    at Promise._settlePromiseFromHandler (http://localhost:40215/__cypress/runner/cypress_runner.js:165351:31)\n    at Promise._settlePromise (http://localhost:40215/__cypress/runner/cypress_runner.js:165408:18)\n    at Promise._settlePromise0 (http://localhost:40215/__cypress/runner/cypress_runner.js:165453:10)\n    at Promise._settlePromises (http://localhost:40215/__cypress/runner/cypress_runner.js:165528:18)\n    at Async../node_modules/bluebird/js/release/async.js.Async._drainQueue (http://localhost:40215/__cypress/runner/cypress_runner.js:162140:16)\n    at Async../node_modules/bluebird/js/release/async.js.Async._drainQueues (http://localhost:40215/__cypress/runner/cypress_runner.js:162150:10)\n    at Async.drainQueues (http://localhost:40215/__cypress/runner/cypress_runner.js:162024:14)",
                "diff": null
              },
              "uuid": "38a7f2c8-c1e1-4cf2-baf3-2fd62679e5cf",
              "parentUUID": "b84fd6d0-ff76-46aa-8436-0a9eb9340dc6",
              "isHook": false,
              "skipped": false
            },
            {
              "title": "Verifica se o botão está posicionado ao lado do input",
              "fullTitle": "10 - Faça o quadro de pixels ter seu tamanho definido pelo usuário. Verifica se o botão está posicionado ao lado do input",
              "timedOut": null,
              "duration": 4453,
              "state": "failed",
              "speed": null,
              "pass": false,
              "fail": true,
              "pending": false,
              "context": null,
              "code": "cy.get('#board-size').then(function (board) {\n  cy.get('#generate-board').should('be.onTheRightOf', board);\n});",
              "err": {
                "message": "CypressError: Timed out retrying: Expected to find element: '#board-size', but never found it.",
                "estack": "CypressError: Timed out retrying: Expected to find element: '#board-size', but never found it.\n    at cypressErr (http://localhost:40215/__cypress/runner/cypress_runner.js:149934:9)\n    at throwErr (http://localhost:40215/__cypress/runner/cypress_runner.js:149867:11)\n    at Object.throwErrByPath (http://localhost:40215/__cypress/runner/cypress_runner.js:149915:3)\n    at retry (http://localhost:40215/__cypress/runner/cypress_runner.js:144197:19)\n    at onFailFn (http://localhost:40215/__cypress/runner/cypress_runner.js:132448:16)\n    at tryCatcher (http://localhost:40215/__cypress/runner/cypress_runner.js:167415:23)\n    at Promise._settlePromiseFromHandler (http://localhost:40215/__cypress/runner/cypress_runner.js:165351:31)\n    at Promise._settlePromise (http://localhost:40215/__cypress/runner/cypress_runner.js:165408:18)\n    at Promise._settlePromise0 (http://localhost:40215/__cypress/runner/cypress_runner.js:165453:10)\n    at Promise._settlePromises (http://localhost:40215/__cypress/runner/cypress_runner.js:165528:18)\n    at Async../node_modules/bluebird/js/release/async.js.Async._drainQueue (http://localhost:40215/__cypress/runner/cypress_runner.js:162140:16)\n    at Async../node_modules/bluebird/js/release/async.js.Async._drainQueues (http://localhost:40215/__cypress/runner/cypress_runner.js:162150:10)\n    at Async.drainQueues (http://localhost:40215/__cypress/runner/cypress_runner.js:162024:14)",
                "diff": null
              },
              "uuid": "8a0a2adb-3033-463a-8bc6-bd3ed0680cb1",
              "parentUUID": "b84fd6d0-ff76-46aa-8436-0a9eb9340dc6",
              "isHook": false,
              "skipped": false
            },
            {
              "title": "Verifica se nenhum valor for colocado no input ao clicar no botão, um `alert` é exibido com o texto: 'Board inválido!'",
              "fullTitle": "10 - Faça o quadro de pixels ter seu tamanho definido pelo usuário. Verifica se nenhum valor for colocado no input ao clicar no botão, um `alert` é exibido com o texto: 'Board inválido!'",
              "timedOut": null,
              "duration": 4461,
              "state": "failed",
              "speed": null,
              "pass": false,
              "fail": true,
              "pending": false,
              "context": null,
              "code": "var alerted = false;\ncy.on('window:alert', function (msg) {\n  return alerted = msg;\n});\ncy.get('#generate-board').click().then(function () {\n  return expect(alerted).to.match(/Board inválido!/i);\n});",
              "err": {
                "message": "CypressError: Timed out retrying: Expected to find element: '#generate-board', but never found it.",
                "estack": "CypressError: Timed out retrying: Expected to find element: '#generate-board', but never found it.\n    at cypressErr (http://localhost:40215/__cypress/runner/cypress_runner.js:149934:9)\n    at throwErr (http://localhost:40215/__cypress/runner/cypress_runner.js:149867:11)\n    at Object.throwErrByPath (http://localhost:40215/__cypress/runner/cypress_runner.js:149915:3)\n    at retry (http://localhost:40215/__cypress/runner/cypress_runner.js:144197:19)\n    at onFailFn (http://localhost:40215/__cypress/runner/cypress_runner.js:132448:16)\n    at tryCatcher (http://localhost:40215/__cypress/runner/cypress_runner.js:167415:23)\n    at Promise._settlePromiseFromHandler (http://localhost:40215/__cypress/runner/cypress_runner.js:165351:31)\n    at Promise._settlePromise (http://localhost:40215/__cypress/runner/cypress_runner.js:165408:18)\n    at Promise._settlePromise0 (http://localhost:40215/__cypress/runner/cypress_runner.js:165453:10)\n    at Promise._settlePromises (http://localhost:40215/__cypress/runner/cypress_runner.js:165528:18)\n    at Async../node_modules/bluebird/js/release/async.js.Async._drainQueue (http://localhost:40215/__cypress/runner/cypress_runner.js:162140:16)\n    at Async../node_modules/bluebird/js/release/async.js.Async._drainQueues (http://localhost:40215/__cypress/runner/cypress_runner.js:162150:10)\n    at Async.drainQueues (http://localhost:40215/__cypress/runner/cypress_runner.js:162024:14)",
                "diff": null
              },
              "uuid": "d85f58b4-9222-4e92-b521-59e0a5538fd5",
              "parentUUID": "b84fd6d0-ff76-46aa-8436-0a9eb9340dc6",
              "isHook": false,
              "skipped": false
            },
            {
              "title": "Verifica se ao clicar no botão com um valor preenchido, o tamanho do board muda.",
              "fullTitle": "10 - Faça o quadro de pixels ter seu tamanho definido pelo usuário. Verifica se ao clicar no botão com um valor preenchido, o tamanho do board muda.",
              "timedOut": null,
              "duration": 4435,
              "state": "failed",
              "speed": null,
              "pass": false,
              "fail": true,
              "pending": false,
              "context": null,
              "code": "cy.get('#board-size').clear().type(10);\ncy.get('#generate-board').click();\ncy.get('.pixel').should('have.length', 100);",
              "err": {
                "message": "CypressError: Timed out retrying: Expected to find element: '#board-size', but never found it.",
                "estack": "CypressError: Timed out retrying: Expected to find element: '#board-size', but never found it.\n    at cypressErr (http://localhost:40215/__cypress/runner/cypress_runner.js:149934:9)\n    at throwErr (http://localhost:40215/__cypress/runner/cypress_runner.js:149867:11)\n    at Object.throwErrByPath (http://localhost:40215/__cypress/runner/cypress_runner.js:149915:3)\n    at retry (http://localhost:40215/__cypress/runner/cypress_runner.js:144197:19)\n    at onFailFn (http://localhost:40215/__cypress/runner/cypress_runner.js:132448:16)\n    at tryCatcher (http://localhost:40215/__cypress/runner/cypress_runner.js:167415:23)\n    at Promise._settlePromiseFromHandler (http://localhost:40215/__cypress/runner/cypress_runner.js:165351:31)\n    at Promise._settlePromise (http://localhost:40215/__cypress/runner/cypress_runner.js:165408:18)\n    at Promise._settlePromise0 (http://localhost:40215/__cypress/runner/cypress_runner.js:165453:10)\n    at Promise._settlePromises (http://localhost:40215/__cypress/runner/cypress_runner.js:165528:18)\n    at Async../node_modules/bluebird/js/release/async.js.Async._drainQueue (http://localhost:40215/__cypress/runner/cypress_runner.js:162140:16)\n    at Async../node_modules/bluebird/js/release/async.js.Async._drainQueues (http://localhost:40215/__cypress/runner/cypress_runner.js:162150:10)\n    at Async.drainQueues (http://localhost:40215/__cypress/runner/cypress_runner.js:162024:14)",
                "diff": null
              },
              "uuid": "e4581a6b-665a-4380-ac2b-936e28a78690",
              "parentUUID": "b84fd6d0-ff76-46aa-8436-0a9eb9340dc6",
              "isHook": false,
              "skipped": false
            },
            {
              "title": "Verifica se o novo quadro tem todos os pixels preenchidos com a cor branca",
              "fullTitle": "10 - Faça o quadro de pixels ter seu tamanho definido pelo usuário. Verifica se o novo quadro tem todos os pixels preenchidos com a cor branca",
              "timedOut": null,
              "duration": 4464,
              "state": "failed",
              "speed": null,
              "pass": false,
              "fail": true,
              "pending": false,
              "context": null,
              "code": "cy.get('#board-size').clear().type(6);\ncy.get('#generate-board').click();\ncy.get('.pixel').should('have.length', 36).each(function (pixel) {\n  expect(pixel).to.have.css('background-color', WHITE);\n});",
              "err": {
                "message": "CypressError: Timed out retrying: Expected to find element: '#board-size', but never found it.",
                "estack": "CypressError: Timed out retrying: Expected to find element: '#board-size', but never found it.\n    at cypressErr (http://localhost:40215/__cypress/runner/cypress_runner.js:149934:9)\n    at throwErr (http://localhost:40215/__cypress/runner/cypress_runner.js:149867:11)\n    at Object.throwErrByPath (http://localhost:40215/__cypress/runner/cypress_runner.js:149915:3)\n    at retry (http://localhost:40215/__cypress/runner/cypress_runner.js:144197:19)\n    at onFailFn (http://localhost:40215/__cypress/runner/cypress_runner.js:132448:16)\n    at tryCatcher (http://localhost:40215/__cypress/runner/cypress_runner.js:167415:23)\n    at Promise._settlePromiseFromHandler (http://localhost:40215/__cypress/runner/cypress_runner.js:165351:31)\n    at Promise._settlePromise (http://localhost:40215/__cypress/runner/cypress_runner.js:165408:18)\n    at Promise._settlePromise0 (http://localhost:40215/__cypress/runner/cypress_runner.js:165453:10)\n    at Promise._settlePromises (http://localhost:40215/__cypress/runner/cypress_runner.js:165528:18)\n    at Async../node_modules/bluebird/js/release/async.js.Async._drainQueue (http://localhost:40215/__cypress/runner/cypress_runner.js:162140:16)\n    at Async../node_modules/bluebird/js/release/async.js.Async._drainQueues (http://localhost:40215/__cypress/runner/cypress_runner.js:162150:10)\n    at Async.drainQueues (http://localhost:40215/__cypress/runner/cypress_runner.js:162024:14)",
                "diff": null
              },
              "uuid": "583fdc52-3588-47cf-b724-245f80489c5a",
              "parentUUID": "b84fd6d0-ff76-46aa-8436-0a9eb9340dc6",
              "isHook": false,
              "skipped": false
            }
          ],
          "suites": [],
          "passes": [],
          "failures": [
            "5dd20738-24b3-4628-a9f6-3dacdb52b806",
            "2a8559a6-ca07-4081-b05a-744e65ef1ae3",
            "9eb97670-e824-485d-b5d0-a546a26eecd8",
            "938cf70a-3453-4d3d-a8d8-f9a25cd2dd2c",
            "38a7f2c8-c1e1-4cf2-baf3-2fd62679e5cf",
            "8a0a2adb-3033-463a-8bc6-bd3ed0680cb1",
            "d85f58b4-9222-4e92-b521-59e0a5538fd5",
            "e4581a6b-665a-4380-ac2b-936e28a78690",
            "583fdc52-3588-47cf-b724-245f80489c5a"
          ],
          "pending": [],
          "skipped": [],
          "duration": 40203,
          "root": false,
          "rootEmpty": false,
          "_timeout": 2000
        },
        {
          "uuid": "8c96c6f8-6bd1-4c01-95f2-ac0ca1a68cae",
          "title": "11 - Limite o tamanho mínimo e máximo do board.",
          "fullFile": "",
          "file": "",
          "beforeHooks": [],
          "afterHooks": [],
          "tests": [
            {
              "title": "Verifica se a altura máxima do board é 50",
              "fullTitle": "11 - Limite o tamanho mínimo e máximo do board. Verifica se a altura máxima do board é 50",
              "timedOut": null,
              "duration": 4461,
              "state": "failed",
              "speed": null,
              "pass": false,
              "fail": true,
              "pending": false,
              "context": null,
              "code": "cy.get('#board-size').clear().type(50);\ncy.get('#generate-board').click();\ncy.get('.pixel').should('have.length', 2500);",
              "err": {
                "message": "CypressError: Timed out retrying: Expected to find element: '#board-size', but never found it.",
                "estack": "CypressError: Timed out retrying: Expected to find element: '#board-size', but never found it.\n    at cypressErr (http://localhost:40215/__cypress/runner/cypress_runner.js:149934:9)\n    at throwErr (http://localhost:40215/__cypress/runner/cypress_runner.js:149867:11)\n    at Object.throwErrByPath (http://localhost:40215/__cypress/runner/cypress_runner.js:149915:3)\n    at retry (http://localhost:40215/__cypress/runner/cypress_runner.js:144197:19)\n    at onFailFn (http://localhost:40215/__cypress/runner/cypress_runner.js:132448:16)\n    at tryCatcher (http://localhost:40215/__cypress/runner/cypress_runner.js:167415:23)\n    at Promise._settlePromiseFromHandler (http://localhost:40215/__cypress/runner/cypress_runner.js:165351:31)\n    at Promise._settlePromise (http://localhost:40215/__cypress/runner/cypress_runner.js:165408:18)\n    at Promise._settlePromise0 (http://localhost:40215/__cypress/runner/cypress_runner.js:165453:10)\n    at Promise._settlePromises (http://localhost:40215/__cypress/runner/cypress_runner.js:165528:18)\n    at Async../node_modules/bluebird/js/release/async.js.Async._drainQueue (http://localhost:40215/__cypress/runner/cypress_runner.js:162140:16)\n    at Async../node_modules/bluebird/js/release/async.js.Async._drainQueues (http://localhost:40215/__cypress/runner/cypress_runner.js:162150:10)\n    at Async.drainQueues (http://localhost:40215/__cypress/runner/cypress_runner.js:162024:14)",
                "diff": null
              },
              "uuid": "60af5106-8199-4e6a-a34a-4ac53312e245",
              "parentUUID": "8c96c6f8-6bd1-4c01-95f2-ac0ca1a68cae",
              "isHook": false,
              "skipped": false
            },
            {
              "title": "Verifica se a altura do board é 5 quando um valor menor é colocado no input",
              "fullTitle": "11 - Limite o tamanho mínimo e máximo do board. Verifica se a altura do board é 5 quando um valor menor é colocado no input",
              "timedOut": null,
              "duration": 4473,
              "state": "failed",
              "speed": null,
              "pass": false,
              "fail": true,
              "pending": false,
              "context": null,
              "code": "cy.get('#board-size').clear().type(4);\ncy.get('#generate-board').click();\ncy.get('.pixel').should('have.length', 25);",
              "err": {
                "message": "CypressError: Timed out retrying: Expected to find element: '#board-size', but never found it.",
                "estack": "CypressError: Timed out retrying: Expected to find element: '#board-size', but never found it.\n    at cypressErr (http://localhost:40215/__cypress/runner/cypress_runner.js:149934:9)\n    at throwErr (http://localhost:40215/__cypress/runner/cypress_runner.js:149867:11)\n    at Object.throwErrByPath (http://localhost:40215/__cypress/runner/cypress_runner.js:149915:3)\n    at retry (http://localhost:40215/__cypress/runner/cypress_runner.js:144197:19)\n    at onFailFn (http://localhost:40215/__cypress/runner/cypress_runner.js:132448:16)\n    at tryCatcher (http://localhost:40215/__cypress/runner/cypress_runner.js:167415:23)\n    at Promise._settlePromiseFromHandler (http://localhost:40215/__cypress/runner/cypress_runner.js:165351:31)\n    at Promise._settlePromise (http://localhost:40215/__cypress/runner/cypress_runner.js:165408:18)\n    at Promise._settlePromise0 (http://localhost:40215/__cypress/runner/cypress_runner.js:165453:10)\n    at Promise._settlePromises (http://localhost:40215/__cypress/runner/cypress_runner.js:165528:18)\n    at Async../node_modules/bluebird/js/release/async.js.Async._drainQueue (http://localhost:40215/__cypress/runner/cypress_runner.js:162140:16)\n    at Async../node_modules/bluebird/js/release/async.js.Async._drainQueues (http://localhost:40215/__cypress/runner/cypress_runner.js:162150:10)\n    at Async.drainQueues (http://localhost:40215/__cypress/runner/cypress_runner.js:162024:14)",
                "diff": null
              },
              "uuid": "c7f8748a-7ba6-42b6-a1cb-db711f0cf400",
              "parentUUID": "8c96c6f8-6bd1-4c01-95f2-ac0ca1a68cae",
              "isHook": false,
              "skipped": false
            },
            {
              "title": "Verifica se a altura do board é 50 quando um valor maior é colocado no input",
              "fullTitle": "11 - Limite o tamanho mínimo e máximo do board. Verifica se a altura do board é 50 quando um valor maior é colocado no input",
              "timedOut": null,
              "duration": 4524,
              "state": "failed",
              "speed": null,
              "pass": false,
              "fail": true,
              "pending": false,
              "context": null,
              "code": "cy.get('#board-size').clear().type(51);\ncy.get('#generate-board').click();\ncy.get('.pixel').should('have.length', 2500);",
              "err": {
                "message": "CypressError: Timed out retrying: Expected to find element: '#board-size', but never found it.",
                "estack": "CypressError: Timed out retrying: Expected to find element: '#board-size', but never found it.\n    at cypressErr (http://localhost:40215/__cypress/runner/cypress_runner.js:149934:9)\n    at throwErr (http://localhost:40215/__cypress/runner/cypress_runner.js:149867:11)\n    at Object.throwErrByPath (http://localhost:40215/__cypress/runner/cypress_runner.js:149915:3)\n    at retry (http://localhost:40215/__cypress/runner/cypress_runner.js:144197:19)\n    at onFailFn (http://localhost:40215/__cypress/runner/cypress_runner.js:132448:16)\n    at tryCatcher (http://localhost:40215/__cypress/runner/cypress_runner.js:167415:23)\n    at Promise._settlePromiseFromHandler (http://localhost:40215/__cypress/runner/cypress_runner.js:165351:31)\n    at Promise._settlePromise (http://localhost:40215/__cypress/runner/cypress_runner.js:165408:18)\n    at Promise._settlePromise0 (http://localhost:40215/__cypress/runner/cypress_runner.js:165453:10)\n    at Promise._settlePromises (http://localhost:40215/__cypress/runner/cypress_runner.js:165528:18)\n    at Async../node_modules/bluebird/js/release/async.js.Async._drainQueue (http://localhost:40215/__cypress/runner/cypress_runner.js:162140:16)\n    at Async../node_modules/bluebird/js/release/async.js.Async._drainQueues (http://localhost:40215/__cypress/runner/cypress_runner.js:162150:10)\n    at Async.drainQueues (http://localhost:40215/__cypress/runner/cypress_runner.js:162024:14)",
                "diff": null
              },
              "uuid": "d61f79a4-6dc7-40b4-9286-c82373450e25",
              "parentUUID": "8c96c6f8-6bd1-4c01-95f2-ac0ca1a68cae",
              "isHook": false,
              "skipped": false
            }
          ],
          "suites": [],
          "passes": [],
          "failures": [
            "60af5106-8199-4e6a-a34a-4ac53312e245",
            "c7f8748a-7ba6-42b6-a1cb-db711f0cf400",
            "d61f79a4-6dc7-40b4-9286-c82373450e25"
          ],
          "pending": [],
          "skipped": [],
          "duration": 13458,
          "root": false,
          "rootEmpty": false,
          "_timeout": 2000
        },
        {
          "uuid": "e8c2a0ec-bc1b-422e-b4e2-b11e45f2c56c",
          "title": "12 - Faça com que as cores da paleta sejam geradas aleatoriamente ao carregar a página.",
          "fullFile": "",
          "file": "",
          "beforeHooks": [],
          "afterHooks": [],
          "tests": [
            {
              "title": "Verifica se as cores geradas na paleta são diferentes a cada carregamento da página",
              "fullTitle": "12 - Faça com que as cores da paleta sejam geradas aleatoriamente ao carregar a página. Verifica se as cores geradas na paleta são diferentes a cada carregamento da página",
              "timedOut": null,
              "duration": 558,
              "state": "failed",
              "speed": null,
              "pass": false,
              "fail": true,
              "pending": false,
              "context": null,
              "code": "cy.get('.color').then(function (colors) {\n  var currentColors;\n  var previousColors;\n  previousColors = Array.from(colors).map(function (color) {\n    return Cypress.$(color).css('background-color');\n  });\n  for (var i = 0; i < 5; i += 1) {\n    cy.reload();\n    cy.get('.color').then(function (colors) {\n      currentColors = Array.from(colors).map(function (color) {\n        return Cypress.$(color).css('background-color');\n      });\n      expect(currentColors).not.to.deep.equal(previousColors);\n      previousColors = currentColors;\n    });\n  }\n});",
              "err": {
                "message": "AssertionError: expected [ Array(4) ] to not deeply equal [ Array(4) ]",
                "estack": "AssertionError: expected [ Array(4) ] to not deeply equal [ Array(4) ]\n    at getRet (http://localhost:40215/__cypress/runner/cypress_runner.js:136585:16)\n    at tryCatcher (http://localhost:40215/__cypress/runner/cypress_runner.js:167415:23)\n    at Function.Promise.attempt.Promise.try (http://localhost:40215/__cypress/runner/cypress_runner.js:164690:29)\n    at Context.thenFn (http://localhost:40215/__cypress/runner/cypress_runner.js:136599:23)\n    at Context.then (http://localhost:40215/__cypress/runner/cypress_runner.js:136971:21)\n    at Context.<anonymous> (http://localhost:40215/__cypress/runner/cypress_runner.js:148875:21)\n    at http://localhost:40215/__cypress/runner/cypress_runner.js:148351:33\n    at tryCatcher (http://localhost:40215/__cypress/runner/cypress_runner.js:167415:23)\n    at Promise._settlePromiseFromHandler (http://localhost:40215/__cypress/runner/cypress_runner.js:165351:31)\n    at Promise._settlePromise (http://localhost:40215/__cypress/runner/cypress_runner.js:165408:18)\n    at Promise._settlePromiseCtx (http://localhost:40215/__cypress/runner/cypress_runner.js:165445:10)\n    at Async../node_modules/bluebird/js/release/async.js.Async._drainQueue (http://localhost:40215/__cypress/runner/cypress_runner.js:162145:12)\n    at Async../node_modules/bluebird/js/release/async.js.Async._drainQueues (http://localhost:40215/__cypress/runner/cypress_runner.js:162150:10)\n    at Async.drainQueues (http://localhost:40215/__cypress/runner/cypress_runner.js:162024:14)",
                "diff": ""
              },
              "uuid": "a63e214e-4f02-422d-81e0-26a7b48e181e",
              "parentUUID": "e8c2a0ec-bc1b-422e-b4e2-b11e45f2c56c",
              "isHook": false,
              "skipped": false
            },
            {
              "title": "Verifica se a cor preta ainda está presente e é a primeira na sua paleta de cores",
              "fullTitle": "12 - Faça com que as cores da paleta sejam geradas aleatoriamente ao carregar a página. Verifica se a cor preta ainda está presente e é a primeira na sua paleta de cores",
              "timedOut": null,
              "duration": 493,
              "state": "failed",
              "speed": null,
              "pass": false,
              "fail": true,
              "pending": false,
              "context": null,
              "code": "cy.get('.color').then(function (colors) {\n  var currentColors;\n  var previousColors;\n  previousColors = Array.from(colors).map(function (color) {\n    return Cypress.$(color).css('background-color');\n  });\n  expect(previousColors[0]).to.eq(BLACK);\n  for (var i = 0; i < 5; i += 1) {\n    cy.reload();\n    cy.get('.color').then(function (colors) {\n      currentColors = Array.from(colors).map(function (color) {\n        return Cypress.$(color).css('background-color');\n      });\n      expect(currentColors[0]).to.eq(BLACK);\n      expect(currentColors).not.to.deep.equal(previousColors);\n      previousColors = currentColors;\n    });\n  }\n});",
              "err": {
                "message": "AssertionError: expected [ Array(4) ] to not deeply equal [ Array(4) ]",
                "estack": "AssertionError: expected [ Array(4) ] to not deeply equal [ Array(4) ]\n    at getRet (http://localhost:40215/__cypress/runner/cypress_runner.js:136585:16)\n    at tryCatcher (http://localhost:40215/__cypress/runner/cypress_runner.js:167415:23)\n    at Function.Promise.attempt.Promise.try (http://localhost:40215/__cypress/runner/cypress_runner.js:164690:29)\n    at Context.thenFn (http://localhost:40215/__cypress/runner/cypress_runner.js:136599:23)\n    at Context.then (http://localhost:40215/__cypress/runner/cypress_runner.js:136971:21)\n    at Context.<anonymous> (http://localhost:40215/__cypress/runner/cypress_runner.js:148875:21)\n    at http://localhost:40215/__cypress/runner/cypress_runner.js:148351:33\n    at tryCatcher (http://localhost:40215/__cypress/runner/cypress_runner.js:167415:23)\n    at Promise._settlePromiseFromHandler (http://localhost:40215/__cypress/runner/cypress_runner.js:165351:31)\n    at Promise._settlePromise (http://localhost:40215/__cypress/runner/cypress_runner.js:165408:18)\n    at Promise._settlePromiseCtx (http://localhost:40215/__cypress/runner/cypress_runner.js:165445:10)\n    at Async../node_modules/bluebird/js/release/async.js.Async._drainQueue (http://localhost:40215/__cypress/runner/cypress_runner.js:162145:12)\n    at Async../node_modules/bluebird/js/release/async.js.Async._drainQueues (http://localhost:40215/__cypress/runner/cypress_runner.js:162150:10)\n    at Async.drainQueues (http://localhost:40215/__cypress/runner/cypress_runner.js:162024:14)",
                "diff": ""
              },
              "uuid": "f405962e-33d3-4421-a59a-be46abb172c0",
              "parentUUID": "e8c2a0ec-bc1b-422e-b4e2-b11e45f2c56c",
              "isHook": false,
              "skipped": false
            }
          ],
          "suites": [],
          "passes": [],
          "failures": [
            "a63e214e-4f02-422d-81e0-26a7b48e181e",
            "f405962e-33d3-4421-a59a-be46abb172c0"
          ],
          "pending": [],
          "skipped": [],
          "duration": 1051,
          "root": false,
          "rootEmpty": false,
          "_timeout": 2000
        }
      ],
      "passes": [],
      "failures": [],
      "pending": [],
      "skipped": [],
      "duration": 0,
      "root": true,
      "rootEmpty": true,
      "_timeout": 2000
    }
  ],
  "meta": {
    "mocha": {
      "version": "7.0.1"
    },
    "mochawesome": {
      "options": {
        "quiet": false,
        "reportFilename": "mochawesome",
        "saveHtml": false,
        "saveJson": true,
        "consoleReporter": "spec",
        "useInlineDiffs": false
      },
      "version": "4.1.0"
    },
    "marge": {
      "options": {
        "id": "default",
        "reportDir": "cypress/reports",
        "overwrite": true,
        "html": false,
        "json": true
      },
      "version": "4.1.0"
    }
  }
}