{
  "stats": {
    "suites": 12,
    "tests": 41,
    "passes": 5,
    "pending": 0,
    "failures": 36,
    "start": "2021-07-08T18:28:06.404Z",
    "end": "2021-07-08T18:30:34.075Z",
    "duration": 147671,
    "testsRegistered": 41,
    "passPercent": 12.195121951219512,
    "pendingPercent": 0,
    "other": 0,
    "hasOther": false,
    "skipped": 0,
    "hasSkipped": false
  },
  "results": [
    {
      "uuid": "b444fea4-d5a4-4d70-91f4-a57c6a399be8",
      "title": "",
      "fullFile": "cypress/integration/project.spec.js",
      "file": "cypress/integration/project.spec.js",
      "beforeHooks": [],
      "afterHooks": [],
      "tests": [],
      "suites": [
        {
          "uuid": "4b8d5b32-cf3e-4643-be26-3db809986bdf",
          "title": "1 - Adicione à página o título \"Paleta de Cores\".",
          "fullFile": "",
          "file": "",
          "beforeHooks": [],
          "afterHooks": [],
          "tests": [
            {
              "title": "Verifica se contém um elemento `h1` com o id `title` com o título correto",
              "fullTitle": "1 - Adicione à página o título \"Paleta de Cores\". Verifica se contém um elemento `h1` com o id `title` com o título correto",
              "timedOut": null,
              "duration": 148,
              "state": "passed",
              "speed": "slow",
              "pass": true,
              "fail": false,
              "pending": false,
              "context": null,
              "code": "cy.get('h1#title').should('contain.text', 'Paleta de Cores');",
              "err": {},
              "uuid": "88ea4be3-b16f-4a08-a1f9-93f863a22cdf",
              "parentUUID": "4b8d5b32-cf3e-4643-be26-3db809986bdf",
              "isHook": false,
              "skipped": false
            }
          ],
          "suites": [],
          "passes": [
            "88ea4be3-b16f-4a08-a1f9-93f863a22cdf"
          ],
          "failures": [],
          "pending": [],
          "skipped": [],
          "duration": 148,
          "root": false,
          "rootEmpty": false,
          "_timeout": 2000
        },
        {
          "uuid": "a18b9280-bea0-4d02-b6c3-80921346b1c0",
          "title": "2 - Adicione à página uma paleta de quatro cores distintas.",
          "fullFile": "",
          "file": "",
          "beforeHooks": [],
          "afterHooks": [],
          "tests": [
            {
              "title": "A paleta de cores deve ser um elemento com `id` denominado `color-palette`",
              "fullTitle": "2 - Adicione à página uma paleta de quatro cores distintas. A paleta de cores deve ser um elemento com `id` denominado `color-palette`",
              "timedOut": null,
              "duration": 4380,
              "state": "failed",
              "speed": null,
              "pass": false,
              "fail": true,
              "pending": false,
              "context": null,
              "code": "cy.get('#color-palette').should('be.visible');",
              "err": {
                "message": "CypressError: Timed out retrying: expected '<section#color-palette>' to be 'visible'\n\nThis element '<section#color-palette>' is not visible because it has an effective width and height of: '1350 x 0' pixels.",
                "estack": "CypressError: Timed out retrying: expected '<section#color-palette>' to be 'visible'\n\nThis element '<section#color-palette>' is not visible because it has an effective width and height of: '1350 x 0' pixels.\n    at cypressErr (http://localhost:57026/__cypress/runner/cypress_runner.js:149934:9)\n    at throwErr (http://localhost:57026/__cypress/runner/cypress_runner.js:149867:11)\n    at Object.throwErrByPath (http://localhost:57026/__cypress/runner/cypress_runner.js:149915:3)\n    at retry (http://localhost:57026/__cypress/runner/cypress_runner.js:144197:19)\n    at onFailFn (http://localhost:57026/__cypress/runner/cypress_runner.js:132448:16)\n    at tryCatcher (http://localhost:57026/__cypress/runner/cypress_runner.js:167415:23)\n    at Promise._settlePromiseFromHandler (http://localhost:57026/__cypress/runner/cypress_runner.js:165351:31)\n    at Promise._settlePromise (http://localhost:57026/__cypress/runner/cypress_runner.js:165408:18)\n    at Promise._settlePromise0 (http://localhost:57026/__cypress/runner/cypress_runner.js:165453:10)\n    at Promise._settlePromises (http://localhost:57026/__cypress/runner/cypress_runner.js:165528:18)\n    at Async../node_modules/bluebird/js/release/async.js.Async._drainQueue (http://localhost:57026/__cypress/runner/cypress_runner.js:162140:16)\n    at Async../node_modules/bluebird/js/release/async.js.Async._drainQueues (http://localhost:57026/__cypress/runner/cypress_runner.js:162150:10)\n    at Async.drainQueues (http://localhost:57026/__cypress/runner/cypress_runner.js:162024:14)",
                "diff": null
              },
              "uuid": "ebe4c684-07a6-4d16-8ad8-a2964cb2110f",
              "parentUUID": "a18b9280-bea0-4d02-b6c3-80921346b1c0",
              "isHook": false,
              "skipped": false
            },
            {
              "title": "Verifica se cada cor individual da paleta de cores possui a `classe` chamada `color`.",
              "fullTitle": "2 - Adicione à página uma paleta de quatro cores distintas. Verifica se cada cor individual da paleta de cores possui a `classe` chamada `color`.",
              "timedOut": null,
              "duration": 4386,
              "state": "failed",
              "speed": null,
              "pass": false,
              "fail": true,
              "pending": false,
              "context": null,
              "code": "cy.get('.color').should('have.length', 4).then(function (colors) {\n  for (var i = 0; i < colors.length; i++) {\n    cy.wrap(colors[i]).should('be.visible');\n  }\n});",
              "err": {
                "message": "CypressError: Timed out retrying: expected '<span.color>' to be 'visible'\n\nThis element '<span.color>' is not visible because it has an effective width and height of: '0 x 0' pixels.",
                "estack": "CypressError: Timed out retrying: expected '<span.color>' to be 'visible'\n\nThis element '<span.color>' is not visible because it has an effective width and height of: '0 x 0' pixels.\n    at cypressErr (http://localhost:57026/__cypress/runner/cypress_runner.js:149934:9)\n    at throwErr (http://localhost:57026/__cypress/runner/cypress_runner.js:149867:11)\n    at Object.throwErrByPath (http://localhost:57026/__cypress/runner/cypress_runner.js:149915:3)\n    at retry (http://localhost:57026/__cypress/runner/cypress_runner.js:144197:19)\n    at onFailFn (http://localhost:57026/__cypress/runner/cypress_runner.js:132448:16)\n    at tryCatcher (http://localhost:57026/__cypress/runner/cypress_runner.js:167415:23)\n    at Promise._settlePromiseFromHandler (http://localhost:57026/__cypress/runner/cypress_runner.js:165351:31)\n    at Promise._settlePromise (http://localhost:57026/__cypress/runner/cypress_runner.js:165408:18)\n    at Promise._settlePromise0 (http://localhost:57026/__cypress/runner/cypress_runner.js:165453:10)\n    at Promise._settlePromises (http://localhost:57026/__cypress/runner/cypress_runner.js:165528:18)\n    at Async../node_modules/bluebird/js/release/async.js.Async._drainQueue (http://localhost:57026/__cypress/runner/cypress_runner.js:162140:16)\n    at Async../node_modules/bluebird/js/release/async.js.Async._drainQueues (http://localhost:57026/__cypress/runner/cypress_runner.js:162150:10)\n    at Async.drainQueues (http://localhost:57026/__cypress/runner/cypress_runner.js:162024:14)",
                "diff": null
              },
              "uuid": "3ba90dc9-20a1-4308-8c0b-921d253e3f87",
              "parentUUID": "a18b9280-bea0-4d02-b6c3-80921346b1c0",
              "isHook": false,
              "skipped": false
            },
            {
              "title": "Verifica se a cor de fundo de cada elemento da paleta é a cor que o elemento representa. **A única cor não permitida na paleta é a cor branca.**",
              "fullTitle": "2 - Adicione à página uma paleta de quatro cores distintas. Verifica se a cor de fundo de cada elemento da paleta é a cor que o elemento representa. **A única cor não permitida na paleta é a cor branca.**",
              "timedOut": null,
              "duration": 111,
              "state": "passed",
              "speed": "slow",
              "pass": true,
              "fail": false,
              "pending": false,
              "context": null,
              "code": "cy.get('.color').each(function (color) {\n  cy.wrap(color).should('have.class', 'color').and('not.have.css', 'background-color', WHITE);\n  cy.wrap(color).should('have.css', 'background-color');\n});",
              "err": {},
              "uuid": "fb1ab461-71d2-461c-a73c-b73953a87cfb",
              "parentUUID": "a18b9280-bea0-4d02-b6c3-80921346b1c0",
              "isHook": false,
              "skipped": false
            },
            {
              "title": "Verifica se cada elemento da paleta de cores tem uma borda preta, sólida e com 1 pixel de largura;",
              "fullTitle": "2 - Adicione à página uma paleta de quatro cores distintas. Verifica se cada elemento da paleta de cores tem uma borda preta, sólida e com 1 pixel de largura;",
              "timedOut": null,
              "duration": 4351,
              "state": "failed",
              "speed": null,
              "pass": false,
              "fail": true,
              "pending": false,
              "context": null,
              "code": "cy.get('.color').each(function (color) {\n  cy.wrap(color).and('have.css', 'border', \"1px solid \".concat(BLACK)).and('have.class', 'color');\n});",
              "err": {
                "message": "CypressError: Timed out retrying: expected '<span.color>' to have CSS property 'border' with the value '1px solid rgb(0, 0, 0)', but the value was '0px none rgb(0, 0, 0)'",
                "estack": "CypressError: Timed out retrying: expected '<span.color>' to have CSS property 'border' with the value '1px solid rgb(0, 0, 0)', but the value was '0px none rgb(0, 0, 0)'\n    at cypressErr (http://localhost:57026/__cypress/runner/cypress_runner.js:149934:9)\n    at throwErr (http://localhost:57026/__cypress/runner/cypress_runner.js:149867:11)\n    at Object.throwErrByPath (http://localhost:57026/__cypress/runner/cypress_runner.js:149915:3)\n    at retry (http://localhost:57026/__cypress/runner/cypress_runner.js:144197:19)\n    at onFailFn (http://localhost:57026/__cypress/runner/cypress_runner.js:132448:16)\n    at tryCatcher (http://localhost:57026/__cypress/runner/cypress_runner.js:167415:23)\n    at Promise._settlePromiseFromHandler (http://localhost:57026/__cypress/runner/cypress_runner.js:165351:31)\n    at Promise._settlePromise (http://localhost:57026/__cypress/runner/cypress_runner.js:165408:18)\n    at Promise._settlePromise0 (http://localhost:57026/__cypress/runner/cypress_runner.js:165453:10)\n    at Promise._settlePromises (http://localhost:57026/__cypress/runner/cypress_runner.js:165528:18)\n    at Async../node_modules/bluebird/js/release/async.js.Async._drainQueue (http://localhost:57026/__cypress/runner/cypress_runner.js:162140:16)\n    at Async../node_modules/bluebird/js/release/async.js.Async._drainQueues (http://localhost:57026/__cypress/runner/cypress_runner.js:162150:10)\n    at Async.drainQueues (http://localhost:57026/__cypress/runner/cypress_runner.js:162024:14)",
                "diff": null
              },
              "uuid": "04fedbf8-6920-418c-86c5-d4503f24dbbd",
              "parentUUID": "a18b9280-bea0-4d02-b6c3-80921346b1c0",
              "isHook": false,
              "skipped": false
            },
            {
              "title": "Verifica se a paleta lista todas as cores disponíveis para utilização, lado a lado.",
              "fullTitle": "2 - Adicione à página uma paleta de quatro cores distintas. Verifica se a paleta lista todas as cores disponíveis para utilização, lado a lado.",
              "timedOut": null,
              "duration": 100,
              "state": "passed",
              "speed": "slow",
              "pass": true,
              "fail": false,
              "pending": false,
              "context": null,
              "code": "cy.get('.color').then(function (colors) {\n  for (var index = 1; index < colors.length; index += 1) {\n    var currentColor = colors[index];\n    var previousColor = colors[index - 1];\n    cy.wrap(currentColor).should('be.onTheRightOf', previousColor).and('be.horizontallyAlignedWith', previousColor);\n  }\n});",
              "err": {},
              "uuid": "b21aa51b-8561-4c4d-be8d-ea96ab871d21",
              "parentUUID": "a18b9280-bea0-4d02-b6c3-80921346b1c0",
              "isHook": false,
              "skipped": false
            },
            {
              "title": "Verifica se a paleta de cores está posicionada abaixo do título 'Paleta de Cores'",
              "fullTitle": "2 - Adicione à página uma paleta de quatro cores distintas. Verifica se a paleta de cores está posicionada abaixo do título 'Paleta de Cores'",
              "timedOut": null,
              "duration": 56,
              "state": "passed",
              "speed": "medium",
              "pass": true,
              "fail": false,
              "pending": false,
              "context": null,
              "code": "cy.get('h1#title').then(function (title) {\n  cy.get('#color-palette').should('be.belowOf', title);\n});",
              "err": {},
              "uuid": "a21145f2-fa17-4190-8a81-ba50a5d72128",
              "parentUUID": "a18b9280-bea0-4d02-b6c3-80921346b1c0",
              "isHook": false,
              "skipped": false
            },
            {
              "title": "Verifica se a paleta de cores não contém cores repetidas.",
              "fullTitle": "2 - Adicione à página uma paleta de quatro cores distintas. Verifica se a paleta de cores não contém cores repetidas.",
              "timedOut": null,
              "duration": 320,
              "state": "failed",
              "speed": null,
              "pass": false,
              "fail": true,
              "pending": false,
              "context": null,
              "code": "cy.get('.color').then(function (colors) {\n  var allColors = Array.from(colors).map(function (color) {\n    return Cypress.$(color).css('background-color');\n  });\n  cy.log(allColors);\n  var uniqColors = (0, _toConsumableArray2[\"default\"])(new Set(allColors));\n  cy.log(uniqColors);\n  expect(allColors.length).to.eq(uniqColors.length);\n});",
              "err": {
                "message": "AssertionError: expected 4 to equal 1",
                "estack": "AssertionError: expected 4 to equal 1\n    at getRet (http://localhost:57026/__cypress/runner/cypress_runner.js:136585:16)\n    at tryCatcher (http://localhost:57026/__cypress/runner/cypress_runner.js:167415:23)\n    at Function.Promise.attempt.Promise.try (http://localhost:57026/__cypress/runner/cypress_runner.js:164690:29)\n    at Context.thenFn (http://localhost:57026/__cypress/runner/cypress_runner.js:136599:23)\n    at Context.then (http://localhost:57026/__cypress/runner/cypress_runner.js:136971:21)\n    at Context.<anonymous> (http://localhost:57026/__cypress/runner/cypress_runner.js:148875:21)\n    at http://localhost:57026/__cypress/runner/cypress_runner.js:148351:33\n    at tryCatcher (http://localhost:57026/__cypress/runner/cypress_runner.js:167415:23)\n    at Promise._settlePromiseFromHandler (http://localhost:57026/__cypress/runner/cypress_runner.js:165351:31)\n    at Promise._settlePromise (http://localhost:57026/__cypress/runner/cypress_runner.js:165408:18)\n    at Promise._settlePromiseCtx (http://localhost:57026/__cypress/runner/cypress_runner.js:165445:10)\n    at Async../node_modules/bluebird/js/release/async.js.Async._drainQueue (http://localhost:57026/__cypress/runner/cypress_runner.js:162145:12)\n    at Async../node_modules/bluebird/js/release/async.js.Async._drainQueues (http://localhost:57026/__cypress/runner/cypress_runner.js:162150:10)\n    at Async.drainQueues (http://localhost:57026/__cypress/runner/cypress_runner.js:162024:14)",
                "diff": "- 4\n+ 1\n"
              },
              "uuid": "751f4fa2-9fcc-4119-b968-eb2bb27d64c7",
              "parentUUID": "a18b9280-bea0-4d02-b6c3-80921346b1c0",
              "isHook": false,
              "skipped": false
            }
          ],
          "suites": [],
          "passes": [
            "fb1ab461-71d2-461c-a73c-b73953a87cfb",
            "b21aa51b-8561-4c4d-be8d-ea96ab871d21",
            "a21145f2-fa17-4190-8a81-ba50a5d72128"
          ],
          "failures": [
            "ebe4c684-07a6-4d16-8ad8-a2964cb2110f",
            "3ba90dc9-20a1-4308-8c0b-921d253e3f87",
            "04fedbf8-6920-418c-86c5-d4503f24dbbd",
            "751f4fa2-9fcc-4119-b968-eb2bb27d64c7"
          ],
          "pending": [],
          "skipped": [],
          "duration": 13704,
          "root": false,
          "rootEmpty": false,
          "_timeout": 2000
        },
        {
          "uuid": "ba502aa0-8e28-435e-ad70-ff07caae6609",
          "title": "3 - Adicione a cor **preta** como a primeira cor da paleta de cores.",
          "fullFile": "",
          "file": "",
          "beforeHooks": [],
          "afterHooks": [],
          "tests": [
            {
              "title": "Verifica se a primeira cor da paleta é preta",
              "fullTitle": "3 - Adicione a cor **preta** como a primeira cor da paleta de cores. Verifica se a primeira cor da paleta é preta",
              "timedOut": null,
              "duration": 4347,
              "state": "failed",
              "speed": null,
              "pass": false,
              "fail": true,
              "pending": false,
              "context": null,
              "code": "cy.get('.color').first().should('have.css', 'background-color', BLACK);",
              "err": {
                "message": "CypressError: Timed out retrying: expected '<span.color>' to have CSS property 'background-color' with the value 'rgb(0, 0, 0)', but the value was 'rgba(0, 0, 0, 0)'",
                "estack": "CypressError: Timed out retrying: expected '<span.color>' to have CSS property 'background-color' with the value 'rgb(0, 0, 0)', but the value was 'rgba(0, 0, 0, 0)'\n    at cypressErr (http://localhost:57026/__cypress/runner/cypress_runner.js:149934:9)\n    at throwErr (http://localhost:57026/__cypress/runner/cypress_runner.js:149867:11)\n    at Object.throwErrByPath (http://localhost:57026/__cypress/runner/cypress_runner.js:149915:3)\n    at retry (http://localhost:57026/__cypress/runner/cypress_runner.js:144197:19)\n    at onFailFn (http://localhost:57026/__cypress/runner/cypress_runner.js:132448:16)\n    at tryCatcher (http://localhost:57026/__cypress/runner/cypress_runner.js:167415:23)\n    at Promise._settlePromiseFromHandler (http://localhost:57026/__cypress/runner/cypress_runner.js:165351:31)\n    at Promise._settlePromise (http://localhost:57026/__cypress/runner/cypress_runner.js:165408:18)\n    at Promise._settlePromise0 (http://localhost:57026/__cypress/runner/cypress_runner.js:165453:10)\n    at Promise._settlePromises (http://localhost:57026/__cypress/runner/cypress_runner.js:165528:18)\n    at Async../node_modules/bluebird/js/release/async.js.Async._drainQueue (http://localhost:57026/__cypress/runner/cypress_runner.js:162140:16)\n    at Async../node_modules/bluebird/js/release/async.js.Async._drainQueues (http://localhost:57026/__cypress/runner/cypress_runner.js:162150:10)\n    at Async.drainQueues (http://localhost:57026/__cypress/runner/cypress_runner.js:162024:14)",
                "diff": null
              },
              "uuid": "5d567617-03f1-4745-be4e-d332ea3faa19",
              "parentUUID": "ba502aa0-8e28-435e-ad70-ff07caae6609",
              "isHook": false,
              "skipped": false
            },
            {
              "title": "Verifica se as demais cores podem ser escolhidas livremente.",
              "fullTitle": "3 - Adicione a cor **preta** como a primeira cor da paleta de cores. Verifica se as demais cores podem ser escolhidas livremente.",
              "timedOut": null,
              "duration": 4378,
              "state": "failed",
              "speed": null,
              "pass": false,
              "fail": true,
              "pending": false,
              "context": null,
              "code": "cy.get('.color').eq(1).should('not.have.css', 'background-color', BLACK);\ncy.get('.color').eq(1).should('not.have.css', 'background-color', WHITE);\ncy.get('.color').eq(1).should('not.have.css', 'background-color', 'rgba(0, 0, 0, 0)');\ncy.get('.color').eq(1).should('have.css', 'background-color');\ncy.get('.color').eq(2).should('not.have.css', 'background-color', BLACK);\ncy.get('.color').eq(2).should('not.have.css', 'background-color', WHITE);\ncy.get('.color').eq(2).should('not.have.css', 'background-color', 'rgba(0, 0, 0, 0)');\ncy.get('.color').eq(2).should('have.css', 'background-color');\ncy.get('.color').eq(3).should('not.have.css', 'background-color', BLACK);\ncy.get('.color').eq(3).should('not.have.css', 'background-color', WHITE);\ncy.get('.color').eq(3).should('not.have.css', 'background-color', 'rgba(0, 0, 0, 0)');\ncy.get('.color').eq(3).should('have.css', 'background-color');",
              "err": {
                "message": "CypressError: Timed out retrying: expected '<span.color>' not to have CSS property 'background-color' with the value 'rgba(0, 0, 0, 0)', but the value was 'rgba(0, 0, 0, 0)'",
                "estack": "CypressError: Timed out retrying: expected '<span.color>' not to have CSS property 'background-color' with the value 'rgba(0, 0, 0, 0)', but the value was 'rgba(0, 0, 0, 0)'\n    at cypressErr (http://localhost:57026/__cypress/runner/cypress_runner.js:149934:9)\n    at throwErr (http://localhost:57026/__cypress/runner/cypress_runner.js:149867:11)\n    at Object.throwErrByPath (http://localhost:57026/__cypress/runner/cypress_runner.js:149915:3)\n    at retry (http://localhost:57026/__cypress/runner/cypress_runner.js:144197:19)\n    at onFailFn (http://localhost:57026/__cypress/runner/cypress_runner.js:132448:16)\n    at tryCatcher (http://localhost:57026/__cypress/runner/cypress_runner.js:167415:23)\n    at Promise._settlePromiseFromHandler (http://localhost:57026/__cypress/runner/cypress_runner.js:165351:31)\n    at Promise._settlePromise (http://localhost:57026/__cypress/runner/cypress_runner.js:165408:18)\n    at Promise._settlePromise0 (http://localhost:57026/__cypress/runner/cypress_runner.js:165453:10)\n    at Promise._settlePromises (http://localhost:57026/__cypress/runner/cypress_runner.js:165528:18)\n    at Async../node_modules/bluebird/js/release/async.js.Async._drainQueue (http://localhost:57026/__cypress/runner/cypress_runner.js:162140:16)\n    at Async../node_modules/bluebird/js/release/async.js.Async._drainQueues (http://localhost:57026/__cypress/runner/cypress_runner.js:162150:10)\n    at Async.drainQueues (http://localhost:57026/__cypress/runner/cypress_runner.js:162024:14)",
                "diff": null
              },
              "uuid": "57eccf2e-0e87-468a-9bc2-06310a434e95",
              "parentUUID": "ba502aa0-8e28-435e-ad70-ff07caae6609",
              "isHook": false,
              "skipped": false
            }
          ],
          "suites": [],
          "passes": [],
          "failures": [
            "5d567617-03f1-4745-be4e-d332ea3faa19",
            "57eccf2e-0e87-468a-9bc2-06310a434e95"
          ],
          "pending": [],
          "skipped": [],
          "duration": 8725,
          "root": false,
          "rootEmpty": false,
          "_timeout": 2000
        },
        {
          "uuid": "1c30a230-9219-4b36-8d61-e7afb464076b",
          "title": "4 - Adicione à página um quadro de pixels, com 25 pixels.",
          "fullFile": "",
          "file": "",
          "beforeHooks": [],
          "afterHooks": [],
          "tests": [
            {
              "title": "Verifica se o quadro de pixels possui o `id` denominado `pixel-board`",
              "fullTitle": "4 - Adicione à página um quadro de pixels, com 25 pixels. Verifica se o quadro de pixels possui o `id` denominado `pixel-board`",
              "timedOut": null,
              "duration": 4435,
              "state": "failed",
              "speed": null,
              "pass": false,
              "fail": true,
              "pending": false,
              "context": null,
              "code": "cy.get('#pixel-board').should('be.visible');",
              "err": {
                "message": "CypressError: Timed out retrying: Expected to find element: '#pixel-board', but never found it.",
                "estack": "CypressError: Timed out retrying: Expected to find element: '#pixel-board', but never found it.\n    at cypressErr (http://localhost:57026/__cypress/runner/cypress_runner.js:149934:9)\n    at throwErr (http://localhost:57026/__cypress/runner/cypress_runner.js:149867:11)\n    at Object.throwErrByPath (http://localhost:57026/__cypress/runner/cypress_runner.js:149915:3)\n    at retry (http://localhost:57026/__cypress/runner/cypress_runner.js:144197:19)\n    at onFailFn (http://localhost:57026/__cypress/runner/cypress_runner.js:132448:16)\n    at tryCatcher (http://localhost:57026/__cypress/runner/cypress_runner.js:167415:23)\n    at Promise._settlePromiseFromHandler (http://localhost:57026/__cypress/runner/cypress_runner.js:165351:31)\n    at Promise._settlePromise (http://localhost:57026/__cypress/runner/cypress_runner.js:165408:18)\n    at Promise._settlePromise0 (http://localhost:57026/__cypress/runner/cypress_runner.js:165453:10)\n    at Promise._settlePromises (http://localhost:57026/__cypress/runner/cypress_runner.js:165528:18)\n    at Async../node_modules/bluebird/js/release/async.js.Async._drainQueue (http://localhost:57026/__cypress/runner/cypress_runner.js:162140:16)\n    at Async../node_modules/bluebird/js/release/async.js.Async._drainQueues (http://localhost:57026/__cypress/runner/cypress_runner.js:162150:10)\n    at Async.drainQueues (http://localhost:57026/__cypress/runner/cypress_runner.js:162024:14)",
                "diff": null
              },
              "uuid": "9b2be98f-c388-4779-8188-0fc126e2e4c6",
              "parentUUID": "1c30a230-9219-4b36-8d61-e7afb464076b",
              "isHook": false,
              "skipped": false
            },
            {
              "title": "Verifica se cada pixel individual dentro do quadro possui a `classe` denominada `pixel`.",
              "fullTitle": "4 - Adicione à página um quadro de pixels, com 25 pixels. Verifica se cada pixel individual dentro do quadro possui a `classe` denominada `pixel`.",
              "timedOut": null,
              "duration": 4371,
              "state": "failed",
              "speed": null,
              "pass": false,
              "fail": true,
              "pending": false,
              "context": null,
              "code": "cy.get('.pixel').should('have.length', 25);",
              "err": {
                "message": "CypressError: Timed out retrying: Expected to find element: '.pixel', but never found it.",
                "estack": "CypressError: Timed out retrying: Expected to find element: '.pixel', but never found it.\n    at cypressErr (http://localhost:57026/__cypress/runner/cypress_runner.js:149934:9)\n    at throwErr (http://localhost:57026/__cypress/runner/cypress_runner.js:149867:11)\n    at Object.throwErrByPath (http://localhost:57026/__cypress/runner/cypress_runner.js:149915:3)\n    at retry (http://localhost:57026/__cypress/runner/cypress_runner.js:144197:19)\n    at onFailFn (http://localhost:57026/__cypress/runner/cypress_runner.js:132448:16)\n    at tryCatcher (http://localhost:57026/__cypress/runner/cypress_runner.js:167415:23)\n    at Promise._settlePromiseFromHandler (http://localhost:57026/__cypress/runner/cypress_runner.js:165351:31)\n    at Promise._settlePromise (http://localhost:57026/__cypress/runner/cypress_runner.js:165408:18)\n    at Promise._settlePromise0 (http://localhost:57026/__cypress/runner/cypress_runner.js:165453:10)\n    at Promise._settlePromises (http://localhost:57026/__cypress/runner/cypress_runner.js:165528:18)\n    at Async../node_modules/bluebird/js/release/async.js.Async._drainQueue (http://localhost:57026/__cypress/runner/cypress_runner.js:162140:16)\n    at Async../node_modules/bluebird/js/release/async.js.Async._drainQueues (http://localhost:57026/__cypress/runner/cypress_runner.js:162150:10)\n    at Async.drainQueues (http://localhost:57026/__cypress/runner/cypress_runner.js:162024:14)",
                "diff": null
              },
              "uuid": "0aceca90-b651-43be-bc16-9ef60e308341",
              "parentUUID": "1c30a230-9219-4b36-8d61-e7afb464076b",
              "isHook": false,
              "skipped": false
            },
            {
              "title": "Verifica se a cor inicial dos pixels dentro do quadro, ao abrir a página, é branca.",
              "fullTitle": "4 - Adicione à página um quadro de pixels, com 25 pixels. Verifica se a cor inicial dos pixels dentro do quadro, ao abrir a página, é branca.",
              "timedOut": null,
              "duration": 4406,
              "state": "failed",
              "speed": null,
              "pass": false,
              "fail": true,
              "pending": false,
              "context": null,
              "code": "cy.get('.pixel').should('have.length', 25).each(function (pixel) {\n  expect(pixel).to.have.css('background-color', WHITE);\n});",
              "err": {
                "message": "CypressError: Timed out retrying: Expected to find element: '.pixel', but never found it.",
                "estack": "CypressError: Timed out retrying: Expected to find element: '.pixel', but never found it.\n    at cypressErr (http://localhost:57026/__cypress/runner/cypress_runner.js:149934:9)\n    at throwErr (http://localhost:57026/__cypress/runner/cypress_runner.js:149867:11)\n    at Object.throwErrByPath (http://localhost:57026/__cypress/runner/cypress_runner.js:149915:3)\n    at retry (http://localhost:57026/__cypress/runner/cypress_runner.js:144197:19)\n    at onFailFn (http://localhost:57026/__cypress/runner/cypress_runner.js:132448:16)\n    at tryCatcher (http://localhost:57026/__cypress/runner/cypress_runner.js:167415:23)\n    at Promise._settlePromiseFromHandler (http://localhost:57026/__cypress/runner/cypress_runner.js:165351:31)\n    at Promise._settlePromise (http://localhost:57026/__cypress/runner/cypress_runner.js:165408:18)\n    at Promise._settlePromise0 (http://localhost:57026/__cypress/runner/cypress_runner.js:165453:10)\n    at Promise._settlePromises (http://localhost:57026/__cypress/runner/cypress_runner.js:165528:18)\n    at Async../node_modules/bluebird/js/release/async.js.Async._drainQueue (http://localhost:57026/__cypress/runner/cypress_runner.js:162140:16)\n    at Async../node_modules/bluebird/js/release/async.js.Async._drainQueues (http://localhost:57026/__cypress/runner/cypress_runner.js:162150:10)\n    at Async.drainQueues (http://localhost:57026/__cypress/runner/cypress_runner.js:162024:14)",
                "diff": null
              },
              "uuid": "f51d0b6c-26ad-40ec-a42b-75bf04b42c8e",
              "parentUUID": "1c30a230-9219-4b36-8d61-e7afb464076b",
              "isHook": false,
              "skipped": false
            },
            {
              "title": "Verifica se o quadro de pixels aparece abaixo da paleta de cores",
              "fullTitle": "4 - Adicione à página um quadro de pixels, com 25 pixels. Verifica se o quadro de pixels aparece abaixo da paleta de cores",
              "timedOut": null,
              "duration": 4388,
              "state": "failed",
              "speed": null,
              "pass": false,
              "fail": true,
              "pending": false,
              "context": null,
              "code": "cy.get('#color-palette').then(function (palette) {\n  cy.get('#pixel-board').should('be.belowOf', palette);\n});",
              "err": {
                "message": "CypressError: Timed out retrying: Expected to find element: '#pixel-board', but never found it.",
                "estack": "CypressError: Timed out retrying: Expected to find element: '#pixel-board', but never found it.\n    at cypressErr (http://localhost:57026/__cypress/runner/cypress_runner.js:149934:9)\n    at throwErr (http://localhost:57026/__cypress/runner/cypress_runner.js:149867:11)\n    at Object.throwErrByPath (http://localhost:57026/__cypress/runner/cypress_runner.js:149915:3)\n    at retry (http://localhost:57026/__cypress/runner/cypress_runner.js:144197:19)\n    at onFailFn (http://localhost:57026/__cypress/runner/cypress_runner.js:132448:16)\n    at tryCatcher (http://localhost:57026/__cypress/runner/cypress_runner.js:167415:23)\n    at Promise._settlePromiseFromHandler (http://localhost:57026/__cypress/runner/cypress_runner.js:165351:31)\n    at Promise._settlePromise (http://localhost:57026/__cypress/runner/cypress_runner.js:165408:18)\n    at Promise._settlePromise0 (http://localhost:57026/__cypress/runner/cypress_runner.js:165453:10)\n    at Promise._settlePromises (http://localhost:57026/__cypress/runner/cypress_runner.js:165528:18)\n    at Async../node_modules/bluebird/js/release/async.js.Async._drainQueue (http://localhost:57026/__cypress/runner/cypress_runner.js:162140:16)\n    at Async../node_modules/bluebird/js/release/async.js.Async._drainQueues (http://localhost:57026/__cypress/runner/cypress_runner.js:162150:10)\n    at Async.drainQueues (http://localhost:57026/__cypress/runner/cypress_runner.js:162024:14)",
                "diff": null
              },
              "uuid": "39bb129d-e4a9-422c-84aa-e19b27bff142",
              "parentUUID": "1c30a230-9219-4b36-8d61-e7afb464076b",
              "isHook": false,
              "skipped": false
            }
          ],
          "suites": [],
          "passes": [],
          "failures": [
            "9b2be98f-c388-4779-8188-0fc126e2e4c6",
            "0aceca90-b651-43be-bc16-9ef60e308341",
            "f51d0b6c-26ad-40ec-a42b-75bf04b42c8e",
            "39bb129d-e4a9-422c-84aa-e19b27bff142"
          ],
          "pending": [],
          "skipped": [],
          "duration": 17600,
          "root": false,
          "rootEmpty": false,
          "_timeout": 2000
        },
        {
          "uuid": "be221c7a-147c-4755-b381-e1e0ab632121",
          "title": "5 - Faça com que cada elemento do quadro de pixels possua 40 pixels de largura, 40 pixels de altura e seja delimitado por uma borda preta de 1 pixel.",
          "fullFile": "",
          "file": "",
          "beforeHooks": [],
          "afterHooks": [],
          "tests": [
            {
              "title": "Verifica se o quadro de pixels tem altura e comprimento de 5 elementos",
              "fullTitle": "5 - Faça com que cada elemento do quadro de pixels possua 40 pixels de largura, 40 pixels de altura e seja delimitado por uma borda preta de 1 pixel. Verifica se o quadro de pixels tem altura e comprimento de 5 elementos",
              "timedOut": null,
              "duration": 4408,
              "state": "failed",
              "speed": null,
              "pass": false,
              "fail": true,
              "pending": false,
              "context": null,
              "code": "cy.get('.pixel').should('have.length', 25).each(function (pixel) {\n  expect(pixel).to.have.css('background-color', WHITE);\n}).and(function (pixels) {\n  var rows = chunk(pixels, 5);\n  rows.forEach(function (row) {\n    for (var index = 1; index < row.length; index += 1) {\n      var current = pixels[index];\n      var previous = pixels[index - 1];\n      cy.wrap(current).should('be.onTheRightOf', previous).and('be.horizontallyAlignedWith', previous);\n    }\n  });\n  for (var index = 1; index < 5; index += 1) {\n    expect(pixels[index * 5]).to.be.belowOf(pixels[(index - 1) * 5]);\n  }\n});",
              "err": {
                "message": "CypressError: Timed out retrying: Expected to find element: '.pixel', but never found it.",
                "estack": "CypressError: Timed out retrying: Expected to find element: '.pixel', but never found it.\n    at cypressErr (http://localhost:57026/__cypress/runner/cypress_runner.js:149934:9)\n    at throwErr (http://localhost:57026/__cypress/runner/cypress_runner.js:149867:11)\n    at Object.throwErrByPath (http://localhost:57026/__cypress/runner/cypress_runner.js:149915:3)\n    at retry (http://localhost:57026/__cypress/runner/cypress_runner.js:144197:19)\n    at onFailFn (http://localhost:57026/__cypress/runner/cypress_runner.js:132448:16)\n    at tryCatcher (http://localhost:57026/__cypress/runner/cypress_runner.js:167415:23)\n    at Promise._settlePromiseFromHandler (http://localhost:57026/__cypress/runner/cypress_runner.js:165351:31)\n    at Promise._settlePromise (http://localhost:57026/__cypress/runner/cypress_runner.js:165408:18)\n    at Promise._settlePromise0 (http://localhost:57026/__cypress/runner/cypress_runner.js:165453:10)\n    at Promise._settlePromises (http://localhost:57026/__cypress/runner/cypress_runner.js:165528:18)\n    at Async../node_modules/bluebird/js/release/async.js.Async._drainQueue (http://localhost:57026/__cypress/runner/cypress_runner.js:162140:16)\n    at Async../node_modules/bluebird/js/release/async.js.Async._drainQueues (http://localhost:57026/__cypress/runner/cypress_runner.js:162150:10)\n    at Async.drainQueues (http://localhost:57026/__cypress/runner/cypress_runner.js:162024:14)",
                "diff": null
              },
              "uuid": "abcf0520-85d4-4b53-95a6-90f393d3e1ef",
              "parentUUID": "be221c7a-147c-4755-b381-e1e0ab632121",
              "isHook": false,
              "skipped": false
            },
            {
              "title": "Verifica se 40 pixels é o tamanho total do elemento, incluindo seu conteúdo e excluindo a borda preta, que deve ser criada à parte.",
              "fullTitle": "5 - Faça com que cada elemento do quadro de pixels possua 40 pixels de largura, 40 pixels de altura e seja delimitado por uma borda preta de 1 pixel. Verifica se 40 pixels é o tamanho total do elemento, incluindo seu conteúdo e excluindo a borda preta, que deve ser criada à parte.",
              "timedOut": null,
              "duration": 4370,
              "state": "failed",
              "speed": null,
              "pass": false,
              "fail": true,
              "pending": false,
              "context": null,
              "code": "cy.get('.pixel').each(function (pixel) {\n  cy.wrap(pixel).should('have.css', 'height', '40px').and('have.css', 'width', '40px').and('have.css', 'border', \"1px solid \".concat(BLACK));\n});",
              "err": {
                "message": "CypressError: Timed out retrying: Expected to find element: '.pixel', but never found it.",
                "estack": "CypressError: Timed out retrying: Expected to find element: '.pixel', but never found it.\n    at cypressErr (http://localhost:57026/__cypress/runner/cypress_runner.js:149934:9)\n    at throwErr (http://localhost:57026/__cypress/runner/cypress_runner.js:149867:11)\n    at Object.throwErrByPath (http://localhost:57026/__cypress/runner/cypress_runner.js:149915:3)\n    at retry (http://localhost:57026/__cypress/runner/cypress_runner.js:144197:19)\n    at onFailFn (http://localhost:57026/__cypress/runner/cypress_runner.js:132448:16)\n    at tryCatcher (http://localhost:57026/__cypress/runner/cypress_runner.js:167415:23)\n    at Promise._settlePromiseFromHandler (http://localhost:57026/__cypress/runner/cypress_runner.js:165351:31)\n    at Promise._settlePromise (http://localhost:57026/__cypress/runner/cypress_runner.js:165408:18)\n    at Promise._settlePromise0 (http://localhost:57026/__cypress/runner/cypress_runner.js:165453:10)\n    at Promise._settlePromises (http://localhost:57026/__cypress/runner/cypress_runner.js:165528:18)\n    at Async../node_modules/bluebird/js/release/async.js.Async._drainQueue (http://localhost:57026/__cypress/runner/cypress_runner.js:162140:16)\n    at Async../node_modules/bluebird/js/release/async.js.Async._drainQueues (http://localhost:57026/__cypress/runner/cypress_runner.js:162150:10)\n    at Async.drainQueues (http://localhost:57026/__cypress/runner/cypress_runner.js:162024:14)",
                "diff": null
              },
              "uuid": "02b85edf-8bd0-4dad-a4ba-23cfbfed2ab9",
              "parentUUID": "be221c7a-147c-4755-b381-e1e0ab632121",
              "isHook": false,
              "skipped": false
            }
          ],
          "suites": [],
          "passes": [],
          "failures": [
            "abcf0520-85d4-4b53-95a6-90f393d3e1ef",
            "02b85edf-8bd0-4dad-a4ba-23cfbfed2ab9"
          ],
          "pending": [],
          "skipped": [],
          "duration": 8778,
          "root": false,
          "rootEmpty": false,
          "_timeout": 2000
        },
        {
          "uuid": "9e5b02ca-adc0-4886-8fc0-214937daefc4",
          "title": "6 - Defina a cor preta como cor inicial. Ao carregar a página a cor preta já deve estar selecionada para pintar os pixels",
          "fullFile": "",
          "file": "",
          "beforeHooks": [],
          "afterHooks": [],
          "tests": [
            {
              "title": "Verifica se o elemento da cor preta possui, inicialmente, a `classe` `selected`",
              "fullTitle": "6 - Defina a cor preta como cor inicial. Ao carregar a página a cor preta já deve estar selecionada para pintar os pixels Verifica se o elemento da cor preta possui, inicialmente, a `classe` `selected`",
              "timedOut": null,
              "duration": 4387,
              "state": "failed",
              "speed": null,
              "pass": false,
              "fail": true,
              "pending": false,
              "context": null,
              "code": "cy.get('.selected').first().should('have.css', 'background-color', BLACK);",
              "err": {
                "message": "CypressError: Timed out retrying: Expected to find element: '.selected', but never found it.",
                "estack": "CypressError: Timed out retrying: Expected to find element: '.selected', but never found it.\n    at cypressErr (http://localhost:57026/__cypress/runner/cypress_runner.js:149934:9)\n    at throwErr (http://localhost:57026/__cypress/runner/cypress_runner.js:149867:11)\n    at Object.throwErrByPath (http://localhost:57026/__cypress/runner/cypress_runner.js:149915:3)\n    at retry (http://localhost:57026/__cypress/runner/cypress_runner.js:144197:19)\n    at onFailFn (http://localhost:57026/__cypress/runner/cypress_runner.js:132448:16)\n    at tryCatcher (http://localhost:57026/__cypress/runner/cypress_runner.js:167415:23)\n    at Promise._settlePromiseFromHandler (http://localhost:57026/__cypress/runner/cypress_runner.js:165351:31)\n    at Promise._settlePromise (http://localhost:57026/__cypress/runner/cypress_runner.js:165408:18)\n    at Promise._settlePromise0 (http://localhost:57026/__cypress/runner/cypress_runner.js:165453:10)\n    at Promise._settlePromises (http://localhost:57026/__cypress/runner/cypress_runner.js:165528:18)\n    at Async../node_modules/bluebird/js/release/async.js.Async._drainQueue (http://localhost:57026/__cypress/runner/cypress_runner.js:162140:16)\n    at Async../node_modules/bluebird/js/release/async.js.Async._drainQueues (http://localhost:57026/__cypress/runner/cypress_runner.js:162150:10)\n    at Async.drainQueues (http://localhost:57026/__cypress/runner/cypress_runner.js:162024:14)",
                "diff": null
              },
              "uuid": "862cd52b-a4b0-482f-a4a3-f8f13fdf8a28",
              "parentUUID": "9e5b02ca-adc0-4886-8fc0-214937daefc4",
              "isHook": false,
              "skipped": false
            },
            {
              "title": "Verifica se nenhuma outra cor da paleta tem a `classe` `selected`",
              "fullTitle": "6 - Defina a cor preta como cor inicial. Ao carregar a página a cor preta já deve estar selecionada para pintar os pixels Verifica se nenhuma outra cor da paleta tem a `classe` `selected`",
              "timedOut": null,
              "duration": 119,
              "state": "passed",
              "speed": "slow",
              "pass": true,
              "fail": false,
              "pending": false,
              "context": null,
              "code": "cy.get('.color:not(:first-child)').each(function (color) {\n  cy.wrap(color).should('not.have.class', 'selected');\n});",
              "err": {},
              "uuid": "9e78f568-0bc4-4b20-a0fa-62cb2a25859e",
              "parentUUID": "9e5b02ca-adc0-4886-8fc0-214937daefc4",
              "isHook": false,
              "skipped": false
            }
          ],
          "suites": [],
          "passes": [
            "9e78f568-0bc4-4b20-a0fa-62cb2a25859e"
          ],
          "failures": [
            "862cd52b-a4b0-482f-a4a3-f8f13fdf8a28"
          ],
          "pending": [],
          "skipped": [],
          "duration": 4506,
          "root": false,
          "rootEmpty": false,
          "_timeout": 2000
        },
        {
          "uuid": "5a57b550-fe8e-46f8-aac5-2795a0c3b26d",
          "title": "7 - Clicar em uma das cores da paleta, faz com que ela seja selecionada e utilizada para preencher os pixels no quadro.",
          "fullFile": "",
          "file": "",
          "beforeHooks": [],
          "afterHooks": [],
          "tests": [
            {
              "title": "Verifica se somente uma cor da paleta de cores tem a classe `selected` de cada vez",
              "fullTitle": "7 - Clicar em uma das cores da paleta, faz com que ela seja selecionada e utilizada para preencher os pixels no quadro. Verifica se somente uma cor da paleta de cores tem a classe `selected` de cada vez",
              "timedOut": null,
              "duration": 4405,
              "state": "failed",
              "speed": null,
              "pass": false,
              "fail": true,
              "pending": false,
              "context": null,
              "code": "cy.get('.color').each(function (selectedColor, selectedColorIndex) {\n  cy.wrap(selectedColor).click();\n  cy.get('.color').each(function (color, colorIndex) {\n    if (colorIndex === selectedColorIndex) {\n      expect(color).to.have[\"class\"]('selected');\n    } else {\n      expect(color).not.to.have[\"class\"]('selected');\n    }\n  });\n});",
              "err": {
                "message": "CypressError: Timed out retrying: cy.click() failed because this element is not visible:\n\n<span class=\"color\"></span>\n\nThis element '<span.color>' is not visible because it has an effective width and height of: '0 x 0' pixels.\n\nFix this problem, or use {force: true} to disable error checking.\n\nhttps://on.cypress.io/element-cannot-be-interacted-with",
                "estack": "CypressError: Timed out retrying: cy.click() failed because this element is not visible:\n\n<span class=\"color\"></span>\n\nThis element '<span.color>' is not visible because it has an effective width and height of: '0 x 0' pixels.\n\nFix this problem, or use {force: true} to disable error checking.\n\nhttps://on.cypress.io/element-cannot-be-interacted-with\n    at cypressErr (http://localhost:57026/__cypress/runner/cypress_runner.js:149934:9)\n    at throwErr (http://localhost:57026/__cypress/runner/cypress_runner.js:149867:11)\n    at Object.throwErrByPath (http://localhost:57026/__cypress/runner/cypress_runner.js:149915:3)\n    at Object.retry (http://localhost:57026/__cypress/runner/cypress_runner.js:144197:19)\n    at retryActionability (http://localhost:57026/__cypress/runner/cypress_runner.js:132052:19)\n    at tryCatcher (http://localhost:57026/__cypress/runner/cypress_runner.js:167415:23)\n    at Function.Promise.attempt.Promise.try (http://localhost:57026/__cypress/runner/cypress_runner.js:164690:29)\n    at tryFn (http://localhost:57026/__cypress/runner/cypress_runner.js:144661:21)\n    at whenStable (http://localhost:57026/__cypress/runner/cypress_runner.js:144696:12)\n    at http://localhost:57026/__cypress/runner/cypress_runner.js:144240:16\n    at tryCatcher (http://localhost:57026/__cypress/runner/cypress_runner.js:167415:23)\n    at Promise._settlePromiseFromHandler (http://localhost:57026/__cypress/runner/cypress_runner.js:165351:31)\n    at Promise._settlePromise (http://localhost:57026/__cypress/runner/cypress_runner.js:165408:18)\n    at Promise._settlePromise0 (http://localhost:57026/__cypress/runner/cypress_runner.js:165453:10)\n    at Promise._settlePromises (http://localhost:57026/__cypress/runner/cypress_runner.js:165532:18)\n    at Promise._fulfill (http://localhost:57026/__cypress/runner/cypress_runner.js:165477:18)",
                "diff": null
              },
              "uuid": "f6e2264d-5809-4322-b6f0-308ee7fa1793",
              "parentUUID": "5a57b550-fe8e-46f8-aac5-2795a0c3b26d",
              "isHook": false,
              "skipped": false
            },
            {
              "title": "Verifica se os pixels dentro do quadro não têm a classe `selected` quando são clicados",
              "fullTitle": "7 - Clicar em uma das cores da paleta, faz com que ela seja selecionada e utilizada para preencher os pixels no quadro. Verifica se os pixels dentro do quadro não têm a classe `selected` quando são clicados",
              "timedOut": null,
              "duration": 4478,
              "state": "failed",
              "speed": null,
              "pass": false,
              "fail": true,
              "pending": false,
              "context": null,
              "code": "cy.get('.color').each(function (color) {\n  var backgroundColor = color.css('background-color');\n  cy.wrap(color).click();\n  cy.get('.pixel').each(function (pixel) {\n    cy.wrap(pixel).click().should('not.have.class', 'selected');\n  });\n});",
              "err": {
                "message": "CypressError: Timed out retrying: cy.click() failed because this element is not visible:\n\n<span class=\"color\"></span>\n\nThis element '<span.color>' is not visible because it has an effective width and height of: '0 x 0' pixels.\n\nFix this problem, or use {force: true} to disable error checking.\n\nhttps://on.cypress.io/element-cannot-be-interacted-with",
                "estack": "CypressError: Timed out retrying: cy.click() failed because this element is not visible:\n\n<span class=\"color\"></span>\n\nThis element '<span.color>' is not visible because it has an effective width and height of: '0 x 0' pixels.\n\nFix this problem, or use {force: true} to disable error checking.\n\nhttps://on.cypress.io/element-cannot-be-interacted-with\n    at cypressErr (http://localhost:57026/__cypress/runner/cypress_runner.js:149934:9)\n    at throwErr (http://localhost:57026/__cypress/runner/cypress_runner.js:149867:11)\n    at Object.throwErrByPath (http://localhost:57026/__cypress/runner/cypress_runner.js:149915:3)\n    at Object.retry (http://localhost:57026/__cypress/runner/cypress_runner.js:144197:19)\n    at retryActionability (http://localhost:57026/__cypress/runner/cypress_runner.js:132052:19)\n    at tryCatcher (http://localhost:57026/__cypress/runner/cypress_runner.js:167415:23)\n    at Function.Promise.attempt.Promise.try (http://localhost:57026/__cypress/runner/cypress_runner.js:164690:29)\n    at tryFn (http://localhost:57026/__cypress/runner/cypress_runner.js:144661:21)\n    at whenStable (http://localhost:57026/__cypress/runner/cypress_runner.js:144696:12)\n    at http://localhost:57026/__cypress/runner/cypress_runner.js:144240:16\n    at tryCatcher (http://localhost:57026/__cypress/runner/cypress_runner.js:167415:23)\n    at Promise._settlePromiseFromHandler (http://localhost:57026/__cypress/runner/cypress_runner.js:165351:31)\n    at Promise._settlePromise (http://localhost:57026/__cypress/runner/cypress_runner.js:165408:18)\n    at Promise._settlePromise0 (http://localhost:57026/__cypress/runner/cypress_runner.js:165453:10)\n    at Promise._settlePromises (http://localhost:57026/__cypress/runner/cypress_runner.js:165532:18)\n    at Promise._fulfill (http://localhost:57026/__cypress/runner/cypress_runner.js:165477:18)",
                "diff": null
              },
              "uuid": "e8b8701d-8f25-4124-950e-fcb95737663a",
              "parentUUID": "5a57b550-fe8e-46f8-aac5-2795a0c3b26d",
              "isHook": false,
              "skipped": false
            }
          ],
          "suites": [],
          "passes": [],
          "failures": [
            "f6e2264d-5809-4322-b6f0-308ee7fa1793",
            "e8b8701d-8f25-4124-950e-fcb95737663a"
          ],
          "pending": [],
          "skipped": [],
          "duration": 8883,
          "root": false,
          "rootEmpty": false,
          "_timeout": 2000
        },
        {
          "uuid": "6451853b-b22d-4f05-923a-45d81a49d360",
          "title": "8 - Clicar em um pixel dentro do quadro após selecionar uma cor na paleta, faz com que o pixel seja preenchido com a cor selecionada.",
          "fullFile": "",
          "file": "",
          "beforeHooks": [],
          "afterHooks": [],
          "tests": [
            {
              "title": "Verifica se ao carregar a página deve ser possível pintar os pixels de preto",
              "fullTitle": "8 - Clicar em um pixel dentro do quadro após selecionar uma cor na paleta, faz com que o pixel seja preenchido com a cor selecionada. Verifica se ao carregar a página deve ser possível pintar os pixels de preto",
              "timedOut": null,
              "duration": 4420,
              "state": "failed",
              "speed": null,
              "pass": false,
              "fail": true,
              "pending": false,
              "context": null,
              "code": "cy.get('.pixel').each(function (pixel) {\n  cy.wrap(pixel).click().should('have.css', 'background-color', BLACK);\n});",
              "err": {
                "message": "CypressError: Timed out retrying: Expected to find element: '.pixel', but never found it.",
                "estack": "CypressError: Timed out retrying: Expected to find element: '.pixel', but never found it.\n    at cypressErr (http://localhost:57026/__cypress/runner/cypress_runner.js:149934:9)\n    at throwErr (http://localhost:57026/__cypress/runner/cypress_runner.js:149867:11)\n    at Object.throwErrByPath (http://localhost:57026/__cypress/runner/cypress_runner.js:149915:3)\n    at retry (http://localhost:57026/__cypress/runner/cypress_runner.js:144197:19)\n    at onFailFn (http://localhost:57026/__cypress/runner/cypress_runner.js:132448:16)\n    at tryCatcher (http://localhost:57026/__cypress/runner/cypress_runner.js:167415:23)\n    at Promise._settlePromiseFromHandler (http://localhost:57026/__cypress/runner/cypress_runner.js:165351:31)\n    at Promise._settlePromise (http://localhost:57026/__cypress/runner/cypress_runner.js:165408:18)\n    at Promise._settlePromise0 (http://localhost:57026/__cypress/runner/cypress_runner.js:165453:10)\n    at Promise._settlePromises (http://localhost:57026/__cypress/runner/cypress_runner.js:165528:18)\n    at Async../node_modules/bluebird/js/release/async.js.Async._drainQueue (http://localhost:57026/__cypress/runner/cypress_runner.js:162140:16)\n    at Async../node_modules/bluebird/js/release/async.js.Async._drainQueues (http://localhost:57026/__cypress/runner/cypress_runner.js:162150:10)\n    at Async.drainQueues (http://localhost:57026/__cypress/runner/cypress_runner.js:162024:14)",
                "diff": null
              },
              "uuid": "cb48cabc-1924-41b5-bdac-249d6534706f",
              "parentUUID": "6451853b-b22d-4f05-923a-45d81a49d360",
              "isHook": false,
              "skipped": false
            },
            {
              "title": "Verifica se após selecionar uma outra cor na paleta, é possível pintar os pixels com essa cor",
              "fullTitle": "8 - Clicar em um pixel dentro do quadro após selecionar uma cor na paleta, faz com que o pixel seja preenchido com a cor selecionada. Verifica se após selecionar uma outra cor na paleta, é possível pintar os pixels com essa cor",
              "timedOut": null,
              "duration": 4470,
              "state": "failed",
              "speed": null,
              "pass": false,
              "fail": true,
              "pending": false,
              "context": null,
              "code": "cy.get('.color').each(function (color) {\n  var backgroundColor = color.css('background-color');\n  cy.wrap(color).click();\n  cy.get('.pixel').each(function (pixel) {\n    cy.wrap(pixel).click().should('have.css', 'background-color', backgroundColor);\n  });\n});",
              "err": {
                "message": "CypressError: Timed out retrying: cy.click() failed because this element is not visible:\n\n<span class=\"color\"></span>\n\nThis element '<span.color>' is not visible because it has an effective width and height of: '0 x 0' pixels.\n\nFix this problem, or use {force: true} to disable error checking.\n\nhttps://on.cypress.io/element-cannot-be-interacted-with",
                "estack": "CypressError: Timed out retrying: cy.click() failed because this element is not visible:\n\n<span class=\"color\"></span>\n\nThis element '<span.color>' is not visible because it has an effective width and height of: '0 x 0' pixels.\n\nFix this problem, or use {force: true} to disable error checking.\n\nhttps://on.cypress.io/element-cannot-be-interacted-with\n    at cypressErr (http://localhost:57026/__cypress/runner/cypress_runner.js:149934:9)\n    at throwErr (http://localhost:57026/__cypress/runner/cypress_runner.js:149867:11)\n    at Object.throwErrByPath (http://localhost:57026/__cypress/runner/cypress_runner.js:149915:3)\n    at Object.retry (http://localhost:57026/__cypress/runner/cypress_runner.js:144197:19)\n    at retryActionability (http://localhost:57026/__cypress/runner/cypress_runner.js:132052:19)\n    at tryCatcher (http://localhost:57026/__cypress/runner/cypress_runner.js:167415:23)\n    at Function.Promise.attempt.Promise.try (http://localhost:57026/__cypress/runner/cypress_runner.js:164690:29)\n    at tryFn (http://localhost:57026/__cypress/runner/cypress_runner.js:144661:21)\n    at whenStable (http://localhost:57026/__cypress/runner/cypress_runner.js:144696:12)\n    at http://localhost:57026/__cypress/runner/cypress_runner.js:144240:16\n    at tryCatcher (http://localhost:57026/__cypress/runner/cypress_runner.js:167415:23)\n    at Promise._settlePromiseFromHandler (http://localhost:57026/__cypress/runner/cypress_runner.js:165351:31)\n    at Promise._settlePromise (http://localhost:57026/__cypress/runner/cypress_runner.js:165408:18)\n    at Promise._settlePromise0 (http://localhost:57026/__cypress/runner/cypress_runner.js:165453:10)\n    at Promise._settlePromises (http://localhost:57026/__cypress/runner/cypress_runner.js:165532:18)\n    at Promise._fulfill (http://localhost:57026/__cypress/runner/cypress_runner.js:165477:18)",
                "diff": null
              },
              "uuid": "21b80eae-57d4-46d5-b8e5-36e898d08f2f",
              "parentUUID": "6451853b-b22d-4f05-923a-45d81a49d360",
              "isHook": false,
              "skipped": false
            },
            {
              "title": "Verifica se somente o pixel que foi clicado foi preenchido com a cor selecionada, sem influenciar na cor dos demais pixels.",
              "fullTitle": "8 - Clicar em um pixel dentro do quadro após selecionar uma cor na paleta, faz com que o pixel seja preenchido com a cor selecionada. Verifica se somente o pixel que foi clicado foi preenchido com a cor selecionada, sem influenciar na cor dos demais pixels.",
              "timedOut": null,
              "duration": 4485,
              "state": "failed",
              "speed": null,
              "pass": false,
              "fail": true,
              "pending": false,
              "context": null,
              "code": "var colorToPixelIndexMap = {\n  0: 6,\n  1: 8,\n  2: 16,\n  3: 18\n};\ncy.get('.color').each(function (color, index) {\n  cy.wrap(color).click();\n  var backgroundColor = color.css('background-color');\n  var clickedPixelIndex = colorToPixelIndexMap[index];\n  cy.get('.pixel').eq(clickedPixelIndex).click();\n  cy.get('.pixel').eq(clickedPixelIndex - 1).should('not.have.css', 'background-color', backgroundColor);\n  cy.get('.pixel').eq(clickedPixelIndex + 1).should('not.have.css', 'background-color', backgroundColor);\n  cy.get('.pixel').eq(clickedPixelIndex - 5).should('not.have.css', 'background-color', backgroundColor);\n  cy.get('.pixel').eq(clickedPixelIndex + 5).should('not.have.css', 'background-color', backgroundColor);\n  cy.get('.pixel').eq(clickedPixelIndex - 6).should('not.have.css', 'background-color', backgroundColor);\n  cy.get('.pixel').eq(clickedPixelIndex - 4).should('not.have.css', 'background-color', backgroundColor);\n  cy.get('.pixel').eq(clickedPixelIndex + 4).should('not.have.css', 'background-color', backgroundColor);\n  cy.get('.pixel').eq(clickedPixelIndex + 6).should('not.have.css', 'background-color', backgroundColor);\n});",
              "err": {
                "message": "CypressError: Timed out retrying: cy.click() failed because this element is not visible:\n\n<span class=\"color\"></span>\n\nThis element '<span.color>' is not visible because it has an effective width and height of: '0 x 0' pixels.\n\nFix this problem, or use {force: true} to disable error checking.\n\nhttps://on.cypress.io/element-cannot-be-interacted-with",
                "estack": "CypressError: Timed out retrying: cy.click() failed because this element is not visible:\n\n<span class=\"color\"></span>\n\nThis element '<span.color>' is not visible because it has an effective width and height of: '0 x 0' pixels.\n\nFix this problem, or use {force: true} to disable error checking.\n\nhttps://on.cypress.io/element-cannot-be-interacted-with\n    at cypressErr (http://localhost:57026/__cypress/runner/cypress_runner.js:149934:9)\n    at throwErr (http://localhost:57026/__cypress/runner/cypress_runner.js:149867:11)\n    at Object.throwErrByPath (http://localhost:57026/__cypress/runner/cypress_runner.js:149915:3)\n    at Object.retry (http://localhost:57026/__cypress/runner/cypress_runner.js:144197:19)\n    at retryActionability (http://localhost:57026/__cypress/runner/cypress_runner.js:132052:19)\n    at tryCatcher (http://localhost:57026/__cypress/runner/cypress_runner.js:167415:23)\n    at Function.Promise.attempt.Promise.try (http://localhost:57026/__cypress/runner/cypress_runner.js:164690:29)\n    at tryFn (http://localhost:57026/__cypress/runner/cypress_runner.js:144661:21)\n    at whenStable (http://localhost:57026/__cypress/runner/cypress_runner.js:144696:12)\n    at http://localhost:57026/__cypress/runner/cypress_runner.js:144240:16\n    at tryCatcher (http://localhost:57026/__cypress/runner/cypress_runner.js:167415:23)\n    at Promise._settlePromiseFromHandler (http://localhost:57026/__cypress/runner/cypress_runner.js:165351:31)\n    at Promise._settlePromise (http://localhost:57026/__cypress/runner/cypress_runner.js:165408:18)\n    at Promise._settlePromise0 (http://localhost:57026/__cypress/runner/cypress_runner.js:165453:10)\n    at Promise._settlePromises (http://localhost:57026/__cypress/runner/cypress_runner.js:165532:18)\n    at Promise._fulfill (http://localhost:57026/__cypress/runner/cypress_runner.js:165477:18)",
                "diff": null
              },
              "uuid": "91c9a7cb-6fdc-4d85-b878-cd6a8bd913f3",
              "parentUUID": "6451853b-b22d-4f05-923a-45d81a49d360",
              "isHook": false,
              "skipped": false
            }
          ],
          "suites": [],
          "passes": [],
          "failures": [
            "cb48cabc-1924-41b5-bdac-249d6534706f",
            "21b80eae-57d4-46d5-b8e5-36e898d08f2f",
            "91c9a7cb-6fdc-4d85-b878-cd6a8bd913f3"
          ],
          "pending": [],
          "skipped": [],
          "duration": 13375,
          "root": false,
          "rootEmpty": false,
          "_timeout": 2000
        },
        {
          "uuid": "5c6fb67a-d8a2-4d8a-890d-bb75fca770bf",
          "title": "9 - Crie um botão que, ao ser clicado, limpa o quadro preenchendo a cor de todos seus pixels com branco.",
          "fullFile": "",
          "file": "",
          "beforeHooks": [],
          "afterHooks": [],
          "tests": [
            {
              "title": "Verifica se o botão tem o `id` denominado `clear-board`",
              "fullTitle": "9 - Crie um botão que, ao ser clicado, limpa o quadro preenchendo a cor de todos seus pixels com branco. Verifica se o botão tem o `id` denominado `clear-board`",
              "timedOut": null,
              "duration": 4417,
              "state": "failed",
              "speed": null,
              "pass": false,
              "fail": true,
              "pending": false,
              "context": null,
              "code": "cy.get('#clear-board').should('be.visible');",
              "err": {
                "message": "CypressError: Timed out retrying: Expected to find element: '#clear-board', but never found it.",
                "estack": "CypressError: Timed out retrying: Expected to find element: '#clear-board', but never found it.\n    at cypressErr (http://localhost:57026/__cypress/runner/cypress_runner.js:149934:9)\n    at throwErr (http://localhost:57026/__cypress/runner/cypress_runner.js:149867:11)\n    at Object.throwErrByPath (http://localhost:57026/__cypress/runner/cypress_runner.js:149915:3)\n    at retry (http://localhost:57026/__cypress/runner/cypress_runner.js:144197:19)\n    at onFailFn (http://localhost:57026/__cypress/runner/cypress_runner.js:132448:16)\n    at tryCatcher (http://localhost:57026/__cypress/runner/cypress_runner.js:167415:23)\n    at Promise._settlePromiseFromHandler (http://localhost:57026/__cypress/runner/cypress_runner.js:165351:31)\n    at Promise._settlePromise (http://localhost:57026/__cypress/runner/cypress_runner.js:165408:18)\n    at Promise._settlePromise0 (http://localhost:57026/__cypress/runner/cypress_runner.js:165453:10)\n    at Promise._settlePromises (http://localhost:57026/__cypress/runner/cypress_runner.js:165528:18)\n    at Async../node_modules/bluebird/js/release/async.js.Async._drainQueue (http://localhost:57026/__cypress/runner/cypress_runner.js:162140:16)\n    at Async../node_modules/bluebird/js/release/async.js.Async._drainQueues (http://localhost:57026/__cypress/runner/cypress_runner.js:162150:10)\n    at Async.drainQueues (http://localhost:57026/__cypress/runner/cypress_runner.js:162024:14)",
                "diff": null
              },
              "uuid": "bc5b08c1-8821-41be-bab8-85670517a011",
              "parentUUID": "5c6fb67a-d8a2-4d8a-890d-bb75fca770bf",
              "isHook": false,
              "skipped": false
            },
            {
              "title": "Verifica se o botão está posicionado entre a paleta de cores e o quadro de pixels",
              "fullTitle": "9 - Crie um botão que, ao ser clicado, limpa o quadro preenchendo a cor de todos seus pixels com branco. Verifica se o botão está posicionado entre a paleta de cores e o quadro de pixels",
              "timedOut": null,
              "duration": 4387,
              "state": "failed",
              "speed": null,
              "pass": false,
              "fail": true,
              "pending": false,
              "context": null,
              "code": "cy.get('#color-palette').then(function (palette) {\n  cy.get('#clear-board').should('be.belowOf', palette);\n});\ncy.get('#clear-board').then(function (clearBtn) {\n  cy.get('#pixel-board').should('be.belowOf', clearBtn);\n});",
              "err": {
                "message": "CypressError: Timed out retrying: Expected to find element: '#clear-board', but never found it.",
                "estack": "CypressError: Timed out retrying: Expected to find element: '#clear-board', but never found it.\n    at cypressErr (http://localhost:57026/__cypress/runner/cypress_runner.js:149934:9)\n    at throwErr (http://localhost:57026/__cypress/runner/cypress_runner.js:149867:11)\n    at Object.throwErrByPath (http://localhost:57026/__cypress/runner/cypress_runner.js:149915:3)\n    at retry (http://localhost:57026/__cypress/runner/cypress_runner.js:144197:19)\n    at onFailFn (http://localhost:57026/__cypress/runner/cypress_runner.js:132448:16)\n    at tryCatcher (http://localhost:57026/__cypress/runner/cypress_runner.js:167415:23)\n    at Promise._settlePromiseFromHandler (http://localhost:57026/__cypress/runner/cypress_runner.js:165351:31)\n    at Promise._settlePromise (http://localhost:57026/__cypress/runner/cypress_runner.js:165408:18)\n    at Promise._settlePromise0 (http://localhost:57026/__cypress/runner/cypress_runner.js:165453:10)\n    at Promise._settlePromises (http://localhost:57026/__cypress/runner/cypress_runner.js:165528:18)\n    at Async../node_modules/bluebird/js/release/async.js.Async._drainQueue (http://localhost:57026/__cypress/runner/cypress_runner.js:162140:16)\n    at Async../node_modules/bluebird/js/release/async.js.Async._drainQueues (http://localhost:57026/__cypress/runner/cypress_runner.js:162150:10)\n    at Async.drainQueues (http://localhost:57026/__cypress/runner/cypress_runner.js:162024:14)",
                "diff": null
              },
              "uuid": "aea79eab-9312-4542-8acb-b37999fcc527",
              "parentUUID": "5c6fb67a-d8a2-4d8a-890d-bb75fca770bf",
              "isHook": false,
              "skipped": false
            },
            {
              "title": "Verifica se o texto do botão é 'Limpar'",
              "fullTitle": "9 - Crie um botão que, ao ser clicado, limpa o quadro preenchendo a cor de todos seus pixels com branco. Verifica se o texto do botão é 'Limpar'",
              "timedOut": null,
              "duration": 4417,
              "state": "failed",
              "speed": null,
              "pass": false,
              "fail": true,
              "pending": false,
              "context": null,
              "code": "cy.get('#clear-board').should('contain.text', 'Limpar');",
              "err": {
                "message": "CypressError: Timed out retrying: Expected to find element: '#clear-board', but never found it.",
                "estack": "CypressError: Timed out retrying: Expected to find element: '#clear-board', but never found it.\n    at cypressErr (http://localhost:57026/__cypress/runner/cypress_runner.js:149934:9)\n    at throwErr (http://localhost:57026/__cypress/runner/cypress_runner.js:149867:11)\n    at Object.throwErrByPath (http://localhost:57026/__cypress/runner/cypress_runner.js:149915:3)\n    at retry (http://localhost:57026/__cypress/runner/cypress_runner.js:144197:19)\n    at onFailFn (http://localhost:57026/__cypress/runner/cypress_runner.js:132448:16)\n    at tryCatcher (http://localhost:57026/__cypress/runner/cypress_runner.js:167415:23)\n    at Promise._settlePromiseFromHandler (http://localhost:57026/__cypress/runner/cypress_runner.js:165351:31)\n    at Promise._settlePromise (http://localhost:57026/__cypress/runner/cypress_runner.js:165408:18)\n    at Promise._settlePromise0 (http://localhost:57026/__cypress/runner/cypress_runner.js:165453:10)\n    at Promise._settlePromises (http://localhost:57026/__cypress/runner/cypress_runner.js:165528:18)\n    at Async../node_modules/bluebird/js/release/async.js.Async._drainQueue (http://localhost:57026/__cypress/runner/cypress_runner.js:162140:16)\n    at Async../node_modules/bluebird/js/release/async.js.Async._drainQueues (http://localhost:57026/__cypress/runner/cypress_runner.js:162150:10)\n    at Async.drainQueues (http://localhost:57026/__cypress/runner/cypress_runner.js:162024:14)",
                "diff": null
              },
              "uuid": "d0d8702c-2ab2-4540-8fdb-7a00323bc87c",
              "parentUUID": "5c6fb67a-d8a2-4d8a-890d-bb75fca770bf",
              "isHook": false,
              "skipped": false
            },
            {
              "title": "Verifica se ao clicar no botão, o quadro de pixels é totalmente preenchido de branco",
              "fullTitle": "9 - Crie um botão que, ao ser clicado, limpa o quadro preenchendo a cor de todos seus pixels com branco. Verifica se ao clicar no botão, o quadro de pixels é totalmente preenchido de branco",
              "timedOut": null,
              "duration": 4484,
              "state": "failed",
              "speed": null,
              "pass": false,
              "fail": true,
              "pending": false,
              "context": null,
              "code": "cy.get('.color').eq(1).then(function (color) {\n  var backgroundColor = color.css('background-color');\n  cy.wrap(color).click();\n  cy.get('.pixel').each(function (pixel) {\n    cy.wrap(pixel).click().should('have.css', 'background-color', backgroundColor);\n  });\n});\ncy.get('#clear-board').click();\ncy.get('.pixel').each(function (pixel) {\n  cy.wrap(pixel).should('have.css', 'background-color', WHITE);\n});",
              "err": {
                "message": "CypressError: Timed out retrying: cy.click() failed because this element is not visible:\n\n<span class=\"color\"></span>\n\nThis element '<span.color>' is not visible because it has an effective width and height of: '0 x 0' pixels.\n\nFix this problem, or use {force: true} to disable error checking.\n\nhttps://on.cypress.io/element-cannot-be-interacted-with",
                "estack": "CypressError: Timed out retrying: cy.click() failed because this element is not visible:\n\n<span class=\"color\"></span>\n\nThis element '<span.color>' is not visible because it has an effective width and height of: '0 x 0' pixels.\n\nFix this problem, or use {force: true} to disable error checking.\n\nhttps://on.cypress.io/element-cannot-be-interacted-with\n    at cypressErr (http://localhost:57026/__cypress/runner/cypress_runner.js:149934:9)\n    at throwErr (http://localhost:57026/__cypress/runner/cypress_runner.js:149867:11)\n    at Object.throwErrByPath (http://localhost:57026/__cypress/runner/cypress_runner.js:149915:3)\n    at Object.retry (http://localhost:57026/__cypress/runner/cypress_runner.js:144197:19)\n    at retryActionability (http://localhost:57026/__cypress/runner/cypress_runner.js:132052:19)\n    at tryCatcher (http://localhost:57026/__cypress/runner/cypress_runner.js:167415:23)\n    at Function.Promise.attempt.Promise.try (http://localhost:57026/__cypress/runner/cypress_runner.js:164690:29)\n    at tryFn (http://localhost:57026/__cypress/runner/cypress_runner.js:144661:21)\n    at whenStable (http://localhost:57026/__cypress/runner/cypress_runner.js:144696:12)\n    at http://localhost:57026/__cypress/runner/cypress_runner.js:144240:16\n    at tryCatcher (http://localhost:57026/__cypress/runner/cypress_runner.js:167415:23)\n    at Promise._settlePromiseFromHandler (http://localhost:57026/__cypress/runner/cypress_runner.js:165351:31)\n    at Promise._settlePromise (http://localhost:57026/__cypress/runner/cypress_runner.js:165408:18)\n    at Promise._settlePromise0 (http://localhost:57026/__cypress/runner/cypress_runner.js:165453:10)\n    at Promise._settlePromises (http://localhost:57026/__cypress/runner/cypress_runner.js:165532:18)\n    at Promise._fulfill (http://localhost:57026/__cypress/runner/cypress_runner.js:165477:18)",
                "diff": null
              },
              "uuid": "4272c51b-e6e6-4915-b658-5ae4a1e16c6b",
              "parentUUID": "5c6fb67a-d8a2-4d8a-890d-bb75fca770bf",
              "isHook": false,
              "skipped": false
            }
          ],
          "suites": [],
          "passes": [],
          "failures": [
            "bc5b08c1-8821-41be-bab8-85670517a011",
            "aea79eab-9312-4542-8acb-b37999fcc527",
            "d0d8702c-2ab2-4540-8fdb-7a00323bc87c",
            "4272c51b-e6e6-4915-b658-5ae4a1e16c6b"
          ],
          "pending": [],
          "skipped": [],
          "duration": 17705,
          "root": false,
          "rootEmpty": false,
          "_timeout": 2000
        },
        {
          "uuid": "cff13cb1-66bd-4f49-8105-c5c20663d3cd",
          "title": "10 - Faça o quadro de pixels ter seu tamanho definido pelo usuário.",
          "fullFile": "",
          "file": "",
          "beforeHooks": [],
          "afterHooks": [],
          "tests": [
            {
              "title": "Verifica se existe um input com o id `board-size`",
              "fullTitle": "10 - Faça o quadro de pixels ter seu tamanho definido pelo usuário. Verifica se existe um input com o id `board-size`",
              "timedOut": null,
              "duration": 4384,
              "state": "failed",
              "speed": null,
              "pass": false,
              "fail": true,
              "pending": false,
              "context": null,
              "code": "cy.get('#board-size').should('be.visible');",
              "err": {
                "message": "CypressError: Timed out retrying: Expected to find element: '#board-size', but never found it.",
                "estack": "CypressError: Timed out retrying: Expected to find element: '#board-size', but never found it.\n    at cypressErr (http://localhost:57026/__cypress/runner/cypress_runner.js:149934:9)\n    at throwErr (http://localhost:57026/__cypress/runner/cypress_runner.js:149867:11)\n    at Object.throwErrByPath (http://localhost:57026/__cypress/runner/cypress_runner.js:149915:3)\n    at retry (http://localhost:57026/__cypress/runner/cypress_runner.js:144197:19)\n    at onFailFn (http://localhost:57026/__cypress/runner/cypress_runner.js:132448:16)\n    at tryCatcher (http://localhost:57026/__cypress/runner/cypress_runner.js:167415:23)\n    at Promise._settlePromiseFromHandler (http://localhost:57026/__cypress/runner/cypress_runner.js:165351:31)\n    at Promise._settlePromise (http://localhost:57026/__cypress/runner/cypress_runner.js:165408:18)\n    at Promise._settlePromise0 (http://localhost:57026/__cypress/runner/cypress_runner.js:165453:10)\n    at Promise._settlePromises (http://localhost:57026/__cypress/runner/cypress_runner.js:165528:18)\n    at Async../node_modules/bluebird/js/release/async.js.Async._drainQueue (http://localhost:57026/__cypress/runner/cypress_runner.js:162140:16)\n    at Async../node_modules/bluebird/js/release/async.js.Async._drainQueues (http://localhost:57026/__cypress/runner/cypress_runner.js:162150:10)\n    at Async.drainQueues (http://localhost:57026/__cypress/runner/cypress_runner.js:162024:14)",
                "diff": null
              },
              "uuid": "37cf150c-ad6e-4b9b-aea6-a29322313004",
              "parentUUID": "cff13cb1-66bd-4f49-8105-c5c20663d3cd",
              "isHook": false,
              "skipped": false
            },
            {
              "title": "Verifica se existe um botão com o id `generate-board`",
              "fullTitle": "10 - Faça o quadro de pixels ter seu tamanho definido pelo usuário. Verifica se existe um botão com o id `generate-board`",
              "timedOut": null,
              "duration": 4384,
              "state": "failed",
              "speed": null,
              "pass": false,
              "fail": true,
              "pending": false,
              "context": null,
              "code": "cy.get('#generate-board').should('be.visible');",
              "err": {
                "message": "CypressError: Timed out retrying: Expected to find element: '#generate-board', but never found it.",
[...]
                "diff": null
              },
              "uuid": "a4202e66-984a-46ee-a6f4-b811456c5f4a",
              "parentUUID": "cff13cb1-66bd-4f49-8105-c5c20663d3cd",
              "isHook": false,
              "skipped": false
            },
            {
              "title": "Verifica se o novo quadro tem todos os pixels preenchidos com a cor branca",
              "fullTitle": "10 - Faça o quadro de pixels ter seu tamanho definido pelo usuário. Verifica se o novo quadro tem todos os pixels preenchidos com a cor branca",
              "timedOut": null,
              "duration": 4412,
              "state": "failed",
              "speed": null,
              "pass": false,
              "fail": true,
              "pending": false,
              "context": null,
              "code": "cy.get('#board-size').clear().type(6);\ncy.get('#generate-board').click();\ncy.get('.pixel').should('have.length', 36).each(function (pixel) {\n  expect(pixel).to.have.css('background-color', WHITE);\n});",
              "err": {
                "message": "CypressError: Timed out retrying: Expected to find element: '#board-size', but never found it.",
                "estack": "CypressError: Timed out retrying: Expected to find element: '#board-size', but never found it.\n    at cypressErr (http://localhost:57026/__cypress/runner/cypress_runner.js:149934:9)\n    at throwErr (http://localhost:57026/__cypress/runner/cypress_runner.js:149867:11)\n    at Object.throwErrByPath (http://localhost:57026/__cypress/runner/cypress_runner.js:149915:3)\n    at retry (http://localhost:57026/__cypress/runner/cypress_runner.js:144197:19)\n    at onFailFn (http://localhost:57026/__cypress/runner/cypress_runner.js:132448:16)\n    at tryCatcher (http://localhost:57026/__cypress/runner/cypress_runner.js:167415:23)\n    at Promise._settlePromiseFromHandler (http://localhost:57026/__cypress/runner/cypress_runner.js:165351:31)\n    at Promise._settlePromise (http://localhost:57026/__cypress/runner/cypress_runner.js:165408:18)\n    at Promise._settlePromise0 (http://localhost:57026/__cypress/runner/cypress_runner.js:165453:10)\n    at Promise._settlePromises (http://localhost:57026/__cypress/runner/cypress_runner.js:165528:18)\n    at Async../node_modules/bluebird/js/release/async.js.Async._drainQueue (http://localhost:57026/__cypress/runner/cypress_runner.js:162140:16)\n    at Async../node_modules/bluebird/js/release/async.js.Async._drainQueues (http://localhost:57026/__cypress/runner/cypress_runner.js:162150:10)\n    at Async.drainQueues (http://localhost:57026/__cypress/runner/cypress_runner.js:162024:14)",
                "diff": null
              },
              "uuid": "c468b44e-65e7-489b-947d-5197c95e53a1",
              "parentUUID": "cff13cb1-66bd-4f49-8105-c5c20663d3cd",
              "isHook": false,
              "skipped": false
            }
          ],
          "suites": [],
          "passes": [],
          "failures": [
            "37cf150c-ad6e-4b9b-aea6-a29322313004",
            "7d36b5ce-a282-4a2e-90df-e7c12cc57788",
            "8744ba2c-8c37-45f7-8155-4df628bf73af",
            "4798cd6d-12d4-434d-b284-ac83207554ff",
            "3ca22e93-caef-4712-b4c6-e47d2ee12eaa",
            "bbd972a5-da6d-48c8-8df5-9be4f84043d0",
            "a8807339-8e13-4177-90f1-b27795310d11",
            "a4202e66-984a-46ee-a6f4-b811456c5f4a",
            "c468b44e-65e7-489b-947d-5197c95e53a1"
          ],
          "pending": [],
          "skipped": [],
          "duration": 39556,
          "root": false,
          "rootEmpty": false,
          "_timeout": 2000
        },
        {
          "uuid": "280d71cf-ad89-495c-aece-777546f46e9e",
          "title": "11 - Limite o tamanho mínimo e máximo do board.",
          "fullFile": "",
          "file": "",
          "beforeHooks": [],
          "afterHooks": [],
          "tests": [
            {
              "title": "Verifica se a altura máxima do board é 50",
              "fullTitle": "11 - Limite o tamanho mínimo e máximo do board. Verifica se a altura máxima do board é 50",
              "timedOut": null,
              "duration": 4383,
              "state": "failed",
              "speed": null,
              "pass": false,
              "fail": true,
              "pending": false,
              "context": null,
              "code": "cy.get('#board-size').clear().type(50);\ncy.get('#generate-board').click();\ncy.get('.pixel').should('have.length', 2500);",
              "err": {
                "message": "CypressError: Timed out retrying: Expected to find element: '#board-size', but never found it.",
                "estack": "CypressError: Timed out retrying: Expected to find element: '#board-size', but never found it.\n    at cypressErr (http://localhost:57026/__cypress/runner/cypress_runner.js:149934:9)\n    at throwErr (http://localhost:57026/__cypress/runner/cypress_runner.js:149867:11)\n    at Object.throwErrByPath (http://localhost:57026/__cypress/runner/cypress_runner.js:149915:3)\n    at retry (http://localhost:57026/__cypress/runner/cypress_runner.js:144197:19)\n    at onFailFn (http://localhost:57026/__cypress/runner/cypress_runner.js:132448:16)\n    at tryCatcher (http://localhost:57026/__cypress/runner/cypress_runner.js:167415:23)\n    at Promise._settlePromiseFromHandler (http://localhost:57026/__cypress/runner/cypress_runner.js:165351:31)\n    at Promise._settlePromise (http://localhost:57026/__cypress/runner/cypress_runner.js:165408:18)\n    at Promise._settlePromise0 (http://localhost:57026/__cypress/runner/cypress_runner.js:165453:10)\n    at Promise._settlePromises (http://localhost:57026/__cypress/runner/cypress_runner.js:165528:18)\n    at Async../node_modules/bluebird/js/release/async.js.Async._drainQueue (http://localhost:57026/__cypress/runner/cypress_runner.js:162140:16)\n    at Async../node_modules/bluebird/js/release/async.js.Async._drainQueues (http://localhost:57026/__cypress/runner/cypress_runner.js:162150:10)\n    at Async.drainQueues (http://localhost:57026/__cypress/runner/cypress_runner.js:162024:14)",
                "diff": null
              },
              "uuid": "dd1b189b-9841-4351-bf93-4539c4f46283",
              "parentUUID": "280d71cf-ad89-495c-aece-777546f46e9e",
              "isHook": false,
              "skipped": false
            },
            {
              "title": "Verifica se a altura do board é 5 quando um valor menor é colocado no input",
              "fullTitle": "11 - Limite o tamanho mínimo e máximo do board. Verifica se a altura do board é 5 quando um valor menor é colocado no input",
              "timedOut": null,
              "duration": 4443,
              "state": "failed",
              "speed": null,
              "pass": false,
              "fail": true,
              "pending": false,
              "context": null,
              "code": "cy.get('#board-size').clear().type(4);\ncy.get('#generate-board').click();\ncy.get('.pixel').should('have.length', 25);",
              "err": {
                "message": "CypressError: Timed out retrying: Expected to find element: '#board-size', but never found it.",
                "estack": "CypressError: Timed out retrying: Expected to find element: '#board-size', but never found it.\n    at cypressErr (http://localhost:57026/__cypress/runner/cypress_runner.js:149934:9)\n    at throwErr (http://localhost:57026/__cypress/runner/cypress_runner.js:149867:11)\n    at Object.throwErrByPath (http://localhost:57026/__cypress/runner/cypress_runner.js:149915:3)\n    at retry (http://localhost:57026/__cypress/runner/cypress_runner.js:144197:19)\n    at onFailFn (http://localhost:57026/__cypress/runner/cypress_runner.js:132448:16)\n    at tryCatcher (http://localhost:57026/__cypress/runner/cypress_runner.js:167415:23)\n    at Promise._settlePromiseFromHandler (http://localhost:57026/__cypress/runner/cypress_runner.js:165351:31)\n    at Promise._settlePromise (http://localhost:57026/__cypress/runner/cypress_runner.js:165408:18)\n    at Promise._settlePromise0 (http://localhost:57026/__cypress/runner/cypress_runner.js:165453:10)\n    at Promise._settlePromises (http://localhost:57026/__cypress/runner/cypress_runner.js:165528:18)\n    at Async../node_modules/bluebird/js/release/async.js.Async._drainQueue (http://localhost:57026/__cypress/runner/cypress_runner.js:162140:16)\n    at Async../node_modules/bluebird/js/release/async.js.Async._drainQueues (http://localhost:57026/__cypress/runner/cypress_runner.js:162150:10)\n    at Async.drainQueues (http://localhost:57026/__cypress/runner/cypress_runner.js:162024:14)",
                "diff": null
              },
              "uuid": "d6f93b1e-9f72-49f1-9d33-080c43eebe9a",
              "parentUUID": "280d71cf-ad89-495c-aece-777546f46e9e",
              "isHook": false,
              "skipped": false
            },
            {
              "title": "Verifica se a altura do board é 50 quando um valor maior é colocado no input",
              "fullTitle": "11 - Limite o tamanho mínimo e máximo do board. Verifica se a altura do board é 50 quando um valor maior é colocado no input",
              "timedOut": null,
              "duration": 4382,
              "state": "failed",
              "speed": null,
              "pass": false,
              "fail": true,
              "pending": false,
              "context": null,
              "code": "cy.get('#board-size').clear().type(51);\ncy.get('#generate-board').click();\ncy.get('.pixel').should('have.length', 2500);",
              "err": {
                "message": "CypressError: Timed out retrying: Expected to find element: '#board-size', but never found it.",
                "estack": "CypressError: Timed out retrying: Expected to find element: '#board-size', but never found it.\n    at cypressErr (http://localhost:57026/__cypress/runner/cypress_runner.js:149934:9)\n    at throwErr (http://localhost:57026/__cypress/runner/cypress_runner.js:149867:11)\n    at Object.throwErrByPath (http://localhost:57026/__cypress/runner/cypress_runner.js:149915:3)\n    at retry (http://localhost:57026/__cypress/runner/cypress_runner.js:144197:19)\n    at onFailFn (http://localhost:57026/__cypress/runner/cypress_runner.js:132448:16)\n    at tryCatcher (http://localhost:57026/__cypress/runner/cypress_runner.js:167415:23)\n    at Promise._settlePromiseFromHandler (http://localhost:57026/__cypress/runner/cypress_runner.js:165351:31)\n    at Promise._settlePromise (http://localhost:57026/__cypress/runner/cypress_runner.js:165408:18)\n    at Promise._settlePromise0 (http://localhost:57026/__cypress/runner/cypress_runner.js:165453:10)\n    at Promise._settlePromises (http://localhost:57026/__cypress/runner/cypress_runner.js:165528:18)\n    at Async../node_modules/bluebird/js/release/async.js.Async._drainQueue (http://localhost:57026/__cypress/runner/cypress_runner.js:162140:16)\n    at Async../node_modules/bluebird/js/release/async.js.Async._drainQueues (http://localhost:57026/__cypress/runner/cypress_runner.js:162150:10)\n    at Async.drainQueues (http://localhost:57026/__cypress/runner/cypress_runner.js:162024:14)",
                "diff": null
              },
              "uuid": "20345a1b-1874-4ecf-aaac-8e712e72e33f",
              "parentUUID": "280d71cf-ad89-495c-aece-777546f46e9e",
              "isHook": false,
              "skipped": false
            }
          ],
          "suites": [],
          "passes": [],
          "failures": [
            "dd1b189b-9841-4351-bf93-4539c4f46283",
            "d6f93b1e-9f72-49f1-9d33-080c43eebe9a",
            "20345a1b-1874-4ecf-aaac-8e712e72e33f"
          ],
          "pending": [],
          "skipped": [],
          "duration": 13208,
          "root": false,
          "rootEmpty": false,
          "_timeout": 2000
        },
        {
          "uuid": "22877604-dbcd-4022-a84f-f7c6f1445498",
          "title": "12 - Faça com que as cores da paleta sejam geradas aleatoriamente ao carregar a página.",
          "fullFile": "",
          "file": "",
          "beforeHooks": [],
          "afterHooks": [],
          "tests": [
            {
              "title": "Verifica se as cores geradas na paleta são diferentes a cada carregamento da página",
              "fullTitle": "12 - Faça com que as cores da paleta sejam geradas aleatoriamente ao carregar a página. Verifica se as cores geradas na paleta são diferentes a cada carregamento da página",
              "timedOut": null,
              "duration": 470,
              "state": "failed",
              "speed": null,
              "pass": false,
              "fail": true,
              "pending": false,
              "context": null,
              "code": "cy.get('.color').then(function (colors) {\n  var currentColors;\n  var previousColors;\n  previousColors = Array.from(colors).map(function (color) {\n    return Cypress.$(color).css('background-color');\n  });\n  for (var i = 0; i < 5; i += 1) {\n    cy.reload();\n    cy.get('.color').then(function (colors) {\n      currentColors = Array.from(colors).map(function (color) {\n        return Cypress.$(color).css('background-color');\n      });\n      expect(currentColors).not.to.deep.equal(previousColors);\n      previousColors = currentColors;\n    });\n  }\n});",
              "err": {
                "message": "AssertionError: expected [ Array(4) ] to not deeply equal [ Array(4) ]",
                "estack": "AssertionError: expected [ Array(4) ] to not deeply equal [ Array(4) ]\n    at getRet (http://localhost:57026/__cypress/runner/cypress_runner.js:136585:16)\n    at tryCatcher (http://localhost:57026/__cypress/runner/cypress_runner.js:167415:23)\n    at Function.Promise.attempt.Promise.try (http://localhost:57026/__cypress/runner/cypress_runner.js:164690:29)\n    at Context.thenFn (http://localhost:57026/__cypress/runner/cypress_runner.js:136599:23)\n    at Context.then (http://localhost:57026/__cypress/runner/cypress_runner.js:136971:21)\n    at Context.<anonymous> (http://localhost:57026/__cypress/runner/cypress_runner.js:148875:21)\n    at http://localhost:57026/__cypress/runner/cypress_runner.js:148351:33\n    at tryCatcher (http://localhost:57026/__cypress/runner/cypress_runner.js:167415:23)\n    at Promise._settlePromiseFromHandler (http://localhost:57026/__cypress/runner/cypress_runner.js:165351:31)\n    at Promise._settlePromise (http://localhost:57026/__cypress/runner/cypress_runner.js:165408:18)\n    at Promise._settlePromiseCtx (http://localhost:57026/__cypress/runner/cypress_runner.js:165445:10)\n    at Async../node_modules/bluebird/js/release/async.js.Async._drainQueue (http://localhost:57026/__cypress/runner/cypress_runner.js:162145:12)\n    at Async../node_modules/bluebird/js/release/async.js.Async._drainQueues (http://localhost:57026/__cypress/runner/cypress_runner.js:162150:10)\n    at Async.drainQueues (http://localhost:57026/__cypress/runner/cypress_runner.js:162024:14)",
                "diff": ""
              },
              "uuid": "0c32e056-3735-4d7d-be78-b9cbecaba053",
              "parentUUID": "22877604-dbcd-4022-a84f-f7c6f1445498",
              "isHook": false,
              "skipped": false
            },
            {
              "title": "Verifica se a cor preta ainda está presente e é a primeira na sua paleta de cores",
              "fullTitle": "12 - Faça com que as cores da paleta sejam geradas aleatoriamente ao carregar a página. Verifica se a cor preta ainda está presente e é a primeira na sua paleta de cores",
              "timedOut": null,
              "duration": 393,
              "state": "failed",
              "speed": null,
              "pass": false,
              "fail": true,
              "pending": false,
              "context": null,
              "code": "cy.get('.color').then(function (colors) {\n  var currentColors;\n  var previousColors;\n  previousColors = Array.from(colors).map(function (color) {\n    return Cypress.$(color).css('background-color');\n  });\n  expect(previousColors[0]).to.eq(BLACK);\n  for (var i = 0; i < 5; i += 1) {\n    cy.reload();\n    cy.get('.color').then(function (colors) {\n      currentColors = Array.from(colors).map(function (color) {\n        return Cypress.$(color).css('background-color');\n      });\n      expect(currentColors[0]).to.eq(BLACK);\n      expect(currentColors).not.to.deep.equal(previousColors);\n      previousColors = currentColors;\n    });\n  }\n});",
              "err": {
                "message": "AssertionError: expected 'rgba(0, 0, 0, 0)' to equal 'rgb(0, 0, 0)'",
                "estack": "AssertionError: expected 'rgba(0, 0, 0, 0)' to equal 'rgb(0, 0, 0)'\n    at getRet (http://localhost:57026/__cypress/runner/cypress_runner.js:136585:16)\n    at tryCatcher (http://localhost:57026/__cypress/runner/cypress_runner.js:167415:23)\n    at Function.Promise.attempt.Promise.try (http://localhost:57026/__cypress/runner/cypress_runner.js:164690:29)\n    at Context.thenFn (http://localhost:57026/__cypress/runner/cypress_runner.js:136599:23)\n    at Context.then (http://localhost:57026/__cypress/runner/cypress_runner.js:136971:21)\n    at Context.<anonymous> (http://localhost:57026/__cypress/runner/cypress_runner.js:148875:21)\n    at http://localhost:57026/__cypress/runner/cypress_runner.js:148351:33\n    at tryCatcher (http://localhost:57026/__cypress/runner/cypress_runner.js:167415:23)\n    at Promise._settlePromiseFromHandler (http://localhost:57026/__cypress/runner/cypress_runner.js:165351:31)\n    at Promise._settlePromise (http://localhost:57026/__cypress/runner/cypress_runner.js:165408:18)\n    at Promise._settlePromiseCtx (http://localhost:57026/__cypress/runner/cypress_runner.js:165445:10)\n    at Async../node_modules/bluebird/js/release/async.js.Async._drainQueue (http://localhost:57026/__cypress/runner/cypress_runner.js:162145:12)\n    at Async../node_modules/bluebird/js/release/async.js.Async._drainQueues (http://localhost:57026/__cypress/runner/cypress_runner.js:162150:10)\n    at Async.drainQueues (http://localhost:57026/__cypress/runner/cypress_runner.js:162024:14)",
                "diff": "- 'rgba(0, 0, 0, 0)'\n+ 'rgb(0, 0, 0)'\n"
              },
              "uuid": "f5c8f950-6c40-4371-8634-409f9d0d3c91",
              "parentUUID": "22877604-dbcd-4022-a84f-f7c6f1445498",
              "isHook": false,
              "skipped": false
            }
          ],
          "suites": [],
          "passes": [],
          "failures": [
            "0c32e056-3735-4d7d-be78-b9cbecaba053",
            "f5c8f950-6c40-4371-8634-409f9d0d3c91"
          ],
          "pending": [],
          "skipped": [],
          "duration": 863,
          "root": false,
          "rootEmpty": false,
          "_timeout": 2000
        }
      ],
      "passes": [],
      "failures": [],
      "pending": [],
      "skipped": [],
      "duration": 0,
      "root": true,
      "rootEmpty": true,
      "_timeout": 2000
    }
  ],
  "meta": {
    "mocha": {
      "version": "7.0.1"
    },
    "mochawesome": {
      "options": {
        "quiet": false,
        "reportFilename": "mochawesome",
        "saveHtml": false,
        "saveJson": true,
        "consoleReporter": "spec",
        "useInlineDiffs": false
      },
      "version": "4.1.0"
    },
    "marge": {
      "options": {
        "id": "default",
        "reportDir": "cypress/reports",
        "overwrite": true,
        "html": false,
        "json": true
      },
      "version": "4.1.0"
    }
  }
}