{
  "stats": {
    "suites": 12,
    "tests": 41,
    "passes": 25,
    "pending": 0,
    "failures": 16,
    "start": "2021-07-13T15:12:45.586Z",
    "end": "2021-07-13T15:14:03.948Z",
    "duration": 78362,
    "testsRegistered": 41,
    "passPercent": 60.97560975609756,
    "pendingPercent": 0,
    "other": 0,
    "hasOther": false,
    "skipped": 0,
    "hasSkipped": false
  },
  "results": [
    {
      "uuid": "721ce117-53ca-47ac-a17a-0472022621d0",
      "title": "",
      "fullFile": "cypress/integration/project.spec.js",
      "file": "cypress/integration/project.spec.js",
      "beforeHooks": [],
      "afterHooks": [],
      "tests": [],
      "suites": [
        {
          "uuid": "192c21b8-5989-41ee-9dc2-0a971d4f4b5d",
          "title": "1 - Adicione à página o título \"Paleta de Cores\".",
          "fullFile": "",
          "file": "",
          "beforeHooks": [],
          "afterHooks": [],
          "tests": [
            {
              "title": "Verifica se contém um elemento `h1` com o id `title` com o título correto",
              "fullTitle": "1 - Adicione à página o título \"Paleta de Cores\". Verifica se contém um elemento `h1` com o id `title` com o título correto",
              "timedOut": null,
              "duration": 169,
              "state": "passed",
              "speed": "slow",
              "pass": true,
              "fail": false,
              "pending": false,
              "context": null,
              "code": "cy.get('h1#title').should('contain.text', 'Paleta de Cores');",
              "err": {},
              "uuid": "fa07f683-7a9c-4755-b1d1-8167e55f3d43",
              "parentUUID": "192c21b8-5989-41ee-9dc2-0a971d4f4b5d",
              "isHook": false,
              "skipped": false
            }
          ],
          "suites": [],
          "passes": [
            "fa07f683-7a9c-4755-b1d1-8167e55f3d43"
          ],
          "failures": [],
          "pending": [],
          "skipped": [],
          "duration": 169,
          "root": false,
          "rootEmpty": false,
          "_timeout": 2000
        },
        {
          "uuid": "0444dd86-3137-4f65-af10-60e8ec6c85c7",
          "title": "2 - Adicione à página uma paleta de quatro cores distintas.",
          "fullFile": "",
          "file": "",
          "beforeHooks": [],
          "afterHooks": [],
          "tests": [
            {
              "title": "A paleta de cores deve ser um elemento com `id` denominado `color-palette`",
              "fullTitle": "2 - Adicione à página uma paleta de quatro cores distintas. A paleta de cores deve ser um elemento com `id` denominado `color-palette`",
              "timedOut": null,
              "duration": 71,
              "state": "passed",
              "speed": "medium",
              "pass": true,
              "fail": false,
              "pending": false,
              "context": null,
              "code": "cy.get('#color-palette').should('be.visible');",
              "err": {},
              "uuid": "10659726-6ebe-4632-b445-9181c001f6c7",
              "parentUUID": "0444dd86-3137-4f65-af10-60e8ec6c85c7",
              "isHook": false,
              "skipped": false
            },
            {
              "title": "Verifica se cada cor individual da paleta de cores possui a `classe` chamada `color`.",
              "fullTitle": "2 - Adicione à página uma paleta de quatro cores distintas. Verifica se cada cor individual da paleta de cores possui a `classe` chamada `color`.",
              "timedOut": null,
              "duration": 132,
              "state": "passed",
              "speed": "slow",
              "pass": true,
              "fail": false,
              "pending": false,
              "context": null,
              "code": "cy.get('.color').should('have.length', 4).then(function (colors) {\n  for (var i = 0; i < colors.length; i++) {\n    cy.wrap(colors[i]).should('be.visible');\n  }\n});",
              "err": {},
              "uuid": "3620bb78-1026-428e-8bdc-08424fbe370d",
              "parentUUID": "0444dd86-3137-4f65-af10-60e8ec6c85c7",
              "isHook": false,
              "skipped": false
            },
            {
              "title": "Verifica se a cor de fundo de cada elemento da paleta é a cor que o elemento representa. **A única cor não permitida na paleta é a cor branca.**",
              "fullTitle": "2 - Adicione à página uma paleta de quatro cores distintas. Verifica se a cor de fundo de cada elemento da paleta é a cor que o elemento representa. **A única cor não permitida na paleta é a cor branca.**",
              "timedOut": null,
              "duration": 113,
              "state": "passed",
              "speed": "slow",
              "pass": true,
              "fail": false,
              "pending": false,
              "context": null,
              "code": "cy.get('.color').each(function (color) {\n  cy.wrap(color).should('have.class', 'color').and('not.have.css', 'background-color', WHITE);\n  cy.wrap(color).should('have.css', 'background-color');\n});",
              "err": {},
              "uuid": "d0f56e7a-6e07-4690-b111-93763973d6c4",
              "parentUUID": "0444dd86-3137-4f65-af10-60e8ec6c85c7",
              "isHook": false,
              "skipped": false
            },
            {
              "title": "Verifica se cada elemento da paleta de cores tem uma borda preta, sólida e com 1 pixel de largura;",
              "fullTitle": "2 - Adicione à página uma paleta de quatro cores distintas. Verifica se cada elemento da paleta de cores tem uma borda preta, sólida e com 1 pixel de largura;",
              "timedOut": null,
              "duration": 130,
              "state": "passed",
              "speed": "slow",
              "pass": true,
              "fail": false,
              "pending": false,
              "context": null,
              "code": "cy.get('.color').each(function (color) {\n  cy.wrap(color).and('have.css', 'border', \"1px solid \".concat(BLACK)).and('have.class', 'color');\n});",
              "err": {},
              "uuid": "5cfbf5fb-ee5d-45a8-a8cf-8b14d6410671",
              "parentUUID": "0444dd86-3137-4f65-af10-60e8ec6c85c7",
              "isHook": false,
              "skipped": false
            },
            {
              "title": "Verifica se a paleta lista todas as cores disponíveis para utilização, lado a lado.",
              "fullTitle": "2 - Adicione à página uma paleta de quatro cores distintas. Verifica se a paleta lista todas as cores disponíveis para utilização, lado a lado.",
              "timedOut": null,
              "duration": 133,
              "state": "passed",
              "speed": "slow",
              "pass": true,
              "fail": false,
              "pending": false,
              "context": null,
              "code": "cy.get('.color').then(function (colors) {\n  for (var index = 1; index < colors.length; index += 1) {\n    var currentColor = colors[index];\n    var previousColor = colors[index - 1];\n    cy.wrap(currentColor).should('be.onTheRightOf', previousColor).and('be.horizontallyAlignedWith', previousColor);\n  }\n});",
              "err": {},
              "uuid": "50c69410-900c-4c1b-b263-6e02dd1eafd8",
              "parentUUID": "0444dd86-3137-4f65-af10-60e8ec6c85c7",
              "isHook": false,
              "skipped": false
            },
            {
              "title": "Verifica se a paleta de cores está posicionada abaixo do título 'Paleta de Cores'",
              "fullTitle": "2 - Adicione à página uma paleta de quatro cores distintas. Verifica se a paleta de cores está posicionada abaixo do título 'Paleta de Cores'",
              "timedOut": null,
              "duration": 119,
              "state": "passed",
              "speed": "slow",
              "pass": true,
              "fail": false,
              "pending": false,
              "context": null,
              "code": "cy.get('h1#title').then(function (title) {\n  cy.get('#color-palette').should('be.belowOf', title);\n});",
              "err": {},
              "uuid": "a495c30b-8c01-4562-830e-449eaca8f4f1",
              "parentUUID": "0444dd86-3137-4f65-af10-60e8ec6c85c7",
              "isHook": false,
              "skipped": false
            },
            {
              "title": "Verifica se a paleta de cores não contém cores repetidas.",
              "fullTitle": "2 - Adicione à página uma paleta de quatro cores distintas. Verifica se a paleta de cores não contém cores repetidas.",
              "timedOut": null,
              "duration": 70,
              "state": "passed",
              "speed": "medium",
              "pass": true,
              "fail": false,
              "pending": false,
              "context": null,
              "code": "cy.get('.color').then(function (colors) {\n  var allColors = Array.from(colors).map(function (color) {\n    return Cypress.$(color).css('background-color');\n  });\n  cy.log(allColors);\n  var uniqColors = (0, _toConsumableArray2[\"default\"])(new Set(allColors));\n  cy.log(uniqColors);\n  expect(allColors.length).to.eq(uniqColors.length);\n});",
              "err": {},
              "uuid": "30489f14-2b65-40a9-96db-f6e140a66c83",
              "parentUUID": "0444dd86-3137-4f65-af10-60e8ec6c85c7",
              "isHook": false,
              "skipped": false
            }
          ],
          "suites": [],
          "passes": [
            "10659726-6ebe-4632-b445-9181c001f6c7",
            "3620bb78-1026-428e-8bdc-08424fbe370d",
            "d0f56e7a-6e07-4690-b111-93763973d6c4",
            "5cfbf5fb-ee5d-45a8-a8cf-8b14d6410671",
            "50c69410-900c-4c1b-b263-6e02dd1eafd8",
            "a495c30b-8c01-4562-830e-449eaca8f4f1",
            "30489f14-2b65-40a9-96db-f6e140a66c83"
          ],
          "failures": [],
          "pending": [],
          "skipped": [],
          "duration": 768,
          "root": false,
          "rootEmpty": false,
          "_timeout": 2000
        },
        {
          "uuid": "d062404b-4822-44fb-9d27-1019b107d943",
          "title": "3 - Adicione a cor **preta** como a primeira cor da paleta de cores.",
          "fullFile": "",
          "file": "",
          "beforeHooks": [],
          "afterHooks": [],
          "tests": [
            {
              "title": "Verifica se a primeira cor da paleta é preta",
              "fullTitle": "3 - Adicione a cor **preta** como a primeira cor da paleta de cores. Verifica se a primeira cor da paleta é preta",
              "timedOut": null,
              "duration": 81,
              "state": "passed",
              "speed": "slow",
              "pass": true,
              "fail": false,
              "pending": false,
              "context": null,
              "code": "cy.get('.color').first().should('have.css', 'background-color', BLACK);",
              "err": {},
              "uuid": "9eb28668-471d-4164-90f8-6ef7d5b927c9",
              "parentUUID": "d062404b-4822-44fb-9d27-1019b107d943",
              "isHook": false,
              "skipped": false
            },
            {
              "title": "Verifica se as demais cores podem ser escolhidas livremente.",
              "fullTitle": "3 - Adicione a cor **preta** como a primeira cor da paleta de cores. Verifica se as demais cores podem ser escolhidas livremente.",
              "timedOut": null,
              "duration": 161,
              "state": "passed",
              "speed": "slow",
              "pass": true,
              "fail": false,
              "pending": false,
              "context": null,
              "code": "cy.get('.color').eq(1).should('not.have.css', 'background-color', BLACK);\ncy.get('.color').eq(1).should('not.have.css', 'background-color', WHITE);\ncy.get('.color').eq(1).should('not.have.css', 'background-color', 'rgba(0, 0, 0, 0)');\ncy.get('.color').eq(1).should('have.css', 'background-color');\ncy.get('.color').eq(2).should('not.have.css', 'background-color', BLACK);\ncy.get('.color').eq(2).should('not.have.css', 'background-color', WHITE);\ncy.get('.color').eq(2).should('not.have.css', 'background-color', 'rgba(0, 0, 0, 0)');\ncy.get('.color').eq(2).should('have.css', 'background-color');\ncy.get('.color').eq(3).should('not.have.css', 'background-color', BLACK);\ncy.get('.color').eq(3).should('not.have.css', 'background-color', WHITE);\ncy.get('.color').eq(3).should('not.have.css', 'background-color', 'rgba(0, 0, 0, 0)');\ncy.get('.color').eq(3).should('have.css', 'background-color');",
              "err": {},
              "uuid": "4deda00a-11d8-4436-83e7-8a5b81942f89",
              "parentUUID": "d062404b-4822-44fb-9d27-1019b107d943",
              "isHook": false,
              "skipped": false
            }
          ],
          "suites": [],
          "passes": [
            "9eb28668-471d-4164-90f8-6ef7d5b927c9",
            "4deda00a-11d8-4436-83e7-8a5b81942f89"
          ],
          "failures": [],
          "pending": [],
          "skipped": [],
          "duration": 242,
          "root": false,
          "rootEmpty": false,
          "_timeout": 2000
        },
        {
          "uuid": "c674e97a-6ce3-4900-8c97-b55dbe7db0d7",
          "title": "4 - Adicione à página um quadro de pixels, com 25 pixels.",
          "fullFile": "",
          "file": "",
          "beforeHooks": [],
          "afterHooks": [],
          "tests": [
            {
              "title": "Verifica se o quadro de pixels possui o `id` denominado `pixel-board`",
              "fullTitle": "4 - Adicione à página um quadro de pixels, com 25 pixels. Verifica se o quadro de pixels possui o `id` denominado `pixel-board`",
              "timedOut": null,
              "duration": 74,
              "state": "passed",
              "speed": "medium",
              "pass": true,
              "fail": false,
              "pending": false,
              "context": null,
              "code": "cy.get('#pixel-board').should('be.visible');",
              "err": {},
              "uuid": "3cba4605-f86f-42a0-ae81-f9b42e63df90",
              "parentUUID": "c674e97a-6ce3-4900-8c97-b55dbe7db0d7",
              "isHook": false,
              "skipped": false
            },
            {
              "title": "Verifica se cada pixel individual dentro do quadro possui a `classe` denominada `pixel`.",
              "fullTitle": "4 - Adicione à página um quadro de pixels, com 25 pixels. Verifica se cada pixel individual dentro do quadro possui a `classe` denominada `pixel`.",
              "timedOut": null,
              "duration": 4263,
              "state": "failed",
              "speed": null,
              "pass": false,
              "fail": true,
              "pending": false,
              "context": null,
              "code": "cy.get('.pixel').should('have.length', 25);",
              "err": {
                "message": "CypressError: Timed out retrying: Too many elements found. Found '30', expected '25'.",
                "estack": "CypressError: Timed out retrying: Too many elements found. Found '30', expected '25'.\n    at cypressErr (http://localhost:32851/__cypress/runner/cypress_runner.js:149934:9)\n    at throwErr (http://localhost:32851/__cypress/runner/cypress_runner.js:149867:11)\n    at Object.throwErrByPath (http://localhost:32851/__cypress/runner/cypress_runner.js:149915:3)\n    at retry (http://localhost:32851/__cypress/runner/cypress_runner.js:144197:19)\n    at onFailFn (http://localhost:32851/__cypress/runner/cypress_runner.js:132448:16)\n    at tryCatcher (http://localhost:32851/__cypress/runner/cypress_runner.js:167415:23)\n    at Promise._settlePromiseFromHandler (http://localhost:32851/__cypress/runner/cypress_runner.js:165351:31)\n    at Promise._settlePromise (http://localhost:32851/__cypress/runner/cypress_runner.js:165408:18)\n    at Promise._settlePromise0 (http://localhost:32851/__cypress/runner/cypress_runner.js:165453:10)\n    at Promise._settlePromises (http://localhost:32851/__cypress/runner/cypress_runner.js:165528:18)\n    at Async../node_modules/bluebird/js/release/async.js.Async._drainQueue (http://localhost:32851/__cypress/runner/cypress_runner.js:162140:16)\n    at Async../node_modules/bluebird/js/release/async.js.Async._drainQueues (http://localhost:32851/__cypress/runner/cypress_runner.js:162150:10)\n    at Async.drainQueues (http://localhost:32851/__cypress/runner/cypress_runner.js:162024:14)",
                "diff": null
              },
              "uuid": "a3975c51-0e58-45f8-864b-4e71c10413bf",
              "parentUUID": "c674e97a-6ce3-4900-8c97-b55dbe7db0d7",
              "isHook": false,
              "skipped": false
            },
            {
              "title": "Verifica se a cor inicial dos pixels dentro do quadro, ao abrir a página, é branca.",
              "fullTitle": "4 - Adicione à página um quadro de pixels, com 25 pixels. Verifica se a cor inicial dos pixels dentro do quadro, ao abrir a página, é branca.",
              "timedOut": null,
              "duration": 4325,
              "state": "failed",
              "speed": null,
              "pass": false,
              "fail": true,
              "pending": false,
              "context": null,
              "code": "cy.get('.pixel').should('have.length', 25).each(function (pixel) {\n  expect(pixel).to.have.css('background-color', WHITE);\n});",
              "err": {
                "message": "CypressError: Timed out retrying: Too many elements found. Found '30', expected '25'.",
                "estack": "CypressError: Timed out retrying: Too many elements found. Found '30', expected '25'.\n    at cypressErr (http://localhost:32851/__cypress/runner/cypress_runner.js:149934:9)\n    at throwErr (http://localhost:32851/__cypress/runner/cypress_runner.js:149867:11)\n    at Object.throwErrByPath (http://localhost:32851/__cypress/runner/cypress_runner.js:149915:3)\n    at retry (http://localhost:32851/__cypress/runner/cypress_runner.js:144197:19)\n    at onFailFn (http://localhost:32851/__cypress/runner/cypress_runner.js:132448:16)\n    at tryCatcher (http://localhost:32851/__cypress/runner/cypress_runner.js:167415:23)\n    at Promise._settlePromiseFromHandler (http://localhost:32851/__cypress/runner/cypress_runner.js:165351:31)\n    at Promise._settlePromise (http://localhost:32851/__cypress/runner/cypress_runner.js:165408:18)\n    at Promise._settlePromise0 (http://localhost:32851/__cypress/runner/cypress_runner.js:165453:10)\n    at Promise._settlePromises (http://localhost:32851/__cypress/runner/cypress_runner.js:165528:18)\n    at Async../node_modules/bluebird/js/release/async.js.Async._drainQueue (http://localhost:32851/__cypress/runner/cypress_runner.js:162140:16)\n    at Async../node_modules/bluebird/js/release/async.js.Async._drainQueues (http://localhost:32851/__cypress/runner/cypress_runner.js:162150:10)\n    at Async.drainQueues (http://localhost:32851/__cypress/runner/cypress_runner.js:162024:14)",
                "diff": null
              },
              "uuid": "972f2f83-0fe6-436b-a3a8-b1e8a3369827",
              "parentUUID": "c674e97a-6ce3-4900-8c97-b55dbe7db0d7",
              "isHook": false,
              "skipped": false
            },
            {
              "title": "Verifica se o quadro de pixels aparece abaixo da paleta de cores",
              "fullTitle": "4 - Adicione à página um quadro de pixels, com 25 pixels. Verifica se o quadro de pixels aparece abaixo da paleta de cores",
              "timedOut": null,
              "duration": 133,
              "state": "passed",
              "speed": "slow",
              "pass": true,
              "fail": false,
              "pending": false,
              "context": null,
              "code": "cy.get('#color-palette').then(function (palette) {\n  cy.get('#pixel-board').should('be.belowOf', palette);\n});",
              "err": {},
              "uuid": "c4924089-a6cd-4091-aabc-6cf5d7168433",
              "parentUUID": "c674e97a-6ce3-4900-8c97-b55dbe7db0d7",
              "isHook": false,
              "skipped": false
            }
          ],
          "suites": [],
          "passes": [
            "3cba4605-f86f-42a0-ae81-f9b42e63df90",
            "c4924089-a6cd-4091-aabc-6cf5d7168433"
          ],
          "failures": [
            "a3975c51-0e58-45f8-864b-4e71c10413bf",
            "972f2f83-0fe6-436b-a3a8-b1e8a3369827"
          ],
          "pending": [],
          "skipped": [],
          "duration": 8795,
          "root": false,
          "rootEmpty": false,
          "_timeout": 2000
        },
        {
          "uuid": "5729dab3-ca7d-4594-9abc-ed347106031f",
          "title": "5 - Faça com que cada elemento do quadro de pixels possua 40 pixels de largura, 40 pixels de altura e seja delimitado por uma borda preta de 1 pixel.",
          "fullFile": "",
          "file": "",
          "beforeHooks": [],
          "afterHooks": [],
          "tests": [
            {
              "title": "Verifica se o quadro de pixels tem altura e comprimento de 5 elementos",
              "fullTitle": "5 - Faça com que cada elemento do quadro de pixels possua 40 pixels de largura, 40 pixels de altura e seja delimitado por uma borda preta de 1 pixel. Verifica se o quadro de pixels tem altura e comprimento de 5 elementos",
              "timedOut": null,
              "duration": 4237,
              "state": "failed",
              "speed": null,
              "pass": false,
              "fail": true,
              "pending": false,
              "context": null,
              "code": "cy.get('.pixel').should('have.length', 25).each(function (pixel) {\n  expect(pixel).to.have.css('background-color', WHITE);\n}).and(function (pixels) {\n  var rows = chunk(pixels, 5);\n  rows.forEach(function (row) {\n    for (var index = 1; index < row.length; index += 1) {\n      var current = pixels[index];\n      var previous = pixels[index - 1];\n      cy.wrap(current).should('be.onTheRightOf', previous).and('be.horizontallyAlignedWith', previous);\n    }\n  });\n  for (var index = 1; index < 5; index += 1) {\n    expect(pixels[index * 5]).to.be.belowOf(pixels[(index - 1) * 5]);\n  }\n});",
              "err": {
                "message": "CypressError: Timed out retrying: Too many elements found. Found '30', expected '25'.",
                "estack": "CypressError: Timed out retrying: Too many elements found. Found '30', expected '25'.\n    at cypressErr (http://localhost:32851/__cypress/runner/cypress_runner.js:149934:9)\n    at throwErr (http://localhost:32851/__cypress/runner/cypress_runner.js:149867:11)\n    at Object.throwErrByPath (http://localhost:32851/__cypress/runner/cypress_runner.js:149915:3)\n    at retry (http://localhost:32851/__cypress/runner/cypress_runner.js:144197:19)\n    at onFailFn (http://localhost:32851/__cypress/runner/cypress_runner.js:132448:16)\n    at tryCatcher (http://localhost:32851/__cypress/runner/cypress_runner.js:167415:23)\n    at Promise._settlePromiseFromHandler (http://localhost:32851/__cypress/runner/cypress_runner.js:165351:31)\n    at Promise._settlePromise (http://localhost:32851/__cypress/runner/cypress_runner.js:165408:18)\n    at Promise._settlePromise0 (http://localhost:32851/__cypress/runner/cypress_runner.js:165453:10)\n    at Promise._settlePromises (http://localhost:32851/__cypress/runner/cypress_runner.js:165528:18)\n    at Async../node_modules/bluebird/js/release/async.js.Async._drainQueue (http://localhost:32851/__cypress/runner/cypress_runner.js:162140:16)\n    at Async../node_modules/bluebird/js/release/async.js.Async._drainQueues (http://localhost:32851/__cypress/runner/cypress_runner.js:162150:10)\n    at Async.drainQueues (http://localhost:32851/__cypress/runner/cypress_runner.js:162024:14)",
                "diff": null
              },
              "uuid": "515f7339-1c86-4e19-b186-80c0e26f6894",
              "parentUUID": "5729dab3-ca7d-4594-9abc-ed347106031f",
              "isHook": false,
              "skipped": false
            },
            {
              "title": "Verifica se 40 pixels é o tamanho total do elemento, incluindo seu conteúdo e excluindo a borda preta, que deve ser criada à parte.",
              "fullTitle": "5 - Faça com que cada elemento do quadro de pixels possua 40 pixels de largura, 40 pixels de altura e seja delimitado por uma borda preta de 1 pixel. Verifica se 40 pixels é o tamanho total do elemento, incluindo seu conteúdo e excluindo a borda preta, que deve ser criada à parte.",
              "timedOut": null,
              "duration": 4267,
              "state": "failed",
              "speed": null,
              "pass": false,
              "fail": true,
              "pending": false,
              "context": null,
              "code": "cy.get('.pixel').each(function (pixel) {\n  cy.wrap(pixel).should('have.css', 'height', '40px').and('have.css', 'width', '40px').and('have.css', 'border', \"1px solid \".concat(BLACK));\n});",
              "err": {
                "message": "CypressError: Timed out retrying: expected '<tr.pixel>' to have CSS property 'height' with the value '40px', but the value was '39px'",
                "estack": "CypressError: Timed out retrying: expected '<tr.pixel>' to have CSS property 'height' with the value '40px', but the value was '39px'\n    at cypressErr (http://localhost:32851/__cypress/runner/cypress_runner.js:149934:9)\n    at throwErr (http://localhost:32851/__cypress/runner/cypress_runner.js:149867:11)\n    at Object.throwErrByPath (http://localhost:32851/__cypress/runner/cypress_runner.js:149915:3)\n    at retry (http://localhost:32851/__cypress/runner/cypress_runner.js:144197:19)\n    at onFailFn (http://localhost:32851/__cypress/runner/cypress_runner.js:132448:16)\n    at tryCatcher (http://localhost:32851/__cypress/runner/cypress_runner.js:167415:23)\n    at Promise._settlePromiseFromHandler (http://localhost:32851/__cypress/runner/cypress_runner.js:165351:31)\n    at Promise._settlePromise (http://localhost:32851/__cypress/runner/cypress_runner.js:165408:18)\n    at Promise._settlePromise0 (http://localhost:32851/__cypress/runner/cypress_runner.js:165453:10)\n    at Promise._settlePromises (http://localhost:32851/__cypress/runner/cypress_runner.js:165528:18)\n    at Async../node_modules/bluebird/js/release/async.js.Async._drainQueue (http://localhost:32851/__cypress/runner/cypress_runner.js:162140:16)\n    at Async../node_modules/bluebird/js/release/async.js.Async._drainQueues (http://localhost:32851/__cypress/runner/cypress_runner.js:162150:10)\n    at Async.drainQueues (http://localhost:32851/__cypress/runner/cypress_runner.js:162024:14)",
                "diff": null
              },
              "uuid": "8d2efb88-74a8-4acd-832d-06b864b10b93",
              "parentUUID": "5729dab3-ca7d-4594-9abc-ed347106031f",
              "isHook": false,
              "skipped": false
            }
          ],
          "suites": [],
          "passes": [],
          "failures": [
            "515f7339-1c86-4e19-b186-80c0e26f6894",
            "8d2efb88-74a8-4acd-832d-06b864b10b93"
          ],
          "pending": [],
          "skipped": [],
          "duration": 8504,
          "root": false,
          "rootEmpty": false,
          "_timeout": 2000
        },
        {
          "uuid": "cf54550a-7941-4a63-a09b-422be84c3713",
          "title": "6 - Defina a cor preta como cor inicial. Ao carregar a página a cor preta já deve estar selecionada para pintar os pixels",
          "fullFile": "",
          "file": "",
          "beforeHooks": [],
          "afterHooks": [],
          "tests": [
            {
              "title": "Verifica se o elemento da cor preta possui, inicialmente, a `classe` `selected`",
              "fullTitle": "6 - Defina a cor preta como cor inicial. Ao carregar a página a cor preta já deve estar selecionada para pintar os pixels Verifica se o elemento da cor preta possui, inicialmente, a `classe` `selected`",
              "timedOut": null,
              "duration": 124,
              "state": "passed",
              "speed": "slow",
              "pass": true,
              "fail": false,
              "pending": false,
              "context": null,
              "code": "cy.get('.selected').first().should('have.css', 'background-color', BLACK);",
              "err": {},
              "uuid": "b2d4d77f-4c2b-4d58-b9dc-b6961088f961",
              "parentUUID": "cf54550a-7941-4a63-a09b-422be84c3713",
              "isHook": false,
              "skipped": false
            },
            {
              "title": "Verifica se nenhuma outra cor da paleta tem a `classe` `selected`",
              "fullTitle": "6 - Defina a cor preta como cor inicial. Ao carregar a página a cor preta já deve estar selecionada para pintar os pixels Verifica se nenhuma outra cor da paleta tem a `classe` `selected`",
              "timedOut": null,
              "duration": 95,
              "state": "passed",
              "speed": "slow",
              "pass": true,
              "fail": false,
              "pending": false,
              "context": null,
              "code": "cy.get('.color:not(:first-child)').each(function (color) {\n  cy.wrap(color).should('not.have.class', 'selected');\n});",
              "err": {},
              "uuid": "b77f5474-3cba-4bfb-8a05-fee1f5ab5c51",
              "parentUUID": "cf54550a-7941-4a63-a09b-422be84c3713",
              "isHook": false,
              "skipped": false
            }
          ],
          "suites": [],
          "passes": [
            "b2d4d77f-4c2b-4d58-b9dc-b6961088f961",
            "b77f5474-3cba-4bfb-8a05-fee1f5ab5c51"
          ],
          "failures": [],
          "pending": [],
          "skipped": [],
          "duration": 219,
          "root": false,
          "rootEmpty": false,
          "_timeout": 2000
        },
        {
          "uuid": "724e0344-7a88-429e-8431-8fbf5bf1d91e",
          "title": "7 - Clicar em uma das cores da paleta, faz com que ela seja selecionada e utilizada para preencher os pixels no quadro.",
          "fullFile": "",
          "file": "",
          "beforeHooks": [],
          "afterHooks": [],
          "tests": [
            {
              "title": "Verifica se somente uma cor da paleta de cores tem a classe `selected` de cada vez",
              "fullTitle": "7 - Clicar em uma das cores da paleta, faz com que ela seja selecionada e utilizada para preencher os pixels no quadro. Verifica se somente uma cor da paleta de cores tem a classe `selected` de cada vez",
              "timedOut": null,
              "duration": 459,
              "state": "passed",
              "speed": "slow",
              "pass": true,
              "fail": false,
              "pending": false,
              "context": null,
              "code": "cy.get('.color').each(function (selectedColor, selectedColorIndex) {\n  cy.wrap(selectedColor).click();\n  cy.get('.color').each(function (color, colorIndex) {\n    if (colorIndex === selectedColorIndex) {\n      expect(color).to.have[\"class\"]('selected');\n    } else {\n      expect(color).not.to.have[\"class\"]('selected');\n    }\n  });\n});",
              "err": {},
              "uuid": "c1dc113d-53a8-4084-99c2-7fb8dfcd2bd6",
              "parentUUID": "724e0344-7a88-429e-8431-8fbf5bf1d91e",
              "isHook": false,
              "skipped": false
            },
            {
              "title": "Verifica se os pixels dentro do quadro não têm a classe `selected` quando são clicados",
              "fullTitle": "7 - Clicar em uma das cores da paleta, faz com que ela seja selecionada e utilizada para preencher os pixels no quadro. Verifica se os pixels dentro do quadro não têm a classe `selected` quando são clicados",
              "timedOut": null,
              "duration": 10211,
              "state": "passed",
              "speed": "slow",
              "pass": true,
              "fail": false,
              "pending": false,
              "context": null,
              "code": "cy.get('.color').each(function (color) {\n  var backgroundColor = color.css('background-color');\n  cy.wrap(color).click();\n  cy.get('.pixel').each(function (pixel) {\n    cy.wrap(pixel).click().should('not.have.class', 'selected');\n  });\n});",
              "err": {},
              "uuid": "a02b06d8-428b-4782-9a38-aab469875f3f",
              "parentUUID": "724e0344-7a88-429e-8431-8fbf5bf1d91e",
              "isHook": false,
              "skipped": false
            }
          ],
          "suites": [],
          "passes": [
            "c1dc113d-53a8-4084-99c2-7fb8dfcd2bd6",
            "a02b06d8-428b-4782-9a38-aab469875f3f"
          ],
          "failures": [],
          "pending": [],
          "skipped": [],
          "duration": 10670,
          "root": false,
          "rootEmpty": false,
          "_timeout": 2000
        },
        {
          "uuid": "c8ec3433-40f3-4de8-9d02-21da25958e1c",
          "title": "8 - Clicar em um pixel dentro do quadro após selecionar uma cor na paleta, faz com que o pixel seja preenchido com a cor selecionada.",
          "fullFile": "",
          "file": "",
          "beforeHooks": [],
          "afterHooks": [],
          "tests": [
            {
              "title": "Verifica se ao carregar a página deve ser possível pintar os pixels de preto",
              "fullTitle": "8 - Clicar em um pixel dentro do quadro após selecionar uma cor na paleta, faz com que o pixel seja preenchido com a cor selecionada. Verifica se ao carregar a página deve ser possível pintar os pixels de preto",
              "timedOut": null,
              "duration": 4330,
              "state": "failed",
              "speed": null,
              "pass": false,
              "fail": true,
              "pending": false,
              "context": null,
              "code": "cy.get('.pixel').each(function (pixel) {\n  cy.wrap(pixel).click().should('have.css', 'background-color', BLACK);\n});",
              "err": {
                "message": "CypressError: Timed out retrying: expected '<tr.pixel>' to have CSS property 'background-color' with the value 'rgb(0, 0, 0)', but the value was 'rgb(255, 255, 255)'",
                "estack": "CypressError: Timed out retrying: expected '<tr.pixel>' to have CSS property 'background-color' with the value 'rgb(0, 0, 0)', but the value was 'rgb(255, 255, 255)'\n    at cypressErr (http://localhost:32851/__cypress/runner/cypress_runner.js:149934:9)\n    at throwErr (http://localhost:32851/__cypress/runner/cypress_runner.js:149867:11)\n    at Object.throwErrByPath (http://localhost:32851/__cypress/runner/cypress_runner.js:149915:3)\n    at retry (http://localhost:32851/__cypress/runner/cypress_runner.js:144197:19)\n    at onFailFn (http://localhost:32851/__cypress/runner/cypress_runner.js:132448:16)\n    at tryCatcher (http://localhost:32851/__cypress/runner/cypress_runner.js:167415:23)\n    at Promise._settlePromiseFromHandler (http://localhost:32851/__cypress/runner/cypress_runner.js:165351:31)\n    at Promise._settlePromise (http://localhost:32851/__cypress/runner/cypress_runner.js:165408:18)\n    at Promise._settlePromise0 (http://localhost:32851/__cypress/runner/cypress_runner.js:165453:10)\n    at Promise._settlePromises (http://localhost:32851/__cypress/runner/cypress_runner.js:165528:18)\n    at Async../node_modules/bluebird/js/release/async.js.Async._drainQueue (http://localhost:32851/__cypress/runner/cypress_runner.js:162140:16)\n    at Async../node_modules/bluebird/js/release/async.js.Async._drainQueues (http://localhost:32851/__cypress/runner/cypress_runner.js:162150:10)\n    at Async.drainQueues (http://localhost:32851/__cypress/runner/cypress_runner.js:162024:14)",
                "diff": null
              },
              "uuid": "33d7e1d8-fd0a-4ec9-9c6d-57856062e9cd",
              "parentUUID": "c8ec3433-40f3-4de8-9d02-21da25958e1c",
              "isHook": false,
              "skipped": false
            },
            {
              "title": "Verifica se após selecionar uma outra cor na paleta, é possível pintar os pixels com essa cor",
              "fullTitle": "8 - Clicar em um pixel dentro do quadro após selecionar uma cor na paleta, faz com que o pixel seja preenchido com a cor selecionada. Verifica se após selecionar uma outra cor na paleta, é possível pintar os pixels com essa cor",
              "timedOut": null,
              "duration": 4420,
              "state": "failed",
              "speed": null,
              "pass": false,
              "fail": true,
              "pending": false,
              "context": null,
              "code": "cy.get('.color').each(function (color) {\n  var backgroundColor = color.css('background-color');\n  cy.wrap(color).click();\n  cy.get('.pixel').each(function (pixel) {\n    cy.wrap(pixel).click().should('have.css', 'background-color', backgroundColor);\n  });\n});",
              "err": {
                "message": "CypressError: Timed out retrying: expected '<tr.pixel>' to have CSS property 'background-color' with the value 'rgb(0, 0, 0)', but the value was 'rgb(255, 255, 255)'",
                "estack": "CypressError: Timed out retrying: expected '<tr.pixel>' to have CSS property 'background-color' with the value 'rgb(0, 0, 0)', but the value was 'rgb(255, 255, 255)'\n    at cypressErr (http://localhost:32851/__cypress/runner/cypress_runner.js:149934:9)\n    at throwErr (http://localhost:32851/__cypress/runner/cypress_runner.js:149867:11)\n    at Object.throwErrByPath (http://localhost:32851/__cypress/runner/cypress_runner.js:149915:3)\n    at retry (http://localhost:32851/__cypress/runner/cypress_runner.js:144197:19)\n    at onFailFn (http://localhost:32851/__cypress/runner/cypress_runner.js:132448:16)\n    at tryCatcher (http://localhost:32851/__cypress/runner/cypress_runner.js:167415:23)\n    at Promise._settlePromiseFromHandler (http://localhost:32851/__cypress/runner/cypress_runner.js:165351:31)\n    at Promise._settlePromise (http://localhost:32851/__cypress/runner/cypress_runner.js:165408:18)\n    at Promise._settlePromise0 (http://localhost:32851/__cypress/runner/cypress_runner.js:165453:10)\n    at Promise._settlePromises (http://localhost:32851/__cypress/runner/cypress_runner.js:165528:18)\n    at Async../node_modules/bluebird/js/release/async.js.Async._drainQueue (http://localhost:32851/__cypress/runner/cypress_runner.js:162140:16)\n    at Async../node_modules/bluebird/js/release/async.js.Async._drainQueues (http://localhost:32851/__cypress/runner/cypress_runner.js:162150:10)\n    at Async.drainQueues (http://localhost:32851/__cypress/runner/cypress_runner.js:162024:14)",
                "diff": null
              },
              "uuid": "b803e7d9-c418-46d2-8281-c7aae954af3c",
              "parentUUID": "c8ec3433-40f3-4de8-9d02-21da25958e1c",
              "isHook": false,
              "skipped": false
            },
            {
              "title": "Verifica se somente o pixel que foi clicado foi preenchido com a cor selecionada, sem influenciar na cor dos demais pixels.",
              "fullTitle": "8 - Clicar em um pixel dentro do quadro após selecionar uma cor na paleta, faz com que o pixel seja preenchido com a cor selecionada. Verifica se somente o pixel que foi clicado foi preenchido com a cor selecionada, sem influenciar na cor dos demais pixels.",
              "timedOut": null,
              "duration": 4488,
              "state": "failed",
              "speed": null,
              "pass": false,
              "fail": true,
              "pending": false,
              "context": null,
              "code": "var colorToPixelIndexMap = {\n  0: 6,\n  1: 8,\n  2: 16,\n  3: 18\n};\ncy.get('.color').each(function (color, index) {\n  cy.wrap(color).click();\n  var backgroundColor = color.css('background-color');\n  var clickedPixelIndex = colorToPixelIndexMap[index];\n  cy.get('.pixel').eq(clickedPixelIndex).click();\n  cy.get('.pixel').eq(clickedPixelIndex - 1).should('not.have.css', 'background-color', backgroundColor);\n  cy.get('.pixel').eq(clickedPixelIndex + 1).should('not.have.css', 'background-color', backgroundColor);\n  cy.get('.pixel').eq(clickedPixelIndex - 5).should('not.have.css', 'background-color', backgroundColor);\n  cy.get('.pixel').eq(clickedPixelIndex + 5).should('not.have.css', 'background-color', backgroundColor);\n  cy.get('.pixel').eq(clickedPixelIndex - 6).should('not.have.css', 'background-color', backgroundColor);\n  cy.get('.pixel').eq(clickedPixelIndex - 4).should('not.have.css', 'background-color', backgroundColor);\n  cy.get('.pixel').eq(clickedPixelIndex + 4).should('not.have.css', 'background-color', backgroundColor);\n  cy.get('.pixel').eq(clickedPixelIndex + 6).should('not.have.css', 'background-color', backgroundColor);\n});",
              "err": {
                "message": "CypressError: Timed out retrying: expected '<td.pixel>' not to have CSS property 'background-color' with the value 'rgb(0, 0, 0)', but the value was 'rgb(0, 0, 0)'",
                "estack": "CypressError: Timed out retrying: expected '<td.pixel>' not to have CSS property 'background-color' with the value 'rgb(0, 0, 0)', but the value was 'rgb(0, 0, 0)'\n    at cypressErr (http://localhost:32851/__cypress/runner/cypress_runner.js:149934:9)\n    at throwErr (http://localhost:32851/__cypress/runner/cypress_runner.js:149867:11)\n    at Object.throwErrByPath (http://localhost:32851/__cypress/runner/cypress_runner.js:149915:3)\n    at retry (http://localhost:32851/__cypress/runner/cypress_runner.js:144197:19)\n    at onFailFn (http://localhost:32851/__cypress/runner/cypress_runner.js:132448:16)\n    at tryCatcher (http://localhost:32851/__cypress/runner/cypress_runner.js:167415:23)\n    at Promise._settlePromiseFromHandler (http://localhost:32851/__cypress/runner/cypress_runner.js:165351:31)\n    at Promise._settlePromise (http://localhost:32851/__cypress/runner/cypress_runner.js:165408:18)\n    at Promise._settlePromise0 (http://localhost:32851/__cypress/runner/cypress_runner.js:165453:10)\n    at Promise._settlePromises (http://localhost:32851/__cypress/runner/cypress_runner.js:165528:18)\n    at Async../node_modules/bluebird/js/release/async.js.Async._drainQueue (http://localhost:32851/__cypress/runner/cypress_runner.js:162140:16)\n    at Async../node_modules/bluebird/js/release/async.js.Async._drainQueues (http://localhost:32851/__cypress/runner/cypress_runner.js:162150:10)\n    at Async.drainQueues (http://localhost:32851/__cypress/runner/cypress_runner.js:162024:14)",
                "diff": null
              },
              "uuid": "94b42fc6-5bff-4ab5-ac6a-ee95ce17fb1d",
              "parentUUID": "c8ec3433-40f3-4de8-9d02-21da25958e1c",
              "isHook": false,
              "skipped": false
            }
          ],
          "suites": [],
          "passes": [],
          "failures": [
            "33d7e1d8-fd0a-4ec9-9c6d-57856062e9cd",
            "b803e7d9-c418-46d2-8281-c7aae954af3c",
            "94b42fc6-5bff-4ab5-ac6a-ee95ce17fb1d"
          ],
          "pending": [],
          "skipped": [],
          "duration": 13238,
          "root": false,
          "rootEmpty": false,
          "_timeout": 2000
        },
        {
          "uuid": "6d5fbfa9-433f-423d-b35a-fdfbf4680921",
          "title": "9 - Crie um botão que, ao ser clicado, limpa o quadro preenchendo a cor de todos seus pixels com branco.",
          "fullFile": "",
          "file": "",
          "beforeHooks": [],
          "afterHooks": [],
          "tests": [
            {
              "title": "Verifica se o botão tem o `id` denominado `clear-board`",
              "fullTitle": "9 - Crie um botão que, ao ser clicado, limpa o quadro preenchendo a cor de todos seus pixels com branco. Verifica se o botão tem o `id` denominado `clear-board`",
              "timedOut": null,
              "duration": 128,
              "state": "passed",
              "speed": "slow",
              "pass": true,
              "fail": false,
              "pending": false,
              "context": null,
              "code": "cy.get('#clear-board').should('be.visible');",
              "err": {},
              "uuid": "f3449084-f1ee-4d5d-b180-d895780a1259",
              "parentUUID": "6d5fbfa9-433f-423d-b35a-fdfbf4680921",
              "isHook": false,
              "skipped": false
            },
            {
              "title": "Verifica se o botão está posicionado entre a paleta de cores e o quadro de pixels",
              "fullTitle": "9 - Crie um botão que, ao ser clicado, limpa o quadro preenchendo a cor de todos seus pixels com branco. Verifica se o botão está posicionado entre a paleta de cores e o quadro de pixels",
              "timedOut": null,
              "duration": 100,
              "state": "passed",
              "speed": "slow",
              "pass": true,
              "fail": false,
              "pending": false,
              "context": null,
              "code": "cy.get('#color-palette').then(function (palette) {\n  cy.get('#clear-board').should('be.belowOf', palette);\n});\ncy.get('#clear-board').then(function (clearBtn) {\n  cy.get('#pixel-board').should('be.belowOf', clearBtn);\n});",
              "err": {},
              "uuid": "4635d2b9-9f59-408c-ba0a-6a218fcd7651",
              "parentUUID": "6d5fbfa9-433f-423d-b35a-fdfbf4680921",
              "isHook": false,
              "skipped": false
            },
            {
              "title": "Verifica se o texto do botão é 'Limpar'",
              "fullTitle": "9 - Crie um botão que, ao ser clicado, limpa o quadro preenchendo a cor de todos seus pixels com branco. Verifica se o texto do botão é 'Limpar'",
              "timedOut": null,
              "duration": 94,
              "state": "passed",
              "speed": "slow",
              "pass": true,
              "fail": false,
              "pending": false,
              "context": null,
              "code": "cy.get('#clear-board').should('contain.text', 'Limpar');",
              "err": {},
              "uuid": "4db9d43d-ca9b-4da0-9da4-4a127f353c5d",
              "parentUUID": "6d5fbfa9-433f-423d-b35a-fdfbf4680921",
              "isHook": false,
              "skipped": false
            },
            {
              "title": "Verifica se ao clicar no botão, o quadro de pixels é totalmente preenchido de branco",
              "fullTitle": "9 - Crie um botão que, ao ser clicado, limpa o quadro preenchendo a cor de todos seus pixels com branco. Verifica se ao clicar no botão, o quadro de pixels é totalmente preenchido de branco",
              "timedOut": null,
              "duration": 4377,
              "state": "failed",
              "speed": null,
              "pass": false,
              "fail": true,
              "pending": false,
              "context": null,
              "code": "cy.get('.color').eq(1).then(function (color) {\n  var backgroundColor = color.css('background-color');\n  cy.wrap(color).click();\n  cy.get('.pixel').each(function (pixel) {\n    cy.wrap(pixel).click().should('have.css', 'background-color', backgroundColor);\n  });\n});\ncy.get('#clear-board').click();\ncy.get('.pixel').each(function (pixel) {\n  cy.wrap(pixel).should('have.css', 'background-color', WHITE);\n});",
              "err": {
                "message": "CypressError: Timed out retrying: expected '<tr.pixel>' to have CSS property 'background-color' with the value 'rgb(255, 0, 0)', but the value was 'rgb(255, 255, 255)'",
                "estack": "CypressError: Timed out retrying: expected '<tr.pixel>' to have CSS property 'background-color' with the value 'rgb(255, 0, 0)', but the value was 'rgb(255, 255, 255)'\n    at cypressErr (http://localhost:32851/__cypress/runner/cypress_runner.js:149934:9)\n    at throwErr (http://localhost:32851/__cypress/runner/cypress_runner.js:149867:11)\n    at Object.throwErrByPath (http://localhost:32851/__cypress/runner/cypress_runner.js:149915:3)\n    at retry (http://localhost:32851/__cypress/runner/cypress_runner.js:144197:19)\n    at onFailFn (http://localhost:32851/__cypress/runner/cypress_runner.js:132448:16)\n    at tryCatcher (http://localhost:32851/__cypress/runner/cypress_runner.js:167415:23)\n    at Promise._settlePromiseFromHandler (http://localhost:32851/__cypress/runner/cypress_runner.js:165351:31)\n    at Promise._settlePromise (http://localhost:32851/__cypress/runner/cypress_runner.js:165408:18)\n    at Promise._settlePromise0 (http://localhost:32851/__cypress/runner/cypress_runner.js:165453:10)\n    at Promise._settlePromises (http://localhost:32851/__cypress/runner/cypress_runner.js:165528:18)\n    at Async../node_modules/bluebird/js/release/async.js.Async._drainQueue (http://localhost:32851/__cypress/runner/cypress_runner.js:162140:16)\n    at Async../node_modules/bluebird/js/release/async.js.Async._drainQueues (http://localhost:32851/__cypress/runner/cypress_runner.js:162150:10)\n    at Async.drainQueues (http://localhost:32851/__cypress/runner/cypress_runner.js:162024:14)",
                "diff": null
              },
              "uuid": "b3ba16a5-8373-49ba-a627-698c07995bd3",
              "parentUUID": "6d5fbfa9-433f-423d-b35a-fdfbf4680921",
              "isHook": false,
              "skipped": false
            }
          ],
          "suites": [],
          "passes": [
            "f3449084-f1ee-4d5d-b180-d895780a1259",
            "4635d2b9-9f59-408c-ba0a-6a218fcd7651",
            "4db9d43d-ca9b-4da0-9da4-4a127f353c5d"
          ],
          "failures": [
            "b3ba16a5-8373-49ba-a627-698c07995bd3"
          ],
          "pending": [],
          "skipped": [],
          "duration": 4699,
          "root": false,
          "rootEmpty": false,
          "_timeout": 2000
        },
        {
          "uuid": "3a4c179e-4a17-489c-8407-f5257300b84e",
          "title": "10 - Faça o quadro de pixels ter seu tamanho definido pelo usuário.",
          "fullFile": "",
          "file": "",
          "beforeHooks": [],
          "afterHooks": [],
          "tests": [
            {
              "title": "Verifica se existe um input com o id `board-size`",
              "fullTitle": "10 - Faça o quadro de pixels ter seu tamanho definido pelo usuário. Verifica se existe um input com o id `board-size`",
              "timedOut": null,
              "duration": 139,
              "state": "passed",
              "speed": "slow",
              "pass": true,
              "fail": false,
              "pending": false,
              "context": null,
              "code": "cy.get('#board-size').should('be.visible');",
              "err": {},
              "uuid": "c188aa1c-5c8b-46fb-9123-ffd87ddd8696",
              "parentUUID": "3a4c179e-4a17-489c-8407-f5257300b84e",
              "isHook": false,
              "skipped": false
            },
            {
              "title": "Verifica se existe um botão com o id `generate-board`",
              "fullTitle": "10 - Faça o quadro de pixels ter seu tamanho definido pelo usuário. Verifica se existe um botão com o id `generate-board`",
              "timedOut": null,
              "duration": 89,
              "state": "passed",
              "speed": "slow",
              "pass": true,
              "fail": false,
              "pending": false,
              "context": null,
              "code": "cy.get('#generate-board').should('be.visible');",
              "err": {},
              "uuid": "065a4a3f-164e-4d83-8e6b-d88fec073f1b",
              "parentUUID": "3a4c179e-4a17-489c-8407-f5257300b84e",
              "isHook": false,
              "skipped": false
            },
            {
              "title": "Verifica se o input só aceita número maiores que zero. Essa restrição deve ser feita usando os atributos do elemento `input`",
              "fullTitle": "10 - Faça o quadro de pixels ter seu tamanho definido pelo usuário. Verifica se o input só aceita número maiores que zero. Essa restrição deve ser feita usando os atributos do elemento `input`",
              "timedOut": null,
              "duration": 91,
              "state": "passed",
              "speed": "slow",
              "pass": true,
              "fail": false,
              "pending": false,
              "context": null,
              "code": "cy.get('#board-size[type=\\'number\\'][min=\\'1\\']');",
              "err": {},
              "uuid": "8961f74d-c04f-4e9c-8720-c92058a81b92",
              "parentUUID": "3a4c179e-4a17-489c-8407-f5257300b84e",
              "isHook": false,
              "skipped": false
            },
            {
              "title": "Verifica se o botão contém o texto 'VQV'",
              "fullTitle": "10 - Faça o quadro de pixels ter seu tamanho definido pelo usuário. Verifica se o botão contém o texto 'VQV'",
              "timedOut": null,
              "duration": 93,
              "state": "passed",
              "speed": "slow",
              "pass": true,
              "fail": false,
              "pending": false,
              "context": null,
              "code": "cy.get('#generate-board').contains(/vqv/i);",
              "err": {},
              "uuid": "c785f962-d625-426c-930e-7423b1241e24",
              "parentUUID": "3a4c179e-4a17-489c-8407-f5257300b84e",
              "isHook": false,
              "skipped": false
            },
            {
              "title": "Verifica se o input está posicionado entre a paleta de cores e o quadro de pixels",
              "fullTitle": "10 - Faça o quadro de pixels ter seu tamanho definido pelo usuário. Verifica se o input está posicionado entre a paleta de cores e o quadro de pixels",
              "timedOut": null,
              "duration": 138,
              "state": "passed",
              "speed": "slow",
              "pass": true,
              "fail": false,
              "pending": false,
              "context": null,
              "code": "cy.get('#color-palette').then(function (palette) {\n  cy.get('#board-size').should('be.belowOf', palette);\n});\ncy.get('#board-size').then(function (palette) {\n  cy.get('#pixel-board').should('be.belowOf', palette);\n});",
              "err": {},
              "uuid": "8ec4d1b5-da69-44c3-a641-071a69469839",
              "parentUUID": "3a4c179e-4a17-489c-8407-f5257300b84e",
              "isHook": false,
              "skipped": false
            },
            {
              "title": "Verifica se o botão está posicionado ao lado do input",
              "fullTitle": "10 - Faça o quadro de pixels ter seu tamanho definido pelo usuário. Verifica se o botão está posicionado ao lado do input",
              "timedOut": null,
              "duration": 138,
              "state": "passed",
              "speed": "slow",
              "pass": true,
              "fail": false,
              "pending": false,
              "context": null,
              "code": "cy.get('#board-size').then(function (board) {\n  cy.get('#generate-board').should('be.onTheRightOf', board);\n});",
              "err": {},
              "uuid": "645fd386-2faf-442a-9191-23fb6b379e7f",
              "parentUUID": "3a4c179e-4a17-489c-8407-f5257300b84e",
              "isHook": false,
              "skipped": false
            },
            {
              "title": "Verifica se nenhum valor for colocado no input ao clicar no botão, um `alert` é exibido com o texto: 'Board inválido!'",
              "fullTitle": "10 - Faça o quadro de pixels ter seu tamanho definido pelo usuário. Verifica se nenhum valor for colocado no input ao clicar no botão, um `alert` é exibido com o texto: 'Board inválido!'",
              "timedOut": null,
              "duration": 355,
              "state": "failed",
              "speed": null,
              "pass": false,
              "fail": true,
              "pending": false,
              "context": null,
              "code": "var alerted = false;\ncy.on('window:alert', function (msg) {\n  return alerted = msg;\n});\ncy.get('#generate-board').click().then(function () {\n  return expect(alerted).to.match(/Board inválido!/i);\n});",
              "err": {
                "message": "AssertionError: expected false to match /Board inválido!/i",
                "estack": "AssertionError: expected false to match /Board inválido!/i\n    at getRet (http://localhost:32851/__cypress/runner/cypress_runner.js:136585:16)\n    at tryCatcher (http://localhost:32851/__cypress/runner/cypress_runner.js:167415:23)\n    at Function.Promise.attempt.Promise.try (http://localhost:32851/__cypress/runner/cypress_runner.js:164690:29)\n    at Context.thenFn (http://localhost:32851/__cypress/runner/cypress_runner.js:136599:23)\n    at Context.then (http://localhost:32851/__cypress/runner/cypress_runner.js:136971:21)\n    at Context.<anonymous> (http://localhost:32851/__cypress/runner/cypress_runner.js:148875:21)\n    at http://localhost:32851/__cypress/runner/cypress_runner.js:148351:33\n    at tryCatcher (http://localhost:32851/__cypress/runner/cypress_runner.js:167415:23)\n    at Promise._settlePromiseFromHandler (http://localhost:32851/__cypress/runner/cypress_runner.js:165351:31)\n    at Promise._settlePromise (http://localhost:32851/__cypress/runner/cypress_runner.js:165408:18)\n    at Promise._settlePromiseCtx (http://localhost:32851/__cypress/runner/cypress_runner.js:165445:10)\n    at Async../node_modules/bluebird/js/release/async.js.Async._drainQueue (http://localhost:32851/__cypress/runner/cypress_runner.js:162145:12)\n    at Async../node_modules/bluebird/js/release/async.js.Async._drainQueues (http://localhost:32851/__cypress/runner/cypress_runner.js:162150:10)\n    at Async.drainQueues (http://localhost:32851/__cypress/runner/cypress_runner.js:162024:14)",
                "diff": null
              },
              "uuid": "1eac167b-e213-42de-addc-affe044d48ac",
              "parentUUID": "3a4c179e-4a17-489c-8407-f5257300b84e",
              "isHook": false,
              "skipped": false
            },
            {
              "title": "Verifica se ao clicar no botão com um valor preenchido, o tamanho do board muda.",
              "fullTitle": "10 - Faça o quadro de pixels ter seu tamanho definido pelo usuário. Verifica se ao clicar no botão com um valor preenchido, o tamanho do board muda.",
              "timedOut": null,
              "duration": 4741,
              "state": "failed",
              "speed": null,
              "pass": false,
              "fail": true,
              "pending": false,
              "context": null,
              "code": "cy.get('#board-size').clear().type(10);\ncy.get('#generate-board').click();\ncy.get('.pixel').should('have.length', 100);",
              "err": {
                "message": "CypressError: Timed out retrying: Too many elements found. Found '110', expected '100'.",
                "estack": "CypressError: Timed out retrying: Too many elements found. Found '110', expected '100'.\n    at cypressErr (http://localhost:32851/__cypress/runner/cypress_runner.js:149934:9)\n    at throwErr (http://localhost:32851/__cypress/runner/cypress_runner.js:149867:11)\n    at Object.throwErrByPath (http://localhost:32851/__cypress/runner/cypress_runner.js:149915:3)\n    at retry (http://localhost:32851/__cypress/runner/cypress_runner.js:144197:19)\n    at onFailFn (http://localhost:32851/__cypress/runner/cypress_runner.js:132448:16)\n    at tryCatcher (http://localhost:32851/__cypress/runner/cypress_runner.js:167415:23)\n    at Promise._settlePromiseFromHandler (http://localhost:32851/__cypress/runner/cypress_runner.js:165351:31)\n    at Promise._settlePromise (http://localhost:32851/__cypress/runner/cypress_runner.js:165408:18)\n    at Promise._settlePromise0 (http://localhost:32851/__cypress/runner/cypress_runner.js:165453:10)\n    at Promise._settlePromises (http://localhost:32851/__cypress/runner/cypress_runner.js:165528:18)\n    at Async../node_modules/bluebird/js/release/async.js.Async._drainQueue (http://localhost:32851/__cypress/runner/cypress_runner.js:162140:16)\n    at Async../node_modules/bluebird/js/release/async.js.Async._drainQueues (http://localhost:32851/__cypress/runner/cypress_runner.js:162150:10)\n    at Async.drainQueues (http://localhost:32851/__cypress/runner/cypress_runner.js:162024:14)",
                "diff": null
              },
              "uuid": "11a6f2d6-7905-4dda-9612-30e08301023d",
              "parentUUID": "3a4c179e-4a17-489c-8407-f5257300b84e",
              "isHook": false,
              "skipped": false
            },
            {
              "title": "Verifica se o novo quadro tem todos os pixels preenchidos com a cor branca",
              "fullTitle": "10 - Faça o quadro de pixels ter seu tamanho definido pelo usuário. Verifica se o novo quadro tem todos os pixels preenchidos com a cor branca",
              "timedOut": null,
              "duration": 4593,
              "state": "failed",
              "speed": null,
              "pass": false,
              "fail": true,
              "pending": false,
              "context": null,
              "code": "cy.get('#board-size').clear().type(6);\ncy.get('#generate-board').click();\ncy.get('.pixel').should('have.length', 36).each(function (pixel) {\n  expect(pixel).to.have.css('background-color', WHITE);\n});",
              "err": {
                "message": "CypressError: Timed out retrying: Too many elements found. Found '42', expected '36'.",
                "estack": "CypressError: Timed out retrying: Too many elements found. Found '42', expected '36'.\n    at cypressErr (http://localhost:32851/__cypress/runner/cypress_runner.js:149934:9)\n    at throwErr (http://localhost:32851/__cypress/runner/cypress_runner.js:149867:11)\n    at Object.throwErrByPath (http://localhost:32851/__cypress/runner/cypress_runner.js:149915:3)\n    at retry (http://localhost:32851/__cypress/runner/cypress_runner.js:144197:19)\n    at onFailFn (http://localhost:32851/__cypress/runner/cypress_runner.js:132448:16)\n    at tryCatcher (http://localhost:32851/__cypress/runner/cypress_runner.js:167415:23)\n    at Promise._settlePromiseFromHandler (http://localhost:32851/__cypress/runner/cypress_runner.js:165351:31)\n    at Promise._settlePromise (http://localhost:32851/__cypress/runner/cypress_runner.js:165408:18)\n    at Promise._settlePromise0 (http://localhost:32851/__cypress/runner/cypress_runner.js:165453:10)\n    at Promise._settlePromises (http://localhost:32851/__cypress/runner/cypress_runner.js:165528:18)\n    at Async../node_modules/bluebird/js/release/async.js.Async._drainQueue (http://localhost:32851/__cypress/runner/cypress_runner.js:162140:16)\n    at Async../node_modules/bluebird/js/release/async.js.Async._drainQueues (http://localhost:32851/__cypress/runner/cypress_runner.js:162150:10)\n    at Async.drainQueues (http://localhost:32851/__cypress/runner/cypress_runner.js:162024:14)",
                "diff": null
              },
              "uuid": "8d357bdd-dc05-42e8-915f-d194431c2908",
              "parentUUID": "3a4c179e-4a17-489c-8407-f5257300b84e",
              "isHook": false,
              "skipped": false
            }
          ],
          "suites": [],
          "passes": [
            "c188aa1c-5c8b-46fb-9123-ffd87ddd8696",
            "065a4a3f-164e-4d83-8e6b-d88fec073f1b",
            "8961f74d-c04f-4e9c-8720-c92058a81b92",
            "c785f962-d625-426c-930e-7423b1241e24",
            "8ec4d1b5-da69-44c3-a641-071a69469839",
            "645fd386-2faf-442a-9191-23fb6b379e7f"
          ],
          "failures": [
            "1eac167b-e213-42de-addc-affe044d48ac",
            "11a6f2d6-7905-4dda-9612-30e08301023d",
            "8d357bdd-dc05-42e8-915f-d194431c2908"
          ],
          "pending": [],
          "skipped": [],
          "duration": 10377,
          "root": false,
          "rootEmpty": false,
          "_timeout": 2000
        },
        {
          "uuid": "d11ceb29-71ec-4374-8be0-9689ded7cf35",
          "title": "11 - Limite o tamanho mínimo e máximo do board.",
          "fullFile": "",
          "file": "",
          "beforeHooks": [],
          "afterHooks": [],
          "tests": [
            {
              "title": "Verifica se a altura máxima do board é 50",
              "fullTitle": "11 - Limite o tamanho mínimo e máximo do board. Verifica se a altura máxima do board é 50",
              "timedOut": null,
              "duration": 6991,
              "state": "failed",
              "speed": null,
              "pass": false,
              "fail": true,
              "pending": false,
              "context": null,
              "code": "cy.get('#board-size').clear().type(50);\ncy.get('#generate-board').click();\ncy.get('.pixel').should('have.length', 2500);",
              "err": {
                "message": "CypressError: Timed out retrying: Too many elements found. Found '2550', expected '2500'.",
                "estack": "CypressError: Timed out retrying: Too many elements found. Found '2550', expected '2500'.\n    at cypressErr (http://localhost:32851/__cypress/runner/cypress_runner.js:149934:9)\n    at throwErr (http://localhost:32851/__cypress/runner/cypress_runner.js:149867:11)\n    at Object.throwErrByPath (http://localhost:32851/__cypress/runner/cypress_runner.js:149915:3)\n    at retry (http://localhost:32851/__cypress/runner/cypress_runner.js:144197:19)\n    at onFailFn (http://localhost:32851/__cypress/runner/cypress_runner.js:132448:16)\n    at tryCatcher (http://localhost:32851/__cypress/runner/cypress_runner.js:167415:23)\n    at Promise._settlePromiseFromHandler (http://localhost:32851/__cypress/runner/cypress_runner.js:165351:31)\n    at Promise._settlePromise (http://localhost:32851/__cypress/runner/cypress_runner.js:165408:18)\n    at Promise._settlePromise0 (http://localhost:32851/__cypress/runner/cypress_runner.js:165453:10)\n    at Promise._settlePromises (http://localhost:32851/__cypress/runner/cypress_runner.js:165528:18)\n    at Async../node_modules/bluebird/js/release/async.js.Async._drainQueue (http://localhost:32851/__cypress/runner/cypress_runner.js:162140:16)\n    at Async../node_modules/bluebird/js/release/async.js.Async._drainQueues (http://localhost:32851/__cypress/runner/cypress_runner.js:162150:10)\n    at Async.drainQueues (http://localhost:32851/__cypress/runner/cypress_runner.js:162024:14)",
                "diff": null
              },
              "uuid": "3a4d1f97-f148-43b8-85e3-26a7afff72a3",
              "parentUUID": "d11ceb29-71ec-4374-8be0-9689ded7cf35",
              "isHook": false,
              "skipped": false
            },
            {
              "title": "Verifica se a altura do board é 5 quando um valor menor é colocado no input",
              "fullTitle": "11 - Limite o tamanho mínimo e máximo do board. Verifica se a altura do board é 5 quando um valor menor é colocado no input",
              "timedOut": null,
              "duration": 4634,
              "state": "failed",
              "speed": null,
              "pass": false,
              "fail": true,
              "pending": false,
              "context": null,
              "code": "cy.get('#board-size').clear().type(4);\ncy.get('#generate-board').click();\ncy.get('.pixel').should('have.length', 25);",
              "err": {
                "message": "CypressError: Timed out retrying: Not enough elements found. Found '20', expected '25'.",
                "estack": "CypressError: Timed out retrying: Not enough elements found. Found '20', expected '25'.\n    at cypressErr (http://localhost:32851/__cypress/runner/cypress_runner.js:149934:9)\n    at throwErr (http://localhost:32851/__cypress/runner/cypress_runner.js:149867:11)\n    at Object.throwErrByPath (http://localhost:32851/__cypress/runner/cypress_runner.js:149915:3)\n    at retry (http://localhost:32851/__cypress/runner/cypress_runner.js:144197:19)\n    at onFailFn (http://localhost:32851/__cypress/runner/cypress_runner.js:132448:16)\n    at tryCatcher (http://localhost:32851/__cypress/runner/cypress_runner.js:167415:23)\n    at Promise._settlePromiseFromHandler (http://localhost:32851/__cypress/runner/cypress_runner.js:165351:31)\n    at Promise._settlePromise (http://localhost:32851/__cypress/runner/cypress_runner.js:165408:18)\n    at Promise._settlePromise0 (http://localhost:32851/__cypress/runner/cypress_runner.js:165453:10)\n    at Promise._settlePromises (http://localhost:32851/__cypress/runner/cypress_runner.js:165528:18)\n    at Async../node_modules/bluebird/js/release/async.js.Async._drainQueue (http://localhost:32851/__cypress/runner/cypress_runner.js:162140:16)\n    at Async../node_modules/bluebird/js/release/async.js.Async._drainQueues (http://localhost:32851/__cypress/runner/cypress_runner.js:162150:10)\n    at Async.drainQueues (http://localhost:32851/__cypress/runner/cypress_runner.js:162024:14)",
                "diff": null
              },
              "uuid": "842e4ada-da60-4aab-90f5-2a09e25f5f38",
              "parentUUID": "d11ceb29-71ec-4374-8be0-9689ded7cf35",
              "isHook": false,
              "skipped": false
            },
            {
              "title": "Verifica se a altura do board é 50 quando um valor maior é colocado no input",
              "fullTitle": "11 - Limite o tamanho mínimo e máximo do board. Verifica se a altura do board é 50 quando um valor maior é colocado no input",
              "timedOut": null,
              "duration": 7307,
              "state": "failed",
              "speed": null,
              "pass": false,
              "fail": true,
              "pending": false,
              "context": null,
              "code": "cy.get('#board-size').clear().type(51);\ncy.get('#generate-board').click();\ncy.get('.pixel').should('have.length', 2500);",
              "err": {
                "message": "CypressError: Timed out retrying: Too many elements found. Found '2652', expected '2500'.",
                "estack": "CypressError: Timed out retrying: Too many elements found. Found '2652', expected '2500'.\n    at cypressErr (http://localhost:32851/__cypress/runner/cypress_runner.js:149934:9)\n    at throwErr (http://localhost:32851/__cypress/runner/cypress_runner.js:149867:11)\n    at Object.throwErrByPath (http://localhost:32851/__cypress/runner/cypress_runner.js:149915:3)\n    at retry (http://localhost:32851/__cypress/runner/cypress_runner.js:144197:19)\n    at onFailFn (http://localhost:32851/__cypress/runner/cypress_runner.js:132448:16)\n    at tryCatcher (http://localhost:32851/__cypress/runner/cypress_runner.js:167415:23)\n    at Promise._settlePromiseFromHandler (http://localhost:32851/__cypress/runner/cypress_runner.js:165351:31)\n    at Promise._settlePromise (http://localhost:32851/__cypress/runner/cypress_runner.js:165408:18)\n    at Promise._settlePromise0 (http://localhost:32851/__cypress/runner/cypress_runner.js:165453:10)\n    at Promise._settlePromises (http://localhost:32851/__cypress/runner/cypress_runner.js:165528:18)\n    at Async../node_modules/bluebird/js/release/async.js.Async._drainQueue (http://localhost:32851/__cypress/runner/cypress_runner.js:162140:16)\n    at Async../node_modules/bluebird/js/release/async.js.Async._drainQueues (http://localhost:32851/__cypress/runner/cypress_runner.js:162150:10)\n    at Async.drainQueues (http://localhost:32851/__cypress/runner/cypress_runner.js:162024:14)",
                "diff": null
              },
              "uuid": "681eb739-11d0-4e95-b9a5-00afc72d6351",
              "parentUUID": "d11ceb29-71ec-4374-8be0-9689ded7cf35",
              "isHook": false,
              "skipped": false
            }
          ],
          "suites": [],
          "passes": [],
          "failures": [
            "3a4d1f97-f148-43b8-85e3-26a7afff72a3",
            "842e4ada-da60-4aab-90f5-2a09e25f5f38",
            "681eb739-11d0-4e95-b9a5-00afc72d6351"
          ],
          "pending": [],
          "skipped": [],
          "duration": 18932,
          "root": false,
          "rootEmpty": false,
          "_timeout": 2000
        },
        {
          "uuid": "dac2a4f4-5436-48dd-b211-2c224bc02360",
          "title": "12 - Faça com que as cores da paleta sejam geradas aleatoriamente ao carregar a página.",
          "fullFile": "",
          "file": "",
          "beforeHooks": [],
          "afterHooks": [],
          "tests": [
            {
              "title": "Verifica se as cores geradas na paleta são diferentes a cada carregamento da página",
              "fullTitle": "12 - Faça com que as cores da paleta sejam geradas aleatoriamente ao carregar a página. Verifica se as cores geradas na paleta são diferentes a cada carregamento da página",
              "timedOut": null,
              "duration": 381,
              "state": "failed",
              "speed": null,
              "pass": false,
              "fail": true,
              "pending": false,
              "context": null,
              "code": "cy.get('.color').then(function (colors) {\n  var currentColors;\n  var previousColors;\n  previousColors = Array.from(colors).map(function (color) {\n    return Cypress.$(color).css('background-color');\n  });\n  for (var i = 0; i < 5; i += 1) {\n    cy.reload();\n    cy.get('.color').then(function (colors) {\n      currentColors = Array.from(colors).map(function (color) {\n        return Cypress.$(color).css('background-color');\n      });\n      expect(currentColors).not.to.deep.equal(previousColors);\n      previousColors = currentColors;\n    });\n  }\n});",
              "err": {
                "message": "AssertionError: expected [ Array(4) ] to not deeply equal [ Array(4) ]",
                "estack": "AssertionError: expected [ Array(4) ] to not deeply equal [ Array(4) ]\n    at getRet (http://localhost:32851/__cypress/runner/cypress_runner.js:136585:16)\n    at tryCatcher (http://localhost:32851/__cypress/runner/cypress_runner.js:167415:23)\n    at Function.Promise.attempt.Promise.try (http://localhost:32851/__cypress/runner/cypress_runner.js:164690:29)\n    at Context.thenFn (http://localhost:32851/__cypress/runner/cypress_runner.js:136599:23)\n    at Context.then (http://localhost:32851/__cypress/runner/cypress_runner.js:136971:21)\n    at Context.<anonymous> (http://localhost:32851/__cypress/runner/cypress_runner.js:148875:21)\n    at http://localhost:32851/__cypress/runner/cypress_runner.js:148351:33\n    at tryCatcher (http://localhost:32851/__cypress/runner/cypress_runner.js:167415:23)\n    at Promise._settlePromiseFromHandler (http://localhost:32851/__cypress/runner/cypress_runner.js:165351:31)\n    at Promise._settlePromise (http://localhost:32851/__cypress/runner/cypress_runner.js:165408:18)\n    at Promise._settlePromiseCtx (http://localhost:32851/__cypress/runner/cypress_runner.js:165445:10)\n    at Async../node_modules/bluebird/js/release/async.js.Async._drainQueue (http://localhost:32851/__cypress/runner/cypress_runner.js:162145:12)\n    at Async../node_modules/bluebird/js/release/async.js.Async._drainQueues (http://localhost:32851/__cypress/runner/cypress_runner.js:162150:10)\n    at Async.drainQueues (http://localhost:32851/__cypress/runner/cypress_runner.js:162024:14)",
                "diff": ""
              },
              "uuid": "d35dfee3-b123-479b-a940-7aeded0bfedd",
              "parentUUID": "dac2a4f4-5436-48dd-b211-2c224bc02360",
              "isHook": false,
              "skipped": false
            },
            {
              "title": "Verifica se a cor preta ainda está presente e é a primeira na sua paleta de cores",
              "fullTitle": "12 - Faça com que as cores da paleta sejam geradas aleatoriamente ao carregar a página. Verifica se a cor preta ainda está presente e é a primeira na sua paleta de cores",
              "timedOut": null,
              "duration": 376,
              "state": "failed",
              "speed": null,
              "pass": false,
              "fail": true,
              "pending": false,
              "context": null,
              "code": "cy.get('.color').then(function (colors) {\n  var currentColors;\n  var previousColors;\n  previousColors = Array.from(colors).map(function (color) {\n    return Cypress.$(color).css('background-color');\n  });\n  expect(previousColors[0]).to.eq(BLACK);\n  for (var i = 0; i < 5; i += 1) {\n    cy.reload();\n    cy.get('.color').then(function (colors) {\n      currentColors = Array.from(colors).map(function (color) {\n        return Cypress.$(color).css('background-color');\n      });\n      expect(currentColors[0]).to.eq(BLACK);\n      expect(currentColors).not.to.deep.equal(previousColors);\n      previousColors = currentColors;\n    });\n  }\n});",
              "err": {
                "message": "AssertionError: expected [ Array(4) ] to not deeply equal [ Array(4) ]",
                "estack": "AssertionError: expected [ Array(4) ] to not deeply equal [ Array(4) ]\n    at getRet (http://localhost:32851/__cypress/runner/cypress_runner.js:136585:16)\n    at tryCatcher (http://localhost:32851/__cypress/runner/cypress_runner.js:167415:23)\n    at Function.Promise.attempt.Promise.try (http://localhost:32851/__cypress/runner/cypress_runner.js:164690:29)\n    at Context.thenFn (http://localhost:32851/__cypress/runner/cypress_runner.js:136599:23)\n    at Context.then (http://localhost:32851/__cypress/runner/cypress_runner.js:136971:21)\n    at Context.<anonymous> (http://localhost:32851/__cypress/runner/cypress_runner.js:148875:21)\n    at http://localhost:32851/__cypress/runner/cypress_runner.js:148351:33\n    at tryCatcher (http://localhost:32851/__cypress/runner/cypress_runner.js:167415:23)\n    at Promise._settlePromiseFromHandler (http://localhost:32851/__cypress/runner/cypress_runner.js:165351:31)\n    at Promise._settlePromise (http://localhost:32851/__cypress/runner/cypress_runner.js:165408:18)\n    at Promise._settlePromiseCtx (http://localhost:32851/__cypress/runner/cypress_runner.js:165445:10)\n    at Async../node_modules/bluebird/js/release/async.js.Async._drainQueue (http://localhost:32851/__cypress/runner/cypress_runner.js:162145:12)\n    at Async../node_modules/bluebird/js/release/async.js.Async._drainQueues (http://localhost:32851/__cypress/runner/cypress_runner.js:162150:10)\n    at Async.drainQueues (http://localhost:32851/__cypress/runner/cypress_runner.js:162024:14)",
                "diff": ""
              },
              "uuid": "37acb9ab-be8f-4d4f-9735-04480a88f12f",
              "parentUUID": "dac2a4f4-5436-48dd-b211-2c224bc02360",
              "isHook": false,
              "skipped": false
            }
          ],
          "suites": [],
          "passes": [],
          "failures": [
            "d35dfee3-b123-479b-a940-7aeded0bfedd",
            "37acb9ab-be8f-4d4f-9735-04480a88f12f"
          ],
          "pending": [],
          "skipped": [],
          "duration": 757,
          "root": false,
          "rootEmpty": false,
          "_timeout": 2000
        }
      ],
      "passes": [],
      "failures": [],
      "pending": [],
      "skipped": [],
      "duration": 0,
      "root": true,
      "rootEmpty": true,
      "_timeout": 2000
    }
  ],
  "meta": {
    "mocha": {
      "version": "7.0.1"
    },
    "mochawesome": {
      "options": {
        "quiet": false,
        "reportFilename": "mochawesome",
        "saveHtml": false,
        "saveJson": true,
        "consoleReporter": "spec",
        "useInlineDiffs": false
      },
      "version": "4.1.0"
    },
    "marge": {
      "options": {
        "id": "default",
        "reportDir": "cypress/reports",
        "overwrite": true,
        "html": false,
        "json": true
      },
      "version": "4.1.0"
    }
  }
}