{
  "stats": {
    "suites": 12,
    "tests": 41,
    "passes": 4,
    "pending": 0,
    "failures": 37,
    "start": "2021-07-08T17:39:29.837Z",
    "end": "2021-07-08T17:41:56.838Z",
    "duration": 147001,
    "testsRegistered": 41,
    "passPercent": 9.75609756097561,
    "pendingPercent": 0,
    "other": 0,
    "hasOther": false,
    "skipped": 0,
    "hasSkipped": false
  },
  "results": [
    {
      "uuid": "7d144ca5-fba4-46f4-bdbe-7659b89572aa",
      "title": "",
      "fullFile": "cypress/integration/project.spec.js",
      "file": "cypress/integration/project.spec.js",
      "beforeHooks": [],
      "afterHooks": [],
      "tests": [],
      "suites": [
        {
          "uuid": "cac16607-5f6f-47bb-a5a2-d0b5da7a4c91",
          "title": "1 - Adicione à página o título \"Paleta de Cores\".",
          "fullFile": "",
          "file": "",
          "beforeHooks": [],
          "afterHooks": [],
          "tests": [
            {
              "title": "Verifica se contém um elemento `h1` com o id `title` com o título correto",
              "fullTitle": "1 - Adicione à página o título \"Paleta de Cores\". Verifica se contém um elemento `h1` com o id `title` com o título correto",
              "timedOut": null,
              "duration": 124,
              "state": "passed",
              "speed": "slow",
              "pass": true,
              "fail": false,
              "pending": false,
              "context": null,
              "code": "cy.get('h1#title').should('contain.text', 'Paleta de Cores');",
              "err": {},
              "uuid": "2c2cd143-9f73-4288-87be-ac2be2691c60",
              "parentUUID": "cac16607-5f6f-47bb-a5a2-d0b5da7a4c91",
              "isHook": false,
              "skipped": false
            }
          ],
          "suites": [],
          "passes": [
            "2c2cd143-9f73-4288-87be-ac2be2691c60"
          ],
          "failures": [],
          "pending": [],
          "skipped": [],
          "duration": 124,
          "root": false,
          "rootEmpty": false,
          "_timeout": 2000
        },
        {
          "uuid": "fdeade67-7401-4d6b-9d07-3fb991032070",
          "title": "2 - Adicione à página uma paleta de quatro cores distintas.",
          "fullFile": "",
          "file": "",
          "beforeHooks": [],
          "afterHooks": [],
          "tests": [
            {
              "title": "A paleta de cores deve ser um elemento com `id` denominado `color-palette`",
              "fullTitle": "2 - Adicione à página uma paleta de quatro cores distintas. A paleta de cores deve ser um elemento com `id` denominado `color-palette`",
              "timedOut": null,
              "duration": 4206,
              "state": "failed",
              "speed": null,
              "pass": false,
              "fail": true,
              "pending": false,
              "context": null,
              "code": "cy.get('#color-palette').should('be.visible');",
              "err": {
                "message": "CypressError: Timed out retrying: expected '<section#color-palette>' to be 'visible'\n\nThis element '<section#color-palette>' is not visible because it has an effective width and height of: '1350 x 0' pixels.",
                "estack": "CypressError: Timed out retrying: expected '<section#color-palette>' to be 'visible'\n\nThis element '<section#color-palette>' is not visible because it has an effective width and height of: '1350 x 0' pixels.\n    at cypressErr (http://localhost:35465/__cypress/runner/cypress_runner.js:149934:9)\n    at throwErr (http://localhost:35465/__cypress/runner/cypress_runner.js:149867:11)\n    at Object.throwErrByPath (http://localhost:35465/__cypress/runner/cypress_runner.js:149915:3)\n    at retry (http://localhost:35465/__cypress/runner/cypress_runner.js:144197:19)\n    at onFailFn (http://localhost:35465/__cypress/runner/cypress_runner.js:132448:16)\n    at tryCatcher (http://localhost:35465/__cypress/runner/cypress_runner.js:167415:23)\n    at Promise._settlePromiseFromHandler (http://localhost:35465/__cypress/runner/cypress_runner.js:165351:31)\n    at Promise._settlePromise (http://localhost:35465/__cypress/runner/cypress_runner.js:165408:18)\n    at Promise._settlePromise0 (http://localhost:35465/__cypress/runner/cypress_runner.js:165453:10)\n    at Promise._settlePromises (http://localhost:35465/__cypress/runner/cypress_runner.js:165528:18)\n    at Async../node_modules/bluebird/js/release/async.js.Async._drainQueue (http://localhost:35465/__cypress/runner/cypress_runner.js:162140:16)\n    at Async../node_modules/bluebird/js/release/async.js.Async._drainQueues (http://localhost:35465/__cypress/runner/cypress_runner.js:162150:10)\n    at Async.drainQueues (http://localhost:35465/__cypress/runner/cypress_runner.js:162024:14)",
                "diff": null
              },
              "uuid": "d0d1e848-0794-4ec4-806f-f3b9e683e0ae",
              "parentUUID": "fdeade67-7401-4d6b-9d07-3fb991032070",
              "isHook": false,
              "skipped": false
            },
            {
              "title": "Verifica se cada cor individual da paleta de cores possui a `classe` chamada `color`.",
              "fullTitle": "2 - Adicione à página uma paleta de quatro cores distintas. Verifica se cada cor individual da paleta de cores possui a `classe` chamada `color`.",
              "timedOut": null,
              "duration": 4208,
              "state": "failed",
              "speed": null,
              "pass": false,
              "fail": true,
              "pending": false,
              "context": null,
              "code": "cy.get('.color').should('have.length', 4).then(function (colors) {\n  for (var i = 0; i < colors.length; i++) {\n    cy.wrap(colors[i]).should('be.visible');\n  }\n});",
              "err": {
                "message": "CypressError: Timed out retrying: expected '<div.color>' to be 'visible'\n\nThis element '<div.color>' is not visible because it has an effective width and height of: '1350 x 0' pixels.",
                "estack": "CypressError: Timed out retrying: expected '<div.color>' to be 'visible'\n\nThis element '<div.color>' is not visible because it has an effective width and height of: '1350 x 0' pixels.\n    at cypressErr (http://localhost:35465/__cypress/runner/cypress_runner.js:149934:9)\n    at throwErr (http://localhost:35465/__cypress/runner/cypress_runner.js:149867:11)\n    at Object.throwErrByPath (http://localhost:35465/__cypress/runner/cypress_runner.js:149915:3)\n    at retry (http://localhost:35465/__cypress/runner/cypress_runner.js:144197:19)\n    at onFailFn (http://localhost:35465/__cypress/runner/cypress_runner.js:132448:16)\n    at tryCatcher (http://localhost:35465/__cypress/runner/cypress_runner.js:167415:23)\n    at Promise._settlePromiseFromHandler (http://localhost:35465/__cypress/runner/cypress_runner.js:165351:31)\n    at Promise._settlePromise (http://localhost:35465/__cypress/runner/cypress_runner.js:165408:18)\n    at Promise._settlePromise0 (http://localhost:35465/__cypress/runner/cypress_runner.js:165453:10)\n    at Promise._settlePromises (http://localhost:35465/__cypress/runner/cypress_runner.js:165528:18)\n    at Async../node_modules/bluebird/js/release/async.js.Async._drainQueue (http://localhost:35465/__cypress/runner/cypress_runner.js:162140:16)\n    at Async../node_modules/bluebird/js/release/async.js.Async._drainQueues (http://localhost:35465/__cypress/runner/cypress_runner.js:162150:10)\n    at Async.drainQueues (http://localhost:35465/__cypress/runner/cypress_runner.js:162024:14)",
                "diff": null
              },
              "uuid": "f18fd127-ccf7-4805-a739-83ed779f2323",
              "parentUUID": "fdeade67-7401-4d6b-9d07-3fb991032070",
              "isHook": false,
              "skipped": false
            },
            {
              "title": "Verifica se a cor de fundo de cada elemento da paleta é a cor que o elemento representa. **A única cor não permitida na paleta é a cor branca.**",
              "fullTitle": "2 - Adicione à página uma paleta de quatro cores distintas. Verifica se a cor de fundo de cada elemento da paleta é a cor que o elemento representa. **A única cor não permitida na paleta é a cor branca.**",
              "timedOut": null,
              "duration": 106,
              "state": "passed",
              "speed": "slow",
              "pass": true,
              "fail": false,
              "pending": false,
              "context": null,
              "code": "cy.get('.color').each(function (color) {\n  cy.wrap(color).should('have.class', 'color').and('not.have.css', 'background-color', WHITE);\n  cy.wrap(color).should('have.css', 'background-color');\n});",
              "err": {},
              "uuid": "b267c447-33c2-4678-8aa3-d7881ae0435e",
              "parentUUID": "fdeade67-7401-4d6b-9d07-3fb991032070",
              "isHook": false,
              "skipped": false
            },
            {
              "title": "Verifica se cada elemento da paleta de cores tem uma borda preta, sólida e com 1 pixel de largura;",
              "fullTitle": "2 - Adicione à página uma paleta de quatro cores distintas. Verifica se cada elemento da paleta de cores tem uma borda preta, sólida e com 1 pixel de largura;",
              "timedOut": null,
              "duration": 4237,
              "state": "failed",
              "speed": null,
              "pass": false,
              "fail": true,
              "pending": false,
              "context": null,
              "code": "cy.get('.color').each(function (color) {\n  cy.wrap(color).and('have.css', 'border', \"1px solid \".concat(BLACK)).and('have.class', 'color');\n});",
              "err": {
                "message": "CypressError: Timed out retrying: expected '<div.color>' to have CSS property 'border' with the value '1px solid rgb(0, 0, 0)', but the value was '0px none rgb(0, 0, 0)'",
                "estack": "CypressError: Timed out retrying: expected '<div.color>' to have CSS property 'border' with the value '1px solid rgb(0, 0, 0)', but the value was '0px none rgb(0, 0, 0)'\n    at cypressErr (http://localhost:35465/__cypress/runner/cypress_runner.js:149934:9)\n    at throwErr (http://localhost:35465/__cypress/runner/cypress_runner.js:149867:11)\n    at Object.throwErrByPath (http://localhost:35465/__cypress/runner/cypress_runner.js:149915:3)\n    at retry (http://localhost:35465/__cypress/runner/cypress_runner.js:144197:19)\n    at onFailFn (http://localhost:35465/__cypress/runner/cypress_runner.js:132448:16)\n    at tryCatcher (http://localhost:35465/__cypress/runner/cypress_runner.js:167415:23)\n    at Promise._settlePromiseFromHandler (http://localhost:35465/__cypress/runner/cypress_runner.js:165351:31)\n    at Promise._settlePromise (http://localhost:35465/__cypress/runner/cypress_runner.js:165408:18)\n    at Promise._settlePromise0 (http://localhost:35465/__cypress/runner/cypress_runner.js:165453:10)\n    at Promise._settlePromises (http://localhost:35465/__cypress/runner/cypress_runner.js:165528:18)\n    at Async../node_modules/bluebird/js/release/async.js.Async._drainQueue (http://localhost:35465/__cypress/runner/cypress_runner.js:162140:16)\n    at Async../node_modules/bluebird/js/release/async.js.Async._drainQueues (http://localhost:35465/__cypress/runner/cypress_runner.js:162150:10)\n    at Async.drainQueues (http://localhost:35465/__cypress/runner/cypress_runner.js:162024:14)",
                "diff": null
              },
              "uuid": "5335d576-4fd5-4992-b8a3-dcf33a266dad",
              "parentUUID": "fdeade67-7401-4d6b-9d07-3fb991032070",
              "isHook": false,
              "skipped": false
            },
            {
              "title": "Verifica se a paleta lista todas as cores disponíveis para utilização, lado a lado.",
              "fullTitle": "2 - Adicione à página uma paleta de quatro cores distintas. Verifica se a paleta lista todas as cores disponíveis para utilização, lado a lado.",
              "timedOut": null,
              "duration": 4222,
              "state": "failed",
              "speed": null,
              "pass": false,
              "fail": true,
              "pending": false,
              "context": null,
              "code": "cy.get('.color').then(function (colors) {\n  for (var index = 1; index < colors.length; index += 1) {\n    var currentColor = colors[index];\n    var previousColor = colors[index - 1];\n    cy.wrap(currentColor).should('be.onTheRightOf', previousColor).and('be.horizontallyAlignedWith', previousColor);\n  }\n});",
              "err": {
                "message": "CypressError: Timed out retrying: expected '<div.color>' to be on the right of <div class=\"color\"></div>",
                "estack": "CypressError: Timed out retrying: expected '<div.color>' to be on the right of <div class=\"color\"></div>\n    at cypressErr (http://localhost:35465/__cypress/runner/cypress_runner.js:149934:9)\n    at throwErr (http://localhost:35465/__cypress/runner/cypress_runner.js:149867:11)\n    at Object.throwErrByPath (http://localhost:35465/__cypress/runner/cypress_runner.js:149915:3)\n    at retry (http://localhost:35465/__cypress/runner/cypress_runner.js:144197:19)\n    at onFailFn (http://localhost:35465/__cypress/runner/cypress_runner.js:132448:16)\n    at tryCatcher (http://localhost:35465/__cypress/runner/cypress_runner.js:167415:23)\n    at Promise._settlePromiseFromHandler (http://localhost:35465/__cypress/runner/cypress_runner.js:165351:31)\n    at Promise._settlePromise (http://localhost:35465/__cypress/runner/cypress_runner.js:165408:18)\n    at Promise._settlePromise0 (http://localhost:35465/__cypress/runner/cypress_runner.js:165453:10)\n    at Promise._settlePromises (http://localhost:35465/__cypress/runner/cypress_runner.js:165528:18)\n    at Async../node_modules/bluebird/js/release/async.js.Async._drainQueue (http://localhost:35465/__cypress/runner/cypress_runner.js:162140:16)\n    at Async../node_modules/bluebird/js/release/async.js.Async._drainQueues (http://localhost:35465/__cypress/runner/cypress_runner.js:162150:10)\n    at Async.drainQueues (http://localhost:35465/__cypress/runner/cypress_runner.js:162024:14)",
                "diff": null
              },
              "uuid": "8d54928a-fb30-472d-888d-4b80aa2caf02",
              "parentUUID": "fdeade67-7401-4d6b-9d07-3fb991032070",
              "isHook": false,
              "skipped": false
            },
            {
              "title": "Verifica se a paleta de cores está posicionada abaixo do título 'Paleta de Cores'",
              "fullTitle": "2 - Adicione à página uma paleta de quatro cores distintas. Verifica se a paleta de cores está posicionada abaixo do título 'Paleta de Cores'",
              "timedOut": null,
              "duration": 105,
              "state": "passed",
              "speed": "slow",
              "pass": true,
              "fail": false,
              "pending": false,
              "context": null,
              "code": "cy.get('h1#title').then(function (title) {\n  cy.get('#color-palette').should('be.belowOf', title);\n});",
              "err": {},
              "uuid": "fa364d8b-8627-4f3c-8671-20e8628d9385",
              "parentUUID": "fdeade67-7401-4d6b-9d07-3fb991032070",
              "isHook": false,
              "skipped": false
            },
            {
              "title": "Verifica se a paleta de cores não contém cores repetidas.",
              "fullTitle": "2 - Adicione à página uma paleta de quatro cores distintas. Verifica se a paleta de cores não contém cores repetidas.",
              "timedOut": null,
              "duration": 193,
              "state": "failed",
              "speed": null,
              "pass": false,
              "fail": true,
              "pending": false,
              "context": null,
              "code": "cy.get('.color').then(function (colors) {\n  var allColors = Array.from(colors).map(function (color) {\n    return Cypress.$(color).css('background-color');\n  });\n  cy.log(allColors);\n  var uniqColors = (0, _toConsumableArray2[\"default\"])(new Set(allColors));\n  cy.log(uniqColors);\n  expect(allColors.length).to.eq(uniqColors.length);\n});",
              "err": {
                "message": "AssertionError: expected 4 to equal 1",
                "estack": "AssertionError: expected 4 to equal 1\n    at getRet (http://localhost:35465/__cypress/runner/cypress_runner.js:136585:16)\n    at tryCatcher (http://localhost:35465/__cypress/runner/cypress_runner.js:167415:23)\n    at Function.Promise.attempt.Promise.try (http://localhost:35465/__cypress/runner/cypress_runner.js:164690:29)\n    at Context.thenFn (http://localhost:35465/__cypress/runner/cypress_runner.js:136599:23)\n    at Context.then (http://localhost:35465/__cypress/runner/cypress_runner.js:136971:21)\n    at Context.<anonymous> (http://localhost:35465/__cypress/runner/cypress_runner.js:148875:21)\n    at http://localhost:35465/__cypress/runner/cypress_runner.js:148351:33\n    at tryCatcher (http://localhost:35465/__cypress/runner/cypress_runner.js:167415:23)\n    at Promise._settlePromiseFromHandler (http://localhost:35465/__cypress/runner/cypress_runner.js:165351:31)\n    at Promise._settlePromise (http://localhost:35465/__cypress/runner/cypress_runner.js:165408:18)\n    at Promise._settlePromiseCtx (http://localhost:35465/__cypress/runner/cypress_runner.js:165445:10)\n    at Async../node_modules/bluebird/js/release/async.js.Async._drainQueue (http://localhost:35465/__cypress/runner/cypress_runner.js:162145:12)\n    at Async../node_modules/bluebird/js/release/async.js.Async._drainQueues (http://localhost:35465/__cypress/runner/cypress_runner.js:162150:10)\n    at Async.drainQueues (http://localhost:35465/__cypress/runner/cypress_runner.js:162024:14)",
                "diff": "- 4\n+ 1\n"
              },
              "uuid": "b1e3ab3e-d7b9-4411-ae2a-7cdbfbddcd81",
              "parentUUID": "fdeade67-7401-4d6b-9d07-3fb991032070",
              "isHook": false,
              "skipped": false
            }
          ],
          "suites": [],
          "passes": [
            "b267c447-33c2-4678-8aa3-d7881ae0435e",
            "fa364d8b-8627-4f3c-8671-20e8628d9385"
          ],
          "failures": [
            "d0d1e848-0794-4ec4-806f-f3b9e683e0ae",
            "f18fd127-ccf7-4805-a739-83ed779f2323",
            "5335d576-4fd5-4992-b8a3-dcf33a266dad",
            "8d54928a-fb30-472d-888d-4b80aa2caf02",
            "b1e3ab3e-d7b9-4411-ae2a-7cdbfbddcd81"
          ],
          "pending": [],
          "skipped": [],
          "duration": 17277,
          "root": false,
          "rootEmpty": false,
          "_timeout": 2000
        },
        {
          "uuid": "f3e55cbb-a77e-42f3-89bc-1986998b6c4e",
          "title": "3 - Adicione a cor **preta** como a primeira cor da paleta de cores.",
          "fullFile": "",
          "file": "",
          "beforeHooks": [],
          "afterHooks": [],
          "tests": [
            {
              "title": "Verifica se a primeira cor da paleta é preta",
              "fullTitle": "3 - Adicione a cor **preta** como a primeira cor da paleta de cores. Verifica se a primeira cor da paleta é preta",
              "timedOut": null,
              "duration": 4250,
              "state": "failed",
              "speed": null,
              "pass": false,
              "fail": true,
              "pending": false,
              "context": null,
              "code": "cy.get('.color').first().should('have.css', 'background-color', BLACK);",
              "err": {
                "message": "CypressError: Timed out retrying: expected '<div.color>' to have CSS property 'background-color' with the value 'rgb(0, 0, 0)', but the value was 'rgba(0, 0, 0, 0)'",
                "estack": "CypressError: Timed out retrying: expected '<div.color>' to have CSS property 'background-color' with the value 'rgb(0, 0, 0)', but the value was 'rgba(0, 0, 0, 0)'\n    at cypressErr (http://localhost:35465/__cypress/runner/cypress_runner.js:149934:9)\n    at throwErr (http://localhost:35465/__cypress/runner/cypress_runner.js:149867:11)\n    at Object.throwErrByPath (http://localhost:35465/__cypress/runner/cypress_runner.js:149915:3)\n    at retry (http://localhost:35465/__cypress/runner/cypress_runner.js:144197:19)\n    at onFailFn (http://localhost:35465/__cypress/runner/cypress_runner.js:132448:16)\n    at tryCatcher (http://localhost:35465/__cypress/runner/cypress_runner.js:167415:23)\n    at Promise._settlePromiseFromHandler (http://localhost:35465/__cypress/runner/cypress_runner.js:165351:31)\n    at Promise._settlePromise (http://localhost:35465/__cypress/runner/cypress_runner.js:165408:18)\n    at Promise._settlePromise0 (http://localhost:35465/__cypress/runner/cypress_runner.js:165453:10)\n    at Promise._settlePromises (http://localhost:35465/__cypress/runner/cypress_runner.js:165528:18)\n    at Async../node_modules/bluebird/js/release/async.js.Async._drainQueue (http://localhost:35465/__cypress/runner/cypress_runner.js:162140:16)\n    at Async../node_modules/bluebird/js/release/async.js.Async._drainQueues (http://localhost:35465/__cypress/runner/cypress_runner.js:162150:10)\n    at Async.drainQueues (http://localhost:35465/__cypress/runner/cypress_runner.js:162024:14)",
                "diff": null
              },
              "uuid": "6113a15d-5d55-4490-bae8-ed2f98a8ac07",
              "parentUUID": "f3e55cbb-a77e-42f3-89bc-1986998b6c4e",
              "isHook": false,
              "skipped": false
            },
            {
              "title": "Verifica se as demais cores podem ser escolhidas livremente.",
              "fullTitle": "3 - Adicione a cor **preta** como a primeira cor da paleta de cores. Verifica se as demais cores podem ser escolhidas livremente.",
              "timedOut": null,
              "duration": 4249,
              "state": "failed",
              "speed": null,
              "pass": false,
              "fail": true,
              "pending": false,
              "context": null,
              "code": "cy.get('.color').eq(1).should('not.have.css', 'background-color', BLACK);\ncy.get('.color').eq(1).should('not.have.css', 'background-color', WHITE);\ncy.get('.color').eq(1).should('not.have.css', 'background-color', 'rgba(0, 0, 0, 0)');\ncy.get('.color').eq(1).should('have.css', 'background-color');\ncy.get('.color').eq(2).should('not.have.css', 'background-color', BLACK);\ncy.get('.color').eq(2).should('not.have.css', 'background-color', WHITE);\ncy.get('.color').eq(2).should('not.have.css', 'background-color', 'rgba(0, 0, 0, 0)');\ncy.get('.color').eq(2).should('have.css', 'background-color');\ncy.get('.color').eq(3).should('not.have.css', 'background-color', BLACK);\ncy.get('.color').eq(3).should('not.have.css', 'background-color', WHITE);\ncy.get('.color').eq(3).should('not.have.css', 'background-color', 'rgba(0, 0, 0, 0)');\ncy.get('.color').eq(3).should('have.css', 'background-color');",
              "err": {
                "message": "CypressError: Timed out retrying: expected '<div.color>' not to have CSS property 'background-color' with the value 'rgba(0, 0, 0, 0)', but the value was 'rgba(0, 0, 0, 0)'",
                "estack": "CypressError: Timed out retrying: expected '<div.color>' not to have CSS property 'background-color' with the value 'rgba(0, 0, 0, 0)', but the value was 'rgba(0, 0, 0, 0)'\n    at cypressErr (http://localhost:35465/__cypress/runner/cypress_runner.js:149934:9)\n    at throwErr (http://localhost:35465/__cypress/runner/cypress_runner.js:149867:11)\n    at Object.throwErrByPath (http://localhost:35465/__cypress/runner/cypress_runner.js:149915:3)\n    at retry (http://localhost:35465/__cypress/runner/cypress_runner.js:144197:19)\n    at onFailFn (http://localhost:35465/__cypress/runner/cypress_runner.js:132448:16)\n    at tryCatcher (http://localhost:35465/__cypress/runner/cypress_runner.js:167415:23)\n    at Promise._settlePromiseFromHandler (http://localhost:35465/__cypress/runner/cypress_runner.js:165351:31)\n    at Promise._settlePromise (http://localhost:35465/__cypress/runner/cypress_runner.js:165408:18)\n    at Promise._settlePromise0 (http://localhost:35465/__cypress/runner/cypress_runner.js:165453:10)\n    at Promise._settlePromises (http://localhost:35465/__cypress/runner/cypress_runner.js:165528:18)\n    at Async../node_modules/bluebird/js/release/async.js.Async._drainQueue (http://localhost:35465/__cypress/runner/cypress_runner.js:162140:16)\n    at Async../node_modules/bluebird/js/release/async.js.Async._drainQueues (http://localhost:35465/__cypress/runner/cypress_runner.js:162150:10)\n    at Async.drainQueues (http://localhost:35465/__cypress/runner/cypress_runner.js:162024:14)",
                "diff": null
              },
              "uuid": "47a6a41b-fb54-4ee9-9853-5fb170210f8c",
              "parentUUID": "f3e55cbb-a77e-42f3-89bc-1986998b6c4e",
              "isHook": false,
              "skipped": false
            }
          ],
          "suites": [],
          "passes": [],
          "failures": [
            "6113a15d-5d55-4490-bae8-ed2f98a8ac07",
            "47a6a41b-fb54-4ee9-9853-5fb170210f8c"
          ],
          "pending": [],
          "skipped": [],
          "duration": 8499,
          "root": false,
          "rootEmpty": false,
          "_timeout": 2000
        },
        {
          "uuid": "3ebfefc0-867c-4e76-8f07-28c74f931c75",
          "title": "4 - Adicione à página um quadro de pixels, com 25 pixels.",
          "fullFile": "",
          "file": "",
          "beforeHooks": [],
          "afterHooks": [],
          "tests": [
            {
              "title": "Verifica se o quadro de pixels possui o `id` denominado `pixel-board`",
              "fullTitle": "4 - Adicione à página um quadro de pixels, com 25 pixels. Verifica se o quadro de pixels possui o `id` denominado `pixel-board`",
              "timedOut": null,
              "duration": 4223,
              "state": "failed",
              "speed": null,
              "pass": false,
              "fail": true,
              "pending": false,
              "context": null,
              "code": "cy.get('#pixel-board').should('be.visible');",
              "err": {
                "message": "CypressError: Timed out retrying: Expected to find element: '#pixel-board', but never found it.",
                "estack": "CypressError: Timed out retrying: Expected to find element: '#pixel-board', but never found it.\n    at cypressErr (http://localhost:35465/__cypress/runner/cypress_runner.js:149934:9)\n    at throwErr (http://localhost:35465/__cypress/runner/cypress_runner.js:149867:11)\n    at Object.throwErrByPath (http://localhost:35465/__cypress/runner/cypress_runner.js:149915:3)\n    at retry (http://localhost:35465/__cypress/runner/cypress_runner.js:144197:19)\n    at onFailFn (http://localhost:35465/__cypress/runner/cypress_runner.js:132448:16)\n    at tryCatcher (http://localhost:35465/__cypress/runner/cypress_runner.js:167415:23)\n    at Promise._settlePromiseFromHandler (http://localhost:35465/__cypress/runner/cypress_runner.js:165351:31)\n    at Promise._settlePromise (http://localhost:35465/__cypress/runner/cypress_runner.js:165408:18)\n    at Promise._settlePromise0 (http://localhost:35465/__cypress/runner/cypress_runner.js:165453:10)\n    at Promise._settlePromises (http://localhost:35465/__cypress/runner/cypress_runner.js:165528:18)\n    at Async../node_modules/bluebird/js/release/async.js.Async._drainQueue (http://localhost:35465/__cypress/runner/cypress_runner.js:162140:16)\n    at Async../node_modules/bluebird/js/release/async.js.Async._drainQueues (http://localhost:35465/__cypress/runner/cypress_runner.js:162150:10)\n    at Async.drainQueues (http://localhost:35465/__cypress/runner/cypress_runner.js:162024:14)",
                "diff": null
              },
              "uuid": "994e7dbe-ab09-4e19-a057-e4d77f615e9d",
              "parentUUID": "3ebfefc0-867c-4e76-8f07-28c74f931c75",
              "isHook": false,
              "skipped": false
            },
            {
              "title": "Verifica se cada pixel individual dentro do quadro possui a `classe` denominada `pixel`.",
              "fullTitle": "4 - Adicione à página um quadro de pixels, com 25 pixels. Verifica se cada pixel individual dentro do quadro possui a `classe` denominada `pixel`.",
              "timedOut": null,
              "duration": 4219,
              "state": "failed",
              "speed": null,
              "pass": false,
              "fail": true,
              "pending": false,
              "context": null,
              "code": "cy.get('.pixel').should('have.length', 25);",
              "err": {
                "message": "CypressError: Timed out retrying: Expected to find element: '.pixel', but never found it.",
                "estack": "CypressError: Timed out retrying: Expected to find element: '.pixel', but never found it.\n    at cypressErr (http://localhost:35465/__cypress/runner/cypress_runner.js:149934:9)\n    at throwErr (http://localhost:35465/__cypress/runner/cypress_runner.js:149867:11)\n    at Object.throwErrByPath (http://localhost:35465/__cypress/runner/cypress_runner.js:149915:3)\n    at retry (http://localhost:35465/__cypress/runner/cypress_runner.js:144197:19)\n    at onFailFn (http://localhost:35465/__cypress/runner/cypress_runner.js:132448:16)\n    at tryCatcher (http://localhost:35465/__cypress/runner/cypress_runner.js:167415:23)\n    at Promise._settlePromiseFromHandler (http://localhost:35465/__cypress/runner/cypress_runner.js:165351:31)\n    at Promise._settlePromise (http://localhost:35465/__cypress/runner/cypress_runner.js:165408:18)\n    at Promise._settlePromise0 (http://localhost:35465/__cypress/runner/cypress_runner.js:165453:10)\n    at Promise._settlePromises (http://localhost:35465/__cypress/runner/cypress_runner.js:165528:18)\n    at Async../node_modules/bluebird/js/release/async.js.Async._drainQueue (http://localhost:35465/__cypress/runner/cypress_runner.js:162140:16)\n    at Async../node_modules/bluebird/js/release/async.js.Async._drainQueues (http://localhost:35465/__cypress/runner/cypress_runner.js:162150:10)\n    at Async.drainQueues (http://localhost:35465/__cypress/runner/cypress_runner.js:162024:14)",
                "diff": null
              },
              "uuid": "0696ae5e-ab3f-45b8-a313-feb58383b8bc",
              "parentUUID": "3ebfefc0-867c-4e76-8f07-28c74f931c75",
              "isHook": false,
              "skipped": false
            },
            {
              "title": "Verifica se a cor inicial dos pixels dentro do quadro, ao abrir a página, é branca.",
              "fullTitle": "4 - Adicione à página um quadro de pixels, com 25 pixels. Verifica se a cor inicial dos pixels dentro do quadro, ao abrir a página, é branca.",
              "timedOut": null,
              "duration": 4198,
              "state": "failed",
              "speed": null,
              "pass": false,
              "fail": true,
              "pending": false,
              "context": null,
              "code": "cy.get('.pixel').should('have.length', 25).each(function (pixel) {\n  expect(pixel).to.have.css('background-color', WHITE);\n});",
              "err": {
                "message": "CypressError: Timed out retrying: Expected to find element: '.pixel', but never found it.",
                "estack": "CypressError: Timed out retrying: Expected to find element: '.pixel', but never found it.\n    at cypressErr (http://localhost:35465/__cypress/runner/cypress_runner.js:149934:9)\n    at throwErr (http://localhost:35465/__cypress/runner/cypress_runner.js:149867:11)\n    at Object.throwErrByPath (http://localhost:35465/__cypress/runner/cypress_runner.js:149915:3)\n    at retry (http://localhost:35465/__cypress/runner/cypress_runner.js:144197:19)\n    at onFailFn (http://localhost:35465/__cypress/runner/cypress_runner.js:132448:16)\n    at tryCatcher (http://localhost:35465/__cypress/runner/cypress_runner.js:167415:23)\n    at Promise._settlePromiseFromHandler (http://localhost:35465/__cypress/runner/cypress_runner.js:165351:31)\n    at Promise._settlePromise (http://localhost:35465/__cypress/runner/cypress_runner.js:165408:18)\n    at Promise._settlePromise0 (http://localhost:35465/__cypress/runner/cypress_runner.js:165453:10)\n    at Promise._settlePromises (http://localhost:35465/__cypress/runner/cypress_runner.js:165528:18)\n    at Async../node_modules/bluebird/js/release/async.js.Async._drainQueue (http://localhost:35465/__cypress/runner/cypress_runner.js:162140:16)\n    at Async../node_modules/bluebird/js/release/async.js.Async._drainQueues (http://localhost:35465/__cypress/runner/cypress_runner.js:162150:10)\n    at Async.drainQueues (http://localhost:35465/__cypress/runner/cypress_runner.js:162024:14)",
                "diff": null
              },
              "uuid": "76e33c4d-b281-48df-8919-91686d5c6867",
              "parentUUID": "3ebfefc0-867c-4e76-8f07-28c74f931c75",
              "isHook": false,
              "skipped": false
            },
            {
              "title": "Verifica se o quadro de pixels aparece abaixo da paleta de cores",
              "fullTitle": "4 - Adicione à página um quadro de pixels, com 25 pixels. Verifica se o quadro de pixels aparece abaixo da paleta de cores",
              "timedOut": null,
              "duration": 4234,
              "state": "failed",
              "speed": null,
              "pass": false,
              "fail": true,
              "pending": false,
              "context": null,
              "code": "cy.get('#color-palette').then(function (palette) {\n  cy.get('#pixel-board').should('be.belowOf', palette);\n});",
              "err": {
                "message": "CypressError: Timed out retrying: Expected to find element: '#pixel-board', but never found it.",
                "estack": "CypressError: Timed out retrying: Expected to find element: '#pixel-board', but never found it.\n    at cypressErr (http://localhost:35465/__cypress/runner/cypress_runner.js:149934:9)\n    at throwErr (http://localhost:35465/__cypress/runner/cypress_runner.js:149867:11)\n    at Object.throwErrByPath (http://localhost:35465/__cypress/runner/cypress_runner.js:149915:3)\n    at retry (http://localhost:35465/__cypress/runner/cypress_runner.js:144197:19)\n    at onFailFn (http://localhost:35465/__cypress/runner/cypress_runner.js:132448:16)\n    at tryCatcher (http://localhost:35465/__cypress/runner/cypress_runner.js:167415:23)\n    at Promise._settlePromiseFromHandler (http://localhost:35465/__cypress/runner/cypress_runner.js:165351:31)\n    at Promise._settlePromise (http://localhost:35465/__cypress/runner/cypress_runner.js:165408:18)\n    at Promise._settlePromise0 (http://localhost:35465/__cypress/runner/cypress_runner.js:165453:10)\n    at Promise._settlePromises (http://localhost:35465/__cypress/runner/cypress_runner.js:165528:18)\n    at Async../node_modules/bluebird/js/release/async.js.Async._drainQueue (http://localhost:35465/__cypress/runner/cypress_runner.js:162140:16)\n    at Async../node_modules/bluebird/js/release/async.js.Async._drainQueues (http://localhost:35465/__cypress/runner/cypress_runner.js:162150:10)\n    at Async.drainQueues (http://localhost:35465/__cypress/runner/cypress_runner.js:162024:14)",
                "diff": null
              },
              "uuid": "225f8079-f278-4ab0-90cb-d21b1bd16ab3",
              "parentUUID": "3ebfefc0-867c-4e76-8f07-28c74f931c75",
              "isHook": false,
              "skipped": false
            }
          ],
          "suites": [],
          "passes": [],
          "failures": [
            "994e7dbe-ab09-4e19-a057-e4d77f615e9d",
            "0696ae5e-ab3f-45b8-a313-feb58383b8bc",
            "76e33c4d-b281-48df-8919-91686d5c6867",
            "225f8079-f278-4ab0-90cb-d21b1bd16ab3"
          ],
          "pending": [],
          "skipped": [],
          "duration": 16874,
          "root": false,
          "rootEmpty": false,
          "_timeout": 2000
        },
        {
          "uuid": "6395343a-ac8d-4ccc-a0c0-f3c3dcacc298",
          "title": "5 - Faça com que cada elemento do quadro de pixels possua 40 pixels de largura, 40 pixels de altura e seja delimitado por uma borda preta de 1 pixel.",
          "fullFile": "",
          "file": "",
          "beforeHooks": [],
          "afterHooks": [],
          "tests": [
            {
              "title": "Verifica se o quadro de pixels tem altura e comprimento de 5 elementos",
              "fullTitle": "5 - Faça com que cada elemento do quadro de pixels possua 40 pixels de largura, 40 pixels de altura e seja delimitado por uma borda preta de 1 pixel. Verifica se o quadro de pixels tem altura e comprimento de 5 elementos",
              "timedOut": null,
              "duration": 4321,
              "state": "failed",
              "speed": null,
              "pass": false,
              "fail": true,
              "pending": false,
              "context": null,
              "code": "cy.get('.pixel').should('have.length', 25).each(function (pixel) {\n  expect(pixel).to.have.css('background-color', WHITE);\n}).and(function (pixels) {\n  var rows = chunk(pixels, 5);\n  rows.forEach(function (row) {\n    for (var index = 1; index < row.length; index += 1) {\n      var current = pixels[index];\n      var previous = pixels[index - 1];\n      cy.wrap(current).should('be.onTheRightOf', previous).and('be.horizontallyAlignedWith', previous);\n    }\n  });\n  for (var index = 1; index < 5; index += 1) {\n    expect(pixels[index * 5]).to.be.belowOf(pixels[(index - 1) * 5]);\n  }\n});",
              "err": {
                "message": "CypressError: Timed out retrying: Expected to find element: '.pixel', but never found it.",
                "estack": "CypressError: Timed out retrying: Expected to find element: '.pixel', but never found it.\n    at cypressErr (http://localhost:35465/__cypress/runner/cypress_runner.js:149934:9)\n    at throwErr (http://localhost:35465/__cypress/runner/cypress_runner.js:149867:11)\n    at Object.throwErrByPath (http://localhost:35465/__cypress/runner/cypress_runner.js:149915:3)\n    at retry (http://localhost:35465/__cypress/runner/cypress_runner.js:144197:19)\n    at onFailFn (http://localhost:35465/__cypress/runner/cypress_runner.js:132448:16)\n    at tryCatcher (http://localhost:35465/__cypress/runner/cypress_runner.js:167415:23)\n    at Promise._settlePromiseFromHandler (http://localhost:35465/__cypress/runner/cypress_runner.js:165351:31)\n    at Promise._settlePromise (http://localhost:35465/__cypress/runner/cypress_runner.js:165408:18)\n    at Promise._settlePromise0 (http://localhost:35465/__cypress/runner/cypress_runner.js:165453:10)\n    at Promise._settlePromises (http://localhost:35465/__cypress/runner/cypress_runner.js:165528:18)\n    at Async../node_modules/bluebird/js/release/async.js.Async._drainQueue (http://localhost:35465/__cypress/runner/cypress_runner.js:162140:16)\n    at Async../node_modules/bluebird/js/release/async.js.Async._drainQueues (http://localhost:35465/__cypress/runner/cypress_runner.js:162150:10)\n    at Async.drainQueues (http://localhost:35465/__cypress/runner/cypress_runner.js:162024:14)",
                "diff": null
              },
              "uuid": "7f9590ff-774c-4a8c-972f-bc6ddb608b78",
              "parentUUID": "6395343a-ac8d-4ccc-a0c0-f3c3dcacc298",
              "isHook": false,
              "skipped": false
            },
            {
              "title": "Verifica se 40 pixels é o tamanho total do elemento, incluindo seu conteúdo e excluindo a borda preta, que deve ser criada à parte.",
              "fullTitle": "5 - Faça com que cada elemento do quadro de pixels possua 40 pixels de largura, 40 pixels de altura e seja delimitado por uma borda preta de 1 pixel. Verifica se 40 pixels é o tamanho total do elemento, incluindo seu conteúdo e excluindo a borda preta, que deve ser criada à parte.",
              "timedOut": null,
              "duration": 4211,
              "state": "failed",
              "speed": null,
              "pass": false,
              "fail": true,
              "pending": false,
              "context": null,
              "code": "cy.get('.pixel').each(function (pixel) {\n  cy.wrap(pixel).should('have.css', 'height', '40px').and('have.css', 'width', '40px').and('have.css', 'border', \"1px solid \".concat(BLACK));\n});",
              "err": {
                "message": "CypressError: Timed out retrying: Expected to find element: '.pixel', but never found it.",
                "estack": "CypressError: Timed out retrying: Expected to find element: '.pixel', but never found it.\n    at cypressErr (http://localhost:35465/__cypress/runner/cypress_runner.js:149934:9)\n    at throwErr (http://localhost:35465/__cypress/runner/cypress_runner.js:149867:11)\n    at Object.throwErrByPath (http://localhost:35465/__cypress/runner/cypress_runner.js:149915:3)\n    at retry (http://localhost:35465/__cypress/runner/cypress_runner.js:144197:19)\n    at onFailFn (http://localhost:35465/__cypress/runner/cypress_runner.js:132448:16)\n    at tryCatcher (http://localhost:35465/__cypress/runner/cypress_runner.js:167415:23)\n    at Promise._settlePromiseFromHandler (http://localhost:35465/__cypress/runner/cypress_runner.js:165351:31)\n    at Promise._settlePromise (http://localhost:35465/__cypress/runner/cypress_runner.js:165408:18)\n    at Promise._settlePromise0 (http://localhost:35465/__cypress/runner/cypress_runner.js:165453:10)\n    at Promise._settlePromises (http://localhost:35465/__cypress/runner/cypress_runner.js:165528:18)\n    at Async../node_modules/bluebird/js/release/async.js.Async._drainQueue (http://localhost:35465/__cypress/runner/cypress_runner.js:162140:16)\n    at Async../node_modules/bluebird/js/release/async.js.Async._drainQueues (http://localhost:35465/__cypress/runner/cypress_runner.js:162150:10)\n    at Async.drainQueues (http://localhost:35465/__cypress/runner/cypress_runner.js:162024:14)",
                "diff": null
              },
              "uuid": "7989b14a-a5b5-4e0f-8684-f02152eaeb7c",
              "parentUUID": "6395343a-ac8d-4ccc-a0c0-f3c3dcacc298",
              "isHook": false,
              "skipped": false
            }
          ],
          "suites": [],
          "passes": [],
          "failures": [
            "7f9590ff-774c-4a8c-972f-bc6ddb608b78",
            "7989b14a-a5b5-4e0f-8684-f02152eaeb7c"
          ],
          "pending": [],
          "skipped": [],
          "duration": 8532,
          "root": false,
          "rootEmpty": false,
          "_timeout": 2000
        },
        {
          "uuid": "4ae4a0c4-2abd-4581-b0eb-820bd5b6a307",
          "title": "6 - Defina a cor preta como cor inicial. Ao carregar a página a cor preta já deve estar selecionada para pintar os pixels",
          "fullFile": "",
          "file": "",
          "beforeHooks": [],
          "afterHooks": [],
          "tests": [
            {
              "title": "Verifica se o elemento da cor preta possui, inicialmente, a `classe` `selected`",
              "fullTitle": "6 - Defina a cor preta como cor inicial. Ao carregar a página a cor preta já deve estar selecionada para pintar os pixels Verifica se o elemento da cor preta possui, inicialmente, a `classe` `selected`",
              "timedOut": null,
              "duration": 4228,
              "state": "failed",
              "speed": null,
              "pass": false,
              "fail": true,
              "pending": false,
              "context": null,
              "code": "cy.get('.selected').first().should('have.css', 'background-color', BLACK);",
              "err": {
                "message": "CypressError: Timed out retrying: Expected to find element: '.selected', but never found it.",
                "estack": "CypressError: Timed out retrying: Expected to find element: '.selected', but never found it.\n    at cypressErr (http://localhost:35465/__cypress/runner/cypress_runner.js:149934:9)\n    at throwErr (http://localhost:35465/__cypress/runner/cypress_runner.js:149867:11)\n    at Object.throwErrByPath (http://localhost:35465/__cypress/runner/cypress_runner.js:149915:3)\n    at retry (http://localhost:35465/__cypress/runner/cypress_runner.js:144197:19)\n    at onFailFn (http://localhost:35465/__cypress/runner/cypress_runner.js:132448:16)\n    at tryCatcher (http://localhost:35465/__cypress/runner/cypress_runner.js:167415:23)\n    at Promise._settlePromiseFromHandler (http://localhost:35465/__cypress/runner/cypress_runner.js:165351:31)\n    at Promise._settlePromise (http://localhost:35465/__cypress/runner/cypress_runner.js:165408:18)\n    at Promise._settlePromise0 (http://localhost:35465/__cypress/runner/cypress_runner.js:165453:10)\n    at Promise._settlePromises (http://localhost:35465/__cypress/runner/cypress_runner.js:165528:18)\n    at Async../node_modules/bluebird/js/release/async.js.Async._drainQueue (http://localhost:35465/__cypress/runner/cypress_runner.js:162140:16)\n    at Async../node_modules/bluebird/js/release/async.js.Async._drainQueues (http://localhost:35465/__cypress/runner/cypress_runner.js:162150:10)\n    at Async.drainQueues (http://localhost:35465/__cypress/runner/cypress_runner.js:162024:14)",
                "diff": null
              },
              "uuid": "c4d35965-37e9-49b9-82c8-e90c58edc2a0",
              "parentUUID": "4ae4a0c4-2abd-4581-b0eb-820bd5b6a307",
              "isHook": false,
              "skipped": false
            },
            {
              "title": "Verifica se nenhuma outra cor da paleta tem a `classe` `selected`",
              "fullTitle": "6 - Defina a cor preta como cor inicial. Ao carregar a página a cor preta já deve estar selecionada para pintar os pixels Verifica se nenhuma outra cor da paleta tem a `classe` `selected`",
              "timedOut": null,
              "duration": 93,
              "state": "passed",
              "speed": "slow",
              "pass": true,
              "fail": false,
              "pending": false,
              "context": null,
              "code": "cy.get('.color:not(:first-child)').each(function (color) {\n  cy.wrap(color).should('not.have.class', 'selected');\n});",
              "err": {},
              "uuid": "d03f55a1-b5fb-44b5-94a6-e481525d351f",
              "parentUUID": "4ae4a0c4-2abd-4581-b0eb-820bd5b6a307",
              "isHook": false,
              "skipped": false
            }
          ],
          "suites": [],
          "passes": [
            "d03f55a1-b5fb-44b5-94a6-e481525d351f"
          ],
          "failures": [
            "c4d35965-37e9-49b9-82c8-e90c58edc2a0"
          ],
          "pending": [],
          "skipped": [],
          "duration": 4321,
          "root": false,
          "rootEmpty": false,
          "_timeout": 2000
        },
        {
          "uuid": "18fffdda-113a-47a3-9b21-09457e81aab5",
          "title": "7 - Clicar em uma das cores da paleta, faz com que ela seja selecionada e utilizada para preencher os pixels no quadro.",
          "fullFile": "",
          "file": "",
          "beforeHooks": [],
          "afterHooks": [],
          "tests": [
            {
              "title": "Verifica se somente uma cor da paleta de cores tem a classe `selected` de cada vez",
              "fullTitle": "7 - Clicar em uma das cores da paleta, faz com que ela seja selecionada e utilizada para preencher os pixels no quadro. Verifica se somente uma cor da paleta de cores tem a classe `selected` de cada vez",
              "timedOut": null,
              "duration": 4264,
              "state": "failed",
              "speed": null,
              "pass": false,
              "fail": true,
              "pending": false,
              "context": null,
              "code": "cy.get('.color').each(function (selectedColor, selectedColorIndex) {\n  cy.wrap(selectedColor).click();\n  cy.get('.color').each(function (color, colorIndex) {\n    if (colorIndex === selectedColorIndex) {\n      expect(color).to.have[\"class\"]('selected');\n    } else {\n      expect(color).not.to.have[\"class\"]('selected');\n    }\n  });\n});",
              "err": {
                "message": "CypressError: Timed out retrying: cy.click() failed because this element is not visible:\n\n<div class=\"color\"></div>\n\nThis element '<div.color>' is not visible because it has an effective width and height of: '1350 x 0' pixels.\n\nFix this problem, or use {force: true} to disable error checking.\n\nhttps://on.cypress.io/element-cannot-be-interacted-with",
                "estack": "CypressError: Timed out retrying: cy.click() failed because this element is not visible:\n\n<div class=\"color\"></div>\n\nThis element '<div.color>' is not visible because it has an effective width and height of: '1350 x 0' pixels.\n\nFix this problem, or use {force: true} to disable error checking.\n\nhttps://on.cypress.io/element-cannot-be-interacted-with\n    at cypressErr (http://localhost:35465/__cypress/runner/cypress_runner.js:149934:9)\n    at throwErr (http://localhost:35465/__cypress/runner/cypress_runner.js:149867:11)\n    at Object.throwErrByPath (http://localhost:35465/__cypress/runner/cypress_runner.js:149915:3)\n    at Object.retry (http://localhost:35465/__cypress/runner/cypress_runner.js:144197:19)\n    at retryActionability (http://localhost:35465/__cypress/runner/cypress_runner.js:132052:19)\n    at tryCatcher (http://localhost:35465/__cypress/runner/cypress_runner.js:167415:23)\n    at Function.Promise.attempt.Promise.try (http://localhost:35465/__cypress/runner/cypress_runner.js:164690:29)\n    at tryFn (http://localhost:35465/__cypress/runner/cypress_runner.js:144661:21)\n    at whenStable (http://localhost:35465/__cypress/runner/cypress_runner.js:144696:12)\n    at http://localhost:35465/__cypress/runner/cypress_runner.js:144240:16\n    at tryCatcher (http://localhost:35465/__cypress/runner/cypress_runner.js:167415:23)\n    at Promise._settlePromiseFromHandler (http://localhost:35465/__cypress/runner/cypress_runner.js:165351:31)\n    at Promise._settlePromise (http://localhost:35465/__cypress/runner/cypress_runner.js:165408:18)\n    at Promise._settlePromise0 (http://localhost:35465/__cypress/runner/cypress_runner.js:165453:10)\n    at Promise._settlePromises (http://localhost:35465/__cypress/runner/cypress_runner.js:165532:18)\n    at Promise._fulfill (http://localhost:35465/__cypress/runner/cypress_runner.js:165477:18)",
                "diff": null
              },
              "uuid": "06489281-e5ac-4f28-a72e-4d0831db0600",
              "parentUUID": "18fffdda-113a-47a3-9b21-09457e81aab5",
              "isHook": false,
              "skipped": false
            },
            {
              "title": "Verifica se os pixels dentro do quadro não têm a classe `selected` quando são clicados",
              "fullTitle": "7 - Clicar em uma das cores da paleta, faz com que ela seja selecionada e utilizada para preencher os pixels no quadro. Verifica se os pixels dentro do quadro não têm a classe `selected` quando são clicados",
              "timedOut": null,
              "duration": 4283,
              "state": "failed",
              "speed": null,
              "pass": false,
              "fail": true,
              "pending": false,
              "context": null,
              "code": "cy.get('.color').each(function (color) {\n  var backgroundColor = color.css('background-color');\n  cy.wrap(color).click();\n  cy.get('.pixel').each(function (pixel) {\n    cy.wrap(pixel).click().should('not.have.class', 'selected');\n  });\n});",
              "err": {
                "message": "CypressError: Timed out retrying: cy.click() failed because this element is not visible:\n\n<div class=\"color\"></div>\n\nThis element '<div.color>' is not visible because it has an effective width and height of: '1350 x 0' pixels.\n\nFix this problem, or use {force: true} to disable error checking.\n\nhttps://on.cypress.io/element-cannot-be-interacted-with",
                "estack": "CypressError: Timed out retrying: cy.click() failed because this element is not visible:\n\n<div class=\"color\"></div>\n\nThis element '<div.color>' is not visible because it has an effective width and height of: '1350 x 0' pixels.\n\nFix this problem, or use {force: true} to disable error checking.\n\nhttps://on.cypress.io/element-cannot-be-interacted-with\n    at cypressErr (http://localhost:35465/__cypress/runner/cypress_runner.js:149934:9)\n    at throwErr (http://localhost:35465/__cypress/runner/cypress_runner.js:149867:11)\n    at Object.throwErrByPath (http://localhost:35465/__cypress/runner/cypress_runner.js:149915:3)\n    at Object.retry (http://localhost:35465/__cypress/runner/cypress_runner.js:144197:19)\n    at retryActionability (http://localhost:35465/__cypress/runner/cypress_runner.js:132052:19)\n    at tryCatcher (http://localhost:35465/__cypress/runner/cypress_runner.js:167415:23)\n    at Function.Promise.attempt.Promise.try (http://localhost:35465/__cypress/runner/cypress_runner.js:164690:29)\n    at tryFn (http://localhost:35465/__cypress/runner/cypress_runner.js:144661:21)\n    at whenStable (http://localhost:35465/__cypress/runner/cypress_runner.js:144696:12)\n    at http://localhost:35465/__cypress/runner/cypress_runner.js:144240:16\n    at tryCatcher (http://localhost:35465/__cypress/runner/cypress_runner.js:167415:23)\n    at Promise._settlePromiseFromHandler (http://localhost:35465/__cypress/runner/cypress_runner.js:165351:31)\n    at Promise._settlePromise (http://localhost:35465/__cypress/runner/cypress_runner.js:165408:18)\n    at Promise._settlePromise0 (http://localhost:35465/__cypress/runner/cypress_runner.js:165453:10)\n    at Promise._settlePromises (http://localhost:35465/__cypress/runner/cypress_runner.js:165532:18)\n    at Promise._fulfill (http://localhost:35465/__cypress/runner/cypress_runner.js:165477:18)",
                "diff": null
              },
              "uuid": "001ab846-df63-4bab-b10b-20693f9c6b50",
              "parentUUID": "18fffdda-113a-47a3-9b21-09457e81aab5",
              "isHook": false,
              "skipped": false
            }
          ],
          "suites": [],
          "passes": [],
          "failures": [
            "06489281-e5ac-4f28-a72e-4d0831db0600",
            "001ab846-df63-4bab-b10b-20693f9c6b50"
          ],
          "pending": [],
          "skipped": [],
          "duration": 8547,
          "root": false,
          "rootEmpty": false,
          "_timeout": 2000
        },
        {
          "uuid": "9dc9b30f-184e-472a-a549-0bc08d7c48cd",
          "title": "8 - Clicar em um pixel dentro do quadro após selecionar uma cor na paleta, faz com que o pixel seja preenchido com a cor selecionada.",
          "fullFile": "",
          "file": "",
          "beforeHooks": [],
          "afterHooks": [],
          "tests": [
            {
              "title": "Verifica se ao carregar a página deve ser possível pintar os pixels de preto",
              "fullTitle": "8 - Clicar em um pixel dentro do quadro após selecionar uma cor na paleta, faz com que o pixel seja preenchido com a cor selecionada. Verifica se ao carregar a página deve ser possível pintar os pixels de preto",
              "timedOut": null,
              "duration": 4300,
              "state": "failed",
              "speed": null,
              "pass": false,
              "fail": true,
              "pending": false,
              "context": null,
              "code": "cy.get('.pixel').each(function (pixel) {\n  cy.wrap(pixel).click().should('have.css', 'background-color', BLACK);\n});",
              "err": {
                "message": "CypressError: Timed out retrying: Expected to find element: '.pixel', but never found it.",
                "estack": "CypressError: Timed out retrying: Expected to find element: '.pixel', but never found it.\n    at cypressErr (http://localhost:35465/__cypress/runner/cypress_runner.js:149934:9)\n    at throwErr (http://localhost:35465/__cypress/runner/cypress_runner.js:149867:11)\n    at Object.throwErrByPath (http://localhost:35465/__cypress/runner/cypress_runner.js:149915:3)\n    at retry (http://localhost:35465/__cypress/runner/cypress_runner.js:144197:19)\n    at onFailFn (http://localhost:35465/__cypress/runner/cypress_runner.js:132448:16)\n    at tryCatcher (http://localhost:35465/__cypress/runner/cypress_runner.js:167415:23)\n    at Promise._settlePromiseFromHandler (http://localhost:35465/__cypress/runner/cypress_runner.js:165351:31)\n    at Promise._settlePromise (http://localhost:35465/__cypress/runner/cypress_runner.js:165408:18)\n    at Promise._settlePromise0 (http://localhost:35465/__cypress/runner/cypress_runner.js:165453:10)\n    at Promise._settlePromises (http://localhost:35465/__cypress/runner/cypress_runner.js:165528:18)\n    at Async../node_modules/bluebird/js/release/async.js.Async._drainQueue (http://localhost:35465/__cypress/runner/cypress_runner.js:162140:16)\n    at Async../node_modules/bluebird/js/release/async.js.Async._drainQueues (http://localhost:35465/__cypress/runner/cypress_runner.js:162150:10)\n    at Async.drainQueues (http://localhost:35465/__cypress/runner/cypress_runner.js:162024:14)",
                "diff": null
              },
              "uuid": "46a3d9ff-9456-448b-80ff-3b5f52821d46",
              "parentUUID": "9dc9b30f-184e-472a-a549-0bc08d7c48cd",
              "isHook": false,
              "skipped": false
            },
            {
              "title": "Verifica se após selecionar uma outra cor na paleta, é possível pintar os pixels com essa cor",
              "fullTitle": "8 - Clicar em um pixel dentro do quadro após selecionar uma cor na paleta, faz com que o pixel seja preenchido com a cor selecionada. Verifica se após selecionar uma outra cor na paleta, é possível pintar os pixels com essa cor",
              "timedOut": null,
              "duration": 4265,
              "state": "failed",
              "speed": null,
              "pass": false,
              "fail": true,
              "pending": false,
              "context": null,
              "code": "cy.get('.color').each(function (color) {\n  var backgroundColor = color.css('background-color');\n  cy.wrap(color).click();\n  cy.get('.pixel').each(function (pixel) {\n    cy.wrap(pixel).click().should('have.css', 'background-color', backgroundColor);\n  });\n});",
              "err": {
                "message": "CypressError: Timed out retrying: cy.click() failed because this element is not visible:\n\n<div class=\"color one\"></div>\n\nThis element '<div.color.one>' is not visible because it has an effective width and height of: '1350 x 0' pixels.\n\nFix this problem, or use {force: true} to disable error checking.\n\nhttps://on.cypress.io/element-cannot-be-interacted-with",
                "estack": "CypressError: Timed out retrying: cy.click() failed because this element is not visible:\n\n<div class=\"color one\"></div>\n\nThis element '<div.color.one>' is not visible because it has an effective width and height of: '1350 x 0' pixels.\n\nFix this problem, or use {force: true} to disable error checking.\n\nhttps://on.cypress.io/element-cannot-be-interacted-with\n    at cypressErr (http://localhost:35465/__cypress/runner/cypress_runner.js:149934:9)\n    at throwErr (http://localhost:35465/__cypress/runner/cypress_runner.js:149867:11)\n    at Object.throwErrByPath (http://localhost:35465/__cypress/runner/cypress_runner.js:149915:3)\n    at Object.retry (http://localhost:35465/__cypress/runner/cypress_runner.js:144197:19)\n    at retryActionability (http://localhost:35465/__cypress/runner/cypress_runner.js:132052:19)\n    at tryCatcher (http://localhost:35465/__cypress/runner/cypress_runner.js:167415:23)\n    at Function.Promise.attempt.Promise.try (http://localhost:35465/__cypress/runner/cypress_runner.js:164690:29)\n    at tryFn (http://localhost:35465/__cypress/runner/cypress_runner.js:144661:21)\n    at whenStable (http://localhost:35465/__cypress/runner/cypress_runner.js:144696:12)\n    at http://localhost:35465/__cypress/runner/cypress_runner.js:144240:16\n    at tryCatcher (http://localhost:35465/__cypress/runner/cypress_runner.js:167415:23)\n    at Promise._settlePromiseFromHandler (http://localhost:35465/__cypress/runner/cypress_runner.js:165351:31)\n    at Promise._settlePromise (http://localhost:35465/__cypress/runner/cypress_runner.js:165408:18)\n    at Promise._settlePromise0 (http://localhost:35465/__cypress/runner/cypress_runner.js:165453:10)\n    at Promise._settlePromises (http://localhost:35465/__cypress/runner/cypress_runner.js:165532:18)\n    at Promise._fulfill (http://localhost:35465/__cypress/runner/cypress_runner.js:165477:18)",
                "diff": null
              },
              "uuid": "c6a44e4e-3cce-4515-a4a5-adea2c67e2fc",
              "parentUUID": "9dc9b30f-184e-472a-a549-0bc08d7c48cd",
              "isHook": false,
              "skipped": false
            },
            {
              "title": "Verifica se somente o pixel que foi clicado foi preenchido com a cor selecionada, sem influenciar na cor dos demais pixels.",
              "fullTitle": "8 - Clicar em um pixel dentro do quadro após selecionar uma cor na paleta, faz com que o pixel seja preenchido com a cor selecionada. Verifica se somente o pixel que foi clicado foi preenchido com a cor selecionada, sem influenciar na cor dos demais pixels.",
              "timedOut": null,
              "duration": 4310,
              "state": "failed",
              "speed": null,
              "pass": false,
              "fail": true,
              "pending": false,
              "context": null,
              "code": "var colorToPixelIndexMap = {\n  0: 6,\n  1: 8,\n  2: 16,\n  3: 18\n};\ncy.get('.color').each(function (color, index) {\n  cy.wrap(color).click();\n  var backgroundColor = color.css('background-color');\n  var clickedPixelIndex = colorToPixelIndexMap[index];\n  cy.get('.pixel').eq(clickedPixelIndex).click();\n  cy.get('.pixel').eq(clickedPixelIndex - 1).should('not.have.css', 'background-color', backgroundColor);\n  cy.get('.pixel').eq(clickedPixelIndex + 1).should('not.have.css', 'background-color', backgroundColor);\n  cy.get('.pixel').eq(clickedPixelIndex - 5).should('not.have.css', 'background-color', backgroundColor);\n  cy.get('.pixel').eq(clickedPixelIndex + 5).should('not.have.css', 'background-color', backgroundColor);\n  cy.get('.pixel').eq(clickedPixelIndex - 6).should('not.have.css', 'background-color', backgroundColor);\n  cy.get('.pixel').eq(clickedPixelIndex - 4).should('not.have.css', 'background-color', backgroundColor);\n  cy.get('.pixel').eq(clickedPixelIndex + 4).should('not.have.css', 'background-color', backgroundColor);\n  cy.get('.pixel').eq(clickedPixelIndex + 6).should('not.have.css', 'background-color', backgroundColor);\n});",
              "err": {
                "message": "CypressError: Timed out retrying: cy.click() failed because this element is not visible:\n\n<div class=\"color one\"></div>\n\nThis element '<div.color.one>' is not visible because it has an effective width and height of: '1350 x 0' pixels.\n\nFix this problem, or use {force: true} to disable error checking.\n\nhttps://on.cypress.io/element-cannot-be-interacted-with",
                "estack": "CypressError: Timed out retrying: cy.click() failed because this element is not visible:\n\n<div class=\"color one\"></div>\n\nThis element '<div.color.one>' is not visible because it has an effective width and height of: '1350 x 0' pixels.\n\nFix this problem, or use {force: true} to disable error checking.\n\nhttps://on.cypress.io/element-cannot-be-interacted-with\n    at cypressErr (http://localhost:35465/__cypress/runner/cypress_runner.js:149934:9)\n    at throwErr (http://localhost:35465/__cypress/runner/cypress_runner.js:149867:11)\n    at Object.throwErrByPath (http://localhost:35465/__cypress/runner/cypress_runner.js:149915:3)\n    at Object.retry (http://localhost:35465/__cypress/runner/cypress_runner.js:144197:19)\n    at retryActionability (http://localhost:35465/__cypress/runner/cypress_runner.js:132052:19)\n    at tryCatcher (http://localhost:35465/__cypress/runner/cypress_runner.js:167415:23)\n    at Function.Promise.attempt.Promise.try (http://localhost:35465/__cypress/runner/cypress_runner.js:164690:29)\n    at tryFn (http://localhost:35465/__cypress/runner/cypress_runner.js:144661:21)\n    at whenStable (http://localhost:35465/__cypress/runner/cypress_runner.js:144696:12)\n    at http://localhost:35465/__cypress/runner/cypress_runner.js:144240:16\n    at tryCatcher (http://localhost:35465/__cypress/runner/cypress_runner.js:167415:23)\n    at Promise._settlePromiseFromHandler (http://localhost:35465/__cypress/runner/cypress_runner.js:165351:31)\n    at Promise._settlePromise (http://localhost:35465/__cypress/runner/cypress_runner.js:165408:18)\n    at Promise._settlePromise0 (http://localhost:35465/__cypress/runner/cypress_runner.js:165453:10)\n    at Promise._settlePromises (http://localhost:35465/__cypress/runner/cypress_runner.js:165532:18)\n    at Promise._fulfill (http://localhost:35465/__cypress/runner/cypress_runner.js:165477:18)",
                "diff": null
              },
              "uuid": "b7ad1914-71fc-4ed3-b17a-b8846d7ec576",
              "parentUUID": "9dc9b30f-184e-472a-a549-0bc08d7c48cd",
              "isHook": false,
              "skipped": false
            }
          ],
          "suites": [],
          "passes": [],
          "failures": [
            "46a3d9ff-9456-448b-80ff-3b5f52821d46",
            "c6a44e4e-3cce-4515-a4a5-adea2c67e2fc",
            "b7ad1914-71fc-4ed3-b17a-b8846d7ec576"
          ],
          "pending": [],
          "skipped": [],
          "duration": 12875,
          "root": false,
          "rootEmpty": false,
          "_timeout": 2000
        },
        {
          "uuid": "a416c1d7-752f-4270-a089-2a5c8e2a8544",
          "title": "9 - Crie um botão que, ao ser clicado, limpa o quadro preenchendo a cor de todos seus pixels com branco.",
          "fullFile": "",
          "file": "",
          "beforeHooks": [],
          "afterHooks": [],
          "tests": [
            {
              "title": "Verifica se o botão tem o `id` denominado `clear-board`",
              "fullTitle": "9 - Crie um botão que, ao ser clicado, limpa o quadro preenchendo a cor de todos seus pixels com branco. Verifica se o botão tem o `id` denominado `clear-board`",
              "timedOut": null,
              "duration": 4236,
              "state": "failed",
              "speed": null,
              "pass": false,
              "fail": true,
              "pending": false,
              "context": null,
              "code": "cy.get('#clear-board').should('be.visible');",
              "err": {
                "message": "CypressError: Timed out retrying: Expected to find element: '#clear-board', but never found it.",
                "estack": "CypressError: Timed out retrying: Expected to find element: '#clear-board', but never found it.\n    at cypressErr (http://localhost:35465/__cypress/runner/cypress_runner.js:149934:9)\n    at throwErr (http://localhost:35465/__cypress/runner/cypress_runner.js:149867:11)\n    at Object.throwErrByPath (http://localhost:35465/__cypress/runner/cypress_runner.js:149915:3)\n    at retry (http://localhost:35465/__cypress/runner/cypress_runner.js:144197:19)\n    at onFailFn (http://localhost:35465/__cypress/runner/cypress_runner.js:132448:16)\n    at tryCatcher (http://localhost:35465/__cypress/runner/cypress_runner.js:167415:23)\n    at Promise._settlePromiseFromHandler (http://localhost:35465/__cypress/runner/cypress_runner.js:165351:31)\n    at Promise._settlePromise (http://localhost:35465/__cypress/runner/cypress_runner.js:165408:18)\n    at Promise._settlePromise0 (http://localhost:35465/__cypress/runner/cypress_runner.js:165453:10)\n    at Promise._settlePromises (http://localhost:35465/__cypress/runner/cypress_runner.js:165528:18)\n    at Async../node_modules/bluebird/js/release/async.js.Async._drainQueue (http://localhost:35465/__cypress/runner/cypress_runner.js:162140:16)\n    at Async../node_modules/bluebird/js/release/async.js.Async._drainQueues (http://localhost:35465/__cypress/runner/cypress_runner.js:162150:10)\n    at Async.drainQueues (http://localhost:35465/__cypress/runner/cypress_runner.js:162024:14)",
                "diff": null
              },
              "uuid": "b3997677-084f-4a5c-be25-9046ad49b951",
              "parentUUID": "a416c1d7-752f-4270-a089-2a5c8e2a8544",
              "isHook": false,
              "skipped": false
            },
            {
              "title": "Verifica se o botão está posicionado entre a paleta de cores e o quadro de pixels",
              "fullTitle": "9 - Crie um botão que, ao ser clicado, limpa o quadro preenchendo a cor de todos seus pixels com branco. Verifica se o botão está posicionado entre a paleta de cores e o quadro de pixels",
              "timedOut": null,
              "duration": 4282,
              "state": "failed",
              "speed": null,
              "pass": false,
              "fail": true,
              "pending": false,
              "context": null,
              "code": "cy.get('#color-palette').then(function (palette) {\n  cy.get('#clear-board').should('be.belowOf', palette);\n});\ncy.get('#clear-board').then(function (clearBtn) {\n  cy.get('#pixel-board').should('be.belowOf', clearBtn);\n});",
              "err": {
                "message": "CypressError: Timed out retrying: Expected to find element: '#clear-board', but never found it.",
                "estack": "CypressError: Timed out retrying: Expected to find element: '#clear-board', but never found it.\n    at cypressErr (http://localhost:35465/__cypress/runner/cypress_runner.js:149934:9)\n    at throwErr (http://localhost:35465/__cypress/runner/cypress_runner.js:149867:11)\n    at Object.throwErrByPath (http://localhost:35465/__cypress/runner/cypress_runner.js:149915:3)\n    at retry (http://localhost:35465/__cypress/runner/cypress_runner.js:144197:19)\n    at onFailFn (http://localhost:35465/__cypress/runner/cypress_runner.js:132448:16)\n    at tryCatcher (http://localhost:35465/__cypress/runner/cypress_runner.js:167415:23)\n    at Promise._settlePromiseFromHandler (http://localhost:35465/__cypress/runner/cypress_runner.js:165351:31)\n    at Promise._settlePromise (http://localhost:35465/__cypress/runner/cypress_runner.js:165408:18)\n    at Promise._settlePromise0 (http://localhost:35465/__cypress/runner/cypress_runner.js:165453:10)\n    at Promise._settlePromises (http://localhost:35465/__cypress/runner/cypress_runner.js:165528:18)\n    at Async../node_modules/bluebird/js/release/async.js.Async._drainQueue (http://localhost:35465/__cypress/runner/cypress_runner.js:162140:16)\n    at Async../node_modules/bluebird/js/release/async.js.Async._drainQueues (http://localhost:35465/__cypress/runner/cypress_runner.js:162150:10)\n    at Async.drainQueues (http://localhost:35465/__cypress/runner/cypress_runner.js:162024:14)",
                "diff": null
              },
              "uuid": "d255de2e-cea7-4197-a31f-3ce86f15a6d0",
              "parentUUID": "a416c1d7-752f-4270-a089-2a5c8e2a8544",
              "isHook": false,
              "skipped": false
            },
            {
              "title": "Verifica se o texto do botão é 'Limpar'",
              "fullTitle": "9 - Crie um botão que, ao ser clicado, limpa o quadro preenchendo a cor de todos seus pixels com branco. Verifica se o texto do botão é 'Limpar'",
              "timedOut": null,
              "duration": 4237,
              "state": "failed",
              "speed": null,
              "pass": false,
              "fail": true,
              "pending": false,
              "context": null,
              "code": "cy.get('#clear-board').should('contain.text', 'Limpar');",
              "err": {
                "message": "CypressError: Timed out retrying: Expected to find element: '#clear-board', but never found it.",
                "estack": "CypressError: Timed out retrying: Expected to find element: '#clear-board', but never found it.\n    at cypressErr (http://localhost:35465/__cypress/runner/cypress_runner.js:149934:9)\n    at throwErr (http://localhost:35465/__cypress/runner/cypress_runner.js:149867:11)\n    at Object.throwErrByPath (http://localhost:35465/__cypress/runner/cypress_runner.js:149915:3)\n    at retry (http://localhost:35465/__cypress/runner/cypress_runner.js:144197:19)\n    at onFailFn (http://localhost:35465/__cypress/runner/cypress_runner.js:132448:16)\n    at tryCatcher (http://localhost:35465/__cypress/runner/cypress_runner.js:167415:23)\n    at Promise._settlePromiseFromHandler (http://localhost:35465/__cypress/runner/cypress_runner.js:165351:31)\n    at Promise._settlePromise (http://localhost:35465/__cypress/runner/cypress_runner.js:165408:18)\n    at Promise._settlePromise0 (http://localhost:35465/__cypress/runner/cypress_runner.js:165453:10)\n    at Promise._settlePromises (http://localhost:35465/__cypress/runner/cypress_runner.js:165528:18)\n    at Async../node_modules/bluebird/js/release/async.js.Async._drainQueue (http://localhost:35465/__cypress/runner/cypress_runner.js:162140:16)\n    at Async../node_modules/bluebird/js/release/async.js.Async._drainQueues (http://localhost:35465/__cypress/runner/cypress_runner.js:162150:10)\n    at Async.drainQueues (http://localhost:35465/__cypress/runner/cypress_runner.js:162024:14)",
                "diff": null
              },
              "uuid": "9876bae7-e0ee-4bcf-8e08-9966d51063bd",
              "parentUUID": "a416c1d7-752f-4270-a089-2a5c8e2a8544",
              "isHook": false,
              "skipped": false
            },
            {
              "title": "Verifica se ao clicar no botão, o quadro de pixels é totalmente preenchido de branco",
              "fullTitle": "9 - Crie um botão que, ao ser clicado, limpa o quadro preenchendo a cor de todos seus pixels com branco. Verifica se ao clicar no botão, o quadro de pixels é totalmente preenchido de branco",
              "timedOut": null,
              "duration": 4349,
              "state": "failed",
              "speed": null,
              "pass": false,
              "fail": true,
              "pending": false,
              "context": null,
              "code": "cy.get('.color').eq(1).then(function (color) {\n  var backgroundColor = color.css('background-color');\n  cy.wrap(color).click();\n  cy.get('.pixel').each(function (pixel) {\n    cy.wrap(pixel).click().should('have.css', 'background-color', backgroundColor);\n  });\n});\ncy.get('#clear-board').click();\ncy.get('.pixel').each(function (pixel) {\n  cy.wrap(pixel).should('have.css', 'background-color', WHITE);\n});",
              "err": {
                "message": "CypressError: Timed out retrying: cy.click() failed because this element is not visible:\n\n<div class=\"color dois\"></div>\n\nThis element '<div.color.dois>' is not visible because it has an effective width and height of: '1350 x 0' pixels.\n\nFix this problem, or use {force: true} to disable error checking.\n\nhttps://on.cypress.io/element-cannot-be-interacted-with",
                "estack": "CypressError: Timed out retrying: cy.click() failed because this element is not visible:\n\n<div class=\"color dois\"></div>\n\nThis element '<div.color.dois>' is not visible because it has an effective width and height of: '1350 x 0' pixels.\n\nFix this problem, or use {force: true} to disable error checking.\n\nhttps://on.cypress.io/element-cannot-be-interacted-with\n    at cypressErr (http://localhost:35465/__cypress/runner/cypress_runner.js:149934:9)\n    at throwErr (http://localhost:35465/__cypress/runner/cypress_runner.js:149867:11)\n    at Object.throwErrByPath (http://localhost:35465/__cypress/runner/cypress_runner.js:149915:3)\n    at Object.retry (http://localhost:35465/__cypress/runner/cypress_runner.js:144197:19)\n    at retryActionability (http://localhost:35465/__cypress/runner/cypress_runner.js:132052:19)\n    at tryCatcher (http://localhost:35465/__cypress/runner/cypress_runner.js:167415:23)\n    at Function.Promise.attempt.Promise.try (http://localhost:35465/__cypress/runner/cypress_runner.js:164690:29)\n    at tryFn (http://localhost:35465/__cypress/runner/cypress_runner.js:144661:21)\n    at whenStable (http://localhost:35465/__cypress/runner/cypress_runner.js:144696:12)\n    at http://localhost:35465/__cypress/runner/cypress_runner.js:144240:16\n    at tryCatcher (http://localhost:35465/__cypress/runner/cypress_runner.js:167415:23)\n    at Promise._settlePromiseFromHandler (http://localhost:35465/__cypress/runner/cypress_runner.js:165351:31)\n    at Promise._settlePromise (http://localhost:35465/__cypress/runner/cypress_runner.js:165408:18)\n    at Promise._settlePromise0 (http://localhost:35465/__cypress/runner/cypress_runner.js:165453:10)\n    at Promise._settlePromises (http://localhost:35465/__cypress/runner/cypress_runner.js:165532:18)\n    at Promise._fulfill (http://localhost:35465/__cypress/runner/cypress_runner.js:165477:18)",
                "diff": null
              },
              "uuid": "7961cd50-f885-4daa-979a-04ca1a471d7a",
              "parentUUID": "a416c1d7-752f-4270-a089-2a5c8e2a8544",
              "isHook": false,
              "skipped": false
            }
          ],
          "suites": [],
          "passes": [],
          "failures": [
            "b3997677-084f-4a5c-be25-9046ad49b951",
            "d255de2e-cea7-4197-a31f-3ce86f15a6d0",
            "9876bae7-e0ee-4bcf-8e08-9966d51063bd",
            "7961cd50-f885-4daa-979a-04ca1a471d7a"
          ],
          "pending": [],
          "skipped": [],
          "duration": 17104,
          "root": false,
          "rootEmpty": false,
          "_timeout": 2000
        },
        {
          "uuid": "eba72803-0183-4709-8616-66513e01433b",
          "title": "10 - Faça o quadro de pixels ter seu tamanho definido pelo usuário.",
          "fullFile": "",
          "file": "",
          "beforeHooks": [],
          "afterHooks": [],
          "tests": [
            {
              "title": "Verifica se existe um input com o id `board-size`",
              "fullTitle": "10 - Faça o quadro de pixels ter seu tamanho definido pelo usuário. Verifica se existe um input com o id `board-size`",
              "timedOut": null,
              "duration": 4252,
              "state": "failed",
              "speed": null,
              "pass": false,
              "fail": true,
              "pending": false,
              "context": null,
              "code": "cy.get('#board-size').should('be.visible');",
              "err": {
                "message": "CypressError: Timed out retrying: Expected to find element: '#board-size', but never found it.",
[...]
                "diff": null
              },
              "uuid": "90fd6ee9-242a-473d-9ed9-7f0552db3630",
              "parentUUID": "eba72803-0183-4709-8616-66513e01433b",
              "isHook": false,
              "skipped": false
            },
            {
              "title": "Verifica se o novo quadro tem todos os pixels preenchidos com a cor branca",
              "fullTitle": "10 - Faça o quadro de pixels ter seu tamanho definido pelo usuário. Verifica se o novo quadro tem todos os pixels preenchidos com a cor branca",
              "timedOut": null,
              "duration": 4263,
              "state": "failed",
              "speed": null,
              "pass": false,
              "fail": true,
              "pending": false,
              "context": null,
              "code": "cy.get('#board-size').clear().type(6);\ncy.get('#generate-board').click();\ncy.get('.pixel').should('have.length', 36).each(function (pixel) {\n  expect(pixel).to.have.css('background-color', WHITE);\n});",
              "err": {
                "message": "CypressError: Timed out retrying: Expected to find element: '#board-size', but never found it.",
                "estack": "CypressError: Timed out retrying: Expected to find element: '#board-size', but never found it.\n    at cypressErr (http://localhost:35465/__cypress/runner/cypress_runner.js:149934:9)\n    at throwErr (http://localhost:35465/__cypress/runner/cypress_runner.js:149867:11)\n    at Object.throwErrByPath (http://localhost:35465/__cypress/runner/cypress_runner.js:149915:3)\n    at retry (http://localhost:35465/__cypress/runner/cypress_runner.js:144197:19)\n    at onFailFn (http://localhost:35465/__cypress/runner/cypress_runner.js:132448:16)\n    at tryCatcher (http://localhost:35465/__cypress/runner/cypress_runner.js:167415:23)\n    at Promise._settlePromiseFromHandler (http://localhost:35465/__cypress/runner/cypress_runner.js:165351:31)\n    at Promise._settlePromise (http://localhost:35465/__cypress/runner/cypress_runner.js:165408:18)\n    at Promise._settlePromise0 (http://localhost:35465/__cypress/runner/cypress_runner.js:165453:10)\n    at Promise._settlePromises (http://localhost:35465/__cypress/runner/cypress_runner.js:165528:18)\n    at Async../node_modules/bluebird/js/release/async.js.Async._drainQueue (http://localhost:35465/__cypress/runner/cypress_runner.js:162140:16)\n    at Async../node_modules/bluebird/js/release/async.js.Async._drainQueues (http://localhost:35465/__cypress/runner/cypress_runner.js:162150:10)\n    at Async.drainQueues (http://localhost:35465/__cypress/runner/cypress_runner.js:162024:14)",
                "diff": null
              },
              "uuid": "b3842ae3-b6f9-49be-a112-d65796ff0ac2",
              "parentUUID": "eba72803-0183-4709-8616-66513e01433b",
              "isHook": false,
              "skipped": false
            }
          ],
          "suites": [],
          "passes": [],
          "failures": [
            "ddb5bdd8-1be5-48e7-a2f8-6454c674d0ad",
            "e25b5162-ac0a-45f0-80cc-13412bdcba0c",
            "39371fe6-e11a-4b7e-a04d-496c032da6e3",
            "30bf7c3b-131e-4613-83c4-8f9037bbe910",
            "99a56dd3-4850-4065-97b4-a661fea2825d",
            "d544aefc-6f9d-4797-800a-06f9326fc8eb",
            "c7d51a0b-17bd-4c4b-8f82-e61704e489da",
            "90fd6ee9-242a-473d-9ed9-7f0552db3630",
            "b3842ae3-b6f9-49be-a112-d65796ff0ac2"
          ],
          "pending": [],
          "skipped": [],
          "duration": 38334,
          "root": false,
          "rootEmpty": false,
          "_timeout": 2000
        },
        {
          "uuid": "3c1269ea-44ed-4292-b54e-8a31bed936d0",
          "title": "11 - Limite o tamanho mínimo e máximo do board.",
          "fullFile": "",
          "file": "",
          "beforeHooks": [],
          "afterHooks": [],
          "tests": [
            {
              "title": "Verifica se a altura máxima do board é 50",
              "fullTitle": "11 - Limite o tamanho mínimo e máximo do board. Verifica se a altura máxima do board é 50",
              "timedOut": null,
              "duration": 4322,
              "state": "failed",
              "speed": null,
              "pass": false,
              "fail": true,
              "pending": false,
              "context": null,
              "code": "cy.get('#board-size').clear().type(50);\ncy.get('#generate-board').click();\ncy.get('.pixel').should('have.length', 2500);",
              "err": {
                "message": "CypressError: Timed out retrying: Expected to find element: '#board-size', but never found it.",
                "estack": "CypressError: Timed out retrying: Expected to find element: '#board-size', but never found it.\n    at cypressErr (http://localhost:35465/__cypress/runner/cypress_runner.js:149934:9)\n    at throwErr (http://localhost:35465/__cypress/runner/cypress_runner.js:149867:11)\n    at Object.throwErrByPath (http://localhost:35465/__cypress/runner/cypress_runner.js:149915:3)\n    at retry (http://localhost:35465/__cypress/runner/cypress_runner.js:144197:19)\n    at onFailFn (http://localhost:35465/__cypress/runner/cypress_runner.js:132448:16)\n    at tryCatcher (http://localhost:35465/__cypress/runner/cypress_runner.js:167415:23)\n    at Promise._settlePromiseFromHandler (http://localhost:35465/__cypress/runner/cypress_runner.js:165351:31)\n    at Promise._settlePromise (http://localhost:35465/__cypress/runner/cypress_runner.js:165408:18)\n    at Promise._settlePromise0 (http://localhost:35465/__cypress/runner/cypress_runner.js:165453:10)\n    at Promise._settlePromises (http://localhost:35465/__cypress/runner/cypress_runner.js:165528:18)\n    at Async../node_modules/bluebird/js/release/async.js.Async._drainQueue (http://localhost:35465/__cypress/runner/cypress_runner.js:162140:16)\n    at Async../node_modules/bluebird/js/release/async.js.Async._drainQueues (http://localhost:35465/__cypress/runner/cypress_runner.js:162150:10)\n    at Async.drainQueues (http://localhost:35465/__cypress/runner/cypress_runner.js:162024:14)",
                "diff": null
              },
              "uuid": "a8967c91-0c0c-44f7-ab04-b5cb81fe8a45",
              "parentUUID": "3c1269ea-44ed-4292-b54e-8a31bed936d0",
              "isHook": false,
              "skipped": false
            },
            {
              "title": "Verifica se a altura do board é 5 quando um valor menor é colocado no input",
              "fullTitle": "11 - Limite o tamanho mínimo e máximo do board. Verifica se a altura do board é 5 quando um valor menor é colocado no input",
              "timedOut": null,
              "duration": 4402,
              "state": "failed",
              "speed": null,
              "pass": false,
              "fail": true,
              "pending": false,
              "context": null,
              "code": "cy.get('#board-size').clear().type(4);\ncy.get('#generate-board').click();\ncy.get('.pixel').should('have.length', 25);",
              "err": {
                "message": "CypressError: Timed out retrying: Expected to find element: '#board-size', but never found it.",
                "estack": "CypressError: Timed out retrying: Expected to find element: '#board-size', but never found it.\n    at cypressErr (http://localhost:35465/__cypress/runner/cypress_runner.js:149934:9)\n    at throwErr (http://localhost:35465/__cypress/runner/cypress_runner.js:149867:11)\n    at Object.throwErrByPath (http://localhost:35465/__cypress/runner/cypress_runner.js:149915:3)\n    at retry (http://localhost:35465/__cypress/runner/cypress_runner.js:144197:19)\n    at onFailFn (http://localhost:35465/__cypress/runner/cypress_runner.js:132448:16)\n    at tryCatcher (http://localhost:35465/__cypress/runner/cypress_runner.js:167415:23)\n    at Promise._settlePromiseFromHandler (http://localhost:35465/__cypress/runner/cypress_runner.js:165351:31)\n    at Promise._settlePromise (http://localhost:35465/__cypress/runner/cypress_runner.js:165408:18)\n    at Promise._settlePromise0 (http://localhost:35465/__cypress/runner/cypress_runner.js:165453:10)\n    at Promise._settlePromises (http://localhost:35465/__cypress/runner/cypress_runner.js:165528:18)\n    at Async../node_modules/bluebird/js/release/async.js.Async._drainQueue (http://localhost:35465/__cypress/runner/cypress_runner.js:162140:16)\n    at Async../node_modules/bluebird/js/release/async.js.Async._drainQueues (http://localhost:35465/__cypress/runner/cypress_runner.js:162150:10)\n    at Async.drainQueues (http://localhost:35465/__cypress/runner/cypress_runner.js:162024:14)",
                "diff": null
              },
              "uuid": "8d86aadd-7d3c-443a-9191-e5eba796ca26",
              "parentUUID": "3c1269ea-44ed-4292-b54e-8a31bed936d0",
              "isHook": false,
              "skipped": false
            },
            {
              "title": "Verifica se a altura do board é 50 quando um valor maior é colocado no input",
              "fullTitle": "11 - Limite o tamanho mínimo e máximo do board. Verifica se a altura do board é 50 quando um valor maior é colocado no input",
              "timedOut": null,
              "duration": 4332,
              "state": "failed",
              "speed": null,
              "pass": false,
              "fail": true,
              "pending": false,
              "context": null,
              "code": "cy.get('#board-size').clear().type(51);\ncy.get('#generate-board').click();\ncy.get('.pixel').should('have.length', 2500);",
              "err": {
                "message": "CypressError: Timed out retrying: Expected to find element: '#board-size', but never found it.",
                "estack": "CypressError: Timed out retrying: Expected to find element: '#board-size', but never found it.\n    at cypressErr (http://localhost:35465/__cypress/runner/cypress_runner.js:149934:9)\n    at throwErr (http://localhost:35465/__cypress/runner/cypress_runner.js:149867:11)\n    at Object.throwErrByPath (http://localhost:35465/__cypress/runner/cypress_runner.js:149915:3)\n    at retry (http://localhost:35465/__cypress/runner/cypress_runner.js:144197:19)\n    at onFailFn (http://localhost:35465/__cypress/runner/cypress_runner.js:132448:16)\n    at tryCatcher (http://localhost:35465/__cypress/runner/cypress_runner.js:167415:23)\n    at Promise._settlePromiseFromHandler (http://localhost:35465/__cypress/runner/cypress_runner.js:165351:31)\n    at Promise._settlePromise (http://localhost:35465/__cypress/runner/cypress_runner.js:165408:18)\n    at Promise._settlePromise0 (http://localhost:35465/__cypress/runner/cypress_runner.js:165453:10)\n    at Promise._settlePromises (http://localhost:35465/__cypress/runner/cypress_runner.js:165528:18)\n    at Async../node_modules/bluebird/js/release/async.js.Async._drainQueue (http://localhost:35465/__cypress/runner/cypress_runner.js:162140:16)\n    at Async../node_modules/bluebird/js/release/async.js.Async._drainQueues (http://localhost:35465/__cypress/runner/cypress_runner.js:162150:10)\n    at Async.drainQueues (http://localhost:35465/__cypress/runner/cypress_runner.js:162024:14)",
                "diff": null
              },
              "uuid": "31bbae74-22a9-43af-ad48-819a2899f8ff",
              "parentUUID": "3c1269ea-44ed-4292-b54e-8a31bed936d0",
              "isHook": false,
              "skipped": false
            }
          ],
          "suites": [],
          "passes": [],
          "failures": [
            "a8967c91-0c0c-44f7-ab04-b5cb81fe8a45",
            "8d86aadd-7d3c-443a-9191-e5eba796ca26",
            "31bbae74-22a9-43af-ad48-819a2899f8ff"
          ],
          "pending": [],
          "skipped": [],
          "duration": 13056,
          "root": false,
          "rootEmpty": false,
          "_timeout": 2000
        },
        {
          "uuid": "e74fc114-18a3-40fe-b6b1-848a802a8c03",
          "title": "12 - Faça com que as cores da paleta sejam geradas aleatoriamente ao carregar a página.",
          "fullFile": "",
          "file": "",
          "beforeHooks": [],
          "afterHooks": [],
          "tests": [
            {
              "title": "Verifica se as cores geradas na paleta são diferentes a cada carregamento da página",
              "fullTitle": "12 - Faça com que as cores da paleta sejam geradas aleatoriamente ao carregar a página. Verifica se as cores geradas na paleta são diferentes a cada carregamento da página",
              "timedOut": null,
              "duration": 331,
              "state": "failed",
              "speed": null,
              "pass": false,
              "fail": true,
              "pending": false,
              "context": null,
              "code": "cy.get('.color').then(function (colors) {\n  var currentColors;\n  var previousColors;\n  previousColors = Array.from(colors).map(function (color) {\n    return Cypress.$(color).css('background-color');\n  });\n  for (var i = 0; i < 5; i += 1) {\n    cy.reload();\n    cy.get('.color').then(function (colors) {\n      currentColors = Array.from(colors).map(function (color) {\n        return Cypress.$(color).css('background-color');\n      });\n      expect(currentColors).not.to.deep.equal(previousColors);\n      previousColors = currentColors;\n    });\n  }\n});",
              "err": {
                "message": "AssertionError: expected [ Array(4) ] to not deeply equal [ Array(4) ]",
                "estack": "AssertionError: expected [ Array(4) ] to not deeply equal [ Array(4) ]\n    at getRet (http://localhost:35465/__cypress/runner/cypress_runner.js:136585:16)\n    at tryCatcher (http://localhost:35465/__cypress/runner/cypress_runner.js:167415:23)\n    at Function.Promise.attempt.Promise.try (http://localhost:35465/__cypress/runner/cypress_runner.js:164690:29)\n    at Context.thenFn (http://localhost:35465/__cypress/runner/cypress_runner.js:136599:23)\n    at Context.then (http://localhost:35465/__cypress/runner/cypress_runner.js:136971:21)\n    at Context.<anonymous> (http://localhost:35465/__cypress/runner/cypress_runner.js:148875:21)\n    at http://localhost:35465/__cypress/runner/cypress_runner.js:148351:33\n    at tryCatcher (http://localhost:35465/__cypress/runner/cypress_runner.js:167415:23)\n    at Promise._settlePromiseFromHandler (http://localhost:35465/__cypress/runner/cypress_runner.js:165351:31)\n    at Promise._settlePromise (http://localhost:35465/__cypress/runner/cypress_runner.js:165408:18)\n    at Promise._settlePromiseCtx (http://localhost:35465/__cypress/runner/cypress_runner.js:165445:10)\n    at Async../node_modules/bluebird/js/release/async.js.Async._drainQueue (http://localhost:35465/__cypress/runner/cypress_runner.js:162145:12)\n    at Async../node_modules/bluebird/js/release/async.js.Async._drainQueues (http://localhost:35465/__cypress/runner/cypress_runner.js:162150:10)\n    at Async.drainQueues (http://localhost:35465/__cypress/runner/cypress_runner.js:162024:14)",
                "diff": ""
              },
              "uuid": "7b6062b7-ec19-41b7-9ca5-a14a4e2fc276",
              "parentUUID": "e74fc114-18a3-40fe-b6b1-848a802a8c03",
              "isHook": false,
              "skipped": false
            },
            {
              "title": "Verifica se a cor preta ainda está presente e é a primeira na sua paleta de cores",
              "fullTitle": "12 - Faça com que as cores da paleta sejam geradas aleatoriamente ao carregar a página. Verifica se a cor preta ainda está presente e é a primeira na sua paleta de cores",
              "timedOut": null,
              "duration": 224,
              "state": "failed",
              "speed": null,
              "pass": false,
              "fail": true,
              "pending": false,
              "context": null,
              "code": "cy.get('.color').then(function (colors) {\n  var currentColors;\n  var previousColors;\n  previousColors = Array.from(colors).map(function (color) {\n    return Cypress.$(color).css('background-color');\n  });\n  expect(previousColors[0]).to.eq(BLACK);\n  for (var i = 0; i < 5; i += 1) {\n    cy.reload();\n    cy.get('.color').then(function (colors) {\n      currentColors = Array.from(colors).map(function (color) {\n        return Cypress.$(color).css('background-color');\n      });\n      expect(currentColors[0]).to.eq(BLACK);\n      expect(currentColors).not.to.deep.equal(previousColors);\n      previousColors = currentColors;\n    });\n  }\n});",
              "err": {
                "message": "AssertionError: expected 'rgba(0, 0, 0, 0)' to equal 'rgb(0, 0, 0)'",
                "estack": "AssertionError: expected 'rgba(0, 0, 0, 0)' to equal 'rgb(0, 0, 0)'\n    at getRet (http://localhost:35465/__cypress/runner/cypress_runner.js:136585:16)\n    at tryCatcher (http://localhost:35465/__cypress/runner/cypress_runner.js:167415:23)\n    at Function.Promise.attempt.Promise.try (http://localhost:35465/__cypress/runner/cypress_runner.js:164690:29)\n    at Context.thenFn (http://localhost:35465/__cypress/runner/cypress_runner.js:136599:23)\n    at Context.then (http://localhost:35465/__cypress/runner/cypress_runner.js:136971:21)\n    at Context.<anonymous> (http://localhost:35465/__cypress/runner/cypress_runner.js:148875:21)\n    at http://localhost:35465/__cypress/runner/cypress_runner.js:148351:33\n    at tryCatcher (http://localhost:35465/__cypress/runner/cypress_runner.js:167415:23)\n    at Promise._settlePromiseFromHandler (http://localhost:35465/__cypress/runner/cypress_runner.js:165351:31)\n    at Promise._settlePromise (http://localhost:35465/__cypress/runner/cypress_runner.js:165408:18)\n    at Promise._settlePromiseCtx (http://localhost:35465/__cypress/runner/cypress_runner.js:165445:10)\n    at Async../node_modules/bluebird/js/release/async.js.Async._drainQueue (http://localhost:35465/__cypress/runner/cypress_runner.js:162145:12)\n    at Async../node_modules/bluebird/js/release/async.js.Async._drainQueues (http://localhost:35465/__cypress/runner/cypress_runner.js:162150:10)\n    at Async.drainQueues (http://localhost:35465/__cypress/runner/cypress_runner.js:162024:14)",
                "diff": "- 'rgba(0, 0, 0, 0)'\n+ 'rgb(0, 0, 0)'\n"
              },
              "uuid": "11de6fde-4412-41f0-959b-cf0e9cfb07c8",
              "parentUUID": "e74fc114-18a3-40fe-b6b1-848a802a8c03",
              "isHook": false,
              "skipped": false
            }
          ],
          "suites": [],
          "passes": [],
          "failures": [
            "7b6062b7-ec19-41b7-9ca5-a14a4e2fc276",
            "11de6fde-4412-41f0-959b-cf0e9cfb07c8"
          ],
          "pending": [],
          "skipped": [],
          "duration": 555,
          "root": false,
          "rootEmpty": false,
          "_timeout": 2000
        }
      ],
      "passes": [],
      "failures": [],
      "pending": [],
      "skipped": [],
      "duration": 0,
      "root": true,
      "rootEmpty": true,
      "_timeout": 2000
    }
  ],
  "meta": {
    "mocha": {
      "version": "7.0.1"
    },
    "mochawesome": {
      "options": {
        "quiet": false,
        "reportFilename": "mochawesome",
        "saveHtml": false,
        "saveJson": true,
        "consoleReporter": "spec",
        "useInlineDiffs": false
      },
      "version": "4.1.0"
    },
    "marge": {
      "options": {
        "id": "default",
        "reportDir": "cypress/reports",
        "overwrite": true,
        "html": false,
        "json": true
      },
      "version": "4.1.0"
    }
  }
}